
          -------------------------------------------------------
          Amber 18 PMEMD                              2018
          -------------------------------------------------------

| PMEMD implementation of SANDER, Release 18

| Run on 06/20/2020 at 04:34:25

|   Executable path: /opt/software/Amber/18-foss-2018b-AmberTools-19/bin/pmemd.cuda
| Working directory: /mnt/gs18/scratch/users/songlin3/run/1264_optimization/acetate/two_steps_spce/step1/0.99078
|          Hostname: csn-024

  [-O]verwriting output

File Assignments:
|   MDIN: heat.in                                                               
|  MDOUT: heat.out                                                              
| INPCRD: min.rst                                                               
|   PARM: step1.prmtop                                                          
| RESTRT: heat.rst                                                              
|   REFC: min.rst                                                               
|  MDVEL: mdvel                                                                 
|   MDEN: mden                                                                  
|  MDCRD: heat.netcdf                                                           
| MDINFO: heat.mdinfo                                                           
|  MDFRC: mdfrc                                                                 


 Here is the input file:

nvt for free MD                                                                
 &cntrl                                                                        
  imin=0,                                                                      
  irest=0,                                                                     
  ntx=1,                                                                       
  ig=-1,                                                                       
  nstlim=100000,                                                               
  dt=0.002,                                                                    
  cut=10.0,                                                                    
  ntc=2,                                                                       
  ntf=2,                                                                       
  ntb=1,                                                                       
  ntt=3,                                                                       
  gamma_ln=2.0,                                                                
  tempi=0.0,                                                                   
  temp0=300.0,                                                                 
  ntpr=5000,                                                                   
  ntwr=5000,                                                                   
  ntwx=10000,                                                                  
  ntwv=0,                                                                      
  ioutfm=1,                                                                    
  iwrap=0,                                                                     
  nmropt=1,                                                                    
  ifsc = 0, icfe=1,                                                            
  clambda=0.99078,                                                             
  timask1=':1',                                                                
  timask2=':2', crgmask = ':2',                                                
/                                                                              
&wt TYPE='TEMP0', istep1=0, istep2=90000, value1=0.0, value2=300.0 /           
&wt TYPE='TEMP0', istep1=90001, istep2=100000, value1=300.0, value2=300.0 /    
&wt TYPE='DUMPFREQ', istep1=10000, /                                           
&wt TYPE='END', /                                                              


Note: ig = -1. Setting random seed to   905890 based on wallclock time in 
      microseconds.
| irandom = 1, using AMBER's internal random number generator (default).
 
|--------------------- INFORMATION ----------------------
| GPU (CUDA) Version of PMEMD in use: NVIDIA GPU IN USE.
|                    Version 18.0.0
| 
|                      03/25/2018
| 
| Implementation by:
|                    Ross C. Walker     (SDSC)
|                    Scott Le Grand     (nVIDIA)
| 
| Version 18 performance extensions by:
|                    David Cerutti     (Rutgers)
| 
| Precision model in use:
|      [SPFP] - Single Precision Forces, 64-bit Fixed Point
|               Accumulation. (Default)
| 
|--------------------------------------------------------
 
|----------------- CITATION INFORMATION -----------------
|
|    When publishing work that utilized the CUDA version
|    of AMBER, please cite the following in addition to
|    the regular AMBER citations:
|
|  - Romelia Salomon-Ferrer; Andreas W. Goetz; Duncan
|    Poole; Scott Le Grand; Ross C. Walker "Routine
|    microsecond molecular dynamics simulations with
|    AMBER - Part II: Particle Mesh Ewald", J. Chem.
|    Theory Comput., 2013, 9 (9), pp3878-3888,
|    DOI: 10.1021/ct400314y.
|
|  - Andreas W. Goetz; Mark J. Williamson; Dong Xu;
|    Duncan Poole; Scott Le Grand; Ross C. Walker
|    "Routine microsecond molecular dynamics simulations
|    with AMBER - Part I: Generalized Born", J. Chem.
|    Theory Comput., 2012, 8 (5), pp1542-1555.
|
|  - Scott Le Grand; Andreas W. Goetz; Ross C. Walker
|    "SPFP: Speed without compromise - a mixed precision
|    model for GPU accelerated molecular dynamics
|    simulations.", Comp. Phys. Comm., 2013, 184
|    pp374-380, DOI: 10.1016/j.cpc.2012.09.022
|
|    When publishing work that utilized the CUDA version
|    of TI, BAR, MBAR or FEP please cite the following 
|    three publications in addition to the regular AMBER 
|    GPU citations:
|
|  - Daniel J. Mermelstein; Charles Lin; Gard Nelson; 
|    Rachael Kretsch; J. Andrew McCammon; Ross C. Walker
|    "Fast and Flexible GPU Accelerated Binding 
|    Free Energy Calculations within the AMBER Molecular
|    Dynamics Package" J. Comp. Chem., 2018,
|    DOI: 10.1002/jcc.25187
|
|  - Tai-Sung Lee; Yuan Hu; Brad Sherborne; Zhuyan Guo;
|    Darrin M. York
|    "Toward Fast and Accurate Binding Affinity Prediction with
|    pmemdGTI: An Efficient Implementation of GPU-Accelerated
|    Thermodynamic Integration"
|    J. Chem. Theory Comput., 2017, 13 (7), 3077
|
|
|--------------------------------------------------------
 
|------------------- GPU DEVICE INFO --------------------
|
|            CUDA_VISIBLE_DEVICES: 0
|   CUDA Capable Devices Detected:      1
|           CUDA Device ID in use:      0
|                CUDA Device Name: Tesla K20m
|     CUDA Device Global Mem Size:   4743 MB
| CUDA Device Num Multiprocessors:     13
|           CUDA Device Core Freq:   0.71 GHz
|
|--------------------------------------------------------
 
 
| Conditional Compilation Defines Used:
| PUBFFT
| BINTRAJ
| CUDA
| EMIL

| Largest sphere to fit in unit cell has radius =    27.333

| New format PARM file being parsed.
| Version =    1.000 Date = 06/18/20 Time = 20:40:54

| Note: 1-4 EEL scale factors are being read from the topology file.

| Note: 1-4 VDW scale factors are being read from the topology file.
| Duplicated    0 dihedrals

| Duplicated    0 dihedrals

--------------------------------------------------------------------------------
   1.  RESOURCE   USE: 
--------------------------------------------------------------------------------

 getting box info from netcdf restart file
 NATOM  =   20852 NTYPES =       6 NBONH =   20844 MBONA  =       6
 NTHETH =      12 MTHETA =       6 NPHIH =      24 MPHIA  =       2
 NHPARM =       0 NPARM  =       0 NNB   =   27828 NRES   =    6948
 NBONA  =       6 NTHETA =       6 NPHIA =       2 NUMBND =       5
 NUMANG =       4 NPTRA  =       3 NATYP =       6 NPHB   =       1
 IFBOX  =       2 NMXRS  =       7 IFCAP =       0 NEXTRA =       0
 NCOPY  =       0

| Coordinate Index Table dimensions:    10   10   10
| Direct force subcell size =     6.6953    6.6953    6.6953

     BOX TYPE: TRUNCATED OCTAHEDRON

--------------------------------------------------------------------------------
   2.  CONTROL  DATA  FOR  THE  RUN
--------------------------------------------------------------------------------

default_name                                                                    

General flags:
     imin    =       0, nmropt  =       1

Nature and format of input:
     ntx     =       1, irest   =       0, ntrx    =       1

Nature and format of output:
     ntxo    =       2, ntpr    =    5000, ntrx    =       1, ntwr    =    5000
     iwrap   =       0, ntwx    =   10000, ntwv    =       0, ntwe    =       0
     ioutfm  =       1, ntwprt  =       0, idecomp =       0, rbornstat=      0

Potential function:
     ntf     =       2, ntb     =       1, igb     =       0, nsnb    =      25
     ipol    =       0, gbsa    =       0, iesp    =       0
     dielc   =   1.00000, cut     =  10.00000, intdiel =   1.00000

Frozen or restrained atoms:
     ibelly  =       0, ntr     =       0

Molecular dynamics:
     nstlim  =    100000, nscm    =      1000, nrespa  =         1
     t       =   0.00000, dt      =   0.00200, vlimit  =  -1.00000

Langevin dynamics temperature regulation:
     ig      =  905890
     temp0   = 300.00000, tempi   =   0.00000, gamma_ln=   2.00000

SHAKE:
     ntc     =       2, jfastw  =       0
     tol     =   0.00001

NMR refinement options:
     iscale  =       0, noeskp  =       1, ipnlty  =       1, mxsub   =       1
     scalm   = 100.00000, pencut  =   0.10000, tausw   =   0.10000

Free energy options:
     icfe    =       1, ifsc    =       0, klambda =       1
     clambda =  0.9908, scalpha =  0.5000, scbeta  = 12.0000
     sceeorder =       2
     dynlmb =  0.0000 logdvdl =       0

| Intermolecular bonds treatment:
|     no_intermolecular_bonds =       1

| Energy averages sample interval:
|     ene_avg_sampling =    5000

Ewald parameters:
     verbose =       0, ew_type =       0, nbflag  =       1, use_pme =       1
     vdwmeth =       1, eedmeth =       1, netfrc  =       1
     Box X =   66.953   Box Y =   66.953   Box Z =   66.953
     Alpha =  109.471   Beta  =  109.471   Gamma =  109.471
     NFFT1 =   64       NFFT2 =   64       NFFT3 =   64
     Cutoff=   10.000   Tol   =0.100E-04
     Ewald Coefficient =  0.27511
     Interpolation order =    4
     TI Mask 1 :1; matches      7 atoms
     TI Mask 2 :2; matches      7 atoms
     TI region 1:   20845 atoms
     TI region 2:   20845 atoms
Removing charge of      -0.8188 from atom       8
Removing charge of      -0.8188 from atom       9
Removing charge of       0.8054 from atom      10
Removing charge of      -0.1021 from atom      11
Removing charge of      -0.0219 from atom      12
Removing charge of      -0.0219 from atom      13
Removing charge of      -0.0219 from atom      14
Total charge of  -0.99999900 removed from       7 atoms
     Checking for mismatched coordinates.

--------------------------------------------------------------------------------
   3.  ATOMIC COORDINATES AND VELOCITIES
--------------------------------------------------------------------------------

default_name                                                                    
 begin time read from input coords =     0.000 ps



           Begin reading energy term weight changes/NMR restraints
 WEIGHT CHANGES:
 TEMP0         0  90000    0.000000  300.000000      0      0
 TEMP0     90001 100000  300.000000  300.000000      0      0
 DUMPFREQ  10000      0    0.000000    0.000000      0      0

 RESTRAINTS:
                          ** No restraint defined **

                  Done reading weight changes/NMR restraints


 
 Number of triangulated 3-point waters found:     6946

     Sum of charges for TI region  1 =  -1.00000662
     Assuming uniform neutralizing plasma


     Sum of charges for TI region  2 =  -0.00000762
     Forcing neutrality...

| Dynamic Memory, Types Used:
| Reals              915137
| Integers           793082

| Nonbonded Pairs Initial Allocation:     6307208

| GPU memory information (estimate):
| KB of GPU memory in use:         0
| KB of CPU memory in use:         0

--------------------------------------------------------------------------------
   4.  RESULTS
--------------------------------------------------------------------------------


| TI region  1


 NSTEP =        0   TIME(PS) =       0.000  TEMP(K) =     0.00  PRESS =     0.0
 Etot   =    -70946.0443  EKtot   =         0.0000  EPtot      =    -70946.0443
 BOND   =         0.0195  ANGLE   =         2.8003  DIHED      =         5.2200
 1-4 NB =         0.3027  1-4 EEL =         0.0963  VDWAALS    =      6478.7384
 EELEC  =    -77433.2215  EHBOND  =         0.0000  RESTRAINT  =         0.0000
 DV/DL  =         5.5516
 ------------------------------------------------------------------------------


| TI region  2


 NSTEP =        0   TIME(PS) =       0.000  TEMP(K) =     0.00  PRESS =     0.0
 Etot   =    -70946.0443  EKtot   =         0.0000  EPtot      =    -70946.0443
 BOND   =         0.0195  ANGLE   =         2.8003  DIHED      =         5.2200
 1-4 NB =         0.3027  1-4 EEL =         0.0963  VDWAALS    =      6478.7384
 EELEC  =    -77433.2215  EHBOND  =         0.0000  RESTRAINT  =         0.0000
 DV/DL  =         5.5516
 ------------------------------------------------------------------------------

 NMR restraints: Bond =    0.000   Angle =     0.000   Torsion =     0.000
===============================================================================

| TI region  1


 NSTEP =     5000   TIME(PS) =      10.000  TEMP(K) =    15.97  PRESS =     0.0
 Etot   =    -91368.3650  EKtot   =       661.5308  EPtot      =    -92029.8958
 BOND   =         0.0688  ANGLE   =         3.0616  DIHED      =         5.2199
 1-4 NB =         0.2618  1-4 EEL =         0.0959  VDWAALS    =     19026.6105
 EELEC  =   -111065.2144  EHBOND  =         0.0000  RESTRAINT  =         0.0000
 DV/DL  =        -3.1070
 ------------------------------------------------------------------------------


| TI region  2


 NSTEP =     5000   TIME(PS) =      10.000  TEMP(K) =    15.97  PRESS =     0.0
 Etot   =    -91368.3650  EKtot   =       661.5308  EPtot      =    -92029.8958
 BOND   =         0.0688  ANGLE   =         3.0616  DIHED      =         5.2199
 1-4 NB =         0.2618  1-4 EEL =         0.0959  VDWAALS    =     19026.6105
 EELEC  =   -111065.2144  EHBOND  =         0.0000  RESTRAINT  =         0.0000
 DV/DL  =        -3.1070
 ------------------------------------------------------------------------------

 NMR restraints: Bond =    0.000   Angle =     0.000   Torsion =     0.000
===============================================================================

| TI region  1


 NSTEP =    10000   TIME(PS) =      20.000  TEMP(K) =    32.50  PRESS =     0.0
 Etot   =    -90219.7656  EKtot   =      1346.5673  EPtot      =    -91566.3330
 BOND   =         0.0582  ANGLE   =         2.9768  DIHED      =         5.2195
 1-4 NB =         0.2686  1-4 EEL =         0.0958  VDWAALS    =     19128.3787
 EELEC  =   -110703.3305  EHBOND  =         0.0000  RESTRAINT  =         0.0000
 DV/DL  =         1.7398
 ------------------------------------------------------------------------------


| TI region  2


 NSTEP =    10000   TIME(PS) =      20.000  TEMP(K) =    32.50  PRESS =     0.0
 Etot   =    -90219.7656  EKtot   =      1346.5673  EPtot      =    -91566.3330
 BOND   =         0.0582  ANGLE   =         2.9768  DIHED      =         5.2195
 1-4 NB =         0.2686  1-4 EEL =         0.0958  VDWAALS    =     19128.3787
 EELEC  =   -110703.3305  EHBOND  =         0.0000  RESTRAINT  =         0.0000
 DV/DL  =         1.7398
 ------------------------------------------------------------------------------

 NMR restraints: Bond =    0.000   Angle =     0.000   Torsion =     0.000
===============================================================================

| TI region  1


 NSTEP =    15000   TIME(PS) =      30.000  TEMP(K) =    49.58  PRESS =     0.0
 Etot   =    -88973.8703  EKtot   =      2053.9443  EPtot      =    -91027.8145
 BOND   =         0.1258  ANGLE   =         3.1975  DIHED      =         5.2273
 1-4 NB =         0.4129  1-4 EEL =         0.0972  VDWAALS    =     19051.3876
 EELEC  =   -110088.2628  EHBOND  =         0.0000  RESTRAINT  =         0.0000
 DV/DL  =        -0.2850
 ------------------------------------------------------------------------------


| TI region  2


 NSTEP =    15000   TIME(PS) =      30.000  TEMP(K) =    49.58  PRESS =     0.0
 Etot   =    -88973.8703  EKtot   =      2053.9443  EPtot      =    -91027.8145
 BOND   =         0.1258  ANGLE   =         3.1975  DIHED      =         5.2273
 1-4 NB =         0.4129  1-4 EEL =         0.0972  VDWAALS    =     19051.3876
 EELEC  =   -110088.2628  EHBOND  =         0.0000  RESTRAINT  =         0.0000
 DV/DL  =        -0.2850
 ------------------------------------------------------------------------------

 NMR restraints: Bond =    0.000   Angle =     0.000   Torsion =     0.000
===============================================================================

| TI region  1


 NSTEP =    20000   TIME(PS) =      40.000  TEMP(K) =    66.03  PRESS =     0.0
 Etot   =    -87763.0908  EKtot   =      2735.4969  EPtot      =    -90498.5877
 BOND   =         0.4094  ANGLE   =         2.9334  DIHED      =         5.2250
 1-4 NB =         0.3543  1-4 EEL =         0.0965  VDWAALS    =     19152.7657
 EELEC  =   -109660.3721  EHBOND  =         0.0000  RESTRAINT  =         0.0000
 DV/DL  =         8.8998
 ------------------------------------------------------------------------------


| TI region  2


 NSTEP =    20000   TIME(PS) =      40.000  TEMP(K) =    66.03  PRESS =     0.0
 Etot   =    -87763.0908  EKtot   =      2735.4969  EPtot      =    -90498.5877
 BOND   =         0.4094  ANGLE   =         2.9334  DIHED      =         5.2250
 1-4 NB =         0.3543  1-4 EEL =         0.0965  VDWAALS    =     19152.7657
 EELEC  =   -109660.3721  EHBOND  =         0.0000  RESTRAINT  =         0.0000
 DV/DL  =         8.8998
 ------------------------------------------------------------------------------

 NMR restraints: Bond =    0.000   Angle =     0.000   Torsion =     0.000
===============================================================================

| TI region  1


 NSTEP =    25000   TIME(PS) =      50.000  TEMP(K) =    82.36  PRESS =     0.0
 Etot   =    -86679.6453  EKtot   =      3412.0732  EPtot      =    -90091.7184
 BOND   =         0.1965  ANGLE   =         3.4823  DIHED      =         5.2196
 1-4 NB =         0.3140  1-4 EEL =         0.0965  VDWAALS    =     19059.6727
 EELEC  =   -109160.7001  EHBOND  =         0.0000  RESTRAINT  =         0.0000
 DV/DL  =         3.8613
 ------------------------------------------------------------------------------


| TI region  2


 NSTEP =    25000   TIME(PS) =      50.000  TEMP(K) =    82.36  PRESS =     0.0
 Etot   =    -86679.6453  EKtot   =      3412.0732  EPtot      =    -90091.7184
 BOND   =         0.1965  ANGLE   =         3.4823  DIHED      =         5.2196
 1-4 NB =         0.3140  1-4 EEL =         0.0965  VDWAALS    =     19059.6727
 EELEC  =   -109160.7001  EHBOND  =         0.0000  RESTRAINT  =         0.0000
 DV/DL  =         3.8613
 ------------------------------------------------------------------------------

 NMR restraints: Bond =    0.000   Angle =     0.000   Torsion =     0.000
===============================================================================

| TI region  1


 NSTEP =    30000   TIME(PS) =      60.000  TEMP(K) =   101.17  PRESS =     0.0
 Etot   =    -85449.4130  EKtot   =      4191.2493  EPtot      =    -89640.6623
 BOND   =         0.1055  ANGLE   =         3.2282  DIHED      =         5.2181
 1-4 NB =         0.3581  1-4 EEL =         0.0971  VDWAALS    =     19112.6864
 EELEC  =   -108762.3558  EHBOND  =         0.0000  RESTRAINT  =         0.0000
 DV/DL  =        -3.6080
 ------------------------------------------------------------------------------


| TI region  2


 NSTEP =    30000   TIME(PS) =      60.000  TEMP(K) =   101.17  PRESS =     0.0
 Etot   =    -85449.4130  EKtot   =      4191.2493  EPtot      =    -89640.6623
 BOND   =         0.1055  ANGLE   =         3.2282  DIHED      =         5.2181
 1-4 NB =         0.3581  1-4 EEL =         0.0971  VDWAALS    =     19112.6864
 EELEC  =   -108762.3558  EHBOND  =         0.0000  RESTRAINT  =         0.0000
 DV/DL  =        -3.6080
 ------------------------------------------------------------------------------

 NMR restraints: Bond =    0.000   Angle =     0.000   Torsion =     0.000
===============================================================================

| TI region  1


 NSTEP =    35000   TIME(PS) =      70.000  TEMP(K) =   115.86  PRESS =     0.0
 Etot   =    -84264.4889  EKtot   =      4799.6818  EPtot      =    -89064.1707
 BOND   =         0.5088  ANGLE   =         3.4964  DIHED      =         5.2116
 1-4 NB =         0.2023  1-4 EEL =         0.0955  VDWAALS    =     18913.2156
 EELEC  =   -107986.9009  EHBOND  =         0.0000  RESTRAINT  =         0.0000
 DV/DL  =        11.6739
 ------------------------------------------------------------------------------


| TI region  2


 NSTEP =    35000   TIME(PS) =      70.000  TEMP(K) =   115.86  PRESS =     0.0
 Etot   =    -84264.4889  EKtot   =      4799.6818  EPtot      =    -89064.1707
 BOND   =         0.5088  ANGLE   =         3.4964  DIHED      =         5.2116
 1-4 NB =         0.2023  1-4 EEL =         0.0955  VDWAALS    =     18913.2156
 EELEC  =   -107986.9009  EHBOND  =         0.0000  RESTRAINT  =         0.0000
 DV/DL  =        11.6739
 ------------------------------------------------------------------------------

 NMR restraints: Bond =    0.000   Angle =     0.000   Torsion =     0.000
===============================================================================

| TI region  1


 NSTEP =    40000   TIME(PS) =      80.000  TEMP(K) =   133.07  PRESS =     0.0
 Etot   =    -82975.9008  EKtot   =      5512.7849  EPtot      =    -88488.6856
 BOND   =         0.1910  ANGLE   =         4.3357  DIHED      =         5.2266
 1-4 NB =         0.2339  1-4 EEL =         0.0964  VDWAALS    =     18869.7133
 EELEC  =   -107368.4826  EHBOND  =         0.0000  RESTRAINT  =         0.0000
 DV/DL  =        -1.1442
 ------------------------------------------------------------------------------


| TI region  2


 NSTEP =    40000   TIME(PS) =      80.000  TEMP(K) =   133.07  PRESS =     0.0
 Etot   =    -82975.9008  EKtot   =      5512.7849  EPtot      =    -88488.6856
 BOND   =         0.1910  ANGLE   =         4.3357  DIHED      =         5.2266
 1-4 NB =         0.2339  1-4 EEL =         0.0964  VDWAALS    =     18869.7133
 EELEC  =   -107368.4826  EHBOND  =         0.0000  RESTRAINT  =         0.0000
 DV/DL  =        -1.1442
 ------------------------------------------------------------------------------

 NMR restraints: Bond =    0.000   Angle =     0.000   Torsion =     0.000
===============================================================================

| TI region  1


 NSTEP =    45000   TIME(PS) =      90.000  TEMP(K) =   149.00  PRESS =     0.0
 Etot   =    -81809.9862  EKtot   =      6172.4595  EPtot      =    -87982.4458
 BOND   =         0.3248  ANGLE   =         5.0605  DIHED      =         5.3306
 1-4 NB =         0.2304  1-4 EEL =         0.0959  VDWAALS    =     18437.1001
 EELEC  =   -106430.5881  EHBOND  =         0.0000  RESTRAINT  =         0.0000
 DV/DL  =         1.6992
 ------------------------------------------------------------------------------


| TI region  2


 NSTEP =    45000   TIME(PS) =      90.000  TEMP(K) =   149.00  PRESS =     0.0
 Etot   =    -81809.9862  EKtot   =      6172.4595  EPtot      =    -87982.4458
 BOND   =         0.3248  ANGLE   =         5.0605  DIHED      =         5.3306
 1-4 NB =         0.2304  1-4 EEL =         0.0959  VDWAALS    =     18437.1001
 EELEC  =   -106430.5881  EHBOND  =         0.0000  RESTRAINT  =         0.0000
 DV/DL  =         1.6992
 ------------------------------------------------------------------------------

 NMR restraints: Bond =    0.000   Angle =     0.000   Torsion =     0.000
===============================================================================

| TI region  1


 NSTEP =    50000   TIME(PS) =     100.000  TEMP(K) =   165.62  PRESS =     0.0
 Etot   =    -80443.0173  EKtot   =      6861.2745  EPtot      =    -87304.2918
 BOND   =         0.8199  ANGLE   =         5.5918  DIHED      =         5.2786
 1-4 NB =         0.3549  1-4 EEL =         0.0965  VDWAALS    =     18394.0190
 EELEC  =   -105710.4525  EHBOND  =         0.0000  RESTRAINT  =         0.0000
 DV/DL  =         4.9694
 ------------------------------------------------------------------------------


| TI region  2


 NSTEP =    50000   TIME(PS) =     100.000  TEMP(K) =   165.62  PRESS =     0.0
 Etot   =    -80443.0173  EKtot   =      6861.2745  EPtot      =    -87304.2918
 BOND   =         0.8199  ANGLE   =         5.5918  DIHED      =         5.2786
 1-4 NB =         0.3549  1-4 EEL =         0.0965  VDWAALS    =     18394.0190
 EELEC  =   -105710.4525  EHBOND  =         0.0000  RESTRAINT  =         0.0000
 DV/DL  =         4.9694
 ------------------------------------------------------------------------------

 NMR restraints: Bond =    0.000   Angle =     0.000   Torsion =     0.000
===============================================================================

| TI region  1


 NSTEP =    55000   TIME(PS) =     110.000  TEMP(K) =   181.90  PRESS =     0.0
 Etot   =    -79172.8350  EKtot   =      7535.6852  EPtot      =    -86708.5202
 BOND   =         0.3460  ANGLE   =         3.6360  DIHED      =         5.2355
 1-4 NB =         0.2109  1-4 EEL =         0.0960  VDWAALS    =     18189.7735
 EELEC  =   -104907.8180  EHBOND  =         0.0000  RESTRAINT  =         0.0000
 DV/DL  =         8.7611
 ------------------------------------------------------------------------------


| TI region  2


 NSTEP =    55000   TIME(PS) =     110.000  TEMP(K) =   181.90  PRESS =     0.0
 Etot   =    -79172.8350  EKtot   =      7535.6852  EPtot      =    -86708.5202
 BOND   =         0.3460  ANGLE   =         3.6360  DIHED      =         5.2355
 1-4 NB =         0.2109  1-4 EEL =         0.0960  VDWAALS    =     18189.7735
 EELEC  =   -104907.8180  EHBOND  =         0.0000  RESTRAINT  =         0.0000
 DV/DL  =         8.7611
 ------------------------------------------------------------------------------

 NMR restraints: Bond =    0.000   Angle =     0.000   Torsion =     0.000
===============================================================================

| TI region  1


 NSTEP =    60000   TIME(PS) =     120.000  TEMP(K) =   201.31  PRESS =     0.0
 Etot   =    -77493.5439  EKtot   =      8339.4769  EPtot      =    -85833.0208
 BOND   =         0.3118  ANGLE   =         4.6803  DIHED      =         5.3311
 1-4 NB =         0.3043  1-4 EEL =         0.0965  VDWAALS    =     18068.7693
 EELEC  =   -103912.5141  EHBOND  =         0.0000  RESTRAINT  =         0.0000
 DV/DL  =        -0.5144
 ------------------------------------------------------------------------------


| TI region  2


 NSTEP =    60000   TIME(PS) =     120.000  TEMP(K) =   201.31  PRESS =     0.0
 Etot   =    -77493.5439  EKtot   =      8339.4769  EPtot      =    -85833.0208
 BOND   =         0.3118  ANGLE   =         4.6803  DIHED      =         5.3311
 1-4 NB =         0.3043  1-4 EEL =         0.0965  VDWAALS    =     18068.7693
 EELEC  =   -103912.5141  EHBOND  =         0.0000  RESTRAINT  =         0.0000
 DV/DL  =        -0.5144
 ------------------------------------------------------------------------------

 NMR restraints: Bond =    0.000   Angle =     0.000   Torsion =     0.000
===============================================================================

| TI region  1


 NSTEP =    65000   TIME(PS) =     130.000  TEMP(K) =   218.13  PRESS =     0.0
 Etot   =    -76018.6176  EKtot   =      9036.4016  EPtot      =    -85055.0192
 BOND   =         0.6144  ANGLE   =         3.9576  DIHED      =         5.2660
 1-4 NB =         0.4629  1-4 EEL =         0.0967  VDWAALS    =     17593.2450
 EELEC  =   -102658.6619  EHBOND  =         0.0000  RESTRAINT  =         0.0000
 DV/DL  =         1.0467
 ------------------------------------------------------------------------------


| TI region  2


 NSTEP =    65000   TIME(PS) =     130.000  TEMP(K) =   218.13  PRESS =     0.0
 Etot   =    -76018.6176  EKtot   =      9036.4016  EPtot      =    -85055.0192
 BOND   =         0.6144  ANGLE   =         3.9576  DIHED      =         5.2660
 1-4 NB =         0.4629  1-4 EEL =         0.0967  VDWAALS    =     17593.2450
 EELEC  =   -102658.6619  EHBOND  =         0.0000  RESTRAINT  =         0.0000
 DV/DL  =         1.0467
 ------------------------------------------------------------------------------

 NMR restraints: Bond =    0.000   Angle =     0.000   Torsion =     0.000
===============================================================================

| TI region  1


 NSTEP =    70000   TIME(PS) =     140.000  TEMP(K) =   233.17  PRESS =     0.0
 Etot   =    -74413.8230  EKtot   =      9659.5023  EPtot      =    -84073.3253
 BOND   =         0.1306  ANGLE   =         4.9586  DIHED      =         5.2882
 1-4 NB =         0.1649  1-4 EEL =         0.0956  VDWAALS    =     17522.6019
 EELEC  =   -101606.5650  EHBOND  =         0.0000  RESTRAINT  =         0.0000
 DV/DL  =        -1.4388
 ------------------------------------------------------------------------------


| TI region  2


 NSTEP =    70000   TIME(PS) =     140.000  TEMP(K) =   233.17  PRESS =     0.0
 Etot   =    -74413.8230  EKtot   =      9659.5023  EPtot      =    -84073.3253
 BOND   =         0.1306  ANGLE   =         4.9586  DIHED      =         5.2882
 1-4 NB =         0.1649  1-4 EEL =         0.0956  VDWAALS    =     17522.6019
 EELEC  =   -101606.5650  EHBOND  =         0.0000  RESTRAINT  =         0.0000
 DV/DL  =        -1.4388
 ------------------------------------------------------------------------------

 NMR restraints: Bond =    0.000   Angle =     0.000   Torsion =     0.000
===============================================================================

| TI region  1


 NSTEP =    75000   TIME(PS) =     150.000  TEMP(K) =   247.78  PRESS =     0.0
 Etot   =    -72581.6960  EKtot   =     10264.9790  EPtot      =    -82846.6751
 BOND   =         0.0859  ANGLE   =         3.9317  DIHED      =         5.2229
 1-4 NB =         0.3481  1-4 EEL =         0.0963  VDWAALS    =     16607.5108
 EELEC  =    -99463.8708  EHBOND  =         0.0000  RESTRAINT  =         0.0000
 DV/DL  =         5.5699
 ------------------------------------------------------------------------------


| TI region  2


 NSTEP =    75000   TIME(PS) =     150.000  TEMP(K) =   247.78  PRESS =     0.0
 Etot   =    -72581.6960  EKtot   =     10264.9790  EPtot      =    -82846.6751
 BOND   =         0.0859  ANGLE   =         3.9317  DIHED      =         5.2229
 1-4 NB =         0.3481  1-4 EEL =         0.0963  VDWAALS    =     16607.5108
 EELEC  =    -99463.8708  EHBOND  =         0.0000  RESTRAINT  =         0.0000
 DV/DL  =         5.5699
 ------------------------------------------------------------------------------

 NMR restraints: Bond =    0.000   Angle =     0.000   Torsion =     0.000
===============================================================================

| TI region  1


 NSTEP =    80000   TIME(PS) =     160.000  TEMP(K) =   264.18  PRESS =     0.0
 Etot   =    -69695.7755  EKtot   =     10944.1220  EPtot      =    -80639.8975
 BOND   =         0.3875  ANGLE   =         4.6905  DIHED      =         5.2282
 1-4 NB =         0.4226  1-4 EEL =         0.0973  VDWAALS    =     15634.4719
 EELEC  =    -96285.1956  EHBOND  =         0.0000  RESTRAINT  =         0.0000
 DV/DL  =        -6.1984
 ------------------------------------------------------------------------------


| TI region  2


 NSTEP =    80000   TIME(PS) =     160.000  TEMP(K) =   264.18  PRESS =     0.0
 Etot   =    -69695.7755  EKtot   =     10944.1220  EPtot      =    -80639.8975
 BOND   =         0.3875  ANGLE   =         4.6905  DIHED      =         5.2282
 1-4 NB =         0.4226  1-4 EEL =         0.0973  VDWAALS    =     15634.4719
 EELEC  =    -96285.1956  EHBOND  =         0.0000  RESTRAINT  =         0.0000
 DV/DL  =        -6.1984
 ------------------------------------------------------------------------------

 NMR restraints: Bond =    0.000   Angle =     0.000   Torsion =     0.000
===============================================================================

| TI region  1


 NSTEP =    85000   TIME(PS) =     170.000  TEMP(K) =   279.59  PRESS =     0.0
 Etot   =    -66835.9399  EKtot   =     11582.7034  EPtot      =    -78418.6433
 BOND   =         0.2775  ANGLE   =         5.0498  DIHED      =         5.2502
 1-4 NB =         0.3395  1-4 EEL =         0.0958  VDWAALS    =     14856.8903
 EELEC  =    -93286.5464  EHBOND  =         0.0000  RESTRAINT  =         0.0000
 DV/DL  =        13.3843
 ------------------------------------------------------------------------------


| TI region  2


 NSTEP =    85000   TIME(PS) =     170.000  TEMP(K) =   279.59  PRESS =     0.0
 Etot   =    -66835.9399  EKtot   =     11582.7034  EPtot      =    -78418.6433
 BOND   =         0.2775  ANGLE   =         5.0498  DIHED      =         5.2502
 1-4 NB =         0.3395  1-4 EEL =         0.0958  VDWAALS    =     14856.8903
 EELEC  =    -93286.5464  EHBOND  =         0.0000  RESTRAINT  =         0.0000
 DV/DL  =        13.3843
 ------------------------------------------------------------------------------

 NMR restraints: Bond =    0.000   Angle =     0.000   Torsion =     0.000
===============================================================================

| TI region  1


 NSTEP =    90000   TIME(PS) =     180.000  TEMP(K) =   294.92  PRESS =     0.0
 Etot   =    -64246.1827  EKtot   =     12217.7441  EPtot      =    -76463.9268
 BOND   =         1.6868  ANGLE   =         5.8327  DIHED      =         5.2529
 1-4 NB =         0.5510  1-4 EEL =         0.0972  VDWAALS    =     13872.8886
 EELEC  =    -90350.2359  EHBOND  =         0.0000  RESTRAINT  =         0.0000
 DV/DL  =        -4.7282
 ------------------------------------------------------------------------------


| TI region  2


 NSTEP =    90000   TIME(PS) =     180.000  TEMP(K) =   294.92  PRESS =     0.0
 Etot   =    -64246.1827  EKtot   =     12217.7441  EPtot      =    -76463.9268
 BOND   =         1.6868  ANGLE   =         5.8327  DIHED      =         5.2529
 1-4 NB =         0.5510  1-4 EEL =         0.0972  VDWAALS    =     13872.8886
 EELEC  =    -90350.2359  EHBOND  =         0.0000  RESTRAINT  =         0.0000
 DV/DL  =        -4.7282
 ------------------------------------------------------------------------------

 NMR restraints: Bond =    0.000   Angle =     0.000   Torsion =     0.000
===============================================================================

| TI region  1


 NSTEP =    95000   TIME(PS) =     190.000  TEMP(K) =   300.15  PRESS =     0.0
 Etot   =    -63684.1640  EKtot   =     12434.1076  EPtot      =    -76118.2716
 BOND   =         0.7241  ANGLE   =         4.9501  DIHED      =         5.2351
 1-4 NB =         0.2423  1-4 EEL =         0.0962  VDWAALS    =     14119.8956
 EELEC  =    -90249.4150  EHBOND  =         0.0000  RESTRAINT  =         0.0000
 DV/DL  =         6.3071
 ------------------------------------------------------------------------------


| TI region  2


 NSTEP =    95000   TIME(PS) =     190.000  TEMP(K) =   300.15  PRESS =     0.0
 Etot   =    -63684.1640  EKtot   =     12434.1076  EPtot      =    -76118.2716
 BOND   =         0.7241  ANGLE   =         4.9501  DIHED      =         5.2351
 1-4 NB =         0.2423  1-4 EEL =         0.0962  VDWAALS    =     14119.8956
 EELEC  =    -90249.4150  EHBOND  =         0.0000  RESTRAINT  =         0.0000
 DV/DL  =         6.3071
 ------------------------------------------------------------------------------

 NMR restraints: Bond =    0.000   Angle =     0.000   Torsion =     0.000
===============================================================================

| TI region  1


 NSTEP =   100000   TIME(PS) =     200.000  TEMP(K) =   298.45  PRESS =     0.0
 Etot   =    -63791.1968  EKtot   =     12363.7362  EPtot      =    -76154.9330
 BOND   =         0.0872  ANGLE   =         5.7607  DIHED      =         5.2250
 1-4 NB =         0.5431  1-4 EEL =         0.0971  VDWAALS    =     13982.4304
 EELEC  =    -90149.0765  EHBOND  =         0.0000  RESTRAINT  =         0.0000
 DV/DL  =        -1.0933
 ------------------------------------------------------------------------------


| TI region  2


 NSTEP =   100000   TIME(PS) =     200.000  TEMP(K) =   298.45  PRESS =     0.0
 Etot   =    -63791.1968  EKtot   =     12363.7362  EPtot      =    -76154.9330
 BOND   =         0.0872  ANGLE   =         5.7607  DIHED      =         5.2250
 1-4 NB =         0.5431  1-4 EEL =         0.0971  VDWAALS    =     13982.4304
 EELEC  =    -90149.0765  EHBOND  =         0.0000  RESTRAINT  =         0.0000
 DV/DL  =        -1.0933
 ------------------------------------------------------------------------------

 NMR restraints: Bond =    0.000   Angle =     0.000   Torsion =     0.000
===============================================================================

| TI region  1


      A V E R A G E S   O V E R      20 S T E P S


 NSTEP =   100000   TIME(PS) =     200.000  TEMP(K) =   171.54  PRESS =     0.0
 Etot   =    -78394.0659  EKtot   =      7106.2760  EPtot      =    -85500.3419
 BOND   =         0.3730  ANGLE   =         4.2406  DIHED      =         5.2456
 1-4 NB =         0.3290  1-4 EEL =         0.0964  VDWAALS    =     17479.7013
 EELEC  =   -102990.3279  EHBOND  =         0.0000  RESTRAINT  =         0.0000
 DV/DL  =         2.2897
 ------------------------------------------------------------------------------

 NMR restraints: Bond =    0.000   Angle =     0.000   Torsion =     0.000
===============================================================================

      R M S  F L U C T U A T I O N S


 NSTEP =   100000   TIME(PS) =     200.000  TEMP(K) =    91.78  PRESS =     0.0
 Etot   =      8925.7082  EKtot   =      3802.1249  EPtot      =      5224.3371
 BOND   =         0.3711  ANGLE   =         0.9461  DIHED      =         0.0350
 1-4 NB =         0.1058  1-4 EEL =         0.0006  VDWAALS    =      1867.1101
 EELEC  =      7069.0636  EHBOND  =         0.0000  RESTRAINT  =         0.0000
 DV/DL  =         5.3493
 ------------------------------------------------------------------------------


| TI region  2


      A V E R A G E S   O V E R      20 S T E P S


 NSTEP =   100000   TIME(PS) =     200.000  TEMP(K) =   171.54  PRESS =     0.0
 Etot   =    -78394.0659  EKtot   =      7106.2760  EPtot      =    -85500.3419
 BOND   =         0.3730  ANGLE   =         4.2406  DIHED      =         5.2456
 1-4 NB =         0.3290  1-4 EEL =         0.0964  VDWAALS    =     17479.7013
 EELEC  =   -102990.3279  EHBOND  =         0.0000  RESTRAINT  =         0.0000
 DV/DL  =         2.2897
 ------------------------------------------------------------------------------

 NMR restraints: Bond =    0.000   Angle =     0.000   Torsion =     0.000
===============================================================================

      R M S  F L U C T U A T I O N S


 NSTEP =   100000   TIME(PS) =     200.000  TEMP(K) =    91.78  PRESS =     0.0
 Etot   =      8925.7082  EKtot   =      3802.1249  EPtot      =      5224.3371
 BOND   =         0.3711  ANGLE   =         0.9461  DIHED      =         0.0350
 1-4 NB =         0.1058  1-4 EEL =         0.0006  VDWAALS    =      1867.1101
 EELEC  =      7069.0636  EHBOND  =         0.0000  RESTRAINT  =         0.0000
 DV/DL  =         5.3493
 ------------------------------------------------------------------------------


      DV/DL, AVERAGES OVER      20 STEPS


 NSTEP =   100000   TIME(PS) =     200.000  TEMP(K) =    91.78  PRESS =     0.0
 Etot   =         0.0000  EKtot   =         0.0000  EPtot      =         2.2897
 BOND   =         0.0000  ANGLE   =         0.0000  DIHED      =         0.0000
 1-4 NB =         0.0000  1-4 EEL =       -10.4557  VDWAALS    =         0.0000
 EELEC  =        12.7454  EHBOND  =         0.0000  RESTRAINT  =         0.0000
 DV/DL  =         2.2897
 ------------------------------------------------------------------------------


 NMR restraints on final step:

--------------------------------------------------------------------------------
   5.  TIMINGS
--------------------------------------------------------------------------------

|  NonSetup CPU Time in Major Routines:
|
|     Routine           Sec        %
|     ------------------------------
|     Nonbond          85.37   29.84
|     Bond              0.00    0.00
|     Angle             0.00    0.00
|     Dihedral          0.00    0.00
|     Shake             1.17    0.41
|     RunMD           199.19   69.64
|     Other             0.31    0.11
|     ------------------------------
|     Total           286.05

|  PME Nonbond Pairlist CPU Time:
|
|     Routine              Sec        %
|     ---------------------------------
|     Set Up Cit           0.00    0.00
|     Build List           0.00    0.00
|     ---------------------------------
|     Total                0.00    0.00

|  PME Direct Force CPU Time:
|
|     Routine              Sec        %
|     ---------------------------------
|     NonBonded Calc       0.00    0.00
|     Exclude Masked       0.00    0.00
|     Other                0.21    0.07
|     ---------------------------------
|     Total                0.21    0.07

|  PME Reciprocal Force CPU Time:
|
|     Routine              Sec        %
|     ---------------------------------
|     1D bspline           0.00    0.00
|     Grid Charges         0.00    0.00
|     Scalar Sum           0.00    0.00
|     Gradient Sum         0.00    0.00
|     FFT                  0.00    0.00
|     ---------------------------------
|     Total                0.00    0.00

|  Final Performance Info:
|     -----------------------------------------------------
|     Average timings for last       1 steps:
|     Elapsed(s) =       0.00 Per Step(ms) =       1.01
|         ns/day =     171.09   seconds/ns =     505.00
|
|     Average timings for all steps:
|     Elapsed(s) =     286.25 Per Step(ms) =       2.86
|         ns/day =      60.37   seconds/ns =    1431.23
|     -----------------------------------------------------

|  Setup CPU time:            0.50 seconds
|  NonSetup CPU time:       286.05 seconds
|  Total CPU time:          286.55 seconds     0.08 hours

|  Setup wall time:           0    seconds
|  NonSetup wall time:      287    seconds
|  Total wall time:         287    seconds     0.08 hours
