
          -------------------------------------------------------
          Amber 18 PMEMD                              2018
          -------------------------------------------------------

| PMEMD implementation of SANDER, Release 18

| Run on 06/12/2020 at 12:18:40

|   Executable path: /opt/software/Amber/18-foss-2018b-AmberTools-19/bin/pmemd.cuda
| Working directory: /mnt/gs18/scratch/users/songlin3/run/1264_optimization/acetate/spce_SPC/0.43738
|          Hostname: lac-349

  [-O]verwriting output

File Assignments:
|   MDIN: heat.in                                                               
|  MDOUT: heat.out                                                              
| INPCRD: min.rst                                                               
|   PARM: step1.prmtop                                                          
| RESTRT: heat.rst                                                              
|   REFC: min.rst                                                               
|  MDVEL: mdvel                                                                 
|   MDEN: mden                                                                  
|  MDCRD: heat.netcdf                                                           
| MDINFO: heat.mdinfo                                                           
|  MDFRC: mdfrc                                                                 


 Here is the input file:

nvt for free MD                                                                
 &cntrl                                                                        
  imin=0,                                                                      
  irest=0,                                                                     
  ntx=1,                                                                       
  ig=-1,                                                                       
  nstlim=200000,                                                               
  dt=0.001,                                                                    
  cut=10.0,                                                                    
  ntc=1,                                                                       
  ntf=1,                                                                       
  ntb=1,                                                                       
  ntt=3,                                                                       
  gamma_ln=2.0,                                                                
  tempi=0.0,                                                                   
  temp0=300.0,                                                                 
  ntpr=5000,                                                                   
  ntwr=5000,                                                                   
  ntwx=10000,                                                                  
  ntwv=0,                                                                      
  ioutfm=1,                                                                    
  iwrap=0,                                                                     
  nmropt=1,                                                                    
  ifsc = 1, icfe=1,                                                            
  clambda=0.43738,                                                             
  timask1=':1', scmask1=':1', scmask2='',                                      
  timask2='',                                                                  
/                                                                              
&wt TYPE='TEMP0', istep1=0, istep2=190000, value1=0.0, value2=300.0 /          
&wt TYPE='TEMP0', istep1=190001, istep2=200000, value1=300.0, value2=300.0 /   
&wt TYPE='DUMPFREQ', istep1=10000, /                                           
&wt TYPE='END', /                                                              


Note: ig = -1. Setting random seed to   841890 based on wallclock time in 
      microseconds.
| irandom = 1, using AMBER's internal random number generator (default).
 
|--------------------- INFORMATION ----------------------
| GPU (CUDA) Version of PMEMD in use: NVIDIA GPU IN USE.
|                    Version 18.0.0
| 
|                      03/25/2018
| 
| Implementation by:
|                    Ross C. Walker     (SDSC)
|                    Scott Le Grand     (nVIDIA)
| 
| Version 18 performance extensions by:
|                    David Cerutti     (Rutgers)
| 
| Precision model in use:
|      [SPFP] - Single Precision Forces, 64-bit Fixed Point
|               Accumulation. (Default)
| 
|--------------------------------------------------------
 
|----------------- CITATION INFORMATION -----------------
|
|    When publishing work that utilized the CUDA version
|    of AMBER, please cite the following in addition to
|    the regular AMBER citations:
|
|  - Romelia Salomon-Ferrer; Andreas W. Goetz; Duncan
|    Poole; Scott Le Grand; Ross C. Walker "Routine
|    microsecond molecular dynamics simulations with
|    AMBER - Part II: Particle Mesh Ewald", J. Chem.
|    Theory Comput., 2013, 9 (9), pp3878-3888,
|    DOI: 10.1021/ct400314y.
|
|  - Andreas W. Goetz; Mark J. Williamson; Dong Xu;
|    Duncan Poole; Scott Le Grand; Ross C. Walker
|    "Routine microsecond molecular dynamics simulations
|    with AMBER - Part I: Generalized Born", J. Chem.
|    Theory Comput., 2012, 8 (5), pp1542-1555.
|
|  - Scott Le Grand; Andreas W. Goetz; Ross C. Walker
|    "SPFP: Speed without compromise - a mixed precision
|    model for GPU accelerated molecular dynamics
|    simulations.", Comp. Phys. Comm., 2013, 184
|    pp374-380, DOI: 10.1016/j.cpc.2012.09.022
|
|    When publishing work that utilized the CUDA version
|    of TI, BAR, MBAR or FEP please cite the following 
|    three publications in addition to the regular AMBER 
|    GPU citations:
|
|  - Daniel J. Mermelstein; Charles Lin; Gard Nelson; 
|    Rachael Kretsch; J. Andrew McCammon; Ross C. Walker
|    "Fast and Flexible GPU Accelerated Binding 
|    Free Energy Calculations within the AMBER Molecular
|    Dynamics Package" J. Comp. Chem., 2018,
|    DOI: 10.1002/jcc.25187
|
|  - Tai-Sung Lee; Yuan Hu; Brad Sherborne; Zhuyan Guo;
|    Darrin M. York
|    "Toward Fast and Accurate Binding Affinity Prediction with
|    pmemdGTI: An Efficient Implementation of GPU-Accelerated
|    Thermodynamic Integration"
|    J. Chem. Theory Comput., 2017, 13 (7), 3077
|
|
|--------------------------------------------------------
 
|------------------- GPU DEVICE INFO --------------------
|
|            CUDA_VISIBLE_DEVICES: 0
|   CUDA Capable Devices Detected:      1
|           CUDA Device ID in use:      0
|                CUDA Device Name: Tesla K80
|     CUDA Device Global Mem Size:  12206 MB
| CUDA Device Num Multiprocessors:     13
|           CUDA Device Core Freq:   0.82 GHz
|
|--------------------------------------------------------
 
 
| Conditional Compilation Defines Used:
| PUBFFT
| BINTRAJ
| CUDA
| EMIL

| Largest sphere to fit in unit cell has radius =    27.333

| New format PARM file being parsed.
| Version =    1.000 Date = 06/12/20 Time = 12:17:28

| Note: 1-4 EEL scale factors are being read from the topology file.

| Note: 1-4 VDW scale factors are being read from the topology file.
| Duplicated    0 dihedrals

| Duplicated    0 dihedrals

--------------------------------------------------------------------------------
   1.  RESOURCE   USE: 
--------------------------------------------------------------------------------

 getting box info from netcdf restart file
 NATOM  =   20845 NTYPES =       6 NBONH =   20841 MBONA  =       3
 NTHETH =       6 MTHETA =       3 NPHIH =      12 MPHIA  =       1
 NHPARM =       0 NPARM  =       0 NNB   =   27806 NRES   =    6947
 NBONA  =       3 NTHETA =       3 NPHIA =       1 NUMBND =       5
 NUMANG =       4 NPTRA  =       3 NATYP =       6 NPHB   =       1
 IFBOX  =       2 NMXRS  =       7 IFCAP =       0 NEXTRA =       0
 NCOPY  =       0

| Coordinate Index Table dimensions:    10   10   10
| Direct force subcell size =     6.6953    6.6953    6.6953

     BOX TYPE: TRUNCATED OCTAHEDRON

--------------------------------------------------------------------------------
   2.  CONTROL  DATA  FOR  THE  RUN
--------------------------------------------------------------------------------

default_name                                                                    

General flags:
     imin    =       0, nmropt  =       1

Nature and format of input:
     ntx     =       1, irest   =       0, ntrx    =       1

Nature and format of output:
     ntxo    =       2, ntpr    =    5000, ntrx    =       1, ntwr    =    5000
     iwrap   =       0, ntwx    =   10000, ntwv    =       0, ntwe    =       0
     ioutfm  =       1, ntwprt  =       0, idecomp =       0, rbornstat=      0

Potential function:
     ntf     =       1, ntb     =       1, igb     =       0, nsnb    =      25
     ipol    =       0, gbsa    =       0, iesp    =       0
     dielc   =   1.00000, cut     =  10.00000, intdiel =   1.00000

Frozen or restrained atoms:
     ibelly  =       0, ntr     =       0

Molecular dynamics:
     nstlim  =    200000, nscm    =      1000, nrespa  =         1
     t       =   0.00000, dt      =   0.00100, vlimit  =  -1.00000

Langevin dynamics temperature regulation:
     ig      =  841890
     temp0   = 300.00000, tempi   =   0.00000, gamma_ln=   2.00000

NMR refinement options:
     iscale  =       0, noeskp  =       1, ipnlty  =       1, mxsub   =       1
     scalm   = 100.00000, pencut  =   0.10000, tausw   =   0.10000

Free energy options:
     icfe    =       1, ifsc    =       1, klambda =       1
     clambda =  0.4374, scalpha =  0.5000, scbeta  = 12.0000
     sceeorder =       2
     dynlmb =  0.0000 logdvdl =       0

| Intermolecular bonds treatment:
|     no_intermolecular_bonds =       1

| Energy averages sample interval:
|     ene_avg_sampling =    5000

Ewald parameters:
     verbose =       0, ew_type =       0, nbflag  =       1, use_pme =       1
     vdwmeth =       1, eedmeth =       1, netfrc  =       1
     Box X =   66.953   Box Y =   66.953   Box Z =   66.953
     Alpha =  109.471   Beta  =  109.471   Gamma =  109.471
     NFFT1 =   64       NFFT2 =   64       NFFT3 =   64
     Cutoff=   10.000   Tol   =0.100E-04
     Ewald Coefficient =  0.27511
     Interpolation order =    4
     TI Mask 1 :1; matches      7 atoms
     TI Mask 2  matches      0 atoms
     TI region 1:   20845 atoms
     TI region 2:   20838 atoms
     SC Mask 1 :1; matches      7 atoms

--------------------------------------------------------------------------------
   3.  ATOMIC COORDINATES AND VELOCITIES
--------------------------------------------------------------------------------

default_name                                                                    
 begin time read from input coords =     0.000 ps



           Begin reading energy term weight changes/NMR restraints
 WEIGHT CHANGES:
 TEMP0         0 190000    0.000000  300.000000      0      0
 TEMP0    190001 200000  300.000000  300.000000      0      0
 DUMPFREQ  10000      0    0.000000    0.000000      0      0

 RESTRAINTS:
                          ** No restraint defined **

                  Done reading weight changes/NMR restraints


 
 Number of triangulated 3-point waters found:     6946
 Number of shake restraints removed in TI region  1 :        0
 Number of shake restraints removed in TI region  2 :        0

     Sum of charges for TI region  1 =  -1.00000662
     Assuming uniform neutralizing plasma


     Sum of charges for TI region  2 =  -0.00000762
     Forcing neutrality...

| Dynamic Memory, Types Used:
| Reals              914872
| Integers           792492

| Nonbonded Pairs Initial Allocation:     6305091

| GPU memory information (estimate):
| KB of GPU memory in use:         0
| KB of CPU memory in use:         0

--------------------------------------------------------------------------------
   4.  RESULTS
--------------------------------------------------------------------------------

   DOF for the SC part  1 of the system:   21

| TI region  1


 NSTEP =        0   TIME(PS) =       0.000  TEMP(K) =     0.00  PRESS =     0.0
 Etot   =    -99478.4606  EKtot   =         0.0000  EPtot      =    -99478.4606
 BOND   =      9098.5022  ANGLE   =         0.0000  DIHED      =         0.0000
 1-4 NB =         0.0000  1-4 EEL =         0.0000  VDWAALS    =     23919.7867
 EELEC  =   -132496.7495  EHBOND  =         0.0000  RESTRAINT  =         0.0000
 DV/DL  =        87.0816
 ------------------------------------------------------------------------------

  Softcore part of the system:       7 atoms,       TEMP(K)    =           0.00
 SC_Etot=        18.7751  SC_EKtot=         0.0000  SC_EPtot   =        18.7751
 SC_BOND=         0.0376  SC_ANGLE=         2.8351  SC_DIHED   =         5.2208
 SC_14NB=         0.2693  SC_14EEL=        10.4124  SC_VDW     =         0.0000
 SC_EEL =         0.0000
 SC_RES_DIST=     0.0000  SC_RES_ANG=       0.0000  SC_RES_TORS=         0.0000
 SC_EEL_DER=     11.2496  SC_VDW_DER=      -2.7670  SC_DERIV   =         8.4826
 ------------------------------------------------------------------------------


| TI region  2


 NSTEP =        0   TIME(PS) =       0.000  TEMP(K) =     0.00  PRESS =     0.0
 Etot   =    -99478.4606  EKtot   =         0.0000  EPtot      =    -99478.4606
 BOND   =      9098.5022  ANGLE   =         0.0000  DIHED      =         0.0000
 1-4 NB =         0.0000  1-4 EEL =         0.0000  VDWAALS    =     23919.7867
 EELEC  =   -132496.7495  EHBOND  =         0.0000  RESTRAINT  =         0.0000
 DV/DL  =        87.0816
 ------------------------------------------------------------------------------

 NMR restraints: Bond =    0.000   Angle =     0.000   Torsion =     0.000
===============================================================================

| TI region  1


 NSTEP =     5000   TIME(PS) =       5.000  TEMP(K) =     7.34  PRESS =     0.0
 Etot   =    -99693.8648  EKtot   =       456.0221  EPtot      =   -100149.8869
 BOND   =      9560.9614  ANGLE   =        -0.0000  DIHED      =         0.0000
 1-4 NB =         0.0000  1-4 EEL =        -0.0000  VDWAALS    =     25426.4029
 EELEC  =   -135137.2512  EHBOND  =         0.0000  RESTRAINT  =         0.0000
 DV/DL  =        86.2251
 ------------------------------------------------------------------------------

  Softcore part of the system:       7 atoms,       TEMP(K)    =           6.66
 SC_Etot=        19.0195  SC_EKtot=         0.1389  SC_EPtot   =        18.8807
 SC_BOND=         0.0216  SC_ANGLE=         2.9601  SC_DIHED   =         5.2176
 SC_14NB=         0.2629  SC_14EEL=        10.4184  SC_VDW     =         0.0000
 SC_EEL =         0.0000
 SC_RES_DIST=     0.0000  SC_RES_ANG=       0.0000  SC_RES_TORS=         0.0000
 SC_EEL_DER=     13.0426  SC_VDW_DER=      -4.5624  SC_DERIV   =         8.4801
 ------------------------------------------------------------------------------


| TI region  2


 NSTEP =     5000   TIME(PS) =       5.000  TEMP(K) =     7.34  PRESS =     0.0
 Etot   =    -99694.0037  EKtot   =       455.8832  EPtot      =   -100149.8869
 BOND   =      9560.9614  ANGLE   =        -0.0000  DIHED      =         0.0000
 1-4 NB =         0.0000  1-4 EEL =        -0.0000  VDWAALS    =     25426.4029
 EELEC  =   -135137.2512  EHBOND  =         0.0000  RESTRAINT  =         0.0000
 DV/DL  =        86.2251
 ------------------------------------------------------------------------------

 NMR restraints: Bond =    0.000   Angle =     0.000   Torsion =     0.000
===============================================================================

| TI region  1


 NSTEP =    10000   TIME(PS) =      10.000  TEMP(K) =    15.10  PRESS =     0.0
 Etot   =    -98854.0643  EKtot   =       938.2386  EPtot      =    -99792.3030
 BOND   =      9759.4594  ANGLE   =        -0.0000  DIHED      =         0.0000
 1-4 NB =         0.0000  1-4 EEL =         0.0000  VDWAALS    =     25347.3211
 EELEC  =   -134899.0834  EHBOND  =         0.0000  RESTRAINT  =         0.0000
 DV/DL  =        89.0187
 ------------------------------------------------------------------------------

  Softcore part of the system:       7 atoms,       TEMP(K)    =           7.01
 SC_Etot=        19.2218  SC_EKtot=         0.1462  SC_EPtot   =        19.0755
 SC_BOND=         0.0701  SC_ANGLE=         2.9801  SC_DIHED   =         5.2833
 SC_14NB=         0.2981  SC_14EEL=        10.4438  SC_VDW     =         0.0000
 SC_EEL =         0.0000
 SC_RES_DIST=     0.0000  SC_RES_ANG=       0.0000  SC_RES_TORS=         0.0000
 SC_EEL_DER=     12.6440  SC_VDW_DER=      -3.2898  SC_DERIV   =         9.3541
 ------------------------------------------------------------------------------


| TI region  2


 NSTEP =    10000   TIME(PS) =      10.000  TEMP(K) =    15.10  PRESS =     0.0
 Etot   =    -98854.2106  EKtot   =       938.0924  EPtot      =    -99792.3030
 BOND   =      9759.4594  ANGLE   =        -0.0000  DIHED      =         0.0000
 1-4 NB =         0.0000  1-4 EEL =         0.0000  VDWAALS    =     25347.3211
 EELEC  =   -134899.0834  EHBOND  =         0.0000  RESTRAINT  =         0.0000
 DV/DL  =        89.0187
 ------------------------------------------------------------------------------

 NMR restraints: Bond =    0.000   Angle =     0.000   Torsion =     0.000
===============================================================================

| TI region  1


 NSTEP =    15000   TIME(PS) =      15.000  TEMP(K) =    23.19  PRESS =     0.0
 Etot   =    -97918.0676  EKtot   =      1440.9871  EPtot      =    -99359.0547
 BOND   =      9930.6037  ANGLE   =         0.0000  DIHED      =         0.0000
 1-4 NB =         0.0000  1-4 EEL =         0.0000  VDWAALS    =     25375.6990
 EELEC  =   -134665.3574  EHBOND  =         0.0000  RESTRAINT  =         0.0000
 DV/DL  =        88.7963
 ------------------------------------------------------------------------------

  Softcore part of the system:       7 atoms,       TEMP(K)    =          17.42
 SC_Etot=        19.3587  SC_EKtot=         0.3635  SC_EPtot   =        18.9952
 SC_BOND=         0.0565  SC_ANGLE=         2.9216  SC_DIHED   =         5.2214
 SC_14NB=         0.3449  SC_14EEL=        10.4509  SC_VDW     =         0.0000
 SC_EEL =         0.0000
 SC_RES_DIST=     0.0000  SC_RES_ANG=       0.0000  SC_RES_TORS=         0.0000
 SC_EEL_DER=     13.2202  SC_VDW_DER=      -3.9691  SC_DERIV   =         9.2511
 ------------------------------------------------------------------------------


| TI region  2


 NSTEP =    15000   TIME(PS) =      15.000  TEMP(K) =    23.19  PRESS =     0.0
 Etot   =    -97918.4312  EKtot   =      1440.6235  EPtot      =    -99359.0547
 BOND   =      9930.6037  ANGLE   =         0.0000  DIHED      =         0.0000
 1-4 NB =         0.0000  1-4 EEL =         0.0000  VDWAALS    =     25375.6990
 EELEC  =   -134665.3574  EHBOND  =         0.0000  RESTRAINT  =         0.0000
 DV/DL  =        88.7963
 ------------------------------------------------------------------------------

 NMR restraints: Bond =    0.000   Angle =     0.000   Torsion =     0.000
===============================================================================

| TI region  1


 NSTEP =    20000   TIME(PS) =      20.000  TEMP(K) =    30.86  PRESS =     0.0
 Etot   =    -97132.8073  EKtot   =      1917.4419  EPtot      =    -99050.2492
 BOND   =     10125.0934  ANGLE   =        -0.0000  DIHED      =        -0.0000
 1-4 NB =         0.0000  1-4 EEL =        -0.0000  VDWAALS    =     25520.6635
 EELEC  =   -134696.0061  EHBOND  =         0.0000  RESTRAINT  =         0.0000
 DV/DL  =        85.4750
 ------------------------------------------------------------------------------

  Softcore part of the system:       7 atoms,       TEMP(K)    =          29.70
 SC_Etot=        19.9257  SC_EKtot=         0.6197  SC_EPtot   =        19.3060
 SC_BOND=         0.1962  SC_ANGLE=         3.0423  SC_DIHED   =         5.2152
 SC_14NB=         0.3634  SC_14EEL=        10.4889  SC_VDW     =         0.0000
 SC_EEL =         0.0000
 SC_RES_DIST=     0.0000  SC_RES_ANG=       0.0000  SC_RES_TORS=         0.0000
 SC_EEL_DER=     10.7862  SC_VDW_DER=      -1.9217  SC_DERIV   =         8.8645
 ------------------------------------------------------------------------------


| TI region  2


 NSTEP =    20000   TIME(PS) =      20.000  TEMP(K) =    30.86  PRESS =     0.0
 Etot   =    -97133.4271  EKtot   =      1916.8222  EPtot      =    -99050.2492
 BOND   =     10125.0934  ANGLE   =        -0.0000  DIHED      =        -0.0000
 1-4 NB =         0.0000  1-4 EEL =        -0.0000  VDWAALS    =     25520.6635
 EELEC  =   -134696.0061  EHBOND  =         0.0000  RESTRAINT  =         0.0000
 DV/DL  =        85.4750
 ------------------------------------------------------------------------------

 NMR restraints: Bond =    0.000   Angle =     0.000   Torsion =     0.000
===============================================================================

| TI region  1


 NSTEP =    25000   TIME(PS) =      25.000  TEMP(K) =    38.80  PRESS =     0.0
 Etot   =    -96287.3648  EKtot   =      2410.9663  EPtot      =    -98698.3311
 BOND   =     10281.9653  ANGLE   =        -0.0000  DIHED      =         0.0000
 1-4 NB =         0.0000  1-4 EEL =         0.0000  VDWAALS    =     25363.0945
 EELEC  =   -134343.3909  EHBOND  =         0.0000  RESTRAINT  =         0.0000
 DV/DL  =        93.8075
 ------------------------------------------------------------------------------

  Softcore part of the system:       7 atoms,       TEMP(K)    =          30.60
 SC_Etot=        20.0002  SC_EKtot=         0.6385  SC_EPtot   =        19.3617
 SC_BOND=         0.2761  SC_ANGLE=         3.1862  SC_DIHED   =         5.2275
 SC_14NB=         0.2866  SC_14EEL=        10.3854  SC_VDW     =         0.0000
 SC_EEL =         0.0000
 SC_RES_DIST=     0.0000  SC_RES_ANG=       0.0000  SC_RES_TORS=         0.0000
 SC_EEL_DER=     13.8684  SC_VDW_DER=      -2.4544  SC_DERIV   =        11.4140
 ------------------------------------------------------------------------------


| TI region  2


 NSTEP =    25000   TIME(PS) =      25.000  TEMP(K) =    38.81  PRESS =     0.0
 Etot   =    -96288.0033  EKtot   =      2410.3279  EPtot      =    -98698.3311
 BOND   =     10281.9653  ANGLE   =        -0.0000  DIHED      =         0.0000
 1-4 NB =         0.0000  1-4 EEL =         0.0000  VDWAALS    =     25363.0945
 EELEC  =   -134343.3909  EHBOND  =         0.0000  RESTRAINT  =         0.0000
 DV/DL  =        93.8075
 ------------------------------------------------------------------------------

 NMR restraints: Bond =    0.000   Angle =     0.000   Torsion =     0.000
===============================================================================

| TI region  1


 NSTEP =    30000   TIME(PS) =      30.000  TEMP(K) =    46.96  PRESS =     0.0
 Etot   =    -95386.5396  EKtot   =      2917.6167  EPtot      =    -98304.1563
 BOND   =     10396.4092  ANGLE   =        -0.0000  DIHED      =         0.0000
 1-4 NB =         0.0000  1-4 EEL =        -0.0000  VDWAALS    =     25252.8546
 EELEC  =   -133953.4201  EHBOND  =         0.0000  RESTRAINT  =         0.0000
 DV/DL  =        90.9231
 ------------------------------------------------------------------------------

  Softcore part of the system:       7 atoms,       TEMP(K)    =          64.23
 SC_Etot=        20.7242  SC_EKtot=         1.3401  SC_EPtot   =        19.3841
 SC_BOND=         0.4736  SC_ANGLE=         2.9410  SC_DIHED   =         5.2167
 SC_14NB=         0.3319  SC_14EEL=        10.4209  SC_VDW     =         0.0000
 SC_EEL =         0.0000
 SC_RES_DIST=     0.0000  SC_RES_ANG=       0.0000  SC_RES_TORS=         0.0000
 SC_EEL_DER=     12.7384  SC_VDW_DER=      -2.1438  SC_DERIV   =        10.5945
 ------------------------------------------------------------------------------


| TI region  2


 NSTEP =    30000   TIME(PS) =      30.000  TEMP(K) =    46.95  PRESS =     0.0
 Etot   =    -95387.8797  EKtot   =      2916.2766  EPtot      =    -98304.1563
 BOND   =     10396.4092  ANGLE   =        -0.0000  DIHED      =         0.0000
 1-4 NB =         0.0000  1-4 EEL =        -0.0000  VDWAALS    =     25252.8546
 EELEC  =   -133953.4201  EHBOND  =         0.0000  RESTRAINT  =         0.0000
 DV/DL  =        90.9231
 ------------------------------------------------------------------------------

 NMR restraints: Bond =    0.000   Angle =     0.000   Torsion =     0.000
===============================================================================

| TI region  1


 NSTEP =    35000   TIME(PS) =      35.000  TEMP(K) =    54.58  PRESS =     0.0
 Etot   =    -94570.5606  EKtot   =      3391.2368  EPtot      =    -97961.7974
 BOND   =     10663.7238  ANGLE   =         0.0000  DIHED      =        -0.0000
 1-4 NB =         0.0000  1-4 EEL =         0.0000  VDWAALS    =     25250.6535
 EELEC  =   -133876.1747  EHBOND  =         0.0000  RESTRAINT  =         0.0000
 DV/DL  =        84.7677
 ------------------------------------------------------------------------------

  Softcore part of the system:       7 atoms,       TEMP(K)    =          70.68
 SC_Etot=        20.8114  SC_EKtot=         1.4747  SC_EPtot   =        19.3367
 SC_BOND=         0.2944  SC_ANGLE=         3.1404  SC_DIHED   =         5.2074
 SC_14NB=         0.2775  SC_14EEL=        10.4170  SC_VDW     =         0.0000
 SC_EEL =         0.0000
 SC_RES_DIST=     0.0000  SC_RES_ANG=       0.0000  SC_RES_TORS=         0.0000
 SC_EEL_DER=     12.7984  SC_VDW_DER=      -2.6998  SC_DERIV   =        10.0986
 ------------------------------------------------------------------------------


| TI region  2


 NSTEP =    35000   TIME(PS) =      35.000  TEMP(K) =    54.57  PRESS =     0.0
 Etot   =    -94572.0352  EKtot   =      3389.7621  EPtot      =    -97961.7974
 BOND   =     10663.7238  ANGLE   =         0.0000  DIHED      =        -0.0000
 1-4 NB =         0.0000  1-4 EEL =         0.0000  VDWAALS    =     25250.6535
 EELEC  =   -133876.1747  EHBOND  =         0.0000  RESTRAINT  =         0.0000
 DV/DL  =        84.7677
 ------------------------------------------------------------------------------

 NMR restraints: Bond =    0.000   Angle =     0.000   Torsion =     0.000
===============================================================================

| TI region  1


 NSTEP =    40000   TIME(PS) =      40.000  TEMP(K) =    62.19  PRESS =     0.0
 Etot   =    -93697.3666  EKtot   =      3864.3821  EPtot      =    -97561.7487
 BOND   =     10876.6387  ANGLE   =         0.0000  DIHED      =         0.0000
 1-4 NB =         0.0000  1-4 EEL =         0.0000  VDWAALS    =     25293.6795
 EELEC  =   -133732.0669  EHBOND  =         0.0000  RESTRAINT  =         0.0000
 DV/DL  =        85.2912
 ------------------------------------------------------------------------------

  Softcore part of the system:       7 atoms,       TEMP(K)    =          54.88
 SC_Etot=        20.9225  SC_EKtot=         1.1452  SC_EPtot   =        19.7773
 SC_BOND=         0.5821  SC_ANGLE=         3.3426  SC_DIHED   =         5.2183
 SC_14NB=         0.2417  SC_14EEL=        10.3926  SC_VDW     =         0.0000
 SC_EEL =         0.0000
 SC_RES_DIST=     0.0000  SC_RES_ANG=       0.0000  SC_RES_TORS=         0.0000
 SC_EEL_DER=     10.5123  SC_VDW_DER=      -1.7826  SC_DERIV   =         8.7297
 ------------------------------------------------------------------------------


| TI region  2


 NSTEP =    40000   TIME(PS) =      40.000  TEMP(K) =    62.20  PRESS =     0.0
 Etot   =    -93698.5118  EKtot   =      3863.2369  EPtot      =    -97561.7487
 BOND   =     10876.6387  ANGLE   =         0.0000  DIHED      =         0.0000
 1-4 NB =         0.0000  1-4 EEL =         0.0000  VDWAALS    =     25293.6795
 EELEC  =   -133732.0669  EHBOND  =         0.0000  RESTRAINT  =         0.0000
 DV/DL  =        85.2912
 ------------------------------------------------------------------------------

 NMR restraints: Bond =    0.000   Angle =     0.000   Torsion =     0.000
===============================================================================

| TI region  1


 NSTEP =    45000   TIME(PS) =      45.000  TEMP(K) =    69.84  PRESS =     0.0
 Etot   =    -92802.3806  EKtot   =      4339.2998  EPtot      =    -97141.6804
 BOND   =     11095.6224  ANGLE   =         0.0000  DIHED      =        -0.0000
 1-4 NB =         0.0000  1-4 EEL =        -0.0000  VDWAALS    =     25324.9234
 EELEC  =   -133562.2262  EHBOND  =         0.0000  RESTRAINT  =         0.0000
 DV/DL  =        82.5366
 ------------------------------------------------------------------------------

  Softcore part of the system:       7 atoms,       TEMP(K)    =          87.44
 SC_Etot=        22.5921  SC_EKtot=         1.8244  SC_EPtot   =        20.7677
 SC_BOND=         0.4988  SC_ANGLE=         3.8750  SC_DIHED   =         5.3904
 SC_14NB=         0.4755  SC_14EEL=        10.5279  SC_VDW     =         0.0000
 SC_EEL =         0.0000
 SC_RES_DIST=     0.0000  SC_RES_ANG=       0.0000  SC_RES_TORS=         0.0000
 SC_EEL_DER=     10.4399  SC_VDW_DER=      -2.1357  SC_DERIV   =         8.3042
 ------------------------------------------------------------------------------


| TI region  2


 NSTEP =    45000   TIME(PS) =      45.000  TEMP(K) =    69.83  PRESS =     0.0
 Etot   =    -92804.2050  EKtot   =      4337.4754  EPtot      =    -97141.6804
 BOND   =     11095.6224  ANGLE   =         0.0000  DIHED      =        -0.0000
 1-4 NB =         0.0000  1-4 EEL =        -0.0000  VDWAALS    =     25324.9234
 EELEC  =   -133562.2262  EHBOND  =         0.0000  RESTRAINT  =         0.0000
 DV/DL  =        82.5366
 ------------------------------------------------------------------------------

 NMR restraints: Bond =    0.000   Angle =     0.000   Torsion =     0.000
===============================================================================

| TI region  1


 NSTEP =    50000   TIME(PS) =      50.000  TEMP(K) =    79.20  PRESS =     0.0
 Etot   =    -91829.6592  EKtot   =      4920.9053  EPtot      =    -96750.5645
 BOND   =     11120.2808  ANGLE   =        -0.0000  DIHED      =         0.0000
 1-4 NB =         0.0000  1-4 EEL =        -0.0000  VDWAALS    =     25313.4607
 EELEC  =   -133184.3059  EHBOND  =         0.0000  RESTRAINT  =         0.0000
 DV/DL  =        95.1890
 ------------------------------------------------------------------------------

  Softcore part of the system:       7 atoms,       TEMP(K)    =          76.86
 SC_Etot=        21.1443  SC_EKtot=         1.6038  SC_EPtot   =        19.5406
 SC_BOND=         0.3786  SC_ANGLE=         3.1012  SC_DIHED   =         5.2351
 SC_14NB=         0.3631  SC_14EEL=        10.4625  SC_VDW     =         0.0000
 SC_EEL =         0.0000
 SC_RES_DIST=     0.0000  SC_RES_ANG=       0.0000  SC_RES_TORS=         0.0000
 SC_EEL_DER=     11.3689  SC_VDW_DER=      -0.5436  SC_DERIV   =        10.8254
 ------------------------------------------------------------------------------


| TI region  2


 NSTEP =    50000   TIME(PS) =      50.000  TEMP(K) =    79.20  PRESS =     0.0
 Etot   =    -91831.2630  EKtot   =      4919.3015  EPtot      =    -96750.5645
 BOND   =     11120.2808  ANGLE   =        -0.0000  DIHED      =         0.0000
 1-4 NB =         0.0000  1-4 EEL =        -0.0000  VDWAALS    =     25313.4607
 EELEC  =   -133184.3059  EHBOND  =         0.0000  RESTRAINT  =         0.0000
 DV/DL  =        95.1890
 ------------------------------------------------------------------------------

 NMR restraints: Bond =    0.000   Angle =     0.000   Torsion =     0.000
===============================================================================

| TI region  1


 NSTEP =    55000   TIME(PS) =      55.000  TEMP(K) =    86.95  PRESS =     0.0
 Etot   =    -90981.6672  EKtot   =      5402.5757  EPtot      =    -96384.2428
 BOND   =     11424.7290  ANGLE   =         0.0000  DIHED      =        -0.0000
 1-4 NB =         0.0000  1-4 EEL =         0.0000  VDWAALS    =     25434.4749
 EELEC  =   -133243.4468  EHBOND  =         0.0000  RESTRAINT  =         0.0000
 DV/DL  =        97.5648
 ------------------------------------------------------------------------------

  Softcore part of the system:       7 atoms,       TEMP(K)    =          92.02
 SC_Etot=        22.0906  SC_EKtot=         1.9200  SC_EPtot   =        20.1706
 SC_BOND=         0.6754  SC_ANGLE=         3.6151  SC_DIHED   =         5.2176
 SC_14NB=         0.2596  SC_14EEL=        10.4029  SC_VDW     =         0.0000
 SC_EEL =         0.0000
 SC_RES_DIST=     0.0000  SC_RES_ANG=       0.0000  SC_RES_TORS=         0.0000
 SC_EEL_DER=     12.4698  SC_VDW_DER=      -1.1555  SC_DERIV   =        11.3143
 ------------------------------------------------------------------------------


| TI region  2


 NSTEP =    55000   TIME(PS) =      55.000  TEMP(K) =    86.95  PRESS =     0.0
 Etot   =    -90983.5872  EKtot   =      5400.6557  EPtot      =    -96384.2428
 BOND   =     11424.7290  ANGLE   =         0.0000  DIHED      =        -0.0000
 1-4 NB =         0.0000  1-4 EEL =         0.0000  VDWAALS    =     25434.4749
 EELEC  =   -133243.4468  EHBOND  =         0.0000  RESTRAINT  =         0.0000
 DV/DL  =        97.5648
 ------------------------------------------------------------------------------

 NMR restraints: Bond =    0.000   Angle =     0.000   Torsion =     0.000
===============================================================================

| TI region  1


 NSTEP =    60000   TIME(PS) =      60.000  TEMP(K) =    93.71  PRESS =     0.0
 Etot   =    -90174.1574  EKtot   =      5822.4282  EPtot      =    -95996.5856
 BOND   =     11558.4107  ANGLE   =        -0.0000  DIHED      =        -0.0000
 1-4 NB =         0.0000  1-4 EEL =        -0.0000  VDWAALS    =     25076.5724
 EELEC  =   -132631.5687  EHBOND  =         0.0000  RESTRAINT  =         0.0000
 DV/DL  =        99.1506
 ------------------------------------------------------------------------------

  Softcore part of the system:       7 atoms,       TEMP(K)    =          79.05
 SC_Etot=        21.2909  SC_EKtot=         1.6493  SC_EPtot   =        19.6416
 SC_BOND=         0.4241  SC_ANGLE=         3.2927  SC_DIHED   =         5.2430
 SC_14NB=         0.2552  SC_14EEL=        10.4266  SC_VDW     =         0.0000
 SC_EEL =         0.0000
 SC_RES_DIST=     0.0000  SC_RES_ANG=       0.0000  SC_RES_TORS=         0.0000
 SC_EEL_DER=     13.7341  SC_VDW_DER=      -2.6042  SC_DERIV   =        11.1298
 ------------------------------------------------------------------------------


| TI region  2


 NSTEP =    60000   TIME(PS) =      60.000  TEMP(K) =    93.71  PRESS =     0.0
 Etot   =    -90175.8067  EKtot   =      5820.7789  EPtot      =    -95996.5856
 BOND   =     11558.4107  ANGLE   =        -0.0000  DIHED      =        -0.0000
 1-4 NB =         0.0000  1-4 EEL =        -0.0000  VDWAALS    =     25076.5724
 EELEC  =   -132631.5687  EHBOND  =         0.0000  RESTRAINT  =         0.0000
 DV/DL  =        99.1506
 ------------------------------------------------------------------------------

 NMR restraints: Bond =    0.000   Angle =     0.000   Torsion =     0.000
===============================================================================

| TI region  1


 NSTEP =    65000   TIME(PS) =      65.000  TEMP(K) =   101.63  PRESS =     0.0
 Etot   =    -89223.7071  EKtot   =      6314.8403  EPtot      =    -95538.5474
 BOND   =     11697.7687  ANGLE   =         0.0000  DIHED      =        -0.0000
 1-4 NB =         0.0000  1-4 EEL =        -0.0000  VDWAALS    =     25098.4230
 EELEC  =   -132334.7391  EHBOND  =         0.0000  RESTRAINT  =         0.0000
 DV/DL  =        94.8668
 ------------------------------------------------------------------------------

  Softcore part of the system:       7 atoms,       TEMP(K)    =          92.11
 SC_Etot=        22.4914  SC_EKtot=         1.9219  SC_EPtot   =        20.5695
 SC_BOND=         0.7007  SC_ANGLE=         3.7400  SC_DIHED   =         5.2181
 SC_14NB=         0.3903  SC_14EEL=        10.5204  SC_VDW     =         0.0000
 SC_EEL =         0.0000
 SC_RES_DIST=     0.0000  SC_RES_ANG=       0.0000  SC_RES_TORS=         0.0000
 SC_EEL_DER=     12.4248  SC_VDW_DER=      -1.1014  SC_DERIV   =        11.3234
 ------------------------------------------------------------------------------


| TI region  2


 NSTEP =    65000   TIME(PS) =      65.000  TEMP(K) =   101.63  PRESS =     0.0
 Etot   =    -89225.6290  EKtot   =      6312.9184  EPtot      =    -95538.5474
 BOND   =     11697.7687  ANGLE   =         0.0000  DIHED      =        -0.0000
 1-4 NB =         0.0000  1-4 EEL =        -0.0000  VDWAALS    =     25098.4230
 EELEC  =   -132334.7391  EHBOND  =         0.0000  RESTRAINT  =         0.0000
 DV/DL  =        94.8668
 ------------------------------------------------------------------------------

 NMR restraints: Bond =    0.000   Angle =     0.000   Torsion =     0.000
===============================================================================

| TI region  1


 NSTEP =    70000   TIME(PS) =      70.000  TEMP(K) =   109.32  PRESS =     0.0
 Etot   =    -88325.3456  EKtot   =      6792.4873  EPtot      =    -95117.8329
 BOND   =     11724.5875  ANGLE   =         0.0000  DIHED      =        -0.0000
 1-4 NB =         0.0000  1-4 EEL =        -0.0000  VDWAALS    =     24989.9820
 EELEC  =   -131832.4024  EHBOND  =         0.0000  RESTRAINT  =         0.0000
 DV/DL  =       105.6292
 ------------------------------------------------------------------------------

  Softcore part of the system:       7 atoms,       TEMP(K)    =         114.49
 SC_Etot=        22.6582  SC_EKtot=         2.3888  SC_EPtot   =        20.2694
 SC_BOND=         0.4912  SC_ANGLE=         3.9290  SC_DIHED   =         5.2413
 SC_14NB=         0.2220  SC_14EEL=        10.3859  SC_VDW     =         0.0000
 SC_EEL =         0.0000
 SC_RES_DIST=     0.0000  SC_RES_ANG=       0.0000  SC_RES_TORS=         0.0000
 SC_EEL_DER=     14.2475  SC_VDW_DER=      -3.6617  SC_DERIV   =        10.5858
 ------------------------------------------------------------------------------


| TI region  2


 NSTEP =    70000   TIME(PS) =      70.000  TEMP(K) =   109.32  PRESS =     0.0
 Etot   =    -88327.7345  EKtot   =      6790.0985  EPtot      =    -95117.8329
 BOND   =     11724.5875  ANGLE   =         0.0000  DIHED      =        -0.0000
 1-4 NB =         0.0000  1-4 EEL =        -0.0000  VDWAALS    =     24989.9820
 EELEC  =   -131832.4024  EHBOND  =         0.0000  RESTRAINT  =         0.0000
 DV/DL  =       105.6292
 ------------------------------------------------------------------------------

 NMR restraints: Bond =    0.000   Angle =     0.000   Torsion =     0.000
===============================================================================

| TI region  1


 NSTEP =    75000   TIME(PS) =      75.000  TEMP(K) =   118.41  PRESS =     0.0
 Etot   =    -87434.7967  EKtot   =      7357.4473  EPtot      =    -94792.2440
 BOND   =     11880.2927  ANGLE   =        -0.0000  DIHED      =        -0.0000
 1-4 NB =         0.0000  1-4 EEL =        -0.0000  VDWAALS    =     25047.2256
 EELEC  =   -131719.7622  EHBOND  =         0.0000  RESTRAINT  =         0.0000
 DV/DL  =       101.0084
 ------------------------------------------------------------------------------

  Softcore part of the system:       7 atoms,       TEMP(K)    =         192.87
 SC_Etot=        25.2262  SC_EKtot=         4.0243  SC_EPtot   =        21.2019
 SC_BOND=         1.6391  SC_ANGLE=         3.9248  SC_DIHED   =         5.2199
 SC_14NB=         0.1821  SC_14EEL=        10.2359  SC_VDW     =         0.0000
 SC_EEL =         0.0000
 SC_RES_DIST=     0.0000  SC_RES_ANG=       0.0000  SC_RES_TORS=         0.0000
 SC_EEL_DER=     16.3126  SC_VDW_DER=      -6.0000  SC_DERIV   =        10.3126
 ------------------------------------------------------------------------------


| TI region  2


 NSTEP =    75000   TIME(PS) =      75.000  TEMP(K) =   118.39  PRESS =     0.0
 Etot   =    -87438.8210  EKtot   =      7353.4230  EPtot      =    -94792.2440
 BOND   =     11880.2927  ANGLE   =        -0.0000  DIHED      =        -0.0000
 1-4 NB =         0.0000  1-4 EEL =        -0.0000  VDWAALS    =     25047.2256
 EELEC  =   -131719.7622  EHBOND  =         0.0000  RESTRAINT  =         0.0000
 DV/DL  =       101.0084
 ------------------------------------------------------------------------------

 NMR restraints: Bond =    0.000   Angle =     0.000   Torsion =     0.000
===============================================================================

| TI region  1


 NSTEP =    80000   TIME(PS) =      80.000  TEMP(K) =   126.12  PRESS =     0.0
 Etot   =    -86445.5675  EKtot   =      7836.5967  EPtot      =    -94282.1642
 BOND   =     12143.8241  ANGLE   =         0.0000  DIHED      =        -0.0000
 1-4 NB =         0.0000  1-4 EEL =        -0.0000  VDWAALS    =     24790.5287
 EELEC  =   -131216.5170  EHBOND  =         0.0000  RESTRAINT  =         0.0000
 DV/DL  =        90.0094
 ------------------------------------------------------------------------------

  Softcore part of the system:       7 atoms,       TEMP(K)    =         120.39
 SC_Etot=        22.7269  SC_EKtot=         2.5121  SC_EPtot   =        20.2149
 SC_BOND=         0.3838  SC_ANGLE=         3.8684  SC_DIHED   =         5.2242
 SC_14NB=         0.3513  SC_14EEL=        10.3873  SC_VDW     =         0.0000
 SC_EEL =         0.0000
 SC_RES_DIST=     0.0000  SC_RES_ANG=       0.0000  SC_RES_TORS=         0.0000
 SC_EEL_DER=     11.4959  SC_VDW_DER=      -0.8161  SC_DERIV   =        10.6798
 ------------------------------------------------------------------------------


| TI region  2


 NSTEP =    80000   TIME(PS) =      80.000  TEMP(K) =   126.13  PRESS =     0.0
 Etot   =    -86448.0796  EKtot   =      7834.0846  EPtot      =    -94282.1642
 BOND   =     12143.8241  ANGLE   =         0.0000  DIHED      =        -0.0000
 1-4 NB =         0.0000  1-4 EEL =        -0.0000  VDWAALS    =     24790.5287
 EELEC  =   -131216.5170  EHBOND  =         0.0000  RESTRAINT  =         0.0000
 DV/DL  =        90.0094
 ------------------------------------------------------------------------------

 NMR restraints: Bond =    0.000   Angle =     0.000   Torsion =     0.000
===============================================================================

| TI region  1


 NSTEP =    85000   TIME(PS) =      85.000  TEMP(K) =   132.11  PRESS =     0.0
 Etot   =    -85616.0749  EKtot   =      8208.8896  EPtot      =    -93824.9645
 BOND   =     12363.2776  ANGLE   =        -0.0000  DIHED      =        -0.0000
 1-4 NB =         0.0000  1-4 EEL =         0.0000  VDWAALS    =     24997.0180
 EELEC  =   -131185.2601  EHBOND  =         0.0000  RESTRAINT  =         0.0000
 DV/DL  =        90.4571
 ------------------------------------------------------------------------------

  Softcore part of the system:       7 atoms,       TEMP(K)    =         201.48
 SC_Etot=        26.1424  SC_EKtot=         4.2040  SC_EPtot   =        21.9384
 SC_BOND=         1.5651  SC_ANGLE=         3.8197  SC_DIHED   =         5.2332
 SC_14NB=         0.5949  SC_14EEL=        10.7254  SC_VDW     =         0.0000
 SC_EEL =         0.0000
 SC_RES_DIST=     0.0000  SC_RES_ANG=       0.0000  SC_RES_TORS=         0.0000
 SC_EEL_DER=     10.9393  SC_VDW_DER=      -1.9986  SC_DERIV   =         8.9407
 ------------------------------------------------------------------------------


| TI region  2


 NSTEP =    85000   TIME(PS) =      85.000  TEMP(K) =   132.09  PRESS =     0.0
 Etot   =    -85620.2788  EKtot   =      8204.6857  EPtot      =    -93824.9645
 BOND   =     12363.2776  ANGLE   =        -0.0000  DIHED      =        -0.0000
 1-4 NB =         0.0000  1-4 EEL =         0.0000  VDWAALS    =     24997.0180
 EELEC  =   -131185.2601  EHBOND  =         0.0000  RESTRAINT  =         0.0000
 DV/DL  =        90.4571
 ------------------------------------------------------------------------------

 NMR restraints: Bond =    0.000   Angle =     0.000   Torsion =     0.000
===============================================================================

| TI region  1


 NSTEP =    90000   TIME(PS) =      90.000  TEMP(K) =   141.37  PRESS =     0.0
 Etot   =    -84745.5652  EKtot   =      8784.1133  EPtot      =    -93529.6785
 BOND   =     12372.4542  ANGLE   =        -0.0000  DIHED      =        -0.0000
 1-4 NB =         0.0000  1-4 EEL =         0.0000  VDWAALS    =     24759.2790
 EELEC  =   -130661.4117  EHBOND  =         0.0000  RESTRAINT  =         0.0000
 DV/DL  =        92.1017
 ------------------------------------------------------------------------------

  Softcore part of the system:       7 atoms,       TEMP(K)    =         145.04
 SC_Etot=        23.6107  SC_EKtot=         3.0262  SC_EPtot   =        20.5845
 SC_BOND=         1.0022  SC_ANGLE=         3.5423  SC_DIHED   =         5.2252
 SC_14NB=         0.3793  SC_14EEL=        10.4354  SC_VDW     =         0.0000
 SC_EEL =         0.0000
 SC_RES_DIST=     0.0000  SC_RES_ANG=       0.0000  SC_RES_TORS=         0.0000
 SC_EEL_DER=     11.5406  SC_VDW_DER=      -1.5969  SC_DERIV   =         9.9437
 ------------------------------------------------------------------------------


| TI region  2


 NSTEP =    90000   TIME(PS) =      90.000  TEMP(K) =   141.37  PRESS =     0.0
 Etot   =    -84748.5915  EKtot   =      8781.0870  EPtot      =    -93529.6785
 BOND   =     12372.4542  ANGLE   =        -0.0000  DIHED      =        -0.0000
 1-4 NB =         0.0000  1-4 EEL =         0.0000  VDWAALS    =     24759.2790
 EELEC  =   -130661.4117  EHBOND  =         0.0000  RESTRAINT  =         0.0000
 DV/DL  =        92.1017
 ------------------------------------------------------------------------------

 NMR restraints: Bond =    0.000   Angle =     0.000   Torsion =     0.000
===============================================================================

| TI region  1


 NSTEP =    95000   TIME(PS) =      95.000  TEMP(K) =   149.32  PRESS =     0.0
 Etot   =    -83729.1439  EKtot   =      9277.8848  EPtot      =    -93007.0287
 BOND   =     12692.2105  ANGLE   =        -0.0000  DIHED      =         0.0000
 1-4 NB =         0.0000  1-4 EEL =        -0.0000  VDWAALS    =     24562.7913
 EELEC  =   -130262.0304  EHBOND  =         0.0000  RESTRAINT  =         0.0000
 DV/DL  =       101.5930
 ------------------------------------------------------------------------------

  Softcore part of the system:       7 atoms,       TEMP(K)    =         216.41
 SC_Etot=        25.8295  SC_EKtot=         4.5156  SC_EPtot   =        21.3139
 SC_BOND=         1.3509  SC_ANGLE=         4.4712  SC_DIHED   =         5.2199
 SC_14NB=         0.0824  SC_14EEL=        10.1895  SC_VDW     =         0.0000
 SC_EEL =         0.0000
 SC_RES_DIST=     0.0000  SC_RES_ANG=       0.0000  SC_RES_TORS=         0.0000
 SC_EEL_DER=     15.3103  SC_VDW_DER=      -2.9144  SC_DERIV   =        12.3959
 ------------------------------------------------------------------------------


| TI region  2


 NSTEP =    95000   TIME(PS) =      95.000  TEMP(K) =   149.30  PRESS =     0.0
 Etot   =    -83733.6594  EKtot   =      9273.3692  EPtot      =    -93007.0287
 BOND   =     12692.2105  ANGLE   =        -0.0000  DIHED      =         0.0000
 1-4 NB =         0.0000  1-4 EEL =        -0.0000  VDWAALS    =     24562.7913
 EELEC  =   -130262.0304  EHBOND  =         0.0000  RESTRAINT  =         0.0000
 DV/DL  =       101.5930
 ------------------------------------------------------------------------------

 NMR restraints: Bond =    0.000   Angle =     0.000   Torsion =     0.000
===============================================================================

| TI region  1


 NSTEP =   100000   TIME(PS) =     100.000  TEMP(K) =   156.34  PRESS =     0.0
 Etot   =    -82765.4680  EKtot   =      9714.0791  EPtot      =    -92479.5471
 BOND   =     12769.0987  ANGLE   =        -0.0000  DIHED      =        -0.0000
 1-4 NB =         0.0000  1-4 EEL =        -0.0000  VDWAALS    =     24543.1029
 EELEC  =   -129791.7487  EHBOND  =         0.0000  RESTRAINT  =         0.0000
 DV/DL  =        85.7993
 ------------------------------------------------------------------------------

  Softcore part of the system:       7 atoms,       TEMP(K)    =         155.98
 SC_Etot=        24.7125  SC_EKtot=         3.2545  SC_EPtot   =        21.4580
 SC_BOND=         1.8046  SC_ANGLE=         3.9945  SC_DIHED   =         5.2200
 SC_14NB=         0.1655  SC_14EEL=        10.2733  SC_VDW     =         0.0000
 SC_EEL =         0.0000
 SC_RES_DIST=     0.0000  SC_RES_ANG=       0.0000  SC_RES_TORS=         0.0000
 SC_EEL_DER=     11.1795  SC_VDW_DER=      -0.9438  SC_DERIV   =        10.2357
 ------------------------------------------------------------------------------


| TI region  2


 NSTEP =   100000   TIME(PS) =     100.000  TEMP(K) =   156.34  PRESS =     0.0
 Etot   =    -82768.7225  EKtot   =      9710.8246  EPtot      =    -92479.5471
 BOND   =     12769.0987  ANGLE   =        -0.0000  DIHED      =        -0.0000
 1-4 NB =         0.0000  1-4 EEL =        -0.0000  VDWAALS    =     24543.1029
 EELEC  =   -129791.7487  EHBOND  =         0.0000  RESTRAINT  =         0.0000
 DV/DL  =        85.7993
 ------------------------------------------------------------------------------

 NMR restraints: Bond =    0.000   Angle =     0.000   Torsion =     0.000
===============================================================================

| TI region  1


 NSTEP =   105000   TIME(PS) =     105.000  TEMP(K) =   165.40  PRESS =     0.0
 Etot   =    -81821.2082  EKtot   =     10276.8750  EPtot      =    -92098.0832
 BOND   =     13074.3655  ANGLE   =         0.0000  DIHED      =        -0.0000
 1-4 NB =         0.0000  1-4 EEL =        -0.0000  VDWAALS    =     24619.2312
 EELEC  =   -129791.6799  EHBOND  =         0.0000  RESTRAINT  =         0.0000
 DV/DL  =        91.7714
 ------------------------------------------------------------------------------

  Softcore part of the system:       7 atoms,       TEMP(K)    =         127.99
 SC_Etot=        23.9853  SC_EKtot=         2.6705  SC_EPtot   =        21.3148
 SC_BOND=         1.2174  SC_ANGLE=         4.2384  SC_DIHED   =         5.2712
 SC_14NB=         0.2249  SC_14EEL=        10.3629  SC_VDW     =         0.0000
 SC_EEL =         0.0000
 SC_RES_DIST=     0.0000  SC_RES_ANG=       0.0000  SC_RES_TORS=         0.0000
 SC_EEL_DER=     11.9911  SC_VDW_DER=      -0.8777  SC_DERIV   =        11.1134
 ------------------------------------------------------------------------------


| TI region  2


 NSTEP =   105000   TIME(PS) =     105.000  TEMP(K) =   165.41  PRESS =     0.0
 Etot   =    -81823.8786  EKtot   =     10274.2045  EPtot      =    -92098.0832
 BOND   =     13074.3655  ANGLE   =         0.0000  DIHED      =        -0.0000
 1-4 NB =         0.0000  1-4 EEL =        -0.0000  VDWAALS    =     24619.2312
 EELEC  =   -129791.6799  EHBOND  =         0.0000  RESTRAINT  =         0.0000
 DV/DL  =        91.7714
 ------------------------------------------------------------------------------

 NMR restraints: Bond =    0.000   Angle =     0.000   Torsion =     0.000
===============================================================================

| TI region  1


 NSTEP =   110000   TIME(PS) =     110.000  TEMP(K) =   173.74  PRESS =     0.0
 Etot   =    -80910.6230  EKtot   =     10795.4160  EPtot      =    -91706.0390
 BOND   =     13072.3332  ANGLE   =        -0.0000  DIHED      =        -0.0000
 1-4 NB =         0.0000  1-4 EEL =        -0.0000  VDWAALS    =     24352.9477
 EELEC  =   -129131.3199  EHBOND  =         0.0000  RESTRAINT  =         0.0000
 DV/DL  =        83.8779
 ------------------------------------------------------------------------------

  Softcore part of the system:       7 atoms,       TEMP(K)    =         230.03
 SC_Etot=        26.6599  SC_EKtot=         4.7996  SC_EPtot   =        21.8603
 SC_BOND=         0.8159  SC_ANGLE=         5.3790  SC_DIHED   =         5.2204
 SC_14NB=         0.1474  SC_14EEL=        10.2976  SC_VDW     =         0.0000
 SC_EEL =         0.0000
 SC_RES_DIST=     0.0000  SC_RES_ANG=       0.0000  SC_RES_TORS=         0.0000
 SC_EEL_DER=      9.4548  SC_VDW_DER=      -1.2040  SC_DERIV   =         8.2508
 ------------------------------------------------------------------------------


| TI region  2


 NSTEP =   110000   TIME(PS) =     110.000  TEMP(K) =   173.72  PRESS =     0.0
 Etot   =    -80915.4226  EKtot   =     10790.6164  EPtot      =    -91706.0390
 BOND   =     13072.3332  ANGLE   =        -0.0000  DIHED      =        -0.0000
 1-4 NB =         0.0000  1-4 EEL =        -0.0000  VDWAALS    =     24352.9477
 EELEC  =   -129131.3199  EHBOND  =         0.0000  RESTRAINT  =         0.0000
 DV/DL  =        83.8779
 ------------------------------------------------------------------------------

 NMR restraints: Bond =    0.000   Angle =     0.000   Torsion =     0.000
===============================================================================

| TI region  1


 NSTEP =   115000   TIME(PS) =     115.000  TEMP(K) =   180.45  PRESS =     0.0
 Etot   =    -79952.5342  EKtot   =     11211.9424  EPtot      =    -91164.4766
 BOND   =     13191.1804  ANGLE   =         0.0000  DIHED      =        -0.0000
 1-4 NB =         0.0000  1-4 EEL =        -0.0000  VDWAALS    =     24206.3427
 EELEC  =   -128561.9997  EHBOND  =         0.0000  RESTRAINT  =         0.0000
 DV/DL  =        78.8962
 ------------------------------------------------------------------------------

  Softcore part of the system:       7 atoms,       TEMP(K)    =         178.47
 SC_Etot=        24.7482  SC_EKtot=         3.7240  SC_EPtot   =        21.0242
 SC_BOND=         1.1839  SC_ANGLE=         4.2553  SC_DIHED   =         5.2142
 SC_14NB=         0.1550  SC_14EEL=        10.2158  SC_VDW     =         0.0000
 SC_EEL =         0.0000
 SC_RES_DIST=     0.0000  SC_RES_ANG=       0.0000  SC_RES_TORS=         0.0000
 SC_EEL_DER=      9.7518  SC_VDW_DER=      -1.5796  SC_DERIV   =         8.1723
 ------------------------------------------------------------------------------


| TI region  2


 NSTEP =   115000   TIME(PS) =     115.000  TEMP(K) =   180.45  PRESS =     0.0
 Etot   =    -79956.2582  EKtot   =     11208.2184  EPtot      =    -91164.4766
 BOND   =     13191.1804  ANGLE   =         0.0000  DIHED      =        -0.0000
 1-4 NB =         0.0000  1-4 EEL =        -0.0000  VDWAALS    =     24206.3427
 EELEC  =   -128561.9997  EHBOND  =         0.0000  RESTRAINT  =         0.0000
 DV/DL  =        78.8962
 ------------------------------------------------------------------------------

 NMR restraints: Bond =    0.000   Angle =     0.000   Torsion =     0.000
===============================================================================

| TI region  1


 NSTEP =   120000   TIME(PS) =     120.000  TEMP(K) =   187.89  PRESS =     0.0
 Etot   =    -79025.6119  EKtot   =     11674.2236  EPtot      =    -90699.8355
 BOND   =     13331.9961  ANGLE   =        -0.0000  DIHED      =         0.0000
 1-4 NB =         0.0000  1-4 EEL =        -0.0000  VDWAALS    =     24018.7328
 EELEC  =   -128050.5645  EHBOND  =         0.0000  RESTRAINT  =         0.0000
 DV/DL  =        80.8347
 ------------------------------------------------------------------------------

  Softcore part of the system:       7 atoms,       TEMP(K)    =          85.79
 SC_Etot=        24.1572  SC_EKtot=         1.7900  SC_EPtot   =        22.3672
 SC_BOND=         1.3467  SC_ANGLE=         4.8800  SC_DIHED   =         5.3263
 SC_14NB=         0.4284  SC_14EEL=        10.3858  SC_VDW     =         0.0000
 SC_EEL =         0.0000
 SC_RES_DIST=     0.0000  SC_RES_ANG=       0.0000  SC_RES_TORS=         0.0000
 SC_EEL_DER=     12.1264  SC_VDW_DER=      -5.8915  SC_DERIV   =         6.2349
 ------------------------------------------------------------------------------


| TI region  2


 NSTEP =   120000   TIME(PS) =     120.000  TEMP(K) =   187.92  PRESS =     0.0
 Etot   =    -79027.4019  EKtot   =     11672.4337  EPtot      =    -90699.8355
 BOND   =     13331.9961  ANGLE   =        -0.0000  DIHED      =         0.0000
 1-4 NB =         0.0000  1-4 EEL =        -0.0000  VDWAALS    =     24018.7328
 EELEC  =   -128050.5645  EHBOND  =         0.0000  RESTRAINT  =         0.0000
 DV/DL  =        80.8347
 ------------------------------------------------------------------------------

 NMR restraints: Bond =    0.000   Angle =     0.000   Torsion =     0.000
===============================================================================

| TI region  1


 NSTEP =   125000   TIME(PS) =     125.000  TEMP(K) =   196.46  PRESS =     0.0
 Etot   =    -78030.7790  EKtot   =     12206.7256  EPtot      =    -90237.5046
 BOND   =     13597.2026  ANGLE   =        -0.0000  DIHED      =        -0.0000
 1-4 NB =         0.0000  1-4 EEL =        -0.0000  VDWAALS    =     24058.0195
 EELEC  =   -127892.7266  EHBOND  =         0.0000  RESTRAINT  =         0.0000
 DV/DL  =        75.0911
 ------------------------------------------------------------------------------

  Softcore part of the system:       7 atoms,       TEMP(K)    =         352.99
 SC_Etot=        28.3100  SC_EKtot=         7.3654  SC_EPtot   =        20.9446
 SC_BOND=         1.0288  SC_ANGLE=         3.8940  SC_DIHED   =         5.2146
 SC_14NB=         0.3493  SC_14EEL=        10.4579  SC_VDW     =         0.0000
 SC_EEL =         0.0000
 SC_RES_DIST=     0.0000  SC_RES_ANG=       0.0000  SC_RES_TORS=         0.0000
 SC_EEL_DER=      8.2034  SC_VDW_DER=      -1.1707  SC_DERIV   =         7.0327
 ------------------------------------------------------------------------------


| TI region  2


 NSTEP =   125000   TIME(PS) =     125.000  TEMP(K) =   196.40  PRESS =     0.0
 Etot   =    -78038.1444  EKtot   =     12199.3602  EPtot      =    -90237.5046
 BOND   =     13597.2026  ANGLE   =        -0.0000  DIHED      =        -0.0000
 1-4 NB =         0.0000  1-4 EEL =        -0.0000  VDWAALS    =     24058.0195
 EELEC  =   -127892.7266  EHBOND  =         0.0000  RESTRAINT  =         0.0000
 DV/DL  =        75.0911
 ------------------------------------------------------------------------------

 NMR restraints: Bond =    0.000   Angle =     0.000   Torsion =     0.000
===============================================================================

| TI region  1


 NSTEP =   130000   TIME(PS) =     130.000  TEMP(K) =   205.18  PRESS =     0.0
 Etot   =    -76869.1276  EKtot   =     12748.7666  EPtot      =    -89617.8942
 BOND   =     13832.4682  ANGLE   =        -0.0000  DIHED      =         0.0000
 1-4 NB =         0.0000  1-4 EEL =         0.0000  VDWAALS    =     23918.0480
 EELEC  =   -127368.4104  EHBOND  =         0.0000  RESTRAINT  =         0.0000
 DV/DL  =        69.8716
 ------------------------------------------------------------------------------

  Softcore part of the system:       7 atoms,       TEMP(K)    =         157.45
 SC_Etot=        26.3570  SC_EKtot=         3.2853  SC_EPtot   =        23.0717
 SC_BOND=         2.7143  SC_ANGLE=         4.4517  SC_DIHED   =         5.2100
 SC_14NB=         0.2623  SC_14EEL=        10.4335  SC_VDW     =         0.0000
 SC_EEL =         0.0000
 SC_RES_DIST=     0.0000  SC_RES_ANG=       0.0000  SC_RES_TORS=         0.0000
 SC_EEL_DER=      6.2519  SC_VDW_DER=      -0.6948  SC_DERIV   =         5.5571
 ------------------------------------------------------------------------------


| TI region  2


 NSTEP =   130000   TIME(PS) =     130.000  TEMP(K) =   205.20  PRESS =     0.0
 Etot   =    -76872.4129  EKtot   =     12745.4813  EPtot      =    -89617.8942
 BOND   =     13832.4682  ANGLE   =        -0.0000  DIHED      =         0.0000
 1-4 NB =         0.0000  1-4 EEL =         0.0000  VDWAALS    =     23918.0480
 EELEC  =   -127368.4104  EHBOND  =         0.0000  RESTRAINT  =         0.0000
 DV/DL  =        69.8716
 ------------------------------------------------------------------------------

 NMR restraints: Bond =    0.000   Angle =     0.000   Torsion =     0.000
===============================================================================

| TI region  1


 NSTEP =   135000   TIME(PS) =     135.000  TEMP(K) =   211.21  PRESS =     0.0
 Etot   =    -76129.2889  EKtot   =     13123.6074  EPtot      =    -89252.8963
 BOND   =     13827.2640  ANGLE   =        -0.0000  DIHED      =        -0.0000
 1-4 NB =         0.0000  1-4 EEL =        -0.0000  VDWAALS    =     23888.7304
 EELEC  =   -126968.8906  EHBOND  =         0.0000  RESTRAINT  =         0.0000
 DV/DL  =        72.3599
 ------------------------------------------------------------------------------

  Softcore part of the system:       7 atoms,       TEMP(K)    =         232.22
 SC_Etot=        25.6212  SC_EKtot=         4.8454  SC_EPtot   =        20.7758
 SC_BOND=         1.5211  SC_ANGLE=         3.4395  SC_DIHED   =         5.2189
 SC_14NB=         0.2260  SC_14EEL=        10.3703  SC_VDW     =         0.0000
 SC_EEL =         0.0000
 SC_RES_DIST=     0.0000  SC_RES_ANG=       0.0000  SC_RES_TORS=         0.0000
 SC_EEL_DER=      7.4187  SC_VDW_DER=      -2.6390  SC_DERIV   =         4.7797
 ------------------------------------------------------------------------------


| TI region  2


 NSTEP =   135000   TIME(PS) =     135.000  TEMP(K) =   211.21  PRESS =     0.0
 Etot   =    -76134.1342  EKtot   =     13118.7621  EPtot      =    -89252.8963
 BOND   =     13827.2640  ANGLE   =        -0.0000  DIHED      =        -0.0000
 1-4 NB =         0.0000  1-4 EEL =        -0.0000  VDWAALS    =     23888.7304
 EELEC  =   -126968.8906  EHBOND  =         0.0000  RESTRAINT  =         0.0000
 DV/DL  =        72.3599
 ------------------------------------------------------------------------------

 NMR restraints: Bond =    0.000   Angle =     0.000   Torsion =     0.000
===============================================================================

| TI region  1


 NSTEP =   140000   TIME(PS) =     140.000  TEMP(K) =   219.82  PRESS =     0.0
 Etot   =    -74950.8043  EKtot   =     13658.5342  EPtot      =    -88609.3385
 BOND   =     13987.1418  ANGLE   =        -0.0000  DIHED      =        -0.0000
 1-4 NB =         0.0000  1-4 EEL =        -0.0000  VDWAALS    =     23663.2455
 EELEC  =   -126259.7258  EHBOND  =         0.0000  RESTRAINT  =         0.0000
 DV/DL  =        63.5940
 ------------------------------------------------------------------------------

  Softcore part of the system:       7 atoms,       TEMP(K)    =         104.84
 SC_Etot=        24.0232  SC_EKtot=         2.1875  SC_EPtot   =        21.8357
 SC_BOND=         0.7222  SC_ANGLE=         4.5176  SC_DIHED   =         5.2148
 SC_14NB=         0.7039  SC_14EEL=        10.6772  SC_VDW     =         0.0000
 SC_EEL =         0.0000
 SC_RES_DIST=     0.0000  SC_RES_ANG=       0.0000  SC_RES_TORS=         0.0000
 SC_EEL_DER=      6.0716  SC_VDW_DER=      -0.5100  SC_DERIV   =         5.5617
 ------------------------------------------------------------------------------


| TI region  2


 NSTEP =   140000   TIME(PS) =     140.000  TEMP(K) =   219.86  PRESS =     0.0
 Etot   =    -74952.9918  EKtot   =     13656.3467  EPtot      =    -88609.3385
 BOND   =     13987.1418  ANGLE   =        -0.0000  DIHED      =        -0.0000
 1-4 NB =         0.0000  1-4 EEL =        -0.0000  VDWAALS    =     23663.2455
 EELEC  =   -126259.7258  EHBOND  =         0.0000  RESTRAINT  =         0.0000
 DV/DL  =        63.5940
 ------------------------------------------------------------------------------

 NMR restraints: Bond =    0.000   Angle =     0.000   Torsion =     0.000
===============================================================================

| TI region  1


 NSTEP =   145000   TIME(PS) =     145.000  TEMP(K) =   226.48  PRESS =     0.0
 Etot   =    -73930.4008  EKtot   =     14072.0000  EPtot      =    -88002.4008
 BOND   =     14287.4410  ANGLE   =        -0.0000  DIHED      =         0.0000
 1-4 NB =         0.0000  1-4 EEL =         0.0000  VDWAALS    =     23565.8364
 EELEC  =   -125855.6782  EHBOND  =         0.0000  RESTRAINT  =         0.0000
 DV/DL  =        72.4933
 ------------------------------------------------------------------------------

  Softcore part of the system:       7 atoms,       TEMP(K)    =         306.28
 SC_Etot=        28.2238  SC_EKtot=         6.3907  SC_EPtot   =        21.8331
 SC_BOND=         1.0160  SC_ANGLE=         5.0452  SC_DIHED   =         5.2159
 SC_14NB=         0.1951  SC_14EEL=        10.3608  SC_VDW     =         0.0000
 SC_EEL =         0.0000
 SC_RES_DIST=     0.0000  SC_RES_ANG=       0.0000  SC_RES_TORS=         0.0000
 SC_EEL_DER=      9.3473  SC_VDW_DER=      -6.3680  SC_DERIV   =         2.9793
 ------------------------------------------------------------------------------


| TI region  2


 NSTEP =   145000   TIME(PS) =     145.000  TEMP(K) =   226.45  PRESS =     0.0
 Etot   =    -73936.7915  EKtot   =     14065.6093  EPtot      =    -88002.4008
 BOND   =     14287.4410  ANGLE   =        -0.0000  DIHED      =         0.0000
 1-4 NB =         0.0000  1-4 EEL =         0.0000  VDWAALS    =     23565.8364
 EELEC  =   -125855.6782  EHBOND  =         0.0000  RESTRAINT  =         0.0000
 DV/DL  =        72.4933
 ------------------------------------------------------------------------------

 NMR restraints: Bond =    0.000   Angle =     0.000   Torsion =     0.000
===============================================================================

| TI region  1


 NSTEP =   150000   TIME(PS) =     150.000  TEMP(K) =   235.72  PRESS =     0.0
 Etot   =    -72750.1915  EKtot   =     14646.4434  EPtot      =    -87396.6349
 BOND   =     14543.3958  ANGLE   =         0.0000  DIHED      =         0.0000
 1-4 NB =         0.0000  1-4 EEL =         0.0000  VDWAALS    =     23197.4850
 EELEC  =   -125137.5157  EHBOND  =         0.0000  RESTRAINT  =         0.0000
 DV/DL  =        76.4527
 ------------------------------------------------------------------------------

  Softcore part of the system:       7 atoms,       TEMP(K)    =         172.74
 SC_Etot=        25.2675  SC_EKtot=         3.6043  SC_EPtot   =        21.6631
 SC_BOND=         1.6391  SC_ANGLE=         3.8491  SC_DIHED   =         5.3940
 SC_14NB=         0.3293  SC_14EEL=        10.4516  SC_VDW     =         0.0000
 SC_EEL =         0.0000
 SC_RES_DIST=     0.0000  SC_RES_ANG=       0.0000  SC_RES_TORS=         0.0000
 SC_EEL_DER=      5.5315  SC_VDW_DER=      -0.0057  SC_DERIV   =         5.5258
 ------------------------------------------------------------------------------


| TI region  2


 NSTEP =   150000   TIME(PS) =     150.000  TEMP(K) =   235.74  PRESS =     0.0
 Etot   =    -72753.7959  EKtot   =     14642.8390  EPtot      =    -87396.6349
 BOND   =     14543.3958  ANGLE   =         0.0000  DIHED      =         0.0000
 1-4 NB =         0.0000  1-4 EEL =         0.0000  VDWAALS    =     23197.4850
 EELEC  =   -125137.5157  EHBOND  =         0.0000  RESTRAINT  =         0.0000
 DV/DL  =        76.4527
 ------------------------------------------------------------------------------

 NMR restraints: Bond =    0.000   Angle =     0.000   Torsion =     0.000
===============================================================================

| TI region  1


 NSTEP =   155000   TIME(PS) =     155.000  TEMP(K) =   242.25  PRESS =     0.0
 Etot   =    -71922.3892  EKtot   =     15052.1631  EPtot      =    -86974.5522
 BOND   =     14514.6259  ANGLE   =        -0.0000  DIHED      =         0.0000
 1-4 NB =         0.0000  1-4 EEL =        -0.0000  VDWAALS    =     23086.9593
 EELEC  =   -124576.1375  EHBOND  =         0.0000  RESTRAINT  =         0.0000
 DV/DL  =        86.9621
 ------------------------------------------------------------------------------

  Softcore part of the system:       7 atoms,       TEMP(K)    =         249.50
 SC_Etot=        28.5140  SC_EKtot=         5.2060  SC_EPtot   =        23.3080
 SC_BOND=         1.4971  SC_ANGLE=         6.0119  SC_DIHED   =         5.4013
 SC_14NB=         0.1479  SC_14EEL=        10.2498  SC_VDW     =         0.0000
 SC_EEL =         0.0000
 SC_RES_DIST=     0.0000  SC_RES_ANG=       0.0000  SC_RES_TORS=         0.0000
 SC_EEL_DER=     11.2869  SC_VDW_DER=      -2.0114  SC_DERIV   =         9.2755
 ------------------------------------------------------------------------------


| TI region  2


 NSTEP =   155000   TIME(PS) =     155.000  TEMP(K) =   242.25  PRESS =     0.0
 Etot   =    -71927.5952  EKtot   =     15046.9571  EPtot      =    -86974.5522
 BOND   =     14514.6259  ANGLE   =        -0.0000  DIHED      =         0.0000
 1-4 NB =         0.0000  1-4 EEL =        -0.0000  VDWAALS    =     23086.9593
 EELEC  =   -124576.1375  EHBOND  =         0.0000  RESTRAINT  =         0.0000
 DV/DL  =        86.9621
 ------------------------------------------------------------------------------

 NMR restraints: Bond =    0.000   Angle =     0.000   Torsion =     0.000
===============================================================================

| TI region  1


 NSTEP =   160000   TIME(PS) =     160.000  TEMP(K) =   251.80  PRESS =     0.0
 Etot   =    -70707.1743  EKtot   =     15645.5234  EPtot      =    -86352.6978
 BOND   =     14614.5805  ANGLE   =        -0.0000  DIHED      =         0.0000
 1-4 NB =         0.0000  1-4 EEL =         0.0000  VDWAALS    =     23094.4604
 EELEC  =   -124061.7387  EHBOND  =         0.0000  RESTRAINT  =         0.0000
 DV/DL  =        79.5538
 ------------------------------------------------------------------------------

  Softcore part of the system:       7 atoms,       TEMP(K)    =         207.53
 SC_Etot=        24.7047  SC_EKtot=         4.3302  SC_EPtot   =        20.3745
 SC_BOND=         0.5886  SC_ANGLE=         3.8957  SC_DIHED   =         5.2247
 SC_14NB=         0.3112  SC_14EEL=        10.3542  SC_VDW     =         0.0000
 SC_EEL =         0.0000
 SC_RES_DIST=     0.0000  SC_RES_ANG=       0.0000  SC_RES_TORS=         0.0000
 SC_EEL_DER=      7.3695  SC_VDW_DER=      -0.9458  SC_DERIV   =         6.4237
 ------------------------------------------------------------------------------


| TI region  2


 NSTEP =   160000   TIME(PS) =     160.000  TEMP(K) =   251.82  PRESS =     0.0
 Etot   =    -70711.5045  EKtot   =     15641.1933  EPtot      =    -86352.6978
 BOND   =     14614.5805  ANGLE   =        -0.0000  DIHED      =         0.0000
 1-4 NB =         0.0000  1-4 EEL =         0.0000  VDWAALS    =     23094.4604
 EELEC  =   -124061.7387  EHBOND  =         0.0000  RESTRAINT  =         0.0000
 DV/DL  =        79.5538
 ------------------------------------------------------------------------------

 NMR restraints: Bond =    0.000   Angle =     0.000   Torsion =     0.000
===============================================================================

| TI region  1


 NSTEP =   165000   TIME(PS) =     165.000  TEMP(K) =   258.73  PRESS =     0.0
 Etot   =    -69393.7759  EKtot   =     16076.0557  EPtot      =    -85469.8316
 BOND   =     14702.1644  ANGLE   =         0.0000  DIHED      =        -0.0000
 1-4 NB =         0.0000  1-4 EEL =        -0.0000  VDWAALS    =     22677.1816
 EELEC  =   -122849.1776  EHBOND  =         0.0000  RESTRAINT  =         0.0000
 DV/DL  =        95.5330
 ------------------------------------------------------------------------------

  Softcore part of the system:       7 atoms,       TEMP(K)    =         577.02
 SC_Etot=        35.7601  SC_EKtot=        12.0398  SC_EPtot   =        23.7203
 SC_BOND=         3.9647  SC_ANGLE=         4.0257  SC_DIHED   =         5.2231
 SC_14NB=         0.1719  SC_14EEL=        10.3349  SC_VDW     =         0.0000
 SC_EEL =         0.0000
 SC_RES_DIST=     0.0000  SC_RES_ANG=       0.0000  SC_RES_TORS=         0.0000
 SC_EEL_DER=      9.2682  SC_VDW_DER=      -0.5584  SC_DERIV   =         8.7097
 ------------------------------------------------------------------------------


| TI region  2


 NSTEP =   165000   TIME(PS) =     165.000  TEMP(K) =   258.62  PRESS =     0.0
 Etot   =    -69405.8157  EKtot   =     16064.0159  EPtot      =    -85469.8316
 BOND   =     14702.1644  ANGLE   =         0.0000  DIHED      =        -0.0000
 1-4 NB =         0.0000  1-4 EEL =        -0.0000  VDWAALS    =     22677.1816
 EELEC  =   -122849.1776  EHBOND  =         0.0000  RESTRAINT  =         0.0000
 DV/DL  =        95.5330
 ------------------------------------------------------------------------------

 NMR restraints: Bond =    0.000   Angle =     0.000   Torsion =     0.000
===============================================================================

| TI region  1


 NSTEP =   170000   TIME(PS) =     170.000  TEMP(K) =   265.81  PRESS =     0.0
 Etot   =    -68169.2320  EKtot   =     16516.2773  EPtot      =    -84685.5093
 BOND   =     14615.6219  ANGLE   =        -0.0000  DIHED      =        -0.0000
 1-4 NB =         0.0000  1-4 EEL =        -0.0000  VDWAALS    =     22586.2603
 EELEC  =   -121887.3915  EHBOND  =         0.0000  RESTRAINT  =         0.0000
 DV/DL  =        88.6532
 ------------------------------------------------------------------------------

  Softcore part of the system:       7 atoms,       TEMP(K)    =         290.06
 SC_Etot=        27.8296  SC_EKtot=         6.0523  SC_EPtot   =        21.7773
 SC_BOND=         0.9976  SC_ANGLE=         4.6483  SC_DIHED   =         5.2956
 SC_14NB=         0.4253  SC_14EEL=        10.4105  SC_VDW     =         0.0000
 SC_EEL =         0.0000
 SC_RES_DIST=     0.0000  SC_RES_ANG=       0.0000  SC_RES_TORS=         0.0000
 SC_EEL_DER=      7.9662  SC_VDW_DER=      -0.2946  SC_DERIV   =         7.6716
 ------------------------------------------------------------------------------


| TI region  2


 NSTEP =   170000   TIME(PS) =     170.000  TEMP(K) =   265.81  PRESS =     0.0
 Etot   =    -68175.2843  EKtot   =     16510.2250  EPtot      =    -84685.5093
 BOND   =     14615.6219  ANGLE   =        -0.0000  DIHED      =        -0.0000
 1-4 NB =         0.0000  1-4 EEL =        -0.0000  VDWAALS    =     22586.2603
 EELEC  =   -121887.3915  EHBOND  =         0.0000  RESTRAINT  =         0.0000
 DV/DL  =        88.6532
 ------------------------------------------------------------------------------

 NMR restraints: Bond =    0.000   Angle =     0.000   Torsion =     0.000
===============================================================================

| TI region  1


 NSTEP =   175000   TIME(PS) =     175.000  TEMP(K) =   276.28  PRESS =     0.0
 Etot   =    -66518.3013  EKtot   =     17166.2559  EPtot      =    -83684.5572
 BOND   =     14939.8328  ANGLE   =        -0.0000  DIHED      =        -0.0000
 1-4 NB =         0.0000  1-4 EEL =         0.0000  VDWAALS    =     21916.5769
 EELEC  =   -120540.9670  EHBOND  =         0.0000  RESTRAINT  =         0.0000
 DV/DL  =        68.8000
 ------------------------------------------------------------------------------

  Softcore part of the system:       7 atoms,       TEMP(K)    =         194.83
 SC_Etot=        26.0272  SC_EKtot=         4.0652  SC_EPtot   =        21.9619
 SC_BOND=         2.1856  SC_ANGLE=         4.0671  SC_DIHED   =         5.2174
 SC_14NB=         0.1894  SC_14EEL=        10.3024  SC_VDW     =         0.0000
 SC_EEL =         0.0000
 SC_RES_DIST=     0.0000  SC_RES_ANG=       0.0000  SC_RES_TORS=         0.0000
 SC_EEL_DER=      7.1458  SC_VDW_DER=      -8.0528  SC_DERIV   =        -0.9069
 ------------------------------------------------------------------------------


| TI region  2


 NSTEP =   175000   TIME(PS) =     175.000  TEMP(K) =   276.30  PRESS =     0.0
 Etot   =    -66522.3665  EKtot   =     17162.1906  EPtot      =    -83684.5572
 BOND   =     14939.8328  ANGLE   =        -0.0000  DIHED      =        -0.0000
 1-4 NB =         0.0000  1-4 EEL =         0.0000  VDWAALS    =     21916.5769
 EELEC  =   -120540.9670  EHBOND  =         0.0000  RESTRAINT  =         0.0000
 DV/DL  =        68.8000
 ------------------------------------------------------------------------------

 NMR restraints: Bond =    0.000   Angle =     0.000   Torsion =     0.000
===============================================================================

| TI region  1


 NSTEP =   180000   TIME(PS) =     180.000  TEMP(K) =   281.25  PRESS =     0.0
 Etot   =    -65281.7920  EKtot   =     17475.2773  EPtot      =    -82757.0693
 BOND   =     14914.6016  ANGLE   =         0.0000  DIHED      =         0.0000
 1-4 NB =         0.0000  1-4 EEL =         0.0000  VDWAALS    =     21514.9378
 EELEC  =   -119186.6087  EHBOND  =         0.0000  RESTRAINT  =         0.0000
 DV/DL  =        80.7416
 ------------------------------------------------------------------------------

  Softcore part of the system:       7 atoms,       TEMP(K)    =         422.92
 SC_Etot=        29.4094  SC_EKtot=         8.8244  SC_EPtot   =        20.5850
 SC_BOND=         0.8541  SC_ANGLE=         3.4597  SC_DIHED   =         5.2170
 SC_14NB=         0.4604  SC_14EEL=        10.5938  SC_VDW     =         0.0000
 SC_EEL =         0.0000
 SC_RES_DIST=     0.0000  SC_RES_ANG=       0.0000  SC_RES_TORS=         0.0000
 SC_EEL_DER=      7.0668  SC_VDW_DER=       0.0283  SC_DERIV   =         7.0951
 ------------------------------------------------------------------------------


| TI region  2


 NSTEP =   180000   TIME(PS) =     180.000  TEMP(K) =   281.20  PRESS =     0.0
 Etot   =    -65290.6164  EKtot   =     17466.4529  EPtot      =    -82757.0693
 BOND   =     14914.6016  ANGLE   =         0.0000  DIHED      =         0.0000
 1-4 NB =         0.0000  1-4 EEL =         0.0000  VDWAALS    =     21514.9378
 EELEC  =   -119186.6087  EHBOND  =         0.0000  RESTRAINT  =         0.0000
 DV/DL  =        80.7416
 ------------------------------------------------------------------------------

 NMR restraints: Bond =    0.000   Angle =     0.000   Torsion =     0.000
===============================================================================

| TI region  1


 NSTEP =   185000   TIME(PS) =     185.000  TEMP(K) =   289.74  PRESS =     0.0
 Etot   =    -63903.5600  EKtot   =     18002.6074  EPtot      =    -81906.1675
 BOND   =     15155.4834  ANGLE   =        -0.0000  DIHED      =         0.0000
 1-4 NB =         0.0000  1-4 EEL =        -0.0000  VDWAALS    =     21256.7570
 EELEC  =   -118318.4079  EHBOND  =         0.0000  RESTRAINT  =         0.0000
 DV/DL  =        70.5228
 ------------------------------------------------------------------------------

  Softcore part of the system:       7 atoms,       TEMP(K)    =         236.10
 SC_Etot=        29.6048  SC_EKtot=         4.9264  SC_EPtot   =        24.6784
 SC_BOND=         3.4950  SC_ANGLE=         5.4964  SC_DIHED   =         5.2093
 SC_14NB=         0.1580  SC_14EEL=        10.3197  SC_VDW     =         0.0000
 SC_EEL =         0.0000
 SC_RES_DIST=     0.0000  SC_RES_ANG=       0.0000  SC_RES_TORS=         0.0000
 SC_EEL_DER=      6.1291  SC_VDW_DER=      -4.6363  SC_DERIV   =         1.4928
 ------------------------------------------------------------------------------


| TI region  2


 NSTEP =   185000   TIME(PS) =     185.000  TEMP(K) =   289.75  PRESS =     0.0
 Etot   =    -63908.4864  EKtot   =     17997.6810  EPtot      =    -81906.1675
 BOND   =     15155.4834  ANGLE   =        -0.0000  DIHED      =         0.0000
 1-4 NB =         0.0000  1-4 EEL =        -0.0000  VDWAALS    =     21256.7570
 EELEC  =   -118318.4079  EHBOND  =         0.0000  RESTRAINT  =         0.0000
 DV/DL  =        70.5228
 ------------------------------------------------------------------------------

 NMR restraints: Bond =    0.000   Angle =     0.000   Torsion =     0.000
===============================================================================

| TI region  1


 NSTEP =   190000   TIME(PS) =     190.000  TEMP(K) =   298.42  PRESS =     0.0
 Etot   =    -61984.7257  EKtot   =     18542.0117  EPtot      =    -80526.7374
 BOND   =     15020.9949  ANGLE   =         0.0000  DIHED      =        -0.0000
 1-4 NB =         0.0000  1-4 EEL =         0.0000  VDWAALS    =     20410.3237
 EELEC  =   -115958.0560  EHBOND  =         0.0000  RESTRAINT  =         0.0000
 DV/DL  =        82.8536
 ------------------------------------------------------------------------------

  Softcore part of the system:       7 atoms,       TEMP(K)    =         379.07
 SC_Etot=        30.9358  SC_EKtot=         7.9095  SC_EPtot   =        23.0263
 SC_BOND=         2.4505  SC_ANGLE=         4.8630  SC_DIHED   =         5.3707
 SC_14NB=         0.1320  SC_14EEL=        10.2101  SC_VDW     =         0.0000
 SC_EEL =         0.0000
 SC_RES_DIST=     0.0000  SC_RES_ANG=       0.0000  SC_RES_TORS=         0.0000
 SC_EEL_DER=      8.4030  SC_VDW_DER=      -1.6326  SC_DERIV   =         6.7704
 ------------------------------------------------------------------------------


| TI region  2


 NSTEP =   190000   TIME(PS) =     190.000  TEMP(K) =   298.39  PRESS =     0.0
 Etot   =    -61992.6352  EKtot   =     18534.1022  EPtot      =    -80526.7374
 BOND   =     15020.9949  ANGLE   =         0.0000  DIHED      =        -0.0000
 1-4 NB =         0.0000  1-4 EEL =         0.0000  VDWAALS    =     20410.3237
 EELEC  =   -115958.0560  EHBOND  =         0.0000  RESTRAINT  =         0.0000
 DV/DL  =        82.8536
 ------------------------------------------------------------------------------

 NMR restraints: Bond =    0.000   Angle =     0.000   Torsion =     0.000
===============================================================================

| TI region  1


 NSTEP =   195000   TIME(PS) =     195.000  TEMP(K) =   297.70  PRESS =     0.0
 Etot   =    -61607.8775  EKtot   =     18497.5234  EPtot      =    -80105.4010
 BOND   =     14972.5683  ANGLE   =         0.0000  DIHED      =         0.0000
 1-4 NB =         0.0000  1-4 EEL =        -0.0000  VDWAALS    =     20627.8168
 EELEC  =   -115705.7860  EHBOND  =         0.0000  RESTRAINT  =         0.0000
 DV/DL  =        68.9184
 ------------------------------------------------------------------------------

  Softcore part of the system:       7 atoms,       TEMP(K)    =         353.82
 SC_Etot=        27.8697  SC_EKtot=         7.3827  SC_EPtot   =        20.4870
 SC_BOND=         0.4919  SC_ANGLE=         4.1479  SC_DIHED   =         5.2828
 SC_14NB=         0.2235  SC_14EEL=        10.3408  SC_VDW     =         0.0000
 SC_EEL =         0.0000
 SC_RES_DIST=     0.0000  SC_RES_ANG=       0.0000  SC_RES_TORS=         0.0000
 SC_EEL_DER=      9.6771  SC_VDW_DER=      -4.4663  SC_DERIV   =         5.2109
 ------------------------------------------------------------------------------


| TI region  2


 NSTEP =   195000   TIME(PS) =     195.000  TEMP(K) =   297.68  PRESS =     0.0
 Etot   =    -61615.2602  EKtot   =     18490.1408  EPtot      =    -80105.4010
 BOND   =     14972.5683  ANGLE   =         0.0000  DIHED      =         0.0000
 1-4 NB =         0.0000  1-4 EEL =        -0.0000  VDWAALS    =     20627.8168
 EELEC  =   -115705.7860  EHBOND  =         0.0000  RESTRAINT  =         0.0000
 DV/DL  =        68.9184
 ------------------------------------------------------------------------------

 NMR restraints: Bond =    0.000   Angle =     0.000   Torsion =     0.000
===============================================================================

| TI region  1


 NSTEP =   200000   TIME(PS) =     200.000  TEMP(K) =   301.91  PRESS =     0.0
 Etot   =    -61173.7985  EKtot   =     18759.2949  EPtot      =    -79933.0934
 BOND   =     15101.0826  ANGLE   =         0.0000  DIHED      =         0.0000
 1-4 NB =         0.0000  1-4 EEL =        -0.0000  VDWAALS    =     20478.1917
 EELEC  =   -115512.3676  EHBOND  =         0.0000  RESTRAINT  =         0.0000
 DV/DL  =        67.6064
 ------------------------------------------------------------------------------

  Softcore part of the system:       7 atoms,       TEMP(K)    =         291.57
 SC_Etot=        30.9276  SC_EKtot=         6.0838  SC_EPtot   =        24.8438
 SC_BOND=         4.5549  SC_ANGLE=         4.5048  SC_DIHED   =         5.2245
 SC_14NB=         0.2864  SC_14EEL=        10.2733  SC_VDW     =         0.0000
 SC_EEL =         0.0000
 SC_RES_DIST=     0.0000  SC_RES_ANG=       0.0000  SC_RES_TORS=         0.0000
 SC_EEL_DER=     14.8063  SC_VDW_DER=     -23.0213  SC_DERIV   =        -8.2150
 ------------------------------------------------------------------------------


| TI region  2


 NSTEP =   200000   TIME(PS) =     200.000  TEMP(K) =   301.92  PRESS =     0.0
 Etot   =    -61179.8823  EKtot   =     18753.2111  EPtot      =    -79933.0934
 BOND   =     15101.0826  ANGLE   =         0.0000  DIHED      =         0.0000
 1-4 NB =         0.0000  1-4 EEL =        -0.0000  VDWAALS    =     20478.1917
 EELEC  =   -115512.3676  EHBOND  =         0.0000  RESTRAINT  =         0.0000
 DV/DL  =        67.6064
 ------------------------------------------------------------------------------

 NMR restraints: Bond =    0.000   Angle =     0.000   Torsion =     0.000
===============================================================================

| TI region  1


      A V E R A G E S   O V E R      40 S T E P S


 NSTEP =   200000   TIME(PS) =     200.000  TEMP(K) =   160.24  PRESS =     0.0
 Etot   =    -81566.1841  EKtot   =      9956.3991  EPtot      =    -91522.5832
 BOND   =     12743.3439  ANGLE   =        -0.0000  DIHED      =        -0.0000
 1-4 NB =         0.0000  1-4 EEL =        -0.0000  VDWAALS    =     23997.6559
 EELEC  =   -128263.5830  EHBOND  =         0.0000  RESTRAINT  =         0.0000
 DV/DL  =        84.8900
 ------------------------------------------------------------------------------

 NMR restraints: Bond =    0.000   Angle =     0.000   Torsion =     0.000
===============================================================================
  Softcore part of the system:       7 atoms,       TEMP(K)    =         175.16
 SC_Etot=        24.7359  SC_EKtot=         3.6549  SC_EPtot   =        21.0810
 SC_BOND=         1.1793  SC_ANGLE=         3.9690  SC_DIHED   =         5.2466
 SC_14NB=         0.2914  SC_14EEL=        10.3948  SC_VDW     =         0.0000
 SC_EEL =         0.0000
 SC_RES_DIST=     0.0000  SC_RES_ANG=       0.0000  SC_RES_TORS=         0.0000
 SC_EEL_DER=     10.6585  SC_VDW_DER=      -2.8707  SC_DERIV   =         7.7878
 ------------------------------------------------------------------------------


      R M S  F L U C T U A T I O N S


 NSTEP =   200000   TIME(PS) =     200.000  TEMP(K) =    89.85  PRESS =     0.0
 Etot   =     11449.8452  EKtot   =      5582.8056  EPtot      =      5906.1316
 BOND   =      1741.1764  ANGLE   =         0.0000  DIHED      =         0.0000
 1-4 NB =         0.0000  1-4 EEL =         0.0000  VDWAALS    =      1492.7444
 EELEC  =      5723.7228  EHBOND  =         0.0000  RESTRAINT  =         0.0000
 DV/DL  =        10.3235
 ------------------------------------------------------------------------------

  Softcore part of the system:       7 atoms,       TEMP(K)    =         124.17
 SC_Etot=         3.7114  SC_EKtot=         2.5909  SC_EPtot   =         1.4850
 SC_BOND=         1.0324  SC_ANGLE=         0.7399  SC_DIHED   =         0.0540
 SC_14NB=         0.1261  SC_14EEL=         0.1133  SC_VDW     =         0.0000
 SC_EEL =         0.0000
 SC_RES_DIST=     0.0000  SC_RES_ANG=       0.0000  SC_RES_TORS=         0.0000
 SC_EEL_DER=      2.7421  SC_VDW_DER=       3.7285  SC_DERIV   =         3.8108
 ------------------------------------------------------------------------------


| TI region  2


      A V E R A G E S   O V E R      40 S T E P S


 NSTEP =   200000   TIME(PS) =     200.000  TEMP(K) =   160.23  PRESS =     0.0
 Etot   =    -81569.8390  EKtot   =      9952.7442  EPtot      =    -91522.5832
 BOND   =     12743.3439  ANGLE   =        -0.0000  DIHED      =        -0.0000
 1-4 NB =         0.0000  1-4 EEL =        -0.0000  VDWAALS    =     23997.6559
 EELEC  =   -128263.5830  EHBOND  =         0.0000  RESTRAINT  =         0.0000
 DV/DL  =        84.8900
 ------------------------------------------------------------------------------

 NMR restraints: Bond =    0.000   Angle =     0.000   Torsion =     0.000
===============================================================================

      R M S  F L U C T U A T I O N S


 NSTEP =   200000   TIME(PS) =     200.000  TEMP(K) =    89.85  PRESS =     0.0
 Etot   =     11447.7470  EKtot   =      5580.7065  EPtot      =      5906.1316
 BOND   =      1741.1764  ANGLE   =         0.0000  DIHED      =         0.0000
 1-4 NB =         0.0000  1-4 EEL =         0.0000  VDWAALS    =      1492.7444
 EELEC  =      5723.7228  EHBOND  =         0.0000  RESTRAINT  =         0.0000
 DV/DL  =        10.3235
 ------------------------------------------------------------------------------


      DV/DL, AVERAGES OVER      40 STEPS


 NSTEP =   200000   TIME(PS) =     200.000  TEMP(K) =    89.85  PRESS =     0.0
 Etot   =         0.0000  EKtot   =         0.0000  EPtot      =        84.8900
 BOND   =         0.0000  ANGLE   =         0.0000  DIHED      =         0.0000
 1-4 NB =         0.0000  1-4 EEL =         0.0000  VDWAALS    =         5.1555
 EELEC  =        71.9466  EHBOND  =         0.0000  RESTRAINT  =         0.0000
 DV/DL  =        84.8900
 ------------------------------------------------------------------------------


 NMR restraints on final step:

--------------------------------------------------------------------------------
   5.  TIMINGS
--------------------------------------------------------------------------------

|  NonSetup CPU Time in Major Routines:
|
|     Routine           Sec        %
|     ------------------------------
|     Nonbond         147.16   30.03
|     Bond              0.00    0.00
|     Angle             0.00    0.00
|     Dihedral          0.00    0.00
|     Shake             0.00    0.00
|     RunMD           342.22   69.85
|     Other             0.59    0.12
|     ------------------------------
|     Total           489.97

|  PME Nonbond Pairlist CPU Time:
|
|     Routine              Sec        %
|     ---------------------------------
|     Set Up Cit           0.00    0.00
|     Build List           0.00    0.00
|     ---------------------------------
|     Total                0.00    0.00

|  PME Direct Force CPU Time:
|
|     Routine              Sec        %
|     ---------------------------------
|     NonBonded Calc       0.00    0.00
|     Exclude Masked       0.00    0.00
|     Other                0.40    0.08
|     ---------------------------------
|     Total                0.40    0.08

|  PME Reciprocal Force CPU Time:
|
|     Routine              Sec        %
|     ---------------------------------
|     1D bspline           0.00    0.00
|     Grid Charges         0.00    0.00
|     Scalar Sum           0.00    0.00
|     Gradient Sum         0.00    0.00
|     FFT                  0.00    0.00
|     ---------------------------------
|     Total                0.00    0.00

|  Final Performance Info:
|     -----------------------------------------------------
|     Average timings for last       1 steps:
|     Elapsed(s) =       0.00 Per Step(ms) =       2.84
|         ns/day =      30.41   seconds/ns =    2841.06
|
|     Average timings for all steps:
|     Elapsed(s) =     490.62 Per Step(ms) =       2.45
|         ns/day =      35.22   seconds/ns =    2453.11
|     -----------------------------------------------------

|  Setup CPU time:            0.54 seconds
|  NonSetup CPU time:       489.97 seconds
|  Total CPU time:          490.51 seconds     0.14 hours

|  Setup wall time:           0    seconds
|  NonSetup wall time:      491    seconds
|  Total wall time:         491    seconds     0.14 hours
