
          -------------------------------------------------------
          Amber 18 PMEMD                              2018
          -------------------------------------------------------

| PMEMD implementation of SANDER, Release 18

| Run on 07/30/2020 at 16:58:48

|   Executable path: /opt/software/Amber/18-foss-2018b-AmberTools-19/bin/pmemd.cuda
| Working directory: /mnt/gs18/scratch/users/songlin3/run/1264_optimization/acetate/ti3p_gas/0.04794
|          Hostname: lac-031

  [-O]verwriting output

File Assignments:
|   MDIN: heat.in                                                               
|  MDOUT: heat.out                                                              
| INPCRD: min.rst                                                               
|   PARM: step2_final.prmtop                                                    
| RESTRT: heat.rst                                                              
|   REFC: min.rst                                                               
|  MDVEL: mdvel                                                                 
|   MDEN: mden                                                                  
|  MDCRD: heat.netcdf                                                           
| MDINFO: heat.mdinfo                                                           
|  MDFRC: mdfrc                                                                 


 Here is the input file:

nvt for free MD                                                                
 &cntrl                                                                        
  imin=0,                                                                      
  irest=0,                                                                     
  ntx=1,                                                                       
  ig=-1,                                                                       
  nstlim=200000,                                                               
  dt=0.001,                                                                    
  cut=10.0,                                                                    
  ntc=1,                                                                       
  ntf=1,                                                                       
  ntb=1,                                                                       
  ntt=3,                                                                       
  gamma_ln=2.0,                                                                
  tempi=0.0,                                                                   
  temp0=300.0,                                                                 
  ntpr=5000,                                                                   
  ntwr=5000,                                                                   
  ntwx=10000,                                                                  
  ntwv=0,                                                                      
  ioutfm=1,                                                                    
  iwrap=0,                                                                     
  nmropt=1,                                                                    
  ifsc = 1, icfe=1,                                                            
  clambda=0.04794,                                                             
  timask1=':1', scmask1=':1', scmask2='',                                      
  timask2='',                                                                  
/                                                                              
&wt TYPE='TEMP0', istep1=0, istep2=190000, value1=0.0, value2=300.0 /          
&wt TYPE='TEMP0', istep1=190001, istep2=200000, value1=300.0, value2=300.0 /   
&wt TYPE='DUMPFREQ', istep1=10000, /                                           
&wt TYPE='END', /                                                              


Note: ig = -1. Setting random seed to   548970 based on wallclock time in 
      microseconds.
| irandom = 1, using AMBER's internal random number generator (default).
 
|--------------------- INFORMATION ----------------------
| GPU (CUDA) Version of PMEMD in use: NVIDIA GPU IN USE.
|                    Version 18.0.0
| 
|                      03/25/2018
| 
| Implementation by:
|                    Ross C. Walker     (SDSC)
|                    Scott Le Grand     (nVIDIA)
| 
| Version 18 performance extensions by:
|                    David Cerutti     (Rutgers)
| 
| Precision model in use:
|      [SPFP] - Single Precision Forces, 64-bit Fixed Point
|               Accumulation. (Default)
| 
|--------------------------------------------------------
 
|----------------- CITATION INFORMATION -----------------
|
|    When publishing work that utilized the CUDA version
|    of AMBER, please cite the following in addition to
|    the regular AMBER citations:
|
|  - Romelia Salomon-Ferrer; Andreas W. Goetz; Duncan
|    Poole; Scott Le Grand; Ross C. Walker "Routine
|    microsecond molecular dynamics simulations with
|    AMBER - Part II: Particle Mesh Ewald", J. Chem.
|    Theory Comput., 2013, 9 (9), pp3878-3888,
|    DOI: 10.1021/ct400314y.
|
|  - Andreas W. Goetz; Mark J. Williamson; Dong Xu;
|    Duncan Poole; Scott Le Grand; Ross C. Walker
|    "Routine microsecond molecular dynamics simulations
|    with AMBER - Part I: Generalized Born", J. Chem.
|    Theory Comput., 2012, 8 (5), pp1542-1555.
|
|  - Scott Le Grand; Andreas W. Goetz; Ross C. Walker
|    "SPFP: Speed without compromise - a mixed precision
|    model for GPU accelerated molecular dynamics
|    simulations.", Comp. Phys. Comm., 2013, 184
|    pp374-380, DOI: 10.1016/j.cpc.2012.09.022
|
|    When publishing work that utilized the CUDA version
|    of TI, BAR, MBAR or FEP please cite the following 
|    three publications in addition to the regular AMBER 
|    GPU citations:
|
|  - Daniel J. Mermelstein; Charles Lin; Gard Nelson; 
|    Rachael Kretsch; J. Andrew McCammon; Ross C. Walker
|    "Fast and Flexible GPU Accelerated Binding 
|    Free Energy Calculations within the AMBER Molecular
|    Dynamics Package" J. Comp. Chem., 2018,
|    DOI: 10.1002/jcc.25187
|
|  - Tai-Sung Lee; Yuan Hu; Brad Sherborne; Zhuyan Guo;
|    Darrin M. York
|    "Toward Fast and Accurate Binding Affinity Prediction with
|    pmemdGTI: An Efficient Implementation of GPU-Accelerated
|    Thermodynamic Integration"
|    J. Chem. Theory Comput., 2017, 13 (7), 3077
|
|
|--------------------------------------------------------
 
|------------------- GPU DEVICE INFO --------------------
|
|            CUDA_VISIBLE_DEVICES: 0
|   CUDA Capable Devices Detected:      1
|           CUDA Device ID in use:      0
|                CUDA Device Name: Tesla K80
|     CUDA Device Global Mem Size:  12206 MB
| CUDA Device Num Multiprocessors:     13
|           CUDA Device Core Freq:   0.82 GHz
|
|--------------------------------------------------------
 
 
| Conditional Compilation Defines Used:
| PUBFFT
| BINTRAJ
| CUDA
| EMIL

| Largest sphere to fit in unit cell has radius =    27.333

| New format PARM file being parsed.
| Version =    1.000 Date = 07/20/20 Time = 15:34:18

| Note: 1-4 EEL scale factors are being read from the topology file.

| Note: 1-4 VDW scale factors are being read from the topology file.
| Duplicated    0 dihedrals

| Duplicated    0 dihedrals

--------------------------------------------------------------------------------
   1.  RESOURCE   USE: 
--------------------------------------------------------------------------------

 getting box info from netcdf restart file
 NATOM  =       7 NTYPES =       6 NBONH =       3 MBONA  =       3
 NTHETH =       6 MTHETA =       3 NPHIH =      12 MPHIA  =       1
 NHPARM =       0 NPARM  =       0 NNB   =      22 NRES   =       1
 NBONA  =       3 NTHETA =       3 NPHIA =       1 NUMBND =       3
 NUMANG =       4 NPTRA  =       3 NATYP =       6 NPHB   =       1
 IFBOX  =       2 NMXRS  =       7 IFCAP =       0 NEXTRA =       0
 NCOPY  =       0

| Coordinate Index Table dimensions:    10   10   10
| Direct force subcell size =     6.6953    6.6953    6.6953

     BOX TYPE: TRUNCATED OCTAHEDRON

--------------------------------------------------------------------------------
   2.  CONTROL  DATA  FOR  THE  RUN
--------------------------------------------------------------------------------

default_name                                                                    

General flags:
     imin    =       0, nmropt  =       1

Nature and format of input:
     ntx     =       1, irest   =       0, ntrx    =       1

Nature and format of output:
     ntxo    =       2, ntpr    =    5000, ntrx    =       1, ntwr    =    5000
     iwrap   =       0, ntwx    =   10000, ntwv    =       0, ntwe    =       0
     ioutfm  =       1, ntwprt  =       0, idecomp =       0, rbornstat=      0

Potential function:
     ntf     =       1, ntb     =       1, igb     =       0, nsnb    =      25
     ipol    =       0, gbsa    =       0, iesp    =       0
     dielc   =   1.00000, cut     =  10.00000, intdiel =   1.00000

Frozen or restrained atoms:
     ibelly  =       0, ntr     =       0

Molecular dynamics:
     nstlim  =    200000, nscm    =      1000, nrespa  =         1
     t       =   0.00000, dt      =   0.00100, vlimit  =  -1.00000

Langevin dynamics temperature regulation:
     ig      =  548970
     temp0   = 300.00000, tempi   =   0.00000, gamma_ln=   2.00000

NMR refinement options:
     iscale  =       0, noeskp  =       1, ipnlty  =       1, mxsub   =       1
     scalm   = 100.00000, pencut  =   0.10000, tausw   =   0.10000

Free energy options:
     icfe    =       1, ifsc    =       1, klambda =       1
     clambda =  0.0479, scalpha =  0.5000, scbeta  = 12.0000
     sceeorder =       2
     dynlmb =  0.0000 logdvdl =       0

| Intermolecular bonds treatment:
|     no_intermolecular_bonds =       1

| Energy averages sample interval:
|     ene_avg_sampling =    5000

Ewald parameters:
     verbose =       0, ew_type =       0, nbflag  =       1, use_pme =       1
     vdwmeth =       1, eedmeth =       1, netfrc  =       1
     Box X =   66.953   Box Y =   66.953   Box Z =   66.953
     Alpha =  109.471   Beta  =  109.471   Gamma =  109.471
     NFFT1 =   64       NFFT2 =   64       NFFT3 =   64
     Cutoff=   10.000   Tol   =0.100E-04
     Ewald Coefficient =  0.27511
     Interpolation order =    4
     TI Mask 1 :1; matches      7 atoms
     TI Mask 2  matches      0 atoms
     TI region 1:       7 atoms
     TI region 2:       0 atoms
     SC Mask 1 :1; matches      7 atoms

--------------------------------------------------------------------------------
   3.  ATOMIC COORDINATES AND VELOCITIES
--------------------------------------------------------------------------------

default_name                                                                    
 begin time read from input coords =     0.000 ps



           Begin reading energy term weight changes/NMR restraints
 WEIGHT CHANGES:
 TEMP0         0 190000    0.000000  300.000000      0      0
 TEMP0    190001 200000  300.000000  300.000000      0      0
 DUMPFREQ  10000      0    0.000000    0.000000      0      0

 RESTRAINTS:
                          ** No restraint defined **

                  Done reading weight changes/NMR restraints


 
 Number of triangulated 3-point waters found:        0
 Number of shake restraints removed in TI region  1 :        0
 Number of shake restraints removed in TI region  2 :        0

     Sum of charges for TI region  1 =  -0.99999900
     Assuming uniform neutralizing plasma


     Sum of charges for TI region  2 =   0.00000000
     Forcing neutrality...

| Dynamic Memory, Types Used:
| Reals              143862
| Integers              648

| Nonbonded Pairs Initial Allocation:        2117

| GPU memory information (estimate):
| KB of GPU memory in use:         0
| KB of CPU memory in use:         0

--------------------------------------------------------------------------------
   4.  RESULTS
--------------------------------------------------------------------------------

   DOF for the SC part  1 of the system:   21

| TI region  1


 NSTEP =        0   TIME(PS) =       0.000  TEMP(K) =     0.00  PRESS =     0.0
 Etot   =        -7.4312  EKtot   =         0.0000  EPtot      =        -7.4312
 BOND   =         0.0000  ANGLE   =         0.0000  DIHED      =        -0.0000
 1-4 NB =         0.0000  1-4 EEL =        -0.0000  VDWAALS    =        -0.0001
 EELEC  =        -7.4311  EHBOND  =         0.0000  RESTRAINT  =         0.0000
 DV/DL  =         7.8054
 ------------------------------------------------------------------------------

  Softcore part of the system:       7 atoms,       TEMP(K)    =           0.00
 SC_Etot=        18.7703  SC_EKtot=         0.0000  SC_EPtot   =        18.7703
 SC_BOND=         0.0435  SC_ANGLE=         2.8175  SC_DIHED   =         5.2200
 SC_14NB=         0.2740  SC_14EEL=        10.4153  SC_VDW     =         0.0000
 SC_EEL =         0.0000
 SC_RES_DIST=     0.0000  SC_RES_ANG=       0.0000  SC_RES_TORS=         0.0000
 SC_EEL_DER=      0.0000  SC_VDW_DER=       0.0000  SC_DERIV   =         0.0000
 ------------------------------------------------------------------------------


| TI region  2


 NSTEP =        0   TIME(PS) =       0.000  TEMP(K) =      NaN  PRESS =     0.0
 Etot   =        -7.4312  EKtot   =         0.0000  EPtot      =        -7.4312
 BOND   =         0.0000  ANGLE   =         0.0000  DIHED      =        -0.0000
 1-4 NB =         0.0000  1-4 EEL =        -0.0000  VDWAALS    =        -0.0001
 EELEC  =        -7.4311  EHBOND  =         0.0000  RESTRAINT  =         0.0000
 DV/DL  =         7.8054
 ------------------------------------------------------------------------------

 NMR restraints: Bond =    0.000   Angle =     0.000   Torsion =     0.000
===============================================================================

| TI region  1


 NSTEP =     5000   TIME(PS) =       5.000  TEMP(K) =     8.83  PRESS =     0.0
 Etot   =        -7.2504  EKtot   =         0.1843  EPtot      =        -7.4347
 BOND   =        -0.0000  ANGLE   =         0.0000  DIHED      =        -0.0000
 1-4 NB =         0.0000  1-4 EEL =        -0.0000  VDWAALS    =        -0.0001
 EELEC  =        -7.4346  EHBOND  =         0.0000  RESTRAINT  =         0.0000
 DV/DL  =         7.8091
 ------------------------------------------------------------------------------

  Softcore part of the system:       7 atoms,       TEMP(K)    =           8.83
 SC_Etot=        19.0262  SC_EKtot=         0.1843  SC_EPtot   =        18.8418
 SC_BOND=         0.0561  SC_ANGLE=         2.8521  SC_DIHED   =         5.2224
 SC_14NB=         0.2963  SC_14EEL=        10.4150  SC_VDW     =         0.0000
 SC_EEL =         0.0000
 SC_RES_DIST=     0.0000  SC_RES_ANG=       0.0000  SC_RES_TORS=         0.0000
 SC_EEL_DER=      0.0000  SC_VDW_DER=       0.0000  SC_DERIV   =         0.0000
 ------------------------------------------------------------------------------


| TI region  2


 NSTEP =     5000   TIME(PS) =       5.000  TEMP(K) = Infinity  PRESS =     0.0
 Etot   =        -7.4347  EKtot   =         0.0000  EPtot      =        -7.4347
 BOND   =        -0.0000  ANGLE   =         0.0000  DIHED      =        -0.0000
 1-4 NB =         0.0000  1-4 EEL =        -0.0000  VDWAALS    =        -0.0001
 EELEC  =        -7.4346  EHBOND  =         0.0000  RESTRAINT  =         0.0000
 DV/DL  =         7.8091
 ------------------------------------------------------------------------------

 NMR restraints: Bond =    0.000   Angle =     0.000   Torsion =     0.000
===============================================================================

| TI region  1


 NSTEP =    10000   TIME(PS) =      10.000  TEMP(K) =    10.98  PRESS =     0.0
 Etot   =        -7.2086  EKtot   =         0.2290  EPtot      =        -7.4376
 BOND   =         0.0000  ANGLE   =        -0.0000  DIHED      =         0.0000
 1-4 NB =         0.0000  1-4 EEL =        -0.0000  VDWAALS    =        -0.0001
 EELEC  =        -7.4375  EHBOND  =         0.0000  RESTRAINT  =         0.0000
 DV/DL  =         7.8121
 ------------------------------------------------------------------------------

  Softcore part of the system:       7 atoms,       TEMP(K)    =          10.98
 SC_Etot=        19.2326  SC_EKtot=         0.2290  SC_EPtot   =        19.0035
 SC_BOND=         0.0335  SC_ANGLE=         2.9867  SC_DIHED   =         5.2186
 SC_14NB=         0.3082  SC_14EEL=        10.4565  SC_VDW     =         0.0000
 SC_EEL =         0.0000
 SC_RES_DIST=     0.0000  SC_RES_ANG=       0.0000  SC_RES_TORS=         0.0000
 SC_EEL_DER=      0.0000  SC_VDW_DER=       0.0000  SC_DERIV   =         0.0000
 ------------------------------------------------------------------------------


| TI region  2


 NSTEP =    10000   TIME(PS) =      10.000  TEMP(K) = Infinity  PRESS =     0.0
 Etot   =        -7.4376  EKtot   =         0.0000  EPtot      =        -7.4376
 BOND   =         0.0000  ANGLE   =        -0.0000  DIHED      =         0.0000
 1-4 NB =         0.0000  1-4 EEL =        -0.0000  VDWAALS    =        -0.0001
 EELEC  =        -7.4375  EHBOND  =         0.0000  RESTRAINT  =         0.0000
 DV/DL  =         7.8121
 ------------------------------------------------------------------------------

 NMR restraints: Bond =    0.000   Angle =     0.000   Torsion =     0.000
===============================================================================

| TI region  1


 NSTEP =    15000   TIME(PS) =      15.000  TEMP(K) =    25.58  PRESS =     0.0
 Etot   =        -6.8971  EKtot   =         0.5338  EPtot      =        -7.4309
 BOND   =         0.0000  ANGLE   =        -0.0000  DIHED      =        -0.0000
 1-4 NB =         0.0000  1-4 EEL =         0.0000  VDWAALS    =        -0.0001
 EELEC  =        -7.4308  EHBOND  =         0.0000  RESTRAINT  =         0.0000
 DV/DL  =         7.8051
 ------------------------------------------------------------------------------

  Softcore part of the system:       7 atoms,       TEMP(K)    =          25.58
 SC_Etot=        19.7212  SC_EKtot=         0.5338  SC_EPtot   =        19.1874
 SC_BOND=         0.3855  SC_ANGLE=         3.0209  SC_DIHED   =         5.2062
 SC_14NB=         0.2193  SC_14EEL=        10.3555  SC_VDW     =         0.0000
 SC_EEL =         0.0000
 SC_RES_DIST=     0.0000  SC_RES_ANG=       0.0000  SC_RES_TORS=         0.0000
 SC_EEL_DER=      0.0000  SC_VDW_DER=       0.0000  SC_DERIV   =         0.0000
 ------------------------------------------------------------------------------


| TI region  2


 NSTEP =    15000   TIME(PS) =      15.000  TEMP(K) =-Infinity  PRESS =     0.0
 Etot   =        -7.4309  EKtot   =        -0.0000  EPtot      =        -7.4309
 BOND   =         0.0000  ANGLE   =        -0.0000  DIHED      =        -0.0000
 1-4 NB =         0.0000  1-4 EEL =         0.0000  VDWAALS    =        -0.0001
 EELEC  =        -7.4308  EHBOND  =         0.0000  RESTRAINT  =         0.0000
 DV/DL  =         7.8051
 ------------------------------------------------------------------------------

 NMR restraints: Bond =    0.000   Angle =     0.000   Torsion =     0.000
===============================================================================

| TI region  1


 NSTEP =    20000   TIME(PS) =      20.000  TEMP(K) =    29.03  PRESS =     0.0
 Etot   =        -6.8276  EKtot   =         0.6058  EPtot      =        -7.4334
 BOND   =         0.0000  ANGLE   =        -0.0000  DIHED      =        -0.0000
 1-4 NB =         0.0000  1-4 EEL =         0.0000  VDWAALS    =        -0.0001
 EELEC  =        -7.4333  EHBOND  =         0.0000  RESTRAINT  =         0.0000
 DV/DL  =         7.8077
 ------------------------------------------------------------------------------

  Softcore part of the system:       7 atoms,       TEMP(K)    =          29.03
 SC_Etot=        20.0902  SC_EKtot=         0.6058  SC_EPtot   =        19.4844
 SC_BOND=         0.8102  SC_ANGLE=         2.9101  SC_DIHED   =         5.2256
 SC_14NB=         0.1990  SC_14EEL=        10.3395  SC_VDW     =         0.0000
 SC_EEL =         0.0000
 SC_RES_DIST=     0.0000  SC_RES_ANG=       0.0000  SC_RES_TORS=         0.0000
 SC_EEL_DER=      0.0000  SC_VDW_DER=       0.0000  SC_DERIV   =         0.0000
 ------------------------------------------------------------------------------


| TI region  2


 NSTEP =    20000   TIME(PS) =      20.000  TEMP(K) = Infinity  PRESS =     0.0
 Etot   =        -7.4334  EKtot   =         0.0000  EPtot      =        -7.4334
 BOND   =         0.0000  ANGLE   =        -0.0000  DIHED      =        -0.0000
 1-4 NB =         0.0000  1-4 EEL =         0.0000  VDWAALS    =        -0.0001
 EELEC  =        -7.4333  EHBOND  =         0.0000  RESTRAINT  =         0.0000
 DV/DL  =         7.8077
 ------------------------------------------------------------------------------

 NMR restraints: Bond =    0.000   Angle =     0.000   Torsion =     0.000
===============================================================================

| TI region  1


 NSTEP =    25000   TIME(PS) =      25.000  TEMP(K) =    43.41  PRESS =     0.0
 Etot   =        -6.5307  EKtot   =         0.9058  EPtot      =        -7.4365
 BOND   =        -0.0000  ANGLE   =        -0.0000  DIHED      =         0.0000
 1-4 NB =         0.0000  1-4 EEL =         0.0000  VDWAALS    =        -0.0001
 EELEC  =        -7.4364  EHBOND  =         0.0000  RESTRAINT  =         0.0000
 DV/DL  =         7.8110
 ------------------------------------------------------------------------------

  Softcore part of the system:       7 atoms,       TEMP(K)    =          43.41
 SC_Etot=        20.1228  SC_EKtot=         0.9058  SC_EPtot   =        19.2170
 SC_BOND=         0.1607  SC_ANGLE=         2.9981  SC_DIHED   =         5.2246
 SC_14NB=         0.3356  SC_14EEL=        10.4981  SC_VDW     =         0.0000
 SC_EEL =         0.0000
 SC_RES_DIST=     0.0000  SC_RES_ANG=       0.0000  SC_RES_TORS=         0.0000
 SC_EEL_DER=      0.0000  SC_VDW_DER=       0.0000  SC_DERIV   =         0.0000
 ------------------------------------------------------------------------------


| TI region  2


 NSTEP =    25000   TIME(PS) =      25.000  TEMP(K) = Infinity  PRESS =     0.0
 Etot   =        -7.4365  EKtot   =         0.0000  EPtot      =        -7.4365
 BOND   =        -0.0000  ANGLE   =        -0.0000  DIHED      =         0.0000
 1-4 NB =         0.0000  1-4 EEL =         0.0000  VDWAALS    =        -0.0001
 EELEC  =        -7.4364  EHBOND  =         0.0000  RESTRAINT  =         0.0000
 DV/DL  =         7.8110
 ------------------------------------------------------------------------------

 NMR restraints: Bond =    0.000   Angle =     0.000   Torsion =     0.000
===============================================================================

| TI region  1


 NSTEP =    30000   TIME(PS) =      30.000  TEMP(K) =    42.70  PRESS =     0.0
 Etot   =        -6.5412  EKtot   =         0.8910  EPtot      =        -7.4322
 BOND   =         0.0000  ANGLE   =        -0.0000  DIHED      =        -0.0000
 1-4 NB =         0.0000  1-4 EEL =         0.0000  VDWAALS    =        -0.0001
 EELEC  =        -7.4321  EHBOND  =         0.0000  RESTRAINT  =         0.0000
 DV/DL  =         7.8065
 ------------------------------------------------------------------------------

  Softcore part of the system:       7 atoms,       TEMP(K)    =          42.70
 SC_Etot=        20.0594  SC_EKtot=         0.8910  SC_EPtot   =        19.1684
 SC_BOND=         0.2111  SC_ANGLE=         3.0632  SC_DIHED   =         5.2198
 SC_14NB=         0.2613  SC_14EEL=        10.4130  SC_VDW     =         0.0000
 SC_EEL =         0.0000
 SC_RES_DIST=     0.0000  SC_RES_ANG=       0.0000  SC_RES_TORS=         0.0000
 SC_EEL_DER=      0.0000  SC_VDW_DER=       0.0000  SC_DERIV   =         0.0000
 ------------------------------------------------------------------------------


| TI region  2


 NSTEP =    30000   TIME(PS) =      30.000  TEMP(K) =-Infinity  PRESS =     0.0
 Etot   =        -7.4322  EKtot   =        -0.0000  EPtot      =        -7.4322
 BOND   =         0.0000  ANGLE   =        -0.0000  DIHED      =        -0.0000
 1-4 NB =         0.0000  1-4 EEL =         0.0000  VDWAALS    =        -0.0001
 EELEC  =        -7.4321  EHBOND  =         0.0000  RESTRAINT  =         0.0000
 DV/DL  =         7.8065
 ------------------------------------------------------------------------------

 NMR restraints: Bond =    0.000   Angle =     0.000   Torsion =     0.000
===============================================================================

| TI region  1


 NSTEP =    35000   TIME(PS) =      35.000  TEMP(K) =    50.93  PRESS =     0.0
 Etot   =        -6.3675  EKtot   =         1.0627  EPtot      =        -7.4302
 BOND   =        -0.0000  ANGLE   =        -0.0000  DIHED      =        -0.0000
 1-4 NB =         0.0000  1-4 EEL =        -0.0000  VDWAALS    =        -0.0001
 EELEC  =        -7.4301  EHBOND  =         0.0000  RESTRAINT  =         0.0000
 DV/DL  =         7.8043
 ------------------------------------------------------------------------------

  Softcore part of the system:       7 atoms,       TEMP(K)    =          50.93
 SC_Etot=        20.4884  SC_EKtot=         1.0627  SC_EPtot   =        19.4257
 SC_BOND=         0.3073  SC_ANGLE=         3.0319  SC_DIHED   =         5.2305
 SC_14NB=         0.3471  SC_14EEL=        10.5088  SC_VDW     =         0.0000
 SC_EEL =         0.0000
 SC_RES_DIST=     0.0000  SC_RES_ANG=       0.0000  SC_RES_TORS=         0.0000
 SC_EEL_DER=      0.0000  SC_VDW_DER=       0.0000  SC_DERIV   =         0.0000
 ------------------------------------------------------------------------------


| TI region  2


 NSTEP =    35000   TIME(PS) =      35.000  TEMP(K) = Infinity  PRESS =     0.0
 Etot   =        -7.4302  EKtot   =         0.0000  EPtot      =        -7.4302
 BOND   =        -0.0000  ANGLE   =        -0.0000  DIHED      =        -0.0000
 1-4 NB =         0.0000  1-4 EEL =        -0.0000  VDWAALS    =        -0.0001
 EELEC  =        -7.4301  EHBOND  =         0.0000  RESTRAINT  =         0.0000
 DV/DL  =         7.8043
 ------------------------------------------------------------------------------

 NMR restraints: Bond =    0.000   Angle =     0.000   Torsion =     0.000
===============================================================================

| TI region  1


 NSTEP =    40000   TIME(PS) =      40.000  TEMP(K) =    34.53  PRESS =     0.0
 Etot   =        -6.7136  EKtot   =         0.7204  EPtot      =        -7.4340
 BOND   =         0.0000  ANGLE   =         0.0000  DIHED      =        -0.0000
 1-4 NB =         0.0000  1-4 EEL =         0.0000  VDWAALS    =        -0.0001
 EELEC  =        -7.4339  EHBOND  =         0.0000  RESTRAINT  =         0.0000
 DV/DL  =         7.8083
 ------------------------------------------------------------------------------

  Softcore part of the system:       7 atoms,       TEMP(K)    =          34.53
 SC_Etot=        20.0622  SC_EKtot=         0.7204  SC_EPtot   =        19.3418
 SC_BOND=         0.1217  SC_ANGLE=         3.2043  SC_DIHED   =         5.2143
 SC_14NB=         0.3500  SC_14EEL=        10.4515  SC_VDW     =         0.0000
 SC_EEL =         0.0000
 SC_RES_DIST=     0.0000  SC_RES_ANG=       0.0000  SC_RES_TORS=         0.0000
 SC_EEL_DER=      0.0000  SC_VDW_DER=       0.0000  SC_DERIV   =         0.0000
 ------------------------------------------------------------------------------


| TI region  2


 NSTEP =    40000   TIME(PS) =      40.000  TEMP(K) = Infinity  PRESS =     0.0
 Etot   =        -7.4340  EKtot   =         0.0000  EPtot      =        -7.4340
 BOND   =         0.0000  ANGLE   =         0.0000  DIHED      =        -0.0000
 1-4 NB =         0.0000  1-4 EEL =         0.0000  VDWAALS    =        -0.0001
 EELEC  =        -7.4339  EHBOND  =         0.0000  RESTRAINT  =         0.0000
 DV/DL  =         7.8083
 ------------------------------------------------------------------------------

 NMR restraints: Bond =    0.000   Angle =     0.000   Torsion =     0.000
===============================================================================

| TI region  1


 NSTEP =    45000   TIME(PS) =      45.000  TEMP(K) =    70.10  PRESS =     0.0
 Etot   =        -5.9720  EKtot   =         1.4626  EPtot      =        -7.4346
 BOND   =        -0.0000  ANGLE   =        -0.0000  DIHED      =        -0.0000
 1-4 NB =         0.0000  1-4 EEL =         0.0000  VDWAALS    =        -0.0001
 EELEC  =        -7.4345  EHBOND  =         0.0000  RESTRAINT  =         0.0000
 DV/DL  =         7.8089
 ------------------------------------------------------------------------------

  Softcore part of the system:       7 atoms,       TEMP(K)    =          70.10
 SC_Etot=        21.0420  SC_EKtot=         1.4626  SC_EPtot   =        19.5793
 SC_BOND=         0.3830  SC_ANGLE=         3.3027  SC_DIHED   =         5.2419
 SC_14NB=         0.2602  SC_14EEL=        10.3915  SC_VDW     =         0.0000
 SC_EEL =         0.0000
 SC_RES_DIST=     0.0000  SC_RES_ANG=       0.0000  SC_RES_TORS=         0.0000
 SC_EEL_DER=      0.0000  SC_VDW_DER=       0.0000  SC_DERIV   =         0.0000
 ------------------------------------------------------------------------------


| TI region  2


 NSTEP =    45000   TIME(PS) =      45.000  TEMP(K) = Infinity  PRESS =     0.0
 Etot   =        -7.4346  EKtot   =         0.0000  EPtot      =        -7.4346
 BOND   =        -0.0000  ANGLE   =        -0.0000  DIHED      =        -0.0000
 1-4 NB =         0.0000  1-4 EEL =         0.0000  VDWAALS    =        -0.0001
 EELEC  =        -7.4345  EHBOND  =         0.0000  RESTRAINT  =         0.0000
 DV/DL  =         7.8089
 ------------------------------------------------------------------------------

 NMR restraints: Bond =    0.000   Angle =     0.000   Torsion =     0.000
===============================================================================

| TI region  1


 NSTEP =    50000   TIME(PS) =      50.000  TEMP(K) =    50.05  PRESS =     0.0
 Etot   =        -6.3866  EKtot   =         1.0444  EPtot      =        -7.4310
 BOND   =        -0.0000  ANGLE   =        -0.0000  DIHED      =        -0.0000
 1-4 NB =         0.0000  1-4 EEL =         0.0000  VDWAALS    =        -0.0001
 EELEC  =        -7.4309  EHBOND  =         0.0000  RESTRAINT  =         0.0000
 DV/DL  =         7.8052
 ------------------------------------------------------------------------------

  Softcore part of the system:       7 atoms,       TEMP(K)    =          50.05
 SC_Etot=        21.0444  SC_EKtot=         1.0444  SC_EPtot   =        20.0000
 SC_BOND=         0.2328  SC_ANGLE=         4.0912  SC_DIHED   =         5.2717
 SC_14NB=         0.1416  SC_14EEL=        10.2626  SC_VDW     =         0.0000
 SC_EEL =         0.0000
 SC_RES_DIST=     0.0000  SC_RES_ANG=       0.0000  SC_RES_TORS=         0.0000
 SC_EEL_DER=      0.0000  SC_VDW_DER=       0.0000  SC_DERIV   =         0.0000
 ------------------------------------------------------------------------------


| TI region  2


 NSTEP =    50000   TIME(PS) =      50.000  TEMP(K) = Infinity  PRESS =     0.0
 Etot   =        -7.4310  EKtot   =         0.0000  EPtot      =        -7.4310
 BOND   =        -0.0000  ANGLE   =        -0.0000  DIHED      =        -0.0000
 1-4 NB =         0.0000  1-4 EEL =         0.0000  VDWAALS    =        -0.0001
 EELEC  =        -7.4309  EHBOND  =         0.0000  RESTRAINT  =         0.0000
 DV/DL  =         7.8052
 ------------------------------------------------------------------------------

 NMR restraints: Bond =    0.000   Angle =     0.000   Torsion =     0.000
===============================================================================

| TI region  1


 NSTEP =    55000   TIME(PS) =      55.000  TEMP(K) =    43.55  PRESS =     0.0
 Etot   =        -6.5278  EKtot   =         0.9088  EPtot      =        -7.4366
 BOND   =        -0.0000  ANGLE   =         0.0000  DIHED      =        -0.0000
 1-4 NB =         0.0000  1-4 EEL =         0.0000  VDWAALS    =        -0.0001
 EELEC  =        -7.4365  EHBOND  =         0.0000  RESTRAINT  =         0.0000
 DV/DL  =         7.8110
 ------------------------------------------------------------------------------

  Softcore part of the system:       7 atoms,       TEMP(K)    =          43.55
 SC_Etot=        21.0164  SC_EKtot=         0.9088  SC_EPtot   =        20.1077
 SC_BOND=         0.9335  SC_ANGLE=         3.3146  SC_DIHED   =         5.3425
 SC_14NB=         0.1815  SC_14EEL=        10.3356  SC_VDW     =         0.0000
 SC_EEL =         0.0000
 SC_RES_DIST=     0.0000  SC_RES_ANG=       0.0000  SC_RES_TORS=         0.0000
 SC_EEL_DER=      0.0000  SC_VDW_DER=       0.0000  SC_DERIV   =         0.0000
 ------------------------------------------------------------------------------


| TI region  2


 NSTEP =    55000   TIME(PS) =      55.000  TEMP(K) = Infinity  PRESS =     0.0
 Etot   =        -7.4366  EKtot   =         0.0000  EPtot      =        -7.4366
 BOND   =        -0.0000  ANGLE   =         0.0000  DIHED      =        -0.0000
 1-4 NB =         0.0000  1-4 EEL =         0.0000  VDWAALS    =        -0.0001
 EELEC  =        -7.4365  EHBOND  =         0.0000  RESTRAINT  =         0.0000
 DV/DL  =         7.8110
 ------------------------------------------------------------------------------

 NMR restraints: Bond =    0.000   Angle =     0.000   Torsion =     0.000
===============================================================================

| TI region  1


 NSTEP =    60000   TIME(PS) =      60.000  TEMP(K) =    86.34  PRESS =     0.0
 Etot   =        -5.6229  EKtot   =         1.8016  EPtot      =        -7.4245
 BOND   =         0.0000  ANGLE   =        -0.0000  DIHED      =         0.0000
 1-4 NB =         0.0000  1-4 EEL =         0.0000  VDWAALS    =        -0.0001
 EELEC  =        -7.4244  EHBOND  =         0.0000  RESTRAINT  =         0.0000
 DV/DL  =         7.7984
 ------------------------------------------------------------------------------

  Softcore part of the system:       7 atoms,       TEMP(K)    =          86.34
 SC_Etot=        22.2307  SC_EKtot=         1.8016  SC_EPtot   =        20.4291
 SC_BOND=         0.5454  SC_ANGLE=         3.7721  SC_DIHED   =         5.2188
 SC_14NB=         0.3489  SC_14EEL=        10.5439  SC_VDW     =         0.0000
 SC_EEL =         0.0000
 SC_RES_DIST=     0.0000  SC_RES_ANG=       0.0000  SC_RES_TORS=         0.0000
 SC_EEL_DER=      0.0000  SC_VDW_DER=       0.0000  SC_DERIV   =         0.0000
 ------------------------------------------------------------------------------


| TI region  2


 NSTEP =    60000   TIME(PS) =      60.000  TEMP(K) = Infinity  PRESS =     0.0
 Etot   =        -7.4245  EKtot   =         0.0000  EPtot      =        -7.4245
 BOND   =         0.0000  ANGLE   =        -0.0000  DIHED      =         0.0000
 1-4 NB =         0.0000  1-4 EEL =         0.0000  VDWAALS    =        -0.0001
 EELEC  =        -7.4244  EHBOND  =         0.0000  RESTRAINT  =         0.0000
 DV/DL  =         7.7984
 ------------------------------------------------------------------------------

 NMR restraints: Bond =    0.000   Angle =     0.000   Torsion =     0.000
===============================================================================

| TI region  1


 NSTEP =    65000   TIME(PS) =      65.000  TEMP(K) =    91.03  PRESS =     0.0
 Etot   =        -5.5359  EKtot   =         1.8994  EPtot      =        -7.4352
 BOND   =        -0.0000  ANGLE   =         0.0000  DIHED      =        -0.0000
 1-4 NB =         0.0000  1-4 EEL =         0.0000  VDWAALS    =        -0.0001
 EELEC  =        -7.4351  EHBOND  =         0.0000  RESTRAINT  =         0.0000
 DV/DL  =         7.8096
 ------------------------------------------------------------------------------

  Softcore part of the system:       7 atoms,       TEMP(K)    =          91.03
 SC_Etot=        21.3656  SC_EKtot=         1.8994  SC_EPtot   =        19.4662
 SC_BOND=         0.4490  SC_ANGLE=         3.1525  SC_DIHED   =         5.2548
 SC_14NB=         0.2383  SC_14EEL=        10.3716  SC_VDW     =         0.0000
 SC_EEL =         0.0000
 SC_RES_DIST=     0.0000  SC_RES_ANG=       0.0000  SC_RES_TORS=         0.0000
 SC_EEL_DER=      0.0000  SC_VDW_DER=       0.0000  SC_DERIV   =         0.0000
 ------------------------------------------------------------------------------


| TI region  2


 NSTEP =    65000   TIME(PS) =      65.000  TEMP(K) = Infinity  PRESS =     0.0
 Etot   =        -7.4352  EKtot   =         0.0000  EPtot      =        -7.4352
 BOND   =        -0.0000  ANGLE   =         0.0000  DIHED      =        -0.0000
 1-4 NB =         0.0000  1-4 EEL =         0.0000  VDWAALS    =        -0.0001
 EELEC  =        -7.4351  EHBOND  =         0.0000  RESTRAINT  =         0.0000
 DV/DL  =         7.8096
 ------------------------------------------------------------------------------

 NMR restraints: Bond =    0.000   Angle =     0.000   Torsion =     0.000
===============================================================================

| TI region  1


 NSTEP =    70000   TIME(PS) =      70.000  TEMP(K) =   154.77  PRESS =     0.0
 Etot   =        -4.2011  EKtot   =         3.2294  EPtot      =        -7.4305
 BOND   =        -0.0000  ANGLE   =         0.0000  DIHED      =        -0.0000
 1-4 NB =         0.0000  1-4 EEL =        -0.0000  VDWAALS    =        -0.0001
 EELEC  =        -7.4304  EHBOND  =         0.0000  RESTRAINT  =         0.0000
 DV/DL  =         7.8047
 ------------------------------------------------------------------------------

  Softcore part of the system:       7 atoms,       TEMP(K)    =         154.77
 SC_Etot=        23.8864  SC_EKtot=         3.2294  SC_EPtot   =        20.6571
 SC_BOND=         1.2047  SC_ANGLE=         3.3684  SC_DIHED   =         5.2134
 SC_14NB=         0.3725  SC_14EEL=        10.4979  SC_VDW     =         0.0000
 SC_EEL =         0.0000
 SC_RES_DIST=     0.0000  SC_RES_ANG=       0.0000  SC_RES_TORS=         0.0000
 SC_EEL_DER=      0.0000  SC_VDW_DER=       0.0000  SC_DERIV   =         0.0000
 ------------------------------------------------------------------------------


| TI region  2


 NSTEP =    70000   TIME(PS) =      70.000  TEMP(K) = Infinity  PRESS =     0.0
 Etot   =        -7.4305  EKtot   =         0.0000  EPtot      =        -7.4305
 BOND   =        -0.0000  ANGLE   =         0.0000  DIHED      =        -0.0000
 1-4 NB =         0.0000  1-4 EEL =        -0.0000  VDWAALS    =        -0.0001
 EELEC  =        -7.4304  EHBOND  =         0.0000  RESTRAINT  =         0.0000
 DV/DL  =         7.8047
 ------------------------------------------------------------------------------

 NMR restraints: Bond =    0.000   Angle =     0.000   Torsion =     0.000
===============================================================================

| TI region  1


 NSTEP =    75000   TIME(PS) =      75.000  TEMP(K) =    84.30  PRESS =     0.0
 Etot   =        -5.6749  EKtot   =         1.7591  EPtot      =        -7.4340
 BOND   =         0.0000  ANGLE   =         0.0000  DIHED      =         0.0000
 1-4 NB =         0.0000  1-4 EEL =        -0.0000  VDWAALS    =        -0.0001
 EELEC  =        -7.4339  EHBOND  =         0.0000  RESTRAINT  =         0.0000
 DV/DL  =         7.8083
 ------------------------------------------------------------------------------

  Softcore part of the system:       7 atoms,       TEMP(K)    =          84.30
 SC_Etot=        21.9424  SC_EKtot=         1.7591  SC_EPtot   =        20.1834
 SC_BOND=         0.4479  SC_ANGLE=         3.8459  SC_DIHED   =         5.2872
 SC_14NB=         0.2492  SC_14EEL=        10.3532  SC_VDW     =         0.0000
 SC_EEL =         0.0000
 SC_RES_DIST=     0.0000  SC_RES_ANG=       0.0000  SC_RES_TORS=         0.0000
 SC_EEL_DER=      0.0000  SC_VDW_DER=       0.0000  SC_DERIV   =         0.0000
 ------------------------------------------------------------------------------


| TI region  2


 NSTEP =    75000   TIME(PS) =      75.000  TEMP(K) = Infinity  PRESS =     0.0
 Etot   =        -7.4340  EKtot   =         0.0000  EPtot      =        -7.4340
 BOND   =         0.0000  ANGLE   =         0.0000  DIHED      =         0.0000
 1-4 NB =         0.0000  1-4 EEL =        -0.0000  VDWAALS    =        -0.0001
 EELEC  =        -7.4339  EHBOND  =         0.0000  RESTRAINT  =         0.0000
 DV/DL  =         7.8083
 ------------------------------------------------------------------------------

 NMR restraints: Bond =    0.000   Angle =     0.000   Torsion =     0.000
===============================================================================

| TI region  1


 NSTEP =    80000   TIME(PS) =      80.000  TEMP(K) =    99.95  PRESS =     0.0
 Etot   =        -5.3506  EKtot   =         2.0855  EPtot      =        -7.4362
 BOND   =        -0.0000  ANGLE   =         0.0000  DIHED      =        -0.0000
 1-4 NB =         0.0000  1-4 EEL =         0.0000  VDWAALS    =        -0.0001
 EELEC  =        -7.4361  EHBOND  =         0.0000  RESTRAINT  =         0.0000
 DV/DL  =         7.8106
 ------------------------------------------------------------------------------

  Softcore part of the system:       7 atoms,       TEMP(K)    =          99.95
 SC_Etot=        21.6417  SC_EKtot=         2.0855  SC_EPtot   =        19.5562
 SC_BOND=         0.4382  SC_ANGLE=         3.3806  SC_DIHED   =         5.2593
 SC_14NB=         0.2040  SC_14EEL=        10.2740  SC_VDW     =         0.0000
 SC_EEL =         0.0000
 SC_RES_DIST=     0.0000  SC_RES_ANG=       0.0000  SC_RES_TORS=         0.0000
 SC_EEL_DER=      0.0000  SC_VDW_DER=       0.0000  SC_DERIV   =         0.0000
 ------------------------------------------------------------------------------


| TI region  2


 NSTEP =    80000   TIME(PS) =      80.000  TEMP(K) = Infinity  PRESS =     0.0
 Etot   =        -7.4362  EKtot   =         0.0000  EPtot      =        -7.4362
 BOND   =        -0.0000  ANGLE   =         0.0000  DIHED      =        -0.0000
 1-4 NB =         0.0000  1-4 EEL =         0.0000  VDWAALS    =        -0.0001
 EELEC  =        -7.4361  EHBOND  =         0.0000  RESTRAINT  =         0.0000
 DV/DL  =         7.8106
 ------------------------------------------------------------------------------

 NMR restraints: Bond =    0.000   Angle =     0.000   Torsion =     0.000
===============================================================================

| TI region  1


 NSTEP =    85000   TIME(PS) =      85.000  TEMP(K) =   160.19  PRESS =     0.0
 Etot   =        -4.0962  EKtot   =         3.3424  EPtot      =        -7.4386
 BOND   =        -0.0000  ANGLE   =        -0.0000  DIHED      =         0.0000
 1-4 NB =         0.0000  1-4 EEL =        -0.0000  VDWAALS    =        -0.0001
 EELEC  =        -7.4385  EHBOND  =         0.0000  RESTRAINT  =         0.0000
 DV/DL  =         7.8132
 ------------------------------------------------------------------------------

  Softcore part of the system:       7 atoms,       TEMP(K)    =         160.19
 SC_Etot=        23.0024  SC_EKtot=         3.3424  SC_EPtot   =        19.6600
 SC_BOND=         0.5563  SC_ANGLE=         3.1971  SC_DIHED   =         5.2305
 SC_14NB=         0.2887  SC_14EEL=        10.3874  SC_VDW     =         0.0000
 SC_EEL =         0.0000
 SC_RES_DIST=     0.0000  SC_RES_ANG=       0.0000  SC_RES_TORS=         0.0000
 SC_EEL_DER=      0.0000  SC_VDW_DER=       0.0000  SC_DERIV   =         0.0000
 ------------------------------------------------------------------------------


| TI region  2


 NSTEP =    85000   TIME(PS) =      85.000  TEMP(K) = Infinity  PRESS =     0.0
 Etot   =        -7.4386  EKtot   =         0.0000  EPtot      =        -7.4386
 BOND   =        -0.0000  ANGLE   =        -0.0000  DIHED      =         0.0000
 1-4 NB =         0.0000  1-4 EEL =        -0.0000  VDWAALS    =        -0.0001
 EELEC  =        -7.4385  EHBOND  =         0.0000  RESTRAINT  =         0.0000
 DV/DL  =         7.8132
 ------------------------------------------------------------------------------

 NMR restraints: Bond =    0.000   Angle =     0.000   Torsion =     0.000
===============================================================================

| TI region  1


 NSTEP =    90000   TIME(PS) =      90.000  TEMP(K) =    88.50  PRESS =     0.0
 Etot   =        -5.5860  EKtot   =         1.8466  EPtot      =        -7.4326
 BOND   =         0.0000  ANGLE   =        -0.0000  DIHED      =        -0.0000
 1-4 NB =         0.0000  1-4 EEL =         0.0000  VDWAALS    =        -0.0001
 EELEC  =        -7.4325  EHBOND  =         0.0000  RESTRAINT  =         0.0000
 DV/DL  =         7.8068
 ------------------------------------------------------------------------------

  Softcore part of the system:       7 atoms,       TEMP(K)    =          88.50
 SC_Etot=        22.5643  SC_EKtot=         1.8466  SC_EPtot   =        20.7177
 SC_BOND=         1.3849  SC_ANGLE=         3.7507  SC_DIHED   =         5.2224
 SC_14NB=         0.1251  SC_14EEL=        10.2347  SC_VDW     =         0.0000
 SC_EEL =         0.0000
 SC_RES_DIST=     0.0000  SC_RES_ANG=       0.0000  SC_RES_TORS=         0.0000
 SC_EEL_DER=      0.0000  SC_VDW_DER=       0.0000  SC_DERIV   =         0.0000
 ------------------------------------------------------------------------------


| TI region  2


 NSTEP =    90000   TIME(PS) =      90.000  TEMP(K) = Infinity  PRESS =     0.0
 Etot   =        -7.4326  EKtot   =         0.0000  EPtot      =        -7.4326
 BOND   =         0.0000  ANGLE   =        -0.0000  DIHED      =        -0.0000
 1-4 NB =         0.0000  1-4 EEL =         0.0000  VDWAALS    =        -0.0001
 EELEC  =        -7.4325  EHBOND  =         0.0000  RESTRAINT  =         0.0000
 DV/DL  =         7.8068
 ------------------------------------------------------------------------------

 NMR restraints: Bond =    0.000   Angle =     0.000   Torsion =     0.000
===============================================================================

| TI region  1


 NSTEP =    95000   TIME(PS) =      95.000  TEMP(K) =   185.71  PRESS =     0.0
 Etot   =        -3.5568  EKtot   =         3.8750  EPtot      =        -7.4319
 BOND   =        -0.0000  ANGLE   =        -0.0000  DIHED      =        -0.0000
 1-4 NB =         0.0000  1-4 EEL =        -0.0000  VDWAALS    =        -0.0001
 EELEC  =        -7.4317  EHBOND  =         0.0000  RESTRAINT  =         0.0000
 DV/DL  =         7.8061
 ------------------------------------------------------------------------------

  Softcore part of the system:       7 atoms,       TEMP(K)    =         185.71
 SC_Etot=        24.1538  SC_EKtot=         3.8750  SC_EPtot   =        20.2788
 SC_BOND=         0.4318  SC_ANGLE=         4.1229  SC_DIHED   =         5.2299
 SC_14NB=         0.1756  SC_14EEL=        10.3187  SC_VDW     =         0.0000
 SC_EEL =         0.0000
 SC_RES_DIST=     0.0000  SC_RES_ANG=       0.0000  SC_RES_TORS=         0.0000
 SC_EEL_DER=      0.0000  SC_VDW_DER=       0.0000  SC_DERIV   =         0.0000
 ------------------------------------------------------------------------------


| TI region  2


 NSTEP =    95000   TIME(PS) =      95.000  TEMP(K) = Infinity  PRESS =     0.0
 Etot   =        -7.4318  EKtot   =         0.0000  EPtot      =        -7.4319
 BOND   =        -0.0000  ANGLE   =        -0.0000  DIHED      =        -0.0000
 1-4 NB =         0.0000  1-4 EEL =        -0.0000  VDWAALS    =        -0.0001
 EELEC  =        -7.4317  EHBOND  =         0.0000  RESTRAINT  =         0.0000
 DV/DL  =         7.8061
 ------------------------------------------------------------------------------

 NMR restraints: Bond =    0.000   Angle =     0.000   Torsion =     0.000
===============================================================================

| TI region  1


 NSTEP =   100000   TIME(PS) =     100.000  TEMP(K) =   161.78  PRESS =     0.0
 Etot   =        -4.0608  EKtot   =         3.3757  EPtot      =        -7.4365
 BOND   =         0.0000  ANGLE   =         0.0000  DIHED      =        -0.0000
 1-4 NB =         0.0000  1-4 EEL =         0.0000  VDWAALS    =        -0.0001
 EELEC  =        -7.4364  EHBOND  =         0.0000  RESTRAINT  =         0.0000
 DV/DL  =         7.8109
 ------------------------------------------------------------------------------

  Softcore part of the system:       7 atoms,       TEMP(K)    =         161.78
 SC_Etot=        23.1114  SC_EKtot=         3.3757  SC_EPtot   =        19.7357
 SC_BOND=         0.3241  SC_ANGLE=         3.4891  SC_DIHED   =         5.2199
 SC_14NB=         0.3255  SC_14EEL=        10.3772  SC_VDW     =         0.0000
 SC_EEL =         0.0000
 SC_RES_DIST=     0.0000  SC_RES_ANG=       0.0000  SC_RES_TORS=         0.0000
 SC_EEL_DER=      0.0000  SC_VDW_DER=       0.0000  SC_DERIV   =         0.0000
 ------------------------------------------------------------------------------


| TI region  2


 NSTEP =   100000   TIME(PS) =     100.000  TEMP(K) = Infinity  PRESS =     0.0
 Etot   =        -7.4365  EKtot   =         0.0000  EPtot      =        -7.4365
 BOND   =         0.0000  ANGLE   =         0.0000  DIHED      =        -0.0000
 1-4 NB =         0.0000  1-4 EEL =         0.0000  VDWAALS    =        -0.0001
 EELEC  =        -7.4364  EHBOND  =         0.0000  RESTRAINT  =         0.0000
 DV/DL  =         7.8109
 ------------------------------------------------------------------------------

 NMR restraints: Bond =    0.000   Angle =     0.000   Torsion =     0.000
===============================================================================

| TI region  1


 NSTEP =   105000   TIME(PS) =     105.000  TEMP(K) =   122.68  PRESS =     0.0
 Etot   =        -4.8755  EKtot   =         2.5597  EPtot      =        -7.4352
 BOND   =         0.0000  ANGLE   =         0.0000  DIHED      =        -0.0000
 1-4 NB =         0.0000  1-4 EEL =        -0.0000  VDWAALS    =        -0.0001
 EELEC  =        -7.4351  EHBOND  =         0.0000  RESTRAINT  =         0.0000
 DV/DL  =         7.8096
 ------------------------------------------------------------------------------

  Softcore part of the system:       7 atoms,       TEMP(K)    =         122.68
 SC_Etot=        22.3410  SC_EKtot=         2.5597  SC_EPtot   =        19.7813
 SC_BOND=         0.4816  SC_ANGLE=         3.5221  SC_DIHED   =         5.2261
 SC_14NB=         0.2024  SC_14EEL=        10.3491  SC_VDW     =         0.0000
 SC_EEL =         0.0000
 SC_RES_DIST=     0.0000  SC_RES_ANG=       0.0000  SC_RES_TORS=         0.0000
 SC_EEL_DER=      0.0000  SC_VDW_DER=       0.0000  SC_DERIV   =         0.0000
 ------------------------------------------------------------------------------


| TI region  2


 NSTEP =   105000   TIME(PS) =     105.000  TEMP(K) = Infinity  PRESS =     0.0
 Etot   =        -7.4352  EKtot   =         0.0000  EPtot      =        -7.4352
 BOND   =         0.0000  ANGLE   =         0.0000  DIHED      =        -0.0000
 1-4 NB =         0.0000  1-4 EEL =        -0.0000  VDWAALS    =        -0.0001
 EELEC  =        -7.4351  EHBOND  =         0.0000  RESTRAINT  =         0.0000
 DV/DL  =         7.8096
 ------------------------------------------------------------------------------

 NMR restraints: Bond =    0.000   Angle =     0.000   Torsion =     0.000
===============================================================================

| TI region  1


 NSTEP =   110000   TIME(PS) =     110.000  TEMP(K) =   204.94  PRESS =     0.0
 Etot   =        -3.1556  EKtot   =         4.2761  EPtot      =        -7.4317
 BOND   =        -0.0000  ANGLE   =        -0.0000  DIHED      =        -0.0000
 1-4 NB =         0.0000  1-4 EEL =        -0.0000  VDWAALS    =        -0.0001
 EELEC  =        -7.4316  EHBOND  =         0.0000  RESTRAINT  =         0.0000
 DV/DL  =         7.8059
 ------------------------------------------------------------------------------

  Softcore part of the system:       7 atoms,       TEMP(K)    =         204.94
 SC_Etot=        24.3917  SC_EKtot=         4.2761  SC_EPtot   =        20.1156
 SC_BOND=         0.7852  SC_ANGLE=         2.9662  SC_DIHED   =         5.2196
 SC_14NB=         0.5348  SC_14EEL=        10.6098  SC_VDW     =         0.0000
 SC_EEL =         0.0000
 SC_RES_DIST=     0.0000  SC_RES_ANG=       0.0000  SC_RES_TORS=         0.0000
 SC_EEL_DER=      0.0000  SC_VDW_DER=       0.0000  SC_DERIV   =         0.0000
 ------------------------------------------------------------------------------


| TI region  2


 NSTEP =   110000   TIME(PS) =     110.000  TEMP(K) = Infinity  PRESS =     0.0
 Etot   =        -7.4317  EKtot   =         0.0000  EPtot      =        -7.4317
 BOND   =        -0.0000  ANGLE   =        -0.0000  DIHED      =        -0.0000
 1-4 NB =         0.0000  1-4 EEL =        -0.0000  VDWAALS    =        -0.0001
 EELEC  =        -7.4316  EHBOND  =         0.0000  RESTRAINT  =         0.0000
 DV/DL  =         7.8059
 ------------------------------------------------------------------------------

 NMR restraints: Bond =    0.000   Angle =     0.000   Torsion =     0.000
===============================================================================

| TI region  1


 NSTEP =   115000   TIME(PS) =     115.000  TEMP(K) =   182.24  PRESS =     0.0
 Etot   =        -3.6312  EKtot   =         3.8026  EPtot      =        -7.4337
 BOND   =        -0.0000  ANGLE   =        -0.0000  DIHED      =        -0.0000
 1-4 NB =         0.0000  1-4 EEL =        -0.0000  VDWAALS    =        -0.0001
 EELEC  =        -7.4336  EHBOND  =         0.0000  RESTRAINT  =         0.0000
 DV/DL  =         7.8081
 ------------------------------------------------------------------------------

  Softcore part of the system:       7 atoms,       TEMP(K)    =         182.24
 SC_Etot=        28.6797  SC_EKtot=         3.8026  SC_EPtot   =        24.8771
 SC_BOND=         2.8636  SC_ANGLE=         5.4682  SC_DIHED   =         5.2843
 SC_14NB=         0.5947  SC_14EEL=        10.6664  SC_VDW     =         0.0000
 SC_EEL =         0.0000
 SC_RES_DIST=     0.0000  SC_RES_ANG=       0.0000  SC_RES_TORS=         0.0000
 SC_EEL_DER=      0.0000  SC_VDW_DER=       0.0000  SC_DERIV   =         0.0000
 ------------------------------------------------------------------------------


| TI region  2


 NSTEP =   115000   TIME(PS) =     115.000  TEMP(K) = Infinity  PRESS =     0.0
 Etot   =        -7.4337  EKtot   =         0.0000  EPtot      =        -7.4337
 BOND   =        -0.0000  ANGLE   =        -0.0000  DIHED      =        -0.0000
 1-4 NB =         0.0000  1-4 EEL =        -0.0000  VDWAALS    =        -0.0001
 EELEC  =        -7.4336  EHBOND  =         0.0000  RESTRAINT  =         0.0000
 DV/DL  =         7.8081
 ------------------------------------------------------------------------------

 NMR restraints: Bond =    0.000   Angle =     0.000   Torsion =     0.000
===============================================================================

| TI region  1


 NSTEP =   120000   TIME(PS) =     120.000  TEMP(K) =   133.91  PRESS =     0.0
 Etot   =        -4.6379  EKtot   =         2.7940  EPtot      =        -7.4319
 BOND   =        -0.0000  ANGLE   =        -0.0000  DIHED      =        -0.0000
 1-4 NB =         0.0000  1-4 EEL =        -0.0000  VDWAALS    =        -0.0001
 EELEC  =        -7.4318  EHBOND  =         0.0000  RESTRAINT  =         0.0000
 DV/DL  =         7.8061
 ------------------------------------------------------------------------------

  Softcore part of the system:       7 atoms,       TEMP(K)    =         133.91
 SC_Etot=        24.5239  SC_EKtot=         2.7940  SC_EPtot   =        21.7299
 SC_BOND=         1.4336  SC_ANGLE=         4.2447  SC_DIHED   =         5.2239
 SC_14NB=         0.3228  SC_14EEL=        10.5048  SC_VDW     =         0.0000
 SC_EEL =         0.0000
 SC_RES_DIST=     0.0000  SC_RES_ANG=       0.0000  SC_RES_TORS=         0.0000
 SC_EEL_DER=      0.0000  SC_VDW_DER=       0.0000  SC_DERIV   =         0.0000
 ------------------------------------------------------------------------------


| TI region  2


 NSTEP =   120000   TIME(PS) =     120.000  TEMP(K) = Infinity  PRESS =     0.0
 Etot   =        -7.4319  EKtot   =         0.0000  EPtot      =        -7.4319
 BOND   =        -0.0000  ANGLE   =        -0.0000  DIHED      =        -0.0000
 1-4 NB =         0.0000  1-4 EEL =        -0.0000  VDWAALS    =        -0.0001
 EELEC  =        -7.4318  EHBOND  =         0.0000  RESTRAINT  =         0.0000
 DV/DL  =         7.8061
 ------------------------------------------------------------------------------

 NMR restraints: Bond =    0.000   Angle =     0.000   Torsion =     0.000
===============================================================================

| TI region  1


 NSTEP =   125000   TIME(PS) =     125.000  TEMP(K) =   311.36  PRESS =     0.0
 Etot   =        -0.9344  EKtot   =         6.4966  EPtot      =        -7.4310
 BOND   =        -0.0000  ANGLE   =         0.0000  DIHED      =        -0.0000
 1-4 NB =         0.0000  1-4 EEL =         0.0000  VDWAALS    =        -0.0001
 EELEC  =        -7.4309  EHBOND  =         0.0000  RESTRAINT  =         0.0000
 DV/DL  =         7.8052
 ------------------------------------------------------------------------------

  Softcore part of the system:       7 atoms,       TEMP(K)    =         311.36
 SC_Etot=        29.0751  SC_EKtot=         6.4966  SC_EPtot   =        22.5785
 SC_BOND=         2.3242  SC_ANGLE=         4.0472  SC_DIHED   =         5.2489
 SC_14NB=         0.4684  SC_14EEL=        10.4898  SC_VDW     =         0.0000
 SC_EEL =         0.0000
 SC_RES_DIST=     0.0000  SC_RES_ANG=       0.0000  SC_RES_TORS=         0.0000
 SC_EEL_DER=      0.0000  SC_VDW_DER=       0.0000  SC_DERIV   =         0.0000
 ------------------------------------------------------------------------------


| TI region  2


 NSTEP =   125000   TIME(PS) =     125.000  TEMP(K) = Infinity  PRESS =     0.0
 Etot   =        -7.4310  EKtot   =         0.0000  EPtot      =        -7.4310
 BOND   =        -0.0000  ANGLE   =         0.0000  DIHED      =        -0.0000
 1-4 NB =         0.0000  1-4 EEL =         0.0000  VDWAALS    =        -0.0001
 EELEC  =        -7.4309  EHBOND  =         0.0000  RESTRAINT  =         0.0000
 DV/DL  =         7.8052
 ------------------------------------------------------------------------------

 NMR restraints: Bond =    0.000   Angle =     0.000   Torsion =     0.000
===============================================================================

| TI region  1


 NSTEP =   130000   TIME(PS) =     130.000  TEMP(K) =   214.45  PRESS =     0.0
 Etot   =        -2.9590  EKtot   =         4.4747  EPtot      =        -7.4337
 BOND   =         0.0000  ANGLE   =        -0.0000  DIHED      =        -0.0000
 1-4 NB =         0.0000  1-4 EEL =        -0.0000  VDWAALS    =        -0.0001
 EELEC  =        -7.4336  EHBOND  =         0.0000  RESTRAINT  =         0.0000
 DV/DL  =         7.8080
 ------------------------------------------------------------------------------

  Softcore part of the system:       7 atoms,       TEMP(K)    =         214.45
 SC_Etot=        24.4656  SC_EKtot=         4.4747  SC_EPtot   =        19.9909
 SC_BOND=         0.5747  SC_ANGLE=         3.3324  SC_DIHED   =         5.2150
 SC_14NB=         0.3785  SC_14EEL=        10.4902  SC_VDW     =         0.0000
 SC_EEL =         0.0000
 SC_RES_DIST=     0.0000  SC_RES_ANG=       0.0000  SC_RES_TORS=         0.0000
 SC_EEL_DER=      0.0000  SC_VDW_DER=       0.0000  SC_DERIV   =         0.0000
 ------------------------------------------------------------------------------


| TI region  2


 NSTEP =   130000   TIME(PS) =     130.000  TEMP(K) = Infinity  PRESS =     0.0
 Etot   =        -7.4337  EKtot   =         0.0000  EPtot      =        -7.4337
 BOND   =         0.0000  ANGLE   =        -0.0000  DIHED      =        -0.0000
 1-4 NB =         0.0000  1-4 EEL =        -0.0000  VDWAALS    =        -0.0001
 EELEC  =        -7.4336  EHBOND  =         0.0000  RESTRAINT  =         0.0000
 DV/DL  =         7.8080
 ------------------------------------------------------------------------------

 NMR restraints: Bond =    0.000   Angle =     0.000   Torsion =     0.000
===============================================================================

| TI region  1


 NSTEP =   135000   TIME(PS) =     135.000  TEMP(K) =   205.58  PRESS =     0.0
 Etot   =        -3.1425  EKtot   =         4.2895  EPtot      =        -7.4320
 BOND   =        -0.0000  ANGLE   =         0.0000  DIHED      =         0.0000
 1-4 NB =         0.0000  1-4 EEL =        -0.0000  VDWAALS    =        -0.0001
 EELEC  =        -7.4319  EHBOND  =         0.0000  RESTRAINT  =         0.0000
 DV/DL  =         7.8062
 ------------------------------------------------------------------------------

  Softcore part of the system:       7 atoms,       TEMP(K)    =         205.58
 SC_Etot=        28.4006  SC_EKtot=         4.2895  SC_EPtot   =        24.1111
 SC_BOND=         3.2531  SC_ANGLE=         4.8379  SC_DIHED   =         5.2965
 SC_14NB=         0.4022  SC_14EEL=        10.3214  SC_VDW     =         0.0000
 SC_EEL =         0.0000
 SC_RES_DIST=     0.0000  SC_RES_ANG=       0.0000  SC_RES_TORS=         0.0000
 SC_EEL_DER=      0.0000  SC_VDW_DER=       0.0000  SC_DERIV   =         0.0000
 ------------------------------------------------------------------------------


| TI region  2


 NSTEP =   135000   TIME(PS) =     135.000  TEMP(K) = Infinity  PRESS =     0.0
 Etot   =        -7.4320  EKtot   =         0.0000  EPtot      =        -7.4320
 BOND   =        -0.0000  ANGLE   =         0.0000  DIHED      =         0.0000
 1-4 NB =         0.0000  1-4 EEL =        -0.0000  VDWAALS    =        -0.0001
 EELEC  =        -7.4319  EHBOND  =         0.0000  RESTRAINT  =         0.0000
 DV/DL  =         7.8062
 ------------------------------------------------------------------------------

 NMR restraints: Bond =    0.000   Angle =     0.000   Torsion =     0.000
===============================================================================

| TI region  1


 NSTEP =   140000   TIME(PS) =     140.000  TEMP(K) =   209.76  PRESS =     0.0
 Etot   =        -3.0579  EKtot   =         4.3767  EPtot      =        -7.4346
 BOND   =        -0.0000  ANGLE   =        -0.0000  DIHED      =         0.0000
 1-4 NB =         0.0000  1-4 EEL =        -0.0000  VDWAALS    =        -0.0001
 EELEC  =        -7.4345  EHBOND  =         0.0000  RESTRAINT  =         0.0000
 DV/DL  =         7.8090
 ------------------------------------------------------------------------------

  Softcore part of the system:       7 atoms,       TEMP(K)    =         209.76
 SC_Etot=        26.5018  SC_EKtot=         4.3767  SC_EPtot   =        22.1251
 SC_BOND=         1.5420  SC_ANGLE=         4.6696  SC_DIHED   =         5.2138
 SC_14NB=         0.2619  SC_14EEL=        10.4378  SC_VDW     =         0.0000
 SC_EEL =         0.0000
 SC_RES_DIST=     0.0000  SC_RES_ANG=       0.0000  SC_RES_TORS=         0.0000
 SC_EEL_DER=      0.0000  SC_VDW_DER=       0.0000  SC_DERIV   =         0.0000
 ------------------------------------------------------------------------------


| TI region  2


 NSTEP =   140000   TIME(PS) =     140.000  TEMP(K) = Infinity  PRESS =     0.0
 Etot   =        -7.4346  EKtot   =         0.0000  EPtot      =        -7.4346
 BOND   =        -0.0000  ANGLE   =        -0.0000  DIHED      =         0.0000
 1-4 NB =         0.0000  1-4 EEL =        -0.0000  VDWAALS    =        -0.0001
 EELEC  =        -7.4345  EHBOND  =         0.0000  RESTRAINT  =         0.0000
 DV/DL  =         7.8090
 ------------------------------------------------------------------------------

 NMR restraints: Bond =    0.000   Angle =     0.000   Torsion =     0.000
===============================================================================

| TI region  1


 NSTEP =   145000   TIME(PS) =     145.000  TEMP(K) =   154.26  PRESS =     0.0
 Etot   =        -4.2122  EKtot   =         3.2188  EPtot      =        -7.4310
 BOND   =         0.0000  ANGLE   =         0.0000  DIHED      =         0.0000
 1-4 NB =         0.0000  1-4 EEL =        -0.0000  VDWAALS    =        -0.0001
 EELEC  =        -7.4309  EHBOND  =         0.0000  RESTRAINT  =         0.0000
 DV/DL  =         7.8052
 ------------------------------------------------------------------------------

  Softcore part of the system:       7 atoms,       TEMP(K)    =         154.26
 SC_Etot=        24.7563  SC_EKtot=         3.2188  SC_EPtot   =        21.5375
 SC_BOND=         1.5821  SC_ANGLE=         3.8604  SC_DIHED   =         5.2781
 SC_14NB=         0.3382  SC_14EEL=        10.4787  SC_VDW     =         0.0000
 SC_EEL =         0.0000
 SC_RES_DIST=     0.0000  SC_RES_ANG=       0.0000  SC_RES_TORS=         0.0000
 SC_EEL_DER=      0.0000  SC_VDW_DER=       0.0000  SC_DERIV   =         0.0000
 ------------------------------------------------------------------------------


| TI region  2


 NSTEP =   145000   TIME(PS) =     145.000  TEMP(K) =-Infinity  PRESS =     0.0
 Etot   =        -7.4310  EKtot   =        -0.0000  EPtot      =        -7.4310
 BOND   =         0.0000  ANGLE   =         0.0000  DIHED      =         0.0000
 1-4 NB =         0.0000  1-4 EEL =        -0.0000  VDWAALS    =        -0.0001
 EELEC  =        -7.4309  EHBOND  =         0.0000  RESTRAINT  =         0.0000
 DV/DL  =         7.8052
 ------------------------------------------------------------------------------

 NMR restraints: Bond =    0.000   Angle =     0.000   Torsion =     0.000
===============================================================================

| TI region  1


 NSTEP =   150000   TIME(PS) =     150.000  TEMP(K) =   379.81  PRESS =     0.0
 Etot   =         0.4893  EKtot   =         7.9250  EPtot      =        -7.4357
 BOND   =        -0.0000  ANGLE   =        -0.0000  DIHED      =        -0.0000
 1-4 NB =         0.0000  1-4 EEL =        -0.0000  VDWAALS    =        -0.0001
 EELEC  =        -7.4356  EHBOND  =         0.0000  RESTRAINT  =         0.0000
 DV/DL  =         7.8101
 ------------------------------------------------------------------------------

  Softcore part of the system:       7 atoms,       TEMP(K)    =         379.81
 SC_Etot=        28.2578  SC_EKtot=         7.9250  SC_EPtot   =        20.3329
 SC_BOND=         1.1224  SC_ANGLE=         3.1019  SC_DIHED   =         5.2274
 SC_14NB=         0.3891  SC_14EEL=        10.4921  SC_VDW     =         0.0000
 SC_EEL =         0.0000
 SC_RES_DIST=     0.0000  SC_RES_ANG=       0.0000  SC_RES_TORS=         0.0000
 SC_EEL_DER=      0.0000  SC_VDW_DER=       0.0000  SC_DERIV   =         0.0000
 ------------------------------------------------------------------------------


| TI region  2


 NSTEP =   150000   TIME(PS) =     150.000  TEMP(K) = Infinity  PRESS =     0.0
 Etot   =        -7.4357  EKtot   =         0.0000  EPtot      =        -7.4357
 BOND   =        -0.0000  ANGLE   =        -0.0000  DIHED      =        -0.0000
 1-4 NB =         0.0000  1-4 EEL =        -0.0000  VDWAALS    =        -0.0001
 EELEC  =        -7.4356  EHBOND  =         0.0000  RESTRAINT  =         0.0000
 DV/DL  =         7.8101
 ------------------------------------------------------------------------------

 NMR restraints: Bond =    0.000   Angle =     0.000   Torsion =     0.000
===============================================================================

| TI region  1


 NSTEP =   155000   TIME(PS) =     155.000  TEMP(K) =   227.88  PRESS =     0.0
 Etot   =        -2.6750  EKtot   =         4.7549  EPtot      =        -7.4299
 BOND   =        -0.0000  ANGLE   =         0.0000  DIHED      =        -0.0000
 1-4 NB =         0.0000  1-4 EEL =        -0.0000  VDWAALS    =        -0.0001
 EELEC  =        -7.4298  EHBOND  =         0.0000  RESTRAINT  =         0.0000
 DV/DL  =         7.8040
 ------------------------------------------------------------------------------

  Softcore part of the system:       7 atoms,       TEMP(K)    =         227.88
 SC_Etot=        26.6068  SC_EKtot=         4.7549  SC_EPtot   =        21.8518
 SC_BOND=         1.2504  SC_ANGLE=         4.5136  SC_DIHED   =         5.3600
 SC_14NB=         0.2627  SC_14EEL=        10.4652  SC_VDW     =         0.0000
 SC_EEL =         0.0000
 SC_RES_DIST=     0.0000  SC_RES_ANG=       0.0000  SC_RES_TORS=         0.0000
 SC_EEL_DER=      0.0000  SC_VDW_DER=       0.0000  SC_DERIV   =         0.0000
 ------------------------------------------------------------------------------


| TI region  2


 NSTEP =   155000   TIME(PS) =     155.000  TEMP(K) = Infinity  PRESS =     0.0
 Etot   =        -7.4299  EKtot   =         0.0000  EPtot      =        -7.4299
 BOND   =        -0.0000  ANGLE   =         0.0000  DIHED      =        -0.0000
 1-4 NB =         0.0000  1-4 EEL =        -0.0000  VDWAALS    =        -0.0001
 EELEC  =        -7.4298  EHBOND  =         0.0000  RESTRAINT  =         0.0000
 DV/DL  =         7.8040
 ------------------------------------------------------------------------------

 NMR restraints: Bond =    0.000   Angle =     0.000   Torsion =     0.000
===============================================================================

| TI region  1


 NSTEP =   160000   TIME(PS) =     160.000  TEMP(K) =   181.24  PRESS =     0.0
 Etot   =        -3.6461  EKtot   =         3.7818  EPtot      =        -7.4279
 BOND   =         0.0000  ANGLE   =         0.0000  DIHED      =        -0.0000
 1-4 NB =         0.0000  1-4 EEL =        -0.0000  VDWAALS    =        -0.0001
 EELEC  =        -7.4278  EHBOND  =         0.0000  RESTRAINT  =         0.0000
 DV/DL  =         7.8019
 ------------------------------------------------------------------------------

  Softcore part of the system:       7 atoms,       TEMP(K)    =         181.24
 SC_Etot=        24.0551  SC_EKtot=         3.7818  SC_EPtot   =        20.2734
 SC_BOND=         0.7075  SC_ANGLE=         3.1879  SC_DIHED   =         5.2187
 SC_14NB=         0.5455  SC_14EEL=        10.6138  SC_VDW     =         0.0000
 SC_EEL =         0.0000
 SC_RES_DIST=     0.0000  SC_RES_ANG=       0.0000  SC_RES_TORS=         0.0000
 SC_EEL_DER=      0.0000  SC_VDW_DER=       0.0000  SC_DERIV   =         0.0000
 ------------------------------------------------------------------------------


| TI region  2


 NSTEP =   160000   TIME(PS) =     160.000  TEMP(K) = Infinity  PRESS =     0.0
 Etot   =        -7.4279  EKtot   =         0.0000  EPtot      =        -7.4279
 BOND   =         0.0000  ANGLE   =         0.0000  DIHED      =        -0.0000
 1-4 NB =         0.0000  1-4 EEL =        -0.0000  VDWAALS    =        -0.0001
 EELEC  =        -7.4278  EHBOND  =         0.0000  RESTRAINT  =         0.0000
 DV/DL  =         7.8019
 ------------------------------------------------------------------------------

 NMR restraints: Bond =    0.000   Angle =     0.000   Torsion =     0.000
===============================================================================

| TI region  1


 NSTEP =   165000   TIME(PS) =     165.000  TEMP(K) =   393.96  PRESS =     0.0
 Etot   =         0.7871  EKtot   =         8.2201  EPtot      =        -7.4331
 BOND   =        -0.0000  ANGLE   =         0.0000  DIHED      =        -0.0000
 1-4 NB =         0.0000  1-4 EEL =        -0.0000  VDWAALS    =        -0.0001
 EELEC  =        -7.4330  EHBOND  =         0.0000  RESTRAINT  =         0.0000
 DV/DL  =         7.8073
 ------------------------------------------------------------------------------

  Softcore part of the system:       7 atoms,       TEMP(K)    =         393.96
 SC_Etot=        29.5969  SC_EKtot=         8.2201  SC_EPtot   =        21.3768
 SC_BOND=         1.4602  SC_ANGLE=         3.9033  SC_DIHED   =         5.2268
 SC_14NB=         0.3018  SC_14EEL=        10.4846  SC_VDW     =         0.0000
 SC_EEL =         0.0000
 SC_RES_DIST=     0.0000  SC_RES_ANG=       0.0000  SC_RES_TORS=         0.0000
 SC_EEL_DER=      0.0000  SC_VDW_DER=       0.0000  SC_DERIV   =         0.0000
 ------------------------------------------------------------------------------


| TI region  2


 NSTEP =   165000   TIME(PS) =     165.000  TEMP(K) = Infinity  PRESS =     0.0
 Etot   =        -7.4331  EKtot   =         0.0000  EPtot      =        -7.4331
 BOND   =        -0.0000  ANGLE   =         0.0000  DIHED      =        -0.0000
 1-4 NB =         0.0000  1-4 EEL =        -0.0000  VDWAALS    =        -0.0001
 EELEC  =        -7.4330  EHBOND  =         0.0000  RESTRAINT  =         0.0000
 DV/DL  =         7.8073
 ------------------------------------------------------------------------------

 NMR restraints: Bond =    0.000   Angle =     0.000   Torsion =     0.000
===============================================================================

| TI region  1


 NSTEP =   170000   TIME(PS) =     170.000  TEMP(K) =   209.02  PRESS =     0.0
 Etot   =        -3.0728  EKtot   =         4.3613  EPtot      =        -7.4340
 BOND   =        -0.0000  ANGLE   =         0.0000  DIHED      =         0.0000
 1-4 NB =         0.0000  1-4 EEL =        -0.0000  VDWAALS    =        -0.0001
 EELEC  =        -7.4339  EHBOND  =         0.0000  RESTRAINT  =         0.0000
 DV/DL  =         7.8084
 ------------------------------------------------------------------------------

  Softcore part of the system:       7 atoms,       TEMP(K)    =         209.02
 SC_Etot=        26.1453  SC_EKtot=         4.3613  SC_EPtot   =        21.7840
 SC_BOND=         1.5811  SC_ANGLE=         3.8357  SC_DIHED   =         5.2373
 SC_14NB=         0.5121  SC_14EEL=        10.6179  SC_VDW     =         0.0000
 SC_EEL =         0.0000
 SC_RES_DIST=     0.0000  SC_RES_ANG=       0.0000  SC_RES_TORS=         0.0000
 SC_EEL_DER=      0.0000  SC_VDW_DER=       0.0000  SC_DERIV   =         0.0000
 ------------------------------------------------------------------------------


| TI region  2


 NSTEP =   170000   TIME(PS) =     170.000  TEMP(K) =-Infinity  PRESS =     0.0
 Etot   =        -7.4340  EKtot   =        -0.0000  EPtot      =        -7.4340
 BOND   =        -0.0000  ANGLE   =         0.0000  DIHED      =         0.0000
 1-4 NB =         0.0000  1-4 EEL =        -0.0000  VDWAALS    =        -0.0001
 EELEC  =        -7.4339  EHBOND  =         0.0000  RESTRAINT  =         0.0000
 DV/DL  =         7.8084
 ------------------------------------------------------------------------------

 NMR restraints: Bond =    0.000   Angle =     0.000   Torsion =     0.000
===============================================================================

| TI region  1


 NSTEP =   175000   TIME(PS) =     175.000  TEMP(K) =   276.32  PRESS =     0.0
 Etot   =        -1.6669  EKtot   =         5.7655  EPtot      =        -7.4325
 BOND   =        -0.0000  ANGLE   =         0.0000  DIHED      =         0.0000
 1-4 NB =         0.0000  1-4 EEL =        -0.0000  VDWAALS    =        -0.0001
 EELEC  =        -7.4324  EHBOND  =         0.0000  RESTRAINT  =         0.0000
 DV/DL  =         7.8067
 ------------------------------------------------------------------------------

  Softcore part of the system:       7 atoms,       TEMP(K)    =         276.32
 SC_Etot=        29.7674  SC_EKtot=         5.7655  SC_EPtot   =        24.0018
 SC_BOND=         1.5341  SC_ANGLE=         6.6095  SC_DIHED   =         5.2100
 SC_14NB=         0.2798  SC_14EEL=        10.3684  SC_VDW     =         0.0000
 SC_EEL =         0.0000
 SC_RES_DIST=     0.0000  SC_RES_ANG=       0.0000  SC_RES_TORS=         0.0000
 SC_EEL_DER=      0.0000  SC_VDW_DER=       0.0000  SC_DERIV   =         0.0000
 ------------------------------------------------------------------------------


| TI region  2


 NSTEP =   175000   TIME(PS) =     175.000  TEMP(K) =-Infinity  PRESS =     0.0
 Etot   =        -7.4325  EKtot   =        -0.0000  EPtot      =        -7.4325
 BOND   =        -0.0000  ANGLE   =         0.0000  DIHED      =         0.0000
 1-4 NB =         0.0000  1-4 EEL =        -0.0000  VDWAALS    =        -0.0001
 EELEC  =        -7.4324  EHBOND  =         0.0000  RESTRAINT  =         0.0000
 DV/DL  =         7.8067
 ------------------------------------------------------------------------------

 NMR restraints: Bond =    0.000   Angle =     0.000   Torsion =     0.000
===============================================================================

| TI region  1


 NSTEP =   180000   TIME(PS) =     180.000  TEMP(K) =   325.13  PRESS =     0.0
 Etot   =        -0.6521  EKtot   =         6.7840  EPtot      =        -7.4361
 BOND   =        -0.0000  ANGLE   =         0.0000  DIHED      =        -0.0000
 1-4 NB =         0.0000  1-4 EEL =        -0.0000  VDWAALS    =        -0.0001
 EELEC  =        -7.4360  EHBOND  =         0.0000  RESTRAINT  =         0.0000
 DV/DL  =         7.8105
 ------------------------------------------------------------------------------

  Softcore part of the system:       7 atoms,       TEMP(K)    =         325.13
 SC_Etot=        30.3324  SC_EKtot=         6.7840  SC_EPtot   =        23.5484
 SC_BOND=         3.0437  SC_ANGLE=         4.3865  SC_DIHED   =         5.3393
 SC_14NB=         0.3668  SC_14EEL=        10.4121  SC_VDW     =         0.0000
 SC_EEL =         0.0000
 SC_RES_DIST=     0.0000  SC_RES_ANG=       0.0000  SC_RES_TORS=         0.0000
 SC_EEL_DER=      0.0000  SC_VDW_DER=       0.0000  SC_DERIV   =         0.0000
 ------------------------------------------------------------------------------


| TI region  2


 NSTEP =   180000   TIME(PS) =     180.000  TEMP(K) = Infinity  PRESS =     0.0
 Etot   =        -7.4361  EKtot   =         0.0000  EPtot      =        -7.4361
 BOND   =        -0.0000  ANGLE   =         0.0000  DIHED      =        -0.0000
 1-4 NB =         0.0000  1-4 EEL =        -0.0000  VDWAALS    =        -0.0001
 EELEC  =        -7.4360  EHBOND  =         0.0000  RESTRAINT  =         0.0000
 DV/DL  =         7.8105
 ------------------------------------------------------------------------------

 NMR restraints: Bond =    0.000   Angle =     0.000   Torsion =     0.000
===============================================================================

| TI region  1


 NSTEP =   185000   TIME(PS) =     185.000  TEMP(K) =   241.25  PRESS =     0.0
 Etot   =        -2.4037  EKtot   =         5.0338  EPtot      =        -7.4375
 BOND   =         0.0000  ANGLE   =        -0.0000  DIHED      =        -0.0000
 1-4 NB =         0.0000  1-4 EEL =        -0.0000  VDWAALS    =        -0.0001
 EELEC  =        -7.4374  EHBOND  =         0.0000  RESTRAINT  =         0.0000
 DV/DL  =         7.8121
 ------------------------------------------------------------------------------

  Softcore part of the system:       7 atoms,       TEMP(K)    =         241.25
 SC_Etot=        29.0823  SC_EKtot=         5.0338  SC_EPtot   =        24.0485
 SC_BOND=         1.2148  SC_ANGLE=         6.7361  SC_DIHED   =         5.3460
 SC_14NB=         0.3296  SC_14EEL=        10.4220  SC_VDW     =         0.0000
 SC_EEL =         0.0000
 SC_RES_DIST=     0.0000  SC_RES_ANG=       0.0000  SC_RES_TORS=         0.0000
 SC_EEL_DER=      0.0000  SC_VDW_DER=       0.0000  SC_DERIV   =         0.0000
 ------------------------------------------------------------------------------


| TI region  2


 NSTEP =   185000   TIME(PS) =     185.000  TEMP(K) = Infinity  PRESS =     0.0
 Etot   =        -7.4375  EKtot   =         0.0000  EPtot      =        -7.4375
 BOND   =         0.0000  ANGLE   =        -0.0000  DIHED      =        -0.0000
 1-4 NB =         0.0000  1-4 EEL =        -0.0000  VDWAALS    =        -0.0001
 EELEC  =        -7.4374  EHBOND  =         0.0000  RESTRAINT  =         0.0000
 DV/DL  =         7.8121
 ------------------------------------------------------------------------------

 NMR restraints: Bond =    0.000   Angle =     0.000   Torsion =     0.000
===============================================================================

| TI region  1


 NSTEP =   190000   TIME(PS) =     190.000  TEMP(K) =   495.96  PRESS =     0.0
 Etot   =         2.9178  EKtot   =        10.3485  EPtot      =        -7.4306
 BOND   =        -0.0000  ANGLE   =        -0.0000  DIHED      =         0.0000
 1-4 NB =         0.0000  1-4 EEL =        -0.0000  VDWAALS    =        -0.0001
 EELEC  =        -7.4305  EHBOND  =         0.0000  RESTRAINT  =         0.0000
 DV/DL  =         7.8048
 ------------------------------------------------------------------------------

  Softcore part of the system:       7 atoms,       TEMP(K)    =         495.96
 SC_Etot=        35.4924  SC_EKtot=        10.3485  SC_EPtot   =        25.1440
 SC_BOND=         1.9677  SC_ANGLE=         7.2180  SC_DIHED   =         5.2528
 SC_14NB=         0.3561  SC_14EEL=        10.3493  SC_VDW     =         0.0000
 SC_EEL =         0.0000
 SC_RES_DIST=     0.0000  SC_RES_ANG=       0.0000  SC_RES_TORS=         0.0000
 SC_EEL_DER=      0.0000  SC_VDW_DER=       0.0000  SC_DERIV   =         0.0000
 ------------------------------------------------------------------------------


| TI region  2


 NSTEP =   190000   TIME(PS) =     190.000  TEMP(K) = Infinity  PRESS =     0.0
 Etot   =        -7.4306  EKtot   =         0.0000  EPtot      =        -7.4306
 BOND   =        -0.0000  ANGLE   =        -0.0000  DIHED      =         0.0000
 1-4 NB =         0.0000  1-4 EEL =        -0.0000  VDWAALS    =        -0.0001
 EELEC  =        -7.4305  EHBOND  =         0.0000  RESTRAINT  =         0.0000
 DV/DL  =         7.8048
 ------------------------------------------------------------------------------

 NMR restraints: Bond =    0.000   Angle =     0.000   Torsion =     0.000
===============================================================================

| TI region  1


 NSTEP =   195000   TIME(PS) =     195.000  TEMP(K) =   270.89  PRESS =     0.0
 Etot   =        -1.7761  EKtot   =         5.6522  EPtot      =        -7.4283
 BOND   =        -0.0000  ANGLE   =         0.0000  DIHED      =        -0.0000
 1-4 NB =         0.0000  1-4 EEL =        -0.0000  VDWAALS    =        -0.0001
 EELEC  =        -7.4282  EHBOND  =         0.0000  RESTRAINT  =         0.0000
 DV/DL  =         7.8024
 ------------------------------------------------------------------------------

  Softcore part of the system:       7 atoms,       TEMP(K)    =         270.89
 SC_Etot=        27.6821  SC_EKtot=         5.6522  SC_EPtot   =        22.0299
 SC_BOND=         1.4434  SC_ANGLE=         5.0062  SC_DIHED   =         5.2182
 SC_14NB=         0.1219  SC_14EEL=        10.2403  SC_VDW     =         0.0000
 SC_EEL =         0.0000
 SC_RES_DIST=     0.0000  SC_RES_ANG=       0.0000  SC_RES_TORS=         0.0000
 SC_EEL_DER=      0.0000  SC_VDW_DER=       0.0000  SC_DERIV   =         0.0000
 ------------------------------------------------------------------------------


| TI region  2


 NSTEP =   195000   TIME(PS) =     195.000  TEMP(K) =-Infinity  PRESS =     0.0
 Etot   =        -7.4283  EKtot   =        -0.0000  EPtot      =        -7.4283
 BOND   =        -0.0000  ANGLE   =         0.0000  DIHED      =        -0.0000
 1-4 NB =         0.0000  1-4 EEL =        -0.0000  VDWAALS    =        -0.0001
 EELEC  =        -7.4282  EHBOND  =         0.0000  RESTRAINT  =         0.0000
 DV/DL  =         7.8024
 ------------------------------------------------------------------------------

 NMR restraints: Bond =    0.000   Angle =     0.000   Torsion =     0.000
===============================================================================

| TI region  1


 NSTEP =   200000   TIME(PS) =     200.000  TEMP(K) =   475.58  PRESS =     0.0
 Etot   =         2.4937  EKtot   =         9.9232  EPtot      =        -7.4295
 BOND   =         0.0000  ANGLE   =         0.0000  DIHED      =         0.0000
 1-4 NB =         0.0000  1-4 EEL =        -0.0000  VDWAALS    =        -0.0001
 EELEC  =        -7.4294  EHBOND  =         0.0000  RESTRAINT  =         0.0000
 DV/DL  =         7.8036
 ------------------------------------------------------------------------------

  Softcore part of the system:       7 atoms,       TEMP(K)    =         475.58
 SC_Etot=        35.4492  SC_EKtot=         9.9232  SC_EPtot   =        25.5260
 SC_BOND=         4.8220  SC_ANGLE=         4.7389  SC_DIHED   =         5.2124
 SC_14NB=         0.3255  SC_14EEL=        10.4272  SC_VDW     =         0.0000
 SC_EEL =         0.0000
 SC_RES_DIST=     0.0000  SC_RES_ANG=       0.0000  SC_RES_TORS=         0.0000
 SC_EEL_DER=      0.0000  SC_VDW_DER=       0.0000  SC_DERIV   =         0.0000
 ------------------------------------------------------------------------------


| TI region  2


 NSTEP =   200000   TIME(PS) =     200.000  TEMP(K) = Infinity  PRESS =     0.0
 Etot   =        -7.4295  EKtot   =         0.0000  EPtot      =        -7.4295
 BOND   =         0.0000  ANGLE   =         0.0000  DIHED      =         0.0000
 1-4 NB =         0.0000  1-4 EEL =        -0.0000  VDWAALS    =        -0.0001
 EELEC  =        -7.4294  EHBOND  =         0.0000  RESTRAINT  =         0.0000
 DV/DL  =         7.8036
 ------------------------------------------------------------------------------

 NMR restraints: Bond =    0.000   Angle =     0.000   Torsion =     0.000
===============================================================================

| TI region  1


      A V E R A G E S   O V E R      40 S T E P S


 NSTEP =   200000   TIME(PS) =     200.000  TEMP(K) =   168.46  PRESS =     0.0
 Etot   =        -3.9180  EKtot   =         3.5151  EPtot      =        -7.4330
 BOND   =        -0.0000  ANGLE   =        -0.0000  DIHED      =        -0.0000
 1-4 NB =         0.0000  1-4 EEL =        -0.0000  VDWAALS    =        -0.0001
 EELEC  =        -7.4329  EHBOND  =         0.0000  RESTRAINT  =         0.0000
 DV/DL  =         7.8073
 ------------------------------------------------------------------------------

 NMR restraints: Bond =    0.000   Angle =     0.000   Torsion =     0.000
===============================================================================
  Softcore part of the system:       7 atoms,       TEMP(K)    =         168.46
 SC_Etot=        24.5352  SC_EKtot=         3.5151  SC_EPtot   =        21.0201
 SC_BOND=         1.1101  SC_ANGLE=         3.9260  SC_DIHED   =         5.2452
 SC_14NB=         0.3131  SC_14EEL=        10.4257  SC_VDW     =         0.0000
 SC_EEL =         0.0000
 SC_RES_DIST=     0.0000  SC_RES_ANG=       0.0000  SC_RES_TORS=         0.0000
 SC_EEL_DER=      0.0000  SC_VDW_DER=       0.0000  SC_DERIV   =         0.0000
 ------------------------------------------------------------------------------


      R M S  F L U C T U A T I O N S


 NSTEP =   200000   TIME(PS) =     200.000  TEMP(K) =   123.41  PRESS =     0.0
 Etot   =         2.5755  EKtot   =         2.5750  EPtot      =         0.0029
 BOND   =         0.0000  ANGLE   =         0.0000  DIHED      =         0.0000
 1-4 NB =         0.0000  1-4 EEL =         0.0000  VDWAALS    =         0.0000
 EELEC  =         0.0029  EHBOND  =         0.0000  RESTRAINT  =         0.0000
 DV/DL  =         0.0031
 ------------------------------------------------------------------------------

  Softcore part of the system:       7 atoms,       TEMP(K)    =         123.41
 SC_Etot=         4.1598  SC_EKtot=         2.5750  SC_EPtot   =         1.8566
 SC_BOND=         1.0023  SC_ANGLE=         1.0548  SC_DIHED   =         0.0407
 SC_14NB=         0.1100  SC_14EEL=         0.1020  SC_VDW     =         0.0000
 SC_EEL =         0.0000
 SC_RES_DIST=     0.0000  SC_RES_ANG=       0.0000  SC_RES_TORS=         0.0000
 SC_EEL_DER=      0.0000  SC_VDW_DER=       0.0000  SC_DERIV   =         0.0000
 ------------------------------------------------------------------------------


| TI region  2


      A V E R A G E S   O V E R      40 S T E P S


 NSTEP =   200000   TIME(PS) =     200.000  TEMP(K) =      NaN  PRESS =     0.0
 Etot   =        -7.4330  EKtot   =         0.0000  EPtot      =        -7.4330
 BOND   =        -0.0000  ANGLE   =        -0.0000  DIHED      =        -0.0000
 1-4 NB =         0.0000  1-4 EEL =        -0.0000  VDWAALS    =        -0.0001
 EELEC  =        -7.4329  EHBOND  =         0.0000  RESTRAINT  =         0.0000
 DV/DL  =         7.8073
 ------------------------------------------------------------------------------

 NMR restraints: Bond =    0.000   Angle =     0.000   Torsion =     0.000
===============================================================================

      R M S  F L U C T U A T I O N S


 NSTEP =   200000   TIME(PS) =     200.000  TEMP(K) =      NaN  PRESS =     0.0
 Etot   =         0.0029  EKtot   =         0.0000  EPtot      =         0.0029
 BOND   =         0.0000  ANGLE   =         0.0000  DIHED      =         0.0000
 1-4 NB =         0.0000  1-4 EEL =         0.0000  VDWAALS    =         0.0000
 EELEC  =         0.0029  EHBOND  =         0.0000  RESTRAINT  =         0.0000
 DV/DL  =         0.0031
 ------------------------------------------------------------------------------


      DV/DL, AVERAGES OVER      40 STEPS


 NSTEP =   200000   TIME(PS) =     200.000  TEMP(K) =      NaN  PRESS =     0.0
 Etot   =         0.0000  EKtot   =         0.0000  EPtot      =         7.8073
 BOND   =         0.0000  ANGLE   =         0.0000  DIHED      =         0.0000
 1-4 NB =         0.0000  1-4 EEL =         0.0000  VDWAALS    =         0.0001
 EELEC  =         7.8072  EHBOND  =         0.0000  RESTRAINT  =         0.0000
 DV/DL  =         7.8073
 ------------------------------------------------------------------------------


 NMR restraints on final step:

--------------------------------------------------------------------------------
   5.  TIMINGS
--------------------------------------------------------------------------------

|  NonSetup CPU Time in Major Routines:
|
|     Routine           Sec        %
|     ------------------------------
|     Nonbond          52.49   42.23
|     Bond              0.00    0.00
|     Angle             0.00    0.00
|     Dihedral          0.00    0.00
|     Shake             0.00    0.00
|     RunMD            71.28   57.35
|     Other             0.52    0.42
|     ------------------------------
|     Total           124.29

|  PME Nonbond Pairlist CPU Time:
|
|     Routine              Sec        %
|     ---------------------------------
|     Set Up Cit           0.00    0.00
|     Build List           0.00    0.00
|     ---------------------------------
|     Total                0.00    0.00

|  PME Direct Force CPU Time:
|
|     Routine              Sec        %
|     ---------------------------------
|     NonBonded Calc       0.00    0.00
|     Exclude Masked       0.00    0.00
|     Other                0.37    0.30
|     ---------------------------------
|     Total                0.37    0.30

|  PME Reciprocal Force CPU Time:
|
|     Routine              Sec        %
|     ---------------------------------
|     1D bspline           0.00    0.00
|     Grid Charges         0.00    0.00
|     Scalar Sum           0.00    0.00
|     Gradient Sum         0.00    0.00
|     FFT                  0.00    0.00
|     ---------------------------------
|     Total                0.00    0.00

|  Final Performance Info:
|     -----------------------------------------------------
|     Average timings for last       1 steps:
|     Elapsed(s) =       0.00 Per Step(ms) =       0.36
|         ns/day =     241.90   seconds/ns =     357.18
|
|     Average timings for all steps:
|     Elapsed(s) =     124.44 Per Step(ms) =       0.62
|         ns/day =     138.86   seconds/ns =     622.19
|     -----------------------------------------------------

|  Setup CPU time:            0.44 seconds
|  NonSetup CPU time:       124.29 seconds
|  Total CPU time:          124.73 seconds     0.03 hours

|  Setup wall time:           0    seconds
|  NonSetup wall time:      125    seconds
|  Total wall time:         125    seconds     0.03 hours
