
          -------------------------------------------------------
          Amber 18 PMEMD                              2018
          -------------------------------------------------------

| PMEMD implementation of SANDER, Release 18

| Run on 06/12/2020 at 12:18:41

|   Executable path: /opt/software/Amber/18-foss-2018b-AmberTools-19/bin/pmemd.cuda
| Working directory: /mnt/gs18/scratch/users/songlin3/run/1264_optimization/acetate/spce_SPC/0.00922
|          Hostname: lac-138

  [-O]verwriting output

File Assignments:
|   MDIN: heat.in                                                               
|  MDOUT: heat.out                                                              
| INPCRD: min.rst                                                               
|   PARM: step1.prmtop                                                          
| RESTRT: heat.rst                                                              
|   REFC: min.rst                                                               
|  MDVEL: mdvel                                                                 
|   MDEN: mden                                                                  
|  MDCRD: heat.netcdf                                                           
| MDINFO: heat.mdinfo                                                           
|  MDFRC: mdfrc                                                                 


 Here is the input file:

nvt for free MD                                                                
 &cntrl                                                                        
  imin=0,                                                                      
  irest=0,                                                                     
  ntx=1,                                                                       
  ig=-1,                                                                       
  nstlim=200000,                                                               
  dt=0.001,                                                                    
  cut=10.0,                                                                    
  ntc=1,                                                                       
  ntf=1,                                                                       
  ntb=1,                                                                       
  ntt=3,                                                                       
  gamma_ln=2.0,                                                                
  tempi=0.0,                                                                   
  temp0=300.0,                                                                 
  ntpr=5000,                                                                   
  ntwr=5000,                                                                   
  ntwx=10000,                                                                  
  ntwv=0,                                                                      
  ioutfm=1,                                                                    
  iwrap=0,                                                                     
  nmropt=1,                                                                    
  ifsc = 1, icfe=1,                                                            
  clambda=0.00922,                                                             
  timask1=':1', scmask1=':1', scmask2='',                                      
  timask2='',                                                                  
/                                                                              
&wt TYPE='TEMP0', istep1=0, istep2=190000, value1=0.0, value2=300.0 /          
&wt TYPE='TEMP0', istep1=190001, istep2=200000, value1=300.0, value2=300.0 /   
&wt TYPE='DUMPFREQ', istep1=10000, /                                           
&wt TYPE='END', /                                                              


Note: ig = -1. Setting random seed to   456385 based on wallclock time in 
      microseconds.
| irandom = 1, using AMBER's internal random number generator (default).
 
|--------------------- INFORMATION ----------------------
| GPU (CUDA) Version of PMEMD in use: NVIDIA GPU IN USE.
|                    Version 18.0.0
| 
|                      03/25/2018
| 
| Implementation by:
|                    Ross C. Walker     (SDSC)
|                    Scott Le Grand     (nVIDIA)
| 
| Version 18 performance extensions by:
|                    David Cerutti     (Rutgers)
| 
| Precision model in use:
|      [SPFP] - Single Precision Forces, 64-bit Fixed Point
|               Accumulation. (Default)
| 
|--------------------------------------------------------
 
|----------------- CITATION INFORMATION -----------------
|
|    When publishing work that utilized the CUDA version
|    of AMBER, please cite the following in addition to
|    the regular AMBER citations:
|
|  - Romelia Salomon-Ferrer; Andreas W. Goetz; Duncan
|    Poole; Scott Le Grand; Ross C. Walker "Routine
|    microsecond molecular dynamics simulations with
|    AMBER - Part II: Particle Mesh Ewald", J. Chem.
|    Theory Comput., 2013, 9 (9), pp3878-3888,
|    DOI: 10.1021/ct400314y.
|
|  - Andreas W. Goetz; Mark J. Williamson; Dong Xu;
|    Duncan Poole; Scott Le Grand; Ross C. Walker
|    "Routine microsecond molecular dynamics simulations
|    with AMBER - Part I: Generalized Born", J. Chem.
|    Theory Comput., 2012, 8 (5), pp1542-1555.
|
|  - Scott Le Grand; Andreas W. Goetz; Ross C. Walker
|    "SPFP: Speed without compromise - a mixed precision
|    model for GPU accelerated molecular dynamics
|    simulations.", Comp. Phys. Comm., 2013, 184
|    pp374-380, DOI: 10.1016/j.cpc.2012.09.022
|
|    When publishing work that utilized the CUDA version
|    of TI, BAR, MBAR or FEP please cite the following 
|    three publications in addition to the regular AMBER 
|    GPU citations:
|
|  - Daniel J. Mermelstein; Charles Lin; Gard Nelson; 
|    Rachael Kretsch; J. Andrew McCammon; Ross C. Walker
|    "Fast and Flexible GPU Accelerated Binding 
|    Free Energy Calculations within the AMBER Molecular
|    Dynamics Package" J. Comp. Chem., 2018,
|    DOI: 10.1002/jcc.25187
|
|  - Tai-Sung Lee; Yuan Hu; Brad Sherborne; Zhuyan Guo;
|    Darrin M. York
|    "Toward Fast and Accurate Binding Affinity Prediction with
|    pmemdGTI: An Efficient Implementation of GPU-Accelerated
|    Thermodynamic Integration"
|    J. Chem. Theory Comput., 2017, 13 (7), 3077
|
|
|--------------------------------------------------------
 
|------------------- GPU DEVICE INFO --------------------
|
|            CUDA_VISIBLE_DEVICES: 0
|   CUDA Capable Devices Detected:      1
|           CUDA Device ID in use:      0
|                CUDA Device Name: Tesla K80
|     CUDA Device Global Mem Size:  12206 MB
| CUDA Device Num Multiprocessors:     13
|           CUDA Device Core Freq:   0.82 GHz
|
|--------------------------------------------------------
 
 
| Conditional Compilation Defines Used:
| PUBFFT
| BINTRAJ
| CUDA
| EMIL

| Largest sphere to fit in unit cell has radius =    27.333

| New format PARM file being parsed.
| Version =    1.000 Date = 06/12/20 Time = 12:17:28

| Note: 1-4 EEL scale factors are being read from the topology file.

| Note: 1-4 VDW scale factors are being read from the topology file.
| Duplicated    0 dihedrals

| Duplicated    0 dihedrals

--------------------------------------------------------------------------------
   1.  RESOURCE   USE: 
--------------------------------------------------------------------------------

 getting box info from netcdf restart file
 NATOM  =   20845 NTYPES =       6 NBONH =   20841 MBONA  =       3
 NTHETH =       6 MTHETA =       3 NPHIH =      12 MPHIA  =       1
 NHPARM =       0 NPARM  =       0 NNB   =   27806 NRES   =    6947
 NBONA  =       3 NTHETA =       3 NPHIA =       1 NUMBND =       5
 NUMANG =       4 NPTRA  =       3 NATYP =       6 NPHB   =       1
 IFBOX  =       2 NMXRS  =       7 IFCAP =       0 NEXTRA =       0
 NCOPY  =       0

| Coordinate Index Table dimensions:    10   10   10
| Direct force subcell size =     6.6953    6.6953    6.6953

     BOX TYPE: TRUNCATED OCTAHEDRON

--------------------------------------------------------------------------------
   2.  CONTROL  DATA  FOR  THE  RUN
--------------------------------------------------------------------------------

default_name                                                                    

General flags:
     imin    =       0, nmropt  =       1

Nature and format of input:
     ntx     =       1, irest   =       0, ntrx    =       1

Nature and format of output:
     ntxo    =       2, ntpr    =    5000, ntrx    =       1, ntwr    =    5000
     iwrap   =       0, ntwx    =   10000, ntwv    =       0, ntwe    =       0
     ioutfm  =       1, ntwprt  =       0, idecomp =       0, rbornstat=      0

Potential function:
     ntf     =       1, ntb     =       1, igb     =       0, nsnb    =      25
     ipol    =       0, gbsa    =       0, iesp    =       0
     dielc   =   1.00000, cut     =  10.00000, intdiel =   1.00000

Frozen or restrained atoms:
     ibelly  =       0, ntr     =       0

Molecular dynamics:
     nstlim  =    200000, nscm    =      1000, nrespa  =         1
     t       =   0.00000, dt      =   0.00100, vlimit  =  -1.00000

Langevin dynamics temperature regulation:
     ig      =  456385
     temp0   = 300.00000, tempi   =   0.00000, gamma_ln=   2.00000

NMR refinement options:
     iscale  =       0, noeskp  =       1, ipnlty  =       1, mxsub   =       1
     scalm   = 100.00000, pencut  =   0.10000, tausw   =   0.10000

Free energy options:
     icfe    =       1, ifsc    =       1, klambda =       1
     clambda =  0.0092, scalpha =  0.5000, scbeta  = 12.0000
     sceeorder =       2
     dynlmb =  0.0000 logdvdl =       0

| Intermolecular bonds treatment:
|     no_intermolecular_bonds =       1

| Energy averages sample interval:
|     ene_avg_sampling =    5000

Ewald parameters:
     verbose =       0, ew_type =       0, nbflag  =       1, use_pme =       1
     vdwmeth =       1, eedmeth =       1, netfrc  =       1
     Box X =   66.953   Box Y =   66.953   Box Z =   66.953
     Alpha =  109.471   Beta  =  109.471   Gamma =  109.471
     NFFT1 =   64       NFFT2 =   64       NFFT3 =   64
     Cutoff=   10.000   Tol   =0.100E-04
     Ewald Coefficient =  0.27511
     Interpolation order =    4
     TI Mask 1 :1; matches      7 atoms
     TI Mask 2  matches      0 atoms
     TI region 1:   20845 atoms
     TI region 2:   20838 atoms
     SC Mask 1 :1; matches      7 atoms

--------------------------------------------------------------------------------
   3.  ATOMIC COORDINATES AND VELOCITIES
--------------------------------------------------------------------------------

default_name                                                                    
 begin time read from input coords =     0.000 ps



           Begin reading energy term weight changes/NMR restraints
 WEIGHT CHANGES:
 TEMP0         0 190000    0.000000  300.000000      0      0
 TEMP0    190001 200000  300.000000  300.000000      0      0
 DUMPFREQ  10000      0    0.000000    0.000000      0      0

 RESTRAINTS:
                          ** No restraint defined **

                  Done reading weight changes/NMR restraints


 
 Number of triangulated 3-point waters found:     6946
 Number of shake restraints removed in TI region  1 :        0
 Number of shake restraints removed in TI region  2 :        0

     Sum of charges for TI region  1 =  -1.00000662
     Assuming uniform neutralizing plasma


     Sum of charges for TI region  2 =  -0.00000762
     Forcing neutrality...

| Dynamic Memory, Types Used:
| Reals              914872
| Integers           792492

| Nonbonded Pairs Initial Allocation:     6305091

| GPU memory information (estimate):
| KB of GPU memory in use:         0
| KB of CPU memory in use:         0

--------------------------------------------------------------------------------
   4.  RESULTS
--------------------------------------------------------------------------------

   DOF for the SC part  1 of the system:   21

| TI region  1


 NSTEP =        0   TIME(PS) =       0.000  TEMP(K) =     0.00  PRESS =     0.0
 Etot   =    -99573.6709  EKtot   =         0.0000  EPtot      =    -99573.6709
 BOND   =      9102.3146  ANGLE   =        -0.0000  DIHED      =        -0.0000
 1-4 NB =         0.0000  1-4 EEL =        -0.0000  VDWAALS    =     23940.6222
 EELEC  =   -132616.6077  EHBOND  =         0.0000  RESTRAINT  =         0.0000
 DV/DL  =       414.9621
 ------------------------------------------------------------------------------

  Softcore part of the system:       7 atoms,       TEMP(K)    =           0.00
 SC_Etot=        19.0201  SC_EKtot=         0.0000  SC_EPtot   =        19.0201
 SC_BOND=         0.0450  SC_ANGLE=         3.1151  SC_DIHED   =         5.2076
 SC_14NB=         0.2633  SC_14EEL=        10.3891  SC_VDW     =         0.0000
 SC_EEL =         0.0000
 SC_RES_DIST=     0.0000  SC_RES_ANG=       0.0000  SC_RES_TORS=         0.0000
 SC_EEL_DER=    296.0946  SC_VDW_DER=     -43.8011  SC_DERIV   =       252.2935
 ------------------------------------------------------------------------------


| TI region  2


 NSTEP =        0   TIME(PS) =       0.000  TEMP(K) =     0.00  PRESS =     0.0
 Etot   =    -99573.6709  EKtot   =         0.0000  EPtot      =    -99573.6709
 BOND   =      9102.3146  ANGLE   =        -0.0000  DIHED      =        -0.0000
 1-4 NB =         0.0000  1-4 EEL =        -0.0000  VDWAALS    =     23940.6222
 EELEC  =   -132616.6077  EHBOND  =         0.0000  RESTRAINT  =         0.0000
 DV/DL  =       414.9621
 ------------------------------------------------------------------------------

 NMR restraints: Bond =    0.000   Angle =     0.000   Torsion =     0.000
===============================================================================

| TI region  1


 NSTEP =     5000   TIME(PS) =       5.000  TEMP(K) =     7.42  PRESS =     0.0
 Etot   =    -99780.6012  EKtot   =       460.8133  EPtot      =   -100241.4145
 BOND   =      9575.0861  ANGLE   =         0.0000  DIHED      =        -0.0000
 1-4 NB =         0.0000  1-4 EEL =        -0.0000  VDWAALS    =     25353.2401
 EELEC  =   -135169.7407  EHBOND  =         0.0000  RESTRAINT  =         0.0000
 DV/DL  =       448.7534
 ------------------------------------------------------------------------------

  Softcore part of the system:       7 atoms,       TEMP(K)    =           9.49
 SC_Etot=        19.2118  SC_EKtot=         0.1980  SC_EPtot   =        19.0138
 SC_BOND=         0.0630  SC_ANGLE=         3.1183  SC_DIHED   =         5.2237
 SC_14NB=         0.2292  SC_14EEL=        10.3796  SC_VDW     =         0.0000
 SC_EEL =         0.0000
 SC_RES_DIST=     0.0000  SC_RES_ANG=       0.0000  SC_RES_TORS=         0.0000
 SC_EEL_DER=    319.7506  SC_VDW_DER=     -49.0964  SC_DERIV   =       270.6543
 ------------------------------------------------------------------------------


| TI region  2


 NSTEP =     5000   TIME(PS) =       5.000  TEMP(K) =     7.42  PRESS =     0.0
 Etot   =    -99780.7992  EKtot   =       460.6153  EPtot      =   -100241.4145
 BOND   =      9575.0861  ANGLE   =         0.0000  DIHED      =        -0.0000
 1-4 NB =         0.0000  1-4 EEL =        -0.0000  VDWAALS    =     25353.2401
 EELEC  =   -135169.7407  EHBOND  =         0.0000  RESTRAINT  =         0.0000
 DV/DL  =       448.7534
 ------------------------------------------------------------------------------

 NMR restraints: Bond =    0.000   Angle =     0.000   Torsion =     0.000
===============================================================================

| TI region  1


 NSTEP =    10000   TIME(PS) =      10.000  TEMP(K) =    15.16  PRESS =     0.0
 Etot   =    -99005.7830  EKtot   =       941.6686  EPtot      =    -99947.4516
 BOND   =      9763.1642  ANGLE   =         0.0000  DIHED      =         0.0000
 1-4 NB =         0.0000  1-4 EEL =        -0.0000  VDWAALS    =     25457.3324
 EELEC  =   -135167.9481  EHBOND  =         0.0000  RESTRAINT  =         0.0000
 DV/DL  =       446.7216
 ------------------------------------------------------------------------------

  Softcore part of the system:       7 atoms,       TEMP(K)    =          16.07
 SC_Etot=        19.4794  SC_EKtot=         0.3352  SC_EPtot   =        19.1442
 SC_BOND=         0.1172  SC_ANGLE=         3.0689  SC_DIHED   =         5.2149
 SC_14NB=         0.3006  SC_14EEL=        10.4426  SC_VDW     =         0.0000
 SC_EEL =         0.0000
 SC_RES_DIST=     0.0000  SC_RES_ANG=       0.0000  SC_RES_TORS=         0.0000
 SC_EEL_DER=    308.0428  SC_VDW_DER=     -41.3422  SC_DERIV   =       266.7006
 ------------------------------------------------------------------------------


| TI region  2


 NSTEP =    10000   TIME(PS) =      10.000  TEMP(K) =    15.16  PRESS =     0.0
 Etot   =    -99006.1182  EKtot   =       941.3333  EPtot      =    -99947.4516
 BOND   =      9763.1642  ANGLE   =         0.0000  DIHED      =         0.0000
 1-4 NB =         0.0000  1-4 EEL =        -0.0000  VDWAALS    =     25457.3324
 EELEC  =   -135167.9481  EHBOND  =         0.0000  RESTRAINT  =         0.0000
 DV/DL  =       446.7216
 ------------------------------------------------------------------------------

 NMR restraints: Bond =    0.000   Angle =     0.000   Torsion =     0.000
===============================================================================

| TI region  1


 NSTEP =    15000   TIME(PS) =      15.000  TEMP(K) =    23.14  PRESS =     0.0
 Etot   =    -98142.0686  EKtot   =      1438.0895  EPtot      =    -99580.1581
 BOND   =      9940.4320  ANGLE   =         0.0000  DIHED      =        -0.0000
 1-4 NB =         0.0000  1-4 EEL =        -0.0000  VDWAALS    =     25564.2571
 EELEC  =   -135084.8472  EHBOND  =         0.0000  RESTRAINT  =         0.0000
 DV/DL  =       436.7882
 ------------------------------------------------------------------------------

  Softcore part of the system:       7 atoms,       TEMP(K)    =          19.52
 SC_Etot=        19.7677  SC_EKtot=         0.4073  SC_EPtot   =        19.3604
 SC_BOND=         0.0653  SC_ANGLE=         3.4963  SC_DIHED   =         5.2199
 SC_14NB=         0.2179  SC_14EEL=        10.3610  SC_VDW     =         0.0000
 SC_EEL =         0.0000
 SC_RES_DIST=     0.0000  SC_RES_ANG=       0.0000  SC_RES_TORS=         0.0000
 SC_EEL_DER=    299.3865  SC_VDW_DER=     -40.8386  SC_DERIV   =       258.5479
 ------------------------------------------------------------------------------


| TI region  2


 NSTEP =    15000   TIME(PS) =      15.000  TEMP(K) =    23.15  PRESS =     0.0
 Etot   =    -98142.4759  EKtot   =      1437.6822  EPtot      =    -99580.1581
 BOND   =      9940.4320  ANGLE   =         0.0000  DIHED      =        -0.0000
 1-4 NB =         0.0000  1-4 EEL =        -0.0000  VDWAALS    =     25564.2571
 EELEC  =   -135084.8472  EHBOND  =         0.0000  RESTRAINT  =         0.0000
 DV/DL  =       436.7882
 ------------------------------------------------------------------------------

 NMR restraints: Bond =    0.000   Angle =     0.000   Torsion =     0.000
===============================================================================

| TI region  1


 NSTEP =    20000   TIME(PS) =      20.000  TEMP(K) =    31.28  PRESS =     0.0
 Etot   =    -97297.9711  EKtot   =      1943.5564  EPtot      =    -99241.5275
 BOND   =     10105.3240  ANGLE   =         0.0000  DIHED      =        -0.0000
 1-4 NB =         0.0000  1-4 EEL =        -0.0000  VDWAALS    =     25497.7798
 EELEC  =   -134844.6313  EHBOND  =         0.0000  RESTRAINT  =         0.0000
 DV/DL  =       422.0454
 ------------------------------------------------------------------------------

  Softcore part of the system:       7 atoms,       TEMP(K)    =          35.26
 SC_Etot=        21.1014  SC_EKtot=         0.7358  SC_EPtot   =        20.3656
 SC_BOND=         0.6825  SC_ANGLE=         3.7877  SC_DIHED   =         5.2313
 SC_14NB=         0.2865  SC_14EEL=        10.3777  SC_VDW     =         0.0000
 SC_EEL =         0.0000
 SC_RES_DIST=     0.0000  SC_RES_ANG=       0.0000  SC_RES_TORS=         0.0000
 SC_EEL_DER=    282.2782  SC_VDW_DER=     -36.7267  SC_DERIV   =       245.5514
 ------------------------------------------------------------------------------


| TI region  2


 NSTEP =    20000   TIME(PS) =      20.000  TEMP(K) =    31.28  PRESS =     0.0
 Etot   =    -97298.7069  EKtot   =      1942.8206  EPtot      =    -99241.5275
 BOND   =     10105.3240  ANGLE   =         0.0000  DIHED      =        -0.0000
 1-4 NB =         0.0000  1-4 EEL =        -0.0000  VDWAALS    =     25497.7798
 EELEC  =   -134844.6313  EHBOND  =         0.0000  RESTRAINT  =         0.0000
 DV/DL  =       422.0454
 ------------------------------------------------------------------------------

 NMR restraints: Bond =    0.000   Angle =     0.000   Torsion =     0.000
===============================================================================

| TI region  1


 NSTEP =    25000   TIME(PS) =      25.000  TEMP(K) =    38.89  PRESS =     0.0
 Etot   =    -96476.8855  EKtot   =      2416.6204  EPtot      =    -98893.5059
 BOND   =     10348.2291  ANGLE   =         0.0000  DIHED      =        -0.0000
 1-4 NB =         0.0000  1-4 EEL =         0.0000  VDWAALS    =     25512.7724
 EELEC  =   -134754.5074  EHBOND  =         0.0000  RESTRAINT  =         0.0000
 DV/DL  =       441.3444
 ------------------------------------------------------------------------------

  Softcore part of the system:       7 atoms,       TEMP(K)    =          28.84
 SC_Etot=        20.0321  SC_EKtot=         0.6018  SC_EPtot   =        19.4303
 SC_BOND=         0.3129  SC_ANGLE=         3.1396  SC_DIHED   =         5.2104
 SC_14NB=         0.2945  SC_14EEL=        10.4728  SC_VDW     =         0.0000
 SC_EEL =         0.0000
 SC_RES_DIST=     0.0000  SC_RES_ANG=       0.0000  SC_RES_TORS=         0.0000
 SC_EEL_DER=    298.3754  SC_VDW_DER=     -40.1988  SC_DERIV   =       258.1766
 ------------------------------------------------------------------------------


| TI region  2


 NSTEP =    25000   TIME(PS) =      25.000  TEMP(K) =    38.90  PRESS =     0.0
 Etot   =    -96477.4873  EKtot   =      2416.0186  EPtot      =    -98893.5059
 BOND   =     10348.2291  ANGLE   =         0.0000  DIHED      =        -0.0000
 1-4 NB =         0.0000  1-4 EEL =         0.0000  VDWAALS    =     25512.7724
 EELEC  =   -134754.5074  EHBOND  =         0.0000  RESTRAINT  =         0.0000
 DV/DL  =       441.3444
 ------------------------------------------------------------------------------

 NMR restraints: Bond =    0.000   Angle =     0.000   Torsion =     0.000
===============================================================================

| TI region  1


 NSTEP =    30000   TIME(PS) =      30.000  TEMP(K) =    46.35  PRESS =     0.0
 Etot   =    -95571.4172  EKtot   =      2880.0210  EPtot      =    -98451.4382
 BOND   =     10366.6329  ANGLE   =        -0.0000  DIHED      =        -0.0000
 1-4 NB =         0.0000  1-4 EEL =         0.0000  VDWAALS    =     25406.6135
 EELEC  =   -134224.6846  EHBOND  =         0.0000  RESTRAINT  =         0.0000
 DV/DL  =       439.4395
 ------------------------------------------------------------------------------

  Softcore part of the system:       7 atoms,       TEMP(K)    =          50.87
 SC_Etot=        20.8691  SC_EKtot=         1.0613  SC_EPtot   =        19.8078
 SC_BOND=         0.3312  SC_ANGLE=         3.5498  SC_DIHED   =         5.2223
 SC_14NB=         0.2536  SC_14EEL=        10.4508  SC_VDW     =         0.0000
 SC_EEL =         0.0000
 SC_RES_DIST=     0.0000  SC_RES_ANG=       0.0000  SC_RES_TORS=         0.0000
 SC_EEL_DER=    311.3698  SC_VDW_DER=     -52.8459  SC_DERIV   =       258.5239
 ------------------------------------------------------------------------------


| TI region  2


 NSTEP =    30000   TIME(PS) =      30.000  TEMP(K) =    46.35  PRESS =     0.0
 Etot   =    -95572.4786  EKtot   =      2878.9596  EPtot      =    -98451.4382
 BOND   =     10366.6329  ANGLE   =        -0.0000  DIHED      =        -0.0000
 1-4 NB =         0.0000  1-4 EEL =         0.0000  VDWAALS    =     25406.6135
 EELEC  =   -134224.6846  EHBOND  =         0.0000  RESTRAINT  =         0.0000
 DV/DL  =       439.4395
 ------------------------------------------------------------------------------

 NMR restraints: Bond =    0.000   Angle =     0.000   Torsion =     0.000
===============================================================================

| TI region  1


 NSTEP =    35000   TIME(PS) =      35.000  TEMP(K) =    54.34  PRESS =     0.0
 Etot   =    -94698.8861  EKtot   =      3376.6492  EPtot      =    -98075.5353
 BOND   =     10630.0503  ANGLE   =         0.0000  DIHED      =        -0.0000
 1-4 NB =         0.0000  1-4 EEL =         0.0000  VDWAALS    =     25397.8730
 EELEC  =   -134103.4586  EHBOND  =         0.0000  RESTRAINT  =         0.0000
 DV/DL  =       434.2124
 ------------------------------------------------------------------------------

  Softcore part of the system:       7 atoms,       TEMP(K)    =          42.32
 SC_Etot=        20.7665  SC_EKtot=         0.8830  SC_EPtot   =        19.8835
 SC_BOND=         0.3709  SC_ANGLE=         3.5437  SC_DIHED   =         5.2111
 SC_14NB=         0.3134  SC_14EEL=        10.4445  SC_VDW     =         0.0000
 SC_EEL =         0.0000
 SC_RES_DIST=     0.0000  SC_RES_ANG=       0.0000  SC_RES_TORS=         0.0000
 SC_EEL_DER=    303.6660  SC_VDW_DER=     -47.2752  SC_DERIV   =       256.3908
 ------------------------------------------------------------------------------


| TI region  2


 NSTEP =    35000   TIME(PS) =      35.000  TEMP(K) =    54.35  PRESS =     0.0
 Etot   =    -94699.7691  EKtot   =      3375.7661  EPtot      =    -98075.5353
 BOND   =     10630.0503  ANGLE   =         0.0000  DIHED      =        -0.0000
 1-4 NB =         0.0000  1-4 EEL =         0.0000  VDWAALS    =     25397.8730
 EELEC  =   -134103.4586  EHBOND  =         0.0000  RESTRAINT  =         0.0000
 DV/DL  =       434.2124
 ------------------------------------------------------------------------------

 NMR restraints: Bond =    0.000   Angle =     0.000   Torsion =     0.000
===============================================================================

| TI region  1


 NSTEP =    40000   TIME(PS) =      40.000  TEMP(K) =    61.95  PRESS =     0.0
 Etot   =    -93860.3816  EKtot   =      3849.1011  EPtot      =    -97709.4827
 BOND   =     10725.1745  ANGLE   =        -0.0000  DIHED      =         0.0000
 1-4 NB =         0.0000  1-4 EEL =        -0.0000  VDWAALS    =     25297.4700
 EELEC  =   -133732.1272  EHBOND  =         0.0000  RESTRAINT  =         0.0000
 DV/DL  =       451.6185
 ------------------------------------------------------------------------------

  Softcore part of the system:       7 atoms,       TEMP(K)    =          49.46
 SC_Etot=        20.6320  SC_EKtot=         1.0320  SC_EPtot   =        19.5999
 SC_BOND=         0.4754  SC_ANGLE=         3.3826  SC_DIHED   =         5.2281
 SC_14NB=         0.1900  SC_14EEL=        10.3238  SC_VDW     =         0.0000
 SC_EEL =         0.0000
 SC_RES_DIST=     0.0000  SC_RES_ANG=       0.0000  SC_RES_TORS=         0.0000
 SC_EEL_DER=    327.3797  SC_VDW_DER=     -54.9279  SC_DERIV   =       272.4518
 ------------------------------------------------------------------------------


| TI region  2


 NSTEP =    40000   TIME(PS) =      40.000  TEMP(K) =    61.95  PRESS =     0.0
 Etot   =    -93861.4136  EKtot   =      3848.0690  EPtot      =    -97709.4827
 BOND   =     10725.1745  ANGLE   =        -0.0000  DIHED      =         0.0000
 1-4 NB =         0.0000  1-4 EEL =        -0.0000  VDWAALS    =     25297.4700
 EELEC  =   -133732.1272  EHBOND  =         0.0000  RESTRAINT  =         0.0000
 DV/DL  =       451.6185
 ------------------------------------------------------------------------------

 NMR restraints: Bond =    0.000   Angle =     0.000   Torsion =     0.000
===============================================================================

| TI region  1


 NSTEP =    45000   TIME(PS) =      45.000  TEMP(K) =    70.14  PRESS =     0.0
 Etot   =    -93003.1700  EKtot   =      4357.9062  EPtot      =    -97361.0763
 BOND   =     11077.3464  ANGLE   =         0.0000  DIHED      =        -0.0000
 1-4 NB =         0.0000  1-4 EEL =        -0.0000  VDWAALS    =     25439.6500
 EELEC  =   -133878.0727  EHBOND  =         0.0000  RESTRAINT  =         0.0000
 DV/DL  =       471.0629
 ------------------------------------------------------------------------------

  Softcore part of the system:       7 atoms,       TEMP(K)    =          63.72
 SC_Etot=        21.6543  SC_EKtot=         1.3296  SC_EPtot   =        20.3247
 SC_BOND=         0.6562  SC_ANGLE=         3.9780  SC_DIHED   =         5.2360
 SC_14NB=         0.1638  SC_14EEL=        10.2907  SC_VDW     =         0.0000
 SC_EEL =         0.0000
 SC_RES_DIST=     0.0000  SC_RES_ANG=       0.0000  SC_RES_TORS=         0.0000
 SC_EEL_DER=    356.5804  SC_VDW_DER=     -67.2086  SC_DERIV   =       289.3718
 ------------------------------------------------------------------------------


| TI region  2


 NSTEP =    45000   TIME(PS) =      45.000  TEMP(K) =    70.14  PRESS =     0.0
 Etot   =    -93004.4997  EKtot   =      4356.5766  EPtot      =    -97361.0763
 BOND   =     11077.3464  ANGLE   =         0.0000  DIHED      =        -0.0000
 1-4 NB =         0.0000  1-4 EEL =        -0.0000  VDWAALS    =     25439.6500
 EELEC  =   -133878.0727  EHBOND  =         0.0000  RESTRAINT  =         0.0000
 DV/DL  =       471.0629
 ------------------------------------------------------------------------------

 NMR restraints: Bond =    0.000   Angle =     0.000   Torsion =     0.000
===============================================================================

| TI region  1


 NSTEP =    50000   TIME(PS) =      50.000  TEMP(K) =    77.61  PRESS =     0.0
 Etot   =    -92154.4438  EKtot   =      4821.9990  EPtot      =    -96976.4428
 BOND   =     11146.4052  ANGLE   =         0.0000  DIHED      =         0.0000
 1-4 NB =         0.0000  1-4 EEL =        -0.0000  VDWAALS    =     25419.1397
 EELEC  =   -133541.9877  EHBOND  =         0.0000  RESTRAINT  =         0.0000
 DV/DL  =       478.4490
 ------------------------------------------------------------------------------

  Softcore part of the system:       7 atoms,       TEMP(K)    =          48.31
 SC_Etot=        21.9218  SC_EKtot=         1.0081  SC_EPtot   =        20.9137
 SC_BOND=         0.8467  SC_ANGLE=         4.3287  SC_DIHED   =         5.3133
 SC_14NB=         0.1387  SC_14EEL=        10.2862  SC_VDW     =         0.0000
 SC_EEL =         0.0000
 SC_RES_DIST=     0.0000  SC_RES_ANG=       0.0000  SC_RES_TORS=         0.0000
 SC_EEL_DER=    340.9826  SC_VDW_DER=     -49.6344  SC_DERIV   =       291.3482
 ------------------------------------------------------------------------------


| TI region  2


 NSTEP =    50000   TIME(PS) =      50.000  TEMP(K) =    77.62  PRESS =     0.0
 Etot   =    -92155.4519  EKtot   =      4820.9909  EPtot      =    -96976.4428
 BOND   =     11146.4052  ANGLE   =         0.0000  DIHED      =         0.0000
 1-4 NB =         0.0000  1-4 EEL =        -0.0000  VDWAALS    =     25419.1397
 EELEC  =   -133541.9877  EHBOND  =         0.0000  RESTRAINT  =         0.0000
 DV/DL  =       478.4490
 ------------------------------------------------------------------------------

 NMR restraints: Bond =    0.000   Angle =     0.000   Torsion =     0.000
===============================================================================

| TI region  1


 NSTEP =    55000   TIME(PS) =      55.000  TEMP(K) =    85.72  PRESS =     0.0
 Etot   =    -91244.0888  EKtot   =      5326.0542  EPtot      =    -96570.1430
 BOND   =     11424.2512  ANGLE   =         0.0000  DIHED      =         0.0000
 1-4 NB =         0.0000  1-4 EEL =        -0.0000  VDWAALS    =     25083.3008
 EELEC  =   -133077.6949  EHBOND  =         0.0000  RESTRAINT  =         0.0000
 DV/DL  =       488.4949
 ------------------------------------------------------------------------------

  Softcore part of the system:       7 atoms,       TEMP(K)    =          93.30
 SC_Etot=        22.7182  SC_EKtot=         1.9467  SC_EPtot   =        20.7714
 SC_BOND=         0.6739  SC_ANGLE=         3.9768  SC_DIHED   =         5.2568
 SC_14NB=         0.4247  SC_14EEL=        10.4392  SC_VDW     =         0.0000
 SC_EEL =         0.0000
 SC_RES_DIST=     0.0000  SC_RES_ANG=       0.0000  SC_RES_TORS=         0.0000
 SC_EEL_DER=    358.1109  SC_VDW_DER=     -54.2541  SC_DERIV   =       303.8569
 ------------------------------------------------------------------------------


| TI region  2


 NSTEP =    55000   TIME(PS) =      55.000  TEMP(K) =    85.72  PRESS =     0.0
 Etot   =    -91246.0355  EKtot   =      5324.1075  EPtot      =    -96570.1430
 BOND   =     11424.2512  ANGLE   =         0.0000  DIHED      =         0.0000
 1-4 NB =         0.0000  1-4 EEL =        -0.0000  VDWAALS    =     25083.3008
 EELEC  =   -133077.6949  EHBOND  =         0.0000  RESTRAINT  =         0.0000
 DV/DL  =       488.4949
 ------------------------------------------------------------------------------

 NMR restraints: Bond =    0.000   Angle =     0.000   Torsion =     0.000
===============================================================================

| TI region  1


 NSTEP =    60000   TIME(PS) =      60.000  TEMP(K) =    94.94  PRESS =     0.0
 Etot   =    -90305.6734  EKtot   =      5898.7495  EPtot      =    -96204.4229
 BOND   =     11516.4851  ANGLE   =        -0.0000  DIHED      =         0.0000
 1-4 NB =         0.0000  1-4 EEL =         0.0000  VDWAALS    =     25185.9167
 EELEC  =   -132906.8247  EHBOND  =         0.0000  RESTRAINT  =         0.0000
 DV/DL  =       501.3783
 ------------------------------------------------------------------------------

  Softcore part of the system:       7 atoms,       TEMP(K)    =          83.97
 SC_Etot=        22.8866  SC_EKtot=         1.7522  SC_EPtot   =        21.1345
 SC_BOND=         0.4807  SC_ANGLE=         4.6697  SC_DIHED   =         5.2257
 SC_14NB=         0.3245  SC_14EEL=        10.4338  SC_VDW     =         0.0000
 SC_EEL =         0.0000
 SC_RES_DIST=     0.0000  SC_RES_ANG=       0.0000  SC_RES_TORS=         0.0000
 SC_EEL_DER=    366.5739  SC_VDW_DER=     -52.7352  SC_DERIV   =       313.8387
 ------------------------------------------------------------------------------


| TI region  2


 NSTEP =    60000   TIME(PS) =      60.000  TEMP(K) =    94.94  PRESS =     0.0
 Etot   =    -90307.4255  EKtot   =      5896.9973  EPtot      =    -96204.4229
 BOND   =     11516.4851  ANGLE   =        -0.0000  DIHED      =         0.0000
 1-4 NB =         0.0000  1-4 EEL =         0.0000  VDWAALS    =     25185.9167
 EELEC  =   -132906.8247  EHBOND  =         0.0000  RESTRAINT  =         0.0000
 DV/DL  =       501.3783
 ------------------------------------------------------------------------------

 NMR restraints: Bond =    0.000   Angle =     0.000   Torsion =     0.000
===============================================================================

| TI region  1


 NSTEP =    65000   TIME(PS) =      65.000  TEMP(K) =   102.18  PRESS =     0.0
 Etot   =    -89429.2343  EKtot   =      6349.1250  EPtot      =    -95778.3593
 BOND   =     11730.5385  ANGLE   =         0.0000  DIHED      =        -0.0000
 1-4 NB =         0.0000  1-4 EEL =        -0.0000  VDWAALS    =     25127.6573
 EELEC  =   -132636.5551  EHBOND  =         0.0000  RESTRAINT  =         0.0000
 DV/DL  =       475.6162
 ------------------------------------------------------------------------------

  Softcore part of the system:       7 atoms,       TEMP(K)    =         152.08
 SC_Etot=        23.0386  SC_EKtot=         3.1731  SC_EPtot   =        19.8655
 SC_BOND=         0.9001  SC_ANGLE=         3.3664  SC_DIHED   =         5.2399
 SC_14NB=         0.1395  SC_14EEL=        10.2197  SC_VDW     =         0.0000
 SC_EEL =         0.0000
 SC_RES_DIST=     0.0000  SC_RES_ANG=       0.0000  SC_RES_TORS=         0.0000
 SC_EEL_DER=    329.2010  SC_VDW_DER=     -41.5379  SC_DERIV   =       287.6631
 ------------------------------------------------------------------------------


| TI region  2


 NSTEP =    65000   TIME(PS) =      65.000  TEMP(K) =   102.17  PRESS =     0.0
 Etot   =    -89432.4075  EKtot   =      6345.9519  EPtot      =    -95778.3593
 BOND   =     11730.5385  ANGLE   =         0.0000  DIHED      =        -0.0000
 1-4 NB =         0.0000  1-4 EEL =        -0.0000  VDWAALS    =     25127.6573
 EELEC  =   -132636.5551  EHBOND  =         0.0000  RESTRAINT  =         0.0000
 DV/DL  =       475.6162
 ------------------------------------------------------------------------------

 NMR restraints: Bond =    0.000   Angle =     0.000   Torsion =     0.000
===============================================================================

| TI region  1


 NSTEP =    70000   TIME(PS) =      70.000  TEMP(K) =   110.48  PRESS =     0.0
 Etot   =    -88484.7791  EKtot   =      6864.8320  EPtot      =    -95349.6111
 BOND   =     11881.1800  ANGLE   =         0.0000  DIHED      =        -0.0000
 1-4 NB =         0.0000  1-4 EEL =        -0.0000  VDWAALS    =     25047.7082
 EELEC  =   -132278.4993  EHBOND  =         0.0000  RESTRAINT  =         0.0000
 DV/DL  =       461.0796
 ------------------------------------------------------------------------------

  Softcore part of the system:       7 atoms,       TEMP(K)    =          50.31
 SC_Etot=        21.3258  SC_EKtot=         1.0498  SC_EPtot   =        20.2760
 SC_BOND=         0.7995  SC_ANGLE=         3.4349  SC_DIHED   =         5.2350
 SC_14NB=         0.3163  SC_14EEL=        10.4904  SC_VDW     =         0.0000
 SC_EEL =         0.0000
 SC_RES_DIST=     0.0000  SC_RES_ANG=       0.0000  SC_RES_TORS=         0.0000
 SC_EEL_DER=    330.6093  SC_VDW_DER=     -45.4879  SC_DERIV   =       285.1214
 ------------------------------------------------------------------------------


| TI region  2


 NSTEP =    70000   TIME(PS) =      70.000  TEMP(K) =   110.50  PRESS =     0.0
 Etot   =    -88485.8289  EKtot   =      6863.7823  EPtot      =    -95349.6111
 BOND   =     11881.1800  ANGLE   =         0.0000  DIHED      =        -0.0000
 1-4 NB =         0.0000  1-4 EEL =        -0.0000  VDWAALS    =     25047.7082
 EELEC  =   -132278.4993  EHBOND  =         0.0000  RESTRAINT  =         0.0000
 DV/DL  =       461.0796
 ------------------------------------------------------------------------------

 NMR restraints: Bond =    0.000   Angle =     0.000   Torsion =     0.000
===============================================================================

| TI region  1


 NSTEP =    75000   TIME(PS) =      75.000  TEMP(K) =   116.92  PRESS =     0.0
 Etot   =    -87559.7380  EKtot   =      7264.5269  EPtot      =    -94824.2648
 BOND   =     11942.4048  ANGLE   =        -0.0000  DIHED      =         0.0000
 1-4 NB =         0.0000  1-4 EEL =        -0.0000  VDWAALS    =     25042.3855
 EELEC  =   -131809.0551  EHBOND  =         0.0000  RESTRAINT  =         0.0000
 DV/DL  =       428.0323
 ------------------------------------------------------------------------------

  Softcore part of the system:       7 atoms,       TEMP(K)    =         130.32
 SC_Etot=        23.5610  SC_EKtot=         2.7191  SC_EPtot   =        20.8419
 SC_BOND=         0.4853  SC_ANGLE=         4.3596  SC_DIHED   =         5.3617
 SC_14NB=         0.2421  SC_14EEL=        10.3932  SC_VDW     =         0.0000
 SC_EEL =         0.0000
 SC_RES_DIST=     0.0000  SC_RES_ANG=       0.0000  SC_RES_TORS=         0.0000
 SC_EEL_DER=    297.9319  SC_VDW_DER=     -41.7545  SC_DERIV   =       256.1774
 ------------------------------------------------------------------------------


| TI region  2


 NSTEP =    75000   TIME(PS) =      75.000  TEMP(K) =   116.91  PRESS =     0.0
 Etot   =    -87562.4571  EKtot   =      7261.8077  EPtot      =    -94824.2648
 BOND   =     11942.4048  ANGLE   =        -0.0000  DIHED      =         0.0000
 1-4 NB =         0.0000  1-4 EEL =        -0.0000  VDWAALS    =     25042.3855
 EELEC  =   -131809.0551  EHBOND  =         0.0000  RESTRAINT  =         0.0000
 DV/DL  =       428.0323
 ------------------------------------------------------------------------------

 NMR restraints: Bond =    0.000   Angle =     0.000   Torsion =     0.000
===============================================================================

| TI region  1


 NSTEP =    80000   TIME(PS) =      80.000  TEMP(K) =   126.35  PRESS =     0.0
 Etot   =    -86488.0621  EKtot   =      7850.7114  EPtot      =    -94338.7735
 BOND   =     12111.6805  ANGLE   =         0.0000  DIHED      =         0.0000
 1-4 NB =         0.0000  1-4 EEL =        -0.0000  VDWAALS    =     24875.8108
 EELEC  =   -131326.2648  EHBOND  =         0.0000  RESTRAINT  =         0.0000
 DV/DL  =       433.7020
 ------------------------------------------------------------------------------

  Softcore part of the system:       7 atoms,       TEMP(K)    =         151.71
 SC_Etot=        24.5890  SC_EKtot=         3.1654  SC_EPtot   =        21.4235
 SC_BOND=         0.7980  SC_ANGLE=         4.8647  SC_DIHED   =         5.2190
 SC_14NB=         0.2076  SC_14EEL=        10.3342  SC_VDW     =         0.0000
 SC_EEL =         0.0000
 SC_RES_DIST=     0.0000  SC_RES_ANG=       0.0000  SC_RES_TORS=         0.0000
 SC_EEL_DER=    303.8083  SC_VDW_DER=     -40.1894  SC_DERIV   =       263.6189
 ------------------------------------------------------------------------------


| TI region  2


 NSTEP =    80000   TIME(PS) =      80.000  TEMP(K) =   126.34  PRESS =     0.0
 Etot   =    -86491.2275  EKtot   =      7847.5460  EPtot      =    -94338.7735
 BOND   =     12111.6805  ANGLE   =         0.0000  DIHED      =         0.0000
 1-4 NB =         0.0000  1-4 EEL =        -0.0000  VDWAALS    =     24875.8108
 EELEC  =   -131326.2648  EHBOND  =         0.0000  RESTRAINT  =         0.0000
 DV/DL  =       433.7020
 ------------------------------------------------------------------------------

 NMR restraints: Bond =    0.000   Angle =     0.000   Torsion =     0.000
===============================================================================

| TI region  1


 NSTEP =    85000   TIME(PS) =      85.000  TEMP(K) =   133.22  PRESS =     0.0
 Etot   =    -85807.2891  EKtot   =      8277.6230  EPtot      =    -94084.9121
 BOND   =     12364.0931  ANGLE   =         0.0000  DIHED      =        -0.0000
 1-4 NB =         0.0000  1-4 EEL =        -0.0000  VDWAALS    =     24781.5855
 EELEC  =   -131230.5907  EHBOND  =         0.0000  RESTRAINT  =         0.0000
 DV/DL  =       441.7305
 ------------------------------------------------------------------------------

  Softcore part of the system:       7 atoms,       TEMP(K)    =         117.21
 SC_Etot=        23.1640  SC_EKtot=         2.4457  SC_EPtot   =        20.7184
 SC_BOND=         0.5980  SC_ANGLE=         4.4458  SC_DIHED   =         5.2199
 SC_14NB=         0.1773  SC_14EEL=        10.2774  SC_VDW     =         0.0000
 SC_EEL =         0.0000
 SC_RES_DIST=     0.0000  SC_RES_ANG=       0.0000  SC_RES_TORS=         0.0000
 SC_EEL_DER=    316.7759  SC_VDW_DER=     -42.0640  SC_DERIV   =       274.7119
 ------------------------------------------------------------------------------


| TI region  2


 NSTEP =    85000   TIME(PS) =      85.000  TEMP(K) =   133.23  PRESS =     0.0
 Etot   =    -85809.7348  EKtot   =      8275.1774  EPtot      =    -94084.9121
 BOND   =     12364.0931  ANGLE   =         0.0000  DIHED      =        -0.0000
 1-4 NB =         0.0000  1-4 EEL =        -0.0000  VDWAALS    =     24781.5855
 EELEC  =   -131230.5907  EHBOND  =         0.0000  RESTRAINT  =         0.0000
 DV/DL  =       441.7305
 ------------------------------------------------------------------------------

 NMR restraints: Bond =    0.000   Angle =     0.000   Torsion =     0.000
===============================================================================

| TI region  1


 NSTEP =    90000   TIME(PS) =      90.000  TEMP(K) =   141.17  PRESS =     0.0
 Etot   =    -84736.0770  EKtot   =      8771.4990  EPtot      =    -93507.5761
 BOND   =     12493.8745  ANGLE   =        -0.0000  DIHED      =        -0.0000
 1-4 NB =         0.0000  1-4 EEL =        -0.0000  VDWAALS    =     24676.7751
 EELEC  =   -130678.2257  EHBOND  =         0.0000  RESTRAINT  =         0.0000
 DV/DL  =       458.7734
 ------------------------------------------------------------------------------

  Softcore part of the system:       7 atoms,       TEMP(K)    =         112.64
 SC_Etot=        22.3740  SC_EKtot=         2.3504  SC_EPtot   =        20.0237
 SC_BOND=         0.8243  SC_ANGLE=         3.2705  SC_DIHED   =         5.2312
 SC_14NB=         0.2932  SC_14EEL=        10.4045  SC_VDW     =         0.0000
 SC_EEL =         0.0000
 SC_RES_DIST=     0.0000  SC_RES_ANG=       0.0000  SC_RES_TORS=         0.0000
 SC_EEL_DER=    326.5210  SC_VDW_DER=     -41.0505  SC_DERIV   =       285.4705
 ------------------------------------------------------------------------------


| TI region  2


 NSTEP =    90000   TIME(PS) =      90.000  TEMP(K) =   141.18  PRESS =     0.0
 Etot   =    -84738.4274  EKtot   =      8769.1487  EPtot      =    -93507.5761
 BOND   =     12493.8745  ANGLE   =        -0.0000  DIHED      =        -0.0000
 1-4 NB =         0.0000  1-4 EEL =        -0.0000  VDWAALS    =     24676.7751
 EELEC  =   -130678.2257  EHBOND  =         0.0000  RESTRAINT  =         0.0000
 DV/DL  =       458.7734
 ------------------------------------------------------------------------------

 NMR restraints: Bond =    0.000   Angle =     0.000   Torsion =     0.000
===============================================================================

| TI region  1


 NSTEP =    95000   TIME(PS) =      95.000  TEMP(K) =   149.54  PRESS =     0.0
 Etot   =    -84005.1418  EKtot   =      9291.3770  EPtot      =    -93296.5187
 BOND   =     12635.1396  ANGLE   =        -0.0000  DIHED      =        -0.0000
 1-4 NB =         0.0000  1-4 EEL =         0.0000  VDWAALS    =     24666.1591
 EELEC  =   -130597.8174  EHBOND  =         0.0000  RESTRAINT  =         0.0000
 DV/DL  =       479.4360
 ------------------------------------------------------------------------------

  Softcore part of the system:       7 atoms,       TEMP(K)    =          65.45
 SC_Etot=        22.0507  SC_EKtot=         1.3656  SC_EPtot   =        20.6851
 SC_BOND=         1.0506  SC_ANGLE=         3.3721  SC_DIHED   =         5.2226
 SC_14NB=         0.5531  SC_14EEL=        10.4868  SC_VDW     =         0.0000
 SC_EEL =         0.0000
 SC_RES_DIST=     0.0000  SC_RES_ANG=       0.0000  SC_RES_TORS=         0.0000
 SC_EEL_DER=    361.0293  SC_VDW_DER=     -58.4786  SC_DERIV   =       302.5507
 ------------------------------------------------------------------------------


| TI region  2


 NSTEP =    95000   TIME(PS) =      95.000  TEMP(K) =   149.56  PRESS =     0.0
 Etot   =    -84006.5073  EKtot   =      9290.0114  EPtot      =    -93296.5187
 BOND   =     12635.1396  ANGLE   =        -0.0000  DIHED      =        -0.0000
 1-4 NB =         0.0000  1-4 EEL =         0.0000  VDWAALS    =     24666.1591
 EELEC  =   -130597.8174  EHBOND  =         0.0000  RESTRAINT  =         0.0000
 DV/DL  =       479.4360
 ------------------------------------------------------------------------------

 NMR restraints: Bond =    0.000   Angle =     0.000   Torsion =     0.000
===============================================================================

| TI region  1


 NSTEP =   100000   TIME(PS) =     100.000  TEMP(K) =   156.66  PRESS =     0.0
 Etot   =    -82999.4485  EKtot   =      9733.9727  EPtot      =    -92733.4211
 BOND   =     12920.8998  ANGLE   =        -0.0000  DIHED      =        -0.0000
 1-4 NB =         0.0000  1-4 EEL =        -0.0000  VDWAALS    =     24407.8668
 EELEC  =   -130062.1877  EHBOND  =         0.0000  RESTRAINT  =         0.0000
 DV/DL  =       414.5791
 ------------------------------------------------------------------------------

  Softcore part of the system:       7 atoms,       TEMP(K)    =         233.54
 SC_Etot=        24.9676  SC_EKtot=         4.8730  SC_EPtot   =        20.0946
 SC_BOND=         0.4498  SC_ANGLE=         3.7010  SC_DIHED   =         5.2524
 SC_14NB=         0.2450  SC_14EEL=        10.4465  SC_VDW     =         0.0000
 SC_EEL =         0.0000
 SC_RES_DIST=     0.0000  SC_RES_ANG=       0.0000  SC_RES_TORS=         0.0000
 SC_EEL_DER=    304.8781  SC_VDW_DER=     -54.2421  SC_DERIV   =       250.6360
 ------------------------------------------------------------------------------


| TI region  2


 NSTEP =   100000   TIME(PS) =     100.000  TEMP(K) =   156.63  PRESS =     0.0
 Etot   =    -83004.3215  EKtot   =      9729.0997  EPtot      =    -92733.4211
 BOND   =     12920.8998  ANGLE   =        -0.0000  DIHED      =        -0.0000
 1-4 NB =         0.0000  1-4 EEL =        -0.0000  VDWAALS    =     24407.8668
 EELEC  =   -130062.1877  EHBOND  =         0.0000  RESTRAINT  =         0.0000
 DV/DL  =       414.5791
 ------------------------------------------------------------------------------

 NMR restraints: Bond =    0.000   Angle =     0.000   Torsion =     0.000
===============================================================================

| TI region  1


 NSTEP =   105000   TIME(PS) =     105.000  TEMP(K) =   165.70  PRESS =     0.0
 Etot   =    -81924.4397  EKtot   =     10295.9424  EPtot      =    -92220.3821
 BOND   =     12907.6081  ANGLE   =        -0.0000  DIHED      =         0.0000
 1-4 NB =         0.0000  1-4 EEL =        -0.0000  VDWAALS    =     24302.6164
 EELEC  =   -129430.6066  EHBOND  =         0.0000  RESTRAINT  =         0.0000
 DV/DL  =       430.3429
 ------------------------------------------------------------------------------

  Softcore part of the system:       7 atoms,       TEMP(K)    =         299.61
 SC_Etot=        28.8962  SC_EKtot=         6.2515  SC_EPtot   =        22.6447
 SC_BOND=         1.0038  SC_ANGLE=         5.8402  SC_DIHED   =         5.2877
 SC_14NB=         0.2138  SC_14EEL=        10.2992  SC_VDW     =         0.0000
 SC_EEL =         0.0000
 SC_RES_DIST=     0.0000  SC_RES_ANG=       0.0000  SC_RES_TORS=         0.0000
 SC_EEL_DER=    327.7859  SC_VDW_DER=     -61.5523  SC_DERIV   =       266.2336
 ------------------------------------------------------------------------------


| TI region  2


 NSTEP =   105000   TIME(PS) =     105.000  TEMP(K) =   165.66  PRESS =     0.0
 Etot   =    -81930.6912  EKtot   =     10289.6909  EPtot      =    -92220.3821
 BOND   =     12907.6081  ANGLE   =        -0.0000  DIHED      =         0.0000
 1-4 NB =         0.0000  1-4 EEL =        -0.0000  VDWAALS    =     24302.6164
 EELEC  =   -129430.6066  EHBOND  =         0.0000  RESTRAINT  =         0.0000
 DV/DL  =       430.3429
 ------------------------------------------------------------------------------

 NMR restraints: Bond =    0.000   Angle =     0.000   Torsion =     0.000
===============================================================================

| TI region  1


 NSTEP =   110000   TIME(PS) =     110.000  TEMP(K) =   171.49  PRESS =     0.0
 Etot   =    -81135.1882  EKtot   =     10655.4346  EPtot      =    -91790.6228
 BOND   =     13067.9906  ANGLE   =        -0.0000  DIHED      =        -0.0000
 1-4 NB =         0.0000  1-4 EEL =        -0.0000  VDWAALS    =     24565.7227
 EELEC  =   -129424.3360  EHBOND  =         0.0000  RESTRAINT  =         0.0000
 DV/DL  =       411.4499
 ------------------------------------------------------------------------------

  Softcore part of the system:       7 atoms,       TEMP(K)    =         174.35
 SC_Etot=        25.1615  SC_EKtot=         3.6380  SC_EPtot   =        21.5235
 SC_BOND=         1.2070  SC_ANGLE=         4.3835  SC_DIHED   =         5.2162
 SC_14NB=         0.2834  SC_14EEL=        10.4335  SC_VDW     =         0.0000
 SC_EEL =         0.0000
 SC_RES_DIST=     0.0000  SC_RES_ANG=       0.0000  SC_RES_TORS=         0.0000
 SC_EEL_DER=    283.1118  SC_VDW_DER=     -42.4190  SC_DERIV   =       240.6928
 ------------------------------------------------------------------------------


| TI region  2


 NSTEP =   110000   TIME(PS) =     110.000  TEMP(K) =   171.49  PRESS =     0.0
 Etot   =    -81138.8262  EKtot   =     10651.7966  EPtot      =    -91790.6228
 BOND   =     13067.9906  ANGLE   =        -0.0000  DIHED      =        -0.0000
 1-4 NB =         0.0000  1-4 EEL =        -0.0000  VDWAALS    =     24565.7227
 EELEC  =   -129424.3360  EHBOND  =         0.0000  RESTRAINT  =         0.0000
 DV/DL  =       411.4499
 ------------------------------------------------------------------------------

 NMR restraints: Bond =    0.000   Angle =     0.000   Torsion =     0.000
===============================================================================

| TI region  1


 NSTEP =   115000   TIME(PS) =     115.000  TEMP(K) =   181.46  PRESS =     0.0
 Etot   =    -79950.3194  EKtot   =     11275.2324  EPtot      =    -91225.5518
 BOND   =     13199.7188  ANGLE   =         0.0000  DIHED      =         0.0000
 1-4 NB =         0.0000  1-4 EEL =         0.0000  VDWAALS    =     24064.7097
 EELEC  =   -128489.9804  EHBOND  =         0.0000  RESTRAINT  =         0.0000
 DV/DL  =       459.2292
 ------------------------------------------------------------------------------

  Softcore part of the system:       7 atoms,       TEMP(K)    =         249.90
 SC_Etot=        25.3237  SC_EKtot=         5.2143  SC_EPtot   =        20.1094
 SC_BOND=         0.3519  SC_ANGLE=         3.6800  SC_DIHED   =         5.2378
 SC_14NB=         0.3697  SC_14EEL=        10.4700  SC_VDW     =         0.0000
 SC_EEL =         0.0000
 SC_RES_DIST=     0.0000  SC_RES_ANG=       0.0000  SC_RES_TORS=         0.0000
 SC_EEL_DER=    307.5329  SC_VDW_DER=     -36.7147  SC_DERIV   =       270.8181
 ------------------------------------------------------------------------------


| TI region  2


 NSTEP =   115000   TIME(PS) =     115.000  TEMP(K) =   181.44  PRESS =     0.0
 Etot   =    -79955.5337  EKtot   =     11270.0181  EPtot      =    -91225.5518
 BOND   =     13199.7188  ANGLE   =         0.0000  DIHED      =         0.0000
 1-4 NB =         0.0000  1-4 EEL =         0.0000  VDWAALS    =     24064.7097
 EELEC  =   -128489.9804  EHBOND  =         0.0000  RESTRAINT  =         0.0000
 DV/DL  =       459.2292
 ------------------------------------------------------------------------------

 NMR restraints: Bond =    0.000   Angle =     0.000   Torsion =     0.000
===============================================================================

| TI region  1


 NSTEP =   120000   TIME(PS) =     120.000  TEMP(K) =   186.96  PRESS =     0.0
 Etot   =    -79206.1689  EKtot   =     11616.9033  EPtot      =    -90823.0723
 BOND   =     13406.4199  ANGLE   =         0.0000  DIHED      =         0.0000
 1-4 NB =         0.0000  1-4 EEL =        -0.0000  VDWAALS    =     23975.5640
 EELEC  =   -128205.0561  EHBOND  =         0.0000  RESTRAINT  =         0.0000
 DV/DL  =       465.9743
 ------------------------------------------------------------------------------

  Softcore part of the system:       7 atoms,       TEMP(K)    =         172.96
 SC_Etot=        24.7470  SC_EKtot=         3.6089  SC_EPtot   =        21.1381
 SC_BOND=         1.0197  SC_ANGLE=         3.8941  SC_DIHED   =         5.2545
 SC_14NB=         0.4165  SC_14EEL=        10.5534  SC_VDW     =         0.0000
 SC_EEL =         0.0000
 SC_RES_DIST=     0.0000  SC_RES_ANG=       0.0000  SC_RES_TORS=         0.0000
 SC_EEL_DER=    320.6410  SC_VDW_DER=     -41.9708  SC_DERIV   =       278.6702
 ------------------------------------------------------------------------------


| TI region  2


 NSTEP =   120000   TIME(PS) =     120.000  TEMP(K) =   186.97  PRESS =     0.0
 Etot   =    -79209.7778  EKtot   =     11613.2945  EPtot      =    -90823.0723
 BOND   =     13406.4199  ANGLE   =         0.0000  DIHED      =         0.0000
 1-4 NB =         0.0000  1-4 EEL =        -0.0000  VDWAALS    =     23975.5640
 EELEC  =   -128205.0561  EHBOND  =         0.0000  RESTRAINT  =         0.0000
 DV/DL  =       465.9743
 ------------------------------------------------------------------------------

 NMR restraints: Bond =    0.000   Angle =     0.000   Torsion =     0.000
===============================================================================

| TI region  1


 NSTEP =   125000   TIME(PS) =     125.000  TEMP(K) =   196.01  PRESS =     0.0
 Etot   =    -78224.1859  EKtot   =     12178.8535  EPtot      =    -90403.0394
 BOND   =     13593.8927  ANGLE   =         0.0000  DIHED      =         0.0000
 1-4 NB =         0.0000  1-4 EEL =        -0.0000  VDWAALS    =     23804.2617
 EELEC  =   -127801.1938  EHBOND  =         0.0000  RESTRAINT  =         0.0000
 DV/DL  =       464.6243
 ------------------------------------------------------------------------------

  Softcore part of the system:       7 atoms,       TEMP(K)    =         135.19
 SC_Etot=        23.5236  SC_EKtot=         2.8209  SC_EPtot   =        20.7028
 SC_BOND=         0.6689  SC_ANGLE=         4.0149  SC_DIHED   =         5.2631
 SC_14NB=         0.3086  SC_14EEL=        10.4473  SC_VDW     =         0.0000
 SC_EEL =         0.0000
 SC_RES_DIST=     0.0000  SC_RES_ANG=       0.0000  SC_RES_TORS=         0.0000
 SC_EEL_DER=    313.7922  SC_VDW_DER=     -41.3388  SC_DERIV   =       272.4534
 ------------------------------------------------------------------------------


| TI region  2


 NSTEP =   125000   TIME(PS) =     125.000  TEMP(K) =   196.03  PRESS =     0.0
 Etot   =    -78227.0068  EKtot   =     12176.0327  EPtot      =    -90403.0394
 BOND   =     13593.8927  ANGLE   =         0.0000  DIHED      =         0.0000
 1-4 NB =         0.0000  1-4 EEL =        -0.0000  VDWAALS    =     23804.2617
 EELEC  =   -127801.1938  EHBOND  =         0.0000  RESTRAINT  =         0.0000
 DV/DL  =       464.6243
 ------------------------------------------------------------------------------

 NMR restraints: Bond =    0.000   Angle =     0.000   Torsion =     0.000
===============================================================================

| TI region  1


 NSTEP =   130000   TIME(PS) =     130.000  TEMP(K) =   203.23  PRESS =     0.0
 Etot   =    -77105.2306  EKtot   =     12627.7285  EPtot      =    -89732.9591
 BOND   =     13761.9903  ANGLE   =         0.0000  DIHED      =         0.0000
 1-4 NB =         0.0000  1-4 EEL =        -0.0000  VDWAALS    =     24084.9373
 EELEC  =   -127579.8867  EHBOND  =         0.0000  RESTRAINT  =         0.0000
 DV/DL  =       486.0656
 ------------------------------------------------------------------------------

  Softcore part of the system:       7 atoms,       TEMP(K)    =         178.79
 SC_Etot=        23.1258  SC_EKtot=         3.7305  SC_EPtot   =        19.3953
 SC_BOND=         0.2943  SC_ANGLE=         3.3671  SC_DIHED   =         5.2267
 SC_14NB=         0.1879  SC_14EEL=        10.3194  SC_VDW     =         0.0000
 SC_EEL =         0.0000
 SC_RES_DIST=     0.0000  SC_RES_ANG=       0.0000  SC_RES_TORS=         0.0000
 SC_EEL_DER=    355.0600  SC_VDW_DER=     -59.1331  SC_DERIV   =       295.9269
 ------------------------------------------------------------------------------


| TI region  2


 NSTEP =   130000   TIME(PS) =     130.000  TEMP(K) =   203.24  PRESS =     0.0
 Etot   =    -77108.9611  EKtot   =     12623.9980  EPtot      =    -89732.9591
 BOND   =     13761.9903  ANGLE   =         0.0000  DIHED      =         0.0000
 1-4 NB =         0.0000  1-4 EEL =        -0.0000  VDWAALS    =     24084.9373
 EELEC  =   -127579.8867  EHBOND  =         0.0000  RESTRAINT  =         0.0000
 DV/DL  =       486.0656
 ------------------------------------------------------------------------------

 NMR restraints: Bond =    0.000   Angle =     0.000   Torsion =     0.000
===============================================================================

| TI region  1


 NSTEP =   135000   TIME(PS) =     135.000  TEMP(K) =   212.43  PRESS =     0.0
 Etot   =    -75961.6456  EKtot   =     13199.0898  EPtot      =    -89160.7355
 BOND   =     13809.5622  ANGLE   =        -0.0000  DIHED      =         0.0000
 1-4 NB =         0.0000  1-4 EEL =        -0.0000  VDWAALS    =     23965.7773
 EELEC  =   -126936.0749  EHBOND  =         0.0000  RESTRAINT  =         0.0000
 DV/DL  =       459.1640
 ------------------------------------------------------------------------------

  Softcore part of the system:       7 atoms,       TEMP(K)    =         145.29
 SC_Etot=        24.2835  SC_EKtot=         3.0316  SC_EPtot   =        21.2518
 SC_BOND=         1.4732  SC_ANGLE=         3.9429  SC_DIHED   =         5.2736
 SC_14NB=         0.2561  SC_14EEL=        10.3061  SC_VDW     =         0.0000
 SC_EEL =         0.0000
 SC_RES_DIST=     0.0000  SC_RES_ANG=       0.0000  SC_RES_TORS=         0.0000
 SC_EEL_DER=    326.6598  SC_VDW_DER=     -57.6121  SC_DERIV   =       269.0477
 ------------------------------------------------------------------------------


| TI region  2


 NSTEP =   135000   TIME(PS) =     135.000  TEMP(K) =   212.45  PRESS =     0.0
 Etot   =    -75964.6773  EKtot   =     13196.0582  EPtot      =    -89160.7355
 BOND   =     13809.5622  ANGLE   =        -0.0000  DIHED      =         0.0000
 1-4 NB =         0.0000  1-4 EEL =        -0.0000  VDWAALS    =     23965.7773
 EELEC  =   -126936.0749  EHBOND  =         0.0000  RESTRAINT  =         0.0000
 DV/DL  =       459.1640
 ------------------------------------------------------------------------------

 NMR restraints: Bond =    0.000   Angle =     0.000   Torsion =     0.000
===============================================================================

| TI region  1


 NSTEP =   140000   TIME(PS) =     140.000  TEMP(K) =   222.10  PRESS =     0.0
 Etot   =    -74966.8522  EKtot   =     13800.1484  EPtot      =    -88767.0007
 BOND   =     13997.3979  ANGLE   =        -0.0000  DIHED      =        -0.0000
 1-4 NB =         0.0000  1-4 EEL =         0.0000  VDWAALS    =     23556.6094
 EELEC  =   -126321.0080  EHBOND  =         0.0000  RESTRAINT  =         0.0000
 DV/DL  =       504.3670
 ------------------------------------------------------------------------------

  Softcore part of the system:       7 atoms,       TEMP(K)    =         175.27
 SC_Etot=        27.1139  SC_EKtot=         3.6572  SC_EPtot   =        23.4567
 SC_BOND=         0.7771  SC_ANGLE=         6.9418  SC_DIHED   =         5.2234
 SC_14NB=         0.1584  SC_14EEL=        10.3561  SC_VDW     =         0.0000
 SC_EEL =         0.0000
 SC_RES_DIST=     0.0000  SC_RES_ANG=       0.0000  SC_RES_TORS=         0.0000
 SC_EEL_DER=    359.8638  SC_VDW_DER=     -53.3010  SC_DERIV   =       306.5628
 ------------------------------------------------------------------------------


| TI region  2


 NSTEP =   140000   TIME(PS) =     140.000  TEMP(K) =   222.12  PRESS =     0.0
 Etot   =    -74970.5094  EKtot   =     13796.4912  EPtot      =    -88767.0007
 BOND   =     13997.3979  ANGLE   =        -0.0000  DIHED      =        -0.0000
 1-4 NB =         0.0000  1-4 EEL =         0.0000  VDWAALS    =     23556.6094
 EELEC  =   -126321.0080  EHBOND  =         0.0000  RESTRAINT  =         0.0000
 DV/DL  =       504.3670
 ------------------------------------------------------------------------------

 NMR restraints: Bond =    0.000   Angle =     0.000   Torsion =     0.000
===============================================================================

| TI region  1


 NSTEP =   145000   TIME(PS) =     145.000  TEMP(K) =   229.65  PRESS =     0.0
 Etot   =    -73917.3027  EKtot   =     14269.3428  EPtot      =    -88186.6455
 BOND   =     14109.2164  ANGLE   =        -0.0000  DIHED      =        -0.0000
 1-4 NB =         0.0000  1-4 EEL =        -0.0000  VDWAALS    =     23561.6871
 EELEC  =   -125857.5490  EHBOND  =         0.0000  RESTRAINT  =         0.0000
 DV/DL  =       478.2729
 ------------------------------------------------------------------------------

  Softcore part of the system:       7 atoms,       TEMP(K)    =         167.69
 SC_Etot=        23.8699  SC_EKtot=         3.4989  SC_EPtot   =        20.3710
 SC_BOND=         0.7225  SC_ANGLE=         3.5317  SC_DIHED   =         5.2197
 SC_14NB=         0.4190  SC_14EEL=        10.4782  SC_VDW     =         0.0000
 SC_EEL =         0.0000
 SC_RES_DIST=     0.0000  SC_RES_ANG=       0.0000  SC_RES_TORS=         0.0000
 SC_EEL_DER=    346.9252  SC_VDW_DER=     -55.0246  SC_DERIV   =       291.9006
 ------------------------------------------------------------------------------


| TI region  2


 NSTEP =   145000   TIME(PS) =     145.000  TEMP(K) =   229.67  PRESS =     0.0
 Etot   =    -73920.8016  EKtot   =     14265.8439  EPtot      =    -88186.6455
 BOND   =     14109.2164  ANGLE   =        -0.0000  DIHED      =        -0.0000
 1-4 NB =         0.0000  1-4 EEL =        -0.0000  VDWAALS    =     23561.6871
 EELEC  =   -125857.5490  EHBOND  =         0.0000  RESTRAINT  =         0.0000
 DV/DL  =       478.2729
 ------------------------------------------------------------------------------

 NMR restraints: Bond =    0.000   Angle =     0.000   Torsion =     0.000
===============================================================================

| TI region  1


 NSTEP =   150000   TIME(PS) =     150.000  TEMP(K) =   235.81  PRESS =     0.0
 Etot   =    -72870.0605  EKtot   =     14651.6602  EPtot      =    -87521.7207
 BOND   =     14461.2262  ANGLE   =         0.0000  DIHED      =        -0.0000
 1-4 NB =         0.0000  1-4 EEL =         0.0000  VDWAALS    =     23367.3662
 EELEC  =   -125350.3131  EHBOND  =         0.0000  RESTRAINT  =         0.0000
 DV/DL  =       471.2585
 ------------------------------------------------------------------------------

  Softcore part of the system:       7 atoms,       TEMP(K)    =         246.40
 SC_Etot=        27.6354  SC_EKtot=         5.1413  SC_EPtot   =        22.4941
 SC_BOND=         1.2952  SC_ANGLE=         5.3186  SC_DIHED   =         5.2591
 SC_14NB=         0.2498  SC_14EEL=        10.3714  SC_VDW     =         0.0000
 SC_EEL =         0.0000
 SC_RES_DIST=     0.0000  SC_RES_ANG=       0.0000  SC_RES_TORS=         0.0000
 SC_EEL_DER=    340.9323  SC_VDW_DER=     -61.3623  SC_DERIV   =       279.5701
 ------------------------------------------------------------------------------


| TI region  2


 NSTEP =   150000   TIME(PS) =     150.000  TEMP(K) =   235.80  PRESS =     0.0
 Etot   =    -72875.2018  EKtot   =     14646.5189  EPtot      =    -87521.7207
 BOND   =     14461.2262  ANGLE   =         0.0000  DIHED      =        -0.0000
 1-4 NB =         0.0000  1-4 EEL =         0.0000  VDWAALS    =     23367.3662
 EELEC  =   -125350.3131  EHBOND  =         0.0000  RESTRAINT  =         0.0000
 DV/DL  =       471.2585
 ------------------------------------------------------------------------------

 NMR restraints: Bond =    0.000   Angle =     0.000   Torsion =     0.000
===============================================================================

| TI region  1


 NSTEP =   155000   TIME(PS) =     155.000  TEMP(K) =   242.80  PRESS =     0.0
 Etot   =    -71867.0782  EKtot   =     15086.1152  EPtot      =    -86953.1935
 BOND   =     14621.2337  ANGLE   =         0.0000  DIHED      =        -0.0000
 1-4 NB =         0.0000  1-4 EEL =         0.0000  VDWAALS    =     23261.3138
 EELEC  =   -124835.7410  EHBOND  =         0.0000  RESTRAINT  =         0.0000
 DV/DL  =       478.9954
 ------------------------------------------------------------------------------

  Softcore part of the system:       7 atoms,       TEMP(K)    =         282.59
 SC_Etot=        28.0201  SC_EKtot=         5.8963  SC_EPtot   =        22.1238
 SC_BOND=         0.8876  SC_ANGLE=         5.7738  SC_DIHED   =         5.2617
 SC_14NB=         0.0474  SC_14EEL=        10.1534  SC_VDW     =         0.0000
 SC_EEL =         0.0000
 SC_RES_DIST=     0.0000  SC_RES_ANG=       0.0000  SC_RES_TORS=         0.0000
 SC_EEL_DER=    336.8242  SC_VDW_DER=     -49.9632  SC_DERIV   =       286.8611
 ------------------------------------------------------------------------------


| TI region  2


 NSTEP =   155000   TIME(PS) =     155.000  TEMP(K) =   242.78  PRESS =     0.0
 Etot   =    -71872.9745  EKtot   =     15080.2189  EPtot      =    -86953.1935
 BOND   =     14621.2337  ANGLE   =         0.0000  DIHED      =        -0.0000
 1-4 NB =         0.0000  1-4 EEL =         0.0000  VDWAALS    =     23261.3138
 EELEC  =   -124835.7410  EHBOND  =         0.0000  RESTRAINT  =         0.0000
 DV/DL  =       478.9954
 ------------------------------------------------------------------------------

 NMR restraints: Bond =    0.000   Angle =     0.000   Torsion =     0.000
===============================================================================

| TI region  1


 NSTEP =   160000   TIME(PS) =     160.000  TEMP(K) =   250.64  PRESS =     0.0
 Etot   =    -70536.6669  EKtot   =     15573.2939  EPtot      =    -86109.9609
 BOND   =     14693.4128  ANGLE   =         0.0000  DIHED      =         0.0000
 1-4 NB =         0.0000  1-4 EEL =        -0.0000  VDWAALS    =     22878.5617
 EELEC  =   -123681.9354  EHBOND  =         0.0000  RESTRAINT  =         0.0000
 DV/DL  =       465.6674
 ------------------------------------------------------------------------------

  Softcore part of the system:       7 atoms,       TEMP(K)    =         454.96
 SC_Etot=        31.1883  SC_EKtot=         9.4931  SC_EPtot   =        21.6953
 SC_BOND=         0.8419  SC_ANGLE=         5.1632  SC_DIHED   =         5.2246
 SC_14NB=         0.2263  SC_14EEL=        10.2393  SC_VDW     =         0.0000
 SC_EEL =         0.0000
 SC_RES_DIST=     0.0000  SC_RES_ANG=       0.0000  SC_RES_TORS=         0.0000
 SC_EEL_DER=    346.6067  SC_VDW_DER=     -68.4762  SC_DERIV   =       278.1305
 ------------------------------------------------------------------------------


| TI region  2


 NSTEP =   160000   TIME(PS) =     160.000  TEMP(K) =   250.57  PRESS =     0.0
 Etot   =    -70546.1600  EKtot   =     15563.8009  EPtot      =    -86109.9609
 BOND   =     14693.4128  ANGLE   =         0.0000  DIHED      =         0.0000
 1-4 NB =         0.0000  1-4 EEL =        -0.0000  VDWAALS    =     22878.5617
 EELEC  =   -123681.9354  EHBOND  =         0.0000  RESTRAINT  =         0.0000
 DV/DL  =       465.6674
 ------------------------------------------------------------------------------

 NMR restraints: Bond =    0.000   Angle =     0.000   Torsion =     0.000
===============================================================================

| TI region  1


 NSTEP =   165000   TIME(PS) =     165.000  TEMP(K) =   261.44  PRESS =     0.0
 Etot   =    -69213.0243  EKtot   =     16244.4971  EPtot      =    -85457.5214
 BOND   =     14794.9562  ANGLE   =         0.0000  DIHED      =         0.0000
 1-4 NB =         0.0000  1-4 EEL =         0.0000  VDWAALS    =     22581.4025
 EELEC  =   -122833.8800  EHBOND  =         0.0000  RESTRAINT  =         0.0000
 DV/DL  =       441.7840
 ------------------------------------------------------------------------------

  Softcore part of the system:       7 atoms,       TEMP(K)    =         311.33
 SC_Etot=        27.9805  SC_EKtot=         6.4961  SC_EPtot   =        21.4844
 SC_BOND=         2.0050  SC_ANGLE=         3.8435  SC_DIHED   =         5.2067
 SC_14NB=         0.1741  SC_14EEL=        10.2552  SC_VDW     =         0.0000
 SC_EEL =         0.0000
 SC_RES_DIST=     0.0000  SC_RES_ANG=       0.0000  SC_RES_TORS=         0.0000
 SC_EEL_DER=    286.7235  SC_VDW_DER=     -33.6258  SC_DERIV   =       253.0978
 ------------------------------------------------------------------------------


| TI region  2


 NSTEP =   165000   TIME(PS) =     165.000  TEMP(K) =   261.42  PRESS =     0.0
 Etot   =    -69219.5204  EKtot   =     16238.0010  EPtot      =    -85457.5214
 BOND   =     14794.9562  ANGLE   =         0.0000  DIHED      =         0.0000
 1-4 NB =         0.0000  1-4 EEL =         0.0000  VDWAALS    =     22581.4025
 EELEC  =   -122833.8800  EHBOND  =         0.0000  RESTRAINT  =         0.0000
 DV/DL  =       441.7840
 ------------------------------------------------------------------------------

 NMR restraints: Bond =    0.000   Angle =     0.000   Torsion =     0.000
===============================================================================

| TI region  1


 NSTEP =   170000   TIME(PS) =     170.000  TEMP(K) =   267.62  PRESS =     0.0
 Etot   =    -68018.5560  EKtot   =     16628.2910  EPtot      =    -84646.8471
 BOND   =     14893.4296  ANGLE   =         0.0000  DIHED      =        -0.0000
 1-4 NB =         0.0000  1-4 EEL =        -0.0000  VDWAALS    =     22180.9066
 EELEC  =   -121721.1832  EHBOND  =         0.0000  RESTRAINT  =         0.0000
 DV/DL  =       498.7051
 ------------------------------------------------------------------------------

  Softcore part of the system:       7 atoms,       TEMP(K)    =         278.81
 SC_Etot=        26.9751  SC_EKtot=         5.8175  SC_EPtot   =        21.1576
 SC_BOND=         1.3191  SC_ANGLE=         4.1087  SC_DIHED   =         5.2641
 SC_14NB=         0.1822  SC_14EEL=        10.2835  SC_VDW     =         0.0000
 SC_EEL =         0.0000
 SC_RES_DIST=     0.0000  SC_RES_ANG=       0.0000  SC_RES_TORS=         0.0000
 SC_EEL_DER=    388.5643  SC_VDW_DER=     -88.3703  SC_DERIV   =       300.1940
 ------------------------------------------------------------------------------


| TI region  2


 NSTEP =   170000   TIME(PS) =     170.000  TEMP(K) =   267.61  PRESS =     0.0
 Etot   =    -68024.3735  EKtot   =     16622.4735  EPtot      =    -84646.8471
 BOND   =     14893.4296  ANGLE   =         0.0000  DIHED      =        -0.0000
 1-4 NB =         0.0000  1-4 EEL =        -0.0000  VDWAALS    =     22180.9066
 EELEC  =   -121721.1832  EHBOND  =         0.0000  RESTRAINT  =         0.0000
 DV/DL  =       498.7051
 ------------------------------------------------------------------------------

 NMR restraints: Bond =    0.000   Angle =     0.000   Torsion =     0.000
===============================================================================

| TI region  1


 NSTEP =   175000   TIME(PS) =     175.000  TEMP(K) =   273.22  PRESS =     0.0
 Etot   =    -66802.4403  EKtot   =     16976.1855  EPtot      =    -83778.6259
 BOND   =     14830.7077  ANGLE   =        -0.0000  DIHED      =        -0.0000
 1-4 NB =         0.0000  1-4 EEL =         0.0000  VDWAALS    =     21961.9715
 EELEC  =   -120571.3051  EHBOND  =         0.0000  RESTRAINT  =         0.0000
 DV/DL  =       427.1201
 ------------------------------------------------------------------------------

  Softcore part of the system:       7 atoms,       TEMP(K)    =         322.25
 SC_Etot=        31.8296  SC_EKtot=         6.7239  SC_EPtot   =        25.1058
 SC_BOND=         1.4181  SC_ANGLE=         7.2605  SC_DIHED   =         5.5454
 SC_14NB=         0.3609  SC_14EEL=        10.5207  SC_VDW     =         0.0000
 SC_EEL =         0.0000
 SC_RES_DIST=     0.0000  SC_RES_ANG=       0.0000  SC_RES_TORS=         0.0000
 SC_EEL_DER=    293.2376  SC_VDW_DER=     -47.8272  SC_DERIV   =       245.4104
 ------------------------------------------------------------------------------


| TI region  2


 NSTEP =   175000   TIME(PS) =     175.000  TEMP(K) =   273.20  PRESS =     0.0
 Etot   =    -66809.1642  EKtot   =     16969.4617  EPtot      =    -83778.6259
 BOND   =     14830.7077  ANGLE   =        -0.0000  DIHED      =        -0.0000
 1-4 NB =         0.0000  1-4 EEL =         0.0000  VDWAALS    =     21961.9715
 EELEC  =   -120571.3051  EHBOND  =         0.0000  RESTRAINT  =         0.0000
 DV/DL  =       427.1201
 ------------------------------------------------------------------------------

 NMR restraints: Bond =    0.000   Angle =     0.000   Torsion =     0.000
===============================================================================

| TI region  1


 NSTEP =   180000   TIME(PS) =     180.000  TEMP(K) =   285.74  PRESS =     0.0
 Etot   =    -64856.9066  EKtot   =     17754.5000  EPtot      =    -82611.4066
 BOND   =     14952.9969  ANGLE   =         0.0000  DIHED      =        -0.0000
 1-4 NB =         0.0000  1-4 EEL =        -0.0000  VDWAALS    =     21398.0930
 EELEC  =   -118962.4965  EHBOND  =         0.0000  RESTRAINT  =         0.0000
 DV/DL  =       464.5278
 ------------------------------------------------------------------------------

  Softcore part of the system:       7 atoms,       TEMP(K)    =         270.55
 SC_Etot=        27.8275  SC_EKtot=         5.6452  SC_EPtot   =        22.1823
 SC_BOND=         1.7469  SC_ANGLE=         4.8814  SC_DIHED   =         5.3431
 SC_14NB=         0.0796  SC_14EEL=        10.1313  SC_VDW     =         0.0000
 SC_EEL =         0.0000
 SC_RES_DIST=     0.0000  SC_RES_ANG=       0.0000  SC_RES_TORS=         0.0000
 SC_EEL_DER=    331.8005  SC_VDW_DER=     -54.5763  SC_DERIV   =       277.2242
 ------------------------------------------------------------------------------


| TI region  2


 NSTEP =   180000   TIME(PS) =     180.000  TEMP(K) =   285.75  PRESS =     0.0
 Etot   =    -64862.5518  EKtot   =     17748.8548  EPtot      =    -82611.4066
 BOND   =     14952.9969  ANGLE   =         0.0000  DIHED      =        -0.0000
 1-4 NB =         0.0000  1-4 EEL =        -0.0000  VDWAALS    =     21398.0930
 EELEC  =   -118962.4965  EHBOND  =         0.0000  RESTRAINT  =         0.0000
 DV/DL  =       464.5278
 ------------------------------------------------------------------------------

 NMR restraints: Bond =    0.000   Angle =     0.000   Torsion =     0.000
===============================================================================

| TI region  1


 NSTEP =   185000   TIME(PS) =     185.000  TEMP(K) =   293.78  PRESS =     0.0
 Etot   =    -63242.6997  EKtot   =     18253.8301  EPtot      =    -81496.5298
 BOND   =     15194.8848  ANGLE   =        -0.0000  DIHED      =        -0.0000
 1-4 NB =         0.0000  1-4 EEL =        -0.0000  VDWAALS    =     21116.6866
 EELEC  =   -117808.1011  EHBOND  =         0.0000  RESTRAINT  =         0.0000
 DV/DL  =       430.6821
 ------------------------------------------------------------------------------

  Softcore part of the system:       7 atoms,       TEMP(K)    =         234.61
 SC_Etot=        27.5497  SC_EKtot=         4.8952  SC_EPtot   =        22.6545
 SC_BOND=         2.4082  SC_ANGLE=         4.8757  SC_DIHED   =         5.2211
 SC_14NB=         0.0291  SC_14EEL=        10.1203  SC_VDW     =         0.0000
 SC_EEL =         0.0000
 SC_RES_DIST=     0.0000  SC_RES_ANG=       0.0000  SC_RES_TORS=         0.0000
 SC_EEL_DER=    297.9558  SC_VDW_DER=     -47.3803  SC_DERIV   =       250.5755
 ------------------------------------------------------------------------------


| TI region  2


 NSTEP =   185000   TIME(PS) =     185.000  TEMP(K) =   293.80  PRESS =     0.0
 Etot   =    -63247.5949  EKtot   =     18248.9348  EPtot      =    -81496.5298
 BOND   =     15194.8848  ANGLE   =        -0.0000  DIHED      =        -0.0000
 1-4 NB =         0.0000  1-4 EEL =        -0.0000  VDWAALS    =     21116.6866
 EELEC  =   -117808.1011  EHBOND  =         0.0000  RESTRAINT  =         0.0000
 DV/DL  =       430.6821
 ------------------------------------------------------------------------------

 NMR restraints: Bond =    0.000   Angle =     0.000   Torsion =     0.000
===============================================================================

| TI region  1


 NSTEP =   190000   TIME(PS) =     190.000  TEMP(K) =   299.77  PRESS =     0.0
 Etot   =    -61335.6964  EKtot   =     18626.0254  EPtot      =    -79961.7218
 BOND   =     14984.3133  ANGLE   =        -0.0000  DIHED      =        -0.0000
 1-4 NB =         0.0000  1-4 EEL =         0.0000  VDWAALS    =     20484.4457
 EELEC  =   -115430.4809  EHBOND  =         0.0000  RESTRAINT  =         0.0000
 DV/DL  =       426.1898
 ------------------------------------------------------------------------------

  Softcore part of the system:       7 atoms,       TEMP(K)    =         175.59
 SC_Etot=        27.0374  SC_EKtot=         3.6638  SC_EPtot   =        23.3736
 SC_BOND=         1.5411  SC_ANGLE=         6.3112  SC_DIHED   =         5.2260
 SC_14NB=         0.1016  SC_14EEL=        10.1937  SC_VDW     =         0.0000
 SC_EEL =         0.0000
 SC_RES_DIST=     0.0000  SC_RES_ANG=       0.0000  SC_RES_TORS=         0.0000
 SC_EEL_DER=    323.1379  SC_VDW_DER=     -75.0792  SC_DERIV   =       248.0587
 ------------------------------------------------------------------------------


| TI region  2


 NSTEP =   190000   TIME(PS) =     190.000  TEMP(K) =   299.81  PRESS =     0.0
 Etot   =    -61339.3602  EKtot   =     18622.3616  EPtot      =    -79961.7218
 BOND   =     14984.3133  ANGLE   =        -0.0000  DIHED      =        -0.0000
 1-4 NB =         0.0000  1-4 EEL =         0.0000  VDWAALS    =     20484.4457
 EELEC  =   -115430.4809  EHBOND  =         0.0000  RESTRAINT  =         0.0000
 DV/DL  =       426.1898
 ------------------------------------------------------------------------------

 NMR restraints: Bond =    0.000   Angle =     0.000   Torsion =     0.000
===============================================================================

| TI region  1


 NSTEP =   195000   TIME(PS) =     195.000  TEMP(K) =   298.14  PRESS =     0.0
 Etot   =    -61259.8712  EKtot   =     18525.0430  EPtot      =    -79784.9142
 BOND   =     14872.5463  ANGLE   =        -0.0000  DIHED      =         0.0000
 1-4 NB =         0.0000  1-4 EEL =        -0.0000  VDWAALS    =     20229.4513
 EELEC  =   -114886.9118  EHBOND  =         0.0000  RESTRAINT  =         0.0000
 DV/DL  =       482.0457
 ------------------------------------------------------------------------------

  Softcore part of the system:       7 atoms,       TEMP(K)    =         340.17
 SC_Etot=        29.2907  SC_EKtot=         7.0978  SC_EPtot   =        22.1929
 SC_BOND=         2.2690  SC_ANGLE=         4.1927  SC_DIHED   =         5.2157
 SC_14NB=         0.1989  SC_14EEL=        10.3166  SC_VDW     =         0.0000
 SC_EEL =         0.0000
 SC_RES_DIST=     0.0000  SC_RES_ANG=       0.0000  SC_RES_TORS=         0.0000
 SC_EEL_DER=    371.0681  SC_VDW_DER=     -69.6153  SC_DERIV   =       301.4527
 ------------------------------------------------------------------------------


| TI region  2


 NSTEP =   195000   TIME(PS) =     195.000  TEMP(K) =   298.13  PRESS =     0.0
 Etot   =    -61266.9690  EKtot   =     18517.9452  EPtot      =    -79784.9142
 BOND   =     14872.5463  ANGLE   =        -0.0000  DIHED      =         0.0000
 1-4 NB =         0.0000  1-4 EEL =        -0.0000  VDWAALS    =     20229.4513
 EELEC  =   -114886.9118  EHBOND  =         0.0000  RESTRAINT  =         0.0000
 DV/DL  =       482.0457
 ------------------------------------------------------------------------------

 NMR restraints: Bond =    0.000   Angle =     0.000   Torsion =     0.000
===============================================================================

| TI region  1


 NSTEP =   200000   TIME(PS) =     200.000  TEMP(K) =   301.12  PRESS =     0.0
 Etot   =    -61023.0513  EKtot   =     18709.7656  EPtot      =    -79732.8169
 BOND   =     15231.8588  ANGLE   =        -0.0000  DIHED      =        -0.0000
 1-4 NB =         0.0000  1-4 EEL =        -0.0000  VDWAALS    =     20496.0021
 EELEC  =   -115460.6778  EHBOND  =         0.0000  RESTRAINT  =         0.0000
 DV/DL  =       437.9316
 ------------------------------------------------------------------------------

  Softcore part of the system:       7 atoms,       TEMP(K)    =         334.24
 SC_Etot=        29.1615  SC_EKtot=         6.9741  SC_EPtot   =        22.1875
 SC_BOND=         1.5917  SC_ANGLE=         5.0244  SC_DIHED   =         5.2384
 SC_14NB=         0.1249  SC_14EEL=        10.2080  SC_VDW     =         0.0000
 SC_EEL =         0.0000
 SC_RES_DIST=     0.0000  SC_RES_ANG=       0.0000  SC_RES_TORS=         0.0000
 SC_EEL_DER=    306.3663  SC_VDW_DER=     -52.3803  SC_DERIV   =       253.9860
 ------------------------------------------------------------------------------


| TI region  2


 NSTEP =   200000   TIME(PS) =     200.000  TEMP(K) =   301.11  PRESS =     0.0
 Etot   =    -61030.0253  EKtot   =     18702.7915  EPtot      =    -79732.8169
 BOND   =     15231.8588  ANGLE   =        -0.0000  DIHED      =        -0.0000
 1-4 NB =         0.0000  1-4 EEL =        -0.0000  VDWAALS    =     20496.0021
 EELEC  =   -115460.6778  EHBOND  =         0.0000  RESTRAINT  =         0.0000
 DV/DL  =       437.9316
 ------------------------------------------------------------------------------

 NMR restraints: Bond =    0.000   Angle =     0.000   Torsion =     0.000
===============================================================================

| TI region  1


      A V E R A G E S   O V E R      40 S T E P S


 NSTEP =   200000   TIME(PS) =     200.000  TEMP(K) =   160.56  PRESS =     0.0
 Etot   =    -81611.7131  EKtot   =      9976.5695  EPtot      =    -91588.2826
 BOND   =     12752.0939  ANGLE   =         0.0000  DIHED      =        -0.0000
 1-4 NB =         0.0000  1-4 EEL =        -0.0000  VDWAALS    =     23976.9845
 EELEC  =   -128317.3610  EHBOND  =         0.0000  RESTRAINT  =         0.0000
 DV/DL  =       455.9414
 ------------------------------------------------------------------------------

 NMR restraints: Bond =    0.000   Angle =     0.000   Torsion =     0.000
===============================================================================
  Softcore part of the system:       7 atoms,       TEMP(K)    =         162.62
 SC_Etot=        24.4163  SC_EKtot=         3.3932  SC_EPtot   =        21.0231
 SC_BOND=         0.8956  SC_ANGLE=         4.2801  SC_DIHED   =         5.2496
 SC_14NB=         0.2425  SC_14EEL=        10.3553  SC_VDW     =         0.0000
 SC_EEL =         0.0000
 SC_RES_DIST=     0.0000  SC_RES_ANG=       0.0000  SC_RES_TORS=         0.0000
 SC_EEL_DER=    325.1960  SC_VDW_DER=     -51.2403  SC_DERIV   =       273.9557
 ------------------------------------------------------------------------------


      R M S  F L U C T U A T I O N S


 NSTEP =   200000   TIME(PS) =     200.000  TEMP(K) =    90.31  PRESS =     0.0
 Etot   =     11614.7222  EKtot   =      5611.2452  EPtot      =      6048.3220
 BOND   =      1750.0901  ANGLE   =         0.0000  DIHED      =         0.0000
 1-4 NB =         0.0000  1-4 EEL =         0.0000  VDWAALS    =      1545.6799
 EELEC  =      5920.7581  EHBOND  =         0.0000  RESTRAINT  =         0.0000
 DV/DL  =        24.2665
 ------------------------------------------------------------------------------

  Softcore part of the system:       7 atoms,       TEMP(K)    =         109.56
 SC_Etot=         3.3017  SC_EKtot=         2.2860  SC_EPtot   =         1.3105
 SC_BOND=         0.5653  SC_ANGLE=         1.0187  SC_DIHED   =         0.0582
 SC_14NB=         0.1069  SC_14EEL=         0.1091  SC_VDW     =         0.0000
 SC_EEL =         0.0000
 SC_RES_DIST=     0.0000  SC_RES_ANG=       0.0000  SC_RES_TORS=         0.0000
 SC_EEL_DER=     25.8223  SC_VDW_DER=      11.3671  SC_DERIV   =        19.2287
 ------------------------------------------------------------------------------


| TI region  2


      A V E R A G E S   O V E R      40 S T E P S


 NSTEP =   200000   TIME(PS) =     200.000  TEMP(K) =   160.56  PRESS =     0.0
 Etot   =    -81615.1064  EKtot   =      9973.1762  EPtot      =    -91588.2826
 BOND   =     12752.0939  ANGLE   =         0.0000  DIHED      =        -0.0000
 1-4 NB =         0.0000  1-4 EEL =        -0.0000  VDWAALS    =     23976.9845
 EELEC  =   -128317.3610  EHBOND  =         0.0000  RESTRAINT  =         0.0000
 DV/DL  =       455.9414
 ------------------------------------------------------------------------------

 NMR restraints: Bond =    0.000   Angle =     0.000   Torsion =     0.000
===============================================================================

      R M S  F L U C T U A T I O N S


 NSTEP =   200000   TIME(PS) =     200.000  TEMP(K) =    90.31  PRESS =     0.0
 Etot   =     11612.7878  EKtot   =      5609.2934  EPtot      =      6048.3220
 BOND   =      1750.0901  ANGLE   =         0.0000  DIHED      =         0.0000
 1-4 NB =         0.0000  1-4 EEL =         0.0000  VDWAALS    =      1545.6799
 EELEC  =      5920.7581  EHBOND  =         0.0000  RESTRAINT  =         0.0000
 DV/DL  =        24.2665
 ------------------------------------------------------------------------------


      DV/DL, AVERAGES OVER      40 STEPS


 NSTEP =   200000   TIME(PS) =     200.000  TEMP(K) =    90.31  PRESS =     0.0
 Etot   =         0.0000  EKtot   =         0.0000  EPtot      =       455.9414
 BOND   =         0.0000  ANGLE   =         0.0000  DIHED      =         0.0000
 1-4 NB =         0.0000  1-4 EEL =         0.0000  VDWAALS    =        -7.1743
 EELEC  =       189.1599  EHBOND  =         0.0000  RESTRAINT  =         0.0000
 DV/DL  =       455.9414
 ------------------------------------------------------------------------------


 NMR restraints on final step:

--------------------------------------------------------------------------------
   5.  TIMINGS
--------------------------------------------------------------------------------

|  NonSetup CPU Time in Major Routines:
|
|     Routine           Sec        %
|     ------------------------------
|     Nonbond         146.35   30.64
|     Bond              0.00    0.00
|     Angle             0.00    0.00
|     Dihedral          0.00    0.00
|     Shake             0.00    0.00
|     RunMD           330.78   69.25
|     Other             0.56    0.12
|     ------------------------------
|     Total           477.69

|  PME Nonbond Pairlist CPU Time:
|
|     Routine              Sec        %
|     ---------------------------------
|     Set Up Cit           0.00    0.00
|     Build List           0.00    0.00
|     ---------------------------------
|     Total                0.00    0.00

|  PME Direct Force CPU Time:
|
|     Routine              Sec        %
|     ---------------------------------
|     NonBonded Calc       0.00    0.00
|     Exclude Masked       0.00    0.00
|     Other                0.38    0.08
|     ---------------------------------
|     Total                0.38    0.08

|  PME Reciprocal Force CPU Time:
|
|     Routine              Sec        %
|     ---------------------------------
|     1D bspline           0.00    0.00
|     Grid Charges         0.00    0.00
|     Scalar Sum           0.00    0.00
|     Gradient Sum         0.00    0.00
|     FFT                  0.00    0.00
|     ---------------------------------
|     Total                0.00    0.00

|  Final Performance Info:
|     -----------------------------------------------------
|     Average timings for last   10000 steps:
|     Elapsed(s) =      24.09 Per Step(ms) =       2.41
|         ns/day =      35.87   seconds/ns =    2408.73
|
|     Average timings for all steps:
|     Elapsed(s) =     477.81 Per Step(ms) =       2.39
|         ns/day =      36.16   seconds/ns =    2389.06
|     -----------------------------------------------------

|  Setup CPU time:            0.53 seconds
|  NonSetup CPU time:       477.69 seconds
|  Total CPU time:          478.22 seconds     0.13 hours

|  Setup wall time:           1    seconds
|  NonSetup wall time:      478    seconds
|  Total wall time:         479    seconds     0.13 hours
