
          -------------------------------------------------------
          Amber 18 PMEMD                              2018
          -------------------------------------------------------

| PMEMD implementation of SANDER, Release 18

| Run on 06/20/2020 at 04:34:31

|   Executable path: /opt/software/Amber/18-foss-2018b-AmberTools-19/bin/pmemd.cuda
| Working directory: /mnt/gs18/scratch/users/songlin3/run/1264_optimization/acetate/two_steps_spce/step2/0.04794
|          Hostname: lac-143

  [-O]verwriting output

File Assignments:
|   MDIN: heat.in                                                               
|  MDOUT: heat.out                                                              
| INPCRD: min.rst                                                               
|   PARM: step2.prmtop                                                          
| RESTRT: heat.rst                                                              
|   REFC: min.rst                                                               
|  MDVEL: mdvel                                                                 
|   MDEN: mden                                                                  
|  MDCRD: heat.netcdf                                                           
| MDINFO: heat.mdinfo                                                           
|  MDFRC: mdfrc                                                                 


 Here is the input file:

nvt for free MD                                                                
 &cntrl                                                                        
  imin=0,                                                                      
  irest=0,                                                                     
  ntx=1,                                                                       
  ig=-1,                                                                       
  nstlim=200000,                                                               
  dt=0.001,                                                                    
  cut=10.0,                                                                    
  ntc=1,                                                                       
  ntf=1,                                                                       
  ntb=1,                                                                       
  ntt=3,                                                                       
  gamma_ln=2.0,                                                                
  tempi=0.0,                                                                   
  temp0=300.0,                                                                 
  ntpr=5000,                                                                   
  ntwr=5000,                                                                   
  ntwx=10000,                                                                  
  ntwv=0,                                                                      
  ioutfm=1,                                                                    
  iwrap=0,                                                                     
  nmropt=1,                                                                    
  ifsc = 1, icfe=1,                                                            
  clambda=0.04794,                                                             
  timask1=':1', scmask1=':1', scmask2='',                                      
  timask2='', crgmask = ':1',                                                  
/                                                                              
&wt TYPE='TEMP0', istep1=0, istep2=190000, value1=0.0, value2=300.0 /          
&wt TYPE='TEMP0', istep1=190001, istep2=200000, value1=300.0, value2=300.0 /   
&wt TYPE='DUMPFREQ', istep1=10000, /                                           
&wt TYPE='END', /                                                              


Note: ig = -1. Setting random seed to   515288 based on wallclock time in 
      microseconds.
| irandom = 1, using AMBER's internal random number generator (default).
 
|--------------------- INFORMATION ----------------------
| GPU (CUDA) Version of PMEMD in use: NVIDIA GPU IN USE.
|                    Version 18.0.0
| 
|                      03/25/2018
| 
| Implementation by:
|                    Ross C. Walker     (SDSC)
|                    Scott Le Grand     (nVIDIA)
| 
| Version 18 performance extensions by:
|                    David Cerutti     (Rutgers)
| 
| Precision model in use:
|      [SPFP] - Single Precision Forces, 64-bit Fixed Point
|               Accumulation. (Default)
| 
|--------------------------------------------------------
 
|----------------- CITATION INFORMATION -----------------
|
|    When publishing work that utilized the CUDA version
|    of AMBER, please cite the following in addition to
|    the regular AMBER citations:
|
|  - Romelia Salomon-Ferrer; Andreas W. Goetz; Duncan
|    Poole; Scott Le Grand; Ross C. Walker "Routine
|    microsecond molecular dynamics simulations with
|    AMBER - Part II: Particle Mesh Ewald", J. Chem.
|    Theory Comput., 2013, 9 (9), pp3878-3888,
|    DOI: 10.1021/ct400314y.
|
|  - Andreas W. Goetz; Mark J. Williamson; Dong Xu;
|    Duncan Poole; Scott Le Grand; Ross C. Walker
|    "Routine microsecond molecular dynamics simulations
|    with AMBER - Part I: Generalized Born", J. Chem.
|    Theory Comput., 2012, 8 (5), pp1542-1555.
|
|  - Scott Le Grand; Andreas W. Goetz; Ross C. Walker
|    "SPFP: Speed without compromise - a mixed precision
|    model for GPU accelerated molecular dynamics
|    simulations.", Comp. Phys. Comm., 2013, 184
|    pp374-380, DOI: 10.1016/j.cpc.2012.09.022
|
|    When publishing work that utilized the CUDA version
|    of TI, BAR, MBAR or FEP please cite the following 
|    three publications in addition to the regular AMBER 
|    GPU citations:
|
|  - Daniel J. Mermelstein; Charles Lin; Gard Nelson; 
|    Rachael Kretsch; J. Andrew McCammon; Ross C. Walker
|    "Fast and Flexible GPU Accelerated Binding 
|    Free Energy Calculations within the AMBER Molecular
|    Dynamics Package" J. Comp. Chem., 2018,
|    DOI: 10.1002/jcc.25187
|
|  - Tai-Sung Lee; Yuan Hu; Brad Sherborne; Zhuyan Guo;
|    Darrin M. York
|    "Toward Fast and Accurate Binding Affinity Prediction with
|    pmemdGTI: An Efficient Implementation of GPU-Accelerated
|    Thermodynamic Integration"
|    J. Chem. Theory Comput., 2017, 13 (7), 3077
|
|
|--------------------------------------------------------
 
|------------------- GPU DEVICE INFO --------------------
|
|            CUDA_VISIBLE_DEVICES: 0
|   CUDA Capable Devices Detected:      1
|           CUDA Device ID in use:      0
|                CUDA Device Name: Tesla K80
|     CUDA Device Global Mem Size:  11441 MB
| CUDA Device Num Multiprocessors:     13
|           CUDA Device Core Freq:   0.82 GHz
|
|--------------------------------------------------------
 
 
| Conditional Compilation Defines Used:
| PUBFFT
| BINTRAJ
| CUDA
| EMIL

| Largest sphere to fit in unit cell has radius =    27.333

| New format PARM file being parsed.
| Version =    1.000 Date = 06/18/20 Time = 20:41:37

| Note: 1-4 EEL scale factors are being read from the topology file.

| Note: 1-4 VDW scale factors are being read from the topology file.
| Duplicated    0 dihedrals

| Duplicated    0 dihedrals

--------------------------------------------------------------------------------
   1.  RESOURCE   USE: 
--------------------------------------------------------------------------------

 getting box info from netcdf restart file
 NATOM  =   20845 NTYPES =       6 NBONH =   20841 MBONA  =       3
 NTHETH =       6 MTHETA =       3 NPHIH =      12 MPHIA  =       1
 NHPARM =       0 NPARM  =       0 NNB   =   27806 NRES   =    6947
 NBONA  =       3 NTHETA =       3 NPHIA =       1 NUMBND =       5
 NUMANG =       4 NPTRA  =       3 NATYP =       6 NPHB   =       1
 IFBOX  =       2 NMXRS  =       7 IFCAP =       0 NEXTRA =       0
 NCOPY  =       0

| Coordinate Index Table dimensions:    10   10   10
| Direct force subcell size =     6.6953    6.6953    6.6953

     BOX TYPE: TRUNCATED OCTAHEDRON

--------------------------------------------------------------------------------
   2.  CONTROL  DATA  FOR  THE  RUN
--------------------------------------------------------------------------------

default_name                                                                    

General flags:
     imin    =       0, nmropt  =       1

Nature and format of input:
     ntx     =       1, irest   =       0, ntrx    =       1

Nature and format of output:
     ntxo    =       2, ntpr    =    5000, ntrx    =       1, ntwr    =    5000
     iwrap   =       0, ntwx    =   10000, ntwv    =       0, ntwe    =       0
     ioutfm  =       1, ntwprt  =       0, idecomp =       0, rbornstat=      0

Potential function:
     ntf     =       1, ntb     =       1, igb     =       0, nsnb    =      25
     ipol    =       0, gbsa    =       0, iesp    =       0
     dielc   =   1.00000, cut     =  10.00000, intdiel =   1.00000

Frozen or restrained atoms:
     ibelly  =       0, ntr     =       0

Molecular dynamics:
     nstlim  =    200000, nscm    =      1000, nrespa  =         1
     t       =   0.00000, dt      =   0.00100, vlimit  =  -1.00000

Langevin dynamics temperature regulation:
     ig      =  515288
     temp0   = 300.00000, tempi   =   0.00000, gamma_ln=   2.00000

NMR refinement options:
     iscale  =       0, noeskp  =       1, ipnlty  =       1, mxsub   =       1
     scalm   = 100.00000, pencut  =   0.10000, tausw   =   0.10000

Free energy options:
     icfe    =       1, ifsc    =       1, klambda =       1
     clambda =  0.0479, scalpha =  0.5000, scbeta  = 12.0000
     sceeorder =       2
     dynlmb =  0.0000 logdvdl =       0

| Intermolecular bonds treatment:
|     no_intermolecular_bonds =       1

| Energy averages sample interval:
|     ene_avg_sampling =    5000

Ewald parameters:
     verbose =       0, ew_type =       0, nbflag  =       1, use_pme =       1
     vdwmeth =       1, eedmeth =       1, netfrc  =       1
     Box X =   66.953   Box Y =   66.953   Box Z =   66.953
     Alpha =  109.471   Beta  =  109.471   Gamma =  109.471
     NFFT1 =   64       NFFT2 =   64       NFFT3 =   64
     Cutoff=   10.000   Tol   =0.100E-04
     Ewald Coefficient =  0.27511
     Interpolation order =    4
     TI Mask 1 :1; matches      7 atoms
     TI Mask 2  matches      0 atoms
     TI region 1:   20845 atoms
     TI region 2:   20838 atoms
     SC Mask 1 :1; matches      7 atoms
Removing charge of      -0.8188 from atom       1
Removing charge of      -0.8188 from atom       2
Removing charge of       0.8054 from atom       3
Removing charge of      -0.1021 from atom       4
Removing charge of      -0.0219 from atom       5
Removing charge of      -0.0219 from atom       6
Removing charge of      -0.0219 from atom       7
Total charge of  -0.99999900 removed from       7 atoms
    No charge on TI atoms. Skipping extra recip sum.

--------------------------------------------------------------------------------
   3.  ATOMIC COORDINATES AND VELOCITIES
--------------------------------------------------------------------------------

default_name                                                                    
 begin time read from input coords =     0.000 ps



           Begin reading energy term weight changes/NMR restraints
 WEIGHT CHANGES:
 TEMP0         0 190000    0.000000  300.000000      0      0
 TEMP0    190001 200000  300.000000  300.000000      0      0
 DUMPFREQ  10000      0    0.000000    0.000000      0      0

 RESTRAINTS:
                          ** No restraint defined **

                  Done reading weight changes/NMR restraints


 
 Number of triangulated 3-point waters found:     6946
 Number of shake restraints removed in TI region  1 :        0
 Number of shake restraints removed in TI region  2 :        0

     Sum of charges for TI region  1 =  -0.00000762
     Forcing neutrality...


     Sum of charges for TI region  2 =  -0.00000762
     Forcing neutrality...

| Dynamic Memory, Types Used:
| Reals              914872
| Integers           792492

| Nonbonded Pairs Initial Allocation:     6305091

| GPU memory information (estimate):
| KB of GPU memory in use:         0
| KB of CPU memory in use:         0

--------------------------------------------------------------------------------
   4.  RESULTS
--------------------------------------------------------------------------------

   DOF for the SC part  1 of the system:   21

| TI region  1


 NSTEP =        0   TIME(PS) =       0.000  TEMP(K) =     0.00  PRESS =     0.0
 Etot   =    -99436.3014  EKtot   =         0.0000  EPtot      =    -99436.3014
 BOND   =      9096.7960  ANGLE   =         0.0000  DIHED      =        -0.0000
 1-4 NB =         0.0000  1-4 EEL =         0.0000  VDWAALS    =     23888.5035
 EELEC  =   -132421.6008  EHBOND  =         0.0000  RESTRAINT  =         0.0000
 DV/DL  =         5.3157
 ------------------------------------------------------------------------------

  Softcore part of the system:       7 atoms,       TEMP(K)    =           0.00
 SC_Etot=         8.3321  SC_EKtot=         0.0000  SC_EPtot   =         8.3321
 SC_BOND=         0.0125  SC_ANGLE=         2.7870  SC_DIHED   =         5.2207
 SC_14NB=         0.3118  SC_14EEL=         0.0000  SC_VDW     =         0.0000
 SC_EEL =         0.0000
 SC_RES_DIST=     0.0000  SC_RES_ANG=       0.0000  SC_RES_TORS=         0.0000
 SC_EEL_DER=      0.0000  SC_VDW_DER=      -0.0908  SC_DERIV   =        -0.0908
 ------------------------------------------------------------------------------


| TI region  2


 NSTEP =        0   TIME(PS) =       0.000  TEMP(K) =     0.00  PRESS =     0.0
 Etot   =    -99436.3014  EKtot   =         0.0000  EPtot      =    -99436.3014
 BOND   =      9096.7960  ANGLE   =         0.0000  DIHED      =        -0.0000
 1-4 NB =         0.0000  1-4 EEL =         0.0000  VDWAALS    =     23888.5035
 EELEC  =   -132421.6008  EHBOND  =         0.0000  RESTRAINT  =         0.0000
 DV/DL  =         5.3157
 ------------------------------------------------------------------------------

 NMR restraints: Bond =    0.000   Angle =     0.000   Torsion =     0.000
===============================================================================

| TI region  1


 NSTEP =     5000   TIME(PS) =       5.000  TEMP(K) =     7.45  PRESS =     0.0
 Etot   =    -99765.4904  EKtot   =       463.1004  EPtot      =   -100228.5908
 BOND   =      9588.8008  ANGLE   =         0.0000  DIHED      =        -0.0000
 1-4 NB =         0.0000  1-4 EEL =         0.0000  VDWAALS    =     25464.8150
 EELEC  =   -135282.2066  EHBOND  =         0.0000  RESTRAINT  =         0.0000
 DV/DL  =         7.5011
 ------------------------------------------------------------------------------

  Softcore part of the system:       7 atoms,       TEMP(K)    =           9.19
 SC_Etot=         8.6647  SC_EKtot=         0.1919  SC_EPtot   =         8.4729
 SC_BOND=         0.1154  SC_ANGLE=         2.8420  SC_DIHED   =         5.2288
 SC_14NB=         0.2867  SC_14EEL=         0.0000  SC_VDW     =         0.0000
 SC_EEL =         0.0000
 SC_RES_DIST=     0.0000  SC_RES_ANG=       0.0000  SC_RES_TORS=         0.0000
 SC_EEL_DER=      0.0000  SC_VDW_DER=      -0.1856  SC_DERIV   =        -0.1856
 ------------------------------------------------------------------------------


| TI region  2


 NSTEP =     5000   TIME(PS) =       5.000  TEMP(K) =     7.45  PRESS =     0.0
 Etot   =    -99765.6822  EKtot   =       462.9086  EPtot      =   -100228.5908
 BOND   =      9588.8008  ANGLE   =         0.0000  DIHED      =        -0.0000
 1-4 NB =         0.0000  1-4 EEL =         0.0000  VDWAALS    =     25464.8150
 EELEC  =   -135282.2066  EHBOND  =         0.0000  RESTRAINT  =         0.0000
 DV/DL  =         7.5011
 ------------------------------------------------------------------------------

 NMR restraints: Bond =    0.000   Angle =     0.000   Torsion =     0.000
===============================================================================

| TI region  1


 NSTEP =    10000   TIME(PS) =      10.000  TEMP(K) =    14.99  PRESS =     0.0
 Etot   =    -98952.0970  EKtot   =       931.5147  EPtot      =    -99883.6117
 BOND   =      9793.5247  ANGLE   =        -0.0000  DIHED      =         0.0000
 1-4 NB =         0.0000  1-4 EEL =         0.0000  VDWAALS    =     25444.2417
 EELEC  =   -135121.3780  EHBOND  =         0.0000  RESTRAINT  =         0.0000
 DV/DL  =         7.6238
 ------------------------------------------------------------------------------

  Softcore part of the system:       7 atoms,       TEMP(K)    =           8.34
 SC_Etot=         8.8087  SC_EKtot=         0.1739  SC_EPtot   =         8.6347
 SC_BOND=         0.0303  SC_ANGLE=         3.0521  SC_DIHED   =         5.2374
 SC_14NB=         0.3149  SC_14EEL=         0.0000  SC_VDW     =         0.0000
 SC_EEL =         0.0000
 SC_RES_DIST=     0.0000  SC_RES_ANG=       0.0000  SC_RES_TORS=         0.0000
 SC_EEL_DER=      0.0000  SC_VDW_DER=      -0.2655  SC_DERIV   =        -0.2655
 ------------------------------------------------------------------------------


| TI region  2


 NSTEP =    10000   TIME(PS) =      10.000  TEMP(K) =    14.99  PRESS =     0.0
 Etot   =    -98952.2709  EKtot   =       931.3408  EPtot      =    -99883.6117
 BOND   =      9793.5247  ANGLE   =        -0.0000  DIHED      =         0.0000
 1-4 NB =         0.0000  1-4 EEL =         0.0000  VDWAALS    =     25444.2417
 EELEC  =   -135121.3780  EHBOND  =         0.0000  RESTRAINT  =         0.0000
 DV/DL  =         7.6238
 ------------------------------------------------------------------------------

 NMR restraints: Bond =    0.000   Angle =     0.000   Torsion =     0.000
===============================================================================

| TI region  1


 NSTEP =    15000   TIME(PS) =      15.000  TEMP(K) =    23.03  PRESS =     0.0
 Etot   =    -98008.8457  EKtot   =      1431.1228  EPtot      =    -99439.9685
 BOND   =      9900.0703  ANGLE   =         0.0000  DIHED      =        -0.0000
 1-4 NB =         0.0000  1-4 EEL =         0.0000  VDWAALS    =     25323.5108
 EELEC  =   -134663.5496  EHBOND  =         0.0000  RESTRAINT  =         0.0000
 DV/DL  =         7.7145
 ------------------------------------------------------------------------------

  Softcore part of the system:       7 atoms,       TEMP(K)    =          29.09
 SC_Etot=         9.1032  SC_EKtot=         0.6069  SC_EPtot   =         8.4963
 SC_BOND=         0.1562  SC_ANGLE=         2.8107  SC_DIHED   =         5.2288
 SC_14NB=         0.3007  SC_14EEL=         0.0000  SC_VDW     =         0.0000
 SC_EEL =         0.0000
 SC_RES_DIST=     0.0000  SC_RES_ANG=       0.0000  SC_RES_TORS=         0.0000
 SC_EEL_DER=      0.0000  SC_VDW_DER=      -0.0442  SC_DERIV   =        -0.0442
 ------------------------------------------------------------------------------


| TI region  2


 NSTEP =    15000   TIME(PS) =      15.000  TEMP(K) =    23.03  PRESS =     0.0
 Etot   =    -98009.4526  EKtot   =      1430.5159  EPtot      =    -99439.9685
 BOND   =      9900.0703  ANGLE   =         0.0000  DIHED      =        -0.0000
 1-4 NB =         0.0000  1-4 EEL =         0.0000  VDWAALS    =     25323.5108
 EELEC  =   -134663.5496  EHBOND  =         0.0000  RESTRAINT  =         0.0000
 DV/DL  =         7.7145
 ------------------------------------------------------------------------------

 NMR restraints: Bond =    0.000   Angle =     0.000   Torsion =     0.000
===============================================================================

| TI region  1


 NSTEP =    20000   TIME(PS) =      20.000  TEMP(K) =    31.05  PRESS =     0.0
 Etot   =    -97165.7422  EKtot   =      1929.5863  EPtot      =    -99095.3285
 BOND   =     10157.3577  ANGLE   =         0.0000  DIHED      =         0.0000
 1-4 NB =         0.0000  1-4 EEL =         0.0000  VDWAALS    =     25410.0163
 EELEC  =   -134662.7024  EHBOND  =         0.0000  RESTRAINT  =         0.0000
 DV/DL  =         7.3919
 ------------------------------------------------------------------------------

  Softcore part of the system:       7 atoms,       TEMP(K)    =          53.64
 SC_Etot=         9.7570  SC_EKtot=         1.1193  SC_EPtot   =         8.6376
 SC_BOND=         0.2394  SC_ANGLE=         2.9014  SC_DIHED   =         5.2067
 SC_14NB=         0.2902  SC_14EEL=         0.0000  SC_VDW     =         0.0000
 SC_EEL =         0.0000
 SC_RES_DIST=     0.0000  SC_RES_ANG=       0.0000  SC_RES_TORS=         0.0000
 SC_EEL_DER=      0.0000  SC_VDW_DER=      -0.6390  SC_DERIV   =        -0.6390
 ------------------------------------------------------------------------------


| TI region  2


 NSTEP =    20000   TIME(PS) =      20.000  TEMP(K) =    31.05  PRESS =     0.0
 Etot   =    -97166.8615  EKtot   =      1928.4670  EPtot      =    -99095.3285
 BOND   =     10157.3577  ANGLE   =         0.0000  DIHED      =         0.0000
 1-4 NB =         0.0000  1-4 EEL =         0.0000  VDWAALS    =     25410.0163
 EELEC  =   -134662.7024  EHBOND  =         0.0000  RESTRAINT  =         0.0000
 DV/DL  =         7.3919
 ------------------------------------------------------------------------------

 NMR restraints: Bond =    0.000   Angle =     0.000   Torsion =     0.000
===============================================================================

| TI region  1


 NSTEP =    25000   TIME(PS) =      25.000  TEMP(K) =    38.90  PRESS =     0.0
 Etot   =    -96345.1904  EKtot   =      2416.8660  EPtot      =    -98762.0564
 BOND   =     10320.1552  ANGLE   =         0.0000  DIHED      =         0.0000
 1-4 NB =         0.0000  1-4 EEL =         0.0000  VDWAALS    =     25502.8857
 EELEC  =   -134585.0973  EHBOND  =         0.0000  RESTRAINT  =         0.0000
 DV/DL  =         7.6878
 ------------------------------------------------------------------------------

  Softcore part of the system:       7 atoms,       TEMP(K)    =          40.28
 SC_Etot=         9.7841  SC_EKtot=         0.8405  SC_EPtot   =         8.9436
 SC_BOND=         0.0731  SC_ANGLE=         3.3320  SC_DIHED   =         5.2186
 SC_14NB=         0.3198  SC_14EEL=         0.0000  SC_VDW     =         0.0000
 SC_EEL =         0.0000
 SC_RES_DIST=     0.0000  SC_RES_ANG=       0.0000  SC_RES_TORS=         0.0000
 SC_EEL_DER=      0.0000  SC_VDW_DER=      -0.3108  SC_DERIV   =        -0.3108
 ------------------------------------------------------------------------------


| TI region  2


 NSTEP =    25000   TIME(PS) =      25.000  TEMP(K) =    38.90  PRESS =     0.0
 Etot   =    -96346.0309  EKtot   =      2416.0255  EPtot      =    -98762.0564
 BOND   =     10320.1552  ANGLE   =         0.0000  DIHED      =         0.0000
 1-4 NB =         0.0000  1-4 EEL =         0.0000  VDWAALS    =     25502.8857
 EELEC  =   -134585.0973  EHBOND  =         0.0000  RESTRAINT  =         0.0000
 DV/DL  =         7.6878
 ------------------------------------------------------------------------------

 NMR restraints: Bond =    0.000   Angle =     0.000   Torsion =     0.000
===============================================================================

| TI region  1


 NSTEP =    30000   TIME(PS) =      30.000  TEMP(K) =    46.42  PRESS =     0.0
 Etot   =    -95523.0531  EKtot   =      2884.2039  EPtot      =    -98407.2570
 BOND   =     10460.8147  ANGLE   =        -0.0000  DIHED      =        -0.0000
 1-4 NB =         0.0000  1-4 EEL =         0.0000  VDWAALS    =     25392.3729
 EELEC  =   -134260.4446  EHBOND  =         0.0000  RESTRAINT  =         0.0000
 DV/DL  =         8.2283
 ------------------------------------------------------------------------------

  Softcore part of the system:       7 atoms,       TEMP(K)    =          54.19
 SC_Etot=         9.9696  SC_EKtot=         1.1307  SC_EPtot   =         8.8389
 SC_BOND=         0.3439  SC_ANGLE=         2.9617  SC_DIHED   =         5.2174
 SC_14NB=         0.3159  SC_14EEL=         0.0000  SC_VDW     =         0.0000
 SC_EEL =         0.0000
 SC_RES_DIST=     0.0000  SC_RES_ANG=       0.0000  SC_RES_TORS=         0.0000
 SC_EEL_DER=      0.0000  SC_VDW_DER=       0.1954  SC_DERIV   =         0.1954
 ------------------------------------------------------------------------------


| TI region  2


 NSTEP =    30000   TIME(PS) =      30.000  TEMP(K) =    46.42  PRESS =     0.0
 Etot   =    -95524.1839  EKtot   =      2883.0731  EPtot      =    -98407.2570
 BOND   =     10460.8147  ANGLE   =        -0.0000  DIHED      =        -0.0000
 1-4 NB =         0.0000  1-4 EEL =         0.0000  VDWAALS    =     25392.3729
 EELEC  =   -134260.4446  EHBOND  =         0.0000  RESTRAINT  =         0.0000
 DV/DL  =         8.2283
 ------------------------------------------------------------------------------

 NMR restraints: Bond =    0.000   Angle =     0.000   Torsion =     0.000
===============================================================================

| TI region  1


 NSTEP =    35000   TIME(PS) =      35.000  TEMP(K) =    53.92  PRESS =     0.0
 Etot   =    -94598.9492  EKtot   =      3350.0247  EPtot      =    -97948.9739
 BOND   =     10725.6444  ANGLE   =        -0.0000  DIHED      =        -0.0000
 1-4 NB =         0.0000  1-4 EEL =         0.0000  VDWAALS    =     25559.2676
 EELEC  =   -134233.8860  EHBOND  =         0.0000  RESTRAINT  =         0.0000
 DV/DL  =         6.0469
 ------------------------------------------------------------------------------

  Softcore part of the system:       7 atoms,       TEMP(K)    =          62.03
 SC_Etot=        10.1544  SC_EKtot=         1.2943  SC_EPtot   =         8.8602
 SC_BOND=         0.0794  SC_ANGLE=         3.2434  SC_DIHED   =         5.2181
 SC_14NB=         0.3193  SC_14EEL=         0.0000  SC_VDW     =         0.0000
 SC_EEL =         0.0000
 SC_RES_DIST=     0.0000  SC_RES_ANG=       0.0000  SC_RES_TORS=         0.0000
 SC_EEL_DER=      0.0000  SC_VDW_DER=      -1.1126  SC_DERIV   =        -1.1126
 ------------------------------------------------------------------------------


| TI region  2


 NSTEP =    35000   TIME(PS) =      35.000  TEMP(K) =    53.91  PRESS =     0.0
 Etot   =    -94600.2435  EKtot   =      3348.7304  EPtot      =    -97948.9739
 BOND   =     10725.6444  ANGLE   =        -0.0000  DIHED      =        -0.0000
 1-4 NB =         0.0000  1-4 EEL =         0.0000  VDWAALS    =     25559.2676
 EELEC  =   -134233.8860  EHBOND  =         0.0000  RESTRAINT  =         0.0000
 DV/DL  =         6.0469
 ------------------------------------------------------------------------------

 NMR restraints: Bond =    0.000   Angle =     0.000   Torsion =     0.000
===============================================================================

| TI region  1


 NSTEP =    40000   TIME(PS) =      40.000  TEMP(K) =    62.19  PRESS =     0.0
 Etot   =    -93719.1527  EKtot   =      3864.2388  EPtot      =    -97583.3915
 BOND   =     10860.1150  ANGLE   =         0.0000  DIHED      =        -0.0000
 1-4 NB =         0.0000  1-4 EEL =         0.0000  VDWAALS    =     25440.9881
 EELEC  =   -133884.4945  EHBOND  =         0.0000  RESTRAINT  =         0.0000
 DV/DL  =         7.0328
 ------------------------------------------------------------------------------

  Softcore part of the system:       7 atoms,       TEMP(K)    =          58.51
 SC_Etot=        10.1459  SC_EKtot=         1.2208  SC_EPtot   =         8.9251
 SC_BOND=         0.2281  SC_ANGLE=         3.0626  SC_DIHED   =         5.2109
 SC_14NB=         0.4235  SC_14EEL=         0.0000  SC_VDW     =         0.0000
 SC_EEL =         0.0000
 SC_RES_DIST=     0.0000  SC_RES_ANG=       0.0000  SC_RES_TORS=         0.0000
 SC_EEL_DER=      0.0000  SC_VDW_DER=      -0.8637  SC_DERIV   =        -0.8637
 ------------------------------------------------------------------------------


| TI region  2


 NSTEP =    40000   TIME(PS) =      40.000  TEMP(K) =    62.19  PRESS =     0.0
 Etot   =    -93720.3735  EKtot   =      3863.0180  EPtot      =    -97583.3915
 BOND   =     10860.1150  ANGLE   =         0.0000  DIHED      =        -0.0000
 1-4 NB =         0.0000  1-4 EEL =         0.0000  VDWAALS    =     25440.9881
 EELEC  =   -133884.4945  EHBOND  =         0.0000  RESTRAINT  =         0.0000
 DV/DL  =         7.0328
 ------------------------------------------------------------------------------

 NMR restraints: Bond =    0.000   Angle =     0.000   Torsion =     0.000
===============================================================================

| TI region  1


 NSTEP =    45000   TIME(PS) =      45.000  TEMP(K) =    70.67  PRESS =     0.0
 Etot   =    -92809.6889  EKtot   =      4391.1714  EPtot      =    -97200.8603
 BOND   =     10970.3819  ANGLE   =         0.0000  DIHED      =        -0.0000
 1-4 NB =         0.0000  1-4 EEL =         0.0000  VDWAALS    =     25267.2250
 EELEC  =   -133438.4671  EHBOND  =         0.0000  RESTRAINT  =         0.0000
 DV/DL  =         6.8278
 ------------------------------------------------------------------------------

  Softcore part of the system:       7 atoms,       TEMP(K)    =          46.04
 SC_Etot=        10.7025  SC_EKtot=         0.9606  SC_EPtot   =         9.7419
 SC_BOND=         0.4920  SC_ANGLE=         3.7837  SC_DIHED   =         5.2116
 SC_14NB=         0.2546  SC_14EEL=         0.0000  SC_VDW     =         0.0000
 SC_EEL =         0.0000
 SC_RES_DIST=     0.0000  SC_RES_ANG=       0.0000  SC_RES_TORS=         0.0000
 SC_EEL_DER=      0.0000  SC_VDW_DER=      -0.8628  SC_DERIV   =        -0.8628
 ------------------------------------------------------------------------------


| TI region  2


 NSTEP =    45000   TIME(PS) =      45.000  TEMP(K) =    70.68  PRESS =     0.0
 Etot   =    -92810.6495  EKtot   =      4390.2108  EPtot      =    -97200.8603
 BOND   =     10970.3819  ANGLE   =         0.0000  DIHED      =        -0.0000
 1-4 NB =         0.0000  1-4 EEL =         0.0000  VDWAALS    =     25267.2250
 EELEC  =   -133438.4671  EHBOND  =         0.0000  RESTRAINT  =         0.0000
 DV/DL  =         6.8278
 ------------------------------------------------------------------------------

 NMR restraints: Bond =    0.000   Angle =     0.000   Torsion =     0.000
===============================================================================

| TI region  1


 NSTEP =    50000   TIME(PS) =      50.000  TEMP(K) =    77.61  PRESS =     0.0
 Etot   =    -92030.1443  EKtot   =      4822.0830  EPtot      =    -96852.2273
 BOND   =     11222.9052  ANGLE   =        -0.0000  DIHED      =         0.0000
 1-4 NB =         0.0000  1-4 EEL =         0.0000  VDWAALS    =     25322.4230
 EELEC  =   -133397.5555  EHBOND  =         0.0000  RESTRAINT  =         0.0000
 DV/DL  =         7.7219
 ------------------------------------------------------------------------------

  Softcore part of the system:       7 atoms,       TEMP(K)    =          77.73
 SC_Etot=        10.9602  SC_EKtot=         1.6218  SC_EPtot   =         9.3384
 SC_BOND=         0.2904  SC_ANGLE=         3.4249  SC_DIHED   =         5.3294
 SC_14NB=         0.2937  SC_14EEL=         0.0000  SC_VDW     =         0.0000
 SC_EEL =         0.0000
 SC_RES_DIST=     0.0000  SC_RES_ANG=       0.0000  SC_RES_TORS=         0.0000
 SC_EEL_DER=      0.0000  SC_VDW_DER=       0.1365  SC_DERIV   =         0.1365
 ------------------------------------------------------------------------------


| TI region  2


 NSTEP =    50000   TIME(PS) =      50.000  TEMP(K) =    77.61  PRESS =     0.0
 Etot   =    -92031.7661  EKtot   =      4820.4612  EPtot      =    -96852.2273
 BOND   =     11222.9052  ANGLE   =        -0.0000  DIHED      =         0.0000
 1-4 NB =         0.0000  1-4 EEL =         0.0000  VDWAALS    =     25322.4230
 EELEC  =   -133397.5555  EHBOND  =         0.0000  RESTRAINT  =         0.0000
 DV/DL  =         7.7219
 ------------------------------------------------------------------------------

 NMR restraints: Bond =    0.000   Angle =     0.000   Torsion =     0.000
===============================================================================

| TI region  1


 NSTEP =    55000   TIME(PS) =      55.000  TEMP(K) =    86.59  PRESS =     0.0
 Etot   =    -91062.8565  EKtot   =      5380.4292  EPtot      =    -96443.2857
 BOND   =     11501.8155  ANGLE   =         0.0000  DIHED      =        -0.0000
 1-4 NB =         0.0000  1-4 EEL =         0.0000  VDWAALS    =     25363.2979
 EELEC  =   -133308.3992  EHBOND  =         0.0000  RESTRAINT  =         0.0000
 DV/DL  =         6.9558
 ------------------------------------------------------------------------------

  Softcore part of the system:       7 atoms,       TEMP(K)    =          69.41
 SC_Etot=        10.3926  SC_EKtot=         1.4482  SC_EPtot   =         8.9443
 SC_BOND=         0.2209  SC_ANGLE=         3.1646  SC_DIHED   =         5.2383
 SC_14NB=         0.3206  SC_14EEL=         0.0000  SC_VDW     =         0.0000
 SC_EEL =         0.0000
 SC_RES_DIST=     0.0000  SC_RES_ANG=       0.0000  SC_RES_TORS=         0.0000
 SC_EEL_DER=      0.0000  SC_VDW_DER=      -0.4282  SC_DERIV   =        -0.4282
 ------------------------------------------------------------------------------


| TI region  2


 NSTEP =    55000   TIME(PS) =      55.000  TEMP(K) =    86.60  PRESS =     0.0
 Etot   =    -91064.3048  EKtot   =      5378.9810  EPtot      =    -96443.2857
 BOND   =     11501.8155  ANGLE   =         0.0000  DIHED      =        -0.0000
 1-4 NB =         0.0000  1-4 EEL =         0.0000  VDWAALS    =     25363.2979
 EELEC  =   -133308.3992  EHBOND  =         0.0000  RESTRAINT  =         0.0000
 DV/DL  =         6.9558
 ------------------------------------------------------------------------------

 NMR restraints: Bond =    0.000   Angle =     0.000   Torsion =     0.000
===============================================================================

| TI region  1


 NSTEP =    60000   TIME(PS) =      60.000  TEMP(K) =    93.41  PRESS =     0.0
 Etot   =    -90306.7972  EKtot   =      5803.7090  EPtot      =    -96110.5062
 BOND   =     11628.9277  ANGLE   =        -0.0000  DIHED      =         0.0000
 1-4 NB =         0.0000  1-4 EEL =         0.0000  VDWAALS    =     25383.6029
 EELEC  =   -133123.0368  EHBOND  =         0.0000  RESTRAINT  =         0.0000
 DV/DL  =         7.6925
 ------------------------------------------------------------------------------

  Softcore part of the system:       7 atoms,       TEMP(K)    =         113.58
 SC_Etot=        12.8632  SC_EKtot=         2.3699  SC_EPtot   =        10.4934
 SC_BOND=         1.3159  SC_ANGLE=         3.7171  SC_DIHED   =         5.2670
 SC_14NB=         0.1934  SC_14EEL=         0.0000  SC_VDW     =         0.0000
 SC_EEL =         0.0000
 SC_RES_DIST=     0.0000  SC_RES_ANG=       0.0000  SC_RES_TORS=         0.0000
 SC_EEL_DER=      0.0000  SC_VDW_DER=      -0.3295  SC_DERIV   =        -0.3295
 ------------------------------------------------------------------------------


| TI region  2


 NSTEP =    60000   TIME(PS) =      60.000  TEMP(K) =    93.40  PRESS =     0.0
 Etot   =    -90309.1671  EKtot   =      5801.3391  EPtot      =    -96110.5062
 BOND   =     11628.9277  ANGLE   =        -0.0000  DIHED      =         0.0000
 1-4 NB =         0.0000  1-4 EEL =         0.0000  VDWAALS    =     25383.6029
 EELEC  =   -133123.0368  EHBOND  =         0.0000  RESTRAINT  =         0.0000
 DV/DL  =         7.6925
 ------------------------------------------------------------------------------

 NMR restraints: Bond =    0.000   Angle =     0.000   Torsion =     0.000
===============================================================================

| TI region  1


 NSTEP =    65000   TIME(PS) =      65.000  TEMP(K) =   102.40  PRESS =     0.0
 Etot   =    -89387.2104  EKtot   =      6362.7163  EPtot      =    -95749.9267
 BOND   =     11729.0177  ANGLE   =         0.0000  DIHED      =        -0.0000
 1-4 NB =         0.0000  1-4 EEL =         0.0000  VDWAALS    =     25250.3331
 EELEC  =   -132729.2775  EHBOND  =         0.0000  RESTRAINT  =         0.0000
 DV/DL  =         6.4158
 ------------------------------------------------------------------------------

  Softcore part of the system:       7 atoms,       TEMP(K)    =          94.70
 SC_Etot=        11.7162  SC_EKtot=         1.9759  SC_EPtot   =         9.7403
 SC_BOND=         0.6815  SC_ANGLE=         3.6375  SC_DIHED   =         5.2199
 SC_14NB=         0.2014  SC_14EEL=         0.0000  SC_VDW     =         0.0000
 SC_EEL =         0.0000
 SC_RES_DIST=     0.0000  SC_RES_ANG=       0.0000  SC_RES_TORS=         0.0000
 SC_EEL_DER=      0.0000  SC_VDW_DER=      -1.0355  SC_DERIV   =        -1.0355
 ------------------------------------------------------------------------------


| TI region  2


 NSTEP =    65000   TIME(PS) =      65.000  TEMP(K) =   102.40  PRESS =     0.0
 Etot   =    -89389.1863  EKtot   =      6360.7404  EPtot      =    -95749.9267
 BOND   =     11729.0177  ANGLE   =         0.0000  DIHED      =        -0.0000
 1-4 NB =         0.0000  1-4 EEL =         0.0000  VDWAALS    =     25250.3331
 EELEC  =   -132729.2775  EHBOND  =         0.0000  RESTRAINT  =         0.0000
 DV/DL  =         6.4158
 ------------------------------------------------------------------------------

 NMR restraints: Bond =    0.000   Angle =     0.000   Torsion =     0.000
===============================================================================

| TI region  1


 NSTEP =    70000   TIME(PS) =      70.000  TEMP(K) =   110.63  PRESS =     0.0
 Etot   =    -88461.7842  EKtot   =      6873.9302  EPtot      =    -95335.7144
 BOND   =     11727.0302  ANGLE   =        -0.0000  DIHED      =        -0.0000
 1-4 NB =         0.0000  1-4 EEL =         0.0000  VDWAALS    =     25205.7525
 EELEC  =   -132268.4972  EHBOND  =         0.0000  RESTRAINT  =         0.0000
 DV/DL  =         6.3074
 ------------------------------------------------------------------------------

  Softcore part of the system:       7 atoms,       TEMP(K)    =         198.46
 SC_Etot=        15.0634  SC_EKtot=         4.1411  SC_EPtot   =        10.9223
 SC_BOND=         1.2270  SC_ANGLE=         4.1700  SC_DIHED   =         5.2234
 SC_14NB=         0.3019  SC_14EEL=         0.0000  SC_VDW     =         0.0000
 SC_EEL =         0.0000
 SC_RES_DIST=     0.0000  SC_RES_ANG=       0.0000  SC_RES_TORS=         0.0000
 SC_EEL_DER=      0.0000  SC_VDW_DER=      -0.8643  SC_DERIV   =        -0.8643
 ------------------------------------------------------------------------------


| TI region  2


 NSTEP =    70000   TIME(PS) =      70.000  TEMP(K) =   110.60  PRESS =     0.0
 Etot   =    -88465.9253  EKtot   =      6869.7891  EPtot      =    -95335.7144
 BOND   =     11727.0302  ANGLE   =        -0.0000  DIHED      =        -0.0000
 1-4 NB =         0.0000  1-4 EEL =         0.0000  VDWAALS    =     25205.7525
 EELEC  =   -132268.4972  EHBOND  =         0.0000  RESTRAINT  =         0.0000
 DV/DL  =         6.3074
 ------------------------------------------------------------------------------

 NMR restraints: Bond =    0.000   Angle =     0.000   Torsion =     0.000
===============================================================================

| TI region  1


 NSTEP =    75000   TIME(PS) =      75.000  TEMP(K) =   119.52  PRESS =     0.0
 Etot   =    -87390.3162  EKtot   =      7426.5205  EPtot      =    -94816.8367
 BOND   =     12024.2989  ANGLE   =        -0.0000  DIHED      =        -0.0000
 1-4 NB =         0.0000  1-4 EEL =         0.0000  VDWAALS    =     25134.7691
 EELEC  =   -131975.9047  EHBOND  =         0.0000  RESTRAINT  =         0.0000
 DV/DL  =         7.7116
 ------------------------------------------------------------------------------

  Softcore part of the system:       7 atoms,       TEMP(K)    =         112.96
 SC_Etot=        11.9963  SC_EKtot=         2.3570  SC_EPtot   =         9.6393
 SC_BOND=         1.0030  SC_ANGLE=         3.1645  SC_DIHED   =         5.2314
 SC_14NB=         0.2404  SC_14EEL=         0.0000  SC_VDW     =         0.0000
 SC_EEL =         0.0000
 SC_RES_DIST=     0.0000  SC_RES_ANG=       0.0000  SC_RES_TORS=         0.0000
 SC_EEL_DER=      0.0000  SC_VDW_DER=      -0.2133  SC_DERIV   =        -0.2133
 ------------------------------------------------------------------------------


| TI region  2


 NSTEP =    75000   TIME(PS) =      75.000  TEMP(K) =   119.53  PRESS =     0.0
 Etot   =    -87392.6731  EKtot   =      7424.1635  EPtot      =    -94816.8367
 BOND   =     12024.2989  ANGLE   =        -0.0000  DIHED      =        -0.0000
 1-4 NB =         0.0000  1-4 EEL =         0.0000  VDWAALS    =     25134.7691
 EELEC  =   -131975.9047  EHBOND  =         0.0000  RESTRAINT  =         0.0000
 DV/DL  =         7.7116
 ------------------------------------------------------------------------------

 NMR restraints: Bond =    0.000   Angle =     0.000   Torsion =     0.000
===============================================================================

| TI region  1


 NSTEP =    80000   TIME(PS) =      80.000  TEMP(K) =   125.96  PRESS =     0.0
 Etot   =    -86504.6999  EKtot   =      7826.7163  EPtot      =    -94331.4163
 BOND   =     12085.1863  ANGLE   =        -0.0000  DIHED      =        -0.0000
 1-4 NB =         0.0000  1-4 EEL =         0.0000  VDWAALS    =     25192.2582
 EELEC  =   -131608.8608  EHBOND  =         0.0000  RESTRAINT  =         0.0000
 DV/DL  =         7.0274
 ------------------------------------------------------------------------------

  Softcore part of the system:       7 atoms,       TEMP(K)    =         110.06
 SC_Etot=        11.4095  SC_EKtot=         2.2965  SC_EPtot   =         9.1130
 SC_BOND=         0.3165  SC_ANGLE=         3.2387  SC_DIHED   =         5.2066
 SC_14NB=         0.3512  SC_14EEL=         0.0000  SC_VDW     =         0.0000
 SC_EEL =         0.0000
 SC_RES_DIST=     0.0000  SC_RES_ANG=       0.0000  SC_RES_TORS=         0.0000
 SC_EEL_DER=      0.0000  SC_VDW_DER=      -0.4937  SC_DERIV   =        -0.4937
 ------------------------------------------------------------------------------


| TI region  2


 NSTEP =    80000   TIME(PS) =      80.000  TEMP(K) =   125.97  PRESS =     0.0
 Etot   =    -86506.9964  EKtot   =      7824.4198  EPtot      =    -94331.4163
 BOND   =     12085.1863  ANGLE   =        -0.0000  DIHED      =        -0.0000
 1-4 NB =         0.0000  1-4 EEL =         0.0000  VDWAALS    =     25192.2582
 EELEC  =   -131608.8608  EHBOND  =         0.0000  RESTRAINT  =         0.0000
 DV/DL  =         7.0274
 ------------------------------------------------------------------------------

 NMR restraints: Bond =    0.000   Angle =     0.000   Torsion =     0.000
===============================================================================

| TI region  1


 NSTEP =    85000   TIME(PS) =      85.000  TEMP(K) =   133.72  PRESS =     0.0
 Etot   =    -85624.2351  EKtot   =      8308.6816  EPtot      =    -93932.9168
 BOND   =     12387.5414  ANGLE   =         0.0000  DIHED      =        -0.0000
 1-4 NB =         0.0000  1-4 EEL =         0.0000  VDWAALS    =     24972.1863
 EELEC  =   -131292.6445  EHBOND  =         0.0000  RESTRAINT  =         0.0000
 DV/DL  =         4.5007
 ------------------------------------------------------------------------------

  Softcore part of the system:       7 atoms,       TEMP(K)    =         188.81
 SC_Etot=        15.1690  SC_EKtot=         3.9397  SC_EPtot   =        11.2293
 SC_BOND=         0.2114  SC_ANGLE=         5.0675  SC_DIHED   =         5.2099
 SC_14NB=         0.7405  SC_14EEL=         0.0000  SC_VDW     =         0.0000
 SC_EEL =         0.0000
 SC_RES_DIST=     0.0000  SC_RES_ANG=       0.0000  SC_RES_TORS=         0.0000
 SC_EEL_DER=      0.0000  SC_VDW_DER=      -1.6279  SC_DERIV   =        -1.6279
 ------------------------------------------------------------------------------


| TI region  2


 NSTEP =    85000   TIME(PS) =      85.000  TEMP(K) =   133.70  PRESS =     0.0
 Etot   =    -85628.1748  EKtot   =      8304.7419  EPtot      =    -93932.9168
 BOND   =     12387.5414  ANGLE   =         0.0000  DIHED      =        -0.0000
 1-4 NB =         0.0000  1-4 EEL =         0.0000  VDWAALS    =     24972.1863
 EELEC  =   -131292.6445  EHBOND  =         0.0000  RESTRAINT  =         0.0000
 DV/DL  =         4.5007
 ------------------------------------------------------------------------------

 NMR restraints: Bond =    0.000   Angle =     0.000   Torsion =     0.000
===============================================================================

| TI region  1


 NSTEP =    90000   TIME(PS) =      90.000  TEMP(K) =   143.49  PRESS =     0.0
 Etot   =    -84552.0962  EKtot   =      8915.8057  EPtot      =    -93467.9018
 BOND   =     12542.3693  ANGLE   =         0.0000  DIHED      =        -0.0000
 1-4 NB =         0.0000  1-4 EEL =         0.0000  VDWAALS    =     24694.4886
 EELEC  =   -130704.7597  EHBOND  =         0.0000  RESTRAINT  =         0.0000
 DV/DL  =         5.6152
 ------------------------------------------------------------------------------

  Softcore part of the system:       7 atoms,       TEMP(K)    =         130.74
 SC_Etot=        13.2499  SC_EKtot=         2.7280  SC_EPtot   =        10.5218
 SC_BOND=         1.0783  SC_ANGLE=         3.6950  SC_DIHED   =         5.2201
 SC_14NB=         0.5284  SC_14EEL=         0.0000  SC_VDW     =         0.0000
 SC_EEL =         0.0000
 SC_RES_DIST=     0.0000  SC_RES_ANG=       0.0000  SC_RES_TORS=         0.0000
 SC_EEL_DER=      0.0000  SC_VDW_DER=      -1.6757  SC_DERIV   =        -1.6757
 ------------------------------------------------------------------------------


| TI region  2


 NSTEP =    90000   TIME(PS) =      90.000  TEMP(K) =   143.50  PRESS =     0.0
 Etot   =    -84554.8242  EKtot   =      8913.0776  EPtot      =    -93467.9018
 BOND   =     12542.3693  ANGLE   =         0.0000  DIHED      =        -0.0000
 1-4 NB =         0.0000  1-4 EEL =         0.0000  VDWAALS    =     24694.4886
 EELEC  =   -130704.7597  EHBOND  =         0.0000  RESTRAINT  =         0.0000
 DV/DL  =         5.6152
 ------------------------------------------------------------------------------

 NMR restraints: Bond =    0.000   Angle =     0.000   Torsion =     0.000
===============================================================================

| TI region  1


 NSTEP =    95000   TIME(PS) =      95.000  TEMP(K) =   150.67  PRESS =     0.0
 Etot   =    -83659.5575  EKtot   =      9361.9395  EPtot      =    -93021.4970
 BOND   =     12695.0669  ANGLE   =        -0.0000  DIHED      =        -0.0000
 1-4 NB =         0.0000  1-4 EEL =         0.0000  VDWAALS    =     24686.4278
 EELEC  =   -130402.9917  EHBOND  =         0.0000  RESTRAINT  =         0.0000
 DV/DL  =         7.1884
 ------------------------------------------------------------------------------

  Softcore part of the system:       7 atoms,       TEMP(K)    =          97.15
 SC_Etot=        12.5395  SC_EKtot=         2.0271  SC_EPtot   =        10.5123
 SC_BOND=         1.6655  SC_ANGLE=         3.3579  SC_DIHED   =         5.2413
 SC_14NB=         0.2476  SC_14EEL=         0.0000  SC_VDW     =         0.0000
 SC_EEL =         0.0000
 SC_RES_DIST=     0.0000  SC_RES_ANG=       0.0000  SC_RES_TORS=         0.0000
 SC_EEL_DER=      0.0000  SC_VDW_DER=      -0.2266  SC_DERIV   =        -0.2266
 ------------------------------------------------------------------------------


| TI region  2


 NSTEP =    95000   TIME(PS) =      95.000  TEMP(K) =   150.69  PRESS =     0.0
 Etot   =    -83661.5847  EKtot   =      9359.9123  EPtot      =    -93021.4970
 BOND   =     12695.0669  ANGLE   =        -0.0000  DIHED      =        -0.0000
 1-4 NB =         0.0000  1-4 EEL =         0.0000  VDWAALS    =     24686.4278
 EELEC  =   -130402.9917  EHBOND  =         0.0000  RESTRAINT  =         0.0000
 DV/DL  =         7.1884
 ------------------------------------------------------------------------------

 NMR restraints: Bond =    0.000   Angle =     0.000   Torsion =     0.000
===============================================================================

| TI region  1


 NSTEP =   100000   TIME(PS) =     100.000  TEMP(K) =   156.96  PRESS =     0.0
 Etot   =    -82981.3652  EKtot   =      9752.7090  EPtot      =    -92734.0742
 BOND   =     12798.9866  ANGLE   =         0.0000  DIHED      =         0.0000
 1-4 NB =         0.0000  1-4 EEL =         0.0000  VDWAALS    =     24406.6603
 EELEC  =   -129939.7212  EHBOND  =         0.0000  RESTRAINT  =         0.0000
 DV/DL  =         6.9721
 ------------------------------------------------------------------------------

  Softcore part of the system:       7 atoms,       TEMP(K)    =         138.16
 SC_Etot=        13.4669  SC_EKtot=         2.8828  SC_EPtot   =        10.5841
 SC_BOND=         1.2958  SC_ANGLE=         3.8538  SC_DIHED   =         5.2612
 SC_14NB=         0.1733  SC_14EEL=         0.0000  SC_VDW     =         0.0000
 SC_EEL =         0.0000
 SC_RES_DIST=     0.0000  SC_RES_ANG=       0.0000  SC_RES_TORS=         0.0000
 SC_EEL_DER=      0.0000  SC_VDW_DER=      -0.2933  SC_DERIV   =        -0.2933
 ------------------------------------------------------------------------------


| TI region  2


 NSTEP =   100000   TIME(PS) =     100.000  TEMP(K) =   156.97  PRESS =     0.0
 Etot   =    -82984.2480  EKtot   =      9749.8262  EPtot      =    -92734.0742
 BOND   =     12798.9866  ANGLE   =         0.0000  DIHED      =         0.0000
 1-4 NB =         0.0000  1-4 EEL =         0.0000  VDWAALS    =     24406.6603
 EELEC  =   -129939.7212  EHBOND  =         0.0000  RESTRAINT  =         0.0000
 DV/DL  =         6.9721
 ------------------------------------------------------------------------------

 NMR restraints: Bond =    0.000   Angle =     0.000   Torsion =     0.000
===============================================================================

| TI region  1


 NSTEP =   105000   TIME(PS) =     105.000  TEMP(K) =   165.28  PRESS =     0.0
 Etot   =    -81970.4287  EKtot   =     10269.8857  EPtot      =    -92240.3145
 BOND   =     13179.8634  ANGLE   =        -0.0000  DIHED      =        -0.0000
 1-4 NB =         0.0000  1-4 EEL =         0.0000  VDWAALS    =     24578.5092
 EELEC  =   -129998.6871  EHBOND  =         0.0000  RESTRAINT  =         0.0000
 DV/DL  =         6.4959
 ------------------------------------------------------------------------------

  Softcore part of the system:       7 atoms,       TEMP(K)    =         103.80
 SC_Etot=        12.1329  SC_EKtot=         2.1658  SC_EPtot   =         9.9672
 SC_BOND=         1.0998  SC_ANGLE=         3.1764  SC_DIHED   =         5.3121
 SC_14NB=         0.3789  SC_14EEL=         0.0000  SC_VDW     =         0.0000
 SC_EEL =         0.0000
 SC_RES_DIST=     0.0000  SC_RES_ANG=       0.0000  SC_RES_TORS=         0.0000
 SC_EEL_DER=      0.0000  SC_VDW_DER=      -0.1298  SC_DERIV   =        -0.1298
 ------------------------------------------------------------------------------


| TI region  2


 NSTEP =   105000   TIME(PS) =     105.000  TEMP(K) =   165.31  PRESS =     0.0
 Etot   =    -81972.5945  EKtot   =     10267.7200  EPtot      =    -92240.3145
 BOND   =     13179.8634  ANGLE   =        -0.0000  DIHED      =        -0.0000
 1-4 NB =         0.0000  1-4 EEL =         0.0000  VDWAALS    =     24578.5092
 EELEC  =   -129998.6871  EHBOND  =         0.0000  RESTRAINT  =         0.0000
 DV/DL  =         6.4959
 ------------------------------------------------------------------------------

 NMR restraints: Bond =    0.000   Angle =     0.000   Torsion =     0.000
===============================================================================

| TI region  1


 NSTEP =   110000   TIME(PS) =     110.000  TEMP(K) =   173.32  PRESS =     0.0
 Etot   =    -80988.5790  EKtot   =     10769.3516  EPtot      =    -91757.9305
 BOND   =     13202.8847  ANGLE   =         0.0000  DIHED      =        -0.0000
 1-4 NB =         0.0000  1-4 EEL =         0.0000  VDWAALS    =     24410.0579
 EELEC  =   -129370.8732  EHBOND  =         0.0000  RESTRAINT  =         0.0000
 DV/DL  =         7.0180
 ------------------------------------------------------------------------------

  Softcore part of the system:       7 atoms,       TEMP(K)    =         320.58
 SC_Etot=        15.6360  SC_EKtot=         6.6891  SC_EPtot   =         8.9469
 SC_BOND=         0.1103  SC_ANGLE=         3.2228  SC_DIHED   =         5.2125
 SC_14NB=         0.4012  SC_14EEL=         0.0000  SC_VDW     =         0.0000
 SC_EEL =         0.0000
 SC_RES_DIST=     0.0000  SC_RES_ANG=       0.0000  SC_RES_TORS=         0.0000
 SC_EEL_DER=      0.0000  SC_VDW_DER=       0.0472  SC_DERIV   =         0.0472
 ------------------------------------------------------------------------------


| TI region  2


 NSTEP =   110000   TIME(PS) =     110.000  TEMP(K) =   173.27  PRESS =     0.0
 Etot   =    -80995.2681  EKtot   =     10762.6624  EPtot      =    -91757.9305
 BOND   =     13202.8847  ANGLE   =         0.0000  DIHED      =        -0.0000
 1-4 NB =         0.0000  1-4 EEL =         0.0000  VDWAALS    =     24410.0579
 EELEC  =   -129370.8732  EHBOND  =         0.0000  RESTRAINT  =         0.0000
 DV/DL  =         7.0180
 ------------------------------------------------------------------------------

 NMR restraints: Bond =    0.000   Angle =     0.000   Torsion =     0.000
===============================================================================

| TI region  1


 NSTEP =   115000   TIME(PS) =     115.000  TEMP(K) =   180.44  PRESS =     0.0
 Etot   =    -80198.4850  EKtot   =     11211.6836  EPtot      =    -91410.1686
 BOND   =     13369.1310  ANGLE   =         0.0000  DIHED      =         0.0000
 1-4 NB =         0.0000  1-4 EEL =         0.0000  VDWAALS    =     24535.8708
 EELEC  =   -129315.1703  EHBOND  =         0.0000  RESTRAINT  =         0.0000
 DV/DL  =         7.8337
 ------------------------------------------------------------------------------

  Softcore part of the system:       7 atoms,       TEMP(K)    =         278.80
 SC_Etot=        16.7905  SC_EKtot=         5.8172  SC_EPtot   =        10.9733
 SC_BOND=         1.1783  SC_ANGLE=         3.8477  SC_DIHED   =         5.2566
 SC_14NB=         0.6908  SC_14EEL=         0.0000  SC_VDW     =         0.0000
 SC_EEL =         0.0000
 SC_RES_DIST=     0.0000  SC_RES_ANG=       0.0000  SC_RES_TORS=         0.0000
 SC_EEL_DER=      0.0000  SC_VDW_DER=      -0.0050  SC_DERIV   =        -0.0050
 ------------------------------------------------------------------------------


| TI region  2


 NSTEP =   115000   TIME(PS) =     115.000  TEMP(K) =   180.41  PRESS =     0.0
 Etot   =    -80204.3022  EKtot   =     11205.8664  EPtot      =    -91410.1686
 BOND   =     13369.1310  ANGLE   =         0.0000  DIHED      =         0.0000
 1-4 NB =         0.0000  1-4 EEL =         0.0000  VDWAALS    =     24535.8708
 EELEC  =   -129315.1703  EHBOND  =         0.0000  RESTRAINT  =         0.0000
 DV/DL  =         7.8337
 ------------------------------------------------------------------------------

 NMR restraints: Bond =    0.000   Angle =     0.000   Torsion =     0.000
===============================================================================

| TI region  1


 NSTEP =   120000   TIME(PS) =     120.000  TEMP(K) =   186.36  PRESS =     0.0
 Etot   =    -79113.8314  EKtot   =     11579.3955  EPtot      =    -90693.2269
 BOND   =     13508.6271  ANGLE   =         0.0000  DIHED      =        -0.0000
 1-4 NB =         0.0000  1-4 EEL =         0.0000  VDWAALS    =     24632.6386
 EELEC  =   -128834.4925  EHBOND  =         0.0000  RESTRAINT  =         0.0000
 DV/DL  =         6.6542
 ------------------------------------------------------------------------------

  Softcore part of the system:       7 atoms,       TEMP(K)    =         187.51
 SC_Etot=        14.8113  SC_EKtot=         3.9124  SC_EPtot   =        10.8989
 SC_BOND=         1.1382  SC_ANGLE=         3.9989  SC_DIHED   =         5.2546
 SC_14NB=         0.5072  SC_14EEL=         0.0000  SC_VDW     =         0.0000
 SC_EEL =         0.0000
 SC_RES_DIST=     0.0000  SC_RES_ANG=       0.0000  SC_RES_TORS=         0.0000
 SC_EEL_DER=      0.0000  SC_VDW_DER=      -0.4310  SC_DERIV   =        -0.4310
 ------------------------------------------------------------------------------


| TI region  2


 NSTEP =   120000   TIME(PS) =     120.000  TEMP(K) =   186.36  PRESS =     0.0
 Etot   =    -79117.7438  EKtot   =     11575.4831  EPtot      =    -90693.2269
 BOND   =     13508.6271  ANGLE   =         0.0000  DIHED      =        -0.0000
 1-4 NB =         0.0000  1-4 EEL =         0.0000  VDWAALS    =     24632.6386
 EELEC  =   -128834.4925  EHBOND  =         0.0000  RESTRAINT  =         0.0000
 DV/DL  =         6.6542
 ------------------------------------------------------------------------------

 NMR restraints: Bond =    0.000   Angle =     0.000   Torsion =     0.000
===============================================================================

| TI region  1


 NSTEP =   125000   TIME(PS) =     125.000  TEMP(K) =   197.72  PRESS =     0.0
 Etot   =    -78187.9917  EKtot   =     12285.3438  EPtot      =    -90473.3355
 BOND   =     13488.3573  ANGLE   =         0.0000  DIHED      =        -0.0000
 1-4 NB =         0.0000  1-4 EEL =         0.0000  VDWAALS    =     24323.1755
 EELEC  =   -128284.8683  EHBOND  =         0.0000  RESTRAINT  =         0.0000
 DV/DL  =         7.1081
 ------------------------------------------------------------------------------

  Softcore part of the system:       7 atoms,       TEMP(K)    =         130.96
 SC_Etot=        12.9396  SC_EKtot=         2.7325  SC_EPtot   =        10.2072
 SC_BOND=         1.2338  SC_ANGLE=         3.3381  SC_DIHED   =         5.2177
 SC_14NB=         0.4176  SC_14EEL=         0.0000  SC_VDW     =         0.0000
 SC_EEL =         0.0000
 SC_RES_DIST=     0.0000  SC_RES_ANG=       0.0000  SC_RES_TORS=         0.0000
 SC_EEL_DER=      0.0000  SC_VDW_DER=       0.1097  SC_DERIV   =         0.1097
 ------------------------------------------------------------------------------


| TI region  2


 NSTEP =   125000   TIME(PS) =     125.000  TEMP(K) =   197.74  PRESS =     0.0
 Etot   =    -78190.7242  EKtot   =     12282.6113  EPtot      =    -90473.3355
 BOND   =     13488.3573  ANGLE   =         0.0000  DIHED      =        -0.0000
 1-4 NB =         0.0000  1-4 EEL =         0.0000  VDWAALS    =     24323.1755
 EELEC  =   -128284.8683  EHBOND  =         0.0000  RESTRAINT  =         0.0000
 DV/DL  =         7.1081
 ------------------------------------------------------------------------------

 NMR restraints: Bond =    0.000   Angle =     0.000   Torsion =     0.000
===============================================================================

| TI region  1


 NSTEP =   130000   TIME(PS) =     130.000  TEMP(K) =   203.52  PRESS =     0.0
 Etot   =    -76992.3812  EKtot   =     12645.3066  EPtot      =    -89637.6878
 BOND   =     13692.2149  ANGLE   =        -0.0000  DIHED      =         0.0000
 1-4 NB =         0.0000  1-4 EEL =         0.0000  VDWAALS    =     23995.6630
 EELEC  =   -127325.5657  EHBOND  =         0.0000  RESTRAINT  =         0.0000
 DV/DL  =         6.0979
 ------------------------------------------------------------------------------

  Softcore part of the system:       7 atoms,       TEMP(K)    =         232.95
 SC_Etot=        17.0274  SC_EKtot=         4.8606  SC_EPtot   =        12.1668
 SC_BOND=         1.7538  SC_ANGLE=         4.7806  SC_DIHED   =         5.2023
 SC_14NB=         0.4301  SC_14EEL=         0.0000  SC_VDW     =         0.0000
 SC_EEL =         0.0000
 SC_RES_DIST=     0.0000  SC_RES_ANG=       0.0000  SC_RES_TORS=         0.0000
 SC_EEL_DER=     -0.0000  SC_VDW_DER=      -0.5578  SC_DERIV   =        -0.5578
 ------------------------------------------------------------------------------


| TI region  2


 NSTEP =   130000   TIME(PS) =     130.000  TEMP(K) =   203.51  PRESS =     0.0
 Etot   =    -76997.2418  EKtot   =     12640.4461  EPtot      =    -89637.6878
 BOND   =     13692.2149  ANGLE   =        -0.0000  DIHED      =         0.0000
 1-4 NB =         0.0000  1-4 EEL =         0.0000  VDWAALS    =     23995.6630
 EELEC  =   -127325.5657  EHBOND  =         0.0000  RESTRAINT  =         0.0000
 DV/DL  =         6.0979
 ------------------------------------------------------------------------------

 NMR restraints: Bond =    0.000   Angle =     0.000   Torsion =     0.000
===============================================================================

| TI region  1


 NSTEP =   135000   TIME(PS) =     135.000  TEMP(K) =   210.42  PRESS =     0.0
 Etot   =    -76208.3978  EKtot   =     13074.4297  EPtot      =    -89282.8274
 BOND   =     13826.5378  ANGLE   =         0.0000  DIHED      =        -0.0000
 1-4 NB =         0.0000  1-4 EEL =         0.0000  VDWAALS    =     23910.0733
 EELEC  =   -127019.4385  EHBOND  =         0.0000  RESTRAINT  =         0.0000
 DV/DL  =         5.0668
 ------------------------------------------------------------------------------

  Softcore part of the system:       7 atoms,       TEMP(K)    =         254.84
 SC_Etot=        15.6135  SC_EKtot=         5.3173  SC_EPtot   =        10.2962
 SC_BOND=         1.2551  SC_ANGLE=         3.5942  SC_DIHED   =         5.2127
 SC_14NB=         0.2341  SC_14EEL=         0.0000  SC_VDW     =         0.0000
 SC_EEL =         0.0000
 SC_RES_DIST=     0.0000  SC_RES_ANG=       0.0000  SC_RES_TORS=         0.0000
 SC_EEL_DER=      0.0000  SC_VDW_DER=      -1.2019  SC_DERIV   =        -1.2019
 ------------------------------------------------------------------------------


| TI region  2


 NSTEP =   135000   TIME(PS) =     135.000  TEMP(K) =   210.41  PRESS =     0.0
 Etot   =    -76213.7151  EKtot   =     13069.1124  EPtot      =    -89282.8274
 BOND   =     13826.5378  ANGLE   =         0.0000  DIHED      =        -0.0000
 1-4 NB =         0.0000  1-4 EEL =         0.0000  VDWAALS    =     23910.0733
 EELEC  =   -127019.4385  EHBOND  =         0.0000  RESTRAINT  =         0.0000
 DV/DL  =         5.0668
 ------------------------------------------------------------------------------

 NMR restraints: Bond =    0.000   Angle =     0.000   Torsion =     0.000
===============================================================================

| TI region  1


 NSTEP =   140000   TIME(PS) =     140.000  TEMP(K) =   221.99  PRESS =     0.0
 Etot   =    -74653.2200  EKtot   =     13793.4590  EPtot      =    -88446.6790
 BOND   =     14149.1232  ANGLE   =         0.0000  DIHED      =        -0.0000
 1-4 NB =         0.0000  1-4 EEL =         0.0000  VDWAALS    =     23595.8616
 EELEC  =   -126191.6639  EHBOND  =         0.0000  RESTRAINT  =         0.0000
 DV/DL  =         7.0030
 ------------------------------------------------------------------------------

  Softcore part of the system:       7 atoms,       TEMP(K)    =         372.25
 SC_Etot=        18.7492  SC_EKtot=         7.7672  SC_EPtot   =        10.9821
 SC_BOND=         1.0770  SC_ANGLE=         4.4560  SC_DIHED   =         5.2592
 SC_14NB=         0.1898  SC_14EEL=         0.0000  SC_VDW     =         0.0000
 SC_EEL =         0.0000
 SC_RES_DIST=     0.0000  SC_RES_ANG=       0.0000  SC_RES_TORS=         0.0000
 SC_EEL_DER=      0.0000  SC_VDW_DER=      -0.5267  SC_DERIV   =        -0.5267
 ------------------------------------------------------------------------------


| TI region  2


 NSTEP =   140000   TIME(PS) =     140.000  TEMP(K) =   221.94  PRESS =     0.0
 Etot   =    -74660.9872  EKtot   =     13785.6918  EPtot      =    -88446.6790
 BOND   =     14149.1232  ANGLE   =         0.0000  DIHED      =        -0.0000
 1-4 NB =         0.0000  1-4 EEL =         0.0000  VDWAALS    =     23595.8616
 EELEC  =   -126191.6639  EHBOND  =         0.0000  RESTRAINT  =         0.0000
 DV/DL  =         7.0030
 ------------------------------------------------------------------------------

 NMR restraints: Bond =    0.000   Angle =     0.000   Torsion =     0.000
===============================================================================

| TI region  1


 NSTEP =   145000   TIME(PS) =     145.000  TEMP(K) =   228.86  PRESS =     0.0
 Etot   =    -73722.0459  EKtot   =     14219.9512  EPtot      =    -87941.9971
 BOND   =     14333.4174  ANGLE   =         0.0000  DIHED      =        -0.0000
 1-4 NB =         0.0000  1-4 EEL =         0.0000  VDWAALS    =     23471.2535
 EELEC  =   -125746.6679  EHBOND  =         0.0000  RESTRAINT  =         0.0000
 DV/DL  =         7.6925
 ------------------------------------------------------------------------------

  Softcore part of the system:       7 atoms,       TEMP(K)    =         164.18
 SC_Etot=        16.0481  SC_EKtot=         3.4256  SC_EPtot   =        12.6225
 SC_BOND=         2.0577  SC_ANGLE=         5.0860  SC_DIHED   =         5.2219
 SC_14NB=         0.2569  SC_14EEL=         0.0000  SC_VDW     =         0.0000
 SC_EEL =         0.0000
 SC_RES_DIST=     0.0000  SC_RES_ANG=       0.0000  SC_RES_TORS=         0.0000
 SC_EEL_DER=      0.0000  SC_VDW_DER=       0.1180  SC_DERIV   =         0.1180
 ------------------------------------------------------------------------------


| TI region  2


 NSTEP =   145000   TIME(PS) =     145.000  TEMP(K) =   228.88  PRESS =     0.0
 Etot   =    -73725.4715  EKtot   =     14216.5256  EPtot      =    -87941.9971
 BOND   =     14333.4174  ANGLE   =         0.0000  DIHED      =        -0.0000
 1-4 NB =         0.0000  1-4 EEL =         0.0000  VDWAALS    =     23471.2535
 EELEC  =   -125746.6679  EHBOND  =         0.0000  RESTRAINT  =         0.0000
 DV/DL  =         7.6925
 ------------------------------------------------------------------------------

 NMR restraints: Bond =    0.000   Angle =     0.000   Torsion =     0.000
===============================================================================

| TI region  1


 NSTEP =   150000   TIME(PS) =     150.000  TEMP(K) =   236.61  PRESS =     0.0
 Etot   =    -72783.0566  EKtot   =     14701.7705  EPtot      =    -87484.8271
 BOND   =     14273.9752  ANGLE   =        -0.0000  DIHED      =        -0.0000
 1-4 NB =         0.0000  1-4 EEL =         0.0000  VDWAALS    =     23215.2134
 EELEC  =   -124974.0156  EHBOND  =         0.0000  RESTRAINT  =         0.0000
 DV/DL  =         6.2021
 ------------------------------------------------------------------------------

  Softcore part of the system:       7 atoms,       TEMP(K)    =         267.78
 SC_Etot=        17.5059  SC_EKtot=         5.5873  SC_EPtot   =        11.9186
 SC_BOND=         0.7206  SC_ANGLE=         5.2696  SC_DIHED   =         5.2848
 SC_14NB=         0.6436  SC_14EEL=         0.0000  SC_VDW     =         0.0000
 SC_EEL =         0.0000
 SC_RES_DIST=     0.0000  SC_RES_ANG=       0.0000  SC_RES_TORS=         0.0000
 SC_EEL_DER=      0.0000  SC_VDW_DER=      -1.4815  SC_DERIV   =        -1.4815
 ------------------------------------------------------------------------------


| TI region  2


 NSTEP =   150000   TIME(PS) =     150.000  TEMP(K) =   236.60  PRESS =     0.0
 Etot   =    -72788.6439  EKtot   =     14696.1832  EPtot      =    -87484.8271
 BOND   =     14273.9752  ANGLE   =        -0.0000  DIHED      =        -0.0000
 1-4 NB =         0.0000  1-4 EEL =         0.0000  VDWAALS    =     23215.2134
 EELEC  =   -124974.0156  EHBOND  =         0.0000  RESTRAINT  =         0.0000
 DV/DL  =         6.2021
 ------------------------------------------------------------------------------

 NMR restraints: Bond =    0.000   Angle =     0.000   Torsion =     0.000
===============================================================================

| TI region  1


 NSTEP =   155000   TIME(PS) =     155.000  TEMP(K) =   243.98  PRESS =     0.0
 Etot   =    -71457.5541  EKtot   =     15159.6592  EPtot      =    -86617.2133
 BOND   =     14357.4345  ANGLE   =        -0.0000  DIHED      =        -0.0000
 1-4 NB =         0.0000  1-4 EEL =         0.0000  VDWAALS    =     23009.2341
 EELEC  =   -123983.8820  EHBOND  =         0.0000  RESTRAINT  =         0.0000
 DV/DL  =         0.7748
 ------------------------------------------------------------------------------

  Softcore part of the system:       7 atoms,       TEMP(K)    =         202.57
 SC_Etot=        16.7100  SC_EKtot=         4.2268  SC_EPtot   =        12.4832
 SC_BOND=         2.7643  SC_ANGLE=         3.9870  SC_DIHED   =         5.2825
 SC_14NB=         0.4494  SC_14EEL=         0.0000  SC_VDW     =         0.0000
 SC_EEL =         0.0000
 SC_RES_DIST=     0.0000  SC_RES_ANG=       0.0000  SC_RES_TORS=         0.0000
 SC_EEL_DER=     -0.0000  SC_VDW_DER=      -5.5558  SC_DERIV   =        -5.5558
 ------------------------------------------------------------------------------


| TI region  2


 NSTEP =   155000   TIME(PS) =     155.000  TEMP(K) =   244.00  PRESS =     0.0
 Etot   =    -71461.7809  EKtot   =     15155.4324  EPtot      =    -86617.2133
 BOND   =     14357.4345  ANGLE   =        -0.0000  DIHED      =        -0.0000
 1-4 NB =         0.0000  1-4 EEL =         0.0000  VDWAALS    =     23009.2341
 EELEC  =   -123983.8820  EHBOND  =         0.0000  RESTRAINT  =         0.0000
 DV/DL  =         0.7748
 ------------------------------------------------------------------------------

 NMR restraints: Bond =    0.000   Angle =     0.000   Torsion =     0.000
===============================================================================

| TI region  1


 NSTEP =   160000   TIME(PS) =     160.000  TEMP(K) =   252.22  PRESS =     0.0
 Etot   =    -70400.0659  EKtot   =     15671.4355  EPtot      =    -86071.5015
 BOND   =     14502.7884  ANGLE   =        -0.0000  DIHED      =        -0.0000
 1-4 NB =         0.0000  1-4 EEL =         0.0000  VDWAALS    =     22881.2965
 EELEC  =   -123455.5863  EHBOND  =         0.0000  RESTRAINT  =         0.0000
 DV/DL  =         7.8748
 ------------------------------------------------------------------------------

  Softcore part of the system:       7 atoms,       TEMP(K)    =         171.21
 SC_Etot=        16.8565  SC_EKtot=         3.5725  SC_EPtot   =        13.2841
 SC_BOND=         3.8994  SC_ANGLE=         3.5223  SC_DIHED   =         5.2172
 SC_14NB=         0.6451  SC_14EEL=         0.0000  SC_VDW     =         0.0000
 SC_EEL =         0.0000
 SC_RES_DIST=     0.0000  SC_RES_ANG=       0.0000  SC_RES_TORS=         0.0000
 SC_EEL_DER=     -0.0000  SC_VDW_DER=      -0.9181  SC_DERIV   =        -0.9181
 ------------------------------------------------------------------------------


| TI region  2


 NSTEP =   160000   TIME(PS) =     160.000  TEMP(K) =   252.25  PRESS =     0.0
 Etot   =    -70403.6384  EKtot   =     15667.8631  EPtot      =    -86071.5015
 BOND   =     14502.7884  ANGLE   =        -0.0000  DIHED      =        -0.0000
 1-4 NB =         0.0000  1-4 EEL =         0.0000  VDWAALS    =     22881.2965
 EELEC  =   -123455.5863  EHBOND  =         0.0000  RESTRAINT  =         0.0000
 DV/DL  =         7.8748
 ------------------------------------------------------------------------------

 NMR restraints: Bond =    0.000   Angle =     0.000   Torsion =     0.000
===============================================================================

| TI region  1


 NSTEP =   165000   TIME(PS) =     165.000  TEMP(K) =   260.87  PRESS =     0.0
 Etot   =    -69132.0531  EKtot   =     16208.8486  EPtot      =    -85340.9017
 BOND   =     14693.9402  ANGLE   =        -0.0000  DIHED      =        -0.0000
 1-4 NB =         0.0000  1-4 EEL =         0.0000  VDWAALS    =     22536.2006
 EELEC  =   -122571.0425  EHBOND  =         0.0000  RESTRAINT  =         0.0000
 DV/DL  =         7.5020
 ------------------------------------------------------------------------------

  Softcore part of the system:       7 atoms,       TEMP(K)    =         200.05
 SC_Etot=        18.0655  SC_EKtot=         4.1742  SC_EPtot   =        13.8913
 SC_BOND=         1.6537  SC_ANGLE=         6.2550  SC_DIHED   =         5.3443
 SC_14NB=         0.6384  SC_14EEL=         0.0000  SC_VDW     =         0.0000
 SC_EEL =         0.0000
 SC_RES_DIST=     0.0000  SC_RES_ANG=       0.0000  SC_RES_TORS=         0.0000
 SC_EEL_DER=      0.0000  SC_VDW_DER=      -1.0562  SC_DERIV   =        -1.0562
 ------------------------------------------------------------------------------


| TI region  2


 NSTEP =   165000   TIME(PS) =     165.000  TEMP(K) =   260.89  PRESS =     0.0
 Etot   =    -69136.2273  EKtot   =     16204.6744  EPtot      =    -85340.9017
 BOND   =     14693.9402  ANGLE   =        -0.0000  DIHED      =        -0.0000
 1-4 NB =         0.0000  1-4 EEL =         0.0000  VDWAALS    =     22536.2006
 EELEC  =   -122571.0425  EHBOND  =         0.0000  RESTRAINT  =         0.0000
 DV/DL  =         7.5020
 ------------------------------------------------------------------------------

 NMR restraints: Bond =    0.000   Angle =     0.000   Torsion =     0.000
===============================================================================

| TI region  1


 NSTEP =   170000   TIME(PS) =     170.000  TEMP(K) =   267.62  PRESS =     0.0
 Etot   =    -68101.8897  EKtot   =     16628.7012  EPtot      =    -84730.5909
 BOND   =     15174.8726  ANGLE   =         0.0000  DIHED      =        -0.0000
 1-4 NB =         0.0000  1-4 EEL =         0.0000  VDWAALS    =     22626.4705
 EELEC  =   -122531.9340  EHBOND  =         0.0000  RESTRAINT  =         0.0000
 DV/DL  =         7.8284
 ------------------------------------------------------------------------------

  Softcore part of the system:       7 atoms,       TEMP(K)    =         311.61
 SC_Etot=        17.1723  SC_EKtot=         6.5020  SC_EPtot   =        10.6704
 SC_BOND=         1.7499  SC_ANGLE=         3.2527  SC_DIHED   =         5.2209
 SC_14NB=         0.4468  SC_14EEL=         0.0000  SC_VDW     =         0.0000
 SC_EEL =         0.0000
 SC_RES_DIST=     0.0000  SC_RES_ANG=       0.0000  SC_RES_TORS=         0.0000
 SC_EEL_DER=      0.0000  SC_VDW_DER=      -1.6077  SC_DERIV   =        -1.6077
 ------------------------------------------------------------------------------


| TI region  2


 NSTEP =   170000   TIME(PS) =     170.000  TEMP(K) =   267.61  PRESS =     0.0
 Etot   =    -68108.3917  EKtot   =     16622.1992  EPtot      =    -84730.5909
 BOND   =     15174.8726  ANGLE   =         0.0000  DIHED      =        -0.0000
 1-4 NB =         0.0000  1-4 EEL =         0.0000  VDWAALS    =     22626.4705
 EELEC  =   -122531.9340  EHBOND  =         0.0000  RESTRAINT  =         0.0000
 DV/DL  =         7.8284
 ------------------------------------------------------------------------------

 NMR restraints: Bond =    0.000   Angle =     0.000   Torsion =     0.000
===============================================================================

| TI region  1


 NSTEP =   175000   TIME(PS) =     175.000  TEMP(K) =   273.65  PRESS =     0.0
 Etot   =    -66776.7201  EKtot   =     17003.2402  EPtot      =    -83779.9603
 BOND   =     14883.9041  ANGLE   =         0.0000  DIHED      =        -0.0000
 1-4 NB =         0.0000  1-4 EEL =         0.0000  VDWAALS    =     21974.4519
 EELEC  =   -120638.3163  EHBOND  =         0.0000  RESTRAINT  =         0.0000
 DV/DL  =        -7.1913
 ------------------------------------------------------------------------------

  Softcore part of the system:       7 atoms,       TEMP(K)    =         183.19
 SC_Etot=        18.2660  SC_EKtot=         3.8224  SC_EPtot   =        14.4436
 SC_BOND=         1.6100  SC_ANGLE=         7.2439  SC_DIHED   =         5.2458
 SC_14NB=         0.3440  SC_14EEL=         0.0000  SC_VDW     =         0.0000
 SC_EEL =         0.0000
 SC_RES_DIST=     0.0000  SC_RES_ANG=       0.0000  SC_RES_TORS=         0.0000
 SC_EEL_DER=      0.0000  SC_VDW_DER=     -12.3934  SC_DERIV   =       -12.3934
 ------------------------------------------------------------------------------


| TI region  2


 NSTEP =   175000   TIME(PS) =     175.000  TEMP(K) =   273.68  PRESS =     0.0
 Etot   =    -66780.5425  EKtot   =     16999.4178  EPtot      =    -83779.9603
 BOND   =     14883.9041  ANGLE   =         0.0000  DIHED      =        -0.0000
 1-4 NB =         0.0000  1-4 EEL =         0.0000  VDWAALS    =     21974.4519
 EELEC  =   -120638.3163  EHBOND  =         0.0000  RESTRAINT  =         0.0000
 DV/DL  =        -7.1913
 ------------------------------------------------------------------------------

 NMR restraints: Bond =    0.000   Angle =     0.000   Torsion =     0.000
===============================================================================

| TI region  1


 NSTEP =   180000   TIME(PS) =     180.000  TEMP(K) =   284.33  PRESS =     0.0
 Etot   =    -64872.5816  EKtot   =     17666.8301  EPtot      =    -82539.4116
 BOND   =     14790.9511  ANGLE   =        -0.0000  DIHED      =        -0.0000
 1-4 NB =         0.0000  1-4 EEL =         0.0000  VDWAALS    =     21541.5019
 EELEC  =   -118871.8646  EHBOND  =         0.0000  RESTRAINT  =         0.0000
 DV/DL  =         6.0535
 ------------------------------------------------------------------------------

  Softcore part of the system:       7 atoms,       TEMP(K)    =         206.18
 SC_Etot=        16.1883  SC_EKtot=         4.3021  SC_EPtot   =        11.8862
 SC_BOND=         1.1764  SC_ANGLE=         4.7571  SC_DIHED   =         5.3333
 SC_14NB=         0.6195  SC_14EEL=         0.0000  SC_VDW     =         0.0000
 SC_EEL =         0.0000
 SC_RES_DIST=     0.0000  SC_RES_ANG=       0.0000  SC_RES_TORS=         0.0000
 SC_EEL_DER=      0.0000  SC_VDW_DER=      -2.5712  SC_DERIV   =        -2.5712
 ------------------------------------------------------------------------------


| TI region  2


 NSTEP =   180000   TIME(PS) =     180.000  TEMP(K) =   284.36  PRESS =     0.0
 Etot   =    -64876.8836  EKtot   =     17662.5280  EPtot      =    -82539.4116
 BOND   =     14790.9511  ANGLE   =        -0.0000  DIHED      =        -0.0000
 1-4 NB =         0.0000  1-4 EEL =         0.0000  VDWAALS    =     21541.5019
 EELEC  =   -118871.8646  EHBOND  =         0.0000  RESTRAINT  =         0.0000
 DV/DL  =         6.0535
 ------------------------------------------------------------------------------

 NMR restraints: Bond =    0.000   Angle =     0.000   Torsion =     0.000
===============================================================================

| TI region  1


 NSTEP =   185000   TIME(PS) =     185.000  TEMP(K) =   290.43  PRESS =     0.0
 Etot   =    -63421.3909  EKtot   =     18045.6602  EPtot      =    -81467.0510
 BOND   =     15103.2536  ANGLE   =         0.0000  DIHED      =         0.0000
 1-4 NB =         0.0000  1-4 EEL =         0.0000  VDWAALS    =     21004.1637
 EELEC  =   -117574.4683  EHBOND  =         0.0000  RESTRAINT  =         0.0000
 DV/DL  =         3.0551
 ------------------------------------------------------------------------------

  Softcore part of the system:       7 atoms,       TEMP(K)    =         299.54
 SC_Etot=        17.4240  SC_EKtot=         6.2501  SC_EPtot   =        11.1739
 SC_BOND=         1.1221  SC_ANGLE=         4.5204  SC_DIHED   =         5.2757
 SC_14NB=         0.2557  SC_14EEL=         0.0000  SC_VDW     =         0.0000
 SC_EEL =         0.0000
 SC_RES_DIST=     0.0000  SC_RES_ANG=       0.0000  SC_RES_TORS=         0.0000
 SC_EEL_DER=      0.0000  SC_VDW_DER=      -4.7437  SC_DERIV   =        -4.7437
 ------------------------------------------------------------------------------


| TI region  2


 NSTEP =   185000   TIME(PS) =     185.000  TEMP(K) =   290.43  PRESS =     0.0
 Etot   =    -63427.6409  EKtot   =     18039.4101  EPtot      =    -81467.0510
 BOND   =     15103.2536  ANGLE   =         0.0000  DIHED      =         0.0000
 1-4 NB =         0.0000  1-4 EEL =         0.0000  VDWAALS    =     21004.1637
 EELEC  =   -117574.4683  EHBOND  =         0.0000  RESTRAINT  =         0.0000
 DV/DL  =         3.0551
 ------------------------------------------------------------------------------

 NMR restraints: Bond =    0.000   Angle =     0.000   Torsion =     0.000
===============================================================================

| TI region  1


 NSTEP =   190000   TIME(PS) =     190.000  TEMP(K) =   300.47  PRESS =     0.0
 Etot   =    -61989.2557  EKtot   =     18669.2598  EPtot      =    -80658.5155
 BOND   =     15211.5578  ANGLE   =        -0.0000  DIHED      =        -0.0000
 1-4 NB =         0.0000  1-4 EEL =         0.0000  VDWAALS    =     20855.6737
 EELEC  =   -116725.7470  EHBOND  =         0.0000  RESTRAINT  =         0.0000
 DV/DL  =         6.0073
 ------------------------------------------------------------------------------

  Softcore part of the system:       7 atoms,       TEMP(K)    =         312.54
 SC_Etot=        17.3330  SC_EKtot=         6.5212  SC_EPtot   =        10.8118
 SC_BOND=         1.1912  SC_ANGLE=         3.8375  SC_DIHED   =         5.2628
 SC_14NB=         0.5203  SC_14EEL=         0.0000  SC_VDW     =         0.0000
 SC_EEL =         0.0000
 SC_RES_DIST=     0.0000  SC_RES_ANG=       0.0000  SC_RES_TORS=         0.0000
 SC_EEL_DER=      0.0000  SC_VDW_DER=      -2.8188  SC_DERIV   =        -2.8188
 ------------------------------------------------------------------------------


| TI region  2


 NSTEP =   190000   TIME(PS) =     190.000  TEMP(K) =   300.46  PRESS =     0.0
 Etot   =    -61995.7769  EKtot   =     18662.7385  EPtot      =    -80658.5155
 BOND   =     15211.5578  ANGLE   =        -0.0000  DIHED      =        -0.0000
 1-4 NB =         0.0000  1-4 EEL =         0.0000  VDWAALS    =     20855.6737
 EELEC  =   -116725.7470  EHBOND  =         0.0000  RESTRAINT  =         0.0000
 DV/DL  =         6.0073
 ------------------------------------------------------------------------------

 NMR restraints: Bond =    0.000   Angle =     0.000   Torsion =     0.000
===============================================================================

| TI region  1


 NSTEP =   195000   TIME(PS) =     195.000  TEMP(K) =   299.80  PRESS =     0.0
 Etot   =    -61061.8420  EKtot   =     18627.6309  EPtot      =    -79689.4729
 BOND   =     14999.8018  ANGLE   =        -0.0000  DIHED      =        -0.0000
 1-4 NB =         0.0000  1-4 EEL =         0.0000  VDWAALS    =     19986.9011
 EELEC  =   -114676.1758  EHBOND  =         0.0000  RESTRAINT  =         0.0000
 DV/DL  =         5.8978
 ------------------------------------------------------------------------------

  Softcore part of the system:       7 atoms,       TEMP(K)    =         266.51
 SC_Etot=        18.0324  SC_EKtot=         5.5608  SC_EPtot   =        12.4716
 SC_BOND=         1.5571  SC_ANGLE=         5.2664  SC_DIHED   =         5.2120
 SC_14NB=         0.4361  SC_14EEL=         0.0000  SC_VDW     =         0.0000
 SC_EEL =         0.0000
 SC_RES_DIST=     0.0000  SC_RES_ANG=       0.0000  SC_RES_TORS=         0.0000
 SC_EEL_DER=      0.0000  SC_VDW_DER=      -2.7742  SC_DERIV   =        -2.7742
 ------------------------------------------------------------------------------


| TI region  2


 NSTEP =   195000   TIME(PS) =     195.000  TEMP(K) =   299.81  PRESS =     0.0
 Etot   =    -61067.4028  EKtot   =     18622.0701  EPtot      =    -79689.4729
 BOND   =     14999.8018  ANGLE   =        -0.0000  DIHED      =        -0.0000
 1-4 NB =         0.0000  1-4 EEL =         0.0000  VDWAALS    =     19986.9011
 EELEC  =   -114676.1758  EHBOND  =         0.0000  RESTRAINT  =         0.0000
 DV/DL  =         5.8978
 ------------------------------------------------------------------------------

 NMR restraints: Bond =    0.000   Angle =     0.000   Torsion =     0.000
===============================================================================

| TI region  1


 NSTEP =   200000   TIME(PS) =     200.000  TEMP(K) =   300.86  PRESS =     0.0
 Etot   =    -61207.4408  EKtot   =     18693.8301  EPtot      =    -79901.2708
 BOND   =     15111.4197  ANGLE   =         0.0000  DIHED      =        -0.0000
 1-4 NB =         0.0000  1-4 EEL =         0.0000  VDWAALS    =     20229.2509
 EELEC  =   -115241.9414  EHBOND  =         0.0000  RESTRAINT  =         0.0000
 DV/DL  =         4.7184
 ------------------------------------------------------------------------------

  Softcore part of the system:       7 atoms,       TEMP(K)    =         256.52
 SC_Etot=        17.3309  SC_EKtot=         5.3524  SC_EPtot   =        11.9785
 SC_BOND=         2.2672  SC_ANGLE=         4.2469  SC_DIHED   =         5.2164
 SC_14NB=         0.2480  SC_14EEL=         0.0000  SC_VDW     =         0.0000
 SC_EEL =         0.0000
 SC_RES_DIST=     0.0000  SC_RES_ANG=       0.0000  SC_RES_TORS=         0.0000
 SC_EEL_DER=     -0.0000  SC_VDW_DER=      -3.6778  SC_DERIV   =        -3.6778
 ------------------------------------------------------------------------------


| TI region  2


 NSTEP =   200000   TIME(PS) =     200.000  TEMP(K) =   300.88  PRESS =     0.0
 Etot   =    -61212.7932  EKtot   =     18688.4777  EPtot      =    -79901.2708
 BOND   =     15111.4197  ANGLE   =         0.0000  DIHED      =        -0.0000
 1-4 NB =         0.0000  1-4 EEL =         0.0000  VDWAALS    =     20229.2509
 EELEC  =   -115241.9414  EHBOND  =         0.0000  RESTRAINT  =         0.0000
 DV/DL  =         4.7184
 ------------------------------------------------------------------------------

 NMR restraints: Bond =    0.000   Angle =     0.000   Torsion =     0.000
===============================================================================

| TI region  1


      A V E R A G E S   O V E R      40 S T E P S


 NSTEP =   200000   TIME(PS) =     200.000  TEMP(K) =   160.71  PRESS =     0.0
 Etot   =    -81552.2121  EKtot   =      9985.5685  EPtot      =    -91537.7806
 BOND   =     12774.3517  ANGLE   =        -0.0000  DIHED      =        -0.0000
 1-4 NB =         0.0000  1-4 EEL =         0.0000  VDWAALS    =     24043.2746
 EELEC  =   -128355.4069  EHBOND  =         0.0000  RESTRAINT  =         0.0000
 DV/DL  =         6.2464
 ------------------------------------------------------------------------------

 NMR restraints: Bond =    0.000   Angle =     0.000   Torsion =     0.000
===============================================================================
  Softcore part of the system:       7 atoms,       TEMP(K)    =         160.42
 SC_Etot=        13.9138  SC_EKtot=         3.3472  SC_EPtot   =        10.5666
 SC_BOND=         1.0420  SC_ANGLE=         3.9035  SC_DIHED   =         5.2418
 SC_14NB=         0.3793  SC_14EEL=         0.0000  SC_VDW     =         0.0000
 SC_EEL =         0.0000
 SC_RES_DIST=     0.0000  SC_RES_ANG=       0.0000  SC_RES_TORS=         0.0000
 SC_EEL_DER=      0.0000  SC_VDW_DER=      -1.3329  SC_DERIV   =        -1.3329
 ------------------------------------------------------------------------------


      R M S  F L U C T U A T I O N S


 NSTEP =   200000   TIME(PS) =     200.000  TEMP(K) =    90.24  PRESS =     0.0
 Etot   =     11557.1202  EKtot   =      5606.7665  EPtot      =      5992.5942
 BOND   =      1738.6518  ANGLE   =         0.0000  DIHED      =         0.0000
 1-4 NB =         0.0000  1-4 EEL =         0.0000  VDWAALS    =      1576.9899
 EELEC  =      5896.7045  EHBOND  =         0.0000  RESTRAINT  =         0.0000
 DV/DL  =         2.5715
 ------------------------------------------------------------------------------

  Softcore part of the system:       7 atoms,       TEMP(K)    =          96.77
 SC_Etot=         3.1560  SC_EKtot=         2.0191  SC_EPtot   =         1.5297
 SC_BOND=         0.8146  SC_ANGLE=         0.9509  SC_DIHED   =         0.0367
 SC_14NB=         0.1494  SC_14EEL=         0.0000  SC_VDW     =         0.0000
 SC_EEL =         0.0000
 SC_RES_DIST=     0.0000  SC_RES_ANG=       0.0000  SC_RES_TORS=         0.0000
 SC_EEL_DER=      0.0000  SC_VDW_DER=       2.1913  SC_DERIV   =         2.1913
 ------------------------------------------------------------------------------


| TI region  2


      A V E R A G E S   O V E R      40 S T E P S


 NSTEP =   200000   TIME(PS) =     200.000  TEMP(K) =   160.71  PRESS =     0.0
 Etot   =    -81555.5592  EKtot   =      9982.2214  EPtot      =    -91537.7806
 BOND   =     12774.3517  ANGLE   =        -0.0000  DIHED      =        -0.0000
 1-4 NB =         0.0000  1-4 EEL =         0.0000  VDWAALS    =     24043.2746
 EELEC  =   -128355.4069  EHBOND  =         0.0000  RESTRAINT  =         0.0000
 DV/DL  =         6.2464
 ------------------------------------------------------------------------------

 NMR restraints: Bond =    0.000   Angle =     0.000   Torsion =     0.000
===============================================================================

      R M S  F L U C T U A T I O N S


 NSTEP =   200000   TIME(PS) =     200.000  TEMP(K) =    90.24  PRESS =     0.0
 Etot   =     11555.4653  EKtot   =      5605.0843  EPtot      =      5992.5942
 BOND   =      1738.6518  ANGLE   =         0.0000  DIHED      =         0.0000
 1-4 NB =         0.0000  1-4 EEL =         0.0000  VDWAALS    =      1576.9899
 EELEC  =      5896.7045  EHBOND  =         0.0000  RESTRAINT  =         0.0000
 DV/DL  =         2.5715
 ------------------------------------------------------------------------------


      DV/DL, AVERAGES OVER      40 STEPS


 NSTEP =   200000   TIME(PS) =     200.000  TEMP(K) =    90.24  PRESS =     0.0
 Etot   =         0.0000  EKtot   =         0.0000  EPtot      =         6.2464
 BOND   =         0.0000  ANGLE   =         0.0000  DIHED      =         0.0000
 1-4 NB =         0.0000  1-4 EEL =         0.0000  VDWAALS    =         7.5793
 EELEC  =         0.0000  EHBOND  =         0.0000  RESTRAINT  =         0.0000
 DV/DL  =         6.2464
 ------------------------------------------------------------------------------


 NMR restraints on final step:

--------------------------------------------------------------------------------
   5.  TIMINGS
--------------------------------------------------------------------------------

|  NonSetup CPU Time in Major Routines:
|
|     Routine           Sec        %
|     ------------------------------
|     Nonbond         150.77   30.31
|     Bond              0.00    0.00
|     Angle             0.00    0.00
|     Dihedral          0.00    0.00
|     Shake             0.00    0.00
|     RunMD           346.11   69.58
|     Other             0.57    0.12
|     ------------------------------
|     Total           497.45

|  PME Nonbond Pairlist CPU Time:
|
|     Routine              Sec        %
|     ---------------------------------
|     Set Up Cit           0.00    0.00
|     Build List           0.00    0.00
|     ---------------------------------
|     Total                0.00    0.00

|  PME Direct Force CPU Time:
|
|     Routine              Sec        %
|     ---------------------------------
|     NonBonded Calc       0.00    0.00
|     Exclude Masked       0.00    0.00
|     Other                0.38    0.08
|     ---------------------------------
|     Total                0.38    0.08

|  PME Reciprocal Force CPU Time:
|
|     Routine              Sec        %
|     ---------------------------------
|     1D bspline           0.00    0.00
|     Grid Charges         0.00    0.00
|     Scalar Sum           0.00    0.00
|     Gradient Sum         0.00    0.00
|     FFT                  0.00    0.00
|     ---------------------------------
|     Total                0.00    0.00

|  Final Performance Info:
|     -----------------------------------------------------
|     Average timings for last       1 steps:
|     Elapsed(s) =       0.00 Per Step(ms) =       2.30
|         ns/day =      37.61   seconds/ns =    2297.12
|
|     Average timings for all steps:
|     Elapsed(s) =     497.61 Per Step(ms) =       2.49
|         ns/day =      34.73   seconds/ns =    2488.03
|     -----------------------------------------------------

|  Setup CPU time:            0.54 seconds
|  NonSetup CPU time:       497.45 seconds
|  Total CPU time:          497.99 seconds     0.14 hours

|  Setup wall time:           0    seconds
|  NonSetup wall time:      498    seconds
|  Total wall time:         498    seconds     0.14 hours
