
          -------------------------------------------------------
          Amber 18 PMEMD                              2018
          -------------------------------------------------------

| PMEMD implementation of SANDER, Release 18

| Run on 07/20/2020 at 15:33:11

|   Executable path: /opt/software/Amber/18-foss-2018b-AmberTools-19/bin/pmemd.cuda
| Working directory: /mnt/gs18/scratch/users/songlin3/run/1264_optimization/acetate/two_steps_ti3p_gas/step1/0.43738
|          Hostname: lac-083

  [-O]verwriting output

File Assignments:
|   MDIN: heat.in                                                               
|  MDOUT: heat.out                                                              
| INPCRD: min.rst                                                               
|   PARM: step1_final.prmtop                                                    
| RESTRT: heat.rst                                                              
|   REFC: min.rst                                                               
|  MDVEL: mdvel                                                                 
|   MDEN: mden                                                                  
|  MDCRD: heat.netcdf                                                           
| MDINFO: heat.mdinfo                                                           
|  MDFRC: mdfrc                                                                 


 Here is the input file:

nvt for free MD                                                                
 &cntrl                                                                        
  imin=0,                                                                      
  irest=0,                                                                     
  ntx=1,                                                                       
  ig=-1,                                                                       
  nstlim=100000,                                                               
  dt=0.002,                                                                    
  cut=10.0,                                                                    
  ntc=2,                                                                       
  ntf=2,                                                                       
  ntb=1,                                                                       
  ntt=3,                                                                       
  gamma_ln=2.0,                                                                
  tempi=0.0,                                                                   
  temp0=300.0,                                                                 
  ntpr=5000,                                                                   
  ntwr=5000,                                                                   
  ntwx=10000,                                                                  
  ntwv=0,                                                                      
  ioutfm=1,                                                                    
  iwrap=0,                                                                     
  nmropt=1,                                                                    
  ifsc = 0, icfe=1,                                                            
  clambda=0.43738,                                                             
  timask1=':1',                                                                
  timask2=':2', crgmask = ':2',                                                
/                                                                              
&wt TYPE='TEMP0', istep1=0, istep2=90000, value1=0.0, value2=300.0 /           
&wt TYPE='TEMP0', istep1=90001, istep2=100000, value1=300.0, value2=300.0 /    
&wt TYPE='DUMPFREQ', istep1=10000, /                                           
&wt TYPE='END', /                                                              


Note: ig = -1. Setting random seed to    33856 based on wallclock time in 
      microseconds.
| irandom = 1, using AMBER's internal random number generator (default).
 
|--------------------- INFORMATION ----------------------
| GPU (CUDA) Version of PMEMD in use: NVIDIA GPU IN USE.
|                    Version 18.0.0
| 
|                      03/25/2018
| 
| Implementation by:
|                    Ross C. Walker     (SDSC)
|                    Scott Le Grand     (nVIDIA)
| 
| Version 18 performance extensions by:
|                    David Cerutti     (Rutgers)
| 
| Precision model in use:
|      [SPFP] - Single Precision Forces, 64-bit Fixed Point
|               Accumulation. (Default)
| 
|--------------------------------------------------------
 
|----------------- CITATION INFORMATION -----------------
|
|    When publishing work that utilized the CUDA version
|    of AMBER, please cite the following in addition to
|    the regular AMBER citations:
|
|  - Romelia Salomon-Ferrer; Andreas W. Goetz; Duncan
|    Poole; Scott Le Grand; Ross C. Walker "Routine
|    microsecond molecular dynamics simulations with
|    AMBER - Part II: Particle Mesh Ewald", J. Chem.
|    Theory Comput., 2013, 9 (9), pp3878-3888,
|    DOI: 10.1021/ct400314y.
|
|  - Andreas W. Goetz; Mark J. Williamson; Dong Xu;
|    Duncan Poole; Scott Le Grand; Ross C. Walker
|    "Routine microsecond molecular dynamics simulations
|    with AMBER - Part I: Generalized Born", J. Chem.
|    Theory Comput., 2012, 8 (5), pp1542-1555.
|
|  - Scott Le Grand; Andreas W. Goetz; Ross C. Walker
|    "SPFP: Speed without compromise - a mixed precision
|    model for GPU accelerated molecular dynamics
|    simulations.", Comp. Phys. Comm., 2013, 184
|    pp374-380, DOI: 10.1016/j.cpc.2012.09.022
|
|    When publishing work that utilized the CUDA version
|    of TI, BAR, MBAR or FEP please cite the following 
|    three publications in addition to the regular AMBER 
|    GPU citations:
|
|  - Daniel J. Mermelstein; Charles Lin; Gard Nelson; 
|    Rachael Kretsch; J. Andrew McCammon; Ross C. Walker
|    "Fast and Flexible GPU Accelerated Binding 
|    Free Energy Calculations within the AMBER Molecular
|    Dynamics Package" J. Comp. Chem., 2018,
|    DOI: 10.1002/jcc.25187
|
|  - Tai-Sung Lee; Yuan Hu; Brad Sherborne; Zhuyan Guo;
|    Darrin M. York
|    "Toward Fast and Accurate Binding Affinity Prediction with
|    pmemdGTI: An Efficient Implementation of GPU-Accelerated
|    Thermodynamic Integration"
|    J. Chem. Theory Comput., 2017, 13 (7), 3077
|
|
|--------------------------------------------------------
 
|------------------- GPU DEVICE INFO --------------------
|
|            CUDA_VISIBLE_DEVICES: 0
|   CUDA Capable Devices Detected:      1
|           CUDA Device ID in use:      0
|                CUDA Device Name: Tesla K80
|     CUDA Device Global Mem Size:  12206 MB
| CUDA Device Num Multiprocessors:     13
|           CUDA Device Core Freq:   0.82 GHz
|
|--------------------------------------------------------
 
 
| Conditional Compilation Defines Used:
| PUBFFT
| BINTRAJ
| CUDA
| EMIL

| Largest sphere to fit in unit cell has radius =    27.333

| New format PARM file being parsed.
| Version =    1.000 Date = 07/20/20 Time = 15:32:15

| Note: 1-4 EEL scale factors are being read from the topology file.

| Note: 1-4 VDW scale factors are being read from the topology file.
| Duplicated    0 dihedrals

| Duplicated    0 dihedrals

--------------------------------------------------------------------------------
   1.  RESOURCE   USE: 
--------------------------------------------------------------------------------

 getting box info from netcdf restart file
 NATOM  =      14 NTYPES =       6 NBONH =       6 MBONA  =       6
 NTHETH =      12 MTHETA =       6 NPHIH =      24 MPHIA  =       2
 NHPARM =       0 NPARM  =       0 NNB   =      44 NRES   =       2
 NBONA  =       6 NTHETA =       6 NPHIA =       2 NUMBND =       3
 NUMANG =       4 NPTRA  =       3 NATYP =       6 NPHB   =       1
 IFBOX  =       2 NMXRS  =       7 IFCAP =       0 NEXTRA =       0
 NCOPY  =       0

| Coordinate Index Table dimensions:    10   10   10
| Direct force subcell size =     6.6953    6.6953    6.6953

     BOX TYPE: TRUNCATED OCTAHEDRON

--------------------------------------------------------------------------------
   2.  CONTROL  DATA  FOR  THE  RUN
--------------------------------------------------------------------------------

default_name                                                                    

General flags:
     imin    =       0, nmropt  =       1

Nature and format of input:
     ntx     =       1, irest   =       0, ntrx    =       1

Nature and format of output:
     ntxo    =       2, ntpr    =    5000, ntrx    =       1, ntwr    =    5000
     iwrap   =       0, ntwx    =   10000, ntwv    =       0, ntwe    =       0
     ioutfm  =       1, ntwprt  =       0, idecomp =       0, rbornstat=      0

Potential function:
     ntf     =       2, ntb     =       1, igb     =       0, nsnb    =      25
     ipol    =       0, gbsa    =       0, iesp    =       0
     dielc   =   1.00000, cut     =  10.00000, intdiel =   1.00000

Frozen or restrained atoms:
     ibelly  =       0, ntr     =       0

Molecular dynamics:
     nstlim  =    100000, nscm    =      1000, nrespa  =         1
     t       =   0.00000, dt      =   0.00200, vlimit  =  -1.00000

Langevin dynamics temperature regulation:
     ig      =   33856
     temp0   = 300.00000, tempi   =   0.00000, gamma_ln=   2.00000

SHAKE:
     ntc     =       2, jfastw  =       0
     tol     =   0.00001

NMR refinement options:
     iscale  =       0, noeskp  =       1, ipnlty  =       1, mxsub   =       1
     scalm   = 100.00000, pencut  =   0.10000, tausw   =   0.10000

Free energy options:
     icfe    =       1, ifsc    =       0, klambda =       1
     clambda =  0.4374, scalpha =  0.5000, scbeta  = 12.0000
     sceeorder =       2
     dynlmb =  0.0000 logdvdl =       0

| Intermolecular bonds treatment:
|     no_intermolecular_bonds =       1

| Energy averages sample interval:
|     ene_avg_sampling =    5000

Ewald parameters:
     verbose =       0, ew_type =       0, nbflag  =       1, use_pme =       1
     vdwmeth =       1, eedmeth =       1, netfrc  =       1
     Box X =   66.953   Box Y =   66.953   Box Z =   66.953
     Alpha =  109.471   Beta  =  109.471   Gamma =  109.471
     NFFT1 =   64       NFFT2 =   64       NFFT3 =   64
     Cutoff=   10.000   Tol   =0.100E-04
     Ewald Coefficient =  0.27511
     Interpolation order =    4
     TI Mask 1 :1; matches      7 atoms
     TI Mask 2 :2; matches      7 atoms
     TI region 1:       7 atoms
     TI region 2:       7 atoms
Removing charge of      -0.8188 from atom       8
Removing charge of      -0.8188 from atom       9
Removing charge of       0.8054 from atom      10
Removing charge of      -0.1021 from atom      11
Removing charge of      -0.0219 from atom      12
Removing charge of      -0.0219 from atom      13
Removing charge of      -0.0219 from atom      14
Total charge of  -0.99999900 removed from       7 atoms
     Checking for mismatched coordinates.

--------------------------------------------------------------------------------
   3.  ATOMIC COORDINATES AND VELOCITIES
--------------------------------------------------------------------------------

default_name                                                                    
 begin time read from input coords =     0.000 ps



           Begin reading energy term weight changes/NMR restraints
 WEIGHT CHANGES:
 TEMP0         0  90000    0.000000  300.000000      0      0
 TEMP0     90001 100000  300.000000  300.000000      0      0
 DUMPFREQ  10000      0    0.000000    0.000000      0      0

 RESTRAINTS:
                          ** No restraint defined **

                  Done reading weight changes/NMR restraints


 
 Number of triangulated 3-point waters found:        0

     Sum of charges for TI region  1 =  -0.99999900
     Assuming uniform neutralizing plasma


     Sum of charges for TI region  2 =   0.00000000
     Forcing neutrality...

| Dynamic Memory, Types Used:
| Reals              144127
| Integers             1238

| Nonbonded Pairs Initial Allocation:        4234

| GPU memory information (estimate):
| KB of GPU memory in use:         0
| KB of CPU memory in use:         0

--------------------------------------------------------------------------------
   4.  RESULTS
--------------------------------------------------------------------------------


| TI region  1


 NSTEP =        0   TIME(PS) =       0.000  TEMP(K) =     0.00  PRESS =     0.0
 Etot   =         9.8214  EKtot   =         0.0000  EPtot      =         9.8214
 BOND   =         0.0220  ANGLE   =         2.8041  DIHED      =         5.2200
 1-4 NB =         0.2936  1-4 EEL =         5.8724  VDWAALS    =        -0.0001
 EELEC  =        -4.3906  EHBOND  =         0.0000  RESTRAINT  =         0.0000
 DV/DL  =        -2.6337
 ------------------------------------------------------------------------------


| TI region  2


 NSTEP =        0   TIME(PS) =       0.000  TEMP(K) =     0.00  PRESS =     0.0
 Etot   =         9.8214  EKtot   =         0.0000  EPtot      =         9.8214
 BOND   =         0.0220  ANGLE   =         2.8041  DIHED      =         5.2200
 1-4 NB =         0.2936  1-4 EEL =         5.8724  VDWAALS    =        -0.0001
 EELEC  =        -4.3906  EHBOND  =         0.0000  RESTRAINT  =         0.0000
 DV/DL  =        -2.6337
 ------------------------------------------------------------------------------

 NMR restraints: Bond =    0.000   Angle =     0.000   Torsion =     0.000
===============================================================================

| TI region  1


 NSTEP =     5000   TIME(PS) =      10.000  TEMP(K) =    11.95  PRESS =     0.0
 Etot   =        10.1607  EKtot   =         0.2137  EPtot      =         9.9470
 BOND   =         0.0820  ANGLE   =         2.8965  DIHED      =         5.2276
 1-4 NB =         0.2719  1-4 EEL =         5.8622  VDWAALS    =        -0.0001
 EELEC  =        -4.3931  EHBOND  =         0.0000  RESTRAINT  =         0.0000
 DV/DL  =        -2.6111
 ------------------------------------------------------------------------------


| TI region  2


 NSTEP =     5000   TIME(PS) =      10.000  TEMP(K) =    11.95  PRESS =     0.0
 Etot   =        10.1607  EKtot   =         0.2137  EPtot      =         9.9470
 BOND   =         0.0820  ANGLE   =         2.8965  DIHED      =         5.2276
 1-4 NB =         0.2719  1-4 EEL =         5.8622  VDWAALS    =        -0.0001
 EELEC  =        -4.3931  EHBOND  =         0.0000  RESTRAINT  =         0.0000
 DV/DL  =        -2.6111
 ------------------------------------------------------------------------------

 NMR restraints: Bond =    0.000   Angle =     0.000   Torsion =     0.000
===============================================================================

| TI region  1


 NSTEP =    10000   TIME(PS) =      20.000  TEMP(K) =    47.53  PRESS =     0.0
 Etot   =        10.9456  EKtot   =         0.8501  EPtot      =        10.0955
 BOND   =         0.1593  ANGLE   =         2.9377  DIHED      =         5.2084
 1-4 NB =         0.3026  1-4 EEL =         5.8803  VDWAALS    =        -0.0001
 EELEC  =        -4.3928  EHBOND  =         0.0000  RESTRAINT  =         0.0000
 DV/DL  =        -2.6440
 ------------------------------------------------------------------------------


| TI region  2


 NSTEP =    10000   TIME(PS) =      20.000  TEMP(K) =    47.53  PRESS =     0.0
 Etot   =        10.9456  EKtot   =         0.8501  EPtot      =        10.0955
 BOND   =         0.1593  ANGLE   =         2.9377  DIHED      =         5.2084
 1-4 NB =         0.3026  1-4 EEL =         5.8803  VDWAALS    =        -0.0001
 EELEC  =        -4.3928  EHBOND  =         0.0000  RESTRAINT  =         0.0000
 DV/DL  =        -2.6440
 ------------------------------------------------------------------------------

 NMR restraints: Bond =    0.000   Angle =     0.000   Torsion =     0.000
===============================================================================

| TI region  1


 NSTEP =    15000   TIME(PS) =      30.000  TEMP(K) =    54.84  PRESS =     0.0
 Etot   =        11.1233  EKtot   =         0.9808  EPtot      =        10.1425
 BOND   =         0.2236  ANGLE   =         2.8624  DIHED      =         5.2149
 1-4 NB =         0.3423  1-4 EEL =         5.8921  VDWAALS    =        -0.0001
 EELEC  =        -4.3928  EHBOND  =         0.0000  RESTRAINT  =         0.0000
 DV/DL  =        -2.6650
 ------------------------------------------------------------------------------


| TI region  2


 NSTEP =    15000   TIME(PS) =      30.000  TEMP(K) =    54.84  PRESS =     0.0
 Etot   =        11.1233  EKtot   =         0.9808  EPtot      =        10.1425
 BOND   =         0.2236  ANGLE   =         2.8624  DIHED      =         5.2149
 1-4 NB =         0.3423  1-4 EEL =         5.8921  VDWAALS    =        -0.0001
 EELEC  =        -4.3928  EHBOND  =         0.0000  RESTRAINT  =         0.0000
 DV/DL  =        -2.6650
 ------------------------------------------------------------------------------

 NMR restraints: Bond =    0.000   Angle =     0.000   Torsion =     0.000
===============================================================================

| TI region  1


 NSTEP =    20000   TIME(PS) =      40.000  TEMP(K) =    80.57  PRESS =     0.0
 Etot   =        11.9661  EKtot   =         1.4410  EPtot      =        10.5251
 BOND   =         0.2434  ANGLE   =         3.3855  DIHED      =         5.2404
 1-4 NB =         0.2022  1-4 EEL =         5.8440  VDWAALS    =        -0.0001
 EELEC  =        -4.3902  EHBOND  =         0.0000  RESTRAINT  =         0.0000
 DV/DL  =        -2.5840
 ------------------------------------------------------------------------------


| TI region  2


 NSTEP =    20000   TIME(PS) =      40.000  TEMP(K) =    80.57  PRESS =     0.0
 Etot   =        11.9661  EKtot   =         1.4410  EPtot      =        10.5251
 BOND   =         0.2434  ANGLE   =         3.3855  DIHED      =         5.2404
 1-4 NB =         0.2022  1-4 EEL =         5.8440  VDWAALS    =        -0.0001
 EELEC  =        -4.3902  EHBOND  =         0.0000  RESTRAINT  =         0.0000
 DV/DL  =        -2.5840
 ------------------------------------------------------------------------------

 NMR restraints: Bond =    0.000   Angle =     0.000   Torsion =     0.000
===============================================================================

| TI region  1


 NSTEP =    25000   TIME(PS) =      50.000  TEMP(K) =    63.55  PRESS =     0.0
 Etot   =        11.1848  EKtot   =         1.1365  EPtot      =        10.0483
 BOND   =         0.1049  ANGLE   =         2.9307  DIHED      =         5.2203
 1-4 NB =         0.3030  1-4 EEL =         5.8827  VDWAALS    =        -0.0001
 EELEC  =        -4.3933  EHBOND  =         0.0000  RESTRAINT  =         0.0000
 DV/DL  =        -2.6473
 ------------------------------------------------------------------------------


| TI region  2


 NSTEP =    25000   TIME(PS) =      50.000  TEMP(K) =    63.55  PRESS =     0.0
 Etot   =        11.1848  EKtot   =         1.1365  EPtot      =        10.0483
 BOND   =         0.1049  ANGLE   =         2.9307  DIHED      =         5.2203
 1-4 NB =         0.3030  1-4 EEL =         5.8827  VDWAALS    =        -0.0001
 EELEC  =        -4.3933  EHBOND  =         0.0000  RESTRAINT  =         0.0000
 DV/DL  =        -2.6473
 ------------------------------------------------------------------------------

 NMR restraints: Bond =    0.000   Angle =     0.000   Torsion =     0.000
===============================================================================

| TI region  1


 NSTEP =    30000   TIME(PS) =      60.000  TEMP(K) =    61.25  PRESS =     0.0
 Etot   =        12.7239  EKtot   =         1.0955  EPtot      =        11.6284
 BOND   =         0.5674  ANGLE   =         4.1552  DIHED      =         5.3233
 1-4 NB =         0.1716  1-4 EEL =         5.8042  VDWAALS    =        -0.0001
 EELEC  =        -4.3932  EHBOND  =         0.0000  RESTRAINT  =         0.0000
 DV/DL  =        -2.5080
 ------------------------------------------------------------------------------


| TI region  2


 NSTEP =    30000   TIME(PS) =      60.000  TEMP(K) =    61.25  PRESS =     0.0
 Etot   =        12.7239  EKtot   =         1.0955  EPtot      =        11.6284
 BOND   =         0.5674  ANGLE   =         4.1552  DIHED      =         5.3233
 1-4 NB =         0.1716  1-4 EEL =         5.8042  VDWAALS    =        -0.0001
 EELEC  =        -4.3932  EHBOND  =         0.0000  RESTRAINT  =         0.0000
 DV/DL  =        -2.5080
 ------------------------------------------------------------------------------

 NMR restraints: Bond =    0.000   Angle =     0.000   Torsion =     0.000
===============================================================================

| TI region  1


 NSTEP =    35000   TIME(PS) =      70.000  TEMP(K) =   109.09  PRESS =     0.0
 Etot   =        13.7599  EKtot   =         1.9510  EPtot      =        11.8089
 BOND   =         0.9327  ANGLE   =         3.6643  DIHED      =         5.3256
 1-4 NB =         0.3775  1-4 EEL =         5.9025  VDWAALS    =        -0.0001
 EELEC  =        -4.3937  EHBOND  =         0.0000  RESTRAINT  =         0.0000
 DV/DL  =        -2.6818
 ------------------------------------------------------------------------------


| TI region  2


 NSTEP =    35000   TIME(PS) =      70.000  TEMP(K) =   109.09  PRESS =     0.0
 Etot   =        13.7599  EKtot   =         1.9510  EPtot      =        11.8089
 BOND   =         0.9327  ANGLE   =         3.6643  DIHED      =         5.3256
 1-4 NB =         0.3775  1-4 EEL =         5.9025  VDWAALS    =        -0.0001
 EELEC  =        -4.3937  EHBOND  =         0.0000  RESTRAINT  =         0.0000
 DV/DL  =        -2.6818
 ------------------------------------------------------------------------------

 NMR restraints: Bond =    0.000   Angle =     0.000   Torsion =     0.000
===============================================================================

| TI region  1


 NSTEP =    40000   TIME(PS) =      80.000  TEMP(K) =   125.09  PRESS =     0.0
 Etot   =        14.2018  EKtot   =         2.2372  EPtot      =        11.9646
 BOND   =         0.0047  ANGLE   =         4.9896  DIHED      =         5.3546
 1-4 NB =         0.1819  1-4 EEL =         5.8272  VDWAALS    =        -0.0001
 EELEC  =        -4.3932  EHBOND  =         0.0000  RESTRAINT  =         0.0000
 DV/DL  =        -2.5488
 ------------------------------------------------------------------------------


| TI region  2


 NSTEP =    40000   TIME(PS) =      80.000  TEMP(K) =   125.09  PRESS =     0.0
 Etot   =        14.2018  EKtot   =         2.2372  EPtot      =        11.9646
 BOND   =         0.0047  ANGLE   =         4.9896  DIHED      =         5.3546
 1-4 NB =         0.1819  1-4 EEL =         5.8272  VDWAALS    =        -0.0001
 EELEC  =        -4.3932  EHBOND  =         0.0000  RESTRAINT  =         0.0000
 DV/DL  =        -2.5488
 ------------------------------------------------------------------------------

 NMR restraints: Bond =    0.000   Angle =     0.000   Torsion =     0.000
===============================================================================

| TI region  1


 NSTEP =    45000   TIME(PS) =      90.000  TEMP(K) =   194.71  PRESS =     0.0
 Etot   =        14.4277  EKtot   =         3.4823  EPtot      =        10.9454
 BOND   =         0.9604  ANGLE   =         2.9714  DIHED      =         5.2135
 1-4 NB =         0.3111  1-4 EEL =         5.8832  VDWAALS    =        -0.0001
 EELEC  =        -4.3941  EHBOND  =         0.0000  RESTRAINT  =         0.0000
 DV/DL  =        -2.6468
 ------------------------------------------------------------------------------


| TI region  2


 NSTEP =    45000   TIME(PS) =      90.000  TEMP(K) =   194.71  PRESS =     0.0
 Etot   =        14.4277  EKtot   =         3.4823  EPtot      =        10.9454
 BOND   =         0.9604  ANGLE   =         2.9714  DIHED      =         5.2135
 1-4 NB =         0.3111  1-4 EEL =         5.8832  VDWAALS    =        -0.0001
 EELEC  =        -4.3941  EHBOND  =         0.0000  RESTRAINT  =         0.0000
 DV/DL  =        -2.6468
 ------------------------------------------------------------------------------

 NMR restraints: Bond =    0.000   Angle =     0.000   Torsion =     0.000
===============================================================================

| TI region  1


 NSTEP =    50000   TIME(PS) =     100.000  TEMP(K) =   189.74  PRESS =     0.0
 Etot   =        16.0582  EKtot   =         3.3934  EPtot      =        12.6648
 BOND   =         0.2877  ANGLE   =         5.1289  DIHED      =         5.3223
 1-4 NB =         0.3766  1-4 EEL =         5.9419  VDWAALS    =        -0.0001
 EELEC  =        -4.3925  EHBOND  =         0.0000  RESTRAINT  =         0.0000
 DV/DL  =        -2.7538
 ------------------------------------------------------------------------------


| TI region  2


 NSTEP =    50000   TIME(PS) =     100.000  TEMP(K) =   189.74  PRESS =     0.0
 Etot   =        16.0582  EKtot   =         3.3934  EPtot      =        12.6648
 BOND   =         0.2877  ANGLE   =         5.1289  DIHED      =         5.3223
 1-4 NB =         0.3766  1-4 EEL =         5.9419  VDWAALS    =        -0.0001
 EELEC  =        -4.3925  EHBOND  =         0.0000  RESTRAINT  =         0.0000
 DV/DL  =        -2.7538
 ------------------------------------------------------------------------------

 NMR restraints: Bond =    0.000   Angle =     0.000   Torsion =     0.000
===============================================================================

| TI region  1


 NSTEP =    55000   TIME(PS) =     110.000  TEMP(K) =   149.27  PRESS =     0.0
 Etot   =        13.8433  EKtot   =         2.6696  EPtot      =        11.1736
 BOND   =         0.3728  ANGLE   =         3.7700  DIHED      =         5.2194
 1-4 NB =         0.3275  1-4 EEL =         5.8755  VDWAALS    =        -0.0001
 EELEC  =        -4.3914  EHBOND  =         0.0000  RESTRAINT  =         0.0000
 DV/DL  =        -2.6379
 ------------------------------------------------------------------------------


| TI region  2


 NSTEP =    55000   TIME(PS) =     110.000  TEMP(K) =   149.27  PRESS =     0.0
 Etot   =        13.8433  EKtot   =         2.6696  EPtot      =        11.1736
 BOND   =         0.3728  ANGLE   =         3.7700  DIHED      =         5.2194
 1-4 NB =         0.3275  1-4 EEL =         5.8755  VDWAALS    =        -0.0001
 EELEC  =        -4.3914  EHBOND  =         0.0000  RESTRAINT  =         0.0000
 DV/DL  =        -2.6379
 ------------------------------------------------------------------------------

 NMR restraints: Bond =    0.000   Angle =     0.000   Torsion =     0.000
===============================================================================

| TI region  1


 NSTEP =    60000   TIME(PS) =     120.000  TEMP(K) =   173.04  PRESS =     0.0
 Etot   =        14.7574  EKtot   =         3.0948  EPtot      =        11.6626
 BOND   =         0.6074  ANGLE   =         3.7689  DIHED      =         5.2445
 1-4 NB =         0.5214  1-4 EEL =         5.9129  VDWAALS    =        -0.0001
 EELEC  =        -4.3923  EHBOND  =         0.0000  RESTRAINT  =         0.0000
 DV/DL  =        -2.7026
 ------------------------------------------------------------------------------


| TI region  2


 NSTEP =    60000   TIME(PS) =     120.000  TEMP(K) =   173.04  PRESS =     0.0
 Etot   =        14.7574  EKtot   =         3.0948  EPtot      =        11.6626
 BOND   =         0.6074  ANGLE   =         3.7689  DIHED      =         5.2445
 1-4 NB =         0.5214  1-4 EEL =         5.9129  VDWAALS    =        -0.0001
 EELEC  =        -4.3923  EHBOND  =         0.0000  RESTRAINT  =         0.0000
 DV/DL  =        -2.7026
 ------------------------------------------------------------------------------

 NMR restraints: Bond =    0.000   Angle =     0.000   Torsion =     0.000
===============================================================================

| TI region  1


 NSTEP =    65000   TIME(PS) =     130.000  TEMP(K) =   152.30  PRESS =     0.0
 Etot   =        16.2849  EKtot   =         2.7239  EPtot      =        13.5610
 BOND   =         1.0325  ANGLE   =         5.3325  DIHED      =         5.2246
 1-4 NB =         0.4356  1-4 EEL =         5.9292  VDWAALS    =        -0.0001
 EELEC  =        -4.3932  EHBOND  =         0.0000  RESTRAINT  =         0.0000
 DV/DL  =        -2.7300
 ------------------------------------------------------------------------------


| TI region  2


 NSTEP =    65000   TIME(PS) =     130.000  TEMP(K) =   152.30  PRESS =     0.0
 Etot   =        16.2849  EKtot   =         2.7239  EPtot      =        13.5610
 BOND   =         1.0325  ANGLE   =         5.3325  DIHED      =         5.2246
 1-4 NB =         0.4356  1-4 EEL =         5.9292  VDWAALS    =        -0.0001
 EELEC  =        -4.3932  EHBOND  =         0.0000  RESTRAINT  =         0.0000
 DV/DL  =        -2.7300
 ------------------------------------------------------------------------------

 NMR restraints: Bond =    0.000   Angle =     0.000   Torsion =     0.000
===============================================================================

| TI region  1


 NSTEP =    70000   TIME(PS) =     140.000  TEMP(K) =   174.21  PRESS =     0.0
 Etot   =        17.6646  EKtot   =         3.1156  EPtot      =        14.5490
 BOND   =         2.0225  ANGLE   =         5.3051  DIHED      =         5.2546
 1-4 NB =         0.4181  1-4 EEL =         5.9390  VDWAALS    =        -0.0001
 EELEC  =        -4.3901  EHBOND  =         0.0000  RESTRAINT  =         0.0000
 DV/DL  =        -2.7529
 ------------------------------------------------------------------------------


| TI region  2


 NSTEP =    70000   TIME(PS) =     140.000  TEMP(K) =   174.21  PRESS =     0.0
 Etot   =        17.6646  EKtot   =         3.1156  EPtot      =        14.5490
 BOND   =         2.0225  ANGLE   =         5.3051  DIHED      =         5.2546
 1-4 NB =         0.4181  1-4 EEL =         5.9390  VDWAALS    =        -0.0001
 EELEC  =        -4.3901  EHBOND  =         0.0000  RESTRAINT  =         0.0000
 DV/DL  =        -2.7529
 ------------------------------------------------------------------------------

 NMR restraints: Bond =    0.000   Angle =     0.000   Torsion =     0.000
===============================================================================

| TI region  1


 NSTEP =    75000   TIME(PS) =     150.000  TEMP(K) =   180.23  PRESS =     0.0
 Etot   =        14.5417  EKtot   =         3.2233  EPtot      =        11.3184
 BOND   =         0.3022  ANGLE   =         3.6293  DIHED      =         5.4206
 1-4 NB =         0.3996  1-4 EEL =         5.9608  VDWAALS    =        -0.0001
 EELEC  =        -4.3938  EHBOND  =         0.0000  RESTRAINT  =         0.0000
 DV/DL  =        -2.7851
 ------------------------------------------------------------------------------


| TI region  2


 NSTEP =    75000   TIME(PS) =     150.000  TEMP(K) =   180.23  PRESS =     0.0
 Etot   =        14.5417  EKtot   =         3.2233  EPtot      =        11.3184
 BOND   =         0.3022  ANGLE   =         3.6293  DIHED      =         5.4206
 1-4 NB =         0.3996  1-4 EEL =         5.9608  VDWAALS    =        -0.0001
 EELEC  =        -4.3938  EHBOND  =         0.0000  RESTRAINT  =         0.0000
 DV/DL  =        -2.7851
 ------------------------------------------------------------------------------

 NMR restraints: Bond =    0.000   Angle =     0.000   Torsion =     0.000
===============================================================================

| TI region  1


 NSTEP =    80000   TIME(PS) =     160.000  TEMP(K) =   230.58  PRESS =     0.0
 Etot   =        15.3332  EKtot   =         4.1239  EPtot      =        11.2093
 BOND   =         0.0890  ANGLE   =         4.2946  DIHED      =         5.2155
 1-4 NB =         0.1843  1-4 EEL =         5.8187  VDWAALS    =        -0.0001
 EELEC  =        -4.3928  EHBOND  =         0.0000  RESTRAINT  =         0.0000
 DV/DL  =        -2.5343
 ------------------------------------------------------------------------------


| TI region  2


 NSTEP =    80000   TIME(PS) =     160.000  TEMP(K) =   230.58  PRESS =     0.0
 Etot   =        15.3332  EKtot   =         4.1239  EPtot      =        11.2093
 BOND   =         0.0890  ANGLE   =         4.2946  DIHED      =         5.2155
 1-4 NB =         0.1843  1-4 EEL =         5.8187  VDWAALS    =        -0.0001
 EELEC  =        -4.3928  EHBOND  =         0.0000  RESTRAINT  =         0.0000
 DV/DL  =        -2.5343
 ------------------------------------------------------------------------------

 NMR restraints: Bond =    0.000   Angle =     0.000   Torsion =     0.000
===============================================================================

| TI region  1


 NSTEP =    85000   TIME(PS) =     170.000  TEMP(K) =   314.94  PRESS =     0.0
 Etot   =        19.9599  EKtot   =         5.6326  EPtot      =        14.3274
 BOND   =         0.3457  ANGLE   =         6.8824  DIHED      =         5.4321
 1-4 NB =         0.2213  1-4 EEL =         5.8383  VDWAALS    =        -0.0001
 EELEC  =        -4.3923  EHBOND  =         0.0000  RESTRAINT  =         0.0000
 DV/DL  =        -2.5701
 ------------------------------------------------------------------------------


| TI region  2


 NSTEP =    85000   TIME(PS) =     170.000  TEMP(K) =   314.94  PRESS =     0.0
 Etot   =        19.9599  EKtot   =         5.6326  EPtot      =        14.3274
 BOND   =         0.3457  ANGLE   =         6.8824  DIHED      =         5.4321
 1-4 NB =         0.2213  1-4 EEL =         5.8383  VDWAALS    =        -0.0001
 EELEC  =        -4.3923  EHBOND  =         0.0000  RESTRAINT  =         0.0000
 DV/DL  =        -2.5701
 ------------------------------------------------------------------------------

 NMR restraints: Bond =    0.000   Angle =     0.000   Torsion =     0.000
===============================================================================

| TI region  1


 NSTEP =    90000   TIME(PS) =     180.000  TEMP(K) =   220.86  PRESS =     0.0
 Etot   =        17.2439  EKtot   =         3.9501  EPtot      =        13.2938
 BOND   =         1.3125  ANGLE   =         4.8793  DIHED      =         5.4161
 1-4 NB =         0.2015  1-4 EEL =         5.8746  VDWAALS    =        -0.0001
 EELEC  =        -4.3902  EHBOND  =         0.0000  RESTRAINT  =         0.0000
 DV/DL  =        -2.6384
 ------------------------------------------------------------------------------


| TI region  2


 NSTEP =    90000   TIME(PS) =     180.000  TEMP(K) =   220.86  PRESS =     0.0
 Etot   =        17.2439  EKtot   =         3.9501  EPtot      =        13.2938
 BOND   =         1.3125  ANGLE   =         4.8793  DIHED      =         5.4161
 1-4 NB =         0.2015  1-4 EEL =         5.8746  VDWAALS    =        -0.0001
 EELEC  =        -4.3902  EHBOND  =         0.0000  RESTRAINT  =         0.0000
 DV/DL  =        -2.6384
 ------------------------------------------------------------------------------

 NMR restraints: Bond =    0.000   Angle =     0.000   Torsion =     0.000
===============================================================================

| TI region  1


 NSTEP =    95000   TIME(PS) =     190.000  TEMP(K) =   357.61  PRESS =     0.0
 Etot   =        18.9617  EKtot   =         6.3958  EPtot      =        12.5659
 BOND   =         1.4038  ANGLE   =         3.9833  DIHED      =         5.2694
 1-4 NB =         0.3856  1-4 EEL =         5.9206  VDWAALS    =        -0.0001
 EELEC  =        -4.3967  EHBOND  =         0.0000  RESTRAINT  =         0.0000
 DV/DL  =        -2.7087
 ------------------------------------------------------------------------------


| TI region  2


 NSTEP =    95000   TIME(PS) =     190.000  TEMP(K) =   357.61  PRESS =     0.0
 Etot   =        18.9617  EKtot   =         6.3958  EPtot      =        12.5659
 BOND   =         1.4038  ANGLE   =         3.9833  DIHED      =         5.2694
 1-4 NB =         0.3856  1-4 EEL =         5.9206  VDWAALS    =        -0.0001
 EELEC  =        -4.3967  EHBOND  =         0.0000  RESTRAINT  =         0.0000
 DV/DL  =        -2.7087
 ------------------------------------------------------------------------------

 NMR restraints: Bond =    0.000   Angle =     0.000   Torsion =     0.000
===============================================================================

| TI region  1


 NSTEP =   100000   TIME(PS) =     200.000  TEMP(K) =   446.96  PRESS =     0.0
 Etot   =        20.1713  EKtot   =         7.9938  EPtot      =        12.1774
 BOND   =         0.2378  ANGLE   =         4.7682  DIHED      =         5.2052
 1-4 NB =         0.4077  1-4 EEL =         5.9535  VDWAALS    =        -0.0001
 EELEC  =        -4.3949  EHBOND  =         0.0000  RESTRAINT  =         0.0000
 DV/DL  =        -2.7702
 ------------------------------------------------------------------------------


| TI region  2


 NSTEP =   100000   TIME(PS) =     200.000  TEMP(K) =   446.96  PRESS =     0.0
 Etot   =        20.1713  EKtot   =         7.9938  EPtot      =        12.1774
 BOND   =         0.2378  ANGLE   =         4.7682  DIHED      =         5.2052
 1-4 NB =         0.4077  1-4 EEL =         5.9535  VDWAALS    =        -0.0001
 EELEC  =        -4.3949  EHBOND  =         0.0000  RESTRAINT  =         0.0000
 DV/DL  =        -2.7702
 ------------------------------------------------------------------------------

 NMR restraints: Bond =    0.000   Angle =     0.000   Torsion =     0.000
===============================================================================

| TI region  1


      A V E R A G E S   O V E R      20 S T E P S


 NSTEP =   100000   TIME(PS) =     200.000  TEMP(K) =   166.92  PRESS =     0.0
 Etot   =        14.7657  EKtot   =         2.9852  EPtot      =        11.7804
 BOND   =         0.5646  ANGLE   =         4.1268  DIHED      =         5.2776
 1-4 NB =         0.3172  1-4 EEL =         5.8872  VDWAALS    =        -0.0001
 EELEC  =        -4.3928  EHBOND  =         0.0000  RESTRAINT  =         0.0000
 DV/DL  =        -2.6560
 ------------------------------------------------------------------------------

 NMR restraints: Bond =    0.000   Angle =     0.000   Torsion =     0.000
===============================================================================

      R M S  F L U C T U A T I O N S


 NSTEP =   100000   TIME(PS) =     200.000  TEMP(K) =   107.47  PRESS =     0.0
 Etot   =         2.9060  EKtot   =         1.9220  EPtot      =         1.3473
 BOND   =         0.5295  ANGLE   =         1.0433  DIHED      =         0.0751
 1-4 NB =         0.0972  1-4 EEL =         0.0446  VDWAALS    =         0.0000
 EELEC  =         0.0015  EHBOND  =         0.0000  RESTRAINT  =         0.0000
 DV/DL  =         0.0786
 ------------------------------------------------------------------------------


| TI region  2


      A V E R A G E S   O V E R      20 S T E P S


 NSTEP =   100000   TIME(PS) =     200.000  TEMP(K) =   166.92  PRESS =     0.0
 Etot   =        14.7657  EKtot   =         2.9852  EPtot      =        11.7804
 BOND   =         0.5646  ANGLE   =         4.1268  DIHED      =         5.2776
 1-4 NB =         0.3172  1-4 EEL =         5.8872  VDWAALS    =        -0.0001
 EELEC  =        -4.3928  EHBOND  =         0.0000  RESTRAINT  =         0.0000
 DV/DL  =        -2.6560
 ------------------------------------------------------------------------------

 NMR restraints: Bond =    0.000   Angle =     0.000   Torsion =     0.000
===============================================================================

      R M S  F L U C T U A T I O N S


 NSTEP =   100000   TIME(PS) =     200.000  TEMP(K) =   107.47  PRESS =     0.0
 Etot   =         2.9060  EKtot   =         1.9220  EPtot      =         1.3473
 BOND   =         0.5295  ANGLE   =         1.0433  DIHED      =         0.0751
 1-4 NB =         0.0972  1-4 EEL =         0.0446  VDWAALS    =         0.0000
 EELEC  =         0.0015  EHBOND  =         0.0000  RESTRAINT  =         0.0000
 DV/DL  =         0.0786
 ------------------------------------------------------------------------------


      DV/DL, AVERAGES OVER      20 STEPS


 NSTEP =   100000   TIME(PS) =     200.000  TEMP(K) =   107.47  PRESS =     0.0
 Etot   =         0.0000  EKtot   =         0.0000  EPtot      =        -2.6560
 BOND   =         0.0000  ANGLE   =         0.0000  DIHED      =         0.0000
 1-4 NB =         0.0000  1-4 EEL =       -10.4638  VDWAALS    =         0.0000
 EELEC  =         7.8078  EHBOND  =         0.0000  RESTRAINT  =         0.0000
 DV/DL  =        -2.6560
 ------------------------------------------------------------------------------


 NMR restraints on final step:

--------------------------------------------------------------------------------
   5.  TIMINGS
--------------------------------------------------------------------------------

|  NonSetup CPU Time in Major Routines:
|
|     Routine           Sec        %
|     ------------------------------
|     Nonbond          24.43   36.18
|     Bond              0.00    0.00
|     Angle             0.00    0.00
|     Dihedral          0.00    0.00
|     Shake             0.72    1.06
|     RunMD            42.11   62.38
|     Other             0.26    0.38
|     ------------------------------
|     Total            67.51

|  PME Nonbond Pairlist CPU Time:
|
|     Routine              Sec        %
|     ---------------------------------
|     Set Up Cit           0.00    0.00
|     Build List           0.00    0.00
|     ---------------------------------
|     Total                0.00    0.00

|  PME Direct Force CPU Time:
|
|     Routine              Sec        %
|     ---------------------------------
|     NonBonded Calc       0.00    0.00
|     Exclude Masked       0.00    0.00
|     Other                0.18    0.27
|     ---------------------------------
|     Total                0.18    0.27

|  PME Reciprocal Force CPU Time:
|
|     Routine              Sec        %
|     ---------------------------------
|     1D bspline           0.00    0.00
|     Grid Charges         0.00    0.00
|     Scalar Sum           0.00    0.00
|     Gradient Sum         0.00    0.00
|     FFT                  0.00    0.00
|     ---------------------------------
|     Total                0.00    0.00

|  Final Performance Info:
|     -----------------------------------------------------
|     Average timings for last   10000 steps:
|     Elapsed(s) =       6.77 Per Step(ms) =       0.68
|         ns/day =     255.10   seconds/ns =     338.69
|
|     Average timings for all steps:
|     Elapsed(s) =      68.22 Per Step(ms) =       0.68
|         ns/day =     253.29   seconds/ns =     341.11
|     -----------------------------------------------------

|  Setup CPU time:            0.43 seconds
|  NonSetup CPU time:        67.51 seconds
|  Total CPU time:           67.93 seconds     0.02 hours

|  Setup wall time:           1    seconds
|  NonSetup wall time:       68    seconds
|  Total wall time:          69    seconds     0.02 hours
