
          -------------------------------------------------------
          Amber 18 PMEMD                              2018
          -------------------------------------------------------

| PMEMD implementation of SANDER, Release 18

| Run on 06/12/2020 at 12:27:56

|   Executable path: /opt/software/Amber/18-foss-2018b-AmberTools-19/bin/pmemd.cuda
| Working directory: /mnt/gs18/scratch/users/songlin3/run/1264_optimization/acetate/tip3p_TIP3P/0.79366
|          Hostname: lac-141

  [-O]verwriting output

File Assignments:
|   MDIN: heat.in                                                               
|  MDOUT: heat.out                                                              
| INPCRD: min.rst                                                               
|   PARM: step1.prmtop                                                          
| RESTRT: heat.rst                                                              
|   REFC: min.rst                                                               
|  MDVEL: mdvel                                                                 
|   MDEN: mden                                                                  
|  MDCRD: heat.netcdf                                                           
| MDINFO: heat.mdinfo                                                           
|  MDFRC: mdfrc                                                                 


 Here is the input file:

nvt for free MD                                                                
 &cntrl                                                                        
  imin=0,                                                                      
  irest=0,                                                                     
  ntx=1,                                                                       
  ig=-1,                                                                       
  nstlim=200000,                                                               
  dt=0.001,                                                                    
  cut=10.0,                                                                    
  ntc=1,                                                                       
  ntf=1,                                                                       
  ntb=1,                                                                       
  ntt=3,                                                                       
  gamma_ln=2.0,                                                                
  tempi=0.0,                                                                   
  temp0=300.0,                                                                 
  ntpr=5000,                                                                   
  ntwr=5000,                                                                   
  ntwx=10000,                                                                  
  ntwv=0,                                                                      
  ioutfm=1,                                                                    
  iwrap=0,                                                                     
  nmropt=1,                                                                    
  ifsc = 1, icfe=1,                                                            
  clambda=0.79366,                                                             
  timask1=':1', scmask1=':1', scmask2='',                                      
  timask2='',                                                                  
/                                                                              
&wt TYPE='TEMP0', istep1=0, istep2=190000, value1=0.0, value2=300.0 /          
&wt TYPE='TEMP0', istep1=190001, istep2=200000, value1=300.0, value2=300.0 /   
&wt TYPE='DUMPFREQ', istep1=10000, /                                           
&wt TYPE='END', /                                                              


Note: ig = -1. Setting random seed to   699423 based on wallclock time in 
      microseconds.
| irandom = 1, using AMBER's internal random number generator (default).
 
|--------------------- INFORMATION ----------------------
| GPU (CUDA) Version of PMEMD in use: NVIDIA GPU IN USE.
|                    Version 18.0.0
| 
|                      03/25/2018
| 
| Implementation by:
|                    Ross C. Walker     (SDSC)
|                    Scott Le Grand     (nVIDIA)
| 
| Version 18 performance extensions by:
|                    David Cerutti     (Rutgers)
| 
| Precision model in use:
|      [SPFP] - Single Precision Forces, 64-bit Fixed Point
|               Accumulation. (Default)
| 
|--------------------------------------------------------
 
|----------------- CITATION INFORMATION -----------------
|
|    When publishing work that utilized the CUDA version
|    of AMBER, please cite the following in addition to
|    the regular AMBER citations:
|
|  - Romelia Salomon-Ferrer; Andreas W. Goetz; Duncan
|    Poole; Scott Le Grand; Ross C. Walker "Routine
|    microsecond molecular dynamics simulations with
|    AMBER - Part II: Particle Mesh Ewald", J. Chem.
|    Theory Comput., 2013, 9 (9), pp3878-3888,
|    DOI: 10.1021/ct400314y.
|
|  - Andreas W. Goetz; Mark J. Williamson; Dong Xu;
|    Duncan Poole; Scott Le Grand; Ross C. Walker
|    "Routine microsecond molecular dynamics simulations
|    with AMBER - Part I: Generalized Born", J. Chem.
|    Theory Comput., 2012, 8 (5), pp1542-1555.
|
|  - Scott Le Grand; Andreas W. Goetz; Ross C. Walker
|    "SPFP: Speed without compromise - a mixed precision
|    model for GPU accelerated molecular dynamics
|    simulations.", Comp. Phys. Comm., 2013, 184
|    pp374-380, DOI: 10.1016/j.cpc.2012.09.022
|
|    When publishing work that utilized the CUDA version
|    of TI, BAR, MBAR or FEP please cite the following 
|    three publications in addition to the regular AMBER 
|    GPU citations:
|
|  - Daniel J. Mermelstein; Charles Lin; Gard Nelson; 
|    Rachael Kretsch; J. Andrew McCammon; Ross C. Walker
|    "Fast and Flexible GPU Accelerated Binding 
|    Free Energy Calculations within the AMBER Molecular
|    Dynamics Package" J. Comp. Chem., 2018,
|    DOI: 10.1002/jcc.25187
|
|  - Tai-Sung Lee; Yuan Hu; Brad Sherborne; Zhuyan Guo;
|    Darrin M. York
|    "Toward Fast and Accurate Binding Affinity Prediction with
|    pmemdGTI: An Efficient Implementation of GPU-Accelerated
|    Thermodynamic Integration"
|    J. Chem. Theory Comput., 2017, 13 (7), 3077
|
|
|--------------------------------------------------------
 
|------------------- GPU DEVICE INFO --------------------
|
|            CUDA_VISIBLE_DEVICES: 0
|   CUDA Capable Devices Detected:      1
|           CUDA Device ID in use:      0
|                CUDA Device Name: Tesla K80
|     CUDA Device Global Mem Size:  11441 MB
| CUDA Device Num Multiprocessors:     13
|           CUDA Device Core Freq:   0.82 GHz
|
|--------------------------------------------------------
 
 
| Conditional Compilation Defines Used:
| PUBFFT
| BINTRAJ
| CUDA
| EMIL

| Largest sphere to fit in unit cell has radius =    27.333

| New format PARM file being parsed.
| Version =    1.000 Date = 06/12/20 Time = 12:17:32

| Note: 1-4 EEL scale factors are being read from the topology file.

| Note: 1-4 VDW scale factors are being read from the topology file.
| Duplicated    0 dihedrals

| Duplicated    0 dihedrals

--------------------------------------------------------------------------------
   1.  RESOURCE   USE: 
--------------------------------------------------------------------------------

 getting box info from netcdf restart file
 NATOM  =   20848 NTYPES =       6 NBONH =   20844 MBONA  =       3
 NTHETH =       6 MTHETA =       3 NPHIH =      12 MPHIA  =       1
 NHPARM =       0 NPARM  =       0 NNB   =   27810 NRES   =    6948
 NBONA  =       3 NTHETA =       3 NPHIA =       1 NUMBND =       5
 NUMANG =       4 NPTRA  =       3 NATYP =       6 NPHB   =       1
 IFBOX  =       2 NMXRS  =       7 IFCAP =       0 NEXTRA =       0
 NCOPY  =       0

| Coordinate Index Table dimensions:    10   10   10
| Direct force subcell size =     6.6953    6.6953    6.6953

     BOX TYPE: TRUNCATED OCTAHEDRON

--------------------------------------------------------------------------------
   2.  CONTROL  DATA  FOR  THE  RUN
--------------------------------------------------------------------------------

default_name                                                                    

General flags:
     imin    =       0, nmropt  =       1

Nature and format of input:
     ntx     =       1, irest   =       0, ntrx    =       1

Nature and format of output:
     ntxo    =       2, ntpr    =    5000, ntrx    =       1, ntwr    =    5000
     iwrap   =       0, ntwx    =   10000, ntwv    =       0, ntwe    =       0
     ioutfm  =       1, ntwprt  =       0, idecomp =       0, rbornstat=      0

Potential function:
     ntf     =       1, ntb     =       1, igb     =       0, nsnb    =      25
     ipol    =       0, gbsa    =       0, iesp    =       0
     dielc   =   1.00000, cut     =  10.00000, intdiel =   1.00000

Frozen or restrained atoms:
     ibelly  =       0, ntr     =       0

Molecular dynamics:
     nstlim  =    200000, nscm    =      1000, nrespa  =         1
     t       =   0.00000, dt      =   0.00100, vlimit  =  -1.00000

Langevin dynamics temperature regulation:
     ig      =  699423
     temp0   = 300.00000, tempi   =   0.00000, gamma_ln=   2.00000

NMR refinement options:
     iscale  =       0, noeskp  =       1, ipnlty  =       1, mxsub   =       1
     scalm   = 100.00000, pencut  =   0.10000, tausw   =   0.10000

Free energy options:
     icfe    =       1, ifsc    =       1, klambda =       1
     clambda =  0.7937, scalpha =  0.5000, scbeta  = 12.0000
     sceeorder =       2
     dynlmb =  0.0000 logdvdl =       0

| Intermolecular bonds treatment:
|     no_intermolecular_bonds =       1

| Energy averages sample interval:
|     ene_avg_sampling =    5000

Ewald parameters:
     verbose =       0, ew_type =       0, nbflag  =       1, use_pme =       1
     vdwmeth =       1, eedmeth =       1, netfrc  =       1
     Box X =   66.953   Box Y =   66.953   Box Z =   66.953
     Alpha =  109.471   Beta  =  109.471   Gamma =  109.471
     NFFT1 =   64       NFFT2 =   64       NFFT3 =   64
     Cutoff=   10.000   Tol   =0.100E-04
     Ewald Coefficient =  0.27511
     Interpolation order =    4
     TI Mask 1 :1; matches      7 atoms
     TI Mask 2  matches      0 atoms
     TI region 1:   20848 atoms
     TI region 2:   20841 atoms
     SC Mask 1 :1; matches      7 atoms

--------------------------------------------------------------------------------
   3.  ATOMIC COORDINATES AND VELOCITIES
--------------------------------------------------------------------------------

default_name                                                                    
 begin time read from input coords =     0.000 ps



           Begin reading energy term weight changes/NMR restraints
 WEIGHT CHANGES:
 TEMP0         0 190000    0.000000  300.000000      0      0
 TEMP0    190001 200000  300.000000  300.000000      0      0
 DUMPFREQ  10000      0    0.000000    0.000000      0      0

 RESTRAINTS:
                          ** No restraint defined **

                  Done reading weight changes/NMR restraints


 
 Number of triangulated 3-point waters found:     6947
 Number of shake restraints removed in TI region  1 :        0
 Number of shake restraints removed in TI region  2 :        0

     Sum of charges for TI region  1 =  -0.99999900
     Assuming uniform neutralizing plasma


     Sum of charges for TI region  2 =   0.00000000
     Forcing neutrality...

| Dynamic Memory, Types Used:
| Reals              914983
| Integers           792606

| Nonbonded Pairs Initial Allocation:     6305998

| GPU memory information (estimate):
| KB of GPU memory in use:         0
| KB of CPU memory in use:         0

--------------------------------------------------------------------------------
   4.  RESULTS
--------------------------------------------------------------------------------

   DOF for the SC part  1 of the system:   21

| TI region  1


 NSTEP =        0   TIME(PS) =       0.000  TEMP(K) =     0.00  PRESS =     0.0
 Etot   =    -88393.3913  EKtot   =         0.0000  EPtot      =    -88393.3913
 BOND   =      7063.5077  ANGLE   =         0.0000  DIHED      =        -0.0000
 1-4 NB =         0.0000  1-4 EEL =        -0.0000  VDWAALS    =     18704.4748
 EELEC  =   -114161.3738  EHBOND  =         0.0000  RESTRAINT  =         0.0000
 DV/DL  =        36.5863
 ------------------------------------------------------------------------------

  Softcore part of the system:       7 atoms,       TEMP(K)    =           0.00
 SC_Etot=        18.7681  SC_EKtot=         0.0000  SC_EPtot   =        18.7681
 SC_BOND=         0.0434  SC_ANGLE=         2.8157  SC_DIHED   =         5.2196
 SC_14NB=         0.2745  SC_14EEL=        10.4149  SC_VDW     =         0.0000
 SC_EEL =         0.0000
 SC_RES_DIST=     0.0000  SC_RES_ANG=       0.0000  SC_RES_TORS=         0.0000
 SC_EEL_DER=      0.8800  SC_VDW_DER=      -0.1028  SC_DERIV   =         0.7772
 ------------------------------------------------------------------------------


| TI region  2


 NSTEP =        0   TIME(PS) =       0.000  TEMP(K) =     0.00  PRESS =     0.0
 Etot   =    -88393.3913  EKtot   =         0.0000  EPtot      =    -88393.3913
 BOND   =      7063.5077  ANGLE   =         0.0000  DIHED      =        -0.0000
 1-4 NB =         0.0000  1-4 EEL =        -0.0000  VDWAALS    =     18704.4748
 EELEC  =   -114161.3738  EHBOND  =         0.0000  RESTRAINT  =         0.0000
 DV/DL  =        36.5863
 ------------------------------------------------------------------------------

 NMR restraints: Bond =    0.000   Angle =     0.000   Torsion =     0.000
===============================================================================

| TI region  1


 NSTEP =     5000   TIME(PS) =       5.000  TEMP(K) =     7.33  PRESS =     0.0
 Etot   =    -88395.5207  EKtot   =       455.4402  EPtot      =    -88850.9609
 BOND   =      7406.5802  ANGLE   =         0.0000  DIHED      =        -0.0000
 1-4 NB =         0.0000  1-4 EEL =         0.0000  VDWAALS    =     19408.7309
 EELEC  =   -115666.2720  EHBOND  =         0.0000  RESTRAINT  =         0.0000
 DV/DL  =        34.4217
 ------------------------------------------------------------------------------

  Softcore part of the system:       7 atoms,       TEMP(K)    =           6.89
 SC_Etot=        19.0189  SC_EKtot=         0.1438  SC_EPtot   =        18.8751
 SC_BOND=         0.0625  SC_ANGLE=         2.8321  SC_DIHED   =         5.2135
 SC_14NB=         0.3143  SC_14EEL=        10.4527  SC_VDW     =         0.0000
 SC_EEL =         0.0000
 SC_RES_DIST=     0.0000  SC_RES_ANG=       0.0000  SC_RES_TORS=         0.0000
 SC_EEL_DER=      1.0366  SC_VDW_DER=      -0.2578  SC_DERIV   =         0.7788
 ------------------------------------------------------------------------------


| TI region  2


 NSTEP =     5000   TIME(PS) =       5.000  TEMP(K) =     7.33  PRESS =     0.0
 Etot   =    -88395.6645  EKtot   =       455.2964  EPtot      =    -88850.9609
 BOND   =      7406.5802  ANGLE   =         0.0000  DIHED      =        -0.0000
 1-4 NB =         0.0000  1-4 EEL =         0.0000  VDWAALS    =     19408.7309
 EELEC  =   -115666.2720  EHBOND  =         0.0000  RESTRAINT  =         0.0000
 DV/DL  =        34.4217
 ------------------------------------------------------------------------------

 NMR restraints: Bond =    0.000   Angle =     0.000   Torsion =     0.000
===============================================================================

| TI region  1


 NSTEP =    10000   TIME(PS) =      10.000  TEMP(K) =    15.17  PRESS =     0.0
 Etot   =    -87625.7890  EKtot   =       942.9151  EPtot      =    -88568.7041
 BOND   =      7604.9405  ANGLE   =        -0.0000  DIHED      =        -0.0000
 1-4 NB =         0.0000  1-4 EEL =        -0.0000  VDWAALS    =     19476.8475
 EELEC  =   -115650.4920  EHBOND  =         0.0000  RESTRAINT  =         0.0000
 DV/DL  =        35.0726
 ------------------------------------------------------------------------------

  Softcore part of the system:       7 atoms,       TEMP(K)    =          10.12
 SC_Etot=        19.1471  SC_EKtot=         0.2112  SC_EPtot   =        18.9359
 SC_BOND=         0.0856  SC_ANGLE=         2.8598  SC_DIHED   =         5.2253
 SC_14NB=         0.3129  SC_14EEL=        10.4523  SC_VDW     =         0.0000
 SC_EEL =         0.0000
 SC_RES_DIST=     0.0000  SC_RES_ANG=       0.0000  SC_RES_TORS=         0.0000
 SC_EEL_DER=      1.0292  SC_VDW_DER=      -0.4096  SC_DERIV   =         0.6196
 ------------------------------------------------------------------------------


| TI region  2


 NSTEP =    10000   TIME(PS) =      10.000  TEMP(K) =    15.17  PRESS =     0.0
 Etot   =    -87626.0002  EKtot   =       942.7039  EPtot      =    -88568.7041
 BOND   =      7604.9405  ANGLE   =        -0.0000  DIHED      =        -0.0000
 1-4 NB =         0.0000  1-4 EEL =        -0.0000  VDWAALS    =     19476.8475
 EELEC  =   -115650.4920  EHBOND  =         0.0000  RESTRAINT  =         0.0000
 DV/DL  =        35.0726
 ------------------------------------------------------------------------------

 NMR restraints: Bond =    0.000   Angle =     0.000   Torsion =     0.000
===============================================================================

| TI region  1


 NSTEP =    15000   TIME(PS) =      15.000  TEMP(K) =    23.18  PRESS =     0.0
 Etot   =    -86774.5236  EKtot   =      1440.3512  EPtot      =    -88214.8748
 BOND   =      7793.4723  ANGLE   =        -0.0000  DIHED      =        -0.0000
 1-4 NB =         0.0000  1-4 EEL =        -0.0000  VDWAALS    =     19461.3723
 EELEC  =   -115469.7194  EHBOND  =         0.0000  RESTRAINT  =         0.0000
 DV/DL  =        35.0399
 ------------------------------------------------------------------------------

  Softcore part of the system:       7 atoms,       TEMP(K)    =          17.59
 SC_Etot=        19.4498  SC_EKtot=         0.3671  SC_EPtot   =        19.0827
 SC_BOND=         0.1511  SC_ANGLE=         2.8258  SC_DIHED   =         5.2224
 SC_14NB=         0.3686  SC_14EEL=        10.5148  SC_VDW     =         0.0000
 SC_EEL =         0.0000
 SC_RES_DIST=     0.0000  SC_RES_ANG=       0.0000  SC_RES_TORS=         0.0000
 SC_EEL_DER=      0.9896  SC_VDW_DER=      -0.5328  SC_DERIV   =         0.4567
 ------------------------------------------------------------------------------


| TI region  2


 NSTEP =    15000   TIME(PS) =      15.000  TEMP(K) =    23.18  PRESS =     0.0
 Etot   =    -86774.8906  EKtot   =      1439.9841  EPtot      =    -88214.8748
 BOND   =      7793.4723  ANGLE   =        -0.0000  DIHED      =        -0.0000
 1-4 NB =         0.0000  1-4 EEL =        -0.0000  VDWAALS    =     19461.3723
 EELEC  =   -115469.7194  EHBOND  =         0.0000  RESTRAINT  =         0.0000
 DV/DL  =        35.0399
 ------------------------------------------------------------------------------

 NMR restraints: Bond =    0.000   Angle =     0.000   Torsion =     0.000
===============================================================================

| TI region  1


 NSTEP =    20000   TIME(PS) =      20.000  TEMP(K) =    30.93  PRESS =     0.0
 Etot   =    -85893.6430  EKtot   =      1921.8342  EPtot      =    -87815.4773
 BOND   =      7995.5707  ANGLE   =         0.0000  DIHED      =        -0.0000
 1-4 NB =         0.0000  1-4 EEL =         0.0000  VDWAALS    =     19352.3513
 EELEC  =   -115163.3993  EHBOND  =         0.0000  RESTRAINT  =         0.0000
 DV/DL  =        35.7365
 ------------------------------------------------------------------------------

  Softcore part of the system:       7 atoms,       TEMP(K)    =          38.28
 SC_Etot=        20.0535  SC_EKtot=         0.7987  SC_EPtot   =        19.2548
 SC_BOND=         0.2860  SC_ANGLE=         2.9995  SC_DIHED   =         5.2128
 SC_14NB=         0.3254  SC_14EEL=        10.4311  SC_VDW     =         0.0000
 SC_EEL =         0.0000
 SC_RES_DIST=     0.0000  SC_RES_ANG=       0.0000  SC_RES_TORS=         0.0000
 SC_EEL_DER=      1.1822  SC_VDW_DER=      -0.4992  SC_DERIV   =         0.6830
 ------------------------------------------------------------------------------


| TI region  2


 NSTEP =    20000   TIME(PS) =      20.000  TEMP(K) =    30.92  PRESS =     0.0
 Etot   =    -85894.4417  EKtot   =      1921.0356  EPtot      =    -87815.4773
 BOND   =      7995.5707  ANGLE   =         0.0000  DIHED      =        -0.0000
 1-4 NB =         0.0000  1-4 EEL =         0.0000  VDWAALS    =     19352.3513
 EELEC  =   -115163.3993  EHBOND  =         0.0000  RESTRAINT  =         0.0000
 DV/DL  =        35.7365
 ------------------------------------------------------------------------------

 NMR restraints: Bond =    0.000   Angle =     0.000   Torsion =     0.000
===============================================================================

| TI region  1


 NSTEP =    25000   TIME(PS) =      25.000  TEMP(K) =    38.90  PRESS =     0.0
 Etot   =    -85058.7211  EKtot   =      2417.2290  EPtot      =    -87475.9501
 BOND   =      8155.5347  ANGLE   =        -0.0000  DIHED      =        -0.0000
 1-4 NB =         0.0000  1-4 EEL =        -0.0000  VDWAALS    =     19441.2254
 EELEC  =   -115072.7102  EHBOND  =         0.0000  RESTRAINT  =         0.0000
 DV/DL  =        39.8275
 ------------------------------------------------------------------------------

  Softcore part of the system:       7 atoms,       TEMP(K)    =          42.64
 SC_Etot=        20.1051  SC_EKtot=         0.8897  SC_EPtot   =        19.2155
 SC_BOND=         0.3583  SC_ANGLE=         3.0270  SC_DIHED   =         5.2151
 SC_14NB=         0.2453  SC_14EEL=        10.3698  SC_VDW     =         0.0000
 SC_EEL =         0.0000
 SC_RES_DIST=     0.0000  SC_RES_ANG=       0.0000  SC_RES_TORS=         0.0000
 SC_EEL_DER=      1.0595  SC_VDW_DER=      -0.3524  SC_DERIV   =         0.7070
 ------------------------------------------------------------------------------


| TI region  2


 NSTEP =    25000   TIME(PS) =      25.000  TEMP(K) =    38.90  PRESS =     0.0
 Etot   =    -85059.6108  EKtot   =      2416.3393  EPtot      =    -87475.9501
 BOND   =      8155.5347  ANGLE   =        -0.0000  DIHED      =        -0.0000
 1-4 NB =         0.0000  1-4 EEL =        -0.0000  VDWAALS    =     19441.2254
 EELEC  =   -115072.7102  EHBOND  =         0.0000  RESTRAINT  =         0.0000
 DV/DL  =        39.8275
 ------------------------------------------------------------------------------

 NMR restraints: Bond =    0.000   Angle =     0.000   Torsion =     0.000
===============================================================================

| TI region  1


 NSTEP =    30000   TIME(PS) =      30.000  TEMP(K) =    46.92  PRESS =     0.0
 Etot   =    -84182.8793  EKtot   =      2915.5847  EPtot      =    -87098.4641
 BOND   =      8341.8588  ANGLE   =        -0.0000  DIHED      =        -0.0000
 1-4 NB =         0.0000  1-4 EEL =         0.0000  VDWAALS    =     19414.3869
 EELEC  =   -114854.7098  EHBOND  =         0.0000  RESTRAINT  =         0.0000
 DV/DL  =        36.1944
 ------------------------------------------------------------------------------

  Softcore part of the system:       7 atoms,       TEMP(K)    =          78.97
 SC_Etot=        21.3161  SC_EKtot=         1.6477  SC_EPtot   =        19.6685
 SC_BOND=         0.3297  SC_ANGLE=         3.6269  SC_DIHED   =         5.2091
 SC_14NB=         0.2036  SC_14EEL=        10.2992  SC_VDW     =         0.0000
 SC_EEL =         0.0000
 SC_RES_DIST=     0.0000  SC_RES_ANG=       0.0000  SC_RES_TORS=         0.0000
 SC_EEL_DER=      0.9679  SC_VDW_DER=      -0.3020  SC_DERIV   =         0.6659
 ------------------------------------------------------------------------------


| TI region  2


 NSTEP =    30000   TIME(PS) =      30.000  TEMP(K) =    46.91  PRESS =     0.0
 Etot   =    -84184.5270  EKtot   =      2913.9371  EPtot      =    -87098.4641
 BOND   =      8341.8588  ANGLE   =        -0.0000  DIHED      =        -0.0000
 1-4 NB =         0.0000  1-4 EEL =         0.0000  VDWAALS    =     19414.3869
 EELEC  =   -114854.7098  EHBOND  =         0.0000  RESTRAINT  =         0.0000
 DV/DL  =        36.1944
 ------------------------------------------------------------------------------

 NMR restraints: Bond =    0.000   Angle =     0.000   Torsion =     0.000
===============================================================================

| TI region  1


 NSTEP =    35000   TIME(PS) =      35.000  TEMP(K) =    54.49  PRESS =     0.0
 Etot   =    -83318.5279  EKtot   =      3386.3032  EPtot      =    -86704.8311
 BOND   =      8455.0279  ANGLE   =        -0.0000  DIHED      =        -0.0000
 1-4 NB =         0.0000  1-4 EEL =        -0.0000  VDWAALS    =     19512.5859
 EELEC  =   -114672.4449  EHBOND  =         0.0000  RESTRAINT  =         0.0000
 DV/DL  =        33.8984
 ------------------------------------------------------------------------------

  Softcore part of the system:       7 atoms,       TEMP(K)    =          69.44
 SC_Etot=        21.3052  SC_EKtot=         1.4488  SC_EPtot   =        19.8563
 SC_BOND=         0.7202  SC_ANGLE=         3.4623  SC_DIHED   =         5.2192
 SC_14NB=         0.1727  SC_14EEL=        10.2819  SC_VDW     =         0.0000
 SC_EEL =         0.0000
 SC_RES_DIST=     0.0000  SC_RES_ANG=       0.0000  SC_RES_TORS=         0.0000
 SC_EEL_DER=      0.9746  SC_VDW_DER=      -0.1874  SC_DERIV   =         0.7872
 ------------------------------------------------------------------------------


| TI region  2


 NSTEP =    35000   TIME(PS) =      35.000  TEMP(K) =    54.49  PRESS =     0.0
 Etot   =    -83319.9767  EKtot   =      3384.8544  EPtot      =    -86704.8311
 BOND   =      8455.0279  ANGLE   =        -0.0000  DIHED      =        -0.0000
 1-4 NB =         0.0000  1-4 EEL =        -0.0000  VDWAALS    =     19512.5859
 EELEC  =   -114672.4449  EHBOND  =         0.0000  RESTRAINT  =         0.0000
 DV/DL  =        33.8984
 ------------------------------------------------------------------------------

 NMR restraints: Bond =    0.000   Angle =     0.000   Torsion =     0.000
===============================================================================

| TI region  1


 NSTEP =    40000   TIME(PS) =      40.000  TEMP(K) =    62.70  PRESS =     0.0
 Etot   =    -82355.7024  EKtot   =      3896.2812  EPtot      =    -86251.9836
 BOND   =      8808.6696  ANGLE   =         0.0000  DIHED      =         0.0000
 1-4 NB =         0.0000  1-4 EEL =        -0.0000  VDWAALS    =     19567.4038
 EELEC  =   -114628.0569  EHBOND  =         0.0000  RESTRAINT  =         0.0000
 DV/DL  =        40.5240
 ------------------------------------------------------------------------------

  Softcore part of the system:       7 atoms,       TEMP(K)    =          47.55
 SC_Etot=        20.2393  SC_EKtot=         0.9922  SC_EPtot   =        19.2471
 SC_BOND=         0.2073  SC_ANGLE=         3.0739  SC_DIHED   =         5.2477
 SC_14NB=         0.2700  SC_14EEL=        10.4482  SC_VDW     =         0.0000
 SC_EEL =         0.0000
 SC_RES_DIST=     0.0000  SC_RES_ANG=       0.0000  SC_RES_TORS=         0.0000
 SC_EEL_DER=      1.2499  SC_VDW_DER=      -0.3516  SC_DERIV   =         0.8982
 ------------------------------------------------------------------------------


| TI region  2


 NSTEP =    40000   TIME(PS) =      40.000  TEMP(K) =    62.70  PRESS =     0.0
 Etot   =    -82356.6945  EKtot   =      3895.2891  EPtot      =    -86251.9836
 BOND   =      8808.6696  ANGLE   =         0.0000  DIHED      =         0.0000
 1-4 NB =         0.0000  1-4 EEL =        -0.0000  VDWAALS    =     19567.4038
 EELEC  =   -114628.0569  EHBOND  =         0.0000  RESTRAINT  =         0.0000
 DV/DL  =        40.5240
 ------------------------------------------------------------------------------

 NMR restraints: Bond =    0.000   Angle =     0.000   Torsion =     0.000
===============================================================================

| TI region  1


 NSTEP =    45000   TIME(PS) =      45.000  TEMP(K) =    70.99  PRESS =     0.0
 Etot   =    -81453.6010  EKtot   =      4411.6387  EPtot      =    -85865.2397
 BOND   =      8889.0810  ANGLE   =         0.0000  DIHED      =        -0.0000
 1-4 NB =         0.0000  1-4 EEL =         0.0000  VDWAALS    =     19548.3108
 EELEC  =   -114302.6316  EHBOND  =         0.0000  RESTRAINT  =         0.0000
 DV/DL  =        36.2356
 ------------------------------------------------------------------------------

  Softcore part of the system:       7 atoms,       TEMP(K)    =         120.82
 SC_Etot=        22.0938  SC_EKtot=         2.5209  SC_EPtot   =        19.5729
 SC_BOND=         0.8005  SC_ANGLE=         2.9396  SC_DIHED   =         5.2442
 SC_14NB=         0.2241  SC_14EEL=        10.3645  SC_VDW     =         0.0000
 SC_EEL =         0.0000
 SC_RES_DIST=     0.0000  SC_RES_ANG=       0.0000  SC_RES_TORS=         0.0000
 SC_EEL_DER=      1.3710  SC_VDW_DER=      -1.1639  SC_DERIV   =         0.2072
 ------------------------------------------------------------------------------


| TI region  2


 NSTEP =    45000   TIME(PS) =      45.000  TEMP(K) =    70.97  PRESS =     0.0
 Etot   =    -81456.1220  EKtot   =      4409.1178  EPtot      =    -85865.2397
 BOND   =      8889.0810  ANGLE   =         0.0000  DIHED      =        -0.0000
 1-4 NB =         0.0000  1-4 EEL =         0.0000  VDWAALS    =     19548.3108
 EELEC  =   -114302.6316  EHBOND  =         0.0000  RESTRAINT  =         0.0000
 DV/DL  =        36.2356
 ------------------------------------------------------------------------------

 NMR restraints: Bond =    0.000   Angle =     0.000   Torsion =     0.000
===============================================================================

| TI region  1


 NSTEP =    50000   TIME(PS) =      50.000  TEMP(K) =    78.56  PRESS =     0.0
 Etot   =    -80592.7738  EKtot   =      4882.1260  EPtot      =    -85474.8998
 BOND   =      9100.9746  ANGLE   =         0.0000  DIHED      =         0.0000
 1-4 NB =         0.0000  1-4 EEL =        -0.0000  VDWAALS    =     19500.8861
 EELEC  =   -114076.7606  EHBOND  =         0.0000  RESTRAINT  =         0.0000
 DV/DL  =        39.0981
 ------------------------------------------------------------------------------

  Softcore part of the system:       7 atoms,       TEMP(K)    =          84.01
 SC_Etot=        21.4753  SC_EKtot=         1.7530  SC_EPtot   =        19.7223
 SC_BOND=         0.4456  SC_ANGLE=         3.4497  SC_DIHED   =         5.2192
 SC_14NB=         0.2186  SC_14EEL=        10.3891  SC_VDW     =         0.0000
 SC_EEL =         0.0000
 SC_RES_DIST=     0.0000  SC_RES_ANG=       0.0000  SC_RES_TORS=         0.0000
 SC_EEL_DER=      0.7401  SC_VDW_DER=      -0.3374  SC_DERIV   =         0.4027
 ------------------------------------------------------------------------------


| TI region  2


 NSTEP =    50000   TIME(PS) =      50.000  TEMP(K) =    78.56  PRESS =     0.0
 Etot   =    -80594.5268  EKtot   =      4880.3730  EPtot      =    -85474.8998
 BOND   =      9100.9746  ANGLE   =         0.0000  DIHED      =         0.0000
 1-4 NB =         0.0000  1-4 EEL =        -0.0000  VDWAALS    =     19500.8861
 EELEC  =   -114076.7606  EHBOND  =         0.0000  RESTRAINT  =         0.0000
 DV/DL  =        39.0981
 ------------------------------------------------------------------------------

 NMR restraints: Bond =    0.000   Angle =     0.000   Torsion =     0.000
===============================================================================

| TI region  1


 NSTEP =    55000   TIME(PS) =      55.000  TEMP(K) =    86.30  PRESS =     0.0
 Etot   =    -79805.8305  EKtot   =      5362.6963  EPtot      =    -85168.5268
 BOND   =      9272.5441  ANGLE   =        -0.0000  DIHED      =        -0.0000
 1-4 NB =         0.0000  1-4 EEL =        -0.0000  VDWAALS    =     19386.7298
 EELEC  =   -113827.8007  EHBOND  =         0.0000  RESTRAINT  =         0.0000
 DV/DL  =        43.0042
 ------------------------------------------------------------------------------

  Softcore part of the system:       7 atoms,       TEMP(K)    =          97.03
 SC_Etot=        21.7592  SC_EKtot=         2.0246  SC_EPtot   =        19.7346
 SC_BOND=         0.4179  SC_ANGLE=         3.2751  SC_DIHED   =         5.3010
 SC_14NB=         0.2842  SC_14EEL=        10.4565  SC_VDW     =         0.0000
 SC_EEL =         0.0000
 SC_RES_DIST=     0.0000  SC_RES_ANG=       0.0000  SC_RES_TORS=         0.0000
 SC_EEL_DER=      0.9968  SC_VDW_DER=      -0.5211  SC_DERIV   =         0.4757
 ------------------------------------------------------------------------------


| TI region  2


 NSTEP =    55000   TIME(PS) =      55.000  TEMP(K) =    86.29  PRESS =     0.0
 Etot   =    -79807.8551  EKtot   =      5360.6717  EPtot      =    -85168.5268
 BOND   =      9272.5441  ANGLE   =        -0.0000  DIHED      =        -0.0000
 1-4 NB =         0.0000  1-4 EEL =        -0.0000  VDWAALS    =     19386.7298
 EELEC  =   -113827.8007  EHBOND  =         0.0000  RESTRAINT  =         0.0000
 DV/DL  =        43.0042
 ------------------------------------------------------------------------------

 NMR restraints: Bond =    0.000   Angle =     0.000   Torsion =     0.000
===============================================================================

| TI region  1


 NSTEP =    60000   TIME(PS) =      60.000  TEMP(K) =    94.04  PRESS =     0.0
 Etot   =    -78934.2090  EKtot   =      5843.8916  EPtot      =    -84778.1006
 BOND   =      9396.4976  ANGLE   =        -0.0000  DIHED      =         0.0000
 1-4 NB =         0.0000  1-4 EEL =        -0.0000  VDWAALS    =     19409.2357
 EELEC  =   -113583.8338  EHBOND  =         0.0000  RESTRAINT  =         0.0000
 DV/DL  =        38.0019
 ------------------------------------------------------------------------------

  Softcore part of the system:       7 atoms,       TEMP(K)    =          81.29
 SC_Etot=        20.8460  SC_EKtot=         1.6961  SC_EPtot   =        19.1500
 SC_BOND=         0.5561  SC_ANGLE=         2.7903  SC_DIHED   =         5.2280
 SC_14NB=         0.2236  SC_14EEL=        10.3519  SC_VDW     =         0.0000
 SC_EEL =         0.0000
 SC_RES_DIST=     0.0000  SC_RES_ANG=       0.0000  SC_RES_TORS=         0.0000
 SC_EEL_DER=      1.1589  SC_VDW_DER=      -0.6084  SC_DERIV   =         0.5504
 ------------------------------------------------------------------------------


| TI region  2


 NSTEP =    60000   TIME(PS) =      60.000  TEMP(K) =    94.04  PRESS =     0.0
 Etot   =    -78935.9051  EKtot   =      5842.1955  EPtot      =    -84778.1006
 BOND   =      9396.4976  ANGLE   =        -0.0000  DIHED      =         0.0000
 1-4 NB =         0.0000  1-4 EEL =        -0.0000  VDWAALS    =     19409.2357
 EELEC  =   -113583.8338  EHBOND  =         0.0000  RESTRAINT  =         0.0000
 DV/DL  =        38.0019
 ------------------------------------------------------------------------------

 NMR restraints: Bond =    0.000   Angle =     0.000   Torsion =     0.000
===============================================================================

| TI region  1


 NSTEP =    65000   TIME(PS) =      65.000  TEMP(K) =   102.38  PRESS =     0.0
 Etot   =    -77895.3797  EKtot   =      6362.3872  EPtot      =    -84257.7669
 BOND   =      9560.0506  ANGLE   =         0.0000  DIHED      =        -0.0000
 1-4 NB =         0.0000  1-4 EEL =         0.0000  VDWAALS    =     19346.9499
 EELEC  =   -113164.7674  EHBOND  =         0.0000  RESTRAINT  =         0.0000
 DV/DL  =        43.2682
 ------------------------------------------------------------------------------

  Softcore part of the system:       7 atoms,       TEMP(K)    =         140.81
 SC_Etot=        23.7858  SC_EKtot=         2.9382  SC_EPtot   =        20.8477
 SC_BOND=         0.3060  SC_ANGLE=         4.6670  SC_DIHED   =         5.2799
 SC_14NB=         0.2208  SC_14EEL=        10.3740  SC_VDW     =         0.0000
 SC_EEL =         0.0000
 SC_RES_DIST=     0.0000  SC_RES_ANG=       0.0000  SC_RES_TORS=         0.0000
 SC_EEL_DER=      0.9822  SC_VDW_DER=      -0.6528  SC_DERIV   =         0.3294
 ------------------------------------------------------------------------------


| TI region  2


 NSTEP =    65000   TIME(PS) =      65.000  TEMP(K) =   102.37  PRESS =     0.0
 Etot   =    -77898.3179  EKtot   =      6359.4491  EPtot      =    -84257.7669
 BOND   =      9560.0506  ANGLE   =         0.0000  DIHED      =        -0.0000
 1-4 NB =         0.0000  1-4 EEL =         0.0000  VDWAALS    =     19346.9499
 EELEC  =   -113164.7674  EHBOND  =         0.0000  RESTRAINT  =         0.0000
 DV/DL  =        43.2682
 ------------------------------------------------------------------------------

 NMR restraints: Bond =    0.000   Angle =     0.000   Torsion =     0.000
===============================================================================

| TI region  1


 NSTEP =    70000   TIME(PS) =      70.000  TEMP(K) =   109.88  PRESS =     0.0
 Etot   =    -77017.4739  EKtot   =      6828.0195  EPtot      =    -83845.4934
 BOND   =      9759.3577  ANGLE   =        -0.0000  DIHED      =        -0.0000
 1-4 NB =         0.0000  1-4 EEL =         0.0000  VDWAALS    =     19093.0009
 EELEC  =   -112697.8520  EHBOND  =         0.0000  RESTRAINT  =         0.0000
 DV/DL  =        42.3833
 ------------------------------------------------------------------------------

  Softcore part of the system:       7 atoms,       TEMP(K)    =          96.87
 SC_Etot=        21.9723  SC_EKtot=         2.0212  SC_EPtot   =        19.9511
 SC_BOND=         0.3877  SC_ANGLE=         3.1328  SC_DIHED   =         5.2836
 SC_14NB=         0.5228  SC_14EEL=        10.6243  SC_VDW     =         0.0000
 SC_EEL =         0.0000
 SC_RES_DIST=     0.0000  SC_RES_ANG=       0.0000  SC_RES_TORS=         0.0000
 SC_EEL_DER=      1.0630  SC_VDW_DER=      -0.6389  SC_DERIV   =         0.4240
 ------------------------------------------------------------------------------


| TI region  2


 NSTEP =    70000   TIME(PS) =      70.000  TEMP(K) =   109.88  PRESS =     0.0
 Etot   =    -77019.4950  EKtot   =      6825.9984  EPtot      =    -83845.4934
 BOND   =      9759.3577  ANGLE   =        -0.0000  DIHED      =        -0.0000
 1-4 NB =         0.0000  1-4 EEL =         0.0000  VDWAALS    =     19093.0009
 EELEC  =   -112697.8520  EHBOND  =         0.0000  RESTRAINT  =         0.0000
 DV/DL  =        42.3833
 ------------------------------------------------------------------------------

 NMR restraints: Bond =    0.000   Angle =     0.000   Torsion =     0.000
===============================================================================

| TI region  1


 NSTEP =    75000   TIME(PS) =      75.000  TEMP(K) =   118.20  PRESS =     0.0
 Etot   =    -76006.2299  EKtot   =      7345.2285  EPtot      =    -83351.4584
 BOND   =      9979.2312  ANGLE   =        -0.0000  DIHED      =         0.0000
 1-4 NB =         0.0000  1-4 EEL =        -0.0000  VDWAALS    =     19138.6202
 EELEC  =   -112469.3098  EHBOND  =         0.0000  RESTRAINT  =         0.0000
 DV/DL  =        42.6134
 ------------------------------------------------------------------------------

  Softcore part of the system:       7 atoms,       TEMP(K)    =         102.00
 SC_Etot=        22.1721  SC_EKtot=         2.1283  SC_EPtot   =        20.0438
 SC_BOND=         0.7391  SC_ANGLE=         3.1112  SC_DIHED   =         5.2100
 SC_14NB=         0.4234  SC_14EEL=        10.5602  SC_VDW     =         0.0000
 SC_EEL =         0.0000
 SC_RES_DIST=     0.0000  SC_RES_ANG=       0.0000  SC_RES_TORS=         0.0000
 SC_EEL_DER=      0.8145  SC_VDW_DER=      -0.0100  SC_DERIV   =         0.8045
 ------------------------------------------------------------------------------


| TI region  2


 NSTEP =    75000   TIME(PS) =      75.000  TEMP(K) =   118.20  PRESS =     0.0
 Etot   =    -76008.3582  EKtot   =      7343.1002  EPtot      =    -83351.4584
 BOND   =      9979.2312  ANGLE   =        -0.0000  DIHED      =         0.0000
 1-4 NB =         0.0000  1-4 EEL =        -0.0000  VDWAALS    =     19138.6202
 EELEC  =   -112469.3098  EHBOND  =         0.0000  RESTRAINT  =         0.0000
 DV/DL  =        42.6134
 ------------------------------------------------------------------------------

 NMR restraints: Bond =    0.000   Angle =     0.000   Torsion =     0.000
===============================================================================

| TI region  1


 NSTEP =    80000   TIME(PS) =      80.000  TEMP(K) =   125.95  PRESS =     0.0
 Etot   =    -75229.5181  EKtot   =      7826.6924  EPtot      =    -83056.2105
 BOND   =     10082.9397  ANGLE   =        -0.0000  DIHED      =        -0.0000
 1-4 NB =         0.0000  1-4 EEL =        -0.0000  VDWAALS    =     19154.9860
 EELEC  =   -112294.1362  EHBOND  =         0.0000  RESTRAINT  =         0.0000
 DV/DL  =        44.8478
 ------------------------------------------------------------------------------

  Softcore part of the system:       7 atoms,       TEMP(K)    =         236.87
 SC_Etot=        24.6775  SC_EKtot=         4.9423  SC_EPtot   =        19.7352
 SC_BOND=         0.1987  SC_ANGLE=         3.6029  SC_DIHED   =         5.2128
 SC_14NB=         0.2890  SC_14EEL=        10.4318  SC_VDW     =         0.0000
 SC_EEL =         0.0000
 SC_RES_DIST=     0.0000  SC_RES_ANG=       0.0000  SC_RES_TORS=         0.0000
 SC_EEL_DER=      1.4923  SC_VDW_DER=      -0.7663  SC_DERIV   =         0.7260
 ------------------------------------------------------------------------------


| TI region  2


 NSTEP =    80000   TIME(PS) =      80.000  TEMP(K) =   125.91  PRESS =     0.0
 Etot   =    -75234.4604  EKtot   =      7821.7501  EPtot      =    -83056.2105
 BOND   =     10082.9397  ANGLE   =        -0.0000  DIHED      =        -0.0000
 1-4 NB =         0.0000  1-4 EEL =        -0.0000  VDWAALS    =     19154.9860
 EELEC  =   -112294.1362  EHBOND  =         0.0000  RESTRAINT  =         0.0000
 DV/DL  =        44.8478
 ------------------------------------------------------------------------------

 NMR restraints: Bond =    0.000   Angle =     0.000   Torsion =     0.000
===============================================================================

| TI region  1


 NSTEP =    85000   TIME(PS) =      85.000  TEMP(K) =   133.40  PRESS =     0.0
 Etot   =    -74284.2332  EKtot   =      8289.7988  EPtot      =    -82574.0320
 BOND   =     10289.1935  ANGLE   =        -0.0000  DIHED      =         0.0000
 1-4 NB =         0.0000  1-4 EEL =         0.0000  VDWAALS    =     19277.8796
 EELEC  =   -112141.1051  EHBOND  =         0.0000  RESTRAINT  =         0.0000
 DV/DL  =        25.4009
 ------------------------------------------------------------------------------

  Softcore part of the system:       7 atoms,       TEMP(K)    =         140.13
 SC_Etot=        22.7320  SC_EKtot=         2.9239  SC_EPtot   =        19.8080
 SC_BOND=         0.4455  SC_ANGLE=         3.1201  SC_DIHED   =         5.2237
 SC_14NB=         0.4926  SC_14EEL=        10.5261  SC_VDW     =         0.0000
 SC_EEL =         0.0000
 SC_RES_DIST=     0.0000  SC_RES_ANG=       0.0000  SC_RES_TORS=         0.0000
 SC_EEL_DER=      0.3036  SC_VDW_DER=      -0.4177  SC_DERIV   =        -0.1141
 ------------------------------------------------------------------------------


| TI region  2


 NSTEP =    85000   TIME(PS) =      85.000  TEMP(K) =   133.40  PRESS =     0.0
 Etot   =    -74287.1572  EKtot   =      8286.8749  EPtot      =    -82574.0320
 BOND   =     10289.1935  ANGLE   =        -0.0000  DIHED      =         0.0000
 1-4 NB =         0.0000  1-4 EEL =         0.0000  VDWAALS    =     19277.8796
 EELEC  =   -112141.1051  EHBOND  =         0.0000  RESTRAINT  =         0.0000
 DV/DL  =        25.4009
 ------------------------------------------------------------------------------

 NMR restraints: Bond =    0.000   Angle =     0.000   Torsion =     0.000
===============================================================================

| TI region  1


 NSTEP =    90000   TIME(PS) =      90.000  TEMP(K) =   141.45  PRESS =     0.0
 Etot   =    -73240.4678  EKtot   =      8790.1074  EPtot      =    -82030.5752
 BOND   =     10591.0849  ANGLE   =         0.0000  DIHED      =         0.0000
 1-4 NB =         0.0000  1-4 EEL =        -0.0000  VDWAALS    =     18922.4424
 EELEC  =   -111544.1025  EHBOND  =         0.0000  RESTRAINT  =         0.0000
 DV/DL  =        32.1940
 ------------------------------------------------------------------------------

  Softcore part of the system:       7 atoms,       TEMP(K)    =         187.34
 SC_Etot=        24.2178  SC_EKtot=         3.9088  SC_EPtot   =        20.3089
 SC_BOND=         0.9935  SC_ANGLE=         3.6372  SC_DIHED   =         5.2097
 SC_14NB=         0.1682  SC_14EEL=        10.3003  SC_VDW     =         0.0000
 SC_EEL =         0.0000
 SC_RES_DIST=     0.0000  SC_RES_ANG=       0.0000  SC_RES_TORS=         0.0000
 SC_EEL_DER=      0.3646  SC_VDW_DER=       0.0341  SC_DERIV   =         0.3988
 ------------------------------------------------------------------------------


| TI region  2


 NSTEP =    90000   TIME(PS) =      90.000  TEMP(K) =   141.43  PRESS =     0.0
 Etot   =    -73244.3767  EKtot   =      8786.1986  EPtot      =    -82030.5752
 BOND   =     10591.0849  ANGLE   =         0.0000  DIHED      =         0.0000
 1-4 NB =         0.0000  1-4 EEL =        -0.0000  VDWAALS    =     18922.4424
 EELEC  =   -111544.1025  EHBOND  =         0.0000  RESTRAINT  =         0.0000
 DV/DL  =        32.1940
 ------------------------------------------------------------------------------

 NMR restraints: Bond =    0.000   Angle =     0.000   Torsion =     0.000
===============================================================================

| TI region  1


 NSTEP =    95000   TIME(PS) =      95.000  TEMP(K) =   149.40  PRESS =     0.0
 Etot   =    -72315.7472  EKtot   =      9284.2930  EPtot      =    -81600.0402
 BOND   =     10540.9547  ANGLE   =         0.0000  DIHED      =        -0.0000
 1-4 NB =         0.0000  1-4 EEL =        -0.0000  VDWAALS    =     19041.7896
 EELEC  =   -111182.7844  EHBOND  =         0.0000  RESTRAINT  =         0.0000
 DV/DL  =        34.3400
 ------------------------------------------------------------------------------

  Softcore part of the system:       7 atoms,       TEMP(K)    =         123.88
 SC_Etot=        24.1021  SC_EKtot=         2.5848  SC_EPtot   =        21.5174
 SC_BOND=         0.4711  SC_ANGLE=         5.1967  SC_DIHED   =         5.2556
 SC_14NB=         0.2155  SC_14EEL=        10.3784  SC_VDW     =         0.0000
 SC_EEL =         0.0000
 SC_RES_DIST=     0.0000  SC_RES_ANG=       0.0000  SC_RES_TORS=         0.0000
 SC_EEL_DER=      0.5426  SC_VDW_DER=       0.0095  SC_DERIV   =         0.5521
 ------------------------------------------------------------------------------


| TI region  2


 NSTEP =    95000   TIME(PS) =      95.000  TEMP(K) =   149.41  PRESS =     0.0
 Etot   =    -72318.3320  EKtot   =      9281.7082  EPtot      =    -81600.0402
 BOND   =     10540.9547  ANGLE   =         0.0000  DIHED      =        -0.0000
 1-4 NB =         0.0000  1-4 EEL =        -0.0000  VDWAALS    =     19041.7896
 EELEC  =   -111182.7844  EHBOND  =         0.0000  RESTRAINT  =         0.0000
 DV/DL  =        34.3400
 ------------------------------------------------------------------------------

 NMR restraints: Bond =    0.000   Angle =     0.000   Torsion =     0.000
===============================================================================

| TI region  1


 NSTEP =   100000   TIME(PS) =     100.000  TEMP(K) =   156.16  PRESS =     0.0
 Etot   =    -71282.5122  EKtot   =      9704.0615  EPtot      =    -80986.5738
 BOND   =     10783.3614  ANGLE   =        -0.0000  DIHED      =         0.0000
 1-4 NB =         0.0000  1-4 EEL =         0.0000  VDWAALS    =     18767.6274
 EELEC  =   -110537.5626  EHBOND  =         0.0000  RESTRAINT  =         0.0000
 DV/DL  =        43.4689
 ------------------------------------------------------------------------------

  Softcore part of the system:       7 atoms,       TEMP(K)    =         153.10
 SC_Etot=        23.9241  SC_EKtot=         3.1945  SC_EPtot   =        20.7297
 SC_BOND=         0.5187  SC_ANGLE=         4.2693  SC_DIHED   =         5.2428
 SC_14NB=         0.2695  SC_14EEL=        10.4294  SC_VDW     =         0.0000
 SC_EEL =         0.0000
 SC_RES_DIST=     0.0000  SC_RES_ANG=       0.0000  SC_RES_TORS=         0.0000
 SC_EEL_DER=      1.0083  SC_VDW_DER=      -0.4450  SC_DERIV   =         0.5632
 ------------------------------------------------------------------------------


| TI region  2


 NSTEP =   100000   TIME(PS) =     100.000  TEMP(K) =   156.16  PRESS =     0.0
 Etot   =    -71285.7067  EKtot   =      9700.8670  EPtot      =    -80986.5738
 BOND   =     10783.3614  ANGLE   =        -0.0000  DIHED      =         0.0000
 1-4 NB =         0.0000  1-4 EEL =         0.0000  VDWAALS    =     18767.6274
 EELEC  =   -110537.5626  EHBOND  =         0.0000  RESTRAINT  =         0.0000
 DV/DL  =        43.4689
 ------------------------------------------------------------------------------

 NMR restraints: Bond =    0.000   Angle =     0.000   Torsion =     0.000
===============================================================================

| TI region  1


 NSTEP =   105000   TIME(PS) =     105.000  TEMP(K) =   165.74  PRESS =     0.0
 Etot   =    -70282.1343  EKtot   =     10299.8447  EPtot      =    -80581.9791
 BOND   =     11016.7423  ANGLE   =        -0.0000  DIHED      =        -0.0000
 1-4 NB =         0.0000  1-4 EEL =        -0.0000  VDWAALS    =     18674.8202
 EELEC  =   -110273.5416  EHBOND  =         0.0000  RESTRAINT  =         0.0000
 DV/DL  =        37.3672
 ------------------------------------------------------------------------------

  Softcore part of the system:       7 atoms,       TEMP(K)    =         132.69
 SC_Etot=        24.0108  SC_EKtot=         2.7686  SC_EPtot   =        21.2422
 SC_BOND=         0.9544  SC_ANGLE=         3.7841  SC_DIHED   =         5.2216
 SC_14NB=         0.6268  SC_14EEL=        10.6552  SC_VDW     =         0.0000
 SC_EEL =         0.0000
 SC_RES_DIST=     0.0000  SC_RES_ANG=       0.0000  SC_RES_TORS=         0.0000
 SC_EEL_DER=      0.9243  SC_VDW_DER=      -1.0133  SC_DERIV   =        -0.0891
 ------------------------------------------------------------------------------


| TI region  2


 NSTEP =   105000   TIME(PS) =     105.000  TEMP(K) =   165.75  PRESS =     0.0
 Etot   =    -70284.9029  EKtot   =     10297.0761  EPtot      =    -80581.9791
 BOND   =     11016.7423  ANGLE   =        -0.0000  DIHED      =        -0.0000
 1-4 NB =         0.0000  1-4 EEL =        -0.0000  VDWAALS    =     18674.8202
 EELEC  =   -110273.5416  EHBOND  =         0.0000  RESTRAINT  =         0.0000
 DV/DL  =        37.3672
 ------------------------------------------------------------------------------

 NMR restraints: Bond =    0.000   Angle =     0.000   Torsion =     0.000
===============================================================================

| TI region  1


 NSTEP =   110000   TIME(PS) =     110.000  TEMP(K) =   174.41  PRESS =     0.0
 Etot   =    -69132.7182  EKtot   =     10838.5645  EPtot      =    -79971.2826
 BOND   =     11098.7601  ANGLE   =        -0.0000  DIHED      =        -0.0000
 1-4 NB =         0.0000  1-4 EEL =        -0.0000  VDWAALS    =     18446.1872
 EELEC  =   -109516.2299  EHBOND  =         0.0000  RESTRAINT  =         0.0000
 DV/DL  =        33.5535
 ------------------------------------------------------------------------------

  Softcore part of the system:       7 atoms,       TEMP(K)    =         208.36
 SC_Etot=        24.9196  SC_EKtot=         4.3475  SC_EPtot   =        20.5721
 SC_BOND=         0.9661  SC_ANGLE=         3.7161  SC_DIHED   =         5.2328
 SC_14NB=         0.2591  SC_14EEL=        10.3981  SC_VDW     =         0.0000
 SC_EEL =         0.0000
 SC_RES_DIST=     0.0000  SC_RES_ANG=       0.0000  SC_RES_TORS=         0.0000
 SC_EEL_DER=      0.2091  SC_VDW_DER=      -0.3274  SC_DERIV   =        -0.1183
 ------------------------------------------------------------------------------


| TI region  2


 NSTEP =   110000   TIME(PS) =     110.000  TEMP(K) =   174.40  PRESS =     0.0
 Etot   =    -69137.0657  EKtot   =     10834.2170  EPtot      =    -79971.2826
 BOND   =     11098.7601  ANGLE   =        -0.0000  DIHED      =        -0.0000
 1-4 NB =         0.0000  1-4 EEL =        -0.0000  VDWAALS    =     18446.1872
 EELEC  =   -109516.2299  EHBOND  =         0.0000  RESTRAINT  =         0.0000
 DV/DL  =        33.5535
 ------------------------------------------------------------------------------

 NMR restraints: Bond =    0.000   Angle =     0.000   Torsion =     0.000
===============================================================================

| TI region  1


 NSTEP =   115000   TIME(PS) =     115.000  TEMP(K) =   181.40  PRESS =     0.0
 Etot   =    -68224.0448  EKtot   =     11272.8643  EPtot      =    -79496.9090
 BOND   =     11105.4147  ANGLE   =        -0.0000  DIHED      =        -0.0000
 1-4 NB =         0.0000  1-4 EEL =        -0.0000  VDWAALS    =     18519.5306
 EELEC  =   -109121.8544  EHBOND  =         0.0000  RESTRAINT  =         0.0000
 DV/DL  =        35.3223
 ------------------------------------------------------------------------------

  Softcore part of the system:       7 atoms,       TEMP(K)    =         343.58
 SC_Etot=        28.3247  SC_EKtot=         7.1691  SC_EPtot   =        21.1556
 SC_BOND=         0.8965  SC_ANGLE=         3.9459  SC_DIHED   =         5.2166
 SC_14NB=         0.5664  SC_14EEL=        10.5303  SC_VDW     =         0.0000
 SC_EEL =         0.0000
 SC_RES_DIST=     0.0000  SC_RES_ANG=       0.0000  SC_RES_TORS=         0.0000
 SC_EEL_DER=      0.3388  SC_VDW_DER=      -0.4060  SC_DERIV   =        -0.0672
 ------------------------------------------------------------------------------


| TI region  2


 NSTEP =   115000   TIME(PS) =     115.000  TEMP(K) =   181.35  PRESS =     0.0
 Etot   =    -68231.2138  EKtot   =     11265.6952  EPtot      =    -79496.9090
 BOND   =     11105.4147  ANGLE   =        -0.0000  DIHED      =        -0.0000
 1-4 NB =         0.0000  1-4 EEL =        -0.0000  VDWAALS    =     18519.5306
 EELEC  =   -109121.8544  EHBOND  =         0.0000  RESTRAINT  =         0.0000
 DV/DL  =        35.3223
 ------------------------------------------------------------------------------

 NMR restraints: Bond =    0.000   Angle =     0.000   Torsion =     0.000
===============================================================================

| TI region  1


 NSTEP =   120000   TIME(PS) =     120.000  TEMP(K) =   187.54  PRESS =     0.0
 Etot   =    -67265.5607  EKtot   =     11654.6865  EPtot      =    -78920.2473
 BOND   =     11311.7818  ANGLE   =        -0.0000  DIHED      =         0.0000
 1-4 NB =         0.0000  1-4 EEL =        -0.0000  VDWAALS    =     18074.6820
 EELEC  =   -108306.7111  EHBOND  =         0.0000  RESTRAINT  =         0.0000
 DV/DL  =        41.5002
 ------------------------------------------------------------------------------

  Softcore part of the system:       7 atoms,       TEMP(K)    =         233.17
 SC_Etot=        27.9442  SC_EKtot=         4.8653  SC_EPtot   =        23.0789
 SC_BOND=         2.1696  SC_ANGLE=         4.9568  SC_DIHED   =         5.2282
 SC_14NB=         0.2655  SC_14EEL=        10.4587  SC_VDW     =         0.0000
 SC_EEL =         0.0000
 SC_RES_DIST=     0.0000  SC_RES_ANG=       0.0000  SC_RES_TORS=         0.0000
 SC_EEL_DER=      2.1026  SC_VDW_DER=      -4.4132  SC_DERIV   =        -2.3106
 ------------------------------------------------------------------------------


| TI region  2


 NSTEP =   120000   TIME(PS) =     120.000  TEMP(K) =   187.53  PRESS =     0.0
 Etot   =    -67270.4260  EKtot   =     11649.8212  EPtot      =    -78920.2473
 BOND   =     11311.7818  ANGLE   =        -0.0000  DIHED      =         0.0000
 1-4 NB =         0.0000  1-4 EEL =        -0.0000  VDWAALS    =     18074.6820
 EELEC  =   -108306.7111  EHBOND  =         0.0000  RESTRAINT  =         0.0000
 DV/DL  =        41.5002
 ------------------------------------------------------------------------------

 NMR restraints: Bond =    0.000   Angle =     0.000   Torsion =     0.000
===============================================================================

| TI region  1


 NSTEP =   125000   TIME(PS) =     125.000  TEMP(K) =   197.07  PRESS =     0.0
 Etot   =    -65897.3192  EKtot   =     12246.8584  EPtot      =    -78144.1776
 BOND   =     11556.3433  ANGLE   =        -0.0000  DIHED      =        -0.0000
 1-4 NB =         0.0000  1-4 EEL =        -0.0000  VDWAALS    =     17791.8592
 EELEC  =   -107492.3802  EHBOND  =         0.0000  RESTRAINT  =         0.0000
 DV/DL  =        45.5026
 ------------------------------------------------------------------------------

  Softcore part of the system:       7 atoms,       TEMP(K)    =         142.46
 SC_Etot=        24.9493  SC_EKtot=         2.9726  SC_EPtot   =        21.9767
 SC_BOND=         0.8168  SC_ANGLE=         4.7360  SC_DIHED   =         5.3804
 SC_14NB=         0.5443  SC_14EEL=        10.4992  SC_VDW     =         0.0000
 SC_EEL =         0.0000
 SC_RES_DIST=     0.0000  SC_RES_ANG=       0.0000  SC_RES_TORS=         0.0000
 SC_EEL_DER=      1.0675  SC_VDW_DER=      -1.1178  SC_DERIV   =        -0.0503
 ------------------------------------------------------------------------------


| TI region  2


 NSTEP =   125000   TIME(PS) =     125.000  TEMP(K) =   197.09  PRESS =     0.0
 Etot   =    -65900.2918  EKtot   =     12243.8858  EPtot      =    -78144.1776
 BOND   =     11556.3433  ANGLE   =        -0.0000  DIHED      =        -0.0000
 1-4 NB =         0.0000  1-4 EEL =        -0.0000  VDWAALS    =     17791.8592
 EELEC  =   -107492.3802  EHBOND  =         0.0000  RESTRAINT  =         0.0000
 DV/DL  =        45.5026
 ------------------------------------------------------------------------------

 NMR restraints: Bond =    0.000   Angle =     0.000   Torsion =     0.000
===============================================================================

| TI region  1


 NSTEP =   130000   TIME(PS) =     130.000  TEMP(K) =   205.35  PRESS =     0.0
 Etot   =    -64917.8262  EKtot   =     12761.4473  EPtot      =    -77679.2735
 BOND   =     11608.5101  ANGLE   =         0.0000  DIHED      =        -0.0000
 1-4 NB =         0.0000  1-4 EEL =         0.0000  VDWAALS    =     17805.7147
 EELEC  =   -107093.4983  EHBOND  =         0.0000  RESTRAINT  =         0.0000
 DV/DL  =        36.0274
 ------------------------------------------------------------------------------

  Softcore part of the system:       7 atoms,       TEMP(K)    =         258.21
 SC_Etot=        26.8199  SC_EKtot=         5.3878  SC_EPtot   =        21.4321
 SC_BOND=         1.2650  SC_ANGLE=         3.7879  SC_DIHED   =         5.2117
 SC_14NB=         0.6000  SC_14EEL=        10.5674  SC_VDW     =         0.0000
 SC_EEL =         0.0000
 SC_RES_DIST=     0.0000  SC_RES_ANG=       0.0000  SC_RES_TORS=         0.0000
 SC_EEL_DER=      0.6077  SC_VDW_DER=      -2.0062  SC_DERIV   =        -1.3985
 ------------------------------------------------------------------------------


| TI region  2


 NSTEP =   130000   TIME(PS) =     130.000  TEMP(K) =   205.34  PRESS =     0.0
 Etot   =    -64923.2140  EKtot   =     12756.0595  EPtot      =    -77679.2735
 BOND   =     11608.5101  ANGLE   =         0.0000  DIHED      =        -0.0000
 1-4 NB =         0.0000  1-4 EEL =         0.0000  VDWAALS    =     17805.7147
 EELEC  =   -107093.4983  EHBOND  =         0.0000  RESTRAINT  =         0.0000
 DV/DL  =        36.0274
 ------------------------------------------------------------------------------

 NMR restraints: Bond =    0.000   Angle =     0.000   Torsion =     0.000
===============================================================================

| TI region  1


 NSTEP =   135000   TIME(PS) =     135.000  TEMP(K) =   211.31  PRESS =     0.0
 Etot   =    -63666.6670  EKtot   =     13131.3340  EPtot      =    -76798.0010
 BOND   =     11832.2266  ANGLE   =        -0.0000  DIHED      =         0.0000
 1-4 NB =         0.0000  1-4 EEL =        -0.0000  VDWAALS    =     17284.9432
 EELEC  =   -105915.1708  EHBOND  =         0.0000  RESTRAINT  =         0.0000
 DV/DL  =        23.1720
 ------------------------------------------------------------------------------

  Softcore part of the system:       7 atoms,       TEMP(K)    =         206.99
 SC_Etot=        25.2911  SC_EKtot=         4.3190  SC_EPtot   =        20.9720
 SC_BOND=         1.1330  SC_ANGLE=         4.2514  SC_DIHED   =         5.2087
 SC_14NB=         0.1406  SC_14EEL=        10.2384  SC_VDW     =         0.0000
 SC_EEL =         0.0000
 SC_RES_DIST=     0.0000  SC_RES_ANG=       0.0000  SC_RES_TORS=         0.0000
 SC_EEL_DER=      0.2533  SC_VDW_DER=      -0.7397  SC_DERIV   =        -0.4864
 ------------------------------------------------------------------------------


| TI region  2


 NSTEP =   135000   TIME(PS) =     135.000  TEMP(K) =   211.31  PRESS =     0.0
 Etot   =    -63670.9860  EKtot   =     13127.0150  EPtot      =    -76798.0010
 BOND   =     11832.2266  ANGLE   =        -0.0000  DIHED      =         0.0000
 1-4 NB =         0.0000  1-4 EEL =        -0.0000  VDWAALS    =     17284.9432
 EELEC  =   -105915.1708  EHBOND  =         0.0000  RESTRAINT  =         0.0000
 DV/DL  =        23.1720
 ------------------------------------------------------------------------------

 NMR restraints: Bond =    0.000   Angle =     0.000   Torsion =     0.000
===============================================================================

| TI region  1


 NSTEP =   140000   TIME(PS) =     140.000  TEMP(K) =   218.26  PRESS =     0.0
 Etot   =    -62613.0852  EKtot   =     13563.5146  EPtot      =    -76176.5998
 BOND   =     12004.8724  ANGLE   =        -0.0000  DIHED      =        -0.0000
 1-4 NB =         0.0000  1-4 EEL =        -0.0000  VDWAALS    =     17460.8449
 EELEC  =   -105642.3172  EHBOND  =         0.0000  RESTRAINT  =         0.0000
 DV/DL  =        37.7531
 ------------------------------------------------------------------------------

  Softcore part of the system:       7 atoms,       TEMP(K)    =         245.50
 SC_Etot=        28.2177  SC_EKtot=         5.1225  SC_EPtot   =        23.0952
 SC_BOND=         2.1352  SC_ANGLE=         5.0702  SC_DIHED   =         5.3162
 SC_14NB=         0.2508  SC_14EEL=        10.3228  SC_VDW     =         0.0000
 SC_EEL =         0.0000
 SC_RES_DIST=     0.0000  SC_RES_ANG=       0.0000  SC_RES_TORS=         0.0000
 SC_EEL_DER=      0.8838  SC_VDW_DER=      -0.8833  SC_DERIV   =         0.0005
 ------------------------------------------------------------------------------


| TI region  2


 NSTEP =   140000   TIME(PS) =     140.000  TEMP(K) =   218.25  PRESS =     0.0
 Etot   =    -62618.2077  EKtot   =     13558.3921  EPtot      =    -76176.5998
 BOND   =     12004.8724  ANGLE   =        -0.0000  DIHED      =        -0.0000
 1-4 NB =         0.0000  1-4 EEL =        -0.0000  VDWAALS    =     17460.8449
 EELEC  =   -105642.3172  EHBOND  =         0.0000  RESTRAINT  =         0.0000
 DV/DL  =        37.7531
 ------------------------------------------------------------------------------

 NMR restraints: Bond =    0.000   Angle =     0.000   Torsion =     0.000
===============================================================================

| TI region  1


 NSTEP =   145000   TIME(PS) =     145.000  TEMP(K) =   227.11  PRESS =     0.0
 Etot   =    -61235.5937  EKtot   =     14113.1816  EPtot      =    -75348.7754
 BOND   =     12154.4850  ANGLE   =        -0.0000  DIHED      =        -0.0000
 1-4 NB =         0.0000  1-4 EEL =        -0.0000  VDWAALS    =     17359.9819
 EELEC  =   -104863.2423  EHBOND  =         0.0000  RESTRAINT  =         0.0000
 DV/DL  =        37.3053
 ------------------------------------------------------------------------------

  Softcore part of the system:       7 atoms,       TEMP(K)    =         204.35
 SC_Etot=        26.8585  SC_EKtot=         4.2638  SC_EPtot   =        22.5947
 SC_BOND=         2.0872  SC_ANGLE=         5.0933  SC_DIHED   =         5.2306
 SC_14NB=         0.0691  SC_14EEL=        10.1145  SC_VDW     =         0.0000
 SC_EEL =         0.0000
 SC_RES_DIST=     0.0000  SC_RES_ANG=       0.0000  SC_RES_TORS=         0.0000
 SC_EEL_DER=      0.8333  SC_VDW_DER=      -0.3470  SC_DERIV   =         0.4862
 ------------------------------------------------------------------------------


| TI region  2


 NSTEP =   145000   TIME(PS) =     145.000  TEMP(K) =   227.11  PRESS =     0.0
 Etot   =    -61239.8575  EKtot   =     14108.9179  EPtot      =    -75348.7754
 BOND   =     12154.4850  ANGLE   =        -0.0000  DIHED      =        -0.0000
 1-4 NB =         0.0000  1-4 EEL =        -0.0000  VDWAALS    =     17359.9819
 EELEC  =   -104863.2423  EHBOND  =         0.0000  RESTRAINT  =         0.0000
 DV/DL  =        37.3053
 ------------------------------------------------------------------------------

 NMR restraints: Bond =    0.000   Angle =     0.000   Torsion =     0.000
===============================================================================

| TI region  1


 NSTEP =   150000   TIME(PS) =     150.000  TEMP(K) =   236.00  PRESS =     0.0
 Etot   =    -59899.8098  EKtot   =     14665.7754  EPtot      =    -74565.5852
 BOND   =     12183.1482  ANGLE   =        -0.0000  DIHED      =        -0.0000
 1-4 NB =         0.0000  1-4 EEL =        -0.0000  VDWAALS    =     16803.1773
 EELEC  =   -103551.9106  EHBOND  =         0.0000  RESTRAINT  =         0.0000
 DV/DL  =        27.0522
 ------------------------------------------------------------------------------

  Softcore part of the system:       7 atoms,       TEMP(K)    =         257.53
 SC_Etot=        25.6302  SC_EKtot=         5.3736  SC_EPtot   =        20.2566
 SC_BOND=         0.6485  SC_ANGLE=         3.4787  SC_DIHED   =         5.2355
 SC_14NB=         0.4395  SC_14EEL=        10.4544  SC_VDW     =         0.0000
 SC_EEL =         0.0000
 SC_RES_DIST=     0.0000  SC_RES_ANG=       0.0000  SC_RES_TORS=         0.0000
 SC_EEL_DER=      0.7531  SC_VDW_DER=      -0.7727  SC_DERIV   =        -0.0196
 ------------------------------------------------------------------------------


| TI region  2


 NSTEP =   150000   TIME(PS) =     150.000  TEMP(K) =   235.99  PRESS =     0.0
 Etot   =    -59905.1834  EKtot   =     14660.4018  EPtot      =    -74565.5852
 BOND   =     12183.1482  ANGLE   =        -0.0000  DIHED      =        -0.0000
 1-4 NB =         0.0000  1-4 EEL =        -0.0000  VDWAALS    =     16803.1773
 EELEC  =   -103551.9106  EHBOND  =         0.0000  RESTRAINT  =         0.0000
 DV/DL  =        27.0522
 ------------------------------------------------------------------------------

 NMR restraints: Bond =    0.000   Angle =     0.000   Torsion =     0.000
===============================================================================

| TI region  1


 NSTEP =   155000   TIME(PS) =     155.000  TEMP(K) =   243.10  PRESS =     0.0
 Etot   =    -58335.9897  EKtot   =     15106.9512  EPtot      =    -73442.9409
 BOND   =     12205.3402  ANGLE   =         0.0000  DIHED      =        -0.0000
 1-4 NB =         0.0000  1-4 EEL =        -0.0000  VDWAALS    =     16332.4303
 EELEC  =   -101980.7114  EHBOND  =         0.0000  RESTRAINT  =         0.0000
 DV/DL  =        25.2268
 ------------------------------------------------------------------------------

  Softcore part of the system:       7 atoms,       TEMP(K)    =         216.11
 SC_Etot=        26.4682  SC_EKtot=         4.5093  SC_EPtot   =        21.9589
 SC_BOND=         0.8119  SC_ANGLE=         4.7629  SC_DIHED   =         5.5671
 SC_14NB=         0.3087  SC_14EEL=        10.5082  SC_VDW     =         0.0000
 SC_EEL =         0.0000
 SC_RES_DIST=     0.0000  SC_RES_ANG=       0.0000  SC_RES_TORS=         0.0000
 SC_EEL_DER=      0.8936  SC_VDW_DER=      -3.1832  SC_DERIV   =        -2.2896
 ------------------------------------------------------------------------------


| TI region  2


 NSTEP =   155000   TIME(PS) =     155.000  TEMP(K) =   243.11  PRESS =     0.0
 Etot   =    -58340.4990  EKtot   =     15102.4418  EPtot      =    -73442.9409
 BOND   =     12205.3402  ANGLE   =         0.0000  DIHED      =        -0.0000
 1-4 NB =         0.0000  1-4 EEL =        -0.0000  VDWAALS    =     16332.4303
 EELEC  =   -101980.7114  EHBOND  =         0.0000  RESTRAINT  =         0.0000
 DV/DL  =        25.2268
 ------------------------------------------------------------------------------

 NMR restraints: Bond =    0.000   Angle =     0.000   Torsion =     0.000
===============================================================================

| TI region  1


 NSTEP =   160000   TIME(PS) =     160.000  TEMP(K) =   250.05  PRESS =     0.0
 Etot   =    -56611.8543  EKtot   =     15538.9502  EPtot      =    -72150.8045
 BOND   =     12309.5534  ANGLE   =         0.0000  DIHED      =        -0.0000
 1-4 NB =         0.0000  1-4 EEL =         0.0000  VDWAALS    =     15798.9176
 EELEC  =   -100259.2755  EHBOND  =         0.0000  RESTRAINT  =         0.0000
 DV/DL  =        39.2127
 ------------------------------------------------------------------------------

  Softcore part of the system:       7 atoms,       TEMP(K)    =         283.95
 SC_Etot=        29.2134  SC_EKtot=         5.9248  SC_EPtot   =        23.2885
 SC_BOND=         1.2049  SC_ANGLE=         5.3437  SC_DIHED   =         5.2308
 SC_14NB=         0.8643  SC_14EEL=        10.6449  SC_VDW     =         0.0000
 SC_EEL =         0.0000
 SC_RES_DIST=     0.0000  SC_RES_ANG=       0.0000  SC_RES_TORS=         0.0000
 SC_EEL_DER=      1.2350  SC_VDW_DER=      -1.0189  SC_DERIV   =         0.2161
 ------------------------------------------------------------------------------


| TI region  2


 NSTEP =   160000   TIME(PS) =     160.000  TEMP(K) =   250.04  PRESS =     0.0
 Etot   =    -56617.7791  EKtot   =     15533.0253  EPtot      =    -72150.8045
 BOND   =     12309.5534  ANGLE   =         0.0000  DIHED      =        -0.0000
 1-4 NB =         0.0000  1-4 EEL =         0.0000  VDWAALS    =     15798.9176
 EELEC  =   -100259.2755  EHBOND  =         0.0000  RESTRAINT  =         0.0000
 DV/DL  =        39.2127
 ------------------------------------------------------------------------------

 NMR restraints: Bond =    0.000   Angle =     0.000   Torsion =     0.000
===============================================================================

| TI region  1


 NSTEP =   165000   TIME(PS) =     165.000  TEMP(K) =   259.90  PRESS =     0.0
 Etot   =    -54856.7791  EKtot   =     16151.3281  EPtot      =    -71008.1072
 BOND   =     12488.5599  ANGLE   =        -0.0000  DIHED      =        -0.0000
 1-4 NB =         0.0000  1-4 EEL =        -0.0000  VDWAALS    =     15574.2945
 EELEC  =    -99070.9616  EHBOND  =         0.0000  RESTRAINT  =         0.0000
 DV/DL  =        30.4976
 ------------------------------------------------------------------------------

  Softcore part of the system:       7 atoms,       TEMP(K)    =         243.56
 SC_Etot=        29.1780  SC_EKtot=         5.0819  SC_EPtot   =        24.0961
 SC_BOND=         2.5009  SC_ANGLE=         5.9210  SC_DIHED   =         5.2233
 SC_14NB=         0.1770  SC_14EEL=        10.2737  SC_VDW     =         0.0000
 SC_EEL =         0.0000
 SC_RES_DIST=     0.0000  SC_RES_ANG=       0.0000  SC_RES_TORS=         0.0000
 SC_EEL_DER=      0.5425  SC_VDW_DER=      -0.8429  SC_DERIV   =        -0.3004
 ------------------------------------------------------------------------------


| TI region  2


 NSTEP =   165000   TIME(PS) =     165.000  TEMP(K) =   259.91  PRESS =     0.0
 Etot   =    -54861.8610  EKtot   =     16146.2462  EPtot      =    -71008.1072
 BOND   =     12488.5599  ANGLE   =        -0.0000  DIHED      =        -0.0000
 1-4 NB =         0.0000  1-4 EEL =        -0.0000  VDWAALS    =     15574.2945
 EELEC  =    -99070.9616  EHBOND  =         0.0000  RESTRAINT  =         0.0000
 DV/DL  =        30.4976
 ------------------------------------------------------------------------------

 NMR restraints: Bond =    0.000   Angle =     0.000   Torsion =     0.000
===============================================================================

| TI region  1


 NSTEP =   170000   TIME(PS) =     170.000  TEMP(K) =   264.81  PRESS =     0.0
 Etot   =    -53670.2938  EKtot   =     16456.0215  EPtot      =    -70126.3153
 BOND   =     12252.8401  ANGLE   =         0.0000  DIHED      =        -0.0000
 1-4 NB =         0.0000  1-4 EEL =         0.0000  VDWAALS    =     15197.5490
 EELEC  =    -97576.7044  EHBOND  =         0.0000  RESTRAINT  =         0.0000
 DV/DL  =        26.1927
 ------------------------------------------------------------------------------

  Softcore part of the system:       7 atoms,       TEMP(K)    =         295.66
 SC_Etot=        28.3220  SC_EKtot=         6.1691  SC_EPtot   =        22.1528
 SC_BOND=         3.4626  SC_ANGLE=         3.1748  SC_DIHED   =         5.2197
 SC_14NB=         0.1177  SC_14EEL=        10.1781  SC_VDW     =         0.0000
 SC_EEL =         0.0000
 SC_RES_DIST=     0.0000  SC_RES_ANG=       0.0000  SC_RES_TORS=         0.0000
 SC_EEL_DER=      0.8052  SC_VDW_DER=      -1.4348  SC_DERIV   =        -0.6297
 ------------------------------------------------------------------------------


| TI region  2


 NSTEP =   170000   TIME(PS) =     170.000  TEMP(K) =   264.80  PRESS =     0.0
 Etot   =    -53676.4629  EKtot   =     16449.8523  EPtot      =    -70126.3153
 BOND   =     12252.8401  ANGLE   =         0.0000  DIHED      =        -0.0000
 1-4 NB =         0.0000  1-4 EEL =         0.0000  VDWAALS    =     15197.5490
 EELEC  =    -97576.7044  EHBOND  =         0.0000  RESTRAINT  =         0.0000
 DV/DL  =        26.1927
 ------------------------------------------------------------------------------

 NMR restraints: Bond =    0.000   Angle =     0.000   Torsion =     0.000
===============================================================================

| TI region  1


 NSTEP =   175000   TIME(PS) =     175.000  TEMP(K) =   276.22  PRESS =     0.0
 Etot   =    -51733.9564  EKtot   =     17165.0527  EPtot      =    -68899.0091
 BOND   =     12599.6799  ANGLE   =        -0.0000  DIHED      =         0.0000
 1-4 NB =         0.0000  1-4 EEL =        -0.0000  VDWAALS    =     14960.3527
 EELEC  =    -96459.0417  EHBOND  =         0.0000  RESTRAINT  =         0.0000
 DV/DL  =        11.7477
 ------------------------------------------------------------------------------

  Softcore part of the system:       7 atoms,       TEMP(K)    =         482.75
 SC_Etot=        33.3462  SC_EKtot=        10.0728  SC_EPtot   =        23.2735
 SC_BOND=         2.5459  SC_ANGLE=         4.5776  SC_DIHED   =         5.3822
 SC_14NB=         0.2726  SC_14EEL=        10.4951  SC_VDW     =         0.0000
 SC_EEL =         0.0000
 SC_RES_DIST=     0.0000  SC_RES_ANG=       0.0000  SC_RES_TORS=         0.0000
 SC_EEL_DER=     -0.0266  SC_VDW_DER=      -4.6636  SC_DERIV   =        -4.6902
 ------------------------------------------------------------------------------


| TI region  2


 NSTEP =   175000   TIME(PS) =     175.000  TEMP(K) =   276.15  PRESS =     0.0
 Etot   =    -51744.0291  EKtot   =     17154.9800  EPtot      =    -68899.0091
 BOND   =     12599.6799  ANGLE   =        -0.0000  DIHED      =         0.0000
 1-4 NB =         0.0000  1-4 EEL =        -0.0000  VDWAALS    =     14960.3527
 EELEC  =    -96459.0417  EHBOND  =         0.0000  RESTRAINT  =         0.0000
 DV/DL  =        11.7477
 ------------------------------------------------------------------------------

 NMR restraints: Bond =    0.000   Angle =     0.000   Torsion =     0.000
===============================================================================

| TI region  1


 NSTEP =   180000   TIME(PS) =     180.000  TEMP(K) =   281.54  PRESS =     0.0
 Etot   =    -50316.5893  EKtot   =     17495.7383  EPtot      =    -67812.3275
 BOND   =     12770.3838  ANGLE   =         0.0000  DIHED      =         0.0000
 1-4 NB =         0.0000  1-4 EEL =         0.0000  VDWAALS    =     14527.8679
 EELEC  =    -95110.5793  EHBOND  =         0.0000  RESTRAINT  =         0.0000
 DV/DL  =        24.7866
 ------------------------------------------------------------------------------

  Softcore part of the system:       7 atoms,       TEMP(K)    =         179.30
 SC_Etot=        26.7844  SC_EKtot=         3.7412  SC_EPtot   =        23.0432
 SC_BOND=         1.4101  SC_ANGLE=         4.8612  SC_DIHED   =         5.3189
 SC_14NB=         0.7852  SC_14EEL=        10.6677  SC_VDW     =         0.0000
 SC_EEL =         0.0000
 SC_RES_DIST=     0.0000  SC_RES_ANG=       0.0000  SC_RES_TORS=         0.0000
 SC_EEL_DER=      1.8216  SC_VDW_DER=      -9.2400  SC_DERIV   =        -7.4184
 ------------------------------------------------------------------------------


| TI region  2


 NSTEP =   180000   TIME(PS) =     180.000  TEMP(K) =   281.57  PRESS =     0.0
 Etot   =    -50320.3305  EKtot   =     17491.9971  EPtot      =    -67812.3275
 BOND   =     12770.3838  ANGLE   =         0.0000  DIHED      =         0.0000
 1-4 NB =         0.0000  1-4 EEL =         0.0000  VDWAALS    =     14527.8679
 EELEC  =    -95110.5793  EHBOND  =         0.0000  RESTRAINT  =         0.0000
 DV/DL  =        24.7866
 ------------------------------------------------------------------------------

 NMR restraints: Bond =    0.000   Angle =     0.000   Torsion =     0.000
===============================================================================

| TI region  1


 NSTEP =   185000   TIME(PS) =     185.000  TEMP(K) =   288.77  PRESS =     0.0
 Etot   =    -49001.2371  EKtot   =     17944.9805  EPtot      =    -66946.2175
 BOND   =     12671.9282  ANGLE   =        -0.0000  DIHED      =        -0.0000
 1-4 NB =         0.0000  1-4 EEL =        -0.0000  VDWAALS    =     14190.4426
 EELEC  =    -93808.5883  EHBOND  =         0.0000  RESTRAINT  =         0.0000
 DV/DL  =        31.7094
 ------------------------------------------------------------------------------

  Softcore part of the system:       7 atoms,       TEMP(K)    =         288.97
 SC_Etot=        28.1013  SC_EKtot=         6.0294  SC_EPtot   =        22.0719
 SC_BOND=         2.0046  SC_ANGLE=         4.5193  SC_DIHED   =         5.3590
 SC_14NB=         0.0435  SC_14EEL=        10.1455  SC_VDW     =         0.0000
 SC_EEL =         0.0000
 SC_RES_DIST=     0.0000  SC_RES_ANG=       0.0000  SC_RES_TORS=         0.0000
 SC_EEL_DER=      0.7856  SC_VDW_DER=      -3.7925  SC_DERIV   =        -3.0069
 ------------------------------------------------------------------------------


| TI region  2


 NSTEP =   185000   TIME(PS) =     185.000  TEMP(K) =   288.77  PRESS =     0.0
 Etot   =    -49007.2665  EKtot   =     17938.9511  EPtot      =    -66946.2175
 BOND   =     12671.9282  ANGLE   =        -0.0000  DIHED      =        -0.0000
 1-4 NB =         0.0000  1-4 EEL =        -0.0000  VDWAALS    =     14190.4426
 EELEC  =    -93808.5883  EHBOND  =         0.0000  RESTRAINT  =         0.0000
 DV/DL  =        31.7094
 ------------------------------------------------------------------------------

 NMR restraints: Bond =    0.000   Angle =     0.000   Torsion =     0.000
===============================================================================

| TI region  1


 NSTEP =   190000   TIME(PS) =     190.000  TEMP(K) =   298.28  PRESS =     0.0
 Etot   =    -47369.2102  EKtot   =     18536.1367  EPtot      =    -65905.3469
 BOND   =     13101.5667  ANGLE   =        -0.0000  DIHED      =         0.0000
 1-4 NB =         0.0000  1-4 EEL =         0.0000  VDWAALS    =     13939.1858
 EELEC  =    -92946.0995  EHBOND  =         0.0000  RESTRAINT  =         0.0000
 DV/DL  =         2.9749
 ------------------------------------------------------------------------------

  Softcore part of the system:       7 atoms,       TEMP(K)    =         390.09
 SC_Etot=        33.8805  SC_EKtot=         8.1394  SC_EPtot   =        25.7410
 SC_BOND=         5.0276  SC_ANGLE=         4.0273  SC_DIHED   =         5.2233
 SC_14NB=         0.7141  SC_14EEL=        10.7487  SC_VDW     =         0.0000
 SC_EEL =         0.0000
 SC_RES_DIST=     0.0000  SC_RES_ANG=       0.0000  SC_RES_TORS=         0.0000
 SC_EEL_DER=      1.2571  SC_VDW_DER=     -11.7704  SC_DERIV   =       -10.5133
 ------------------------------------------------------------------------------


| TI region  2


 NSTEP =   190000   TIME(PS) =     190.000  TEMP(K) =   298.25  PRESS =     0.0
 Etot   =    -47377.3496  EKtot   =     18527.9973  EPtot      =    -65905.3469
 BOND   =     13101.5667  ANGLE   =        -0.0000  DIHED      =         0.0000
 1-4 NB =         0.0000  1-4 EEL =         0.0000  VDWAALS    =     13939.1858
 EELEC  =    -92946.0995  EHBOND  =         0.0000  RESTRAINT  =         0.0000
 DV/DL  =         2.9749
 ------------------------------------------------------------------------------

 NMR restraints: Bond =    0.000   Angle =     0.000   Torsion =     0.000
===============================================================================

| TI region  1


 NSTEP =   195000   TIME(PS) =     195.000  TEMP(K) =   298.77  PRESS =     0.0
 Etot   =    -47310.0910  EKtot   =     18566.8359  EPtot      =    -65876.9269
 BOND   =     12934.5663  ANGLE   =        -0.0000  DIHED      =        -0.0000
 1-4 NB =         0.0000  1-4 EEL =         0.0000  VDWAALS    =     13759.0864
 EELEC  =    -92570.5797  EHBOND  =         0.0000  RESTRAINT  =         0.0000
 DV/DL  =        27.0903
 ------------------------------------------------------------------------------

  Softcore part of the system:       7 atoms,       TEMP(K)    =         393.83
 SC_Etot=        32.0225  SC_EKtot=         8.2175  SC_EPtot   =        23.8050
 SC_BOND=         2.3258  SC_ANGLE=         5.1142  SC_DIHED   =         5.2750
 SC_14NB=         0.5764  SC_14EEL=        10.5135  SC_VDW     =         0.0000
 SC_EEL =         0.0000
 SC_RES_DIST=     0.0000  SC_RES_ANG=       0.0000  SC_RES_TORS=         0.0000
 SC_EEL_DER=      0.7438  SC_VDW_DER=      -3.2422  SC_DERIV   =        -2.4983
 ------------------------------------------------------------------------------


| TI region  2


 NSTEP =   195000   TIME(PS) =     195.000  TEMP(K) =   298.74  PRESS =     0.0
 Etot   =    -47318.3085  EKtot   =     18558.6184  EPtot      =    -65876.9269
 BOND   =     12934.5663  ANGLE   =        -0.0000  DIHED      =        -0.0000
 1-4 NB =         0.0000  1-4 EEL =         0.0000  VDWAALS    =     13759.0864
 EELEC  =    -92570.5797  EHBOND  =         0.0000  RESTRAINT  =         0.0000
 DV/DL  =        27.0903
 ------------------------------------------------------------------------------

 NMR restraints: Bond =    0.000   Angle =     0.000   Torsion =     0.000
===============================================================================

| TI region  1


 NSTEP =   200000   TIME(PS) =     200.000  TEMP(K) =   299.89  PRESS =     0.0
 Etot   =    -47129.0920  EKtot   =     18636.1309  EPtot      =    -65765.2229
 BOND   =     12891.7367  ANGLE   =        -0.0000  DIHED      =        -0.0000
 1-4 NB =         0.0000  1-4 EEL =         0.0000  VDWAALS    =     13925.9210
 EELEC  =    -92582.8805  EHBOND  =         0.0000  RESTRAINT  =         0.0000
 DV/DL  =        37.8750
 ------------------------------------------------------------------------------

  Softcore part of the system:       7 atoms,       TEMP(K)    =         559.65
 SC_Etot=        34.8135  SC_EKtot=        11.6774  SC_EPtot   =        23.1361
 SC_BOND=         2.6781  SC_ANGLE=         4.5288  SC_DIHED   =         5.2800
 SC_14NB=         0.2496  SC_14EEL=        10.3996  SC_VDW     =         0.0000
 SC_EEL =         0.0000
 SC_RES_DIST=     0.0000  SC_RES_ANG=       0.0000  SC_RES_TORS=         0.0000
 SC_EEL_DER=      1.1009  SC_VDW_DER=      -2.7444  SC_DERIV   =        -1.6435
 ------------------------------------------------------------------------------


| TI region  2


 NSTEP =   200000   TIME(PS) =     200.000  TEMP(K) =   299.80  PRESS =     0.0
 Etot   =    -47140.7694  EKtot   =     18624.4534  EPtot      =    -65765.2229
 BOND   =     12891.7367  ANGLE   =        -0.0000  DIHED      =        -0.0000
 1-4 NB =         0.0000  1-4 EEL =         0.0000  VDWAALS    =     13925.9210
 EELEC  =    -92582.8805  EHBOND  =         0.0000  RESTRAINT  =         0.0000
 DV/DL  =        37.8750
 ------------------------------------------------------------------------------

 NMR restraints: Bond =    0.000   Angle =     0.000   Torsion =     0.000
===============================================================================

| TI region  1


      A V E R A G E S   O V E R      40 S T E P S


 NSTEP =   200000   TIME(PS) =     200.000  TEMP(K) =   160.30  PRESS =     0.0
 Etot   =    -69278.3284  EKtot   =      9961.3269  EPtot      =    -79239.6553
 BOND   =     10622.6341  ANGLE   =        -0.0000  DIHED      =        -0.0000
 1-4 NB =         0.0000  1-4 EEL =        -0.0000  VDWAALS    =     17816.2788
 EELEC  =   -107678.5682  EHBOND  =         0.0000  RESTRAINT  =         0.0000
 DV/DL  =        34.1860
 ------------------------------------------------------------------------------

 NMR restraints: Bond =    0.000   Angle =     0.000   Torsion =     0.000
===============================================================================
  Softcore part of the system:       7 atoms,       TEMP(K)    =         186.06
 SC_Etot=        24.9872  SC_EKtot=         3.8822  SC_EPtot   =        21.1050
 SC_BOND=         1.1381  SC_ANGLE=         3.9388  SC_DIHED   =         5.2559
 SC_14NB=         0.3409  SC_14EEL=        10.4313  SC_VDW     =         0.0000
 SC_EEL =         0.0000
 SC_RES_DIST=     0.0000  SC_RES_ANG=       0.0000  SC_RES_TORS=         0.0000
 SC_EEL_DER=      0.9115  SC_VDW_DER=      -1.5593  SC_DERIV   =        -0.6478
 ------------------------------------------------------------------------------


      R M S  F L U C T U A T I O N S


 NSTEP =   200000   TIME(PS) =     200.000  TEMP(K) =    89.71  PRESS =     0.0
 Etot   =     12650.5108  EKtot   =      5575.1990  EPtot      =      7144.4226
 BOND   =      1709.8459  ANGLE   =         0.0000  DIHED      =         0.0000
 1-4 NB =         0.0000  1-4 EEL =         0.0000  VDWAALS    =      1909.5736
 EELEC  =      7446.5231  EHBOND  =         0.0000  RESTRAINT  =         0.0000
 DV/DL  =         8.5337
 ------------------------------------------------------------------------------

  Softcore part of the system:       7 atoms,       TEMP(K)    =         125.91
 SC_Etot=         4.0862  SC_EKtot=         2.6272  SC_EPtot   =         1.6930
 SC_BOND=         1.0473  SC_ANGLE=         0.8519  SC_DIHED   =         0.0680
 SC_14NB=         0.1917  SC_14EEL=         0.1393  SC_VDW     =         0.0000
 SC_EEL =         0.0000
 SC_RES_DIST=     0.0000  SC_RES_ANG=       0.0000  SC_RES_TORS=         0.0000
 SC_EEL_DER=      0.4102  SC_VDW_DER=       2.3871  SC_DERIV   =         2.2878
 ------------------------------------------------------------------------------


| TI region  2


      A V E R A G E S   O V E R      40 S T E P S


 NSTEP =   200000   TIME(PS) =     200.000  TEMP(K) =   160.29  PRESS =     0.0
 Etot   =    -69282.2106  EKtot   =      9957.4447  EPtot      =    -79239.6553
 BOND   =     10622.6341  ANGLE   =        -0.0000  DIHED      =        -0.0000
 1-4 NB =         0.0000  1-4 EEL =        -0.0000  VDWAALS    =     17816.2788
 EELEC  =   -107678.5682  EHBOND  =         0.0000  RESTRAINT  =         0.0000
 DV/DL  =        34.1860
 ------------------------------------------------------------------------------

 NMR restraints: Bond =    0.000   Angle =     0.000   Torsion =     0.000
===============================================================================

      R M S  F L U C T U A T I O N S


 NSTEP =   200000   TIME(PS) =     200.000  TEMP(K) =    89.71  PRESS =     0.0
 Etot   =     12648.2231  EKtot   =      5572.9260  EPtot      =      7144.4226
 BOND   =      1709.8459  ANGLE   =         0.0000  DIHED      =         0.0000
 1-4 NB =         0.0000  1-4 EEL =         0.0000  VDWAALS    =      1909.5736
 EELEC  =      7446.5231  EHBOND  =         0.0000  RESTRAINT  =         0.0000
 DV/DL  =         8.5337
 ------------------------------------------------------------------------------


      DV/DL, AVERAGES OVER      40 STEPS


 NSTEP =   200000   TIME(PS) =     200.000  TEMP(K) =    89.71  PRESS =     0.0
 Etot   =         0.0000  EKtot   =         0.0000  EPtot      =        34.1860
 BOND   =         0.0000  ANGLE   =         0.0000  DIHED      =         0.0000
 1-4 NB =         0.0000  1-4 EEL =         0.0000  VDWAALS    =         4.3824
 EELEC  =        30.4514  EHBOND  =         0.0000  RESTRAINT  =         0.0000
 DV/DL  =        34.1860
 ------------------------------------------------------------------------------


 NMR restraints on final step:

--------------------------------------------------------------------------------
   5.  TIMINGS
--------------------------------------------------------------------------------

|  NonSetup CPU Time in Major Routines:
|
|     Routine           Sec        %
|     ------------------------------
|     Nonbond         147.64   30.69
|     Bond              0.00    0.00
|     Angle             0.00    0.00
|     Dihedral          0.00    0.00
|     Shake             0.00    0.00
|     RunMD           332.86   69.19
|     Other             0.56    0.12
|     ------------------------------
|     Total           481.06

|  PME Nonbond Pairlist CPU Time:
|
|     Routine              Sec        %
|     ---------------------------------
|     Set Up Cit           0.00    0.00
|     Build List           0.00    0.00
|     ---------------------------------
|     Total                0.00    0.00

|  PME Direct Force CPU Time:
|
|     Routine              Sec        %
|     ---------------------------------
|     NonBonded Calc       0.00    0.00
|     Exclude Masked       0.00    0.00
|     Other                0.38    0.08
|     ---------------------------------
|     Total                0.38    0.08

|  PME Reciprocal Force CPU Time:
|
|     Routine              Sec        %
|     ---------------------------------
|     1D bspline           0.00    0.00
|     Grid Charges         0.00    0.00
|     Scalar Sum           0.00    0.00
|     Gradient Sum         0.00    0.00
|     FFT                  0.00    0.00
|     ---------------------------------
|     Total                0.00    0.00

|  Final Performance Info:
|     -----------------------------------------------------
|     Average timings for last   20000 steps:
|     Elapsed(s) =      48.80 Per Step(ms) =       2.44
|         ns/day =      35.41   seconds/ns =    2439.80
|
|     Average timings for all steps:
|     Elapsed(s) =     481.85 Per Step(ms) =       2.41
|         ns/day =      35.86   seconds/ns =    2409.25
|     -----------------------------------------------------

|  Setup CPU time:            0.52 seconds
|  NonSetup CPU time:       481.06 seconds
|  Total CPU time:          481.58 seconds     0.13 hours

|  Setup wall time:           1    seconds
|  NonSetup wall time:      482    seconds
|  Total wall time:         483    seconds     0.13 hours
