
          -------------------------------------------------------
          Amber 18 PMEMD                              2018
          -------------------------------------------------------

| PMEMD implementation of SANDER, Release 18

| Run on 06/13/2020 at 15:55:36

|   Executable path: /opt/software/Amber/18-foss-2018b-AmberTools-19/bin/pmemd.cuda
| Working directory: /mnt/gs18/scratch/users/songlin3/run/1264_optimization/acetate/two_steps_tip3p/step2/0.68392
|          Hostname: lac-083

  [-O]verwriting output

File Assignments:
|   MDIN: heat.in                                                               
|  MDOUT: heat.out                                                              
| INPCRD: min.rst                                                               
|   PARM: step2.prmtop                                                          
| RESTRT: heat.rst                                                              
|   REFC: min.rst                                                               
|  MDVEL: mdvel                                                                 
|   MDEN: mden                                                                  
|  MDCRD: heat.netcdf                                                           
| MDINFO: heat.mdinfo                                                           
|  MDFRC: mdfrc                                                                 


 Here is the input file:

nvt for free MD                                                                
 &cntrl                                                                        
  imin=0,                                                                      
  irest=0,                                                                     
  ntx=1,                                                                       
  ig=-1,                                                                       
  nstlim=200000,                                                               
  dt=0.001,                                                                    
  cut=10.0,                                                                    
  ntc=1,                                                                       
  ntf=1,                                                                       
  ntb=1,                                                                       
  ntt=3,                                                                       
  gamma_ln=2.0,                                                                
  tempi=0.0,                                                                   
  temp0=300.0,                                                                 
  ntpr=5000,                                                                   
  ntwr=5000,                                                                   
  ntwx=10000,                                                                  
  ntwv=0,                                                                      
  ioutfm=1,                                                                    
  iwrap=0,                                                                     
  nmropt=1,                                                                    
  ifsc = 1, icfe=1,                                                            
  clambda=0.68392,                                                             
  timask1=':1', scmask1=':1', scmask2='',                                      
  timask2='', crgmask = ':1',                                                  
/                                                                              
&wt TYPE='TEMP0', istep1=0, istep2=190000, value1=0.0, value2=300.0 /          
&wt TYPE='TEMP0', istep1=190001, istep2=200000, value1=300.0, value2=300.0 /   
&wt TYPE='DUMPFREQ', istep1=10000, /                                           
&wt TYPE='END', /                                                              


Note: ig = -1. Setting random seed to   853731 based on wallclock time in 
      microseconds.
| irandom = 1, using AMBER's internal random number generator (default).
 
|--------------------- INFORMATION ----------------------
| GPU (CUDA) Version of PMEMD in use: NVIDIA GPU IN USE.
|                    Version 18.0.0
| 
|                      03/25/2018
| 
| Implementation by:
|                    Ross C. Walker     (SDSC)
|                    Scott Le Grand     (nVIDIA)
| 
| Version 18 performance extensions by:
|                    David Cerutti     (Rutgers)
| 
| Precision model in use:
|      [SPFP] - Single Precision Forces, 64-bit Fixed Point
|               Accumulation. (Default)
| 
|--------------------------------------------------------
 
|----------------- CITATION INFORMATION -----------------
|
|    When publishing work that utilized the CUDA version
|    of AMBER, please cite the following in addition to
|    the regular AMBER citations:
|
|  - Romelia Salomon-Ferrer; Andreas W. Goetz; Duncan
|    Poole; Scott Le Grand; Ross C. Walker "Routine
|    microsecond molecular dynamics simulations with
|    AMBER - Part II: Particle Mesh Ewald", J. Chem.
|    Theory Comput., 2013, 9 (9), pp3878-3888,
|    DOI: 10.1021/ct400314y.
|
|  - Andreas W. Goetz; Mark J. Williamson; Dong Xu;
|    Duncan Poole; Scott Le Grand; Ross C. Walker
|    "Routine microsecond molecular dynamics simulations
|    with AMBER - Part I: Generalized Born", J. Chem.
|    Theory Comput., 2012, 8 (5), pp1542-1555.
|
|  - Scott Le Grand; Andreas W. Goetz; Ross C. Walker
|    "SPFP: Speed without compromise - a mixed precision
|    model for GPU accelerated molecular dynamics
|    simulations.", Comp. Phys. Comm., 2013, 184
|    pp374-380, DOI: 10.1016/j.cpc.2012.09.022
|
|    When publishing work that utilized the CUDA version
|    of TI, BAR, MBAR or FEP please cite the following 
|    three publications in addition to the regular AMBER 
|    GPU citations:
|
|  - Daniel J. Mermelstein; Charles Lin; Gard Nelson; 
|    Rachael Kretsch; J. Andrew McCammon; Ross C. Walker
|    "Fast and Flexible GPU Accelerated Binding 
|    Free Energy Calculations within the AMBER Molecular
|    Dynamics Package" J. Comp. Chem., 2018,
|    DOI: 10.1002/jcc.25187
|
|  - Tai-Sung Lee; Yuan Hu; Brad Sherborne; Zhuyan Guo;
|    Darrin M. York
|    "Toward Fast and Accurate Binding Affinity Prediction with
|    pmemdGTI: An Efficient Implementation of GPU-Accelerated
|    Thermodynamic Integration"
|    J. Chem. Theory Comput., 2017, 13 (7), 3077
|
|
|--------------------------------------------------------
 
|------------------- GPU DEVICE INFO --------------------
|
|            CUDA_VISIBLE_DEVICES: 0
|   CUDA Capable Devices Detected:      1
|           CUDA Device ID in use:      0
|                CUDA Device Name: Tesla K80
|     CUDA Device Global Mem Size:  12206 MB
| CUDA Device Num Multiprocessors:     13
|           CUDA Device Core Freq:   0.82 GHz
|
|--------------------------------------------------------
 
 
| Conditional Compilation Defines Used:
| PUBFFT
| BINTRAJ
| CUDA
| EMIL

| Largest sphere to fit in unit cell has radius =    27.333

| New format PARM file being parsed.
| Version =    1.000 Date = 06/13/20 Time = 15:23:41

| Note: 1-4 EEL scale factors are being read from the topology file.

| Note: 1-4 VDW scale factors are being read from the topology file.
| Duplicated    0 dihedrals

| Duplicated    0 dihedrals

--------------------------------------------------------------------------------
   1.  RESOURCE   USE: 
--------------------------------------------------------------------------------

 getting box info from netcdf restart file
 NATOM  =   20848 NTYPES =       6 NBONH =   20844 MBONA  =       3
 NTHETH =       6 MTHETA =       3 NPHIH =      12 MPHIA  =       1
 NHPARM =       0 NPARM  =       0 NNB   =   27810 NRES   =    6948
 NBONA  =       3 NTHETA =       3 NPHIA =       1 NUMBND =       5
 NUMANG =       4 NPTRA  =       3 NATYP =       6 NPHB   =       1
 IFBOX  =       2 NMXRS  =       7 IFCAP =       0 NEXTRA =       0
 NCOPY  =       0

| Coordinate Index Table dimensions:    10   10   10
| Direct force subcell size =     6.6953    6.6953    6.6953

     BOX TYPE: TRUNCATED OCTAHEDRON

--------------------------------------------------------------------------------
   2.  CONTROL  DATA  FOR  THE  RUN
--------------------------------------------------------------------------------

default_name                                                                    

General flags:
     imin    =       0, nmropt  =       1

Nature and format of input:
     ntx     =       1, irest   =       0, ntrx    =       1

Nature and format of output:
     ntxo    =       2, ntpr    =    5000, ntrx    =       1, ntwr    =    5000
     iwrap   =       0, ntwx    =   10000, ntwv    =       0, ntwe    =       0
     ioutfm  =       1, ntwprt  =       0, idecomp =       0, rbornstat=      0

Potential function:
     ntf     =       1, ntb     =       1, igb     =       0, nsnb    =      25
     ipol    =       0, gbsa    =       0, iesp    =       0
     dielc   =   1.00000, cut     =  10.00000, intdiel =   1.00000

Frozen or restrained atoms:
     ibelly  =       0, ntr     =       0

Molecular dynamics:
     nstlim  =    200000, nscm    =      1000, nrespa  =         1
     t       =   0.00000, dt      =   0.00100, vlimit  =  -1.00000

Langevin dynamics temperature regulation:
     ig      =  853731
     temp0   = 300.00000, tempi   =   0.00000, gamma_ln=   2.00000

NMR refinement options:
     iscale  =       0, noeskp  =       1, ipnlty  =       1, mxsub   =       1
     scalm   = 100.00000, pencut  =   0.10000, tausw   =   0.10000

Free energy options:
     icfe    =       1, ifsc    =       1, klambda =       1
     clambda =  0.6839, scalpha =  0.5000, scbeta  = 12.0000
     sceeorder =       2
     dynlmb =  0.0000 logdvdl =       0

| Intermolecular bonds treatment:
|     no_intermolecular_bonds =       1

| Energy averages sample interval:
|     ene_avg_sampling =    5000

Ewald parameters:
     verbose =       0, ew_type =       0, nbflag  =       1, use_pme =       1
     vdwmeth =       1, eedmeth =       1, netfrc  =       1
     Box X =   66.953   Box Y =   66.953   Box Z =   66.953
     Alpha =  109.471   Beta  =  109.471   Gamma =  109.471
     NFFT1 =   64       NFFT2 =   64       NFFT3 =   64
     Cutoff=   10.000   Tol   =0.100E-04
     Ewald Coefficient =  0.27511
     Interpolation order =    4
     TI Mask 1 :1; matches      7 atoms
     TI Mask 2  matches      0 atoms
     TI region 1:   20848 atoms
     TI region 2:   20841 atoms
     SC Mask 1 :1; matches      7 atoms
Removing charge of      -0.8188 from atom       1
Removing charge of      -0.8188 from atom       2
Removing charge of       0.8054 from atom       3
Removing charge of      -0.1021 from atom       4
Removing charge of      -0.0219 from atom       5
Removing charge of      -0.0219 from atom       6
Removing charge of      -0.0219 from atom       7
Total charge of  -0.99999900 removed from       7 atoms
    No charge on TI atoms. Skipping extra recip sum.

--------------------------------------------------------------------------------
   3.  ATOMIC COORDINATES AND VELOCITIES
--------------------------------------------------------------------------------

default_name                                                                    
 begin time read from input coords =     0.000 ps



           Begin reading energy term weight changes/NMR restraints
 WEIGHT CHANGES:
 TEMP0         0 190000    0.000000  300.000000      0      0
 TEMP0    190001 200000  300.000000  300.000000      0      0
 DUMPFREQ  10000      0    0.000000    0.000000      0      0

 RESTRAINTS:
                          ** No restraint defined **

                  Done reading weight changes/NMR restraints


 
 Number of triangulated 3-point waters found:     6947
 Number of shake restraints removed in TI region  1 :        0
 Number of shake restraints removed in TI region  2 :        0

     Sum of charges for TI region  1 =   0.00000000
     Forcing neutrality...


     Sum of charges for TI region  2 =   0.00000000
     Forcing neutrality...

| Dynamic Memory, Types Used:
| Reals              914983
| Integers           792606

| Nonbonded Pairs Initial Allocation:     6305998

| GPU memory information (estimate):
| KB of GPU memory in use:         0
| KB of CPU memory in use:         0

--------------------------------------------------------------------------------
   4.  RESULTS
--------------------------------------------------------------------------------

   DOF for the SC part  1 of the system:   21

| TI region  1


 NSTEP =        0   TIME(PS) =       0.000  TEMP(K) =     0.00  PRESS =     0.0
 Etot   =    -88374.8118  EKtot   =         0.0000  EPtot      =    -88374.8118
 BOND   =      7073.3678  ANGLE   =        -0.0000  DIHED      =        -0.0000
 1-4 NB =         0.0000  1-4 EEL =         0.0000  VDWAALS    =     18729.5471
 EELEC  =   -114177.7267  EHBOND  =         0.0000  RESTRAINT  =         0.0000
 DV/DL  =         5.4278
 ------------------------------------------------------------------------------

  Softcore part of the system:       7 atoms,       TEMP(K)    =           0.00
 SC_Etot=         8.3323  SC_EKtot=         0.0000  SC_EPtot   =         8.3323
 SC_BOND=         0.0111  SC_ANGLE=         2.7858  SC_DIHED   =         5.2199
 SC_14NB=         0.3155  SC_14EEL=         0.0000  SC_VDW     =         0.0000
 SC_EEL =         0.0000
 SC_RES_DIST=     0.0000  SC_RES_ANG=       0.0000  SC_RES_TORS=         0.0000
 SC_EEL_DER=      0.0000  SC_VDW_DER=       0.0525  SC_DERIV   =         0.0525
 ------------------------------------------------------------------------------


| TI region  2


 NSTEP =        0   TIME(PS) =       0.000  TEMP(K) =     0.00  PRESS =     0.0
 Etot   =    -88374.8118  EKtot   =         0.0000  EPtot      =    -88374.8118
 BOND   =      7073.3678  ANGLE   =        -0.0000  DIHED      =        -0.0000
 1-4 NB =         0.0000  1-4 EEL =         0.0000  VDWAALS    =     18729.5471
 EELEC  =   -114177.7267  EHBOND  =         0.0000  RESTRAINT  =         0.0000
 DV/DL  =         5.4278
 ------------------------------------------------------------------------------

 NMR restraints: Bond =    0.000   Angle =     0.000   Torsion =     0.000
===============================================================================

| TI region  1


 NSTEP =     5000   TIME(PS) =       5.000  TEMP(K) =     7.29  PRESS =     0.0
 Etot   =    -88335.9340  EKtot   =       453.2953  EPtot      =    -88789.2293
 BOND   =      7416.9198  ANGLE   =        -0.0000  DIHED      =        -0.0000
 1-4 NB =         0.0000  1-4 EEL =         0.0000  VDWAALS    =     19478.3046
 EELEC  =   -115684.4538  EHBOND  =         0.0000  RESTRAINT  =         0.0000
 DV/DL  =         6.7931
 ------------------------------------------------------------------------------

  Softcore part of the system:       7 atoms,       TEMP(K)    =           3.76
 SC_Etot=         8.4793  SC_EKtot=         0.0784  SC_EPtot   =         8.4008
 SC_BOND=         0.0189  SC_ANGLE=         2.8151  SC_DIHED   =         5.2154
 SC_14NB=         0.3515  SC_14EEL=         0.0000  SC_VDW     =         0.0000
 SC_EEL =         0.0000
 SC_RES_DIST=     0.0000  SC_RES_ANG=       0.0000  SC_RES_TORS=         0.0000
 SC_EEL_DER=      0.0000  SC_VDW_DER=      -0.2114  SC_DERIV   =        -0.2114
 ------------------------------------------------------------------------------


| TI region  2


 NSTEP =     5000   TIME(PS) =       5.000  TEMP(K) =     7.30  PRESS =     0.0
 Etot   =    -88336.0125  EKtot   =       453.2169  EPtot      =    -88789.2293
 BOND   =      7416.9198  ANGLE   =        -0.0000  DIHED      =        -0.0000
 1-4 NB =         0.0000  1-4 EEL =         0.0000  VDWAALS    =     19478.3046
 EELEC  =   -115684.4538  EHBOND  =         0.0000  RESTRAINT  =         0.0000
 DV/DL  =         6.7931
 ------------------------------------------------------------------------------

 NMR restraints: Bond =    0.000   Angle =     0.000   Torsion =     0.000
===============================================================================

| TI region  1


 NSTEP =    10000   TIME(PS) =      10.000  TEMP(K) =    15.29  PRESS =     0.0
 Etot   =    -87568.3356  EKtot   =       950.3214  EPtot      =    -88518.6569
 BOND   =      7617.2929  ANGLE   =         0.0000  DIHED      =         0.0000
 1-4 NB =         0.0000  1-4 EEL =         0.0000  VDWAALS    =     19610.3857
 EELEC  =   -115746.3355  EHBOND  =         0.0000  RESTRAINT  =         0.0000
 DV/DL  =         6.5315
 ------------------------------------------------------------------------------

  Softcore part of the system:       7 atoms,       TEMP(K)    =          16.14
 SC_Etot=         8.9005  SC_EKtot=         0.3367  SC_EPtot   =         8.5638
 SC_BOND=         0.0658  SC_ANGLE=         2.9099  SC_DIHED   =         5.2240
 SC_14NB=         0.3642  SC_14EEL=         0.0000  SC_VDW     =         0.0000
 SC_EEL =         0.0000
 SC_RES_DIST=     0.0000  SC_RES_ANG=       0.0000  SC_RES_TORS=         0.0000
 SC_EEL_DER=      0.0000  SC_VDW_DER=      -0.2562  SC_DERIV   =        -0.2562
 ------------------------------------------------------------------------------


| TI region  2


 NSTEP =    10000   TIME(PS) =      10.000  TEMP(K) =    15.29  PRESS =     0.0
 Etot   =    -87568.6723  EKtot   =       949.9846  EPtot      =    -88518.6569
 BOND   =      7617.2929  ANGLE   =         0.0000  DIHED      =         0.0000
 1-4 NB =         0.0000  1-4 EEL =         0.0000  VDWAALS    =     19610.3857
 EELEC  =   -115746.3355  EHBOND  =         0.0000  RESTRAINT  =         0.0000
 DV/DL  =         6.5315
 ------------------------------------------------------------------------------

 NMR restraints: Bond =    0.000   Angle =     0.000   Torsion =     0.000
===============================================================================

| TI region  1


 NSTEP =    15000   TIME(PS) =      15.000  TEMP(K) =    22.90  PRESS =     0.0
 Etot   =    -86782.4225  EKtot   =      1423.3152  EPtot      =    -88205.7377
 BOND   =      7800.8303  ANGLE   =        -0.0000  DIHED      =        -0.0000
 1-4 NB =         0.0000  1-4 EEL =         0.0000  VDWAALS    =     19633.5824
 EELEC  =   -115640.1504  EHBOND  =         0.0000  RESTRAINT  =         0.0000
 DV/DL  =         6.1872
 ------------------------------------------------------------------------------

  Softcore part of the system:       7 atoms,       TEMP(K)    =          21.63
 SC_Etot=         9.0808  SC_EKtot=         0.4513  SC_EPtot   =         8.6296
 SC_BOND=         0.1371  SC_ANGLE=         2.9421  SC_DIHED   =         5.2297
 SC_14NB=         0.3207  SC_14EEL=         0.0000  SC_VDW     =         0.0000
 SC_EEL =         0.0000
 SC_RES_DIST=     0.0000  SC_RES_ANG=       0.0000  SC_RES_TORS=         0.0000
 SC_EEL_DER=      0.0000  SC_VDW_DER=      -0.4644  SC_DERIV   =        -0.4644
 ------------------------------------------------------------------------------


| TI region  2


 NSTEP =    15000   TIME(PS) =      15.000  TEMP(K) =    22.90  PRESS =     0.0
 Etot   =    -86782.8737  EKtot   =      1422.8639  EPtot      =    -88205.7377
 BOND   =      7800.8303  ANGLE   =        -0.0000  DIHED      =        -0.0000
 1-4 NB =         0.0000  1-4 EEL =         0.0000  VDWAALS    =     19633.5824
 EELEC  =   -115640.1504  EHBOND  =         0.0000  RESTRAINT  =         0.0000
 DV/DL  =         6.1872
 ------------------------------------------------------------------------------

 NMR restraints: Bond =    0.000   Angle =     0.000   Torsion =     0.000
===============================================================================

| TI region  1


 NSTEP =    20000   TIME(PS) =      20.000  TEMP(K) =    30.74  PRESS =     0.0
 Etot   =    -85873.7239  EKtot   =      1910.2290  EPtot      =    -87783.9529
 BOND   =      7962.1662  ANGLE   =        -0.0000  DIHED      =         0.0000
 1-4 NB =         0.0000  1-4 EEL =         0.0000  VDWAALS    =     19581.0616
 EELEC  =   -115327.1808  EHBOND  =         0.0000  RESTRAINT  =         0.0000
 DV/DL  =         6.7899
 ------------------------------------------------------------------------------

  Softcore part of the system:       7 atoms,       TEMP(K)    =          31.97
 SC_Etot=         9.5936  SC_EKtot=         0.6671  SC_EPtot   =         8.9265
 SC_BOND=         0.1378  SC_ANGLE=         3.2422  SC_DIHED   =         5.2235
 SC_14NB=         0.3230  SC_14EEL=         0.0000  SC_VDW     =         0.0000
 SC_EEL =         0.0000
 SC_RES_DIST=     0.0000  SC_RES_ANG=       0.0000  SC_RES_TORS=         0.0000
 SC_EEL_DER=      0.0000  SC_VDW_DER=      -0.0452  SC_DERIV   =        -0.0452
 ------------------------------------------------------------------------------


| TI region  2


 NSTEP =    20000   TIME(PS) =      20.000  TEMP(K) =    30.74  PRESS =     0.0
 Etot   =    -85874.3909  EKtot   =      1909.5620  EPtot      =    -87783.9529
 BOND   =      7962.1662  ANGLE   =        -0.0000  DIHED      =         0.0000
 1-4 NB =         0.0000  1-4 EEL =         0.0000  VDWAALS    =     19581.0616
 EELEC  =   -115327.1808  EHBOND  =         0.0000  RESTRAINT  =         0.0000
 DV/DL  =         6.7899
 ------------------------------------------------------------------------------

 NMR restraints: Bond =    0.000   Angle =     0.000   Torsion =     0.000
===============================================================================

| TI region  1


 NSTEP =    25000   TIME(PS) =      25.000  TEMP(K) =    38.59  PRESS =     0.0
 Etot   =    -85011.6503  EKtot   =      2398.1304  EPtot      =    -87409.7807
 BOND   =      8221.3961  ANGLE   =        -0.0000  DIHED      =        -0.0000
 1-4 NB =         0.0000  1-4 EEL =         0.0000  VDWAALS    =     19519.8499
 EELEC  =   -115151.0267  EHBOND  =         0.0000  RESTRAINT  =         0.0000
 DV/DL  =         5.9414
 ------------------------------------------------------------------------------

  Softcore part of the system:       7 atoms,       TEMP(K)    =          27.56
 SC_Etot=         9.5618  SC_EKtot=         0.5750  SC_EPtot   =         8.9868
 SC_BOND=         0.3804  SC_ANGLE=         3.0309  SC_DIHED   =         5.2360
 SC_14NB=         0.3396  SC_14EEL=         0.0000  SC_VDW     =         0.0000
 SC_EEL =         0.0000
 SC_RES_DIST=     0.0000  SC_RES_ANG=       0.0000  SC_RES_TORS=         0.0000
 SC_EEL_DER=      0.0000  SC_VDW_DER=      -0.1055  SC_DERIV   =        -0.1055
 ------------------------------------------------------------------------------


| TI region  2


 NSTEP =    25000   TIME(PS) =      25.000  TEMP(K) =    38.59  PRESS =     0.0
 Etot   =    -85012.2254  EKtot   =      2397.5553  EPtot      =    -87409.7807
 BOND   =      8221.3961  ANGLE   =        -0.0000  DIHED      =        -0.0000
 1-4 NB =         0.0000  1-4 EEL =         0.0000  VDWAALS    =     19519.8499
 EELEC  =   -115151.0267  EHBOND  =         0.0000  RESTRAINT  =         0.0000
 DV/DL  =         5.9414
 ------------------------------------------------------------------------------

 NMR restraints: Bond =    0.000   Angle =     0.000   Torsion =     0.000
===============================================================================

| TI region  1


 NSTEP =    30000   TIME(PS) =      30.000  TEMP(K) =    46.93  PRESS =     0.0
 Etot   =    -84098.2874  EKtot   =      2916.2517  EPtot      =    -87014.5391
 BOND   =      8376.4484  ANGLE   =        -0.0000  DIHED      =        -0.0000
 1-4 NB =         0.0000  1-4 EEL =         0.0000  VDWAALS    =     19413.1369
 EELEC  =   -114804.1244  EHBOND  =         0.0000  RESTRAINT  =         0.0000
 DV/DL  =         5.0455
 ------------------------------------------------------------------------------

  Softcore part of the system:       7 atoms,       TEMP(K)    =          63.17
 SC_Etot=        10.1547  SC_EKtot=         1.3181  SC_EPtot   =         8.8366
 SC_BOND=         0.1280  SC_ANGLE=         3.1361  SC_DIHED   =         5.2256
 SC_14NB=         0.3469  SC_14EEL=         0.0000  SC_VDW     =         0.0000
 SC_EEL =         0.0000
 SC_RES_DIST=     0.0000  SC_RES_ANG=       0.0000  SC_RES_TORS=         0.0000
 SC_EEL_DER=      0.0000  SC_VDW_DER=      -0.5012  SC_DERIV   =        -0.5012
 ------------------------------------------------------------------------------


| TI region  2


 NSTEP =    30000   TIME(PS) =      30.000  TEMP(K) =    46.92  PRESS =     0.0
 Etot   =    -84099.6055  EKtot   =      2914.9336  EPtot      =    -87014.5391
 BOND   =      8376.4484  ANGLE   =        -0.0000  DIHED      =        -0.0000
 1-4 NB =         0.0000  1-4 EEL =         0.0000  VDWAALS    =     19413.1369
 EELEC  =   -114804.1244  EHBOND  =         0.0000  RESTRAINT  =         0.0000
 DV/DL  =         5.0455
 ------------------------------------------------------------------------------

 NMR restraints: Bond =    0.000   Angle =     0.000   Torsion =     0.000
===============================================================================

| TI region  1


 NSTEP =    35000   TIME(PS) =      35.000  TEMP(K) =    54.81  PRESS =     0.0
 Etot   =    -83228.2154  EKtot   =      3406.0044  EPtot      =    -86634.2198
 BOND   =      8546.3622  ANGLE   =        -0.0000  DIHED      =         0.0000
 1-4 NB =         0.0000  1-4 EEL =         0.0000  VDWAALS    =     19591.2051
 EELEC  =   -114771.7871  EHBOND  =         0.0000  RESTRAINT  =         0.0000
 DV/DL  =         6.2596
 ------------------------------------------------------------------------------

  Softcore part of the system:       7 atoms,       TEMP(K)    =          61.57
 SC_Etot=        10.2419  SC_EKtot=         1.2846  SC_EPtot   =         8.9573
 SC_BOND=         0.1479  SC_ANGLE=         3.2310  SC_DIHED   =         5.2455
 SC_14NB=         0.3329  SC_14EEL=         0.0000  SC_VDW     =         0.0000
 SC_EEL =         0.0000
 SC_RES_DIST=     0.0000  SC_RES_ANG=       0.0000  SC_RES_TORS=         0.0000
 SC_EEL_DER=      0.0000  SC_VDW_DER=      -0.1971  SC_DERIV   =        -0.1971
 ------------------------------------------------------------------------------


| TI region  2


 NSTEP =    35000   TIME(PS) =      35.000  TEMP(K) =    54.81  PRESS =     0.0
 Etot   =    -83229.5000  EKtot   =      3404.7198  EPtot      =    -86634.2198
 BOND   =      8546.3622  ANGLE   =        -0.0000  DIHED      =         0.0000
 1-4 NB =         0.0000  1-4 EEL =         0.0000  VDWAALS    =     19591.2051
 EELEC  =   -114771.7871  EHBOND  =         0.0000  RESTRAINT  =         0.0000
 DV/DL  =         6.2596
 ------------------------------------------------------------------------------

 NMR restraints: Bond =    0.000   Angle =     0.000   Torsion =     0.000
===============================================================================

| TI region  1


 NSTEP =    40000   TIME(PS) =      40.000  TEMP(K) =    62.43  PRESS =     0.0
 Etot   =    -82356.5874  EKtot   =      3879.6318  EPtot      =    -86236.2193
 BOND   =      8709.1469  ANGLE   =        -0.0000  DIHED      =         0.0000
 1-4 NB =         0.0000  1-4 EEL =         0.0000  VDWAALS    =     19650.0944
 EELEC  =   -114595.4605  EHBOND  =         0.0000  RESTRAINT  =         0.0000
 DV/DL  =         6.0908
 ------------------------------------------------------------------------------

  Softcore part of the system:       7 atoms,       TEMP(K)    =          52.57
 SC_Etot=        10.0678  SC_EKtot=         1.0970  SC_EPtot   =         8.9708
 SC_BOND=         0.1686  SC_ANGLE=         3.2303  SC_DIHED   =         5.2210
 SC_14NB=         0.3509  SC_14EEL=         0.0000  SC_VDW     =         0.0000
 SC_EEL =         0.0000
 SC_RES_DIST=     0.0000  SC_RES_ANG=       0.0000  SC_RES_TORS=         0.0000
 SC_EEL_DER=      0.0000  SC_VDW_DER=      -0.4666  SC_DERIV   =        -0.4666
 ------------------------------------------------------------------------------


| TI region  2


 NSTEP =    40000   TIME(PS) =      40.000  TEMP(K) =    62.43  PRESS =     0.0
 Etot   =    -82357.6844  EKtot   =      3878.5349  EPtot      =    -86236.2193
 BOND   =      8709.1469  ANGLE   =        -0.0000  DIHED      =         0.0000
 1-4 NB =         0.0000  1-4 EEL =         0.0000  VDWAALS    =     19650.0944
 EELEC  =   -114595.4605  EHBOND  =         0.0000  RESTRAINT  =         0.0000
 DV/DL  =         6.0908
 ------------------------------------------------------------------------------

 NMR restraints: Bond =    0.000   Angle =     0.000   Torsion =     0.000
===============================================================================

| TI region  1


 NSTEP =    45000   TIME(PS) =      45.000  TEMP(K) =    70.57  PRESS =     0.0
 Etot   =    -81465.1748  EKtot   =      4385.2778  EPtot      =    -85850.4526
 BOND   =      8823.1240  ANGLE   =        -0.0000  DIHED      =        -0.0000
 1-4 NB =         0.0000  1-4 EEL =         0.0000  VDWAALS    =     19583.4274
 EELEC  =   -114257.0040  EHBOND  =         0.0000  RESTRAINT  =         0.0000
 DV/DL  =         4.7775
 ------------------------------------------------------------------------------

  Softcore part of the system:       7 atoms,       TEMP(K)    =         113.06
 SC_Etot=        11.6294  SC_EKtot=         2.3591  SC_EPtot   =         9.2703
 SC_BOND=         0.3943  SC_ANGLE=         3.3652  SC_DIHED   =         5.2274
 SC_14NB=         0.2834  SC_14EEL=         0.0000  SC_VDW     =         0.0000
 SC_EEL =         0.0000
 SC_RES_DIST=     0.0000  SC_RES_ANG=       0.0000  SC_RES_TORS=         0.0000
 SC_EEL_DER=      0.0000  SC_VDW_DER=      -0.8773  SC_DERIV   =        -0.8773
 ------------------------------------------------------------------------------


| TI region  2


 NSTEP =    45000   TIME(PS) =      45.000  TEMP(K) =    70.55  PRESS =     0.0
 Etot   =    -81467.5338  EKtot   =      4382.9188  EPtot      =    -85850.4526
 BOND   =      8823.1240  ANGLE   =        -0.0000  DIHED      =        -0.0000
 1-4 NB =         0.0000  1-4 EEL =         0.0000  VDWAALS    =     19583.4274
 EELEC  =   -114257.0040  EHBOND  =         0.0000  RESTRAINT  =         0.0000
 DV/DL  =         4.7775
 ------------------------------------------------------------------------------

 NMR restraints: Bond =    0.000   Angle =     0.000   Torsion =     0.000
===============================================================================

| TI region  1


 NSTEP =    50000   TIME(PS) =      50.000  TEMP(K) =    77.93  PRESS =     0.0
 Etot   =    -80630.6303  EKtot   =      4842.7495  EPtot      =    -85473.3798
 BOND   =      9158.1227  ANGLE   =         0.0000  DIHED      =         0.0000
 1-4 NB =         0.0000  1-4 EEL =         0.0000  VDWAALS    =     19473.3981
 EELEC  =   -114104.9006  EHBOND  =         0.0000  RESTRAINT  =         0.0000
 DV/DL  =         6.1237
 ------------------------------------------------------------------------------

  Softcore part of the system:       7 atoms,       TEMP(K)    =          64.96
 SC_Etot=        10.5415  SC_EKtot=         1.3553  SC_EPtot   =         9.1861
 SC_BOND=         0.1931  SC_ANGLE=         3.5266  SC_DIHED   =         5.2252
 SC_14NB=         0.2412  SC_14EEL=         0.0000  SC_VDW     =         0.0000
 SC_EEL =         0.0000
 SC_RES_DIST=     0.0000  SC_RES_ANG=       0.0000  SC_RES_TORS=         0.0000
 SC_EEL_DER=      0.0000  SC_VDW_DER=      -0.1949  SC_DERIV   =        -0.1949
 ------------------------------------------------------------------------------


| TI region  2


 NSTEP =    50000   TIME(PS) =      50.000  TEMP(K) =    77.93  PRESS =     0.0
 Etot   =    -80631.9856  EKtot   =      4841.3942  EPtot      =    -85473.3798
 BOND   =      9158.1227  ANGLE   =         0.0000  DIHED      =         0.0000
 1-4 NB =         0.0000  1-4 EEL =         0.0000  VDWAALS    =     19473.3981
 EELEC  =   -114104.9006  EHBOND  =         0.0000  RESTRAINT  =         0.0000
 DV/DL  =         6.1237
 ------------------------------------------------------------------------------

 NMR restraints: Bond =    0.000   Angle =     0.000   Torsion =     0.000
===============================================================================

| TI region  1


 NSTEP =    55000   TIME(PS) =      55.000  TEMP(K) =    86.08  PRESS =     0.0
 Etot   =    -79778.6284  EKtot   =      5349.4609  EPtot      =    -85128.0893
 BOND   =      9225.8507  ANGLE   =         0.0000  DIHED      =        -0.0000
 1-4 NB =         0.0000  1-4 EEL =         0.0000  VDWAALS    =     19493.6569
 EELEC  =   -113847.5970  EHBOND  =         0.0000  RESTRAINT  =         0.0000
 DV/DL  =         6.5046
 ------------------------------------------------------------------------------

  Softcore part of the system:       7 atoms,       TEMP(K)    =          89.58
 SC_Etot=        11.5725  SC_EKtot=         1.8690  SC_EPtot   =         9.7034
 SC_BOND=         0.9114  SC_ANGLE=         3.1146  SC_DIHED   =         5.2174
 SC_14NB=         0.4600  SC_14EEL=         0.0000  SC_VDW     =         0.0000
 SC_EEL =         0.0000
 SC_RES_DIST=     0.0000  SC_RES_ANG=       0.0000  SC_RES_TORS=         0.0000
 SC_EEL_DER=      0.0000  SC_VDW_DER=      -0.1830  SC_DERIV   =        -0.1830
 ------------------------------------------------------------------------------


| TI region  2


 NSTEP =    55000   TIME(PS) =      55.000  TEMP(K) =    86.08  PRESS =     0.0
 Etot   =    -79780.4975  EKtot   =      5347.5919  EPtot      =    -85128.0893
 BOND   =      9225.8507  ANGLE   =         0.0000  DIHED      =        -0.0000
 1-4 NB =         0.0000  1-4 EEL =         0.0000  VDWAALS    =     19493.6569
 EELEC  =   -113847.5970  EHBOND  =         0.0000  RESTRAINT  =         0.0000
 DV/DL  =         6.5046
 ------------------------------------------------------------------------------

 NMR restraints: Bond =    0.000   Angle =     0.000   Torsion =     0.000
===============================================================================

| TI region  1


 NSTEP =    60000   TIME(PS) =      60.000  TEMP(K) =    93.80  PRESS =     0.0
 Etot   =    -78810.9193  EKtot   =      5828.9189  EPtot      =    -84639.8382
 BOND   =      9415.3978  ANGLE   =        -0.0000  DIHED      =         0.0000
 1-4 NB =         0.0000  1-4 EEL =         0.0000  VDWAALS    =     19516.2024
 EELEC  =   -113571.4384  EHBOND  =         0.0000  RESTRAINT  =         0.0000
 DV/DL  =         5.9799
 ------------------------------------------------------------------------------

  Softcore part of the system:       7 atoms,       TEMP(K)    =          43.22
 SC_Etot=        10.4880  SC_EKtot=         0.9018  SC_EPtot   =         9.5862
 SC_BOND=         0.1352  SC_ANGLE=         3.8510  SC_DIHED   =         5.2466
 SC_14NB=         0.3535  SC_14EEL=         0.0000  SC_VDW     =         0.0000
 SC_EEL =         0.0000
 SC_RES_DIST=     0.0000  SC_RES_ANG=       0.0000  SC_RES_TORS=         0.0000
 SC_EEL_DER=      0.0000  SC_VDW_DER=      -0.3029  SC_DERIV   =        -0.3029
 ------------------------------------------------------------------------------


| TI region  2


 NSTEP =    60000   TIME(PS) =      60.000  TEMP(K) =    93.81  PRESS =     0.0
 Etot   =    -78811.8211  EKtot   =      5828.0172  EPtot      =    -84639.8382
 BOND   =      9415.3978  ANGLE   =        -0.0000  DIHED      =         0.0000
 1-4 NB =         0.0000  1-4 EEL =         0.0000  VDWAALS    =     19516.2024
 EELEC  =   -113571.4384  EHBOND  =         0.0000  RESTRAINT  =         0.0000
 DV/DL  =         5.9799
 ------------------------------------------------------------------------------

 NMR restraints: Bond =    0.000   Angle =     0.000   Torsion =     0.000
===============================================================================

| TI region  1


 NSTEP =    65000   TIME(PS) =      65.000  TEMP(K) =   101.80  PRESS =     0.0
 Etot   =    -77933.5191  EKtot   =      6326.0591  EPtot      =    -84259.5782
 BOND   =      9733.8568  ANGLE   =        -0.0000  DIHED      =        -0.0000
 1-4 NB =         0.0000  1-4 EEL =         0.0000  VDWAALS    =     19297.7895
 EELEC  =   -113291.2245  EHBOND  =         0.0000  RESTRAINT  =         0.0000
 DV/DL  =         5.7222
 ------------------------------------------------------------------------------

  Softcore part of the system:       7 atoms,       TEMP(K)    =          64.47
 SC_Etot=        11.1155  SC_EKtot=         1.3452  SC_EPtot   =         9.7703
 SC_BOND=         0.3734  SC_ANGLE=         3.8756  SC_DIHED   =         5.2945
 SC_14NB=         0.2268  SC_14EEL=         0.0000  SC_VDW     =         0.0000
 SC_EEL =         0.0000
 SC_RES_DIST=     0.0000  SC_RES_ANG=       0.0000  SC_RES_TORS=         0.0000
 SC_EEL_DER=      0.0000  SC_VDW_DER=       0.0454  SC_DERIV   =         0.0454
 ------------------------------------------------------------------------------


| TI region  2


 NSTEP =    65000   TIME(PS) =      65.000  TEMP(K) =   101.81  PRESS =     0.0
 Etot   =    -77934.8644  EKtot   =      6324.7138  EPtot      =    -84259.5782
 BOND   =      9733.8568  ANGLE   =        -0.0000  DIHED      =        -0.0000
 1-4 NB =         0.0000  1-4 EEL =         0.0000  VDWAALS    =     19297.7895
 EELEC  =   -113291.2245  EHBOND  =         0.0000  RESTRAINT  =         0.0000
 DV/DL  =         5.7222
 ------------------------------------------------------------------------------

 NMR restraints: Bond =    0.000   Angle =     0.000   Torsion =     0.000
===============================================================================

| TI region  1


 NSTEP =    70000   TIME(PS) =      70.000  TEMP(K) =   109.82  PRESS =     0.0
 Etot   =    -76964.0275  EKtot   =      6824.4873  EPtot      =    -83788.5148
 BOND   =      9871.1119  ANGLE   =         0.0000  DIHED      =        -0.0000
 1-4 NB =         0.0000  1-4 EEL =         0.0000  VDWAALS    =     19266.0655
 EELEC  =   -112925.6923  EHBOND  =         0.0000  RESTRAINT  =         0.0000
 DV/DL  =         4.9412
 ------------------------------------------------------------------------------

  Softcore part of the system:       7 atoms,       TEMP(K)    =          38.18
 SC_Etot=        10.9398  SC_EKtot=         0.7967  SC_EPtot   =        10.1431
 SC_BOND=         0.9340  SC_ANGLE=         3.8249  SC_DIHED   =         5.2178
 SC_14NB=         0.1664  SC_14EEL=         0.0000  SC_VDW     =         0.0000
 SC_EEL =         0.0000
 SC_RES_DIST=     0.0000  SC_RES_ANG=       0.0000  SC_RES_TORS=         0.0000
 SC_EEL_DER=      0.0000  SC_VDW_DER=      -0.8163  SC_DERIV   =        -0.8163
 ------------------------------------------------------------------------------


| TI region  2


 NSTEP =    70000   TIME(PS) =      70.000  TEMP(K) =   109.84  PRESS =     0.0
 Etot   =    -76964.8242  EKtot   =      6823.6906  EPtot      =    -83788.5148
 BOND   =      9871.1119  ANGLE   =         0.0000  DIHED      =        -0.0000
 1-4 NB =         0.0000  1-4 EEL =         0.0000  VDWAALS    =     19266.0655
 EELEC  =   -112925.6923  EHBOND  =         0.0000  RESTRAINT  =         0.0000
 DV/DL  =         4.9412
 ------------------------------------------------------------------------------

 NMR restraints: Bond =    0.000   Angle =     0.000   Torsion =     0.000
===============================================================================

| TI region  1


 NSTEP =    75000   TIME(PS) =      75.000  TEMP(K) =   118.35  PRESS =     0.0
 Etot   =    -76073.4859  EKtot   =      7354.7085  EPtot      =    -83428.1944
 BOND   =     10048.2177  ANGLE   =        -0.0000  DIHED      =        -0.0000
 1-4 NB =         0.0000  1-4 EEL =         0.0000  VDWAALS    =     19221.2037
 EELEC  =   -112697.6158  EHBOND  =         0.0000  RESTRAINT  =         0.0000
 DV/DL  =         3.0562
 ------------------------------------------------------------------------------

  Softcore part of the system:       7 atoms,       TEMP(K)    =         131.99
 SC_Etot=        12.5416  SC_EKtot=         2.7540  SC_EPtot   =         9.7875
 SC_BOND=         0.9626  SC_ANGLE=         3.1379  SC_DIHED   =         5.2330
 SC_14NB=         0.4541  SC_14EEL=         0.0000  SC_VDW     =         0.0000
 SC_EEL =         0.0000
 SC_RES_DIST=     0.0000  SC_RES_ANG=       0.0000  SC_RES_TORS=         0.0000
 SC_EEL_DER=      0.0000  SC_VDW_DER=      -1.4157  SC_DERIV   =        -1.4157
 ------------------------------------------------------------------------------


| TI region  2


 NSTEP =    75000   TIME(PS) =      75.000  TEMP(K) =   118.35  PRESS =     0.0
 Etot   =    -76076.2399  EKtot   =      7351.9545  EPtot      =    -83428.1944
 BOND   =     10048.2177  ANGLE   =        -0.0000  DIHED      =        -0.0000
 1-4 NB =         0.0000  1-4 EEL =         0.0000  VDWAALS    =     19221.2037
 EELEC  =   -112697.6158  EHBOND  =         0.0000  RESTRAINT  =         0.0000
 DV/DL  =         3.0562
 ------------------------------------------------------------------------------

 NMR restraints: Bond =    0.000   Angle =     0.000   Torsion =     0.000
===============================================================================

| TI region  1


 NSTEP =    80000   TIME(PS) =      80.000  TEMP(K) =   125.60  PRESS =     0.0
 Etot   =    -75248.0178  EKtot   =      7805.3125  EPtot      =    -83053.3303
 BOND   =     10106.3800  ANGLE   =         0.0000  DIHED      =        -0.0000
 1-4 NB =         0.0000  1-4 EEL =         0.0000  VDWAALS    =     19074.7251
 EELEC  =   -112234.4355  EHBOND  =         0.0000  RESTRAINT  =         0.0000
 DV/DL  =         5.6553
 ------------------------------------------------------------------------------

  Softcore part of the system:       7 atoms,       TEMP(K)    =         111.76
 SC_Etot=        12.0223  SC_EKtot=         2.3319  SC_EPtot   =         9.6904
 SC_BOND=         0.8836  SC_ANGLE=         3.3329  SC_DIHED   =         5.2100
 SC_14NB=         0.2639  SC_14EEL=         0.0000  SC_VDW     =         0.0000
 SC_EEL =         0.0000
 SC_RES_DIST=     0.0000  SC_RES_ANG=       0.0000  SC_RES_TORS=         0.0000
 SC_EEL_DER=      0.0000  SC_VDW_DER=      -0.4833  SC_DERIV   =        -0.4833
 ------------------------------------------------------------------------------


| TI region  2


 NSTEP =    80000   TIME(PS) =      80.000  TEMP(K) =   125.61  PRESS =     0.0
 Etot   =    -75250.3498  EKtot   =      7802.9806  EPtot      =    -83053.3303
 BOND   =     10106.3800  ANGLE   =         0.0000  DIHED      =        -0.0000
 1-4 NB =         0.0000  1-4 EEL =         0.0000  VDWAALS    =     19074.7251
 EELEC  =   -112234.4355  EHBOND  =         0.0000  RESTRAINT  =         0.0000
 DV/DL  =         5.6553
 ------------------------------------------------------------------------------

 NMR restraints: Bond =    0.000   Angle =     0.000   Torsion =     0.000
===============================================================================

| TI region  1


 NSTEP =    85000   TIME(PS) =      85.000  TEMP(K) =   132.62  PRESS =     0.0
 Etot   =    -74236.1939  EKtot   =      8241.5977  EPtot      =    -82477.7916
 BOND   =     10446.4779  ANGLE   =        -0.0000  DIHED      =         0.0000
 1-4 NB =         0.0000  1-4 EEL =         0.0000  VDWAALS    =     19143.7019
 EELEC  =   -112067.9714  EHBOND  =         0.0000  RESTRAINT  =         0.0000
 DV/DL  =         6.1503
 ------------------------------------------------------------------------------

  Softcore part of the system:       7 atoms,       TEMP(K)    =          95.44
 SC_Etot=        11.6540  SC_EKtot=         1.9914  SC_EPtot   =         9.6626
 SC_BOND=         0.5648  SC_ANGLE=         3.6409  SC_DIHED   =         5.2764
 SC_14NB=         0.1805  SC_14EEL=         0.0000  SC_VDW     =         0.0000
 SC_EEL =         0.0000
 SC_RES_DIST=     0.0000  SC_RES_ANG=       0.0000  SC_RES_TORS=         0.0000
 SC_EEL_DER=      0.0000  SC_VDW_DER=      -0.2415  SC_DERIV   =        -0.2415
 ------------------------------------------------------------------------------


| TI region  2


 NSTEP =    85000   TIME(PS) =      85.000  TEMP(K) =   132.63  PRESS =     0.0
 Etot   =    -74238.1853  EKtot   =      8239.6063  EPtot      =    -82477.7916
 BOND   =     10446.4779  ANGLE   =        -0.0000  DIHED      =         0.0000
 1-4 NB =         0.0000  1-4 EEL =         0.0000  VDWAALS    =     19143.7019
 EELEC  =   -112067.9714  EHBOND  =         0.0000  RESTRAINT  =         0.0000
 DV/DL  =         6.1503
 ------------------------------------------------------------------------------

 NMR restraints: Bond =    0.000   Angle =     0.000   Torsion =     0.000
===============================================================================

| TI region  1


 NSTEP =    90000   TIME(PS) =      90.000  TEMP(K) =   142.05  PRESS =     0.0
 Etot   =    -73195.1386  EKtot   =      8827.4834  EPtot      =    -82022.6220
 BOND   =     10595.8701  ANGLE   =         0.0000  DIHED      =        -0.0000
 1-4 NB =         0.0000  1-4 EEL =         0.0000  VDWAALS    =     19177.5805
 EELEC  =   -111796.0726  EHBOND  =         0.0000  RESTRAINT  =         0.0000
 DV/DL  =         6.4885
 ------------------------------------------------------------------------------

  Softcore part of the system:       7 atoms,       TEMP(K)    =         108.51
 SC_Etot=        12.3833  SC_EKtot=         2.2641  SC_EPtot   =        10.1192
 SC_BOND=         0.4138  SC_ANGLE=         3.8720  SC_DIHED   =         5.4009
 SC_14NB=         0.4325  SC_14EEL=         0.0000  SC_VDW     =         0.0000
 SC_EEL =         0.0000
 SC_RES_DIST=     0.0000  SC_RES_ANG=       0.0000  SC_RES_TORS=         0.0000
 SC_EEL_DER=      0.0000  SC_VDW_DER=      -0.5828  SC_DERIV   =        -0.5828
 ------------------------------------------------------------------------------


| TI region  2


 NSTEP =    90000   TIME(PS) =      90.000  TEMP(K) =   142.06  PRESS =     0.0
 Etot   =    -73197.4027  EKtot   =      8825.2193  EPtot      =    -82022.6220
 BOND   =     10595.8701  ANGLE   =         0.0000  DIHED      =        -0.0000
 1-4 NB =         0.0000  1-4 EEL =         0.0000  VDWAALS    =     19177.5805
 EELEC  =   -111796.0726  EHBOND  =         0.0000  RESTRAINT  =         0.0000
 DV/DL  =         6.4885
 ------------------------------------------------------------------------------

 NMR restraints: Bond =    0.000   Angle =     0.000   Torsion =     0.000
===============================================================================

| TI region  1


 NSTEP =    95000   TIME(PS) =      95.000  TEMP(K) =   149.91  PRESS =     0.0
 Etot   =    -72313.4547  EKtot   =      9315.9854  EPtot      =    -81629.4401
 BOND   =     10750.6924  ANGLE   =        -0.0000  DIHED      =         0.0000
 1-4 NB =         0.0000  1-4 EEL =         0.0000  VDWAALS    =     18957.9863
 EELEC  =   -111338.1187  EHBOND  =         0.0000  RESTRAINT  =         0.0000
 DV/DL  =         6.3283
 ------------------------------------------------------------------------------

  Softcore part of the system:       7 atoms,       TEMP(K)    =         140.16
 SC_Etot=        13.0628  SC_EKtot=         2.9245  SC_EPtot   =        10.1383
 SC_BOND=         1.1038  SC_ANGLE=         3.5284  SC_DIHED   =         5.2521
 SC_14NB=         0.2540  SC_14EEL=         0.0000  SC_VDW     =         0.0000
 SC_EEL =         0.0000
 SC_RES_DIST=     0.0000  SC_RES_ANG=       0.0000  SC_RES_TORS=         0.0000
 SC_EEL_DER=      0.0000  SC_VDW_DER=      -0.2365  SC_DERIV   =        -0.2365
 ------------------------------------------------------------------------------


| TI region  2


 NSTEP =    95000   TIME(PS) =      95.000  TEMP(K) =   149.91  PRESS =     0.0
 Etot   =    -72316.3792  EKtot   =      9313.0608  EPtot      =    -81629.4401
 BOND   =     10750.6924  ANGLE   =        -0.0000  DIHED      =         0.0000
 1-4 NB =         0.0000  1-4 EEL =         0.0000  VDWAALS    =     18957.9863
 EELEC  =   -111338.1187  EHBOND  =         0.0000  RESTRAINT  =         0.0000
 DV/DL  =         6.3283
 ------------------------------------------------------------------------------

 NMR restraints: Bond =    0.000   Angle =     0.000   Torsion =     0.000
===============================================================================

| TI region  1


 NSTEP =   100000   TIME(PS) =     100.000  TEMP(K) =   157.60  PRESS =     0.0
 Etot   =    -71269.9129  EKtot   =      9793.6738  EPtot      =    -81063.5868
 BOND   =     10772.0730  ANGLE   =        -0.0000  DIHED      =         0.0000
 1-4 NB =         0.0000  1-4 EEL =         0.0000  VDWAALS    =     18911.1564
 EELEC  =   -110746.8162  EHBOND  =         0.0000  RESTRAINT  =         0.0000
 DV/DL  =         3.4912
 ------------------------------------------------------------------------------

  Softcore part of the system:       7 atoms,       TEMP(K)    =         145.01
 SC_Etot=        12.7793  SC_EKtot=         3.0257  SC_EPtot   =         9.7536
 SC_BOND=         0.7729  SC_ANGLE=         3.5532  SC_DIHED   =         5.2297
 SC_14NB=         0.1978  SC_14EEL=         0.0000  SC_VDW     =         0.0000
 SC_EEL =         0.0000
 SC_RES_DIST=     0.0000  SC_RES_ANG=       0.0000  SC_RES_TORS=         0.0000
 SC_EEL_DER=      0.0000  SC_VDW_DER=      -1.7367  SC_DERIV   =        -1.7367
 ------------------------------------------------------------------------------


| TI region  2


 NSTEP =   100000   TIME(PS) =     100.000  TEMP(K) =   157.60  PRESS =     0.0
 Etot   =    -71272.9386  EKtot   =      9790.6482  EPtot      =    -81063.5868
 BOND   =     10772.0730  ANGLE   =        -0.0000  DIHED      =         0.0000
 1-4 NB =         0.0000  1-4 EEL =         0.0000  VDWAALS    =     18911.1564
 EELEC  =   -110746.8162  EHBOND  =         0.0000  RESTRAINT  =         0.0000
 DV/DL  =         3.4912
 ------------------------------------------------------------------------------

 NMR restraints: Bond =    0.000   Angle =     0.000   Torsion =     0.000
===============================================================================

| TI region  1


 NSTEP =   105000   TIME(PS) =     105.000  TEMP(K) =   166.61  PRESS =     0.0
 Etot   =    -70226.7780  EKtot   =     10354.0068  EPtot      =    -80580.7848
 BOND   =     10917.9636  ANGLE   =         0.0000  DIHED      =        -0.0000
 1-4 NB =         0.0000  1-4 EEL =         0.0000  VDWAALS    =     18675.2593
 EELEC  =   -110174.0077  EHBOND  =         0.0000  RESTRAINT  =         0.0000
 DV/DL  =         4.7756
 ------------------------------------------------------------------------------

  Softcore part of the system:       7 atoms,       TEMP(K)    =          96.06
 SC_Etot=        11.7856  SC_EKtot=         2.0044  SC_EPtot   =         9.7812
 SC_BOND=         0.8529  SC_ANGLE=         3.4855  SC_DIHED   =         5.2296
 SC_14NB=         0.2132  SC_14EEL=         0.0000  SC_VDW     =         0.0000
 SC_EEL =         0.0000
 SC_RES_DIST=     0.0000  SC_RES_ANG=       0.0000  SC_RES_TORS=         0.0000
 SC_EEL_DER=      0.0000  SC_VDW_DER=      -1.0861  SC_DERIV   =        -1.0861
 ------------------------------------------------------------------------------


| TI region  2


 NSTEP =   105000   TIME(PS) =     105.000  TEMP(K) =   166.64  PRESS =     0.0
 Etot   =    -70228.7824  EKtot   =     10352.0024  EPtot      =    -80580.7848
 BOND   =     10917.9636  ANGLE   =         0.0000  DIHED      =        -0.0000
 1-4 NB =         0.0000  1-4 EEL =         0.0000  VDWAALS    =     18675.2593
 EELEC  =   -110174.0077  EHBOND  =         0.0000  RESTRAINT  =         0.0000
 DV/DL  =         4.7756
 ------------------------------------------------------------------------------

 NMR restraints: Bond =    0.000   Angle =     0.000   Torsion =     0.000
===============================================================================

| TI region  1


 NSTEP =   110000   TIME(PS) =     110.000  TEMP(K) =   172.48  PRESS =     0.0
 Etot   =    -69410.8479  EKtot   =     10718.3184  EPtot      =    -80129.1662
 BOND   =     10971.9976  ANGLE   =        -0.0000  DIHED      =        -0.0000
 1-4 NB =         0.0000  1-4 EEL =         0.0000  VDWAALS    =     18689.8421
 EELEC  =   -109791.0059  EHBOND  =         0.0000  RESTRAINT  =         0.0000
 DV/DL  =         5.5379
 ------------------------------------------------------------------------------

  Softcore part of the system:       7 atoms,       TEMP(K)    =         240.80
 SC_Etot=        16.8636  SC_EKtot=         5.0244  SC_EPtot   =        11.8393
 SC_BOND=         0.8190  SC_ANGLE=         5.2412  SC_DIHED   =         5.2438
 SC_14NB=         0.5353  SC_14EEL=         0.0000  SC_VDW     =         0.0000
 SC_EEL =         0.0000
 SC_RES_DIST=     0.0000  SC_RES_ANG=       0.0000  SC_RES_TORS=         0.0000
 SC_EEL_DER=      0.0000  SC_VDW_DER=      -0.5718  SC_DERIV   =        -0.5718
 ------------------------------------------------------------------------------


| TI region  2


 NSTEP =   110000   TIME(PS) =     110.000  TEMP(K) =   172.45  PRESS =     0.0
 Etot   =    -69415.8722  EKtot   =     10713.2940  EPtot      =    -80129.1662
 BOND   =     10971.9976  ANGLE   =        -0.0000  DIHED      =        -0.0000
 1-4 NB =         0.0000  1-4 EEL =         0.0000  VDWAALS    =     18689.8421
 EELEC  =   -109791.0059  EHBOND  =         0.0000  RESTRAINT  =         0.0000
 DV/DL  =         5.5379
 ------------------------------------------------------------------------------

 NMR restraints: Bond =    0.000   Angle =     0.000   Torsion =     0.000
===============================================================================

| TI region  1


 NSTEP =   115000   TIME(PS) =     115.000  TEMP(K) =   181.98  PRESS =     0.0
 Etot   =    -68232.3012  EKtot   =     11308.6895  EPtot      =    -79540.9906
 BOND   =     11159.7905  ANGLE   =        -0.0000  DIHED      =        -0.0000
 1-4 NB =         0.0000  1-4 EEL =         0.0000  VDWAALS    =     18528.8786
 EELEC  =   -109229.6597  EHBOND  =         0.0000  RESTRAINT  =         0.0000
 DV/DL  =         5.9204
 ------------------------------------------------------------------------------

  Softcore part of the system:       7 atoms,       TEMP(K)    =         108.30
 SC_Etot=        12.3277  SC_EKtot=         2.2597  SC_EPtot   =        10.0681
 SC_BOND=         0.9794  SC_ANGLE=         3.4249  SC_DIHED   =         5.2335
 SC_14NB=         0.4302  SC_14EEL=         0.0000  SC_VDW     =         0.0000
 SC_EEL =         0.0000
 SC_RES_DIST=     0.0000  SC_RES_ANG=       0.0000  SC_RES_TORS=         0.0000
 SC_EEL_DER=      0.0000  SC_VDW_DER=      -0.6020  SC_DERIV   =        -0.6020
 ------------------------------------------------------------------------------


| TI region  2


 NSTEP =   115000   TIME(PS) =     115.000  TEMP(K) =   182.00  PRESS =     0.0
 Etot   =    -68234.5608  EKtot   =     11306.4298  EPtot      =    -79540.9906
 BOND   =     11159.7905  ANGLE   =        -0.0000  DIHED      =        -0.0000
 1-4 NB =         0.0000  1-4 EEL =         0.0000  VDWAALS    =     18528.8786
 EELEC  =   -109229.6597  EHBOND  =         0.0000  RESTRAINT  =         0.0000
 DV/DL  =         5.9204
 ------------------------------------------------------------------------------

 NMR restraints: Bond =    0.000   Angle =     0.000   Torsion =     0.000
===============================================================================

| TI region  1


 NSTEP =   120000   TIME(PS) =     120.000  TEMP(K) =   186.78  PRESS =     0.0
 Etot   =    -67490.6783  EKtot   =     11606.9014  EPtot      =    -79097.5797
 BOND   =     11386.6754  ANGLE   =        -0.0000  DIHED      =        -0.0000
 1-4 NB =         0.0000  1-4 EEL =         0.0000  VDWAALS    =     18376.8092
 EELEC  =   -108861.0643  EHBOND  =         0.0000  RESTRAINT  =         0.0000
 DV/DL  =         6.6025
 ------------------------------------------------------------------------------

  Softcore part of the system:       7 atoms,       TEMP(K)    =         166.36
 SC_Etot=        15.9217  SC_EKtot=         3.4713  SC_EPtot   =        12.4504
 SC_BOND=         1.9585  SC_ANGLE=         4.3667  SC_DIHED   =         5.2744
 SC_14NB=         0.8508  SC_14EEL=         0.0000  SC_VDW     =         0.0000
 SC_EEL =         0.0000
 SC_RES_DIST=     0.0000  SC_RES_ANG=       0.0000  SC_RES_TORS=         0.0000
 SC_EEL_DER=      0.0000  SC_VDW_DER=      -0.3185  SC_DERIV   =        -0.3185
 ------------------------------------------------------------------------------


| TI region  2


 NSTEP =   120000   TIME(PS) =     120.000  TEMP(K) =   186.78  PRESS =     0.0
 Etot   =    -67494.1496  EKtot   =     11603.4301  EPtot      =    -79097.5797
 BOND   =     11386.6754  ANGLE   =        -0.0000  DIHED      =        -0.0000
 1-4 NB =         0.0000  1-4 EEL =         0.0000  VDWAALS    =     18376.8092
 EELEC  =   -108861.0643  EHBOND  =         0.0000  RESTRAINT  =         0.0000
 DV/DL  =         6.6025
 ------------------------------------------------------------------------------

 NMR restraints: Bond =    0.000   Angle =     0.000   Torsion =     0.000
===============================================================================

| TI region  1


 NSTEP =   125000   TIME(PS) =     125.000  TEMP(K) =   196.36  PRESS =     0.0
 Etot   =    -66256.7882  EKtot   =     12202.4512  EPtot      =    -78459.2394
 BOND   =     11485.4297  ANGLE   =        -0.0000  DIHED      =        -0.0000
 1-4 NB =         0.0000  1-4 EEL =         0.0000  VDWAALS    =     18199.9392
 EELEC  =   -108144.6083  EHBOND  =         0.0000  RESTRAINT  =         0.0000
 DV/DL  =         6.4065
 ------------------------------------------------------------------------------

  Softcore part of the system:       7 atoms,       TEMP(K)    =         159.34
 SC_Etot=        14.7515  SC_EKtot=         3.3246  SC_EPtot   =        11.4268
 SC_BOND=         1.5382  SC_ANGLE=         4.4377  SC_DIHED   =         5.2064
 SC_14NB=         0.2446  SC_14EEL=         0.0000  SC_VDW     =         0.0000
 SC_EEL =         0.0000
 SC_RES_DIST=     0.0000  SC_RES_ANG=       0.0000  SC_RES_TORS=         0.0000
 SC_EEL_DER=      0.0000  SC_VDW_DER=      -0.7943  SC_DERIV   =        -0.7943
 ------------------------------------------------------------------------------


| TI region  2


 NSTEP =   125000   TIME(PS) =     125.000  TEMP(K) =   196.37  PRESS =     0.0
 Etot   =    -66260.1128  EKtot   =     12199.1266  EPtot      =    -78459.2394
 BOND   =     11485.4297  ANGLE   =        -0.0000  DIHED      =        -0.0000
 1-4 NB =         0.0000  1-4 EEL =         0.0000  VDWAALS    =     18199.9392
 EELEC  =   -108144.6083  EHBOND  =         0.0000  RESTRAINT  =         0.0000
 DV/DL  =         6.4065
 ------------------------------------------------------------------------------

 NMR restraints: Bond =    0.000   Angle =     0.000   Torsion =     0.000
===============================================================================

| TI region  1


 NSTEP =   130000   TIME(PS) =     130.000  TEMP(K) =   204.18  PRESS =     0.0
 Etot   =    -64959.3750  EKtot   =     12688.2520  EPtot      =    -77647.6270
 BOND   =     11841.5740  ANGLE   =         0.0000  DIHED      =        -0.0000
 1-4 NB =         0.0000  1-4 EEL =         0.0000  VDWAALS    =     17964.6476
 EELEC  =   -107453.8486  EHBOND  =         0.0000  RESTRAINT  =         0.0000
 DV/DL  =         4.7107
 ------------------------------------------------------------------------------

  Softcore part of the system:       7 atoms,       TEMP(K)    =         173.74
 SC_Etot=        15.2407  SC_EKtot=         3.6252  SC_EPtot   =        11.6155
 SC_BOND=         1.3052  SC_ANGLE=         4.7834  SC_DIHED   =         5.2839
 SC_14NB=         0.2430  SC_14EEL=         0.0000  SC_VDW     =         0.0000
 SC_EEL =         0.0000
 SC_RES_DIST=     0.0000  SC_RES_ANG=       0.0000  SC_RES_TORS=         0.0000
 SC_EEL_DER=      0.0000  SC_VDW_DER=      -1.3013  SC_DERIV   =        -1.3013
 ------------------------------------------------------------------------------


| TI region  2


 NSTEP =   130000   TIME(PS) =     130.000  TEMP(K) =   204.19  PRESS =     0.0
 Etot   =    -64963.0002  EKtot   =     12684.6268  EPtot      =    -77647.6270
 BOND   =     11841.5740  ANGLE   =         0.0000  DIHED      =        -0.0000
 1-4 NB =         0.0000  1-4 EEL =         0.0000  VDWAALS    =     17964.6476
 EELEC  =   -107453.8486  EHBOND  =         0.0000  RESTRAINT  =         0.0000
 DV/DL  =         4.7107
 ------------------------------------------------------------------------------

 NMR restraints: Bond =    0.000   Angle =     0.000   Torsion =     0.000
===============================================================================

| TI region  1


 NSTEP =   135000   TIME(PS) =     135.000  TEMP(K) =   210.45  PRESS =     0.0
 Etot   =    -63922.6017  EKtot   =     13078.1660  EPtot      =    -77000.7677
 BOND   =     11868.9609  ANGLE   =         0.0000  DIHED      =         0.0000
 1-4 NB =         0.0000  1-4 EEL =         0.0000  VDWAALS    =     17558.6369
 EELEC  =   -106428.3655  EHBOND  =         0.0000  RESTRAINT  =         0.0000
 DV/DL  =         4.5880
 ------------------------------------------------------------------------------

  Softcore part of the system:       7 atoms,       TEMP(K)    =         206.12
 SC_Etot=        14.9325  SC_EKtot=         4.3008  SC_EPtot   =        10.6317
 SC_BOND=         1.4420  SC_ANGLE=         3.5996  SC_DIHED   =         5.2072
 SC_14NB=         0.3830  SC_14EEL=         0.0000  SC_VDW     =         0.0000
 SC_EEL =         0.0000
 SC_RES_DIST=     0.0000  SC_RES_ANG=       0.0000  SC_RES_TORS=         0.0000
 SC_EEL_DER=      0.0000  SC_VDW_DER=      -1.0858  SC_DERIV   =        -1.0858
 ------------------------------------------------------------------------------


| TI region  2


 NSTEP =   135000   TIME(PS) =     135.000  TEMP(K) =   210.45  PRESS =     0.0
 Etot   =    -63926.9025  EKtot   =     13073.8652  EPtot      =    -77000.7677
 BOND   =     11868.9609  ANGLE   =         0.0000  DIHED      =         0.0000
 1-4 NB =         0.0000  1-4 EEL =         0.0000  VDWAALS    =     17558.6369
 EELEC  =   -106428.3655  EHBOND  =         0.0000  RESTRAINT  =         0.0000
 DV/DL  =         4.5880
 ------------------------------------------------------------------------------

 NMR restraints: Bond =    0.000   Angle =     0.000   Torsion =     0.000
===============================================================================

| TI region  1


 NSTEP =   140000   TIME(PS) =     140.000  TEMP(K) =   221.44  PRESS =     0.0
 Etot   =    -62497.3164  EKtot   =     13761.0488  EPtot      =    -76258.3653
 BOND   =     12195.5056  ANGLE   =        -0.0000  DIHED      =        -0.0000
 1-4 NB =         0.0000  1-4 EEL =         0.0000  VDWAALS    =     17284.4970
 EELEC  =   -105738.3678  EHBOND  =         0.0000  RESTRAINT  =         0.0000
 DV/DL  =         5.8833
 ------------------------------------------------------------------------------

  Softcore part of the system:       7 atoms,       TEMP(K)    =         165.54
 SC_Etot=        13.9789  SC_EKtot=         3.4541  SC_EPtot   =        10.5249
 SC_BOND=         1.0191  SC_ANGLE=         3.9397  SC_DIHED   =         5.2161
 SC_14NB=         0.3500  SC_14EEL=         0.0000  SC_VDW     =         0.0000
 SC_EEL =         0.0000
 SC_RES_DIST=     0.0000  SC_RES_ANG=       0.0000  SC_RES_TORS=         0.0000
 SC_EEL_DER=      0.0000  SC_VDW_DER=      -0.9208  SC_DERIV   =        -0.9208
 ------------------------------------------------------------------------------


| TI region  2


 NSTEP =   140000   TIME(PS) =     140.000  TEMP(K) =   221.46  PRESS =     0.0
 Etot   =    -62500.7705  EKtot   =     13757.5948  EPtot      =    -76258.3653
 BOND   =     12195.5056  ANGLE   =        -0.0000  DIHED      =        -0.0000
 1-4 NB =         0.0000  1-4 EEL =         0.0000  VDWAALS    =     17284.4970
 EELEC  =   -105738.3678  EHBOND  =         0.0000  RESTRAINT  =         0.0000
 DV/DL  =         5.8833
 ------------------------------------------------------------------------------

 NMR restraints: Bond =    0.000   Angle =     0.000   Torsion =     0.000
===============================================================================

| TI region  1


 NSTEP =   145000   TIME(PS) =     145.000  TEMP(K) =   227.56  PRESS =     0.0
 Etot   =    -61215.9227  EKtot   =     14141.5264  EPtot      =    -75357.4490
 BOND   =     12023.1869  ANGLE   =        -0.0000  DIHED      =        -0.0000
 1-4 NB =         0.0000  1-4 EEL =         0.0000  VDWAALS    =     17109.2245
 EELEC  =   -104489.8604  EHBOND  =         0.0000  RESTRAINT  =         0.0000
 DV/DL  =         4.5170
 ------------------------------------------------------------------------------

  Softcore part of the system:       7 atoms,       TEMP(K)    =         219.31
 SC_Etot=        17.1447  SC_EKtot=         4.5759  SC_EPtot   =        12.5688
 SC_BOND=         1.1240  SC_ANGLE=         5.8230  SC_DIHED   =         5.2336
 SC_14NB=         0.3882  SC_14EEL=         0.0000  SC_VDW     =         0.0000
 SC_EEL =         0.0000
 SC_RES_DIST=     0.0000  SC_RES_ANG=       0.0000  SC_RES_TORS=         0.0000
 SC_EEL_DER=      0.0000  SC_VDW_DER=      -1.7694  SC_DERIV   =        -1.7694
 ------------------------------------------------------------------------------


| TI region  2


 NSTEP =   145000   TIME(PS) =     145.000  TEMP(K) =   227.57  PRESS =     0.0
 Etot   =    -61220.4986  EKtot   =     14136.9504  EPtot      =    -75357.4490
 BOND   =     12023.1869  ANGLE   =        -0.0000  DIHED      =        -0.0000
 1-4 NB =         0.0000  1-4 EEL =         0.0000  VDWAALS    =     17109.2245
 EELEC  =   -104489.8604  EHBOND  =         0.0000  RESTRAINT  =         0.0000
 DV/DL  =         4.5170
 ------------------------------------------------------------------------------

 NMR restraints: Bond =    0.000   Angle =     0.000   Torsion =     0.000
===============================================================================

| TI region  1


 NSTEP =   150000   TIME(PS) =     150.000  TEMP(K) =   234.35  PRESS =     0.0
 Etot   =    -60066.7196  EKtot   =     14563.1855  EPtot      =    -74629.9051
 BOND   =     12019.4727  ANGLE   =         0.0000  DIHED      =        -0.0000
 1-4 NB =         0.0000  1-4 EEL =         0.0000  VDWAALS    =     16758.4321
 EELEC  =   -103407.8099  EHBOND  =         0.0000  RESTRAINT  =         0.0000
 DV/DL  =        -2.0956
 ------------------------------------------------------------------------------

  Softcore part of the system:       7 atoms,       TEMP(K)    =         238.86
 SC_Etot=        15.9508  SC_EKtot=         4.9840  SC_EPtot   =        10.9668
 SC_BOND=         0.8584  SC_ANGLE=         4.3864  SC_DIHED   =         5.2783
 SC_14NB=         0.4437  SC_14EEL=         0.0000  SC_VDW     =         0.0000
 SC_EEL =         0.0000
 SC_RES_DIST=     0.0000  SC_RES_ANG=       0.0000  SC_RES_TORS=         0.0000
 SC_EEL_DER=      0.0000  SC_VDW_DER=      -4.8922  SC_DERIV   =        -4.8922
 ------------------------------------------------------------------------------


| TI region  2


 NSTEP =   150000   TIME(PS) =     150.000  TEMP(K) =   234.35  PRESS =     0.0
 Etot   =    -60071.7036  EKtot   =     14558.2016  EPtot      =    -74629.9051
 BOND   =     12019.4727  ANGLE   =         0.0000  DIHED      =        -0.0000
 1-4 NB =         0.0000  1-4 EEL =         0.0000  VDWAALS    =     16758.4321
 EELEC  =   -103407.8099  EHBOND  =         0.0000  RESTRAINT  =         0.0000
 DV/DL  =        -2.0956
 ------------------------------------------------------------------------------

 NMR restraints: Bond =    0.000   Angle =     0.000   Torsion =     0.000
===============================================================================

| TI region  1


 NSTEP =   155000   TIME(PS) =     155.000  TEMP(K) =   241.98  PRESS =     0.0
 Etot   =    -58284.2704  EKtot   =     15037.5752  EPtot      =    -73321.8456
 BOND   =     12569.9676  ANGLE   =        -0.0000  DIHED      =        -0.0000
 1-4 NB =         0.0000  1-4 EEL =         0.0000  VDWAALS    =     16585.5419
 EELEC  =   -102477.3550  EHBOND  =         0.0000  RESTRAINT  =         0.0000
 DV/DL  =        -3.8556
 ------------------------------------------------------------------------------

  Softcore part of the system:       7 atoms,       TEMP(K)    =         128.83
 SC_Etot=        14.3446  SC_EKtot=         2.6882  SC_EPtot   =        11.6564
 SC_BOND=         1.4616  SC_ANGLE=         4.5760  SC_DIHED   =         5.2165
 SC_14NB=         0.4023  SC_14EEL=         0.0000  SC_VDW     =         0.0000
 SC_EEL =         0.0000
 SC_RES_DIST=     0.0000  SC_RES_ANG=       0.0000  SC_RES_TORS=         0.0000
 SC_EEL_DER=      0.0000  SC_VDW_DER=      -7.0913  SC_DERIV   =        -7.0913
 ------------------------------------------------------------------------------


| TI region  2


 NSTEP =   155000   TIME(PS) =     155.000  TEMP(K) =   242.02  PRESS =     0.0
 Etot   =    -58286.9585  EKtot   =     15034.8870  EPtot      =    -73321.8456
 BOND   =     12569.9676  ANGLE   =        -0.0000  DIHED      =        -0.0000
 1-4 NB =         0.0000  1-4 EEL =         0.0000  VDWAALS    =     16585.5419
 EELEC  =   -102477.3550  EHBOND  =         0.0000  RESTRAINT  =         0.0000
 DV/DL  =        -3.8556
 ------------------------------------------------------------------------------

 NMR restraints: Bond =    0.000   Angle =     0.000   Torsion =     0.000
===============================================================================

| TI region  1


 NSTEP =   160000   TIME(PS) =     160.000  TEMP(K) =   252.50  PRESS =     0.0
 Etot   =    -56563.1292  EKtot   =     15691.0703  EPtot      =    -72254.1995
 BOND   =     12395.7885  ANGLE   =        -0.0000  DIHED      =        -0.0000
 1-4 NB =         0.0000  1-4 EEL =         0.0000  VDWAALS    =     16117.6259
 EELEC  =   -100767.6139  EHBOND  =         0.0000  RESTRAINT  =         0.0000
 DV/DL  =        -2.6647
 ------------------------------------------------------------------------------

  Softcore part of the system:       7 atoms,       TEMP(K)    =         223.96
 SC_Etot=        17.2602  SC_EKtot=         4.6731  SC_EPtot   =        12.5871
 SC_BOND=         0.2647  SC_ANGLE=         6.3586  SC_DIHED   =         5.5680
 SC_14NB=         0.3958  SC_14EEL=         0.0000  SC_VDW     =         0.0000
 SC_EEL =         0.0000
 SC_RES_DIST=     0.0000  SC_RES_ANG=       0.0000  SC_RES_TORS=         0.0000
 SC_EEL_DER=      0.0000  SC_VDW_DER=      -5.7132  SC_DERIV   =        -5.7132
 ------------------------------------------------------------------------------


| TI region  2


 NSTEP =   160000   TIME(PS) =     160.000  TEMP(K) =   252.51  PRESS =     0.0
 Etot   =    -56567.8022  EKtot   =     15686.3973  EPtot      =    -72254.1995
 BOND   =     12395.7885  ANGLE   =        -0.0000  DIHED      =        -0.0000
 1-4 NB =         0.0000  1-4 EEL =         0.0000  VDWAALS    =     16117.6259
 EELEC  =   -100767.6139  EHBOND  =         0.0000  RESTRAINT  =         0.0000
 DV/DL  =        -2.6647
 ------------------------------------------------------------------------------

 NMR restraints: Bond =    0.000   Angle =     0.000   Torsion =     0.000
===============================================================================

| TI region  1


 NSTEP =   165000   TIME(PS) =     165.000  TEMP(K) =   259.32  PRESS =     0.0
 Etot   =    -55193.8146  EKtot   =     16115.2676  EPtot      =    -71309.0821
 BOND   =     12319.0807  ANGLE   =        -0.0000  DIHED      =        -0.0000
 1-4 NB =         0.0000  1-4 EEL =         0.0000  VDWAALS    =     15450.4155
 EELEC  =    -99078.5783  EHBOND  =         0.0000  RESTRAINT  =         0.0000
 DV/DL  =        -2.4016
 ------------------------------------------------------------------------------

  Softcore part of the system:       7 atoms,       TEMP(K)    =         228.04
 SC_Etot=        15.2889  SC_EKtot=         4.7582  SC_EPtot   =        10.5306
 SC_BOND=         0.2374  SC_ANGLE=         4.6702  SC_DIHED   =         5.2234
 SC_14NB=         0.3996  SC_14EEL=         0.0000  SC_VDW     =         0.0000
 SC_EEL =         0.0000
 SC_RES_DIST=     0.0000  SC_RES_ANG=       0.0000  SC_RES_TORS=         0.0000
 SC_EEL_DER=      0.0000  SC_VDW_DER=      -5.6662  SC_DERIV   =        -5.6662
 ------------------------------------------------------------------------------


| TI region  2


 NSTEP =   165000   TIME(PS) =     165.000  TEMP(K) =   259.33  PRESS =     0.0
 Etot   =    -55198.5728  EKtot   =     16110.5094  EPtot      =    -71309.0821
 BOND   =     12319.0807  ANGLE   =        -0.0000  DIHED      =        -0.0000
 1-4 NB =         0.0000  1-4 EEL =         0.0000  VDWAALS    =     15450.4155
 EELEC  =    -99078.5783  EHBOND  =         0.0000  RESTRAINT  =         0.0000
 DV/DL  =        -2.4016
 ------------------------------------------------------------------------------

 NMR restraints: Bond =    0.000   Angle =     0.000   Torsion =     0.000
===============================================================================

| TI region  1


 NSTEP =   170000   TIME(PS) =     170.000  TEMP(K) =   266.55  PRESS =     0.0
 Etot   =    -53473.8309  EKtot   =     16564.0605  EPtot      =    -70037.8914
 BOND   =     12582.8450  ANGLE   =        -0.0000  DIHED      =        -0.0000
 1-4 NB =         0.0000  1-4 EEL =         0.0000  VDWAALS    =     15327.3918
 EELEC  =    -97948.1283  EHBOND  =         0.0000  RESTRAINT  =         0.0000
 DV/DL  =        -4.6572
 ------------------------------------------------------------------------------

  Softcore part of the system:       7 atoms,       TEMP(K)    =         463.71
 SC_Etot=        21.9451  SC_EKtot=         9.6756  SC_EPtot   =        12.2694
 SC_BOND=         2.7089  SC_ANGLE=         4.1027  SC_DIHED   =         5.2190
 SC_14NB=         0.2387  SC_14EEL=         0.0000  SC_VDW     =         0.0000
 SC_EEL =         0.0000
 SC_RES_DIST=     0.0000  SC_RES_ANG=       0.0000  SC_RES_TORS=         0.0000
 SC_EEL_DER=      0.0000  SC_VDW_DER=      -6.6309  SC_DERIV   =        -6.6309
 ------------------------------------------------------------------------------


| TI region  2


 NSTEP =   170000   TIME(PS) =     170.000  TEMP(K) =   266.48  PRESS =     0.0
 Etot   =    -53483.5065  EKtot   =     16554.3849  EPtot      =    -70037.8914
 BOND   =     12582.8450  ANGLE   =        -0.0000  DIHED      =        -0.0000
 1-4 NB =         0.0000  1-4 EEL =         0.0000  VDWAALS    =     15327.3918
 EELEC  =    -97948.1283  EHBOND  =         0.0000  RESTRAINT  =         0.0000
 DV/DL  =        -4.6572
 ------------------------------------------------------------------------------

 NMR restraints: Bond =    0.000   Angle =     0.000   Torsion =     0.000
===============================================================================

| TI region  1


 NSTEP =   175000   TIME(PS) =     175.000  TEMP(K) =   275.63  PRESS =     0.0
 Etot   =    -51779.5312  EKtot   =     17128.8320  EPtot      =    -68908.3632
 BOND   =     12761.7031  ANGLE   =        -0.0000  DIHED      =         0.0000
 1-4 NB =         0.0000  1-4 EEL =         0.0000  VDWAALS    =     14874.3140
 EELEC  =    -96544.3803  EHBOND  =         0.0000  RESTRAINT  =         0.0000
 DV/DL  =       -11.8739
 ------------------------------------------------------------------------------

  Softcore part of the system:       7 atoms,       TEMP(K)    =         146.96
 SC_Etot=        14.3414  SC_EKtot=         3.0663  SC_EPtot   =        11.2751
 SC_BOND=         0.2751  SC_ANGLE=         5.4679  SC_DIHED   =         5.2172
 SC_14NB=         0.3148  SC_14EEL=         0.0000  SC_VDW     =         0.0000
 SC_EEL =         0.0000
 SC_RES_DIST=     0.0000  SC_RES_ANG=       0.0000  SC_RES_TORS=         0.0000
 SC_EEL_DER=      0.0000  SC_VDW_DER=     -10.2548  SC_DERIV   =       -10.2548
 ------------------------------------------------------------------------------


| TI region  2


 NSTEP =   175000   TIME(PS) =     175.000  TEMP(K) =   275.68  PRESS =     0.0
 Etot   =    -51782.5975  EKtot   =     17125.7657  EPtot      =    -68908.3632
 BOND   =     12761.7031  ANGLE   =        -0.0000  DIHED      =         0.0000
 1-4 NB =         0.0000  1-4 EEL =         0.0000  VDWAALS    =     14874.3140
 EELEC  =    -96544.3803  EHBOND  =         0.0000  RESTRAINT  =         0.0000
 DV/DL  =       -11.8739
 ------------------------------------------------------------------------------

 NMR restraints: Bond =    0.000   Angle =     0.000   Torsion =     0.000
===============================================================================

| TI region  1


 NSTEP =   180000   TIME(PS) =     180.000  TEMP(K) =   282.37  PRESS =     0.0
 Etot   =    -50301.5976  EKtot   =     17547.3203  EPtot      =    -67848.9180
 BOND   =     12711.5397  ANGLE   =        -0.0000  DIHED      =         0.0000
 1-4 NB =         0.0000  1-4 EEL =         0.0000  VDWAALS    =     14324.2672
 EELEC  =    -94884.7248  EHBOND  =         0.0000  RESTRAINT  =         0.0000
 DV/DL  =        -4.2505
 ------------------------------------------------------------------------------

  Softcore part of the system:       7 atoms,       TEMP(K)    =         183.34
 SC_Etot=        14.4384  SC_EKtot=         3.8255  SC_EPtot   =        10.6129
 SC_BOND=         0.1274  SC_ANGLE=         4.6173  SC_DIHED   =         5.2994
 SC_14NB=         0.5689  SC_14EEL=         0.0000  SC_VDW     =         0.0000
 SC_EEL =         0.0000
 SC_RES_DIST=     0.0000  SC_RES_ANG=       0.0000  SC_RES_TORS=         0.0000
 SC_EEL_DER=      0.0000  SC_VDW_DER=      -6.0559  SC_DERIV   =        -6.0559
 ------------------------------------------------------------------------------


| TI region  2


 NSTEP =   180000   TIME(PS) =     180.000  TEMP(K) =   282.40  PRESS =     0.0
 Etot   =    -50305.4232  EKtot   =     17543.4948  EPtot      =    -67848.9180
 BOND   =     12711.5397  ANGLE   =        -0.0000  DIHED      =         0.0000
 1-4 NB =         0.0000  1-4 EEL =         0.0000  VDWAALS    =     14324.2672
 EELEC  =    -94884.7248  EHBOND  =         0.0000  RESTRAINT  =         0.0000
 DV/DL  =        -4.2505
 ------------------------------------------------------------------------------

 NMR restraints: Bond =    0.000   Angle =     0.000   Torsion =     0.000
===============================================================================

| TI region  1


 NSTEP =   185000   TIME(PS) =     185.000  TEMP(K) =   291.22  PRESS =     0.0
 Etot   =    -48690.2572  EKtot   =     18097.4238  EPtot      =    -66787.6811
 BOND   =     12856.5804  ANGLE   =        -0.0000  DIHED      =        -0.0000
 1-4 NB =         0.0000  1-4 EEL =         0.0000  VDWAALS    =     13974.6016
 EELEC  =    -93618.8630  EHBOND  =         0.0000  RESTRAINT  =         0.0000
 DV/DL  =         0.3102
 ------------------------------------------------------------------------------

  Softcore part of the system:       7 atoms,       TEMP(K)    =         213.18
 SC_Etot=        15.8576  SC_EKtot=         4.4482  SC_EPtot   =        11.4094
 SC_BOND=         1.6692  SC_ANGLE=         4.0190  SC_DIHED   =         5.3498
 SC_14NB=         0.3714  SC_14EEL=         0.0000  SC_VDW     =         0.0000
 SC_EEL =         0.0000
 SC_RES_DIST=     0.0000  SC_RES_ANG=       0.0000  SC_RES_TORS=         0.0000
 SC_EEL_DER=      0.0000  SC_VDW_DER=      -4.4800  SC_DERIV   =        -4.4800
 ------------------------------------------------------------------------------


| TI region  2


 NSTEP =   185000   TIME(PS) =     185.000  TEMP(K) =   291.25  PRESS =     0.0
 Etot   =    -48694.7054  EKtot   =     18092.9756  EPtot      =    -66787.6811
 BOND   =     12856.5804  ANGLE   =        -0.0000  DIHED      =        -0.0000
 1-4 NB =         0.0000  1-4 EEL =         0.0000  VDWAALS    =     13974.6016
 EELEC  =    -93618.8630  EHBOND  =         0.0000  RESTRAINT  =         0.0000
 DV/DL  =         0.3102
 ------------------------------------------------------------------------------

 NMR restraints: Bond =    0.000   Angle =     0.000   Torsion =     0.000
===============================================================================

| TI region  1


 NSTEP =   190000   TIME(PS) =     190.000  TEMP(K) =   300.04  PRESS =     0.0
 Etot   =    -47468.2346  EKtot   =     18645.2852  EPtot      =    -66113.5197
 BOND   =     13018.6151  ANGLE   =        -0.0000  DIHED      =        -0.0000
 1-4 NB =         0.0000  1-4 EEL =         0.0000  VDWAALS    =     13984.3860
 EELEC  =    -93116.5208  EHBOND  =         0.0000  RESTRAINT  =         0.0000
 DV/DL  =         5.7817
 ------------------------------------------------------------------------------

  Softcore part of the system:       7 atoms,       TEMP(K)    =         265.19
 SC_Etot=        17.7985  SC_EKtot=         5.5332  SC_EPtot   =        12.2653
 SC_BOND=         3.3017  SC_ANGLE=         3.2483  SC_DIHED   =         5.2333
 SC_14NB=         0.4820  SC_14EEL=         0.0000  SC_VDW     =         0.0000
 SC_EEL =         0.0000
 SC_RES_DIST=     0.0000  SC_RES_ANG=       0.0000  SC_RES_TORS=         0.0000
 SC_EEL_DER=      0.0000  SC_VDW_DER=      -1.8153  SC_DERIV   =        -1.8153
 ------------------------------------------------------------------------------


| TI region  2


 NSTEP =   190000   TIME(PS) =     190.000  TEMP(K) =   300.05  PRESS =     0.0
 Etot   =    -47473.7678  EKtot   =     18639.7519  EPtot      =    -66113.5197
 BOND   =     13018.6151  ANGLE   =        -0.0000  DIHED      =        -0.0000
 1-4 NB =         0.0000  1-4 EEL =         0.0000  VDWAALS    =     13984.3860
 EELEC  =    -93116.5208  EHBOND  =         0.0000  RESTRAINT  =         0.0000
 DV/DL  =         5.7817
 ------------------------------------------------------------------------------

 NMR restraints: Bond =    0.000   Angle =     0.000   Torsion =     0.000
===============================================================================

| TI region  1


 NSTEP =   195000   TIME(PS) =     195.000  TEMP(K) =   300.31  PRESS =     0.0
 Etot   =    -47351.4934  EKtot   =     18662.2656  EPtot      =    -66013.7590
 BOND   =     12893.9365  ANGLE   =         0.0000  DIHED      =         0.0000
 1-4 NB =         0.0000  1-4 EEL =         0.0000  VDWAALS    =     13802.7063
 EELEC  =    -92710.4018  EHBOND  =         0.0000  RESTRAINT  =         0.0000
 DV/DL  =         0.9827
 ------------------------------------------------------------------------------

  Softcore part of the system:       7 atoms,       TEMP(K)    =         271.83
 SC_Etot=        20.8773  SC_EKtot=         5.6718  SC_EPtot   =        15.2055
 SC_BOND=         3.1138  SC_ANGLE=         6.1736  SC_DIHED   =         5.6900
 SC_14NB=         0.2281  SC_14EEL=         0.0000  SC_VDW     =         0.0000
 SC_EEL =         0.0000
 SC_RES_DIST=     0.0000  SC_RES_ANG=       0.0000  SC_RES_TORS=         0.0000
 SC_EEL_DER=      0.0000  SC_VDW_DER=      -3.7209  SC_DERIV   =        -3.7209
 ------------------------------------------------------------------------------


| TI region  2


 NSTEP =   195000   TIME(PS) =     195.000  TEMP(K) =   300.32  PRESS =     0.0
 Etot   =    -47357.1652  EKtot   =     18656.5938  EPtot      =    -66013.7590
 BOND   =     12893.9365  ANGLE   =         0.0000  DIHED      =         0.0000
 1-4 NB =         0.0000  1-4 EEL =         0.0000  VDWAALS    =     13802.7063
 EELEC  =    -92710.4018  EHBOND  =         0.0000  RESTRAINT  =         0.0000
 DV/DL  =         0.9827
 ------------------------------------------------------------------------------

 NMR restraints: Bond =    0.000   Angle =     0.000   Torsion =     0.000
===============================================================================

| TI region  1


 NSTEP =   200000   TIME(PS) =     200.000  TEMP(K) =   298.35  PRESS =     0.0
 Etot   =    -47168.5316  EKtot   =     18540.5840  EPtot      =    -65709.1156
 BOND   =     13078.2797  ANGLE   =         0.0000  DIHED      =        -0.0000
 1-4 NB =         0.0000  1-4 EEL =         0.0000  VDWAALS    =     13903.9903
 EELEC  =    -92691.3857  EHBOND  =         0.0000  RESTRAINT  =         0.0000
 DV/DL  =         8.3487
 ------------------------------------------------------------------------------

  Softcore part of the system:       7 atoms,       TEMP(K)    =         235.71
 SC_Etot=        17.6871  SC_EKtot=         4.9182  SC_EPtot   =        12.7689
 SC_BOND=         2.8997  SC_ANGLE=         4.2551  SC_DIHED   =         5.2388
 SC_14NB=         0.3753  SC_14EEL=         0.0000  SC_VDW     =         0.0000
 SC_EEL =         0.0000
 SC_RES_DIST=     0.0000  SC_RES_ANG=       0.0000  SC_RES_TORS=         0.0000
 SC_EEL_DER=      0.0000  SC_VDW_DER=      -0.3647  SC_DERIV   =        -0.3647
 ------------------------------------------------------------------------------


| TI region  2


 NSTEP =   200000   TIME(PS) =     200.000  TEMP(K) =   298.37  PRESS =     0.0
 Etot   =    -47173.4498  EKtot   =     18535.6658  EPtot      =    -65709.1156
 BOND   =     13078.2797  ANGLE   =         0.0000  DIHED      =        -0.0000
 1-4 NB =         0.0000  1-4 EEL =         0.0000  VDWAALS    =     13903.9903
 EELEC  =    -92691.3857  EHBOND  =         0.0000  RESTRAINT  =         0.0000
 DV/DL  =         8.3487
 ------------------------------------------------------------------------------

 NMR restraints: Bond =    0.000   Angle =     0.000   Torsion =     0.000
===============================================================================

| TI region  1


      A V E R A G E S   O V E R      40 S T E P S


 NSTEP =   200000   TIME(PS) =     200.000  TEMP(K) =   160.39  PRESS =     0.0
 Etot   =    -69293.2070  EKtot   =      9967.1281  EPtot      =    -79260.3351
 BOND   =     10666.4158  ANGLE   =        -0.0000  DIHED      =        -0.0000
 1-4 NB =         0.0000  1-4 EEL =         0.0000  VDWAALS    =     17877.1480
 EELEC  =   -107803.8989  EHBOND  =         0.0000  RESTRAINT  =         0.0000
 DV/DL  =         3.6856
 ------------------------------------------------------------------------------

 NMR restraints: Bond =    0.000   Angle =     0.000   Torsion =     0.000
===============================================================================
  Softcore part of the system:       7 atoms,       TEMP(K)    =         139.00
 SC_Etot=        13.3887  SC_EKtot=         2.9002  SC_EPtot   =        10.4884
 SC_BOND=         0.9196  SC_ANGLE=         3.9534  SC_DIHED   =         5.2628
 SC_14NB=         0.3526  SC_14EEL=         0.0000  SC_VDW     =         0.0000
 SC_EEL =         0.0000
 SC_RES_DIST=     0.0000  SC_RES_ANG=       0.0000  SC_RES_TORS=         0.0000
 SC_EEL_DER=      0.0000  SC_VDW_DER=      -1.8602  SC_DERIV   =        -1.8602
 ------------------------------------------------------------------------------


      R M S  F L U C T U A T I O N S


 NSTEP =   200000   TIME(PS) =     200.000  TEMP(K) =    90.00  PRESS =     0.0
 Etot   =     12632.7424  EKtot   =      5593.1908  EPtot      =      7110.6100
 BOND   =      1729.4299  ANGLE   =         0.0000  DIHED      =         0.0000
 1-4 NB =         0.0000  1-4 EEL =         0.0000  VDWAALS    =      1950.1122
 EELEC  =      7440.7153  EHBOND  =         0.0000  RESTRAINT  =         0.0000
 DV/DL  =         4.2556
 ------------------------------------------------------------------------------

  Softcore part of the system:       7 atoms,       TEMP(K)    =          91.61
 SC_Etot=         3.2020  SC_EKtot=         1.9115  SC_EPtot   =         1.4625
 SC_BOND=         0.8567  SC_ANGLE=         0.8840  SC_DIHED   =         0.0934
 SC_14NB=         0.1237  SC_14EEL=         0.0000  SC_VDW     =         0.0000
 SC_EEL =         0.0000
 SC_RES_DIST=     0.0000  SC_RES_ANG=       0.0000  SC_RES_TORS=         0.0000
 SC_EEL_DER=      0.0000  SC_VDW_DER=       2.4562  SC_DERIV   =         2.4562
 ------------------------------------------------------------------------------


| TI region  2


      A V E R A G E S   O V E R      40 S T E P S


 NSTEP =   200000   TIME(PS) =     200.000  TEMP(K) =   160.40  PRESS =     0.0
 Etot   =    -69296.1072  EKtot   =      9964.2279  EPtot      =    -79260.3351
 BOND   =     10666.4158  ANGLE   =        -0.0000  DIHED      =        -0.0000
 1-4 NB =         0.0000  1-4 EEL =         0.0000  VDWAALS    =     17877.1480
 EELEC  =   -107803.8989  EHBOND  =         0.0000  RESTRAINT  =         0.0000
 DV/DL  =         3.6856
 ------------------------------------------------------------------------------

 NMR restraints: Bond =    0.000   Angle =     0.000   Torsion =     0.000
===============================================================================

      R M S  F L U C T U A T I O N S


 NSTEP =   200000   TIME(PS) =     200.000  TEMP(K) =    90.01  PRESS =     0.0
 Etot   =     12631.1606  EKtot   =      5591.5960  EPtot      =      7110.6100
 BOND   =      1729.4299  ANGLE   =         0.0000  DIHED      =         0.0000
 1-4 NB =         0.0000  1-4 EEL =         0.0000  VDWAALS    =      1950.1122
 EELEC  =      7440.7153  EHBOND  =         0.0000  RESTRAINT  =         0.0000
 DV/DL  =         4.2556
 ------------------------------------------------------------------------------


      DV/DL, AVERAGES OVER      40 STEPS


 NSTEP =   200000   TIME(PS) =     200.000  TEMP(K) =    90.01  PRESS =     0.0
 Etot   =         0.0000  EKtot   =         0.0000  EPtot      =         3.6856
 BOND   =         0.0000  ANGLE   =         0.0000  DIHED      =         0.0000
 1-4 NB =         0.0000  1-4 EEL =         0.0000  VDWAALS    =         5.5458
 EELEC  =         0.0000  EHBOND  =         0.0000  RESTRAINT  =         0.0000
 DV/DL  =         3.6856
 ------------------------------------------------------------------------------


 NMR restraints on final step:

--------------------------------------------------------------------------------
   5.  TIMINGS
--------------------------------------------------------------------------------

|  NonSetup CPU Time in Major Routines:
|
|     Routine           Sec        %
|     ------------------------------
|     Nonbond         150.15   30.32
|     Bond              0.00    0.00
|     Angle             0.00    0.00
|     Dihedral          0.00    0.00
|     Shake             0.00    0.00
|     RunMD           344.55   69.57
|     Other             0.57    0.11
|     ------------------------------
|     Total           495.27

|  PME Nonbond Pairlist CPU Time:
|
|     Routine              Sec        %
|     ---------------------------------
|     Set Up Cit           0.00    0.00
|     Build List           0.00    0.00
|     ---------------------------------
|     Total                0.00    0.00

|  PME Direct Force CPU Time:
|
|     Routine              Sec        %
|     ---------------------------------
|     NonBonded Calc       0.00    0.00
|     Exclude Masked       0.00    0.00
|     Other                0.38    0.08
|     ---------------------------------
|     Total                0.38    0.08

|  PME Reciprocal Force CPU Time:
|
|     Routine              Sec        %
|     ---------------------------------
|     1D bspline           0.00    0.00
|     Grid Charges         0.00    0.00
|     Scalar Sum           0.00    0.00
|     Gradient Sum         0.00    0.00
|     FFT                  0.00    0.00
|     ---------------------------------
|     Total                0.00    0.00

|  Final Performance Info:
|     -----------------------------------------------------
|     Average timings for last       1 steps:
|     Elapsed(s) =       0.00 Per Step(ms) =       2.09
|         ns/day =      41.24   seconds/ns =    2094.97
|
|     Average timings for all steps:
|     Elapsed(s) =     495.92 Per Step(ms) =       2.48
|         ns/day =      34.84   seconds/ns =    2479.59
|     -----------------------------------------------------

|  Setup CPU time:            0.57 seconds
|  NonSetup CPU time:       495.27 seconds
|  Total CPU time:          495.84 seconds     0.14 hours

|  Setup wall time:           1    seconds
|  NonSetup wall time:      495    seconds
|  Total wall time:         496    seconds     0.14 hours
