
          -------------------------------------------------------
          Amber 18 PMEMD                              2018
          -------------------------------------------------------

| PMEMD implementation of SANDER, Release 18

| Run on 06/12/2020 at 12:27:52

|   Executable path: /opt/software/Amber/18-foss-2018b-AmberTools-19/bin/pmemd.cuda
| Working directory: /mnt/gs18/scratch/users/songlin3/run/1264_optimization/acetate/tip3p_TIP3P/0.88495
|          Hostname: lac-349

  [-O]verwriting output

File Assignments:
|   MDIN: heat.in                                                               
|  MDOUT: heat.out                                                              
| INPCRD: min.rst                                                               
|   PARM: step1.prmtop                                                          
| RESTRT: heat.rst                                                              
|   REFC: min.rst                                                               
|  MDVEL: mdvel                                                                 
|   MDEN: mden                                                                  
|  MDCRD: heat.netcdf                                                           
| MDINFO: heat.mdinfo                                                           
|  MDFRC: mdfrc                                                                 


 Here is the input file:

nvt for free MD                                                                
 &cntrl                                                                        
  imin=0,                                                                      
  irest=0,                                                                     
  ntx=1,                                                                       
  ig=-1,                                                                       
  nstlim=200000,                                                               
  dt=0.001,                                                                    
  cut=10.0,                                                                    
  ntc=1,                                                                       
  ntf=1,                                                                       
  ntb=1,                                                                       
  ntt=3,                                                                       
  gamma_ln=2.0,                                                                
  tempi=0.0,                                                                   
  temp0=300.0,                                                                 
  ntpr=5000,                                                                   
  ntwr=5000,                                                                   
  ntwx=10000,                                                                  
  ntwv=0,                                                                      
  ioutfm=1,                                                                    
  iwrap=0,                                                                     
  nmropt=1,                                                                    
  ifsc = 1, icfe=1,                                                            
  clambda=0.88495,                                                             
  timask1=':1', scmask1=':1', scmask2='',                                      
  timask2='',                                                                  
/                                                                              
&wt TYPE='TEMP0', istep1=0, istep2=190000, value1=0.0, value2=300.0 /          
&wt TYPE='TEMP0', istep1=190001, istep2=200000, value1=300.0, value2=300.0 /   
&wt TYPE='DUMPFREQ', istep1=10000, /                                           
&wt TYPE='END', /                                                              


Note: ig = -1. Setting random seed to   347527 based on wallclock time in 
      microseconds.
| irandom = 1, using AMBER's internal random number generator (default).
 
|--------------------- INFORMATION ----------------------
| GPU (CUDA) Version of PMEMD in use: NVIDIA GPU IN USE.
|                    Version 18.0.0
| 
|                      03/25/2018
| 
| Implementation by:
|                    Ross C. Walker     (SDSC)
|                    Scott Le Grand     (nVIDIA)
| 
| Version 18 performance extensions by:
|                    David Cerutti     (Rutgers)
| 
| Precision model in use:
|      [SPFP] - Single Precision Forces, 64-bit Fixed Point
|               Accumulation. (Default)
| 
|--------------------------------------------------------
 
|----------------- CITATION INFORMATION -----------------
|
|    When publishing work that utilized the CUDA version
|    of AMBER, please cite the following in addition to
|    the regular AMBER citations:
|
|  - Romelia Salomon-Ferrer; Andreas W. Goetz; Duncan
|    Poole; Scott Le Grand; Ross C. Walker "Routine
|    microsecond molecular dynamics simulations with
|    AMBER - Part II: Particle Mesh Ewald", J. Chem.
|    Theory Comput., 2013, 9 (9), pp3878-3888,
|    DOI: 10.1021/ct400314y.
|
|  - Andreas W. Goetz; Mark J. Williamson; Dong Xu;
|    Duncan Poole; Scott Le Grand; Ross C. Walker
|    "Routine microsecond molecular dynamics simulations
|    with AMBER - Part I: Generalized Born", J. Chem.
|    Theory Comput., 2012, 8 (5), pp1542-1555.
|
|  - Scott Le Grand; Andreas W. Goetz; Ross C. Walker
|    "SPFP: Speed without compromise - a mixed precision
|    model for GPU accelerated molecular dynamics
|    simulations.", Comp. Phys. Comm., 2013, 184
|    pp374-380, DOI: 10.1016/j.cpc.2012.09.022
|
|    When publishing work that utilized the CUDA version
|    of TI, BAR, MBAR or FEP please cite the following 
|    three publications in addition to the regular AMBER 
|    GPU citations:
|
|  - Daniel J. Mermelstein; Charles Lin; Gard Nelson; 
|    Rachael Kretsch; J. Andrew McCammon; Ross C. Walker
|    "Fast and Flexible GPU Accelerated Binding 
|    Free Energy Calculations within the AMBER Molecular
|    Dynamics Package" J. Comp. Chem., 2018,
|    DOI: 10.1002/jcc.25187
|
|  - Tai-Sung Lee; Yuan Hu; Brad Sherborne; Zhuyan Guo;
|    Darrin M. York
|    "Toward Fast and Accurate Binding Affinity Prediction with
|    pmemdGTI: An Efficient Implementation of GPU-Accelerated
|    Thermodynamic Integration"
|    J. Chem. Theory Comput., 2017, 13 (7), 3077
|
|
|--------------------------------------------------------
 
|------------------- GPU DEVICE INFO --------------------
|
|            CUDA_VISIBLE_DEVICES: 0
|   CUDA Capable Devices Detected:      1
|           CUDA Device ID in use:      0
|                CUDA Device Name: Tesla K80
|     CUDA Device Global Mem Size:  12206 MB
| CUDA Device Num Multiprocessors:     13
|           CUDA Device Core Freq:   0.82 GHz
|
|--------------------------------------------------------
 
 
| Conditional Compilation Defines Used:
| PUBFFT
| BINTRAJ
| CUDA
| EMIL

| Largest sphere to fit in unit cell has radius =    27.333

| New format PARM file being parsed.
| Version =    1.000 Date = 06/12/20 Time = 12:17:32

| Note: 1-4 EEL scale factors are being read from the topology file.

| Note: 1-4 VDW scale factors are being read from the topology file.
| Duplicated    0 dihedrals

| Duplicated    0 dihedrals

--------------------------------------------------------------------------------
   1.  RESOURCE   USE: 
--------------------------------------------------------------------------------

 getting box info from netcdf restart file
 NATOM  =   20848 NTYPES =       6 NBONH =   20844 MBONA  =       3
 NTHETH =       6 MTHETA =       3 NPHIH =      12 MPHIA  =       1
 NHPARM =       0 NPARM  =       0 NNB   =   27810 NRES   =    6948
 NBONA  =       3 NTHETA =       3 NPHIA =       1 NUMBND =       5
 NUMANG =       4 NPTRA  =       3 NATYP =       6 NPHB   =       1
 IFBOX  =       2 NMXRS  =       7 IFCAP =       0 NEXTRA =       0
 NCOPY  =       0

| Coordinate Index Table dimensions:    10   10   10
| Direct force subcell size =     6.6953    6.6953    6.6953

     BOX TYPE: TRUNCATED OCTAHEDRON

--------------------------------------------------------------------------------
   2.  CONTROL  DATA  FOR  THE  RUN
--------------------------------------------------------------------------------

default_name                                                                    

General flags:
     imin    =       0, nmropt  =       1

Nature and format of input:
     ntx     =       1, irest   =       0, ntrx    =       1

Nature and format of output:
     ntxo    =       2, ntpr    =    5000, ntrx    =       1, ntwr    =    5000
     iwrap   =       0, ntwx    =   10000, ntwv    =       0, ntwe    =       0
     ioutfm  =       1, ntwprt  =       0, idecomp =       0, rbornstat=      0

Potential function:
     ntf     =       1, ntb     =       1, igb     =       0, nsnb    =      25
     ipol    =       0, gbsa    =       0, iesp    =       0
     dielc   =   1.00000, cut     =  10.00000, intdiel =   1.00000

Frozen or restrained atoms:
     ibelly  =       0, ntr     =       0

Molecular dynamics:
     nstlim  =    200000, nscm    =      1000, nrespa  =         1
     t       =   0.00000, dt      =   0.00100, vlimit  =  -1.00000

Langevin dynamics temperature regulation:
     ig      =  347527
     temp0   = 300.00000, tempi   =   0.00000, gamma_ln=   2.00000

NMR refinement options:
     iscale  =       0, noeskp  =       1, ipnlty  =       1, mxsub   =       1
     scalm   = 100.00000, pencut  =   0.10000, tausw   =   0.10000

Free energy options:
     icfe    =       1, ifsc    =       1, klambda =       1
     clambda =  0.8850, scalpha =  0.5000, scbeta  = 12.0000
     sceeorder =       2
     dynlmb =  0.0000 logdvdl =       0

| Intermolecular bonds treatment:
|     no_intermolecular_bonds =       1

| Energy averages sample interval:
|     ene_avg_sampling =    5000

Ewald parameters:
     verbose =       0, ew_type =       0, nbflag  =       1, use_pme =       1
     vdwmeth =       1, eedmeth =       1, netfrc  =       1
     Box X =   66.953   Box Y =   66.953   Box Z =   66.953
     Alpha =  109.471   Beta  =  109.471   Gamma =  109.471
     NFFT1 =   64       NFFT2 =   64       NFFT3 =   64
     Cutoff=   10.000   Tol   =0.100E-04
     Ewald Coefficient =  0.27511
     Interpolation order =    4
     TI Mask 1 :1; matches      7 atoms
     TI Mask 2  matches      0 atoms
     TI region 1:   20848 atoms
     TI region 2:   20841 atoms
     SC Mask 1 :1; matches      7 atoms

--------------------------------------------------------------------------------
   3.  ATOMIC COORDINATES AND VELOCITIES
--------------------------------------------------------------------------------

default_name                                                                    
 begin time read from input coords =     0.000 ps



           Begin reading energy term weight changes/NMR restraints
 WEIGHT CHANGES:
 TEMP0         0 190000    0.000000  300.000000      0      0
 TEMP0    190001 200000  300.000000  300.000000      0      0
 DUMPFREQ  10000      0    0.000000    0.000000      0      0

 RESTRAINTS:
                          ** No restraint defined **

                  Done reading weight changes/NMR restraints


 
 Number of triangulated 3-point waters found:     6947
 Number of shake restraints removed in TI region  1 :        0
 Number of shake restraints removed in TI region  2 :        0

     Sum of charges for TI region  1 =  -0.99999900
     Assuming uniform neutralizing plasma


     Sum of charges for TI region  2 =   0.00000000
     Forcing neutrality...

| Dynamic Memory, Types Used:
| Reals              914983
| Integers           792606

| Nonbonded Pairs Initial Allocation:     6305998

| GPU memory information (estimate):
| KB of GPU memory in use:         0
| KB of CPU memory in use:         0

--------------------------------------------------------------------------------
   4.  RESULTS
--------------------------------------------------------------------------------

   DOF for the SC part  1 of the system:   21

| TI region  1


 NSTEP =        0   TIME(PS) =       0.000  TEMP(K) =     0.00  PRESS =     0.0
 Etot   =    -88380.6767  EKtot   =         0.0000  EPtot      =    -88380.6767
 BOND   =      7070.6711  ANGLE   =         0.0000  DIHED      =        -0.0000
 1-4 NB =         0.0000  1-4 EEL =        -0.0000  VDWAALS    =     18738.2168
 EELEC  =   -114189.5645  EHBOND  =         0.0000  RESTRAINT  =         0.0000
 DV/DL  =        28.3858
 ------------------------------------------------------------------------------

  Softcore part of the system:       7 atoms,       TEMP(K)    =           0.00
 SC_Etot=        18.7694  SC_EKtot=         0.0000  SC_EPtot   =        18.7694
 SC_BOND=         0.0427  SC_ANGLE=         2.8150  SC_DIHED   =         5.2200
 SC_14NB=         0.2753  SC_14EEL=        10.4164  SC_VDW     =         0.0000
 SC_EEL =         0.0000
 SC_RES_DIST=     0.0000  SC_RES_ANG=       0.0000  SC_RES_TORS=         0.0000
 SC_EEL_DER=      0.2535  SC_VDW_DER=       0.0149  SC_DERIV   =         0.2684
 ------------------------------------------------------------------------------


| TI region  2


 NSTEP =        0   TIME(PS) =       0.000  TEMP(K) =     0.00  PRESS =     0.0
 Etot   =    -88380.6767  EKtot   =         0.0000  EPtot      =    -88380.6767
 BOND   =      7070.6711  ANGLE   =         0.0000  DIHED      =        -0.0000
 1-4 NB =         0.0000  1-4 EEL =        -0.0000  VDWAALS    =     18738.2168
 EELEC  =   -114189.5645  EHBOND  =         0.0000  RESTRAINT  =         0.0000
 DV/DL  =        28.3858
 ------------------------------------------------------------------------------

 NMR restraints: Bond =    0.000   Angle =     0.000   Torsion =     0.000
===============================================================================

| TI region  1


 NSTEP =     5000   TIME(PS) =       5.000  TEMP(K) =     7.36  PRESS =     0.0
 Etot   =    -88376.1508  EKtot   =       457.4228  EPtot      =    -88833.5735
 BOND   =      7396.6519  ANGLE   =        -0.0000  DIHED      =        -0.0000
 1-4 NB =         0.0000  1-4 EEL =         0.0000  VDWAALS    =     19396.6499
 EELEC  =   -115626.8754  EHBOND  =         0.0000  RESTRAINT  =         0.0000
 DV/DL  =        35.3090
 ------------------------------------------------------------------------------

  Softcore part of the system:       7 atoms,       TEMP(K)    =           6.08
 SC_Etot=        18.9594  SC_EKtot=         0.1269  SC_EPtot   =        18.8325
 SC_BOND=         0.0844  SC_ANGLE=         2.8331  SC_DIHED   =         5.2231
 SC_14NB=         0.2712  SC_14EEL=        10.4208  SC_VDW     =         0.0000
 SC_EEL =         0.0000
 SC_RES_DIST=     0.0000  SC_RES_ANG=       0.0000  SC_RES_TORS=         0.0000
 SC_EEL_DER=      0.4833  SC_VDW_DER=      -0.2963  SC_DERIV   =         0.1870
 ------------------------------------------------------------------------------


| TI region  2


 NSTEP =     5000   TIME(PS) =       5.000  TEMP(K) =     7.36  PRESS =     0.0
 Etot   =    -88376.2776  EKtot   =       457.2959  EPtot      =    -88833.5735
 BOND   =      7396.6519  ANGLE   =        -0.0000  DIHED      =        -0.0000
 1-4 NB =         0.0000  1-4 EEL =         0.0000  VDWAALS    =     19396.6499
 EELEC  =   -115626.8754  EHBOND  =         0.0000  RESTRAINT  =         0.0000
 DV/DL  =        35.3090
 ------------------------------------------------------------------------------

 NMR restraints: Bond =    0.000   Angle =     0.000   Torsion =     0.000
===============================================================================

| TI region  1


 NSTEP =    10000   TIME(PS) =      10.000  TEMP(K) =    15.17  PRESS =     0.0
 Etot   =    -87657.5394  EKtot   =       942.7422  EPtot      =    -88600.2817
 BOND   =      7618.7508  ANGLE   =        -0.0000  DIHED      =        -0.0000
 1-4 NB =         0.0000  1-4 EEL =        -0.0000  VDWAALS    =     19589.9190
 EELEC  =   -115808.9515  EHBOND  =         0.0000  RESTRAINT  =         0.0000
 DV/DL  =        32.9064
 ------------------------------------------------------------------------------

  Softcore part of the system:       7 atoms,       TEMP(K)    =          16.12
 SC_Etot=        19.2908  SC_EKtot=         0.3363  SC_EPtot   =        18.9546
 SC_BOND=         0.1010  SC_ANGLE=         2.9154  SC_DIHED   =         5.2304
 SC_14NB=         0.2867  SC_14EEL=        10.4211  SC_VDW     =         0.0000
 SC_EEL =         0.0000
 SC_RES_DIST=     0.0000  SC_RES_ANG=       0.0000  SC_RES_TORS=         0.0000
 SC_EEL_DER=      0.4485  SC_VDW_DER=      -0.5262  SC_DERIV   =        -0.0778
 ------------------------------------------------------------------------------


| TI region  2


 NSTEP =    10000   TIME(PS) =      10.000  TEMP(K) =    15.17  PRESS =     0.0
 Etot   =    -87657.8757  EKtot   =       942.4060  EPtot      =    -88600.2817
 BOND   =      7618.7508  ANGLE   =        -0.0000  DIHED      =        -0.0000
 1-4 NB =         0.0000  1-4 EEL =        -0.0000  VDWAALS    =     19589.9190
 EELEC  =   -115808.9515  EHBOND  =         0.0000  RESTRAINT  =         0.0000
 DV/DL  =        32.9064
 ------------------------------------------------------------------------------

 NMR restraints: Bond =    0.000   Angle =     0.000   Torsion =     0.000
===============================================================================

| TI region  1


 NSTEP =    15000   TIME(PS) =      15.000  TEMP(K) =    23.00  PRESS =     0.0
 Etot   =    -86831.3916  EKtot   =      1429.4451  EPtot      =    -88260.8367
 BOND   =      7774.5737  ANGLE   =        -0.0000  DIHED      =         0.0000
 1-4 NB =         0.0000  1-4 EEL =        -0.0000  VDWAALS    =     19581.5417
 EELEC  =   -115616.9521  EHBOND  =         0.0000  RESTRAINT  =         0.0000
 DV/DL  =        33.1192
 ------------------------------------------------------------------------------

  Softcore part of the system:       7 atoms,       TEMP(K)    =          19.33
 SC_Etot=        19.6002  SC_EKtot=         0.4033  SC_EPtot   =        19.1969
 SC_BOND=         0.0954  SC_ANGLE=         3.1577  SC_DIHED   =         5.2117
 SC_14NB=         0.2861  SC_14EEL=        10.4459  SC_VDW     =         0.0000
 SC_EEL =         0.0000
 SC_RES_DIST=     0.0000  SC_RES_ANG=       0.0000  SC_RES_TORS=         0.0000
 SC_EEL_DER=      0.3629  SC_VDW_DER=      -0.3710  SC_DERIV   =        -0.0081
 ------------------------------------------------------------------------------


| TI region  2


 NSTEP =    15000   TIME(PS) =      15.000  TEMP(K) =    23.00  PRESS =     0.0
 Etot   =    -86831.7949  EKtot   =      1429.0418  EPtot      =    -88260.8367
 BOND   =      7774.5737  ANGLE   =        -0.0000  DIHED      =         0.0000
 1-4 NB =         0.0000  1-4 EEL =        -0.0000  VDWAALS    =     19581.5417
 EELEC  =   -115616.9521  EHBOND  =         0.0000  RESTRAINT  =         0.0000
 DV/DL  =        33.1192
 ------------------------------------------------------------------------------

 NMR restraints: Bond =    0.000   Angle =     0.000   Torsion =     0.000
===============================================================================

| TI region  1


 NSTEP =    20000   TIME(PS) =      20.000  TEMP(K) =    30.60  PRESS =     0.0
 Etot   =    -85955.7872  EKtot   =      1901.3447  EPtot      =    -87857.1319
 BOND   =      7992.7851  ANGLE   =         0.0000  DIHED      =        -0.0000
 1-4 NB =         0.0000  1-4 EEL =         0.0000  VDWAALS    =     19566.3273
 EELEC  =   -115416.2443  EHBOND  =         0.0000  RESTRAINT  =         0.0000
 DV/DL  =        32.0794
 ------------------------------------------------------------------------------

  Softcore part of the system:       7 atoms,       TEMP(K)    =          48.41
 SC_Etot=        20.1151  SC_EKtot=         1.0101  SC_EPtot   =        19.1050
 SC_BOND=         0.1535  SC_ANGLE=         2.9241  SC_DIHED   =         5.2201
 SC_14NB=         0.3429  SC_14EEL=        10.4645  SC_VDW     =         0.0000
 SC_EEL =         0.0000
 SC_RES_DIST=     0.0000  SC_RES_ANG=       0.0000  SC_RES_TORS=         0.0000
 SC_EEL_DER=      0.4840  SC_VDW_DER=      -0.2153  SC_DERIV   =         0.2687
 ------------------------------------------------------------------------------


| TI region  2


 NSTEP =    20000   TIME(PS) =      20.000  TEMP(K) =    30.59  PRESS =     0.0
 Etot   =    -85956.7973  EKtot   =      1900.3346  EPtot      =    -87857.1319
 BOND   =      7992.7851  ANGLE   =         0.0000  DIHED      =        -0.0000
 1-4 NB =         0.0000  1-4 EEL =         0.0000  VDWAALS    =     19566.3273
 EELEC  =   -115416.2443  EHBOND  =         0.0000  RESTRAINT  =         0.0000
 DV/DL  =        32.0794
 ------------------------------------------------------------------------------

 NMR restraints: Bond =    0.000   Angle =     0.000   Torsion =     0.000
===============================================================================

| TI region  1


 NSTEP =    25000   TIME(PS) =      25.000  TEMP(K) =    38.72  PRESS =     0.0
 Etot   =    -85041.4124  EKtot   =      2406.0378  EPtot      =    -87447.4502
 BOND   =      8202.3626  ANGLE   =        -0.0000  DIHED      =         0.0000
 1-4 NB =         0.0000  1-4 EEL =        -0.0000  VDWAALS    =     19502.1929
 EELEC  =   -115152.0058  EHBOND  =         0.0000  RESTRAINT  =         0.0000
 DV/DL  =        28.5462
 ------------------------------------------------------------------------------

  Softcore part of the system:       7 atoms,       TEMP(K)    =          38.83
 SC_Etot=        20.1433  SC_EKtot=         0.8103  SC_EPtot   =        19.3330
 SC_BOND=         0.3457  SC_ANGLE=         3.2989  SC_DIHED   =         5.2217
 SC_14NB=         0.1659  SC_14EEL=        10.3009  SC_VDW     =         0.0000
 SC_EEL =         0.0000
 SC_RES_DIST=     0.0000  SC_RES_ANG=       0.0000  SC_RES_TORS=         0.0000
 SC_EEL_DER=      0.3109  SC_VDW_DER=      -0.4661  SC_DERIV   =        -0.1551
 ------------------------------------------------------------------------------


| TI region  2


 NSTEP =    25000   TIME(PS) =      25.000  TEMP(K) =    38.72  PRESS =     0.0
 Etot   =    -85042.2227  EKtot   =      2405.2276  EPtot      =    -87447.4502
 BOND   =      8202.3626  ANGLE   =        -0.0000  DIHED      =         0.0000
 1-4 NB =         0.0000  1-4 EEL =        -0.0000  VDWAALS    =     19502.1929
 EELEC  =   -115152.0058  EHBOND  =         0.0000  RESTRAINT  =         0.0000
 DV/DL  =        28.5462
 ------------------------------------------------------------------------------

 NMR restraints: Bond =    0.000   Angle =     0.000   Torsion =     0.000
===============================================================================

| TI region  1


 NSTEP =    30000   TIME(PS) =      30.000  TEMP(K) =    46.51  PRESS =     0.0
 Etot   =    -84157.9818  EKtot   =      2890.1287  EPtot      =    -87048.1105
 BOND   =      8394.3962  ANGLE   =        -0.0000  DIHED      =        -0.0000
 1-4 NB =         0.0000  1-4 EEL =         0.0000  VDWAALS    =     19689.8174
 EELEC  =   -115132.3242  EHBOND  =         0.0000  RESTRAINT  =         0.0000
 DV/DL  =        32.4870
 ------------------------------------------------------------------------------

  Softcore part of the system:       7 atoms,       TEMP(K)    =          52.90
 SC_Etot=        20.3768  SC_EKtot=         1.1037  SC_EPtot   =        19.2731
 SC_BOND=         0.1415  SC_ANGLE=         3.1855  SC_DIHED   =         5.2664
 SC_14NB=         0.2656  SC_14EEL=        10.4142  SC_VDW     =         0.0000
 SC_EEL =         0.0000
 SC_RES_DIST=     0.0000  SC_RES_ANG=       0.0000  SC_RES_TORS=         0.0000
 SC_EEL_DER=      0.3985  SC_VDW_DER=      -0.9179  SC_DERIV   =        -0.5194
 ------------------------------------------------------------------------------


| TI region  2


 NSTEP =    30000   TIME(PS) =      30.000  TEMP(K) =    46.51  PRESS =     0.0
 Etot   =    -84159.0856  EKtot   =      2889.0249  EPtot      =    -87048.1105
 BOND   =      8394.3962  ANGLE   =        -0.0000  DIHED      =        -0.0000
 1-4 NB =         0.0000  1-4 EEL =         0.0000  VDWAALS    =     19689.8174
 EELEC  =   -115132.3242  EHBOND  =         0.0000  RESTRAINT  =         0.0000
 DV/DL  =        32.4870
 ------------------------------------------------------------------------------

 NMR restraints: Bond =    0.000   Angle =     0.000   Torsion =     0.000
===============================================================================

| TI region  1


 NSTEP =    35000   TIME(PS) =      35.000  TEMP(K) =    54.91  PRESS =     0.0
 Etot   =    -83271.2421  EKtot   =      3412.2029  EPtot      =    -86683.4450
 BOND   =      8514.4972  ANGLE   =        -0.0000  DIHED      =         0.0000
 1-4 NB =         0.0000  1-4 EEL =        -0.0000  VDWAALS    =     19587.8651
 EELEC  =   -114785.8072  EHBOND  =         0.0000  RESTRAINT  =         0.0000
 DV/DL  =        26.0914
 ------------------------------------------------------------------------------

  Softcore part of the system:       7 atoms,       TEMP(K)    =          45.47
 SC_Etot=        20.5955  SC_EKtot=         0.9488  SC_EPtot   =        19.6467
 SC_BOND=         0.4329  SC_ANGLE=         3.1594  SC_DIHED   =         5.2187
 SC_14NB=         0.3481  SC_14EEL=        10.4877  SC_VDW     =         0.0000
 SC_EEL =         0.0000
 SC_RES_DIST=     0.0000  SC_RES_ANG=       0.0000  SC_RES_TORS=         0.0000
 SC_EEL_DER=      0.2536  SC_VDW_DER=      -0.2767  SC_DERIV   =        -0.0231
 ------------------------------------------------------------------------------


| TI region  2


 NSTEP =    35000   TIME(PS) =      35.000  TEMP(K) =    54.91  PRESS =     0.0
 Etot   =    -83272.1909  EKtot   =      3411.2541  EPtot      =    -86683.4450
 BOND   =      8514.4972  ANGLE   =        -0.0000  DIHED      =         0.0000
 1-4 NB =         0.0000  1-4 EEL =        -0.0000  VDWAALS    =     19587.8651
 EELEC  =   -114785.8072  EHBOND  =         0.0000  RESTRAINT  =         0.0000
 DV/DL  =        26.0914
 ------------------------------------------------------------------------------

 NMR restraints: Bond =    0.000   Angle =     0.000   Torsion =     0.000
===============================================================================

| TI region  1


 NSTEP =    40000   TIME(PS) =      40.000  TEMP(K) =    62.69  PRESS =     0.0
 Etot   =    -82388.6048  EKtot   =      3895.6118  EPtot      =    -86284.2166
 BOND   =      8703.7860  ANGLE   =         0.0000  DIHED      =         0.0000
 1-4 NB =         0.0000  1-4 EEL =        -0.0000  VDWAALS    =     19626.4839
 EELEC  =   -114614.4865  EHBOND  =         0.0000  RESTRAINT  =         0.0000
 DV/DL  =        28.5099
 ------------------------------------------------------------------------------

  Softcore part of the system:       7 atoms,       TEMP(K)    =          50.35
 SC_Etot=        20.9802  SC_EKtot=         1.0505  SC_EPtot   =        19.9296
 SC_BOND=         0.6428  SC_ANGLE=         3.4790  SC_DIHED   =         5.2744
 SC_14NB=         0.1827  SC_14EEL=        10.3507  SC_VDW     =         0.0000
 SC_EEL =         0.0000
 SC_RES_DIST=     0.0000  SC_RES_ANG=       0.0000  SC_RES_TORS=         0.0000
 SC_EEL_DER=      0.3914  SC_VDW_DER=      -0.5920  SC_DERIV   =        -0.2005
 ------------------------------------------------------------------------------


| TI region  2


 NSTEP =    40000   TIME(PS) =      40.000  TEMP(K) =    62.69  PRESS =     0.0
 Etot   =    -82389.6553  EKtot   =      3894.5613  EPtot      =    -86284.2166
 BOND   =      8703.7860  ANGLE   =         0.0000  DIHED      =         0.0000
 1-4 NB =         0.0000  1-4 EEL =        -0.0000  VDWAALS    =     19626.4839
 EELEC  =   -114614.4865  EHBOND  =         0.0000  RESTRAINT  =         0.0000
 DV/DL  =        28.5099
 ------------------------------------------------------------------------------

 NMR restraints: Bond =    0.000   Angle =     0.000   Torsion =     0.000
===============================================================================

| TI region  1


 NSTEP =    45000   TIME(PS) =      45.000  TEMP(K) =    70.60  PRESS =     0.0
 Etot   =    -81486.8739  EKtot   =      4387.2817  EPtot      =    -85874.1556
 BOND   =      8976.2775  ANGLE   =         0.0000  DIHED      =        -0.0000
 1-4 NB =         0.0000  1-4 EEL =        -0.0000  VDWAALS    =     19640.2112
 EELEC  =   -114490.6443  EHBOND  =         0.0000  RESTRAINT  =         0.0000
 DV/DL  =        28.3254
 ------------------------------------------------------------------------------

  Softcore part of the system:       7 atoms,       TEMP(K)    =          80.90
 SC_Etot=        20.8863  SC_EKtot=         1.6881  SC_EPtot   =        19.1983
 SC_BOND=         0.1778  SC_ANGLE=         3.2125  SC_DIHED   =         5.2187
 SC_14NB=         0.2414  SC_14EEL=        10.3478  SC_VDW     =         0.0000
 SC_EEL =         0.0000
 SC_RES_DIST=     0.0000  SC_RES_ANG=       0.0000  SC_RES_TORS=         0.0000
 SC_EEL_DER=      0.2833  SC_VDW_DER=      -0.0632  SC_DERIV   =         0.2201
 ------------------------------------------------------------------------------


| TI region  2


 NSTEP =    45000   TIME(PS) =      45.000  TEMP(K) =    70.60  PRESS =     0.0
 Etot   =    -81488.5619  EKtot   =      4385.5937  EPtot      =    -85874.1556
 BOND   =      8976.2775  ANGLE   =         0.0000  DIHED      =        -0.0000
 1-4 NB =         0.0000  1-4 EEL =        -0.0000  VDWAALS    =     19640.2112
 EELEC  =   -114490.6443  EHBOND  =         0.0000  RESTRAINT  =         0.0000
 DV/DL  =        28.3254
 ------------------------------------------------------------------------------

 NMR restraints: Bond =    0.000   Angle =     0.000   Torsion =     0.000
===============================================================================

| TI region  1


 NSTEP =    50000   TIME(PS) =      50.000  TEMP(K) =    78.62  PRESS =     0.0
 Etot   =    -80670.9973  EKtot   =      4885.9707  EPtot      =    -85556.9680
 BOND   =      9085.7038  ANGLE   =        -0.0000  DIHED      =        -0.0000
 1-4 NB =         0.0000  1-4 EEL =        -0.0000  VDWAALS    =     19794.7358
 EELEC  =   -114437.4076  EHBOND  =         0.0000  RESTRAINT  =         0.0000
 DV/DL  =        25.7826
 ------------------------------------------------------------------------------

  Softcore part of the system:       7 atoms,       TEMP(K)    =          71.37
 SC_Etot=        20.9896  SC_EKtot=         1.4892  SC_EPtot   =        19.5004
 SC_BOND=         0.1924  SC_ANGLE=         3.3135  SC_DIHED   =         5.2400
 SC_14NB=         0.2914  SC_14EEL=        10.4631  SC_VDW     =         0.0000
 SC_EEL =         0.0000
 SC_RES_DIST=     0.0000  SC_RES_ANG=       0.0000  SC_RES_TORS=         0.0000
 SC_EEL_DER=      0.3443  SC_VDW_DER=      -0.0689  SC_DERIV   =         0.2754
 ------------------------------------------------------------------------------


| TI region  2


 NSTEP =    50000   TIME(PS) =      50.000  TEMP(K) =    78.63  PRESS =     0.0
 Etot   =    -80672.4865  EKtot   =      4884.4815  EPtot      =    -85556.9680
 BOND   =      9085.7038  ANGLE   =        -0.0000  DIHED      =        -0.0000
 1-4 NB =         0.0000  1-4 EEL =        -0.0000  VDWAALS    =     19794.7358
 EELEC  =   -114437.4076  EHBOND  =         0.0000  RESTRAINT  =         0.0000
 DV/DL  =        25.7826
 ------------------------------------------------------------------------------

 NMR restraints: Bond =    0.000   Angle =     0.000   Torsion =     0.000
===============================================================================

| TI region  1


 NSTEP =    55000   TIME(PS) =      55.000  TEMP(K) =    85.67  PRESS =     0.0
 Etot   =    -79833.8171  EKtot   =      5324.0190  EPtot      =    -85157.8362
 BOND   =      9232.4993  ANGLE   =         0.0000  DIHED      =         0.0000
 1-4 NB =         0.0000  1-4 EEL =        -0.0000  VDWAALS    =     19743.7309
 EELEC  =   -114134.0663  EHBOND  =         0.0000  RESTRAINT  =         0.0000
 DV/DL  =        25.7032
 ------------------------------------------------------------------------------

  Softcore part of the system:       7 atoms,       TEMP(K)    =         117.71
 SC_Etot=        22.5768  SC_EKtot=         2.4562  SC_EPtot   =        20.1206
 SC_BOND=         0.7971  SC_ANGLE=         3.3498  SC_DIHED   =         5.2235
 SC_14NB=         0.3223  SC_14EEL=        10.4280  SC_VDW     =         0.0000
 SC_EEL =         0.0000
 SC_RES_DIST=     0.0000  SC_RES_ANG=       0.0000  SC_RES_TORS=         0.0000
 SC_EEL_DER=      0.2447  SC_VDW_DER=      -0.1416  SC_DERIV   =         0.1031
 ------------------------------------------------------------------------------


| TI region  2


 NSTEP =    55000   TIME(PS) =      55.000  TEMP(K) =    85.66  PRESS =     0.0
 Etot   =    -79836.2733  EKtot   =      5321.5629  EPtot      =    -85157.8362
 BOND   =      9232.4993  ANGLE   =         0.0000  DIHED      =         0.0000
 1-4 NB =         0.0000  1-4 EEL =        -0.0000  VDWAALS    =     19743.7309
 EELEC  =   -114134.0663  EHBOND  =         0.0000  RESTRAINT  =         0.0000
 DV/DL  =        25.7032
 ------------------------------------------------------------------------------

 NMR restraints: Bond =    0.000   Angle =     0.000   Torsion =     0.000
===============================================================================

| TI region  1


 NSTEP =    60000   TIME(PS) =      60.000  TEMP(K) =    94.71  PRESS =     0.0
 Etot   =    -78825.9818  EKtot   =      5885.3110  EPtot      =    -84711.2928
 BOND   =      9520.0227  ANGLE   =         0.0000  DIHED      =        -0.0000
 1-4 NB =         0.0000  1-4 EEL =        -0.0000  VDWAALS    =     19492.7400
 EELEC  =   -113724.0556  EHBOND  =         0.0000  RESTRAINT  =         0.0000
 DV/DL  =        22.0668
 ------------------------------------------------------------------------------

  Softcore part of the system:       7 atoms,       TEMP(K)    =          99.79
 SC_Etot=        21.4571  SC_EKtot=         2.0821  SC_EPtot   =        19.3750
 SC_BOND=         0.2059  SC_ANGLE=         3.2473  SC_DIHED   =         5.2696
 SC_14NB=         0.2528  SC_14EEL=        10.3993  SC_VDW     =         0.0000
 SC_EEL =         0.0000
 SC_RES_DIST=     0.0000  SC_RES_ANG=       0.0000  SC_RES_TORS=         0.0000
 SC_EEL_DER=      0.2078  SC_VDW_DER=      -0.4231  SC_DERIV   =        -0.2153
 ------------------------------------------------------------------------------


| TI region  2


 NSTEP =    60000   TIME(PS) =      60.000  TEMP(K) =    94.70  PRESS =     0.0
 Etot   =    -78828.0639  EKtot   =      5883.2289  EPtot      =    -84711.2928
 BOND   =      9520.0227  ANGLE   =         0.0000  DIHED      =        -0.0000
 1-4 NB =         0.0000  1-4 EEL =        -0.0000  VDWAALS    =     19492.7400
 EELEC  =   -113724.0556  EHBOND  =         0.0000  RESTRAINT  =         0.0000
 DV/DL  =        22.0668
 ------------------------------------------------------------------------------

 NMR restraints: Bond =    0.000   Angle =     0.000   Torsion =     0.000
===============================================================================

| TI region  1


 NSTEP =    65000   TIME(PS) =      65.000  TEMP(K) =   103.32  PRESS =     0.0
 Etot   =    -77848.8471  EKtot   =      6420.6548  EPtot      =    -84269.5019
 BOND   =      9681.4914  ANGLE   =         0.0000  DIHED      =        -0.0000
 1-4 NB =         0.0000  1-4 EEL =        -0.0000  VDWAALS    =     19526.4056
 EELEC  =   -113477.3989  EHBOND  =         0.0000  RESTRAINT  =         0.0000
 DV/DL  =        22.4528
 ------------------------------------------------------------------------------

  Softcore part of the system:       7 atoms,       TEMP(K)    =         114.94
 SC_Etot=        21.5362  SC_EKtot=         2.3982  SC_EPtot   =        19.1380
 SC_BOND=         0.4120  SC_ANGLE=         2.8850  SC_DIHED   =         5.2254
 SC_14NB=         0.2401  SC_14EEL=        10.3754  SC_VDW     =         0.0000
 SC_EEL =         0.0000
 SC_RES_DIST=     0.0000  SC_RES_ANG=       0.0000  SC_RES_TORS=         0.0000
 SC_EEL_DER=      0.3396  SC_VDW_DER=      -1.7727  SC_DERIV   =        -1.4331
 ------------------------------------------------------------------------------


| TI region  2


 NSTEP =    65000   TIME(PS) =      65.000  TEMP(K) =   103.32  PRESS =     0.0
 Etot   =    -77851.2453  EKtot   =      6418.2565  EPtot      =    -84269.5019
 BOND   =      9681.4914  ANGLE   =         0.0000  DIHED      =        -0.0000
 1-4 NB =         0.0000  1-4 EEL =        -0.0000  VDWAALS    =     19526.4056
 EELEC  =   -113477.3989  EHBOND  =         0.0000  RESTRAINT  =         0.0000
 DV/DL  =        22.4528
 ------------------------------------------------------------------------------

 NMR restraints: Bond =    0.000   Angle =     0.000   Torsion =     0.000
===============================================================================

| TI region  1


 NSTEP =    70000   TIME(PS) =      70.000  TEMP(K) =   108.92  PRESS =     0.0
 Etot   =    -77057.7467  EKtot   =      6768.5581  EPtot      =    -83826.3048
 BOND   =      9809.3372  ANGLE   =         0.0000  DIHED      =         0.0000
 1-4 NB =         0.0000  1-4 EEL =        -0.0000  VDWAALS    =     19396.0398
 EELEC  =   -113031.6818  EHBOND  =         0.0000  RESTRAINT  =         0.0000
 DV/DL  =        32.7703
 ------------------------------------------------------------------------------

  Softcore part of the system:       7 atoms,       TEMP(K)    =         159.88
 SC_Etot=        23.5861  SC_EKtot=         3.3360  SC_EPtot   =        20.2501
 SC_BOND=         0.6934  SC_ANGLE=         3.8700  SC_DIHED   =         5.2347
 SC_14NB=         0.1402  SC_14EEL=        10.3119  SC_VDW     =         0.0000
 SC_EEL =         0.0000
 SC_RES_DIST=     0.0000  SC_RES_ANG=       0.0000  SC_RES_TORS=         0.0000
 SC_EEL_DER=      0.3563  SC_VDW_DER=      -0.1493  SC_DERIV   =         0.2070
 ------------------------------------------------------------------------------


| TI region  2


 NSTEP =    70000   TIME(PS) =      70.000  TEMP(K) =   108.90  PRESS =     0.0
 Etot   =    -77061.0827  EKtot   =      6765.2221  EPtot      =    -83826.3048
 BOND   =      9809.3372  ANGLE   =         0.0000  DIHED      =         0.0000
 1-4 NB =         0.0000  1-4 EEL =        -0.0000  VDWAALS    =     19396.0398
 EELEC  =   -113031.6818  EHBOND  =         0.0000  RESTRAINT  =         0.0000
 DV/DL  =        32.7703
 ------------------------------------------------------------------------------

 NMR restraints: Bond =    0.000   Angle =     0.000   Torsion =     0.000
===============================================================================

| TI region  1


 NSTEP =    75000   TIME(PS) =      75.000  TEMP(K) =   117.73  PRESS =     0.0
 Etot   =    -76212.2141  EKtot   =      7316.3784  EPtot      =    -83528.5926
 BOND   =     10008.7115  ANGLE   =         0.0000  DIHED      =        -0.0000
 1-4 NB =         0.0000  1-4 EEL =         0.0000  VDWAALS    =     19286.0538
 EELEC  =   -112823.3579  EHBOND  =         0.0000  RESTRAINT  =         0.0000
 DV/DL  =        28.5738
 ------------------------------------------------------------------------------

  Softcore part of the system:       7 atoms,       TEMP(K)    =          98.09
 SC_Etot=        23.3705  SC_EKtot=         2.0468  SC_EPtot   =        21.3237
 SC_BOND=         1.0562  SC_ANGLE=         4.2717  SC_DIHED   =         5.2744
 SC_14NB=         0.2616  SC_14EEL=        10.4599  SC_VDW     =         0.0000
 SC_EEL =         0.0000
 SC_RES_DIST=     0.0000  SC_RES_ANG=       0.0000  SC_RES_TORS=         0.0000
 SC_EEL_DER=      0.4181  SC_VDW_DER=      -0.0915  SC_DERIV   =         0.3266
 ------------------------------------------------------------------------------


| TI region  2


 NSTEP =    75000   TIME(PS) =      75.000  TEMP(K) =   117.74  PRESS =     0.0
 Etot   =    -76214.2609  EKtot   =      7314.3316  EPtot      =    -83528.5926
 BOND   =     10008.7115  ANGLE   =         0.0000  DIHED      =        -0.0000
 1-4 NB =         0.0000  1-4 EEL =         0.0000  VDWAALS    =     19286.0538
 EELEC  =   -112823.3579  EHBOND  =         0.0000  RESTRAINT  =         0.0000
 DV/DL  =        28.5738
 ------------------------------------------------------------------------------

 NMR restraints: Bond =    0.000   Angle =     0.000   Torsion =     0.000
===============================================================================

| TI region  1


 NSTEP =    80000   TIME(PS) =      80.000  TEMP(K) =   125.77  PRESS =     0.0
 Etot   =    -75125.6984  EKtot   =      7816.0864  EPtot      =    -82941.7849
 BOND   =     10169.7217  ANGLE   =         0.0000  DIHED      =        -0.0000
 1-4 NB =         0.0000  1-4 EEL =         0.0000  VDWAALS    =     19238.1618
 EELEC  =   -112349.6684  EHBOND  =         0.0000  RESTRAINT  =         0.0000
 DV/DL  =        22.3945
 ------------------------------------------------------------------------------

  Softcore part of the system:       7 atoms,       TEMP(K)    =         131.98
 SC_Etot=        22.8047  SC_EKtot=         2.7538  SC_EPtot   =        20.0509
 SC_BOND=         0.3047  SC_ANGLE=         3.7457  SC_DIHED   =         5.2194
 SC_14NB=         0.3239  SC_14EEL=        10.4572  SC_VDW     =         0.0000
 SC_EEL =         0.0000
 SC_RES_DIST=     0.0000  SC_RES_ANG=       0.0000  SC_RES_TORS=         0.0000
 SC_EEL_DER=      0.1226  SC_VDW_DER=      -0.1374  SC_DERIV   =        -0.0148
 ------------------------------------------------------------------------------


| TI region  2


 NSTEP =    80000   TIME(PS) =      80.000  TEMP(K) =   125.77  PRESS =     0.0
 Etot   =    -75128.4522  EKtot   =      7813.3326  EPtot      =    -82941.7849
 BOND   =     10169.7217  ANGLE   =         0.0000  DIHED      =        -0.0000
 1-4 NB =         0.0000  1-4 EEL =         0.0000  VDWAALS    =     19238.1618
 EELEC  =   -112349.6684  EHBOND  =         0.0000  RESTRAINT  =         0.0000
 DV/DL  =        22.3945
 ------------------------------------------------------------------------------

 NMR restraints: Bond =    0.000   Angle =     0.000   Torsion =     0.000
===============================================================================

| TI region  1


 NSTEP =    85000   TIME(PS) =      85.000  TEMP(K) =   132.67  PRESS =     0.0
 Etot   =    -74260.8796  EKtot   =      8244.5244  EPtot      =    -82505.4040
 BOND   =     10168.6763  ANGLE   =        -0.0000  DIHED      =        -0.0000
 1-4 NB =         0.0000  1-4 EEL =        -0.0000  VDWAALS    =     19263.2044
 EELEC  =   -111937.2847  EHBOND  =         0.0000  RESTRAINT  =         0.0000
 DV/DL  =        27.3861
 ------------------------------------------------------------------------------

  Softcore part of the system:       7 atoms,       TEMP(K)    =         170.07
 SC_Etot=        24.7641  SC_EKtot=         3.5486  SC_EPtot   =        21.2155
 SC_BOND=         0.6368  SC_ANGLE=         4.2892  SC_DIHED   =         5.3306
 SC_14NB=         0.4258  SC_14EEL=        10.5331  SC_VDW     =         0.0000
 SC_EEL =         0.0000
 SC_RES_DIST=     0.0000  SC_RES_ANG=       0.0000  SC_RES_TORS=         0.0000
 SC_EEL_DER=      0.4470  SC_VDW_DER=      -0.5054  SC_DERIV   =        -0.0584
 ------------------------------------------------------------------------------


| TI region  2


 NSTEP =    85000   TIME(PS) =      85.000  TEMP(K) =   132.66  PRESS =     0.0
 Etot   =    -74264.4281  EKtot   =      8240.9758  EPtot      =    -82505.4040
 BOND   =     10168.6763  ANGLE   =        -0.0000  DIHED      =        -0.0000
 1-4 NB =         0.0000  1-4 EEL =        -0.0000  VDWAALS    =     19263.2044
 EELEC  =   -111937.2847  EHBOND  =         0.0000  RESTRAINT  =         0.0000
 DV/DL  =        27.3861
 ------------------------------------------------------------------------------

 NMR restraints: Bond =    0.000   Angle =     0.000   Torsion =     0.000
===============================================================================

| TI region  1


 NSTEP =    90000   TIME(PS) =      90.000  TEMP(K) =   141.71  PRESS =     0.0
 Etot   =    -73172.7595  EKtot   =      8806.1748  EPtot      =    -81978.9343
 BOND   =     10399.4499  ANGLE   =        -0.0000  DIHED      =        -0.0000
 1-4 NB =         0.0000  1-4 EEL =        -0.0000  VDWAALS    =     19112.5283
 EELEC  =   -111490.9125  EHBOND  =         0.0000  RESTRAINT  =         0.0000
 DV/DL  =         3.0869
 ------------------------------------------------------------------------------

  Softcore part of the system:       7 atoms,       TEMP(K)    =          57.38
 SC_Etot=        21.8884  SC_EKtot=         1.1973  SC_EPtot   =        20.6911
 SC_BOND=         0.6936  SC_ANGLE=         4.2851  SC_DIHED   =         5.2115
 SC_14NB=         0.2170  SC_14EEL=        10.2840  SC_VDW     =         0.0000
 SC_EEL =         0.0000
 SC_RES_DIST=     0.0000  SC_RES_ANG=       0.0000  SC_RES_TORS=         0.0000
 SC_EEL_DER=      0.3242  SC_VDW_DER=      -4.9944  SC_DERIV   =        -4.6702
 ------------------------------------------------------------------------------


| TI region  2


 NSTEP =    90000   TIME(PS) =      90.000  TEMP(K) =   141.74  PRESS =     0.0
 Etot   =    -73173.9568  EKtot   =      8804.9775  EPtot      =    -81978.9343
 BOND   =     10399.4499  ANGLE   =        -0.0000  DIHED      =        -0.0000
 1-4 NB =         0.0000  1-4 EEL =        -0.0000  VDWAALS    =     19112.5283
 EELEC  =   -111490.9125  EHBOND  =         0.0000  RESTRAINT  =         0.0000
 DV/DL  =         3.0869
 ------------------------------------------------------------------------------

 NMR restraints: Bond =    0.000   Angle =     0.000   Torsion =     0.000
===============================================================================

| TI region  1


 NSTEP =    95000   TIME(PS) =      95.000  TEMP(K) =   150.16  PRESS =     0.0
 Etot   =    -72440.7445  EKtot   =      9331.5400  EPtot      =    -81772.2846
 BOND   =     10422.1770  ANGLE   =         0.0000  DIHED      =        -0.0000
 1-4 NB =         0.0000  1-4 EEL =        -0.0000  VDWAALS    =     18931.7998
 EELEC  =   -111126.2614  EHBOND  =         0.0000  RESTRAINT  =         0.0000
 DV/DL  =        25.2564
 ------------------------------------------------------------------------------

  Softcore part of the system:       7 atoms,       TEMP(K)    =         143.26
 SC_Etot=        22.2945  SC_EKtot=         2.9892  SC_EPtot   =        19.3053
 SC_BOND=         0.2129  SC_ANGLE=         3.0494  SC_DIHED   =         5.2111
 SC_14NB=         0.3568  SC_14EEL=        10.4751  SC_VDW     =         0.0000
 SC_EEL =         0.0000
 SC_RES_DIST=     0.0000  SC_RES_ANG=       0.0000  SC_RES_TORS=         0.0000
 SC_EEL_DER=      0.1590  SC_VDW_DER=      -1.3830  SC_DERIV   =        -1.2240
 ------------------------------------------------------------------------------


| TI region  2


 NSTEP =    95000   TIME(PS) =      95.000  TEMP(K) =   150.16  PRESS =     0.0
 Etot   =    -72443.7337  EKtot   =      9328.5509  EPtot      =    -81772.2846
 BOND   =     10422.1770  ANGLE   =         0.0000  DIHED      =        -0.0000
 1-4 NB =         0.0000  1-4 EEL =        -0.0000  VDWAALS    =     18931.7998
 EELEC  =   -111126.2614  EHBOND  =         0.0000  RESTRAINT  =         0.0000
 DV/DL  =        25.2564
 ------------------------------------------------------------------------------

 NMR restraints: Bond =    0.000   Angle =     0.000   Torsion =     0.000
===============================================================================

| TI region  1


 NSTEP =   100000   TIME(PS) =     100.000  TEMP(K) =   157.63  PRESS =     0.0
 Etot   =    -71392.3673  EKtot   =      9795.7246  EPtot      =    -81188.0919
 BOND   =     10696.7846  ANGLE   =        -0.0000  DIHED      =         0.0000
 1-4 NB =         0.0000  1-4 EEL =        -0.0000  VDWAALS    =     18993.1302
 EELEC  =   -110878.0066  EHBOND  =         0.0000  RESTRAINT  =         0.0000
 DV/DL  =        37.5609
 ------------------------------------------------------------------------------

  Softcore part of the system:       7 atoms,       TEMP(K)    =          92.97
 SC_Etot=        23.5030  SC_EKtot=         1.9398  SC_EPtot   =        21.5632
 SC_BOND=         0.6331  SC_ANGLE=         4.8746  SC_DIHED   =         5.2072
 SC_14NB=         0.4177  SC_14EEL=        10.4306  SC_VDW     =         0.0000
 SC_EEL =         0.0000
 SC_RES_DIST=     0.0000  SC_RES_ANG=       0.0000  SC_RES_TORS=         0.0000
 SC_EEL_DER=      0.4378  SC_VDW_DER=      -0.6402  SC_DERIV   =        -0.2025
 ------------------------------------------------------------------------------


| TI region  2


 NSTEP =   100000   TIME(PS) =     100.000  TEMP(K) =   157.65  PRESS =     0.0
 Etot   =    -71394.3071  EKtot   =      9793.7848  EPtot      =    -81188.0919
 BOND   =     10696.7846  ANGLE   =        -0.0000  DIHED      =         0.0000
 1-4 NB =         0.0000  1-4 EEL =        -0.0000  VDWAALS    =     18993.1302
 EELEC  =   -110878.0066  EHBOND  =         0.0000  RESTRAINT  =         0.0000
 DV/DL  =        37.5609
 ------------------------------------------------------------------------------

 NMR restraints: Bond =    0.000   Angle =     0.000   Torsion =     0.000
===============================================================================

| TI region  1


 NSTEP =   105000   TIME(PS) =     105.000  TEMP(K) =   163.98  PRESS =     0.0
 Etot   =    -70465.8699  EKtot   =     10190.4395  EPtot      =    -80656.3094
 BOND   =     11032.5183  ANGLE   =         0.0000  DIHED      =        -0.0000
 1-4 NB =         0.0000  1-4 EEL =        -0.0000  VDWAALS    =     18662.0496
 EELEC  =   -110350.8772  EHBOND  =         0.0000  RESTRAINT  =         0.0000
 DV/DL  =        35.8099
 ------------------------------------------------------------------------------

  Softcore part of the system:       7 atoms,       TEMP(K)    =         291.74
 SC_Etot=        28.6453  SC_EKtot=         6.0874  SC_EPtot   =        22.5579
 SC_BOND=         2.1381  SC_ANGLE=         4.4499  SC_DIHED   =         5.2458
 SC_14NB=         0.2927  SC_14EEL=        10.4313  SC_VDW     =         0.0000
 SC_EEL =         0.0000
 SC_RES_DIST=     0.0000  SC_RES_ANG=       0.0000  SC_RES_TORS=         0.0000
 SC_EEL_DER=      0.5639  SC_VDW_DER=      -0.9283  SC_DERIV   =        -0.3644
 ------------------------------------------------------------------------------


| TI region  2


 NSTEP =   105000   TIME(PS) =     105.000  TEMP(K) =   163.94  PRESS =     0.0
 Etot   =    -70471.9573  EKtot   =     10184.3521  EPtot      =    -80656.3094
 BOND   =     11032.5183  ANGLE   =         0.0000  DIHED      =        -0.0000
 1-4 NB =         0.0000  1-4 EEL =        -0.0000  VDWAALS    =     18662.0496
 EELEC  =   -110350.8772  EHBOND  =         0.0000  RESTRAINT  =         0.0000
 DV/DL  =        35.8099
 ------------------------------------------------------------------------------

 NMR restraints: Bond =    0.000   Angle =     0.000   Torsion =     0.000
===============================================================================

| TI region  1


 NSTEP =   110000   TIME(PS) =     110.000  TEMP(K) =   172.81  PRESS =     0.0
 Etot   =    -69296.1823  EKtot   =     10738.9766  EPtot      =    -80035.1588
 BOND   =     11126.6299  ANGLE   =         0.0000  DIHED      =        -0.0000
 1-4 NB =         0.0000  1-4 EEL =        -0.0000  VDWAALS    =     18498.8415
 EELEC  =   -109660.6302  EHBOND  =         0.0000  RESTRAINT  =         0.0000
 DV/DL  =        33.5953
 ------------------------------------------------------------------------------

  Softcore part of the system:       7 atoms,       TEMP(K)    =         180.35
 SC_Etot=        24.1365  SC_EKtot=         3.7632  SC_EPtot   =        20.3733
 SC_BOND=         0.7442  SC_ANGLE=         3.4335  SC_DIHED   =         5.2529
 SC_14NB=         0.4159  SC_14EEL=        10.5269  SC_VDW     =         0.0000
 SC_EEL =         0.0000
 SC_RES_DIST=     0.0000  SC_RES_ANG=       0.0000  SC_RES_TORS=         0.0000
 SC_EEL_DER=      0.2415  SC_VDW_DER=      -0.7556  SC_DERIV   =        -0.5141
 ------------------------------------------------------------------------------


| TI region  2


 NSTEP =   110000   TIME(PS) =     110.000  TEMP(K) =   172.81  PRESS =     0.0
 Etot   =    -69299.9455  EKtot   =     10735.2134  EPtot      =    -80035.1588
 BOND   =     11126.6299  ANGLE   =         0.0000  DIHED      =        -0.0000
 1-4 NB =         0.0000  1-4 EEL =        -0.0000  VDWAALS    =     18498.8415
 EELEC  =   -109660.6302  EHBOND  =         0.0000  RESTRAINT  =         0.0000
 DV/DL  =        33.5953
 ------------------------------------------------------------------------------

 NMR restraints: Bond =    0.000   Angle =     0.000   Torsion =     0.000
===============================================================================

| TI region  1


 NSTEP =   115000   TIME(PS) =     115.000  TEMP(K) =   180.24  PRESS =     0.0
 Etot   =    -68305.6182  EKtot   =     11200.4717  EPtot      =    -79506.0898
 BOND   =     11246.6237  ANGLE   =         0.0000  DIHED      =        -0.0000
 1-4 NB =         0.0000  1-4 EEL =         0.0000  VDWAALS    =     18623.8460
 EELEC  =   -109376.5595  EHBOND  =         0.0000  RESTRAINT  =         0.0000
 DV/DL  =        32.3600
 ------------------------------------------------------------------------------

  Softcore part of the system:       7 atoms,       TEMP(K)    =         149.80
 SC_Etot=        23.5543  SC_EKtot=         3.1256  SC_EPtot   =        20.4288
 SC_BOND=         0.5364  SC_ANGLE=         3.9455  SC_DIHED   =         5.2314
 SC_14NB=         0.3023  SC_14EEL=        10.4130  SC_VDW     =         0.0000
 SC_EEL =         0.0000
 SC_RES_DIST=     0.0000  SC_RES_ANG=       0.0000  SC_RES_TORS=         0.0000
 SC_EEL_DER=      0.3042  SC_VDW_DER=      -0.8480  SC_DERIV   =        -0.5438
 ------------------------------------------------------------------------------


| TI region  2


 NSTEP =   115000   TIME(PS) =     115.000  TEMP(K) =   180.25  PRESS =     0.0
 Etot   =    -68308.7437  EKtot   =     11197.3461  EPtot      =    -79506.0898
 BOND   =     11246.6237  ANGLE   =         0.0000  DIHED      =        -0.0000
 1-4 NB =         0.0000  1-4 EEL =         0.0000  VDWAALS    =     18623.8460
 EELEC  =   -109376.5595  EHBOND  =         0.0000  RESTRAINT  =         0.0000
 DV/DL  =        32.3600
 ------------------------------------------------------------------------------

 NMR restraints: Bond =    0.000   Angle =     0.000   Torsion =     0.000
===============================================================================

| TI region  1


 NSTEP =   120000   TIME(PS) =     120.000  TEMP(K) =   187.63  PRESS =     0.0
 Etot   =    -67274.7281  EKtot   =     11660.1602  EPtot      =    -78934.8883
 BOND   =     11485.9743  ANGLE   =         0.0000  DIHED      =        -0.0000
 1-4 NB =         0.0000  1-4 EEL =        -0.0000  VDWAALS    =     18198.3278
 EELEC  =   -108619.1903  EHBOND  =         0.0000  RESTRAINT  =         0.0000
 DV/DL  =        25.6173
 ------------------------------------------------------------------------------

  Softcore part of the system:       7 atoms,       TEMP(K)    =         164.03
 SC_Etot=        26.2248  SC_EKtot=         3.4226  SC_EPtot   =        22.8022
 SC_BOND=         0.8434  SC_ANGLE=         6.0436  SC_DIHED   =         5.3502
 SC_14NB=         0.2847  SC_14EEL=        10.2803  SC_VDW     =         0.0000
 SC_EEL =         0.0000
 SC_RES_DIST=     0.0000  SC_RES_ANG=       0.0000  SC_RES_TORS=         0.0000
 SC_EEL_DER=      0.2620  SC_VDW_DER=      -0.3435  SC_DERIV   =        -0.0815
 ------------------------------------------------------------------------------


| TI region  2


 NSTEP =   120000   TIME(PS) =     120.000  TEMP(K) =   187.64  PRESS =     0.0
 Etot   =    -67278.1507  EKtot   =     11656.7376  EPtot      =    -78934.8883
 BOND   =     11485.9743  ANGLE   =         0.0000  DIHED      =        -0.0000
 1-4 NB =         0.0000  1-4 EEL =        -0.0000  VDWAALS    =     18198.3278
 EELEC  =   -108619.1903  EHBOND  =         0.0000  RESTRAINT  =         0.0000
 DV/DL  =        25.6173
 ------------------------------------------------------------------------------

 NMR restraints: Bond =    0.000   Angle =     0.000   Torsion =     0.000
===============================================================================

| TI region  1


 NSTEP =   125000   TIME(PS) =     125.000  TEMP(K) =   194.80  PRESS =     0.0
 Etot   =    -66194.1242  EKtot   =     12105.6289  EPtot      =    -78299.7531
 BOND   =     11449.7820  ANGLE   =         0.0000  DIHED      =        -0.0000
 1-4 NB =         0.0000  1-4 EEL =         0.0000  VDWAALS    =     18102.8321
 EELEC  =   -107852.3673  EHBOND  =         0.0000  RESTRAINT  =         0.0000
 DV/DL  =        26.8079
 ------------------------------------------------------------------------------

  Softcore part of the system:       7 atoms,       TEMP(K)    =         202.91
 SC_Etot=        25.2129  SC_EKtot=         4.2338  SC_EPtot   =        20.9791
 SC_BOND=         0.6719  SC_ANGLE=         4.4515  SC_DIHED   =         5.2252
 SC_14NB=         0.2678  SC_14EEL=        10.3627  SC_VDW     =         0.0000
 SC_EEL =         0.0000
 SC_RES_DIST=     0.0000  SC_RES_ANG=       0.0000  SC_RES_TORS=         0.0000
 SC_EEL_DER=      0.3962  SC_VDW_DER=      -3.6620  SC_DERIV   =        -3.2658
 ------------------------------------------------------------------------------


| TI region  2


 NSTEP =   125000   TIME(PS) =     125.000  TEMP(K) =   194.80  PRESS =     0.0
 Etot   =    -66198.3580  EKtot   =     12101.3951  EPtot      =    -78299.7531
 BOND   =     11449.7820  ANGLE   =         0.0000  DIHED      =        -0.0000
 1-4 NB =         0.0000  1-4 EEL =         0.0000  VDWAALS    =     18102.8321
 EELEC  =   -107852.3673  EHBOND  =         0.0000  RESTRAINT  =         0.0000
 DV/DL  =        26.8079
 ------------------------------------------------------------------------------

 NMR restraints: Bond =    0.000   Angle =     0.000   Torsion =     0.000
===============================================================================

| TI region  1


 NSTEP =   130000   TIME(PS) =     130.000  TEMP(K) =   204.66  PRESS =     0.0
 Etot   =    -65070.2314  EKtot   =     12718.0693  EPtot      =    -77788.3008
 BOND   =     11575.5571  ANGLE   =        -0.0000  DIHED      =        -0.0000
 1-4 NB =         0.0000  1-4 EEL =         0.0000  VDWAALS    =     17953.7988
 EELEC  =   -107317.6567  EHBOND  =         0.0000  RESTRAINT  =         0.0000
 DV/DL  =        20.9502
 ------------------------------------------------------------------------------

  Softcore part of the system:       7 atoms,       TEMP(K)    =         124.00
 SC_Etot=        23.4484  SC_EKtot=         2.5873  SC_EPtot   =        20.8611
 SC_BOND=         1.1400  SC_ANGLE=         3.6678  SC_DIHED   =         5.2482
 SC_14NB=         0.3080  SC_14EEL=        10.4972  SC_VDW     =         0.0000
 SC_EEL =         0.0000
 SC_RES_DIST=     0.0000  SC_RES_ANG=       0.0000  SC_RES_TORS=         0.0000
 SC_EEL_DER=      0.4529  SC_VDW_DER=      -3.5219  SC_DERIV   =        -3.0690
 ------------------------------------------------------------------------------


| TI region  2


 NSTEP =   130000   TIME(PS) =     130.000  TEMP(K) =   204.68  PRESS =     0.0
 Etot   =    -65072.8187  EKtot   =     12715.4821  EPtot      =    -77788.3008
 BOND   =     11575.5571  ANGLE   =        -0.0000  DIHED      =        -0.0000
 1-4 NB =         0.0000  1-4 EEL =         0.0000  VDWAALS    =     17953.7988
 EELEC  =   -107317.6567  EHBOND  =         0.0000  RESTRAINT  =         0.0000
 DV/DL  =        20.9502
 ------------------------------------------------------------------------------

 NMR restraints: Bond =    0.000   Angle =     0.000   Torsion =     0.000
===============================================================================

| TI region  1


 NSTEP =   135000   TIME(PS) =     135.000  TEMP(K) =   212.26  PRESS =     0.0
 Etot   =    -63991.2557  EKtot   =     13190.4512  EPtot      =    -77181.7068
 BOND   =     11845.8644  ANGLE   =        -0.0000  DIHED      =         0.0000
 1-4 NB =         0.0000  1-4 EEL =         0.0000  VDWAALS    =     17815.0168
 EELEC  =   -106842.5880  EHBOND  =         0.0000  RESTRAINT  =         0.0000
 DV/DL  =        15.4079
 ------------------------------------------------------------------------------

  Softcore part of the system:       7 atoms,       TEMP(K)    =         217.82
 SC_Etot=        26.1093  SC_EKtot=         4.5450  SC_EPtot   =        21.5643
 SC_BOND=         0.6546  SC_ANGLE=         4.6765  SC_DIHED   =         5.2416
 SC_14NB=         0.4447  SC_14EEL=        10.5470  SC_VDW     =         0.0000
 SC_EEL =         0.0000
 SC_RES_DIST=     0.0000  SC_RES_ANG=       0.0000  SC_RES_TORS=         0.0000
 SC_EEL_DER=      0.1048  SC_VDW_DER=      -4.2473  SC_DERIV   =        -4.1425
 ------------------------------------------------------------------------------


| TI region  2


 NSTEP =   135000   TIME(PS) =     135.000  TEMP(K) =   212.26  PRESS =     0.0
 Etot   =    -63995.8007  EKtot   =     13185.9061  EPtot      =    -77181.7068
 BOND   =     11845.8644  ANGLE   =        -0.0000  DIHED      =         0.0000
 1-4 NB =         0.0000  1-4 EEL =         0.0000  VDWAALS    =     17815.0168
 EELEC  =   -106842.5880  EHBOND  =         0.0000  RESTRAINT  =         0.0000
 DV/DL  =        15.4079
 ------------------------------------------------------------------------------

 NMR restraints: Bond =    0.000   Angle =     0.000   Torsion =     0.000
===============================================================================

| TI region  1


 NSTEP =   140000   TIME(PS) =     140.000  TEMP(K) =   220.13  PRESS =     0.0
 Etot   =    -62516.9930  EKtot   =     13679.6016  EPtot      =    -76196.5945
 BOND   =     12068.6211  ANGLE   =        -0.0000  DIHED      =        -0.0000
 1-4 NB =         0.0000  1-4 EEL =        -0.0000  VDWAALS    =     17387.8274
 EELEC  =   -105653.0430  EHBOND  =         0.0000  RESTRAINT  =         0.0000
 DV/DL  =         0.2289
 ------------------------------------------------------------------------------

  Softcore part of the system:       7 atoms,       TEMP(K)    =         247.86
 SC_Etot=        28.0148  SC_EKtot=         5.1718  SC_EPtot   =        22.8430
 SC_BOND=         2.0640  SC_ANGLE=         4.7245  SC_DIHED   =         5.2216
 SC_14NB=         0.3387  SC_14EEL=        10.4942  SC_VDW     =         0.0000
 SC_EEL =         0.0000
 SC_RES_DIST=     0.0000  SC_RES_ANG=       0.0000  SC_RES_TORS=         0.0000
 SC_EEL_DER=      0.2762  SC_VDW_DER=      -5.3936  SC_DERIV   =        -5.1174
 ------------------------------------------------------------------------------


| TI region  2


 NSTEP =   140000   TIME(PS) =     140.000  TEMP(K) =   220.12  PRESS =     0.0
 Etot   =    -62522.1648  EKtot   =     13674.4298  EPtot      =    -76196.5945
 BOND   =     12068.6211  ANGLE   =        -0.0000  DIHED      =        -0.0000
 1-4 NB =         0.0000  1-4 EEL =        -0.0000  VDWAALS    =     17387.8274
 EELEC  =   -105653.0430  EHBOND  =         0.0000  RESTRAINT  =         0.0000
 DV/DL  =         0.2289
 ------------------------------------------------------------------------------

 NMR restraints: Bond =    0.000   Angle =     0.000   Torsion =     0.000
===============================================================================

| TI region  1


 NSTEP =   145000   TIME(PS) =     145.000  TEMP(K) =   229.05  PRESS =     0.0
 Etot   =    -61186.3871  EKtot   =     14233.7461  EPtot      =    -75420.1332
 BOND   =     12118.8568  ANGLE   =        -0.0000  DIHED      =        -0.0000
 1-4 NB =         0.0000  1-4 EEL =        -0.0000  VDWAALS    =     17117.5849
 EELEC  =   -104656.5749  EHBOND  =         0.0000  RESTRAINT  =         0.0000
 DV/DL  =        19.7271
 ------------------------------------------------------------------------------

  Softcore part of the system:       7 atoms,       TEMP(K)    =         282.65
 SC_Etot=        27.5688  SC_EKtot=         5.8976  SC_EPtot   =        21.6712
 SC_BOND=         1.7627  SC_ANGLE=         3.8686  SC_DIHED   =         5.2442
 SC_14NB=         0.3475  SC_14EEL=        10.4483  SC_VDW     =         0.0000
 SC_EEL =         0.0000
 SC_RES_DIST=     0.0000  SC_RES_ANG=       0.0000  SC_RES_TORS=         0.0000
 SC_EEL_DER=      0.3211  SC_VDW_DER=      -1.8210  SC_DERIV   =        -1.4999
 ------------------------------------------------------------------------------


| TI region  2


 NSTEP =   145000   TIME(PS) =     145.000  TEMP(K) =   229.03  PRESS =     0.0
 Etot   =    -61192.2848  EKtot   =     14227.8484  EPtot      =    -75420.1332
 BOND   =     12118.8568  ANGLE   =        -0.0000  DIHED      =        -0.0000
 1-4 NB =         0.0000  1-4 EEL =        -0.0000  VDWAALS    =     17117.5849
 EELEC  =   -104656.5749  EHBOND  =         0.0000  RESTRAINT  =         0.0000
 DV/DL  =        19.7271
 ------------------------------------------------------------------------------

 NMR restraints: Bond =    0.000   Angle =     0.000   Torsion =     0.000
===============================================================================

| TI region  1


 NSTEP =   150000   TIME(PS) =     150.000  TEMP(K) =   238.24  PRESS =     0.0
 Etot   =    -59790.2494  EKtot   =     14805.1426  EPtot      =    -74595.3920
 BOND   =     12116.1681  ANGLE   =         0.0000  DIHED      =        -0.0000
 1-4 NB =         0.0000  1-4 EEL =        -0.0000  VDWAALS    =     16817.3650
 EELEC  =   -103528.9251  EHBOND  =         0.0000  RESTRAINT  =         0.0000
 DV/DL  =        10.1584
 ------------------------------------------------------------------------------

  Softcore part of the system:       7 atoms,       TEMP(K)    =         319.08
 SC_Etot=        28.4966  SC_EKtot=         6.6579  SC_EPtot   =        21.8387
 SC_BOND=         1.8635  SC_ANGLE=         3.7529  SC_DIHED   =         5.2116
 SC_14NB=         0.4530  SC_14EEL=        10.5576  SC_VDW     =         0.0000
 SC_EEL =         0.0000
 SC_RES_DIST=     0.0000  SC_RES_ANG=       0.0000  SC_RES_TORS=         0.0000
 SC_EEL_DER=      0.0034  SC_VDW_DER=      -1.7617  SC_DERIV   =        -1.7583
 ------------------------------------------------------------------------------


| TI region  2


 NSTEP =   150000   TIME(PS) =     150.000  TEMP(K) =   238.21  PRESS =     0.0
 Etot   =    -59796.9073  EKtot   =     14798.4847  EPtot      =    -74595.3920
 BOND   =     12116.1681  ANGLE   =         0.0000  DIHED      =        -0.0000
 1-4 NB =         0.0000  1-4 EEL =        -0.0000  VDWAALS    =     16817.3650
 EELEC  =   -103528.9251  EHBOND  =         0.0000  RESTRAINT  =         0.0000
 DV/DL  =        10.1584
 ------------------------------------------------------------------------------

 NMR restraints: Bond =    0.000   Angle =     0.000   Torsion =     0.000
===============================================================================

| TI region  1


 NSTEP =   155000   TIME(PS) =     155.000  TEMP(K) =   241.59  PRESS =     0.0
 Etot   =    -58583.0334  EKtot   =     15013.0664  EPtot      =    -73596.0998
 BOND   =     12309.2064  ANGLE   =         0.0000  DIHED      =        -0.0000
 1-4 NB =         0.0000  1-4 EEL =        -0.0000  VDWAALS    =     16562.6798
 EELEC  =   -102467.9860  EHBOND  =         0.0000  RESTRAINT  =         0.0000
 DV/DL  =        20.6921
 ------------------------------------------------------------------------------

  Softcore part of the system:       7 atoms,       TEMP(K)    =         185.39
 SC_Etot=        24.1452  SC_EKtot=         3.8682  SC_EPtot   =        20.2769
 SC_BOND=         0.1503  SC_ANGLE=         3.6685  SC_DIHED   =         5.2140
 SC_14NB=         0.5945  SC_14EEL=        10.6496  SC_VDW     =         0.0000
 SC_EEL =         0.0000
 SC_RES_DIST=     0.0000  SC_RES_ANG=       0.0000  SC_RES_TORS=         0.0000
 SC_EEL_DER=      0.1498  SC_VDW_DER=      -2.1126  SC_DERIV   =        -1.9627
 ------------------------------------------------------------------------------


| TI region  2


 NSTEP =   155000   TIME(PS) =     155.000  TEMP(K) =   241.61  PRESS =     0.0
 Etot   =    -58586.9016  EKtot   =     15009.1982  EPtot      =    -73596.0998
 BOND   =     12309.2064  ANGLE   =         0.0000  DIHED      =        -0.0000
 1-4 NB =         0.0000  1-4 EEL =        -0.0000  VDWAALS    =     16562.6798
 EELEC  =   -102467.9860  EHBOND  =         0.0000  RESTRAINT  =         0.0000
 DV/DL  =        20.6921
 ------------------------------------------------------------------------------

 NMR restraints: Bond =    0.000   Angle =     0.000   Torsion =     0.000
===============================================================================

| TI region  1


 NSTEP =   160000   TIME(PS) =     160.000  TEMP(K) =   251.52  PRESS =     0.0
 Etot   =    -56712.6224  EKtot   =     15630.4775  EPtot      =    -72343.1000
 BOND   =     12172.6550  ANGLE   =        -0.0000  DIHED      =        -0.0000
 1-4 NB =         0.0000  1-4 EEL =        -0.0000  VDWAALS    =     15957.6830
 EELEC  =   -100473.4380  EHBOND  =         0.0000  RESTRAINT  =         0.0000
 DV/DL  =        23.1140
 ------------------------------------------------------------------------------

  Softcore part of the system:       7 atoms,       TEMP(K)    =         287.18
 SC_Etot=        27.7454  SC_EKtot=         5.9921  SC_EPtot   =        21.7533
 SC_BOND=         1.5840  SC_ANGLE=         4.3214  SC_DIHED   =         5.2426
 SC_14NB=         0.2514  SC_14EEL=        10.3540  SC_VDW     =         0.0000
 SC_EEL =         0.0000
 SC_RES_DIST=     0.0000  SC_RES_ANG=       0.0000  SC_RES_TORS=         0.0000
 SC_EEL_DER=      0.2130  SC_VDW_DER=      -0.2651  SC_DERIV   =        -0.0520
 ------------------------------------------------------------------------------


| TI region  2


 NSTEP =   160000   TIME(PS) =     160.000  TEMP(K) =   251.51  PRESS =     0.0
 Etot   =    -56718.6145  EKtot   =     15624.4855  EPtot      =    -72343.1000
 BOND   =     12172.6550  ANGLE   =        -0.0000  DIHED      =        -0.0000
 1-4 NB =         0.0000  1-4 EEL =        -0.0000  VDWAALS    =     15957.6830
 EELEC  =   -100473.4380  EHBOND  =         0.0000  RESTRAINT  =         0.0000
 DV/DL  =        23.1140
 ------------------------------------------------------------------------------

 NMR restraints: Bond =    0.000   Angle =     0.000   Torsion =     0.000
===============================================================================

| TI region  1


 NSTEP =   165000   TIME(PS) =     165.000  TEMP(K) =   260.85  PRESS =     0.0
 Etot   =    -54835.3368  EKtot   =     16210.0957  EPtot      =    -71045.4325
 BOND   =     12382.0984  ANGLE   =         0.0000  DIHED      =        -0.0000
 1-4 NB =         0.0000  1-4 EEL =         0.0000  VDWAALS    =     15622.5253
 EELEC  =    -99050.0562  EHBOND  =         0.0000  RESTRAINT  =         0.0000
 DV/DL  =        17.9662
 ------------------------------------------------------------------------------

  Softcore part of the system:       7 atoms,       TEMP(K)    =         177.44
 SC_Etot=        24.7372  SC_EKtot=         3.7023  SC_EPtot   =        21.0348
 SC_BOND=         0.2672  SC_ANGLE=         4.3242  SC_DIHED   =         5.3473
 SC_14NB=         0.5018  SC_14EEL=        10.5944  SC_VDW     =         0.0000
 SC_EEL =         0.0000
 SC_RES_DIST=     0.0000  SC_RES_ANG=       0.0000  SC_RES_TORS=         0.0000
 SC_EEL_DER=      0.4710  SC_VDW_DER=      -3.1374  SC_DERIV   =        -2.6664
 ------------------------------------------------------------------------------


| TI region  2


 NSTEP =   165000   TIME(PS) =     165.000  TEMP(K) =   260.88  PRESS =     0.0
 Etot   =    -54839.0391  EKtot   =     16206.3934  EPtot      =    -71045.4325
 BOND   =     12382.0984  ANGLE   =         0.0000  DIHED      =        -0.0000
 1-4 NB =         0.0000  1-4 EEL =         0.0000  VDWAALS    =     15622.5253
 EELEC  =    -99050.0562  EHBOND  =         0.0000  RESTRAINT  =         0.0000
 DV/DL  =        17.9662
 ------------------------------------------------------------------------------

 NMR restraints: Bond =    0.000   Angle =     0.000   Torsion =     0.000
===============================================================================

| TI region  1


 NSTEP =   170000   TIME(PS) =     170.000  TEMP(K) =   266.62  PRESS =     0.0
 Etot   =    -53349.2166  EKtot   =     16568.9375  EPtot      =    -69918.1541
 BOND   =     12560.1184  ANGLE   =        -0.0000  DIHED      =         0.0000
 1-4 NB =         0.0000  1-4 EEL =        -0.0000  VDWAALS    =     15073.9445
 EELEC  =    -97552.2170  EHBOND  =         0.0000  RESTRAINT  =         0.0000
 DV/DL  =         6.6780
 ------------------------------------------------------------------------------

  Softcore part of the system:       7 atoms,       TEMP(K)    =         122.74
 SC_Etot=        25.4667  SC_EKtot=         2.5610  SC_EPtot   =        22.9057
 SC_BOND=         0.9510  SC_ANGLE=         5.3414  SC_DIHED   =         5.6955
 SC_14NB=         0.3621  SC_14EEL=        10.5558  SC_VDW     =         0.0000
 SC_EEL =         0.0000
 SC_RES_DIST=     0.0000  SC_RES_ANG=       0.0000  SC_RES_TORS=         0.0000
 SC_EEL_DER=      0.4817  SC_VDW_DER=      -5.5415  SC_DERIV   =        -5.0598
 ------------------------------------------------------------------------------


| TI region  2


 NSTEP =   170000   TIME(PS) =     170.000  TEMP(K) =   266.67  PRESS =     0.0
 Etot   =    -53351.7777  EKtot   =     16566.3765  EPtot      =    -69918.1541
 BOND   =     12560.1184  ANGLE   =        -0.0000  DIHED      =         0.0000
 1-4 NB =         0.0000  1-4 EEL =        -0.0000  VDWAALS    =     15073.9445
 EELEC  =    -97552.2170  EHBOND  =         0.0000  RESTRAINT  =         0.0000
 DV/DL  =         6.6780
 ------------------------------------------------------------------------------

 NMR restraints: Bond =    0.000   Angle =     0.000   Torsion =     0.000
===============================================================================

| TI region  1


 NSTEP =   175000   TIME(PS) =     175.000  TEMP(K) =   276.02  PRESS =     0.0
 Etot   =    -51507.0359  EKtot   =     17152.7266  EPtot      =    -68659.7624
 BOND   =     12496.9750  ANGLE   =         0.0000  DIHED      =        -0.0000
 1-4 NB =         0.0000  1-4 EEL =        -0.0000  VDWAALS    =     14445.4830
 EELEC  =    -95602.2204  EHBOND  =         0.0000  RESTRAINT  =         0.0000
 DV/DL  =        15.2811
 ------------------------------------------------------------------------------

  Softcore part of the system:       7 atoms,       TEMP(K)    =         162.31
 SC_Etot=        24.7493  SC_EKtot=         3.3867  SC_EPtot   =        21.3625
 SC_BOND=         2.2589  SC_ANGLE=         3.5101  SC_DIHED   =         5.2156
 SC_14NB=         0.1768  SC_14EEL=        10.2010  SC_VDW     =         0.0000
 SC_EEL =         0.0000
 SC_RES_DIST=     0.0000  SC_RES_ANG=       0.0000  SC_RES_TORS=         0.0000
 SC_EEL_DER=      0.3765  SC_VDW_DER=      -3.9979  SC_DERIV   =        -3.6214
 ------------------------------------------------------------------------------


| TI region  2


 NSTEP =   175000   TIME(PS) =     175.000  TEMP(K) =   276.06  PRESS =     0.0
 Etot   =    -51510.4226  EKtot   =     17149.3398  EPtot      =    -68659.7624
 BOND   =     12496.9750  ANGLE   =         0.0000  DIHED      =        -0.0000
 1-4 NB =         0.0000  1-4 EEL =        -0.0000  VDWAALS    =     14445.4830
 EELEC  =    -95602.2204  EHBOND  =         0.0000  RESTRAINT  =         0.0000
 DV/DL  =        15.2811
 ------------------------------------------------------------------------------

 NMR restraints: Bond =    0.000   Angle =     0.000   Torsion =     0.000
===============================================================================

| TI region  1


 NSTEP =   180000   TIME(PS) =     180.000  TEMP(K) =   284.05  PRESS =     0.0
 Etot   =    -50335.1156  EKtot   =     17651.6855  EPtot      =    -67986.8012
 BOND   =     12705.7826  ANGLE   =        -0.0000  DIHED      =         0.0000
 1-4 NB =         0.0000  1-4 EEL =        -0.0000  VDWAALS    =     14570.4845
 EELEC  =    -95263.0682  EHBOND  =         0.0000  RESTRAINT  =         0.0000
 DV/DL  =        23.2971
 ------------------------------------------------------------------------------

  Softcore part of the system:       7 atoms,       TEMP(K)    =         480.03
 SC_Etot=        30.8269  SC_EKtot=        10.0161  SC_EPtot   =        20.8109
 SC_BOND=         2.1015  SC_ANGLE=         2.9890  SC_DIHED   =         5.2253
 SC_14NB=         0.2105  SC_14EEL=        10.2846  SC_VDW     =         0.0000
 SC_EEL =         0.0000
 SC_RES_DIST=     0.0000  SC_RES_ANG=       0.0000  SC_RES_TORS=         0.0000
 SC_EEL_DER=      0.2157  SC_VDW_DER=      -2.4729  SC_DERIV   =        -2.2572
 ------------------------------------------------------------------------------


| TI region  2


 NSTEP =   180000   TIME(PS) =     180.000  TEMP(K) =   283.98  PRESS =     0.0
 Etot   =    -50345.1317  EKtot   =     17641.6695  EPtot      =    -67986.8012
 BOND   =     12705.7826  ANGLE   =        -0.0000  DIHED      =         0.0000
 1-4 NB =         0.0000  1-4 EEL =        -0.0000  VDWAALS    =     14570.4845
 EELEC  =    -95263.0682  EHBOND  =         0.0000  RESTRAINT  =         0.0000
 DV/DL  =        23.2971
 ------------------------------------------------------------------------------

 NMR restraints: Bond =    0.000   Angle =     0.000   Torsion =     0.000
===============================================================================

| TI region  1


 NSTEP =   185000   TIME(PS) =     185.000  TEMP(K) =   286.84  PRESS =     0.0
 Etot   =    -48974.6368  EKtot   =     17825.1836  EPtot      =    -66799.8204
 BOND   =     12820.2909  ANGLE   =         0.0000  DIHED      =        -0.0000
 1-4 NB =         0.0000  1-4 EEL =         0.0000  VDWAALS    =     13870.2015
 EELEC  =    -93490.3128  EHBOND  =         0.0000  RESTRAINT  =         0.0000
 DV/DL  =        11.9232
 ------------------------------------------------------------------------------

  Softcore part of the system:       7 atoms,       TEMP(K)    =         217.96
 SC_Etot=        26.6977  SC_EKtot=         4.5478  SC_EPtot   =        22.1499
 SC_BOND=         1.2446  SC_ANGLE=         5.0874  SC_DIHED   =         5.3766
 SC_14NB=         0.1320  SC_14EEL=        10.3093  SC_VDW     =         0.0000
 SC_EEL =         0.0000
 SC_RES_DIST=     0.0000  SC_RES_ANG=       0.0000  SC_RES_TORS=         0.0000
 SC_EEL_DER=      0.5201  SC_VDW_DER=      -4.1497  SC_DERIV   =        -3.6296
 ------------------------------------------------------------------------------


| TI region  2


 NSTEP =   185000   TIME(PS) =     185.000  TEMP(K) =   286.86  PRESS =     0.0
 Etot   =    -48979.1846  EKtot   =     17820.6358  EPtot      =    -66799.8204
 BOND   =     12820.2909  ANGLE   =         0.0000  DIHED      =        -0.0000
 1-4 NB =         0.0000  1-4 EEL =         0.0000  VDWAALS    =     13870.2015
 EELEC  =    -93490.3128  EHBOND  =         0.0000  RESTRAINT  =         0.0000
 DV/DL  =        11.9232
 ------------------------------------------------------------------------------

 NMR restraints: Bond =    0.000   Angle =     0.000   Torsion =     0.000
===============================================================================

| TI region  1


 NSTEP =   190000   TIME(PS) =     190.000  TEMP(K) =   300.33  PRESS =     0.0
 Etot   =    -47443.7297  EKtot   =     18663.8320  EPtot      =    -66107.5617
 BOND   =     13046.0673  ANGLE   =        -0.0000  DIHED      =        -0.0000
 1-4 NB =         0.0000  1-4 EEL =         0.0000  VDWAALS    =     13818.0579
 EELEC  =    -92971.6869  EHBOND  =         0.0000  RESTRAINT  =         0.0000
 DV/DL  =        16.1137
 ------------------------------------------------------------------------------

  Softcore part of the system:       7 atoms,       TEMP(K)    =         243.09
 SC_Etot=        26.8471  SC_EKtot=         5.0722  SC_EPtot   =        21.7749
 SC_BOND=         0.9937  SC_ANGLE=         4.4975  SC_DIHED   =         5.2155
 SC_14NB=         0.4758  SC_14EEL=        10.5924  SC_VDW     =         0.0000
 SC_EEL =         0.0000
 SC_RES_DIST=     0.0000  SC_RES_ANG=       0.0000  SC_RES_TORS=         0.0000
 SC_EEL_DER=      0.5994  SC_VDW_DER=      -4.9893  SC_DERIV   =        -4.3899
 ------------------------------------------------------------------------------


| TI region  2


 NSTEP =   190000   TIME(PS) =     190.000  TEMP(K) =   300.35  PRESS =     0.0
 Etot   =    -47448.8018  EKtot   =     18658.7598  EPtot      =    -66107.5617
 BOND   =     13046.0673  ANGLE   =        -0.0000  DIHED      =        -0.0000
 1-4 NB =         0.0000  1-4 EEL =         0.0000  VDWAALS    =     13818.0579
 EELEC  =    -92971.6869  EHBOND  =         0.0000  RESTRAINT  =         0.0000
 DV/DL  =        16.1137
 ------------------------------------------------------------------------------

 NMR restraints: Bond =    0.000   Angle =     0.000   Torsion =     0.000
===============================================================================

| TI region  1


 NSTEP =   195000   TIME(PS) =     195.000  TEMP(K) =   298.00  PRESS =     0.0
 Etot   =    -47115.0335  EKtot   =     18518.5430  EPtot      =    -65633.5765
 BOND   =     13019.9195  ANGLE   =        -0.0000  DIHED      =         0.0000
 1-4 NB =         0.0000  1-4 EEL =        -0.0000  VDWAALS    =     13757.6122
 EELEC  =    -92411.1082  EHBOND  =         0.0000  RESTRAINT  =         0.0000
 DV/DL  =        19.0250
 ------------------------------------------------------------------------------

  Softcore part of the system:       7 atoms,       TEMP(K)    =         356.97
 SC_Etot=        29.8224  SC_EKtot=         7.4484  SC_EPtot   =        22.3740
 SC_BOND=         2.5838  SC_ANGLE=         3.8386  SC_DIHED   =         5.2074
 SC_14NB=         0.2987  SC_14EEL=        10.4455  SC_VDW     =         0.0000
 SC_EEL =         0.0000
 SC_RES_DIST=     0.0000  SC_RES_ANG=       0.0000  SC_RES_TORS=         0.0000
 SC_EEL_DER=      0.6862  SC_VDW_DER=      -3.5387  SC_DERIV   =        -2.8525
 ------------------------------------------------------------------------------


| TI region  2


 NSTEP =   195000   TIME(PS) =     195.000  TEMP(K) =   297.98  PRESS =     0.0
 Etot   =    -47122.4819  EKtot   =     18511.0946  EPtot      =    -65633.5765
 BOND   =     13019.9195  ANGLE   =        -0.0000  DIHED      =         0.0000
 1-4 NB =         0.0000  1-4 EEL =        -0.0000  VDWAALS    =     13757.6122
 EELEC  =    -92411.1082  EHBOND  =         0.0000  RESTRAINT  =         0.0000
 DV/DL  =        19.0250
 ------------------------------------------------------------------------------

 NMR restraints: Bond =    0.000   Angle =     0.000   Torsion =     0.000
===============================================================================

| TI region  1


 NSTEP =   200000   TIME(PS) =     200.000  TEMP(K) =   298.45  PRESS =     0.0
 Etot   =    -46970.5793  EKtot   =     18546.9336  EPtot      =    -65517.5129
 BOND   =     12781.9868  ANGLE   =        -0.0000  DIHED      =         0.0000
 1-4 NB =         0.0000  1-4 EEL =         0.0000  VDWAALS    =     13453.7945
 EELEC  =    -91753.2942  EHBOND  =         0.0000  RESTRAINT  =         0.0000
 DV/DL  =        31.4844
 ------------------------------------------------------------------------------

  Softcore part of the system:       7 atoms,       TEMP(K)    =         245.16
 SC_Etot=        26.4418  SC_EKtot=         5.1154  SC_EPtot   =        21.3264
 SC_BOND=         1.5436  SC_ANGLE=         3.9610  SC_DIHED   =         5.2260
 SC_14NB=         0.2344  SC_14EEL=        10.3615  SC_VDW     =         0.0000
 SC_EEL =         0.0000
 SC_RES_DIST=     0.0000  SC_RES_ANG=       0.0000  SC_RES_TORS=         0.0000
 SC_EEL_DER=      0.5094  SC_VDW_DER=      -2.2649  SC_DERIV   =        -1.7555
 ------------------------------------------------------------------------------


| TI region  2


 NSTEP =   200000   TIME(PS) =     200.000  TEMP(K) =   298.47  PRESS =     0.0
 Etot   =    -46975.6947  EKtot   =     18541.8182  EPtot      =    -65517.5129
 BOND   =     12781.9868  ANGLE   =        -0.0000  DIHED      =         0.0000
 1-4 NB =         0.0000  1-4 EEL =         0.0000  VDWAALS    =     13453.7945
 EELEC  =    -91753.2942  EHBOND  =         0.0000  RESTRAINT  =         0.0000
 DV/DL  =        31.4844
 ------------------------------------------------------------------------------

 NMR restraints: Bond =    0.000   Angle =     0.000   Torsion =     0.000
===============================================================================

| TI region  1


      A V E R A G E S   O V E R      40 S T E P S


 NSTEP =   200000   TIME(PS) =     200.000  TEMP(K) =   160.36  PRESS =     0.0
 Etot   =    -69298.1754  EKtot   =      9965.5332  EPtot      =    -79263.7086
 BOND   =     10628.2588  ANGLE   =        -0.0000  DIHED      =        -0.0000
 1-4 NB =         0.0000  1-4 EEL =        -0.0000  VDWAALS    =     17881.7374
 EELEC  =   -107773.7048  EHBOND  =         0.0000  RESTRAINT  =         0.0000
 DV/DL  =        23.9162
 ------------------------------------------------------------------------------

 NMR restraints: Bond =    0.000   Angle =     0.000   Torsion =     0.000
===============================================================================
  Softcore part of the system:       7 atoms,       TEMP(K)    =         156.86
 SC_Etot=        23.9653  SC_EKtot=         3.2729  SC_EPtot   =        20.6923
 SC_BOND=         0.8528  SC_ANGLE=         3.8475  SC_DIHED   =         5.2543
 SC_14NB=         0.3083  SC_14EEL=        10.4294  SC_VDW     =         0.0000
 SC_EEL =         0.0000
 SC_RES_DIST=     0.0000  SC_RES_ANG=       0.0000  SC_RES_TORS=         0.0000
 SC_EEL_DER=      0.3492  SC_VDW_DER=      -1.7446  SC_DERIV   =        -1.3955
 ------------------------------------------------------------------------------


      R M S  F L U C T U A T I O N S


 NSTEP =   200000   TIME(PS) =     200.000  TEMP(K) =    89.93  PRESS =     0.0
 Etot   =     12677.0709  EKtot   =      5588.2621  EPtot      =      7163.1780
 BOND   =      1705.3189  ANGLE   =         0.0000  DIHED      =         0.0000
 1-4 NB =         0.0000  1-4 EEL =         0.0000  VDWAALS    =      2026.4390
 EELEC  =      7589.4828  EHBOND  =         0.0000  RESTRAINT  =         0.0000
 DV/DL  =         8.8344
 ------------------------------------------------------------------------------

  Softcore part of the system:       7 atoms,       TEMP(K)    =         102.32
 SC_Etot=         3.0636  SC_EKtot=         2.1350  SC_EPtot   =         1.2046
 SC_BOND=         0.6965  SC_ANGLE=         0.7389  SC_DIHED   =         0.0814
 SC_14NB=         0.0995  SC_14EEL=         0.0976  SC_VDW     =         0.0000
 SC_EEL =         0.0000
 SC_RES_DIST=     0.0000  SC_RES_ANG=       0.0000  SC_RES_TORS=         0.0000
 SC_EEL_DER=      0.1425  SC_VDW_DER=       1.7305  SC_DERIV   =         1.7045
 ------------------------------------------------------------------------------


| TI region  2


      A V E R A G E S   O V E R      40 S T E P S


 NSTEP =   200000   TIME(PS) =     200.000  TEMP(K) =   160.36  PRESS =     0.0
 Etot   =    -69301.4484  EKtot   =      9962.2603  EPtot      =    -79263.7086
 BOND   =     10628.2588  ANGLE   =        -0.0000  DIHED      =        -0.0000
 1-4 NB =         0.0000  1-4 EEL =        -0.0000  VDWAALS    =     17881.7374
 EELEC  =   -107773.7048  EHBOND  =         0.0000  RESTRAINT  =         0.0000
 DV/DL  =        23.9162
 ------------------------------------------------------------------------------

 NMR restraints: Bond =    0.000   Angle =     0.000   Torsion =     0.000
===============================================================================

      R M S  F L U C T U A T I O N S


 NSTEP =   200000   TIME(PS) =     200.000  TEMP(K) =    89.93  PRESS =     0.0
 Etot   =     12675.3803  EKtot   =      5586.5434  EPtot      =      7163.1780
 BOND   =      1705.3189  ANGLE   =         0.0000  DIHED      =         0.0000
 1-4 NB =         0.0000  1-4 EEL =         0.0000  VDWAALS    =      2026.4390
 EELEC  =      7589.4828  EHBOND  =         0.0000  RESTRAINT  =         0.0000
 DV/DL  =         8.8344
 ------------------------------------------------------------------------------


      DV/DL, AVERAGES OVER      40 STEPS


 NSTEP =   200000   TIME(PS) =     200.000  TEMP(K) =    89.93  PRESS =     0.0
 Etot   =         0.0000  EKtot   =         0.0000  EPtot      =        23.9162
 BOND   =         0.0000  ANGLE   =         0.0000  DIHED      =         0.0000
 1-4 NB =         0.0000  1-4 EEL =         0.0000  VDWAALS    =         2.5907
 EELEC  =        22.7209  EHBOND  =         0.0000  RESTRAINT  =         0.0000
 DV/DL  =        23.9162
 ------------------------------------------------------------------------------


 NMR restraints on final step:

--------------------------------------------------------------------------------
   5.  TIMINGS
--------------------------------------------------------------------------------

|  NonSetup CPU Time in Major Routines:
|
|     Routine           Sec        %
|     ------------------------------
|     Nonbond         146.52   30.81
|     Bond              0.00    0.00
|     Angle             0.00    0.00
|     Dihedral          0.00    0.00
|     Shake             0.00    0.00
|     RunMD           328.42   69.07
|     Other             0.55    0.12
|     ------------------------------
|     Total           475.49

|  PME Nonbond Pairlist CPU Time:
|
|     Routine              Sec        %
|     ---------------------------------
|     Set Up Cit           0.00    0.00
|     Build List           0.00    0.00
|     ---------------------------------
|     Total                0.00    0.00

|  PME Direct Force CPU Time:
|
|     Routine              Sec        %
|     ---------------------------------
|     NonBonded Calc       0.00    0.00
|     Exclude Masked       0.00    0.00
|     Other                0.38    0.08
|     ---------------------------------
|     Total                0.38    0.08

|  PME Reciprocal Force CPU Time:
|
|     Routine              Sec        %
|     ---------------------------------
|     1D bspline           0.00    0.00
|     Grid Charges         0.00    0.00
|     Scalar Sum           0.00    0.00
|     Gradient Sum         0.00    0.00
|     FFT                  0.00    0.00
|     ---------------------------------
|     Total                0.00    0.00

|  Final Performance Info:
|     -----------------------------------------------------
|     Average timings for last    5000 steps:
|     Elapsed(s) =      12.05 Per Step(ms) =       2.41
|         ns/day =      35.85   seconds/ns =    2410.04
|
|     Average timings for all steps:
|     Elapsed(s) =     477.16 Per Step(ms) =       2.39
|         ns/day =      36.21   seconds/ns =    2385.79
|     -----------------------------------------------------

|  Setup CPU time:            0.54 seconds
|  NonSetup CPU time:       475.49 seconds
|  Total CPU time:          476.04 seconds     0.13 hours

|  Setup wall time:           1    seconds
|  NonSetup wall time:      477    seconds
|  Total wall time:         478    seconds     0.13 hours
