
          -------------------------------------------------------
          Amber 18 PMEMD                              2018
          -------------------------------------------------------

| PMEMD implementation of SANDER, Release 18

| Run on 06/12/2020 at 12:18:43

|   Executable path: /opt/software/Amber/18-foss-2018b-AmberTools-19/bin/pmemd.cuda
| Working directory: /mnt/gs18/scratch/users/songlin3/run/1264_optimization/acetate/spce_SPC/0.88495
|          Hostname: lac-084

  [-O]verwriting output

File Assignments:
|   MDIN: heat.in                                                               
|  MDOUT: heat.out                                                              
| INPCRD: min.rst                                                               
|   PARM: step1.prmtop                                                          
| RESTRT: heat.rst                                                              
|   REFC: min.rst                                                               
|  MDVEL: mdvel                                                                 
|   MDEN: mden                                                                  
|  MDCRD: heat.netcdf                                                           
| MDINFO: heat.mdinfo                                                           
|  MDFRC: mdfrc                                                                 


 Here is the input file:

nvt for free MD                                                                
 &cntrl                                                                        
  imin=0,                                                                      
  irest=0,                                                                     
  ntx=1,                                                                       
  ig=-1,                                                                       
  nstlim=200000,                                                               
  dt=0.001,                                                                    
  cut=10.0,                                                                    
  ntc=1,                                                                       
  ntf=1,                                                                       
  ntb=1,                                                                       
  ntt=3,                                                                       
  gamma_ln=2.0,                                                                
  tempi=0.0,                                                                   
  temp0=300.0,                                                                 
  ntpr=5000,                                                                   
  ntwr=5000,                                                                   
  ntwx=10000,                                                                  
  ntwv=0,                                                                      
  ioutfm=1,                                                                    
  iwrap=0,                                                                     
  nmropt=1,                                                                    
  ifsc = 1, icfe=1,                                                            
  clambda=0.88495,                                                             
  timask1=':1', scmask1=':1', scmask2='',                                      
  timask2='',                                                                  
/                                                                              
&wt TYPE='TEMP0', istep1=0, istep2=190000, value1=0.0, value2=300.0 /          
&wt TYPE='TEMP0', istep1=190001, istep2=200000, value1=300.0, value2=300.0 /   
&wt TYPE='DUMPFREQ', istep1=10000, /                                           
&wt TYPE='END', /                                                              


Note: ig = -1. Setting random seed to   685528 based on wallclock time in 
      microseconds.
| irandom = 1, using AMBER's internal random number generator (default).
 
|--------------------- INFORMATION ----------------------
| GPU (CUDA) Version of PMEMD in use: NVIDIA GPU IN USE.
|                    Version 18.0.0
| 
|                      03/25/2018
| 
| Implementation by:
|                    Ross C. Walker     (SDSC)
|                    Scott Le Grand     (nVIDIA)
| 
| Version 18 performance extensions by:
|                    David Cerutti     (Rutgers)
| 
| Precision model in use:
|      [SPFP] - Single Precision Forces, 64-bit Fixed Point
|               Accumulation. (Default)
| 
|--------------------------------------------------------
 
|----------------- CITATION INFORMATION -----------------
|
|    When publishing work that utilized the CUDA version
|    of AMBER, please cite the following in addition to
|    the regular AMBER citations:
|
|  - Romelia Salomon-Ferrer; Andreas W. Goetz; Duncan
|    Poole; Scott Le Grand; Ross C. Walker "Routine
|    microsecond molecular dynamics simulations with
|    AMBER - Part II: Particle Mesh Ewald", J. Chem.
|    Theory Comput., 2013, 9 (9), pp3878-3888,
|    DOI: 10.1021/ct400314y.
|
|  - Andreas W. Goetz; Mark J. Williamson; Dong Xu;
|    Duncan Poole; Scott Le Grand; Ross C. Walker
|    "Routine microsecond molecular dynamics simulations
|    with AMBER - Part I: Generalized Born", J. Chem.
|    Theory Comput., 2012, 8 (5), pp1542-1555.
|
|  - Scott Le Grand; Andreas W. Goetz; Ross C. Walker
|    "SPFP: Speed without compromise - a mixed precision
|    model for GPU accelerated molecular dynamics
|    simulations.", Comp. Phys. Comm., 2013, 184
|    pp374-380, DOI: 10.1016/j.cpc.2012.09.022
|
|    When publishing work that utilized the CUDA version
|    of TI, BAR, MBAR or FEP please cite the following 
|    three publications in addition to the regular AMBER 
|    GPU citations:
|
|  - Daniel J. Mermelstein; Charles Lin; Gard Nelson; 
|    Rachael Kretsch; J. Andrew McCammon; Ross C. Walker
|    "Fast and Flexible GPU Accelerated Binding 
|    Free Energy Calculations within the AMBER Molecular
|    Dynamics Package" J. Comp. Chem., 2018,
|    DOI: 10.1002/jcc.25187
|
|  - Tai-Sung Lee; Yuan Hu; Brad Sherborne; Zhuyan Guo;
|    Darrin M. York
|    "Toward Fast and Accurate Binding Affinity Prediction with
|    pmemdGTI: An Efficient Implementation of GPU-Accelerated
|    Thermodynamic Integration"
|    J. Chem. Theory Comput., 2017, 13 (7), 3077
|
|
|--------------------------------------------------------
 
|------------------- GPU DEVICE INFO --------------------
|
|            CUDA_VISIBLE_DEVICES: 0
|   CUDA Capable Devices Detected:      1
|           CUDA Device ID in use:      0
|                CUDA Device Name: Tesla K80
|     CUDA Device Global Mem Size:  12206 MB
| CUDA Device Num Multiprocessors:     13
|           CUDA Device Core Freq:   0.82 GHz
|
|--------------------------------------------------------
 
 
| Conditional Compilation Defines Used:
| PUBFFT
| BINTRAJ
| CUDA
| EMIL

| Largest sphere to fit in unit cell has radius =    27.333

| New format PARM file being parsed.
| Version =    1.000 Date = 06/12/20 Time = 12:17:28

| Note: 1-4 EEL scale factors are being read from the topology file.

| Note: 1-4 VDW scale factors are being read from the topology file.
| Duplicated    0 dihedrals

| Duplicated    0 dihedrals

--------------------------------------------------------------------------------
   1.  RESOURCE   USE: 
--------------------------------------------------------------------------------

 getting box info from netcdf restart file
 NATOM  =   20845 NTYPES =       6 NBONH =   20841 MBONA  =       3
 NTHETH =       6 MTHETA =       3 NPHIH =      12 MPHIA  =       1
 NHPARM =       0 NPARM  =       0 NNB   =   27806 NRES   =    6947
 NBONA  =       3 NTHETA =       3 NPHIA =       1 NUMBND =       5
 NUMANG =       4 NPTRA  =       3 NATYP =       6 NPHB   =       1
 IFBOX  =       2 NMXRS  =       7 IFCAP =       0 NEXTRA =       0
 NCOPY  =       0

| Coordinate Index Table dimensions:    10   10   10
| Direct force subcell size =     6.6953    6.6953    6.6953

     BOX TYPE: TRUNCATED OCTAHEDRON

--------------------------------------------------------------------------------
   2.  CONTROL  DATA  FOR  THE  RUN
--------------------------------------------------------------------------------

default_name                                                                    

General flags:
     imin    =       0, nmropt  =       1

Nature and format of input:
     ntx     =       1, irest   =       0, ntrx    =       1

Nature and format of output:
     ntxo    =       2, ntpr    =    5000, ntrx    =       1, ntwr    =    5000
     iwrap   =       0, ntwx    =   10000, ntwv    =       0, ntwe    =       0
     ioutfm  =       1, ntwprt  =       0, idecomp =       0, rbornstat=      0

Potential function:
     ntf     =       1, ntb     =       1, igb     =       0, nsnb    =      25
     ipol    =       0, gbsa    =       0, iesp    =       0
     dielc   =   1.00000, cut     =  10.00000, intdiel =   1.00000

Frozen or restrained atoms:
     ibelly  =       0, ntr     =       0

Molecular dynamics:
     nstlim  =    200000, nscm    =      1000, nrespa  =         1
     t       =   0.00000, dt      =   0.00100, vlimit  =  -1.00000

Langevin dynamics temperature regulation:
     ig      =  685528
     temp0   = 300.00000, tempi   =   0.00000, gamma_ln=   2.00000

NMR refinement options:
     iscale  =       0, noeskp  =       1, ipnlty  =       1, mxsub   =       1
     scalm   = 100.00000, pencut  =   0.10000, tausw   =   0.10000

Free energy options:
     icfe    =       1, ifsc    =       1, klambda =       1
     clambda =  0.8850, scalpha =  0.5000, scbeta  = 12.0000
     sceeorder =       2
     dynlmb =  0.0000 logdvdl =       0

| Intermolecular bonds treatment:
|     no_intermolecular_bonds =       1

| Energy averages sample interval:
|     ene_avg_sampling =    5000

Ewald parameters:
     verbose =       0, ew_type =       0, nbflag  =       1, use_pme =       1
     vdwmeth =       1, eedmeth =       1, netfrc  =       1
     Box X =   66.953   Box Y =   66.953   Box Z =   66.953
     Alpha =  109.471   Beta  =  109.471   Gamma =  109.471
     NFFT1 =   64       NFFT2 =   64       NFFT3 =   64
     Cutoff=   10.000   Tol   =0.100E-04
     Ewald Coefficient =  0.27511
     Interpolation order =    4
     TI Mask 1 :1; matches      7 atoms
     TI Mask 2  matches      0 atoms
     TI region 1:   20845 atoms
     TI region 2:   20838 atoms
     SC Mask 1 :1; matches      7 atoms

--------------------------------------------------------------------------------
   3.  ATOMIC COORDINATES AND VELOCITIES
--------------------------------------------------------------------------------

default_name                                                                    
 begin time read from input coords =     0.000 ps



           Begin reading energy term weight changes/NMR restraints
 WEIGHT CHANGES:
 TEMP0         0 190000    0.000000  300.000000      0      0
 TEMP0    190001 200000  300.000000  300.000000      0      0
 DUMPFREQ  10000      0    0.000000    0.000000      0      0

 RESTRAINTS:
                          ** No restraint defined **

                  Done reading weight changes/NMR restraints


 
 Number of triangulated 3-point waters found:     6946
 Number of shake restraints removed in TI region  1 :        0
 Number of shake restraints removed in TI region  2 :        0

     Sum of charges for TI region  1 =  -1.00000662
     Assuming uniform neutralizing plasma


     Sum of charges for TI region  2 =  -0.00000762
     Forcing neutrality...

| Dynamic Memory, Types Used:
| Reals              914872
| Integers           792492

| Nonbonded Pairs Initial Allocation:     6305091

| GPU memory information (estimate):
| KB of GPU memory in use:         0
| KB of CPU memory in use:         0

--------------------------------------------------------------------------------
   4.  RESULTS
--------------------------------------------------------------------------------

   DOF for the SC part  1 of the system:   21

| TI region  1


 NSTEP =        0   TIME(PS) =       0.000  TEMP(K) =     0.00  PRESS =     0.0
 Etot   =    -99441.2660  EKtot   =         0.0000  EPtot      =    -99441.2660
 BOND   =      9086.3212  ANGLE   =         0.0000  DIHED      =         0.0000
 1-4 NB =         0.0000  1-4 EEL =         0.0000  VDWAALS    =     23912.0058
 EELEC  =   -132439.5930  EHBOND  =         0.0000  RESTRAINT  =         0.0000
 DV/DL  =        24.7844
 ------------------------------------------------------------------------------

  Softcore part of the system:       7 atoms,       TEMP(K)    =           0.00
 SC_Etot=        18.7704  SC_EKtot=         0.0000  SC_EPtot   =        18.7704
 SC_BOND=         0.0447  SC_ANGLE=         2.8204  SC_DIHED   =         5.2197
 SC_14NB=         0.2718  SC_14EEL=        10.4139  SC_VDW     =         0.0000
 SC_EEL =         0.0000
 SC_RES_DIST=     0.0000  SC_RES_ANG=       0.0000  SC_RES_TORS=         0.0000
 SC_EEL_DER=      0.1678  SC_VDW_DER=       0.0080  SC_DERIV   =         0.1758
 ------------------------------------------------------------------------------


| TI region  2


 NSTEP =        0   TIME(PS) =       0.000  TEMP(K) =     0.00  PRESS =     0.0
 Etot   =    -99441.2660  EKtot   =         0.0000  EPtot      =    -99441.2660
 BOND   =      9086.3212  ANGLE   =         0.0000  DIHED      =         0.0000
 1-4 NB =         0.0000  1-4 EEL =         0.0000  VDWAALS    =     23912.0058
 EELEC  =   -132439.5930  EHBOND  =         0.0000  RESTRAINT  =         0.0000
 DV/DL  =        24.7844
 ------------------------------------------------------------------------------

 NMR restraints: Bond =    0.000   Angle =     0.000   Torsion =     0.000
===============================================================================

| TI region  1


 NSTEP =     5000   TIME(PS) =       5.000  TEMP(K) =     7.37  PRESS =     0.0
 Etot   =    -99745.6702  EKtot   =       458.0532  EPtot      =   -100203.7235
 BOND   =      9555.6230  ANGLE   =        -0.0000  DIHED      =        -0.0000
 1-4 NB =         0.0000  1-4 EEL =         0.0000  VDWAALS    =     25478.7884
 EELEC  =   -135238.1349  EHBOND  =         0.0000  RESTRAINT  =         0.0000
 DV/DL  =        36.0873
 ------------------------------------------------------------------------------

  Softcore part of the system:       7 atoms,       TEMP(K)    =           6.04
 SC_Etot=        18.9709  SC_EKtot=         0.1260  SC_EPtot   =        18.8449
 SC_BOND=         0.0344  SC_ANGLE=         2.8476  SC_DIHED   =         5.2178
 SC_14NB=         0.3086  SC_14EEL=        10.4364  SC_VDW     =         0.0000
 SC_EEL =         0.0000
 SC_RES_DIST=     0.0000  SC_RES_ANG=       0.0000  SC_RES_TORS=         0.0000
 SC_EEL_DER=      0.9757  SC_VDW_DER=      -0.6985  SC_DERIV   =         0.2772
 ------------------------------------------------------------------------------


| TI region  2


 NSTEP =     5000   TIME(PS) =       5.000  TEMP(K) =     7.37  PRESS =     0.0
 Etot   =    -99745.7962  EKtot   =       457.9272  EPtot      =   -100203.7235
 BOND   =      9555.6230  ANGLE   =        -0.0000  DIHED      =        -0.0000
 1-4 NB =         0.0000  1-4 EEL =         0.0000  VDWAALS    =     25478.7884
 EELEC  =   -135238.1349  EHBOND  =         0.0000  RESTRAINT  =         0.0000
 DV/DL  =        36.0873
 ------------------------------------------------------------------------------

 NMR restraints: Bond =    0.000   Angle =     0.000   Torsion =     0.000
===============================================================================

| TI region  1


 NSTEP =    10000   TIME(PS) =      10.000  TEMP(K) =    15.17  PRESS =     0.0
 Etot   =    -98943.6629  EKtot   =       942.4838  EPtot      =    -99886.1467
 BOND   =      9795.4837  ANGLE   =        -0.0000  DIHED      =        -0.0000
 1-4 NB =         0.0000  1-4 EEL =        -0.0000  VDWAALS    =     25619.2524
 EELEC  =   -135300.8828  EHBOND  =         0.0000  RESTRAINT  =         0.0000
 DV/DL  =        35.6968
 ------------------------------------------------------------------------------

  Softcore part of the system:       7 atoms,       TEMP(K)    =           8.24
 SC_Etot=        19.0770  SC_EKtot=         0.1720  SC_EPtot   =        18.9051
 SC_BOND=         0.1049  SC_ANGLE=         2.9807  SC_DIHED   =         5.2201
 SC_14NB=         0.2288  SC_14EEL=        10.3705  SC_VDW     =         0.0000
 SC_EEL =         0.0000
 SC_RES_DIST=     0.0000  SC_RES_ANG=       0.0000  SC_RES_TORS=         0.0000
 SC_EEL_DER=      0.7798  SC_VDW_DER=      -0.4310  SC_DERIV   =         0.3488
 ------------------------------------------------------------------------------


| TI region  2


 NSTEP =    10000   TIME(PS) =      10.000  TEMP(K) =    15.17  PRESS =     0.0
 Etot   =    -98943.8349  EKtot   =       942.3118  EPtot      =    -99886.1467
 BOND   =      9795.4837  ANGLE   =        -0.0000  DIHED      =        -0.0000
 1-4 NB =         0.0000  1-4 EEL =        -0.0000  VDWAALS    =     25619.2524
 EELEC  =   -135300.8828  EHBOND  =         0.0000  RESTRAINT  =         0.0000
 DV/DL  =        35.6968
 ------------------------------------------------------------------------------

 NMR restraints: Bond =    0.000   Angle =     0.000   Torsion =     0.000
===============================================================================

| TI region  1


 NSTEP =    15000   TIME(PS) =      15.000  TEMP(K) =    23.30  PRESS =     0.0
 Etot   =    -98007.9275  EKtot   =      1447.6733  EPtot      =    -99455.6008
 BOND   =      9964.9196  ANGLE   =        -0.0000  DIHED      =        -0.0000
 1-4 NB =         0.0000  1-4 EEL =        -0.0000  VDWAALS    =     25490.1558
 EELEC  =   -134910.6762  EHBOND  =         0.0000  RESTRAINT  =         0.0000
 DV/DL  =        35.0595
 ------------------------------------------------------------------------------

  Softcore part of the system:       7 atoms,       TEMP(K)    =          21.15
 SC_Etot=        19.6197  SC_EKtot=         0.4413  SC_EPtot   =        19.1784
 SC_BOND=         0.3230  SC_ANGLE=         3.0514  SC_DIHED   =         5.2162
 SC_14NB=         0.2346  SC_14EEL=        10.3533  SC_VDW     =         0.0000
 SC_EEL =         0.0000
 SC_RES_DIST=     0.0000  SC_RES_ANG=       0.0000  SC_RES_TORS=         0.0000
 SC_EEL_DER=      0.6983  SC_VDW_DER=      -0.1085  SC_DERIV   =         0.5898
 ------------------------------------------------------------------------------


| TI region  2


 NSTEP =    15000   TIME(PS) =      15.000  TEMP(K) =    23.30  PRESS =     0.0
 Etot   =    -98008.3688  EKtot   =      1447.2320  EPtot      =    -99455.6008
 BOND   =      9964.9196  ANGLE   =        -0.0000  DIHED      =        -0.0000
 1-4 NB =         0.0000  1-4 EEL =        -0.0000  VDWAALS    =     25490.1558
 EELEC  =   -134910.6762  EHBOND  =         0.0000  RESTRAINT  =         0.0000
 DV/DL  =        35.0595
 ------------------------------------------------------------------------------

 NMR restraints: Bond =    0.000   Angle =     0.000   Torsion =     0.000
===============================================================================

| TI region  1


 NSTEP =    20000   TIME(PS) =      20.000  TEMP(K) =    31.15  PRESS =     0.0
 Etot   =    -97210.0125  EKtot   =      1935.5985  EPtot      =    -99145.6110
 BOND   =     10139.1613  ANGLE   =         0.0000  DIHED      =        -0.0000
 1-4 NB =         0.0000  1-4 EEL =        -0.0000  VDWAALS    =     25614.2122
 EELEC  =   -134898.9844  EHBOND  =         0.0000  RESTRAINT  =         0.0000
 DV/DL  =        32.2146
 ------------------------------------------------------------------------------

  Softcore part of the system:       7 atoms,       TEMP(K)    =          14.16
 SC_Etot=        19.4860  SC_EKtot=         0.2954  SC_EPtot   =        19.1907
 SC_BOND=         0.1193  SC_ANGLE=         3.1305  SC_DIHED   =         5.2200
 SC_14NB=         0.2809  SC_14EEL=        10.4400  SC_VDW     =         0.0000
 SC_EEL =         0.0000
 SC_RES_DIST=     0.0000  SC_RES_ANG=       0.0000  SC_RES_TORS=         0.0000
 SC_EEL_DER=      0.7852  SC_VDW_DER=      -0.9285  SC_DERIV   =        -0.1434
 ------------------------------------------------------------------------------


| TI region  2


 NSTEP =    20000   TIME(PS) =      20.000  TEMP(K) =    31.16  PRESS =     0.0
 Etot   =    -97210.3078  EKtot   =      1935.3031  EPtot      =    -99145.6110
 BOND   =     10139.1613  ANGLE   =         0.0000  DIHED      =        -0.0000
 1-4 NB =         0.0000  1-4 EEL =        -0.0000  VDWAALS    =     25614.2122
 EELEC  =   -134898.9844  EHBOND  =         0.0000  RESTRAINT  =         0.0000
 DV/DL  =        32.2146
 ------------------------------------------------------------------------------

 NMR restraints: Bond =    0.000   Angle =     0.000   Torsion =     0.000
===============================================================================

| TI region  1


 NSTEP =    25000   TIME(PS) =      25.000  TEMP(K) =    38.69  PRESS =     0.0
 Etot   =    -96376.4152  EKtot   =      2404.1724  EPtot      =    -98780.5875
 BOND   =     10295.7488  ANGLE   =         0.0000  DIHED      =        -0.0000
 1-4 NB =         0.0000  1-4 EEL =         0.0000  VDWAALS    =     25632.7696
 EELEC  =   -134709.1060  EHBOND  =         0.0000  RESTRAINT  =         0.0000
 DV/DL  =        28.3698
 ------------------------------------------------------------------------------

  Softcore part of the system:       7 atoms,       TEMP(K)    =          43.24
 SC_Etot=        20.0645  SC_EKtot=         0.9022  SC_EPtot   =        19.1623
 SC_BOND=         0.1240  SC_ANGLE=         2.9831  SC_DIHED   =         5.2421
 SC_14NB=         0.3347  SC_14EEL=        10.4783  SC_VDW     =         0.0000
 SC_EEL =         0.0000
 SC_RES_DIST=     0.0000  SC_RES_ANG=       0.0000  SC_RES_TORS=         0.0000
 SC_EEL_DER=      0.7290  SC_VDW_DER=      -1.0447  SC_DERIV   =        -0.3157
 ------------------------------------------------------------------------------


| TI region  2


 NSTEP =    25000   TIME(PS) =      25.000  TEMP(K) =    38.69  PRESS =     0.0
 Etot   =    -96377.3173  EKtot   =      2403.2702  EPtot      =    -98780.5875
 BOND   =     10295.7488  ANGLE   =         0.0000  DIHED      =        -0.0000
 1-4 NB =         0.0000  1-4 EEL =         0.0000  VDWAALS    =     25632.7696
 EELEC  =   -134709.1060  EHBOND  =         0.0000  RESTRAINT  =         0.0000
 DV/DL  =        28.3698
 ------------------------------------------------------------------------------

 NMR restraints: Bond =    0.000   Angle =     0.000   Torsion =     0.000
===============================================================================

| TI region  1


 NSTEP =    30000   TIME(PS) =      30.000  TEMP(K) =    46.49  PRESS =     0.0
 Etot   =    -95439.8244  EKtot   =      2888.7605  EPtot      =    -98328.5849
 BOND   =     10481.8390  ANGLE   =         0.0000  DIHED      =         0.0000
 1-4 NB =         0.0000  1-4 EEL =        -0.0000  VDWAALS    =     25476.0778
 EELEC  =   -134286.5017  EHBOND  =         0.0000  RESTRAINT  =         0.0000
 DV/DL  =        34.5312
 ------------------------------------------------------------------------------

  Softcore part of the system:       7 atoms,       TEMP(K)    =          21.39
 SC_Etot=        19.5840  SC_EKtot=         0.4463  SC_EPtot   =        19.1377
 SC_BOND=         0.1518  SC_ANGLE=         3.1747  SC_DIHED   =         5.2393
 SC_14NB=         0.1998  SC_14EEL=        10.3722  SC_VDW     =         0.0000
 SC_EEL =         0.0000
 SC_RES_DIST=     0.0000  SC_RES_ANG=       0.0000  SC_RES_TORS=         0.0000
 SC_EEL_DER=      0.4054  SC_VDW_DER=      -0.3008  SC_DERIV   =         0.1046
 ------------------------------------------------------------------------------


| TI region  2


 NSTEP =    30000   TIME(PS) =      30.000  TEMP(K) =    46.50  PRESS =     0.0
 Etot   =    -95440.2707  EKtot   =      2888.3142  EPtot      =    -98328.5849
 BOND   =     10481.8390  ANGLE   =         0.0000  DIHED      =         0.0000
 1-4 NB =         0.0000  1-4 EEL =        -0.0000  VDWAALS    =     25476.0778
 EELEC  =   -134286.5017  EHBOND  =         0.0000  RESTRAINT  =         0.0000
 DV/DL  =        34.5312
 ------------------------------------------------------------------------------

 NMR restraints: Bond =    0.000   Angle =     0.000   Torsion =     0.000
===============================================================================

| TI region  1


 NSTEP =    35000   TIME(PS) =      35.000  TEMP(K) =    54.84  PRESS =     0.0
 Etot   =    -94584.5981  EKtot   =      3407.6060  EPtot      =    -97992.2041
 BOND   =     10622.6344  ANGLE   =        -0.0000  DIHED      =         0.0000
 1-4 NB =         0.0000  1-4 EEL =        -0.0000  VDWAALS    =     25413.3964
 EELEC  =   -134028.2349  EHBOND  =         0.0000  RESTRAINT  =         0.0000
 DV/DL  =        31.9605
 ------------------------------------------------------------------------------

  Softcore part of the system:       7 atoms,       TEMP(K)    =          49.85
 SC_Etot=        20.1780  SC_EKtot=         1.0402  SC_EPtot   =        19.1377
 SC_BOND=         0.1581  SC_ANGLE=         2.9578  SC_DIHED   =         5.2205
 SC_14NB=         0.3273  SC_14EEL=        10.4741  SC_VDW     =         0.0000
 SC_EEL =         0.0000
 SC_RES_DIST=     0.0000  SC_RES_ANG=       0.0000  SC_RES_TORS=         0.0000
 SC_EEL_DER=      0.4348  SC_VDW_DER=      -0.0459  SC_DERIV   =         0.3889
 ------------------------------------------------------------------------------


| TI region  2


 NSTEP =    35000   TIME(PS) =      35.000  TEMP(K) =    54.84  PRESS =     0.0
 Etot   =    -94585.6384  EKtot   =      3406.5657  EPtot      =    -97992.2041
 BOND   =     10622.6344  ANGLE   =        -0.0000  DIHED      =         0.0000
 1-4 NB =         0.0000  1-4 EEL =        -0.0000  VDWAALS    =     25413.3964
 EELEC  =   -134028.2349  EHBOND  =         0.0000  RESTRAINT  =         0.0000
 DV/DL  =        31.9605
 ------------------------------------------------------------------------------

 NMR restraints: Bond =    0.000   Angle =     0.000   Torsion =     0.000
===============================================================================

| TI region  1


 NSTEP =    40000   TIME(PS) =      40.000  TEMP(K) =    62.57  PRESS =     0.0
 Etot   =    -93683.8473  EKtot   =      3887.7451  EPtot      =    -97571.5925
 BOND   =     10812.2477  ANGLE   =        -0.0000  DIHED      =        -0.0000
 1-4 NB =         0.0000  1-4 EEL =        -0.0000  VDWAALS    =     25559.1278
 EELEC  =   -133942.9679  EHBOND  =         0.0000  RESTRAINT  =         0.0000
 DV/DL  =        37.0807
 ------------------------------------------------------------------------------

  Softcore part of the system:       7 atoms,       TEMP(K)    =          86.02
 SC_Etot=        21.0800  SC_EKtot=         1.7948  SC_EPtot   =        19.2852
 SC_BOND=         0.2590  SC_ANGLE=         3.0760  SC_DIHED   =         5.2139
 SC_14NB=         0.2948  SC_14EEL=        10.4414  SC_VDW     =         0.0000
 SC_EEL =         0.0000
 SC_RES_DIST=     0.0000  SC_RES_ANG=       0.0000  SC_RES_TORS=         0.0000
 SC_EEL_DER=      0.6512  SC_VDW_DER=      -0.6108  SC_DERIV   =         0.0404
 ------------------------------------------------------------------------------


| TI region  2


 NSTEP =    40000   TIME(PS) =      40.000  TEMP(K) =    62.56  PRESS =     0.0
 Etot   =    -93685.6422  EKtot   =      3885.9503  EPtot      =    -97571.5925
 BOND   =     10812.2477  ANGLE   =        -0.0000  DIHED      =        -0.0000
 1-4 NB =         0.0000  1-4 EEL =        -0.0000  VDWAALS    =     25559.1278
 EELEC  =   -133942.9679  EHBOND  =         0.0000  RESTRAINT  =         0.0000
 DV/DL  =        37.0807
 ------------------------------------------------------------------------------

 NMR restraints: Bond =    0.000   Angle =     0.000   Torsion =     0.000
===============================================================================

| TI region  1


 NSTEP =    45000   TIME(PS) =      45.000  TEMP(K) =    70.36  PRESS =     0.0
 Etot   =    -92814.3243  EKtot   =      4371.5425  EPtot      =    -97185.8668
 BOND   =     11092.5695  ANGLE   =        -0.0000  DIHED      =         0.0000
 1-4 NB =         0.0000  1-4 EEL =        -0.0000  VDWAALS    =     25488.0722
 EELEC  =   -133766.5085  EHBOND  =         0.0000  RESTRAINT  =         0.0000
 DV/DL  =        38.3026
 ------------------------------------------------------------------------------

  Softcore part of the system:       7 atoms,       TEMP(K)    =          68.39
 SC_Etot=        21.4270  SC_EKtot=         1.4270  SC_EPtot   =        20.0000
 SC_BOND=         0.7724  SC_ANGLE=         3.5414  SC_DIHED   =         5.2439
 SC_14NB=         0.1691  SC_14EEL=        10.2732  SC_VDW     =         0.0000
 SC_EEL =         0.0000
 SC_RES_DIST=     0.0000  SC_RES_ANG=       0.0000  SC_RES_TORS=         0.0000
 SC_EEL_DER=      0.6669  SC_VDW_DER=      -0.1191  SC_DERIV   =         0.5478
 ------------------------------------------------------------------------------


| TI region  2


 NSTEP =    45000   TIME(PS) =      45.000  TEMP(K) =    70.36  PRESS =     0.0
 Etot   =    -92815.7513  EKtot   =      4370.1155  EPtot      =    -97185.8668
 BOND   =     11092.5695  ANGLE   =        -0.0000  DIHED      =         0.0000
 1-4 NB =         0.0000  1-4 EEL =        -0.0000  VDWAALS    =     25488.0722
 EELEC  =   -133766.5085  EHBOND  =         0.0000  RESTRAINT  =         0.0000
 DV/DL  =        38.3026
 ------------------------------------------------------------------------------

 NMR restraints: Bond =    0.000   Angle =     0.000   Torsion =     0.000
===============================================================================

| TI region  1


 NSTEP =    50000   TIME(PS) =      50.000  TEMP(K) =    78.40  PRESS =     0.0
 Etot   =    -92012.8139  EKtot   =      4871.4224  EPtot      =    -96884.2362
 BOND   =     11275.5167  ANGLE   =         0.0000  DIHED      =        -0.0000
 1-4 NB =         0.0000  1-4 EEL =         0.0000  VDWAALS    =     25419.5693
 EELEC  =   -133579.3222  EHBOND  =         0.0000  RESTRAINT  =         0.0000
 DV/DL  =        28.6067
 ------------------------------------------------------------------------------

  Softcore part of the system:       7 atoms,       TEMP(K)    =         110.58
 SC_Etot=        22.7410  SC_EKtot=         2.3073  SC_EPtot   =        20.4337
 SC_BOND=         0.8029  SC_ANGLE=         3.3762  SC_DIHED   =         5.2640
 SC_14NB=         0.3936  SC_14EEL=        10.5970  SC_VDW     =         0.0000
 SC_EEL =         0.0000
 SC_RES_DIST=     0.0000  SC_RES_ANG=       0.0000  SC_RES_TORS=         0.0000
 SC_EEL_DER=      0.3220  SC_VDW_DER=      -0.3956  SC_DERIV   =        -0.0736
 ------------------------------------------------------------------------------


| TI region  2


 NSTEP =    50000   TIME(PS) =      50.000  TEMP(K) =    78.39  PRESS =     0.0
 Etot   =    -92015.1212  EKtot   =      4869.1150  EPtot      =    -96884.2362
 BOND   =     11275.5167  ANGLE   =         0.0000  DIHED      =        -0.0000
 1-4 NB =         0.0000  1-4 EEL =         0.0000  VDWAALS    =     25419.5693
 EELEC  =   -133579.3222  EHBOND  =         0.0000  RESTRAINT  =         0.0000
 DV/DL  =        28.6067
 ------------------------------------------------------------------------------

 NMR restraints: Bond =    0.000   Angle =     0.000   Torsion =     0.000
===============================================================================

| TI region  1


 NSTEP =    55000   TIME(PS) =      55.000  TEMP(K) =    86.35  PRESS =     0.0
 Etot   =    -91137.3560  EKtot   =      5365.2085  EPtot      =    -96502.5645
 BOND   =     11448.2799  ANGLE   =         0.0000  DIHED      =        -0.0000
 1-4 NB =         0.0000  1-4 EEL =         0.0000  VDWAALS    =     25535.1758
 EELEC  =   -133486.0202  EHBOND  =         0.0000  RESTRAINT  =         0.0000
 DV/DL  =        32.3864
 ------------------------------------------------------------------------------

  Softcore part of the system:       7 atoms,       TEMP(K)    =          63.39
 SC_Etot=        21.0875  SC_EKtot=         1.3226  SC_EPtot   =        19.7649
 SC_BOND=         0.5582  SC_ANGLE=         3.3645  SC_DIHED   =         5.2372
 SC_14NB=         0.2155  SC_14EEL=        10.3895  SC_VDW     =         0.0000
 SC_EEL =         0.0000
 SC_RES_DIST=     0.0000  SC_RES_ANG=       0.0000  SC_RES_TORS=         0.0000
 SC_EEL_DER=      0.4208  SC_VDW_DER=      -0.8863  SC_DERIV   =        -0.4655
 ------------------------------------------------------------------------------


| TI region  2


 NSTEP =    55000   TIME(PS) =      55.000  TEMP(K) =    86.36  PRESS =     0.0
 Etot   =    -91138.6786  EKtot   =      5363.8859  EPtot      =    -96502.5645
 BOND   =     11448.2799  ANGLE   =         0.0000  DIHED      =        -0.0000
 1-4 NB =         0.0000  1-4 EEL =         0.0000  VDWAALS    =     25535.1758
 EELEC  =   -133486.0202  EHBOND  =         0.0000  RESTRAINT  =         0.0000
 DV/DL  =        32.3864
 ------------------------------------------------------------------------------

 NMR restraints: Bond =    0.000   Angle =     0.000   Torsion =     0.000
===============================================================================

| TI region  1


 NSTEP =    60000   TIME(PS) =      60.000  TEMP(K) =    93.31  PRESS =     0.0
 Etot   =    -90286.6929  EKtot   =      5797.9893  EPtot      =    -96084.6822
 BOND   =     11558.0942  ANGLE   =        -0.0000  DIHED      =         0.0000
 1-4 NB =         0.0000  1-4 EEL =        -0.0000  VDWAALS    =     25413.4804
 EELEC  =   -133056.2568  EHBOND  =         0.0000  RESTRAINT  =         0.0000
 DV/DL  =        35.4335
 ------------------------------------------------------------------------------

  Softcore part of the system:       7 atoms,       TEMP(K)    =          87.67
 SC_Etot=        21.5838  SC_EKtot=         1.8293  SC_EPtot   =        19.7545
 SC_BOND=         0.6719  SC_ANGLE=         3.1345  SC_DIHED   =         5.2186
 SC_14NB=         0.3109  SC_14EEL=        10.4186  SC_VDW     =         0.0000
 SC_EEL =         0.0000
 SC_RES_DIST=     0.0000  SC_RES_ANG=       0.0000  SC_RES_TORS=         0.0000
 SC_EEL_DER=      0.5776  SC_VDW_DER=      -0.4760  SC_DERIV   =         0.1016
 ------------------------------------------------------------------------------


| TI region  2


 NSTEP =    60000   TIME(PS) =      60.000  TEMP(K) =    93.32  PRESS =     0.0
 Etot   =    -90288.5222  EKtot   =      5796.1599  EPtot      =    -96084.6822
 BOND   =     11558.0942  ANGLE   =        -0.0000  DIHED      =         0.0000
 1-4 NB =         0.0000  1-4 EEL =        -0.0000  VDWAALS    =     25413.4804
 EELEC  =   -133056.2568  EHBOND  =         0.0000  RESTRAINT  =         0.0000
 DV/DL  =        35.4335
 ------------------------------------------------------------------------------

 NMR restraints: Bond =    0.000   Angle =     0.000   Torsion =     0.000
===============================================================================

| TI region  1


 NSTEP =    65000   TIME(PS) =      65.000  TEMP(K) =   103.31  PRESS =     0.0
 Etot   =    -89229.9272  EKtot   =      6419.2290  EPtot      =    -95649.1562
 BOND   =     11701.9765  ANGLE   =        -0.0000  DIHED      =        -0.0000
 1-4 NB =         0.0000  1-4 EEL =         0.0000  VDWAALS    =     25518.9739
 EELEC  =   -132870.1066  EHBOND  =         0.0000  RESTRAINT  =         0.0000
 DV/DL  =        24.3049
 ------------------------------------------------------------------------------

  Softcore part of the system:       7 atoms,       TEMP(K)    =         130.31
 SC_Etot=        22.0365  SC_EKtot=         2.7191  SC_EPtot   =        19.3174
 SC_BOND=         0.1160  SC_ANGLE=         3.2764  SC_DIHED   =         5.2343
 SC_14NB=         0.2925  SC_14EEL=        10.3982  SC_VDW     =         0.0000
 SC_EEL =         0.0000
 SC_RES_DIST=     0.0000  SC_RES_ANG=       0.0000  SC_RES_TORS=         0.0000
 SC_EEL_DER=      0.5127  SC_VDW_DER=      -0.4060  SC_DERIV   =         0.1067
 ------------------------------------------------------------------------------


| TI region  2


 NSTEP =    65000   TIME(PS) =      65.000  TEMP(K) =   103.30  PRESS =     0.0
 Etot   =    -89232.6463  EKtot   =      6416.5099  EPtot      =    -95649.1562
 BOND   =     11701.9765  ANGLE   =        -0.0000  DIHED      =        -0.0000
 1-4 NB =         0.0000  1-4 EEL =         0.0000  VDWAALS    =     25518.9739
 EELEC  =   -132870.1066  EHBOND  =         0.0000  RESTRAINT  =         0.0000
 DV/DL  =        24.3049
 ------------------------------------------------------------------------------

 NMR restraints: Bond =    0.000   Angle =     0.000   Torsion =     0.000
===============================================================================

| TI region  1


 NSTEP =    70000   TIME(PS) =      70.000  TEMP(K) =   110.87  PRESS =     0.0
 Etot   =    -88345.2526  EKtot   =      6888.6143  EPtot      =    -95233.8669
 BOND   =     11717.7613  ANGLE   =         0.0000  DIHED      =        -0.0000
 1-4 NB =         0.0000  1-4 EEL =        -0.0000  VDWAALS    =     25220.3238
 EELEC  =   -132171.9520  EHBOND  =         0.0000  RESTRAINT  =         0.0000
 DV/DL  =        22.8228
 ------------------------------------------------------------------------------

  Softcore part of the system:       7 atoms,       TEMP(K)    =          98.74
 SC_Etot=        22.8054  SC_EKtot=         2.0602  SC_EPtot   =        20.7452
 SC_BOND=         1.3152  SC_ANGLE=         3.6126  SC_DIHED   =         5.2165
 SC_14NB=         0.2584  SC_14EEL=        10.3425  SC_VDW     =         0.0000
 SC_EEL =         0.0000
 SC_RES_DIST=     0.0000  SC_RES_ANG=       0.0000  SC_RES_TORS=         0.0000
 SC_EEL_DER=      0.4380  SC_VDW_DER=      -2.6920  SC_DERIV   =        -2.2540
 ------------------------------------------------------------------------------


| TI region  2


 NSTEP =    70000   TIME(PS) =      70.000  TEMP(K) =   110.87  PRESS =     0.0
 Etot   =    -88347.3128  EKtot   =      6886.5541  EPtot      =    -95233.8669
 BOND   =     11717.7613  ANGLE   =         0.0000  DIHED      =        -0.0000
 1-4 NB =         0.0000  1-4 EEL =        -0.0000  VDWAALS    =     25220.3238
 EELEC  =   -132171.9520  EHBOND  =         0.0000  RESTRAINT  =         0.0000
 DV/DL  =        22.8228
 ------------------------------------------------------------------------------

 NMR restraints: Bond =    0.000   Angle =     0.000   Torsion =     0.000
===============================================================================

| TI region  1


 NSTEP =    75000   TIME(PS) =      75.000  TEMP(K) =   115.48  PRESS =     0.0
 Etot   =    -87742.6709  EKtot   =      7175.2119  EPtot      =    -94917.8828
 BOND   =     11938.2956  ANGLE   =        -0.0000  DIHED      =        -0.0000
 1-4 NB =         0.0000  1-4 EEL =         0.0000  VDWAALS    =     25269.4515
 EELEC  =   -132125.6299  EHBOND  =         0.0000  RESTRAINT  =         0.0000
 DV/DL  =        29.7056
 ------------------------------------------------------------------------------

  Softcore part of the system:       7 atoms,       TEMP(K)    =          88.41
 SC_Etot=        22.2397  SC_EKtot=         1.8446  SC_EPtot   =        20.3951
 SC_BOND=         0.7708  SC_ANGLE=         3.7869  SC_DIHED   =         5.2232
 SC_14NB=         0.2214  SC_14EEL=        10.3927  SC_VDW     =         0.0000
 SC_EEL =         0.0000
 SC_RES_DIST=     0.0000  SC_RES_ANG=       0.0000  SC_RES_TORS=         0.0000
 SC_EEL_DER=      0.5535  SC_VDW_DER=      -0.0880  SC_DERIV   =         0.4655
 ------------------------------------------------------------------------------


| TI region  2


 NSTEP =    75000   TIME(PS) =      75.000  TEMP(K) =   115.49  PRESS =     0.0
 Etot   =    -87744.5155  EKtot   =      7173.3673  EPtot      =    -94917.8828
 BOND   =     11938.2956  ANGLE   =        -0.0000  DIHED      =        -0.0000
 1-4 NB =         0.0000  1-4 EEL =         0.0000  VDWAALS    =     25269.4515
 EELEC  =   -132125.6299  EHBOND  =         0.0000  RESTRAINT  =         0.0000
 DV/DL  =        29.7056
 ------------------------------------------------------------------------------

 NMR restraints: Bond =    0.000   Angle =     0.000   Torsion =     0.000
===============================================================================

| TI region  1


 NSTEP =    80000   TIME(PS) =      80.000  TEMP(K) =   125.09  PRESS =     0.0
 Etot   =    -86698.3908  EKtot   =      7772.6411  EPtot      =    -94471.0319
 BOND   =     12184.2359  ANGLE   =         0.0000  DIHED      =        -0.0000
 1-4 NB =         0.0000  1-4 EEL =        -0.0000  VDWAALS    =     25191.0438
 EELEC  =   -131846.3115  EHBOND  =         0.0000  RESTRAINT  =         0.0000
 DV/DL  =        20.6369
 ------------------------------------------------------------------------------

  Softcore part of the system:       7 atoms,       TEMP(K)    =         111.36
 SC_Etot=        22.1741  SC_EKtot=         2.3236  SC_EPtot   =        19.8505
 SC_BOND=         0.5444  SC_ANGLE=         3.5138  SC_DIHED   =         5.2132
 SC_14NB=         0.2297  SC_14EEL=        10.3494  SC_VDW     =         0.0000
 SC_EEL =         0.0000
 SC_RES_DIST=     0.0000  SC_RES_ANG=       0.0000  SC_RES_TORS=         0.0000
 SC_EEL_DER=      0.0874  SC_VDW_DER=      -0.3062  SC_DERIV   =        -0.2188
 ------------------------------------------------------------------------------


| TI region  2


 NSTEP =    80000   TIME(PS) =      80.000  TEMP(K) =   125.10  PRESS =     0.0
 Etot   =    -86700.7143  EKtot   =      7770.3176  EPtot      =    -94471.0319
 BOND   =     12184.2359  ANGLE   =         0.0000  DIHED      =        -0.0000
 1-4 NB =         0.0000  1-4 EEL =        -0.0000  VDWAALS    =     25191.0438
 EELEC  =   -131846.3115  EHBOND  =         0.0000  RESTRAINT  =         0.0000
 DV/DL  =        20.6369
 ------------------------------------------------------------------------------

 NMR restraints: Bond =    0.000   Angle =     0.000   Torsion =     0.000
===============================================================================

| TI region  1


 NSTEP =    85000   TIME(PS) =      85.000  TEMP(K) =   133.63  PRESS =     0.0
 Etot   =    -85716.3272  EKtot   =      8303.2959  EPtot      =    -94019.6231
 BOND   =     12288.3490  ANGLE   =        -0.0000  DIHED      =        -0.0000
 1-4 NB =         0.0000  1-4 EEL =        -0.0000  VDWAALS    =     24957.0895
 EELEC  =   -131265.0616  EHBOND  =         0.0000  RESTRAINT  =         0.0000
 DV/DL  =        24.4832
 ------------------------------------------------------------------------------

  Softcore part of the system:       7 atoms,       TEMP(K)    =         141.96
 SC_Etot=        22.5037  SC_EKtot=         2.9621  SC_EPtot   =        19.5416
 SC_BOND=         0.3728  SC_ANGLE=         3.1896  SC_DIHED   =         5.2229
 SC_14NB=         0.3190  SC_14EEL=        10.4372  SC_VDW     =         0.0000
 SC_EEL =         0.0000
 SC_RES_DIST=     0.0000  SC_RES_ANG=       0.0000  SC_RES_TORS=         0.0000
 SC_EEL_DER=      0.2858  SC_VDW_DER=      -1.4989  SC_DERIV   =        -1.2131
 ------------------------------------------------------------------------------


| TI region  2


 NSTEP =    85000   TIME(PS) =      85.000  TEMP(K) =   133.63  PRESS =     0.0
 Etot   =    -85719.2893  EKtot   =      8300.3338  EPtot      =    -94019.6231
 BOND   =     12288.3490  ANGLE   =        -0.0000  DIHED      =        -0.0000
 1-4 NB =         0.0000  1-4 EEL =        -0.0000  VDWAALS    =     24957.0895
 EELEC  =   -131265.0616  EHBOND  =         0.0000  RESTRAINT  =         0.0000
 DV/DL  =        24.4832
 ------------------------------------------------------------------------------

 NMR restraints: Bond =    0.000   Angle =     0.000   Torsion =     0.000
===============================================================================

| TI region  1


 NSTEP =    90000   TIME(PS) =      90.000  TEMP(K) =   141.22  PRESS =     0.0
 Etot   =    -84770.3064  EKtot   =      8774.3340  EPtot      =    -93544.6404
 BOND   =     12544.0645  ANGLE   =        -0.0000  DIHED      =        -0.0000
 1-4 NB =         0.0000  1-4 EEL =         0.0000  VDWAALS    =     24871.6092
 EELEC  =   -130960.3141  EHBOND  =         0.0000  RESTRAINT  =         0.0000
 DV/DL  =        32.4888
 ------------------------------------------------------------------------------

  Softcore part of the system:       7 atoms,       TEMP(K)    =         142.35
 SC_Etot=        24.2049  SC_EKtot=         2.9703  SC_EPtot   =        21.2346
 SC_BOND=         1.6740  SC_ANGLE=         3.7807  SC_DIHED   =         5.2322
 SC_14NB=         0.1977  SC_14EEL=        10.3499  SC_VDW     =         0.0000
 SC_EEL =         0.0000
 SC_RES_DIST=     0.0000  SC_RES_ANG=       0.0000  SC_RES_TORS=         0.0000
 SC_EEL_DER=      0.2491  SC_VDW_DER=      -0.0427  SC_DERIV   =         0.2064
 ------------------------------------------------------------------------------


| TI region  2


 NSTEP =    90000   TIME(PS) =      90.000  TEMP(K) =   141.21  PRESS =     0.0
 Etot   =    -84773.2767  EKtot   =      8771.3637  EPtot      =    -93544.6404
 BOND   =     12544.0645  ANGLE   =        -0.0000  DIHED      =        -0.0000
 1-4 NB =         0.0000  1-4 EEL =         0.0000  VDWAALS    =     24871.6092
 EELEC  =   -130960.3141  EHBOND  =         0.0000  RESTRAINT  =         0.0000
 DV/DL  =        32.4888
 ------------------------------------------------------------------------------

 NMR restraints: Bond =    0.000   Angle =     0.000   Torsion =     0.000
===============================================================================

| TI region  1


 NSTEP =    95000   TIME(PS) =      95.000  TEMP(K) =   148.72  PRESS =     0.0
 Etot   =    -83774.4503  EKtot   =      9240.4102  EPtot      =    -93014.8605
 BOND   =     12674.8607  ANGLE   =         0.0000  DIHED      =        -0.0000
 1-4 NB =         0.0000  1-4 EEL =         0.0000  VDWAALS    =     25042.3834
 EELEC  =   -130732.1046  EHBOND  =         0.0000  RESTRAINT  =         0.0000
 DV/DL  =        20.3288
 ------------------------------------------------------------------------------

  Softcore part of the system:       7 atoms,       TEMP(K)    =         143.52
 SC_Etot=        25.4757  SC_EKtot=         2.9946  SC_EPtot   =        22.4811
 SC_BOND=         1.4692  SC_ANGLE=         4.3305  SC_DIHED   =         5.2408
 SC_14NB=         0.7387  SC_14EEL=        10.7019  SC_VDW     =         0.0000
 SC_EEL =         0.0000
 SC_RES_DIST=     0.0000  SC_RES_ANG=       0.0000  SC_RES_TORS=         0.0000
 SC_EEL_DER=      0.2965  SC_VDW_DER=      -0.4692  SC_DERIV   =        -0.1727
 ------------------------------------------------------------------------------


| TI region  2


 NSTEP =    95000   TIME(PS) =      95.000  TEMP(K) =   148.72  PRESS =     0.0
 Etot   =    -83777.4449  EKtot   =      9237.4155  EPtot      =    -93014.8605
 BOND   =     12674.8607  ANGLE   =         0.0000  DIHED      =        -0.0000
 1-4 NB =         0.0000  1-4 EEL =         0.0000  VDWAALS    =     25042.3834
 EELEC  =   -130732.1046  EHBOND  =         0.0000  RESTRAINT  =         0.0000
 DV/DL  =        20.3288
 ------------------------------------------------------------------------------

 NMR restraints: Bond =    0.000   Angle =     0.000   Torsion =     0.000
===============================================================================

| TI region  1


 NSTEP =   100000   TIME(PS) =     100.000  TEMP(K) =   157.03  PRESS =     0.0
 Etot   =    -82812.9571  EKtot   =      9756.9180  EPtot      =    -92569.8751
 BOND   =     12798.4262  ANGLE   =         0.0000  DIHED      =        -0.0000
 1-4 NB =         0.0000  1-4 EEL =        -0.0000  VDWAALS    =     24803.3603
 EELEC  =   -130171.6617  EHBOND  =         0.0000  RESTRAINT  =         0.0000
 DV/DL  =        17.0387
 ------------------------------------------------------------------------------

  Softcore part of the system:       7 atoms,       TEMP(K)    =         130.81
 SC_Etot=        25.1189  SC_EKtot=         2.7295  SC_EPtot   =        22.3894
 SC_BOND=         1.0119  SC_ANGLE=         5.3350  SC_DIHED   =         5.2702
 SC_14NB=         0.3937  SC_14EEL=        10.3787  SC_VDW     =         0.0000
 SC_EEL =         0.0000
 SC_RES_DIST=     0.0000  SC_RES_ANG=       0.0000  SC_RES_TORS=         0.0000
 SC_EEL_DER=      0.1573  SC_VDW_DER=      -0.2220  SC_DERIV   =        -0.0647
 ------------------------------------------------------------------------------


| TI region  2


 NSTEP =   100000   TIME(PS) =     100.000  TEMP(K) =   157.04  PRESS =     0.0
 Etot   =    -82815.6866  EKtot   =      9754.1885  EPtot      =    -92569.8751
 BOND   =     12798.4262  ANGLE   =         0.0000  DIHED      =        -0.0000
 1-4 NB =         0.0000  1-4 EEL =        -0.0000  VDWAALS    =     24803.3603
 EELEC  =   -130171.6617  EHBOND  =         0.0000  RESTRAINT  =         0.0000
 DV/DL  =        17.0387
 ------------------------------------------------------------------------------

 NMR restraints: Bond =    0.000   Angle =     0.000   Torsion =     0.000
===============================================================================

| TI region  1


 NSTEP =   105000   TIME(PS) =     105.000  TEMP(K) =   165.83  PRESS =     0.0
 Etot   =    -81814.6489  EKtot   =     10304.0488  EPtot      =    -92118.6977
 BOND   =     13083.4555  ANGLE   =        -0.0000  DIHED      =         0.0000
 1-4 NB =         0.0000  1-4 EEL =        -0.0000  VDWAALS    =     24529.3449
 EELEC  =   -129731.4981  EHBOND  =         0.0000  RESTRAINT  =         0.0000
 DV/DL  =        21.4700
 ------------------------------------------------------------------------------

  Softcore part of the system:       7 atoms,       TEMP(K)    =         193.46
 SC_Etot=        25.5348  SC_EKtot=         4.0366  SC_EPtot   =        21.4982
 SC_BOND=         1.3223  SC_ANGLE=         4.1077  SC_DIHED   =         5.3753
 SC_14NB=         0.2738  SC_14EEL=        10.4192  SC_VDW     =         0.0000
 SC_EEL =         0.0000
 SC_RES_DIST=     0.0000  SC_RES_ANG=       0.0000  SC_RES_TORS=         0.0000
 SC_EEL_DER=      0.2608  SC_VDW_DER=      -0.0543  SC_DERIV   =         0.2065
 ------------------------------------------------------------------------------


| TI region  2


 NSTEP =   105000   TIME(PS) =     105.000  TEMP(K) =   165.83  PRESS =     0.0
 Etot   =    -81818.6854  EKtot   =     10300.0123  EPtot      =    -92118.6977
 BOND   =     13083.4555  ANGLE   =        -0.0000  DIHED      =         0.0000
 1-4 NB =         0.0000  1-4 EEL =        -0.0000  VDWAALS    =     24529.3449
 EELEC  =   -129731.4981  EHBOND  =         0.0000  RESTRAINT  =         0.0000
 DV/DL  =        21.4700
 ------------------------------------------------------------------------------

 NMR restraints: Bond =    0.000   Angle =     0.000   Torsion =     0.000
===============================================================================

| TI region  1


 NSTEP =   110000   TIME(PS) =     110.000  TEMP(K) =   171.86  PRESS =     0.0
 Etot   =    -80980.5136  EKtot   =     10678.4502  EPtot      =    -91658.9638
 BOND   =     13202.7105  ANGLE   =        -0.0000  DIHED      =        -0.0000
 1-4 NB =         0.0000  1-4 EEL =        -0.0000  VDWAALS    =     24575.7339
 EELEC  =   -129437.4082  EHBOND  =         0.0000  RESTRAINT  =         0.0000
 DV/DL  =        16.4867
 ------------------------------------------------------------------------------

  Softcore part of the system:       7 atoms,       TEMP(K)    =         166.50
 SC_Etot=        24.6370  SC_EKtot=         3.4741  SC_EPtot   =        21.1629
 SC_BOND=         0.6180  SC_ANGLE=         4.4463  SC_DIHED   =         5.2796
 SC_14NB=         0.4470  SC_14EEL=        10.3720  SC_VDW     =         0.0000
 SC_EEL =         0.0000
 SC_RES_DIST=     0.0000  SC_RES_ANG=       0.0000  SC_RES_TORS=         0.0000
 SC_EEL_DER=      0.0956  SC_VDW_DER=       0.0047  SC_DERIV   =         0.1003
 ------------------------------------------------------------------------------


| TI region  2


 NSTEP =   110000   TIME(PS) =     110.000  TEMP(K) =   171.86  PRESS =     0.0
 Etot   =    -80983.9876  EKtot   =     10674.9761  EPtot      =    -91658.9638
 BOND   =     13202.7105  ANGLE   =        -0.0000  DIHED      =        -0.0000
 1-4 NB =         0.0000  1-4 EEL =        -0.0000  VDWAALS    =     24575.7339
 EELEC  =   -129437.4082  EHBOND  =         0.0000  RESTRAINT  =         0.0000
 DV/DL  =        16.4867
 ------------------------------------------------------------------------------

 NMR restraints: Bond =    0.000   Angle =     0.000   Torsion =     0.000
===============================================================================

| TI region  1


 NSTEP =   115000   TIME(PS) =     115.000  TEMP(K) =   181.69  PRESS =     0.0
 Etot   =    -79963.3842  EKtot   =     11289.0820  EPtot      =    -91252.4662
 BOND   =     13360.7110  ANGLE   =         0.0000  DIHED      =        -0.0000
 1-4 NB =         0.0000  1-4 EEL =        -0.0000  VDWAALS    =     24292.6830
 EELEC  =   -128905.8603  EHBOND  =         0.0000  RESTRAINT  =         0.0000
 DV/DL  =        32.7544
 ------------------------------------------------------------------------------

  Softcore part of the system:       7 atoms,       TEMP(K)    =         281.56
 SC_Etot=        27.8333  SC_EKtot=         5.8749  SC_EPtot   =        21.9584
 SC_BOND=         2.0247  SC_ANGLE=         4.3306  SC_DIHED   =         5.2085
 SC_14NB=         0.1386  SC_14EEL=        10.2560  SC_VDW     =         0.0000
 SC_EEL =         0.0000
 SC_RES_DIST=     0.0000  SC_RES_ANG=       0.0000  SC_RES_TORS=         0.0000
 SC_EEL_DER=      0.5376  SC_VDW_DER=      -1.1368  SC_DERIV   =        -0.5992
 ------------------------------------------------------------------------------


| TI region  2


 NSTEP =   115000   TIME(PS) =     115.000  TEMP(K) =   181.65  PRESS =     0.0
 Etot   =    -79969.2591  EKtot   =     11283.2072  EPtot      =    -91252.4662
 BOND   =     13360.7110  ANGLE   =         0.0000  DIHED      =        -0.0000
 1-4 NB =         0.0000  1-4 EEL =        -0.0000  VDWAALS    =     24292.6830
 EELEC  =   -128905.8603  EHBOND  =         0.0000  RESTRAINT  =         0.0000
 DV/DL  =        32.7544
 ------------------------------------------------------------------------------

 NMR restraints: Bond =    0.000   Angle =     0.000   Torsion =     0.000
===============================================================================

| TI region  1


 NSTEP =   120000   TIME(PS) =     120.000  TEMP(K) =   189.10  PRESS =     0.0
 Etot   =    -78982.2640  EKtot   =     11749.5996  EPtot      =    -90731.8636
 BOND   =     13486.9176  ANGLE   =         0.0000  DIHED      =        -0.0000
 1-4 NB =         0.0000  1-4 EEL =        -0.0000  VDWAALS    =     24406.1496
 EELEC  =   -128624.9307  EHBOND  =         0.0000  RESTRAINT  =         0.0000
 DV/DL  =        32.7544
 ------------------------------------------------------------------------------

  Softcore part of the system:       7 atoms,       TEMP(K)    =         154.06
 SC_Etot=        23.6633  SC_EKtot=         3.2145  SC_EPtot   =        20.4488
 SC_BOND=         0.4912  SC_ANGLE=         3.7809  SC_DIHED   =         5.2267
 SC_14NB=         0.3942  SC_14EEL=        10.5557  SC_VDW     =         0.0000
 SC_EEL =         0.0000
 SC_RES_DIST=     0.0000  SC_RES_ANG=       0.0000  SC_RES_TORS=         0.0000
 SC_EEL_DER=      0.5621  SC_VDW_DER=      -0.7788  SC_DERIV   =        -0.2168
 ------------------------------------------------------------------------------


| TI region  2


 NSTEP =   120000   TIME(PS) =     120.000  TEMP(K) =   189.11  PRESS =     0.0
 Etot   =    -78985.4785  EKtot   =     11746.3851  EPtot      =    -90731.8636
 BOND   =     13486.9176  ANGLE   =         0.0000  DIHED      =        -0.0000
 1-4 NB =         0.0000  1-4 EEL =        -0.0000  VDWAALS    =     24406.1496
 EELEC  =   -128624.9307  EHBOND  =         0.0000  RESTRAINT  =         0.0000
 DV/DL  =        32.7544
 ------------------------------------------------------------------------------

 NMR restraints: Bond =    0.000   Angle =     0.000   Torsion =     0.000
===============================================================================

| TI region  1


 NSTEP =   125000   TIME(PS) =     125.000  TEMP(K) =   196.69  PRESS =     0.0
 Etot   =    -78039.3263  EKtot   =     12221.0732  EPtot      =    -90260.3996
 BOND   =     13775.7312  ANGLE   =         0.0000  DIHED      =        -0.0000
 1-4 NB =         0.0000  1-4 EEL =        -0.0000  VDWAALS    =     24551.0790
 EELEC  =   -128587.2098  EHBOND  =         0.0000  RESTRAINT  =         0.0000
 DV/DL  =        29.2604
 ------------------------------------------------------------------------------

  Softcore part of the system:       7 atoms,       TEMP(K)    =         172.85
 SC_Etot=        23.9431  SC_EKtot=         3.6066  SC_EPtot   =        20.3365
 SC_BOND=         0.8464  SC_ANGLE=         3.3291  SC_DIHED   =         5.2500
 SC_14NB=         0.3916  SC_14EEL=        10.5194  SC_VDW     =         0.0000
 SC_EEL =         0.0000
 SC_RES_DIST=     0.0000  SC_RES_ANG=       0.0000  SC_RES_TORS=         0.0000
 SC_EEL_DER=      0.3750  SC_VDW_DER=      -0.0886  SC_DERIV   =         0.2864
 ------------------------------------------------------------------------------


| TI region  2


 NSTEP =   125000   TIME(PS) =     125.000  TEMP(K) =   196.70  PRESS =     0.0
 Etot   =    -78042.9329  EKtot   =     12217.4666  EPtot      =    -90260.3996
 BOND   =     13775.7312  ANGLE   =         0.0000  DIHED      =        -0.0000
 1-4 NB =         0.0000  1-4 EEL =        -0.0000  VDWAALS    =     24551.0790
 EELEC  =   -128587.2098  EHBOND  =         0.0000  RESTRAINT  =         0.0000
 DV/DL  =        29.2604
 ------------------------------------------------------------------------------

 NMR restraints: Bond =    0.000   Angle =     0.000   Torsion =     0.000
===============================================================================

| TI region  1


 NSTEP =   130000   TIME(PS) =     130.000  TEMP(K) =   205.11  PRESS =     0.0
 Etot   =    -76927.1671  EKtot   =     12744.4395  EPtot      =    -89671.6065
 BOND   =     13643.2362  ANGLE   =        -0.0000  DIHED      =        -0.0000
 1-4 NB =         0.0000  1-4 EEL =        -0.0000  VDWAALS    =     24123.9122
 EELEC  =   -127438.7549  EHBOND  =         0.0000  RESTRAINT  =         0.0000
 DV/DL  =        21.2967
 ------------------------------------------------------------------------------

  Softcore part of the system:       7 atoms,       TEMP(K)    =         289.24
 SC_Etot=        32.4992  SC_EKtot=         6.0351  SC_EPtot   =        26.4641
 SC_BOND=         3.0959  SC_ANGLE=         7.8926  SC_DIHED   =         5.2200
 SC_14NB=         0.1221  SC_14EEL=        10.1335  SC_VDW     =         0.0000
 SC_EEL =         0.0000
 SC_RES_DIST=     0.0000  SC_RES_ANG=       0.0000  SC_RES_TORS=         0.0000
 SC_EEL_DER=      0.1515  SC_VDW_DER=      -0.0104  SC_DERIV   =         0.1410
 ------------------------------------------------------------------------------


| TI region  2


 NSTEP =   130000   TIME(PS) =     130.000  TEMP(K) =   205.08  PRESS =     0.0
 Etot   =    -76933.2022  EKtot   =     12738.4043  EPtot      =    -89671.6065
 BOND   =     13643.2362  ANGLE   =        -0.0000  DIHED      =        -0.0000
 1-4 NB =         0.0000  1-4 EEL =        -0.0000  VDWAALS    =     24123.9122
 EELEC  =   -127438.7549  EHBOND  =         0.0000  RESTRAINT  =         0.0000
 DV/DL  =        21.2967
 ------------------------------------------------------------------------------

 NMR restraints: Bond =    0.000   Angle =     0.000   Torsion =     0.000
===============================================================================

| TI region  1


 NSTEP =   135000   TIME(PS) =     135.000  TEMP(K) =   213.09  PRESS =     0.0
 Etot   =    -76066.1050  EKtot   =     13240.1543  EPtot      =    -89306.2593
 BOND   =     13825.8966  ANGLE   =         0.0000  DIHED      =        -0.0000
 1-4 NB =         0.0000  1-4 EEL =        -0.0000  VDWAALS    =     23974.7040
 EELEC  =   -127106.8600  EHBOND  =         0.0000  RESTRAINT  =         0.0000
 DV/DL  =        27.5702
 ------------------------------------------------------------------------------

  Softcore part of the system:       7 atoms,       TEMP(K)    =         197.38
 SC_Etot=        25.9188  SC_EKtot=         4.1185  SC_EPtot   =        21.8003
 SC_BOND=         0.7875  SC_ANGLE=         5.0562  SC_DIHED   =         5.3646
 SC_14NB=         0.2741  SC_14EEL=        10.3179  SC_VDW     =         0.0000
 SC_EEL =         0.0000
 SC_RES_DIST=     0.0000  SC_RES_ANG=       0.0000  SC_RES_TORS=         0.0000
 SC_EEL_DER=      0.4037  SC_VDW_DER=      -0.0213  SC_DERIV   =         0.3824
 ------------------------------------------------------------------------------


| TI region  2


 NSTEP =   135000   TIME(PS) =     135.000  TEMP(K) =   213.09  PRESS =     0.0
 Etot   =    -76070.2235  EKtot   =     13236.0358  EPtot      =    -89306.2593
 BOND   =     13825.8966  ANGLE   =         0.0000  DIHED      =        -0.0000
 1-4 NB =         0.0000  1-4 EEL =        -0.0000  VDWAALS    =     23974.7040
 EELEC  =   -127106.8600  EHBOND  =         0.0000  RESTRAINT  =         0.0000
 DV/DL  =        27.5702
 ------------------------------------------------------------------------------

 NMR restraints: Bond =    0.000   Angle =     0.000   Torsion =     0.000
===============================================================================

| TI region  1


 NSTEP =   140000   TIME(PS) =     140.000  TEMP(K) =   221.32  PRESS =     0.0
 Etot   =    -74913.5433  EKtot   =     13751.5107  EPtot      =    -88665.0540
 BOND   =     14015.5805  ANGLE   =         0.0000  DIHED      =         0.0000
 1-4 NB =         0.0000  1-4 EEL =         0.0000  VDWAALS    =     24094.8692
 EELEC  =   -126775.5037  EHBOND  =         0.0000  RESTRAINT  =         0.0000
 DV/DL  =        23.0388
 ------------------------------------------------------------------------------

  Softcore part of the system:       7 atoms,       TEMP(K)    =         155.63
 SC_Etot=        25.2298  SC_EKtot=         3.2473  SC_EPtot   =        21.9825
 SC_BOND=         1.8922  SC_ANGLE=         4.6239  SC_DIHED   =         5.2201
 SC_14NB=         0.1181  SC_14EEL=        10.1282  SC_VDW     =         0.0000
 SC_EEL =         0.0000
 SC_RES_DIST=     0.0000  SC_RES_ANG=       0.0000  SC_RES_TORS=         0.0000
 SC_EEL_DER=      0.1854  SC_VDW_DER=      -0.1593  SC_DERIV   =         0.0260
 ------------------------------------------------------------------------------


| TI region  2


 NSTEP =   140000   TIME(PS) =     140.000  TEMP(K) =   221.34  PRESS =     0.0
 Etot   =    -74916.7906  EKtot   =     13748.2634  EPtot      =    -88665.0540
 BOND   =     14015.5805  ANGLE   =         0.0000  DIHED      =         0.0000
 1-4 NB =         0.0000  1-4 EEL =         0.0000  VDWAALS    =     24094.8692
 EELEC  =   -126775.5037  EHBOND  =         0.0000  RESTRAINT  =         0.0000
 DV/DL  =        23.0388
 ------------------------------------------------------------------------------

 NMR restraints: Bond =    0.000   Angle =     0.000   Torsion =     0.000
===============================================================================

| TI region  1


 NSTEP =   145000   TIME(PS) =     145.000  TEMP(K) =   229.33  PRESS =     0.0
 Etot   =    -73869.0686  EKtot   =     14249.3164  EPtot      =    -88118.3850
 BOND   =     14205.6125  ANGLE   =        -0.0000  DIHED      =         0.0000
 1-4 NB =         0.0000  1-4 EEL =        -0.0000  VDWAALS    =     23721.7178
 EELEC  =   -126045.7153  EHBOND  =         0.0000  RESTRAINT  =         0.0000
 DV/DL  =        33.0336
 ------------------------------------------------------------------------------

  Softcore part of the system:       7 atoms,       TEMP(K)    =         327.91
 SC_Etot=        27.0511  SC_EKtot=         6.8420  SC_EPtot   =        20.2091
 SC_BOND=         0.4679  SC_ANGLE=         4.1627  SC_DIHED   =         5.2107
 SC_14NB=         0.1222  SC_14EEL=        10.2456  SC_VDW     =         0.0000
 SC_EEL =         0.0000
 SC_RES_DIST=     0.0000  SC_RES_ANG=       0.0000  SC_RES_TORS=         0.0000
 SC_EEL_DER=      0.1954  SC_VDW_DER=      -0.7320  SC_DERIV   =        -0.5367
 ------------------------------------------------------------------------------


| TI region  2


 NSTEP =   145000   TIME(PS) =     145.000  TEMP(K) =   229.30  PRESS =     0.0
 Etot   =    -73875.9106  EKtot   =     14242.4744  EPtot      =    -88118.3850
 BOND   =     14205.6125  ANGLE   =        -0.0000  DIHED      =         0.0000
 1-4 NB =         0.0000  1-4 EEL =        -0.0000  VDWAALS    =     23721.7178
 EELEC  =   -126045.7153  EHBOND  =         0.0000  RESTRAINT  =         0.0000
 DV/DL  =        33.0336
 ------------------------------------------------------------------------------

 NMR restraints: Bond =    0.000   Angle =     0.000   Torsion =     0.000
===============================================================================

| TI region  1


 NSTEP =   150000   TIME(PS) =     150.000  TEMP(K) =   236.51  PRESS =     0.0
 Etot   =    -72632.1704  EKtot   =     14695.4141  EPtot      =    -87327.5844
 BOND   =     14272.2744  ANGLE   =         0.0000  DIHED      =        -0.0000
 1-4 NB =         0.0000  1-4 EEL =        -0.0000  VDWAALS    =     23372.7262
 EELEC  =   -124972.5851  EHBOND  =         0.0000  RESTRAINT  =         0.0000
 DV/DL  =        28.9105
 ------------------------------------------------------------------------------

  Softcore part of the system:       7 atoms,       TEMP(K)    =         176.07
 SC_Etot=        26.7094  SC_EKtot=         3.6738  SC_EPtot   =        23.0356
 SC_BOND=         2.6682  SC_ANGLE=         4.2096  SC_DIHED   =         5.2256
 SC_14NB=         0.3750  SC_14EEL=        10.5572  SC_VDW     =         0.0000
 SC_EEL =         0.0000
 SC_RES_DIST=     0.0000  SC_RES_ANG=       0.0000  SC_RES_TORS=         0.0000
 SC_EEL_DER=      0.1920  SC_VDW_DER=      -0.5931  SC_DERIV   =        -0.4011
 ------------------------------------------------------------------------------


| TI region  2


 NSTEP =   150000   TIME(PS) =     150.000  TEMP(K) =   236.53  PRESS =     0.0
 Etot   =    -72635.8442  EKtot   =     14691.7403  EPtot      =    -87327.5844
 BOND   =     14272.2744  ANGLE   =         0.0000  DIHED      =        -0.0000
 1-4 NB =         0.0000  1-4 EEL =        -0.0000  VDWAALS    =     23372.7262
 EELEC  =   -124972.5851  EHBOND  =         0.0000  RESTRAINT  =         0.0000
 DV/DL  =        28.9105
 ------------------------------------------------------------------------------

 NMR restraints: Bond =    0.000   Angle =     0.000   Torsion =     0.000
===============================================================================

| TI region  1


 NSTEP =   155000   TIME(PS) =     155.000  TEMP(K) =   245.15  PRESS =     0.0
 Etot   =    -71509.5290  EKtot   =     15232.3984  EPtot      =    -86741.9275
 BOND   =     14289.9285  ANGLE   =        -0.0000  DIHED      =         0.0000
 1-4 NB =         0.0000  1-4 EEL =         0.0000  VDWAALS    =     22975.6339
 EELEC  =   -124007.4899  EHBOND  =         0.0000  RESTRAINT  =         0.0000
 DV/DL  =        30.9750
 ------------------------------------------------------------------------------

  Softcore part of the system:       7 atoms,       TEMP(K)    =         363.26
 SC_Etot=        30.6606  SC_EKtot=         7.5796  SC_EPtot   =        23.0810
 SC_BOND=         1.9106  SC_ANGLE=         4.3576  SC_DIHED   =         5.4096
 SC_14NB=         0.7704  SC_14EEL=        10.6327  SC_VDW     =         0.0000
 SC_EEL =         0.0000
 SC_RES_DIST=     0.0000  SC_RES_ANG=       0.0000  SC_RES_TORS=         0.0000
 SC_EEL_DER=      0.3484  SC_VDW_DER=      -2.4535  SC_DERIV   =        -2.1051
 ------------------------------------------------------------------------------


| TI region  2


 NSTEP =   155000   TIME(PS) =     155.000  TEMP(K) =   245.11  PRESS =     0.0
 Etot   =    -71517.1086  EKtot   =     15224.8189  EPtot      =    -86741.9275
 BOND   =     14289.9285  ANGLE   =        -0.0000  DIHED      =         0.0000
 1-4 NB =         0.0000  1-4 EEL =         0.0000  VDWAALS    =     22975.6339
 EELEC  =   -124007.4899  EHBOND  =         0.0000  RESTRAINT  =         0.0000
 DV/DL  =        30.9750
 ------------------------------------------------------------------------------

 NMR restraints: Bond =    0.000   Angle =     0.000   Torsion =     0.000
===============================================================================

| TI region  1


 NSTEP =   160000   TIME(PS) =     160.000  TEMP(K) =   250.27  PRESS =     0.0
 Etot   =    -70449.7403  EKtot   =     15550.4072  EPtot      =    -86000.1476
 BOND   =     14505.7885  ANGLE   =         0.0000  DIHED      =        -0.0000
 1-4 NB =         0.0000  1-4 EEL =         0.0000  VDWAALS    =     23244.7218
 EELEC  =   -123750.6578  EHBOND  =         0.0000  RESTRAINT  =         0.0000
 DV/DL  =        28.0786
 ------------------------------------------------------------------------------

  Softcore part of the system:       7 atoms,       TEMP(K)    =         420.40
 SC_Etot=        32.6938  SC_EKtot=         8.7719  SC_EPtot   =        23.9219
 SC_BOND=         2.7968  SC_ANGLE=         5.1666  SC_DIHED   =         5.2181
 SC_14NB=         0.2962  SC_14EEL=        10.4442  SC_VDW     =         0.0000
 SC_EEL =         0.0000
 SC_RES_DIST=     0.0000  SC_RES_ANG=       0.0000  SC_RES_TORS=         0.0000
 SC_EEL_DER=      0.3508  SC_VDW_DER=      -1.9369  SC_DERIV   =        -1.5861
 ------------------------------------------------------------------------------


| TI region  2


 NSTEP =   160000   TIME(PS) =     160.000  TEMP(K) =   250.21  PRESS =     0.0
 Etot   =    -70458.5122  EKtot   =     15541.6353  EPtot      =    -86000.1476
 BOND   =     14505.7885  ANGLE   =         0.0000  DIHED      =        -0.0000
 1-4 NB =         0.0000  1-4 EEL =         0.0000  VDWAALS    =     23244.7218
 EELEC  =   -123750.6578  EHBOND  =         0.0000  RESTRAINT  =         0.0000
 DV/DL  =        28.0786
 ------------------------------------------------------------------------------

 NMR restraints: Bond =    0.000   Angle =     0.000   Torsion =     0.000
===============================================================================

| TI region  1


 NSTEP =   165000   TIME(PS) =     165.000  TEMP(K) =   260.23  PRESS =     0.0
 Etot   =    -69172.6536  EKtot   =     16169.2090  EPtot      =    -85341.8626
 BOND   =     14764.2021  ANGLE   =        -0.0000  DIHED      =         0.0000
 1-4 NB =         0.0000  1-4 EEL =         0.0000  VDWAALS    =     22729.3561
 EELEC  =   -122835.4209  EHBOND  =         0.0000  RESTRAINT  =         0.0000
 DV/DL  =         4.2650
 ------------------------------------------------------------------------------

  Softcore part of the system:       7 atoms,       TEMP(K)    =         189.93
 SC_Etot=        26.2884  SC_EKtot=         3.9631  SC_EPtot   =        22.3254
 SC_BOND=         1.8626  SC_ANGLE=         4.4998  SC_DIHED   =         5.2514
 SC_14NB=         0.2899  SC_14EEL=        10.4216  SC_VDW     =         0.0000
 SC_EEL =         0.0000
 SC_RES_DIST=     0.0000  SC_RES_ANG=       0.0000  SC_RES_TORS=         0.0000
 SC_EEL_DER=      0.4305  SC_VDW_DER=      -4.2815  SC_DERIV   =        -3.8511
 ------------------------------------------------------------------------------


| TI region  2


 NSTEP =   165000   TIME(PS) =     165.000  TEMP(K) =   260.25  PRESS =     0.0
 Etot   =    -69176.6167  EKtot   =     16165.2459  EPtot      =    -85341.8626
 BOND   =     14764.2021  ANGLE   =        -0.0000  DIHED      =         0.0000
 1-4 NB =         0.0000  1-4 EEL =         0.0000  VDWAALS    =     22729.3561
 EELEC  =   -122835.4209  EHBOND  =         0.0000  RESTRAINT  =         0.0000
 DV/DL  =         4.2650
 ------------------------------------------------------------------------------

 NMR restraints: Bond =    0.000   Angle =     0.000   Torsion =     0.000
===============================================================================

| TI region  1


 NSTEP =   170000   TIME(PS) =     170.000  TEMP(K) =   266.27  PRESS =     0.0
 Etot   =    -68121.6675  EKtot   =     16544.4512  EPtot      =    -84666.1186
 BOND   =     14831.0300  ANGLE   =         0.0000  DIHED      =         0.0000
 1-4 NB =         0.0000  1-4 EEL =        -0.0000  VDWAALS    =     22461.8847
 EELEC  =   -121959.0333  EHBOND  =         0.0000  RESTRAINT  =         0.0000
 DV/DL  =        16.7054
 ------------------------------------------------------------------------------

  Softcore part of the system:       7 atoms,       TEMP(K)    =         161.49
 SC_Etot=        26.1768  SC_EKtot=         3.3696  SC_EPtot   =        22.8072
 SC_BOND=         1.4525  SC_ANGLE=         5.5503  SC_DIHED   =         5.4140
 SC_14NB=         0.1030  SC_14EEL=        10.2874  SC_VDW     =         0.0000
 SC_EEL =         0.0000
 SC_RES_DIST=     0.0000  SC_RES_ANG=       0.0000  SC_RES_TORS=         0.0000
 SC_EEL_DER=      0.1090  SC_VDW_DER=      -2.1000  SC_DERIV   =        -1.9910
 ------------------------------------------------------------------------------


| TI region  2


 NSTEP =   170000   TIME(PS) =     170.000  TEMP(K) =   266.30  PRESS =     0.0
 Etot   =    -68125.0371  EKtot   =     16541.0815  EPtot      =    -84666.1186
 BOND   =     14831.0300  ANGLE   =         0.0000  DIHED      =         0.0000
 1-4 NB =         0.0000  1-4 EEL =        -0.0000  VDWAALS    =     22461.8847
 EELEC  =   -121959.0333  EHBOND  =         0.0000  RESTRAINT  =         0.0000
 DV/DL  =        16.7054
 ------------------------------------------------------------------------------

 NMR restraints: Bond =    0.000   Angle =     0.000   Torsion =     0.000
===============================================================================

| TI region  1


 NSTEP =   175000   TIME(PS) =     175.000  TEMP(K) =   277.75  PRESS =     0.0
 Etot   =    -66664.8698  EKtot   =     17258.1172  EPtot      =    -83922.9870
 BOND   =     14708.1684  ANGLE   =        -0.0000  DIHED      =        -0.0000
 1-4 NB =         0.0000  1-4 EEL =        -0.0000  VDWAALS    =     21956.8398
 EELEC  =   -120587.9952  EHBOND  =         0.0000  RESTRAINT  =         0.0000
 DV/DL  =        20.9250
 ------------------------------------------------------------------------------

  Softcore part of the system:       7 atoms,       TEMP(K)    =         159.49
 SC_Etot=        25.0895  SC_EKtot=         3.3278  SC_EPtot   =        21.7617
 SC_BOND=         0.6914  SC_ANGLE=         5.0336  SC_DIHED   =         5.2235
 SC_14NB=         0.3134  SC_14EEL=        10.4998  SC_VDW     =         0.0000
 SC_EEL =         0.0000
 SC_RES_DIST=     0.0000  SC_RES_ANG=       0.0000  SC_RES_TORS=         0.0000
 SC_EEL_DER=      0.3476  SC_VDW_DER=      -1.0013  SC_DERIV   =        -0.6537
 ------------------------------------------------------------------------------


| TI region  2


 NSTEP =   175000   TIME(PS) =     175.000  TEMP(K) =   277.79  PRESS =     0.0
 Etot   =    -66668.1976  EKtot   =     17254.7894  EPtot      =    -83922.9870
 BOND   =     14708.1684  ANGLE   =        -0.0000  DIHED      =        -0.0000
 1-4 NB =         0.0000  1-4 EEL =        -0.0000  VDWAALS    =     21956.8398
 EELEC  =   -120587.9952  EHBOND  =         0.0000  RESTRAINT  =         0.0000
 DV/DL  =        20.9250
 ------------------------------------------------------------------------------

 NMR restraints: Bond =    0.000   Angle =     0.000   Torsion =     0.000
===============================================================================

| TI region  1


 NSTEP =   180000   TIME(PS) =     180.000  TEMP(K) =   282.83  PRESS =     0.0
 Etot   =    -64930.7663  EKtot   =     17573.4180  EPtot      =    -82504.1842
 BOND   =     14909.8811  ANGLE   =        -0.0000  DIHED      =         0.0000
 1-4 NB =         0.0000  1-4 EEL =        -0.0000  VDWAALS    =     21388.5922
 EELEC  =   -118802.6575  EHBOND  =         0.0000  RESTRAINT  =         0.0000
 DV/DL  =        15.2303
 ------------------------------------------------------------------------------

  Softcore part of the system:       7 atoms,       TEMP(K)    =         268.87
 SC_Etot=        28.6985  SC_EKtot=         5.6101  SC_EPtot   =        23.0884
 SC_BOND=         1.3501  SC_ANGLE=         5.3520  SC_DIHED   =         5.2118
 SC_14NB=         0.5613  SC_14EEL=        10.6133  SC_VDW     =         0.0000
 SC_EEL =         0.0000
 SC_RES_DIST=     0.0000  SC_RES_ANG=       0.0000  SC_RES_TORS=         0.0000
 SC_EEL_DER=      0.0129  SC_VDW_DER=      -2.4135  SC_DERIV   =        -2.4006
 ------------------------------------------------------------------------------


| TI region  2


 NSTEP =   180000   TIME(PS) =     180.000  TEMP(K) =   282.83  PRESS =     0.0
 Etot   =    -64936.3764  EKtot   =     17567.8079  EPtot      =    -82504.1842
 BOND   =     14909.8811  ANGLE   =        -0.0000  DIHED      =         0.0000
 1-4 NB =         0.0000  1-4 EEL =        -0.0000  VDWAALS    =     21388.5922
 EELEC  =   -118802.6575  EHBOND  =         0.0000  RESTRAINT  =         0.0000
 DV/DL  =        15.2303
 ------------------------------------------------------------------------------

 NMR restraints: Bond =    0.000   Angle =     0.000   Torsion =     0.000
===============================================================================

| TI region  1


 NSTEP =   185000   TIME(PS) =     185.000  TEMP(K) =   290.19  PRESS =     0.0
 Etot   =    -63762.4447  EKtot   =     18030.5625  EPtot      =    -81793.0072
 BOND   =     15011.5511  ANGLE   =         0.0000  DIHED      =        -0.0000
 1-4 NB =         0.0000  1-4 EEL =         0.0000  VDWAALS    =     21282.5534
 EELEC  =   -118087.1116  EHBOND  =         0.0000  RESTRAINT  =         0.0000
 DV/DL  =        19.2823
 ------------------------------------------------------------------------------

  Softcore part of the system:       7 atoms,       TEMP(K)    =         339.35
 SC_Etot=        26.5064  SC_EKtot=         7.0806  SC_EPtot   =        19.4258
 SC_BOND=         0.3770  SC_ANGLE=         3.0386  SC_DIHED   =         5.2821
 SC_14NB=         0.2820  SC_14EEL=        10.4460  SC_VDW     =         0.0000
 SC_EEL =         0.0000
 SC_RES_DIST=     0.0000  SC_RES_ANG=       0.0000  SC_RES_TORS=         0.0000
 SC_EEL_DER=      0.3290  SC_VDW_DER=      -1.9655  SC_DERIV   =        -1.6365
 ------------------------------------------------------------------------------


| TI region  2


 NSTEP =   185000   TIME(PS) =     185.000  TEMP(K) =   290.17  PRESS =     0.0
 Etot   =    -63769.5253  EKtot   =     18023.4819  EPtot      =    -81793.0072
 BOND   =     15011.5511  ANGLE   =         0.0000  DIHED      =        -0.0000
 1-4 NB =         0.0000  1-4 EEL =         0.0000  VDWAALS    =     21282.5534
 EELEC  =   -118087.1116  EHBOND  =         0.0000  RESTRAINT  =         0.0000
 DV/DL  =        19.2823
 ------------------------------------------------------------------------------

 NMR restraints: Bond =    0.000   Angle =     0.000   Torsion =     0.000
===============================================================================

| TI region  1


 NSTEP =   190000   TIME(PS) =     190.000  TEMP(K) =   299.32  PRESS =     0.0
 Etot   =    -61874.7846  EKtot   =     18598.3398  EPtot      =    -80473.1245
 BOND   =     15197.6194  ANGLE   =        -0.0000  DIHED      =         0.0000
 1-4 NB =         0.0000  1-4 EEL =         0.0000  VDWAALS    =     20916.0256
 EELEC  =   -116586.7695  EHBOND  =         0.0000  RESTRAINT  =         0.0000
 DV/DL  =         9.4471
 ------------------------------------------------------------------------------

  Softcore part of the system:       7 atoms,       TEMP(K)    =         415.11
 SC_Etot=        31.3301  SC_EKtot=         8.6614  SC_EPtot   =        22.6687
 SC_BOND=         2.6100  SC_ANGLE=         4.4757  SC_DIHED   =         5.3214
 SC_14NB=         0.0757  SC_14EEL=        10.1859  SC_VDW     =         0.0000
 SC_EEL =         0.0000
 SC_RES_DIST=     0.0000  SC_RES_ANG=       0.0000  SC_RES_TORS=         0.0000
 SC_EEL_DER=      0.0706  SC_VDW_DER=      -2.7873  SC_DERIV   =        -2.7166
 ------------------------------------------------------------------------------


| TI region  2


 NSTEP =   190000   TIME(PS) =     190.000  TEMP(K) =   299.28  PRESS =     0.0
 Etot   =    -61883.4460  EKtot   =     18589.6785  EPtot      =    -80473.1245
 BOND   =     15197.6194  ANGLE   =        -0.0000  DIHED      =         0.0000
 1-4 NB =         0.0000  1-4 EEL =         0.0000  VDWAALS    =     20916.0256
 EELEC  =   -116586.7695  EHBOND  =         0.0000  RESTRAINT  =         0.0000
 DV/DL  =         9.4471
 ------------------------------------------------------------------------------

 NMR restraints: Bond =    0.000   Angle =     0.000   Torsion =     0.000
===============================================================================

| TI region  1


 NSTEP =   195000   TIME(PS) =     195.000  TEMP(K) =   300.84  PRESS =     0.0
 Etot   =    -61391.3626  EKtot   =     18692.7207  EPtot      =    -80084.0833
 BOND   =     15252.3005  ANGLE   =         0.0000  DIHED      =        -0.0000
 1-4 NB =         0.0000  1-4 EEL =         0.0000  VDWAALS    =     20360.2667
 EELEC  =   -115696.6505  EHBOND  =         0.0000  RESTRAINT  =         0.0000
 DV/DL  =         7.6458
 ------------------------------------------------------------------------------

  Softcore part of the system:       7 atoms,       TEMP(K)    =         420.21
 SC_Etot=        30.3140  SC_EKtot=         8.7680  SC_EPtot   =        21.5460
 SC_BOND=         1.0257  SC_ANGLE=         4.8540  SC_DIHED   =         5.3070
 SC_14NB=         0.1409  SC_14EEL=        10.2184  SC_VDW     =         0.0000
 SC_EEL =         0.0000
 SC_RES_DIST=     0.0000  SC_RES_ANG=       0.0000  SC_RES_TORS=         0.0000
 SC_EEL_DER=      0.4676  SC_VDW_DER=      -4.9372  SC_DERIV   =        -4.4695
 ------------------------------------------------------------------------------


| TI region  2


 NSTEP =   195000   TIME(PS) =     195.000  TEMP(K) =   300.80  PRESS =     0.0
 Etot   =    -61400.1306  EKtot   =     18683.9527  EPtot      =    -80084.0833
 BOND   =     15252.3005  ANGLE   =         0.0000  DIHED      =        -0.0000
 1-4 NB =         0.0000  1-4 EEL =         0.0000  VDWAALS    =     20360.2667
 EELEC  =   -115696.6505  EHBOND  =         0.0000  RESTRAINT  =         0.0000
 DV/DL  =         7.6458
 ------------------------------------------------------------------------------

 NMR restraints: Bond =    0.000   Angle =     0.000   Torsion =     0.000
===============================================================================

| TI region  1


 NSTEP =   200000   TIME(PS) =     200.000  TEMP(K) =   302.94  PRESS =     0.0
 Etot   =    -61136.6151  EKtot   =     18823.0898  EPtot      =    -79959.7049
 BOND   =     15024.0630  ANGLE   =        -0.0000  DIHED      =        -0.0000
 1-4 NB =         0.0000  1-4 EEL =         0.0000  VDWAALS    =     20482.4709
 EELEC  =   -115466.2389  EHBOND  =         0.0000  RESTRAINT  =         0.0000
 DV/DL  =         4.8211
 ------------------------------------------------------------------------------

  Softcore part of the system:       7 atoms,       TEMP(K)    =         369.78
 SC_Etot=        30.9405  SC_EKtot=         7.7157  SC_EPtot   =        23.2249
 SC_BOND=         0.5566  SC_ANGLE=         6.7763  SC_DIHED   =         5.3169
 SC_14NB=         0.3065  SC_14EEL=        10.2685  SC_VDW     =         0.0000
 SC_EEL =         0.0000
 SC_RES_DIST=     0.0000  SC_RES_ANG=       0.0000  SC_RES_TORS=         0.0000
 SC_EEL_DER=      0.1762  SC_VDW_DER=      -5.0163  SC_DERIV   =        -4.8400
 ------------------------------------------------------------------------------


| TI region  2


 NSTEP =   200000   TIME(PS) =     200.000  TEMP(K) =   302.92  PRESS =     0.0
 Etot   =    -61144.3307  EKtot   =     18815.3742  EPtot      =    -79959.7049
 BOND   =     15024.0630  ANGLE   =        -0.0000  DIHED      =        -0.0000
 1-4 NB =         0.0000  1-4 EEL =         0.0000  VDWAALS    =     20482.4709
 EELEC  =   -115466.2389  EHBOND  =         0.0000  RESTRAINT  =         0.0000
 DV/DL  =         4.8211
 ------------------------------------------------------------------------------

 NMR restraints: Bond =    0.000   Angle =     0.000   Torsion =     0.000
===============================================================================

| TI region  1


      A V E R A G E S   O V E R      40 S T E P S


 NSTEP =   200000   TIME(PS) =     200.000  TEMP(K) =   160.74  PRESS =     0.0
 Etot   =    -81563.4013  EKtot   =      9987.6178  EPtot      =    -91551.0191
 BOND   =     12756.4187  ANGLE   =        -0.0000  DIHED      =        -0.0000
 1-4 NB =         0.0000  1-4 EEL =        -0.0000  VDWAALS    =     24161.3895
 EELEC  =   -128468.8272  EHBOND  =         0.0000  RESTRAINT  =         0.0000
 DV/DL  =        25.5373
 ------------------------------------------------------------------------------

 NMR restraints: Bond =    0.000   Angle =     0.000   Torsion =     0.000
===============================================================================
  Softcore part of the system:       7 atoms,       TEMP(K)    =         169.75
 SC_Etot=        24.5794  SC_EKtot=         3.5420  SC_EPtot   =        21.0374
 SC_BOND=         1.0051  SC_ANGLE=         4.0872  SC_DIHED   =         5.2536
 SC_14NB=         0.2936  SC_14EEL=        10.3979  SC_VDW     =         0.0000
 SC_EEL =         0.0000
 SC_RES_DIST=     0.0000  SC_RES_ANG=       0.0000  SC_RES_TORS=         0.0000
 SC_EEL_DER=      0.3907  SC_VDW_DER=      -1.1058  SC_DERIV   =        -0.7151
 ------------------------------------------------------------------------------


      R M S  F L U C T U A T I O N S


 NSTEP =   200000   TIME(PS) =     200.000  TEMP(K) =    90.37  PRESS =     0.0
 Etot   =     11539.3042  EKtot   =      5615.3437  EPtot      =      5962.7456
 BOND   =      1728.8222  ANGLE   =         0.0000  DIHED      =         0.0000
 1-4 NB =         0.0000  1-4 EEL =         0.0000  VDWAALS    =      1560.9051
 EELEC  =      5850.0759  EHBOND  =         0.0000  RESTRAINT  =         0.0000
 DV/DL  =         8.9208
 ------------------------------------------------------------------------------

  Softcore part of the system:       7 atoms,       TEMP(K)    =         119.03
 SC_Etot=         3.8296  SC_EKtot=         2.4837  SC_EPtot   =         1.7002
 SC_BOND=         0.8154  SC_ANGLE=         1.0822  SC_DIHED   =         0.0542
 SC_14NB=         0.1459  SC_14EEL=         0.1285  SC_VDW     =         0.0000
 SC_EEL =         0.0000
 SC_RES_DIST=     0.0000  SC_RES_ANG=       0.0000  SC_RES_TORS=         0.0000
 SC_EEL_DER=      0.2233  SC_VDW_DER=       1.3109  SC_DERIV   =         1.3635
 ------------------------------------------------------------------------------


| TI region  2


      A V E R A G E S   O V E R      40 S T E P S


 NSTEP =   200000   TIME(PS) =     200.000  TEMP(K) =   160.74  PRESS =     0.0
 Etot   =    -81566.9433  EKtot   =      9984.0758  EPtot      =    -91551.0191
 BOND   =     12756.4187  ANGLE   =        -0.0000  DIHED      =        -0.0000
 1-4 NB =         0.0000  1-4 EEL =        -0.0000  VDWAALS    =     24161.3895
 EELEC  =   -128468.8272  EHBOND  =         0.0000  RESTRAINT  =         0.0000
 DV/DL  =        25.5373
 ------------------------------------------------------------------------------

 NMR restraints: Bond =    0.000   Angle =     0.000   Torsion =     0.000
===============================================================================

      R M S  F L U C T U A T I O N S


 NSTEP =   200000   TIME(PS) =     200.000  TEMP(K) =    90.37  PRESS =     0.0
 Etot   =     11537.1370  EKtot   =      5613.1913  EPtot      =      5962.7456
 BOND   =      1728.8222  ANGLE   =         0.0000  DIHED      =         0.0000
 1-4 NB =         0.0000  1-4 EEL =         0.0000  VDWAALS    =      1560.9051
 EELEC  =      5850.0759  EHBOND  =         0.0000  RESTRAINT  =         0.0000
 DV/DL  =         8.9208
 ------------------------------------------------------------------------------


      DV/DL, AVERAGES OVER      40 STEPS


 NSTEP =   200000   TIME(PS) =     200.000  TEMP(K) =    90.37  PRESS =     0.0
 Etot   =         0.0000  EKtot   =         0.0000  EPtot      =        25.5373
 BOND   =         0.0000  ANGLE   =         0.0000  DIHED      =         0.0000
 1-4 NB =         0.0000  1-4 EEL =         0.0000  VDWAALS    =         3.6088
 EELEC  =        22.6436  EHBOND  =         0.0000  RESTRAINT  =         0.0000
 DV/DL  =        25.5373
 ------------------------------------------------------------------------------


 NMR restraints on final step:

--------------------------------------------------------------------------------
   5.  TIMINGS
--------------------------------------------------------------------------------

|  NonSetup CPU Time in Major Routines:
|
|     Routine           Sec        %
|     ------------------------------
|     Nonbond         201.13   39.73
|     Bond              0.00    0.00
|     Angle             0.00    0.00
|     Dihedral          0.00    0.00
|     Shake             0.00    0.00
|     RunMD           304.20   60.10
|     Other             0.86    0.17
|     ------------------------------
|     Total           506.19

|  PME Nonbond Pairlist CPU Time:
|
|     Routine              Sec        %
|     ---------------------------------
|     Set Up Cit           0.00    0.00
|     Build List           0.00    0.00
|     ---------------------------------
|     Total                0.00    0.00

|  PME Direct Force CPU Time:
|
|     Routine              Sec        %
|     ---------------------------------
|     NonBonded Calc       0.00    0.00
|     Exclude Masked       0.00    0.00
|     Other                0.57    0.11
|     ---------------------------------
|     Total                0.57    0.11

|  PME Reciprocal Force CPU Time:
|
|     Routine              Sec        %
|     ---------------------------------
|     1D bspline           0.00    0.00
|     Grid Charges         0.00    0.00
|     Scalar Sum           0.00    0.00
|     Gradient Sum         0.00    0.00
|     FFT                  0.00    0.00
|     ---------------------------------
|     Total                0.00    0.00

|  Final Performance Info:
|     -----------------------------------------------------
|     Average timings for last       1 steps:
|     Elapsed(s) =       0.00 Per Step(ms) =       2.58
|         ns/day =      33.49   seconds/ns =    2580.08
|
|     Average timings for all steps:
|     Elapsed(s) =     506.53 Per Step(ms) =       2.53
|         ns/day =      34.11   seconds/ns =    2532.66
|     -----------------------------------------------------

|  Setup CPU time:            0.73 seconds
|  NonSetup CPU time:       506.19 seconds
|  Total CPU time:          506.92 seconds     0.14 hours

|  Setup wall time:           0    seconds
|  NonSetup wall time:      507    seconds
|  Total wall time:         507    seconds     0.14 hours
