
          -------------------------------------------------------
          Amber 18 PMEMD                              2018
          -------------------------------------------------------

| PMEMD implementation of SANDER, Release 18

| Run on 06/13/2020 at 15:55:36

|   Executable path: /opt/software/Amber/18-foss-2018b-AmberTools-19/bin/pmemd.cuda
| Working directory: /mnt/gs18/scratch/users/songlin3/run/1264_optimization/acetate/two_steps_tip3p/step2/0.04794
|          Hostname: lac-347

  [-O]verwriting output

File Assignments:
|   MDIN: heat.in                                                               
|  MDOUT: heat.out                                                              
| INPCRD: min.rst                                                               
|   PARM: step2.prmtop                                                          
| RESTRT: heat.rst                                                              
|   REFC: min.rst                                                               
|  MDVEL: mdvel                                                                 
|   MDEN: mden                                                                  
|  MDCRD: heat.netcdf                                                           
| MDINFO: heat.mdinfo                                                           
|  MDFRC: mdfrc                                                                 


 Here is the input file:

nvt for free MD                                                                
 &cntrl                                                                        
  imin=0,                                                                      
  irest=0,                                                                     
  ntx=1,                                                                       
  ig=-1,                                                                       
  nstlim=200000,                                                               
  dt=0.001,                                                                    
  cut=10.0,                                                                    
  ntc=1,                                                                       
  ntf=1,                                                                       
  ntb=1,                                                                       
  ntt=3,                                                                       
  gamma_ln=2.0,                                                                
  tempi=0.0,                                                                   
  temp0=300.0,                                                                 
  ntpr=5000,                                                                   
  ntwr=5000,                                                                   
  ntwx=10000,                                                                  
  ntwv=0,                                                                      
  ioutfm=1,                                                                    
  iwrap=0,                                                                     
  nmropt=1,                                                                    
  ifsc = 1, icfe=1,                                                            
  clambda=0.04794,                                                             
  timask1=':1', scmask1=':1', scmask2='',                                      
  timask2='', crgmask = ':1',                                                  
/                                                                              
&wt TYPE='TEMP0', istep1=0, istep2=190000, value1=0.0, value2=300.0 /          
&wt TYPE='TEMP0', istep1=190001, istep2=200000, value1=300.0, value2=300.0 /   
&wt TYPE='DUMPFREQ', istep1=10000, /                                           
&wt TYPE='END', /                                                              


Note: ig = -1. Setting random seed to   112704 based on wallclock time in 
      microseconds.
| irandom = 1, using AMBER's internal random number generator (default).
 
|--------------------- INFORMATION ----------------------
| GPU (CUDA) Version of PMEMD in use: NVIDIA GPU IN USE.
|                    Version 18.0.0
| 
|                      03/25/2018
| 
| Implementation by:
|                    Ross C. Walker     (SDSC)
|                    Scott Le Grand     (nVIDIA)
| 
| Version 18 performance extensions by:
|                    David Cerutti     (Rutgers)
| 
| Precision model in use:
|      [SPFP] - Single Precision Forces, 64-bit Fixed Point
|               Accumulation. (Default)
| 
|--------------------------------------------------------
 
|----------------- CITATION INFORMATION -----------------
|
|    When publishing work that utilized the CUDA version
|    of AMBER, please cite the following in addition to
|    the regular AMBER citations:
|
|  - Romelia Salomon-Ferrer; Andreas W. Goetz; Duncan
|    Poole; Scott Le Grand; Ross C. Walker "Routine
|    microsecond molecular dynamics simulations with
|    AMBER - Part II: Particle Mesh Ewald", J. Chem.
|    Theory Comput., 2013, 9 (9), pp3878-3888,
|    DOI: 10.1021/ct400314y.
|
|  - Andreas W. Goetz; Mark J. Williamson; Dong Xu;
|    Duncan Poole; Scott Le Grand; Ross C. Walker
|    "Routine microsecond molecular dynamics simulations
|    with AMBER - Part I: Generalized Born", J. Chem.
|    Theory Comput., 2012, 8 (5), pp1542-1555.
|
|  - Scott Le Grand; Andreas W. Goetz; Ross C. Walker
|    "SPFP: Speed without compromise - a mixed precision
|    model for GPU accelerated molecular dynamics
|    simulations.", Comp. Phys. Comm., 2013, 184
|    pp374-380, DOI: 10.1016/j.cpc.2012.09.022
|
|    When publishing work that utilized the CUDA version
|    of TI, BAR, MBAR or FEP please cite the following 
|    three publications in addition to the regular AMBER 
|    GPU citations:
|
|  - Daniel J. Mermelstein; Charles Lin; Gard Nelson; 
|    Rachael Kretsch; J. Andrew McCammon; Ross C. Walker
|    "Fast and Flexible GPU Accelerated Binding 
|    Free Energy Calculations within the AMBER Molecular
|    Dynamics Package" J. Comp. Chem., 2018,
|    DOI: 10.1002/jcc.25187
|
|  - Tai-Sung Lee; Yuan Hu; Brad Sherborne; Zhuyan Guo;
|    Darrin M. York
|    "Toward Fast and Accurate Binding Affinity Prediction with
|    pmemdGTI: An Efficient Implementation of GPU-Accelerated
|    Thermodynamic Integration"
|    J. Chem. Theory Comput., 2017, 13 (7), 3077
|
|
|--------------------------------------------------------
 
|------------------- GPU DEVICE INFO --------------------
|
|            CUDA_VISIBLE_DEVICES: 0
|   CUDA Capable Devices Detected:      1
|           CUDA Device ID in use:      0
|                CUDA Device Name: Tesla K80
|     CUDA Device Global Mem Size:  12206 MB
| CUDA Device Num Multiprocessors:     13
|           CUDA Device Core Freq:   0.82 GHz
|
|--------------------------------------------------------
 
 
| Conditional Compilation Defines Used:
| PUBFFT
| BINTRAJ
| CUDA
| EMIL

| Largest sphere to fit in unit cell has radius =    27.333

| New format PARM file being parsed.
| Version =    1.000 Date = 06/13/20 Time = 15:23:41

| Note: 1-4 EEL scale factors are being read from the topology file.

| Note: 1-4 VDW scale factors are being read from the topology file.
| Duplicated    0 dihedrals

| Duplicated    0 dihedrals

--------------------------------------------------------------------------------
   1.  RESOURCE   USE: 
--------------------------------------------------------------------------------

 getting box info from netcdf restart file
 NATOM  =   20848 NTYPES =       6 NBONH =   20844 MBONA  =       3
 NTHETH =       6 MTHETA =       3 NPHIH =      12 MPHIA  =       1
 NHPARM =       0 NPARM  =       0 NNB   =   27810 NRES   =    6948
 NBONA  =       3 NTHETA =       3 NPHIA =       1 NUMBND =       5
 NUMANG =       4 NPTRA  =       3 NATYP =       6 NPHB   =       1
 IFBOX  =       2 NMXRS  =       7 IFCAP =       0 NEXTRA =       0
 NCOPY  =       0

| Coordinate Index Table dimensions:    10   10   10
| Direct force subcell size =     6.6953    6.6953    6.6953

     BOX TYPE: TRUNCATED OCTAHEDRON

--------------------------------------------------------------------------------
   2.  CONTROL  DATA  FOR  THE  RUN
--------------------------------------------------------------------------------

default_name                                                                    

General flags:
     imin    =       0, nmropt  =       1

Nature and format of input:
     ntx     =       1, irest   =       0, ntrx    =       1

Nature and format of output:
     ntxo    =       2, ntpr    =    5000, ntrx    =       1, ntwr    =    5000
     iwrap   =       0, ntwx    =   10000, ntwv    =       0, ntwe    =       0
     ioutfm  =       1, ntwprt  =       0, idecomp =       0, rbornstat=      0

Potential function:
     ntf     =       1, ntb     =       1, igb     =       0, nsnb    =      25
     ipol    =       0, gbsa    =       0, iesp    =       0
     dielc   =   1.00000, cut     =  10.00000, intdiel =   1.00000

Frozen or restrained atoms:
     ibelly  =       0, ntr     =       0

Molecular dynamics:
     nstlim  =    200000, nscm    =      1000, nrespa  =         1
     t       =   0.00000, dt      =   0.00100, vlimit  =  -1.00000

Langevin dynamics temperature regulation:
     ig      =  112704
     temp0   = 300.00000, tempi   =   0.00000, gamma_ln=   2.00000

NMR refinement options:
     iscale  =       0, noeskp  =       1, ipnlty  =       1, mxsub   =       1
     scalm   = 100.00000, pencut  =   0.10000, tausw   =   0.10000

Free energy options:
     icfe    =       1, ifsc    =       1, klambda =       1
     clambda =  0.0479, scalpha =  0.5000, scbeta  = 12.0000
     sceeorder =       2
     dynlmb =  0.0000 logdvdl =       0

| Intermolecular bonds treatment:
|     no_intermolecular_bonds =       1

| Energy averages sample interval:
|     ene_avg_sampling =    5000

Ewald parameters:
     verbose =       0, ew_type =       0, nbflag  =       1, use_pme =       1
     vdwmeth =       1, eedmeth =       1, netfrc  =       1
     Box X =   66.953   Box Y =   66.953   Box Z =   66.953
     Alpha =  109.471   Beta  =  109.471   Gamma =  109.471
     NFFT1 =   64       NFFT2 =   64       NFFT3 =   64
     Cutoff=   10.000   Tol   =0.100E-04
     Ewald Coefficient =  0.27511
     Interpolation order =    4
     TI Mask 1 :1; matches      7 atoms
     TI Mask 2  matches      0 atoms
     TI region 1:   20848 atoms
     TI region 2:   20841 atoms
     SC Mask 1 :1; matches      7 atoms
Removing charge of      -0.8188 from atom       1
Removing charge of      -0.8188 from atom       2
Removing charge of       0.8054 from atom       3
Removing charge of      -0.1021 from atom       4
Removing charge of      -0.0219 from atom       5
Removing charge of      -0.0219 from atom       6
Removing charge of      -0.0219 from atom       7
Total charge of  -0.99999900 removed from       7 atoms
    No charge on TI atoms. Skipping extra recip sum.

--------------------------------------------------------------------------------
   3.  ATOMIC COORDINATES AND VELOCITIES
--------------------------------------------------------------------------------

default_name                                                                    
 begin time read from input coords =     0.000 ps



           Begin reading energy term weight changes/NMR restraints
 WEIGHT CHANGES:
 TEMP0         0 190000    0.000000  300.000000      0      0
 TEMP0    190001 200000  300.000000  300.000000      0      0
 DUMPFREQ  10000      0    0.000000    0.000000      0      0

 RESTRAINTS:
                          ** No restraint defined **

                  Done reading weight changes/NMR restraints


 
 Number of triangulated 3-point waters found:     6947
 Number of shake restraints removed in TI region  1 :        0
 Number of shake restraints removed in TI region  2 :        0

     Sum of charges for TI region  1 =   0.00000000
     Forcing neutrality...


     Sum of charges for TI region  2 =   0.00000000
     Forcing neutrality...

| Dynamic Memory, Types Used:
| Reals              914983
| Integers           792606

| Nonbonded Pairs Initial Allocation:     6305998

| GPU memory information (estimate):
| KB of GPU memory in use:         0
| KB of CPU memory in use:         0

--------------------------------------------------------------------------------
   4.  RESULTS
--------------------------------------------------------------------------------

   DOF for the SC part  1 of the system:   21

| TI region  1


 NSTEP =        0   TIME(PS) =       0.000  TEMP(K) =     0.00  PRESS =     0.0
 Etot   =    -88378.8610  EKtot   =         0.0000  EPtot      =    -88378.8610
 BOND   =      7068.4726  ANGLE   =         0.0000  DIHED      =        -0.0000
 1-4 NB =         0.0000  1-4 EEL =         0.0000  VDWAALS    =     18722.4418
 EELEC  =   -114169.7754  EHBOND  =         0.0000  RESTRAINT  =         0.0000
 DV/DL  =         6.3696
 ------------------------------------------------------------------------------

  Softcore part of the system:       7 atoms,       TEMP(K)    =           0.00
 SC_Etot=         8.3329  SC_EKtot=         0.0000  SC_EPtot   =         8.3329
 SC_BOND=         0.0110  SC_ANGLE=         2.7880  SC_DIHED   =         5.2182
 SC_14NB=         0.3156  SC_14EEL=         0.0000  SC_VDW     =         0.0000
 SC_EEL =         0.0000
 SC_RES_DIST=     0.0000  SC_RES_ANG=       0.0000  SC_RES_TORS=         0.0000
 SC_EEL_DER=      0.0000  SC_VDW_DER=      -0.1837  SC_DERIV   =        -0.1837
 ------------------------------------------------------------------------------


| TI region  2


 NSTEP =        0   TIME(PS) =       0.000  TEMP(K) =     0.00  PRESS =     0.0
 Etot   =    -88378.8610  EKtot   =         0.0000  EPtot      =    -88378.8610
 BOND   =      7068.4726  ANGLE   =         0.0000  DIHED      =        -0.0000
 1-4 NB =         0.0000  1-4 EEL =         0.0000  VDWAALS    =     18722.4418
 EELEC  =   -114169.7754  EHBOND  =         0.0000  RESTRAINT  =         0.0000
 DV/DL  =         6.3696
 ------------------------------------------------------------------------------

 NMR restraints: Bond =    0.000   Angle =     0.000   Torsion =     0.000
===============================================================================

| TI region  1


 NSTEP =     5000   TIME(PS) =       5.000  TEMP(K) =     7.44  PRESS =     0.0
 Etot   =    -88379.8188  EKtot   =       462.1216  EPtot      =    -88841.9404
 BOND   =      7392.5525  ANGLE   =        -0.0000  DIHED      =        -0.0000
 1-4 NB =         0.0000  1-4 EEL =         0.0000  VDWAALS    =     19600.6398
 EELEC  =   -115835.1327  EHBOND  =         0.0000  RESTRAINT  =         0.0000
 DV/DL  =         6.5295
 ------------------------------------------------------------------------------

  Softcore part of the system:       7 atoms,       TEMP(K)    =           5.55
 SC_Etot=         8.5982  SC_EKtot=         0.1158  SC_EPtot   =         8.4824
 SC_BOND=         0.0438  SC_ANGLE=         2.8238  SC_DIHED   =         5.2199
 SC_14NB=         0.3949  SC_14EEL=         0.0000  SC_VDW     =         0.0000
 SC_EEL =         0.0000
 SC_RES_DIST=     0.0000  SC_RES_ANG=       0.0000  SC_RES_TORS=         0.0000
 SC_EEL_DER=      0.0000  SC_VDW_DER=      -0.5298  SC_DERIV   =        -0.5298
 ------------------------------------------------------------------------------


| TI region  2


 NSTEP =     5000   TIME(PS) =       5.000  TEMP(K) =     7.44  PRESS =     0.0
 Etot   =    -88379.9346  EKtot   =       462.0058  EPtot      =    -88841.9404
 BOND   =      7392.5525  ANGLE   =        -0.0000  DIHED      =        -0.0000
 1-4 NB =         0.0000  1-4 EEL =         0.0000  VDWAALS    =     19600.6398
 EELEC  =   -115835.1327  EHBOND  =         0.0000  RESTRAINT  =         0.0000
 DV/DL  =         6.5295
 ------------------------------------------------------------------------------

 NMR restraints: Bond =    0.000   Angle =     0.000   Torsion =     0.000
===============================================================================

| TI region  1


 NSTEP =    10000   TIME(PS) =      10.000  TEMP(K) =    15.08  PRESS =     0.0
 Etot   =    -87647.9648  EKtot   =       937.1727  EPtot      =    -88585.1375
 BOND   =      7643.6439  ANGLE   =        -0.0000  DIHED      =        -0.0000
 1-4 NB =         0.0000  1-4 EEL =         0.0000  VDWAALS    =     19565.8149
 EELEC  =   -115794.5963  EHBOND  =         0.0000  RESTRAINT  =         0.0000
 DV/DL  =         7.0540
 ------------------------------------------------------------------------------

  Softcore part of the system:       7 atoms,       TEMP(K)    =          15.53
 SC_Etot=         8.8335  SC_EKtot=         0.3240  SC_EPtot   =         8.5095
 SC_BOND=         0.0277  SC_ANGLE=         2.8879  SC_DIHED   =         5.2206
 SC_14NB=         0.3733  SC_14EEL=         0.0000  SC_VDW     =         0.0000
 SC_EEL =         0.0000
 SC_RES_DIST=     0.0000  SC_RES_ANG=       0.0000  SC_RES_TORS=         0.0000
 SC_EEL_DER=      0.0000  SC_VDW_DER=      -0.1280  SC_DERIV   =        -0.1280
 ------------------------------------------------------------------------------


| TI region  2


 NSTEP =    10000   TIME(PS) =      10.000  TEMP(K) =    15.08  PRESS =     0.0
 Etot   =    -87648.2888  EKtot   =       936.8487  EPtot      =    -88585.1375
 BOND   =      7643.6439  ANGLE   =        -0.0000  DIHED      =        -0.0000
 1-4 NB =         0.0000  1-4 EEL =         0.0000  VDWAALS    =     19565.8149
 EELEC  =   -115794.5963  EHBOND  =         0.0000  RESTRAINT  =         0.0000
 DV/DL  =         7.0540
 ------------------------------------------------------------------------------

 NMR restraints: Bond =    0.000   Angle =     0.000   Torsion =     0.000
===============================================================================

| TI region  1


 NSTEP =    15000   TIME(PS) =      15.000  TEMP(K) =    22.73  PRESS =     0.0
 Etot   =    -86777.0473  EKtot   =      1412.2903  EPtot      =    -88189.3376
 BOND   =      7736.8725  ANGLE   =         0.0000  DIHED      =         0.0000
 1-4 NB =         0.0000  1-4 EEL =         0.0000  VDWAALS    =     19647.2765
 EELEC  =   -115573.4866  EHBOND  =         0.0000  RESTRAINT  =         0.0000
 DV/DL  =         7.0298
 ------------------------------------------------------------------------------

  Softcore part of the system:       7 atoms,       TEMP(K)    =          35.55
 SC_Etot=         9.2067  SC_EKtot=         0.7417  SC_EPtot   =         8.4650
 SC_BOND=         0.0456  SC_ANGLE=         2.8222  SC_DIHED   =         5.2202
 SC_14NB=         0.3771  SC_14EEL=         0.0000  SC_VDW     =         0.0000
 SC_EEL =         0.0000
 SC_RES_DIST=     0.0000  SC_RES_ANG=       0.0000  SC_RES_TORS=         0.0000
 SC_EEL_DER=      0.0000  SC_VDW_DER=      -0.2495  SC_DERIV   =        -0.2495
 ------------------------------------------------------------------------------


| TI region  2


 NSTEP =    15000   TIME(PS) =      15.000  TEMP(K) =    22.72  PRESS =     0.0
 Etot   =    -86777.7889  EKtot   =      1411.5486  EPtot      =    -88189.3376
 BOND   =      7736.8725  ANGLE   =         0.0000  DIHED      =         0.0000
 1-4 NB =         0.0000  1-4 EEL =         0.0000  VDWAALS    =     19647.2765
 EELEC  =   -115573.4866  EHBOND  =         0.0000  RESTRAINT  =         0.0000
 DV/DL  =         7.0298
 ------------------------------------------------------------------------------

 NMR restraints: Bond =    0.000   Angle =     0.000   Torsion =     0.000
===============================================================================

| TI region  1


 NSTEP =    20000   TIME(PS) =      20.000  TEMP(K) =    30.96  PRESS =     0.0
 Etot   =    -85823.8304  EKtot   =      1923.7483  EPtot      =    -87747.5787
 BOND   =      7986.3824  ANGLE   =        -0.0000  DIHED      =        -0.0000
 1-4 NB =         0.0000  1-4 EEL =         0.0000  VDWAALS    =     19556.3269
 EELEC  =   -115290.2881  EHBOND  =         0.0000  RESTRAINT  =         0.0000
 DV/DL  =         6.2853
 ------------------------------------------------------------------------------

  Softcore part of the system:       7 atoms,       TEMP(K)    =          21.39
 SC_Etot=         9.1639  SC_EKtot=         0.4464  SC_EPtot   =         8.7175
 SC_BOND=         0.1245  SC_ANGLE=         3.1274  SC_DIHED   =         5.2182
 SC_14NB=         0.2474  SC_14EEL=         0.0000  SC_VDW     =         0.0000
 SC_EEL =         0.0000
 SC_RES_DIST=     0.0000  SC_RES_ANG=       0.0000  SC_RES_TORS=         0.0000
 SC_EEL_DER=      0.0000  SC_VDW_DER=      -0.7974  SC_DERIV   =        -0.7974
 ------------------------------------------------------------------------------


| TI region  2


 NSTEP =    20000   TIME(PS) =      20.000  TEMP(K) =    30.96  PRESS =     0.0
 Etot   =    -85824.2768  EKtot   =      1923.3019  EPtot      =    -87747.5787
 BOND   =      7986.3824  ANGLE   =        -0.0000  DIHED      =        -0.0000
 1-4 NB =         0.0000  1-4 EEL =         0.0000  VDWAALS    =     19556.3269
 EELEC  =   -115290.2881  EHBOND  =         0.0000  RESTRAINT  =         0.0000
 DV/DL  =         6.2853
 ------------------------------------------------------------------------------

 NMR restraints: Bond =    0.000   Angle =     0.000   Torsion =     0.000
===============================================================================

| TI region  1


 NSTEP =    25000   TIME(PS) =      25.000  TEMP(K) =    38.80  PRESS =     0.0
 Etot   =    -84976.1180  EKtot   =      2411.0061  EPtot      =    -87387.1241
 BOND   =      8166.7622  ANGLE   =        -0.0000  DIHED      =         0.0000
 1-4 NB =         0.0000  1-4 EEL =         0.0000  VDWAALS    =     19535.1277
 EELEC  =   -115089.0140  EHBOND  =         0.0000  RESTRAINT  =         0.0000
 DV/DL  =         6.5806
 ------------------------------------------------------------------------------

  Softcore part of the system:       7 atoms,       TEMP(K)    =          42.22
 SC_Etot=         9.8214  SC_EKtot=         0.8809  SC_EPtot   =         8.9405
 SC_BOND=         0.1444  SC_ANGLE=         3.2793  SC_DIHED   =         5.2178
 SC_14NB=         0.2990  SC_14EEL=         0.0000  SC_VDW     =         0.0000
 SC_EEL =         0.0000
 SC_RES_DIST=     0.0000  SC_RES_ANG=       0.0000  SC_RES_TORS=         0.0000
 SC_EEL_DER=      0.0000  SC_VDW_DER=      -0.2225  SC_DERIV   =        -0.2225
 ------------------------------------------------------------------------------


| TI region  2


 NSTEP =    25000   TIME(PS) =      25.000  TEMP(K) =    38.80  PRESS =     0.0
 Etot   =    -84976.9989  EKtot   =      2410.1252  EPtot      =    -87387.1241
 BOND   =      8166.7622  ANGLE   =        -0.0000  DIHED      =         0.0000
 1-4 NB =         0.0000  1-4 EEL =         0.0000  VDWAALS    =     19535.1277
 EELEC  =   -115089.0140  EHBOND  =         0.0000  RESTRAINT  =         0.0000
 DV/DL  =         6.5806
 ------------------------------------------------------------------------------

 NMR restraints: Bond =    0.000   Angle =     0.000   Torsion =     0.000
===============================================================================

| TI region  1


 NSTEP =    30000   TIME(PS) =      30.000  TEMP(K) =    46.74  PRESS =     0.0
 Etot   =    -84031.6528  EKtot   =      2904.6541  EPtot      =    -86936.3068
 BOND   =      8374.3953  ANGLE   =        -0.0000  DIHED      =        -0.0000
 1-4 NB =         0.0000  1-4 EEL =         0.0000  VDWAALS    =     19638.9237
 EELEC  =   -114949.6258  EHBOND  =         0.0000  RESTRAINT  =         0.0000
 DV/DL  =         6.1633
 ------------------------------------------------------------------------------

  Softcore part of the system:       7 atoms,       TEMP(K)    =          22.18
 SC_Etot=         9.3123  SC_EKtot=         0.4628  SC_EPtot   =         8.8495
 SC_BOND=         0.2907  SC_ANGLE=         3.0557  SC_DIHED   =         5.2536
 SC_14NB=         0.2496  SC_14EEL=         0.0000  SC_VDW     =         0.0000
 SC_EEL =         0.0000
 SC_RES_DIST=     0.0000  SC_RES_ANG=       0.0000  SC_RES_TORS=         0.0000
 SC_EEL_DER=      0.0000  SC_VDW_DER=      -0.5768  SC_DERIV   =        -0.5768
 ------------------------------------------------------------------------------


| TI region  2


 NSTEP =    30000   TIME(PS) =      30.000  TEMP(K) =    46.75  PRESS =     0.0
 Etot   =    -84032.1156  EKtot   =      2904.1913  EPtot      =    -86936.3068
 BOND   =      8374.3953  ANGLE   =        -0.0000  DIHED      =        -0.0000
 1-4 NB =         0.0000  1-4 EEL =         0.0000  VDWAALS    =     19638.9237
 EELEC  =   -114949.6258  EHBOND  =         0.0000  RESTRAINT  =         0.0000
 DV/DL  =         6.1633
 ------------------------------------------------------------------------------

 NMR restraints: Bond =    0.000   Angle =     0.000   Torsion =     0.000
===============================================================================

| TI region  1


 NSTEP =    35000   TIME(PS) =      35.000  TEMP(K) =    54.59  PRESS =     0.0
 Etot   =    -83214.0695  EKtot   =      3392.2703  EPtot      =    -86606.3398
 BOND   =      8545.8019  ANGLE   =        -0.0000  DIHED      =        -0.0000
 1-4 NB =         0.0000  1-4 EEL =         0.0000  VDWAALS    =     19478.2690
 EELEC  =   -114630.4107  EHBOND  =         0.0000  RESTRAINT  =         0.0000
 DV/DL  =         6.3561
 ------------------------------------------------------------------------------

  Softcore part of the system:       7 atoms,       TEMP(K)    =          28.55
 SC_Etot=         9.4924  SC_EKtot=         0.5956  SC_EPtot   =         8.8968
 SC_BOND=         0.3747  SC_ANGLE=         3.0661  SC_DIHED   =         5.2153
 SC_14NB=         0.2407  SC_14EEL=         0.0000  SC_VDW     =         0.0000
 SC_EEL =         0.0000
 SC_RES_DIST=     0.0000  SC_RES_ANG=       0.0000  SC_RES_TORS=         0.0000
 SC_EEL_DER=      0.0000  SC_VDW_DER=      -0.6299  SC_DERIV   =        -0.6299
 ------------------------------------------------------------------------------


| TI region  2


 NSTEP =    35000   TIME(PS) =      35.000  TEMP(K) =    54.60  PRESS =     0.0
 Etot   =    -83214.6652  EKtot   =      3391.6746  EPtot      =    -86606.3398
 BOND   =      8545.8019  ANGLE   =        -0.0000  DIHED      =        -0.0000
 1-4 NB =         0.0000  1-4 EEL =         0.0000  VDWAALS    =     19478.2690
 EELEC  =   -114630.4107  EHBOND  =         0.0000  RESTRAINT  =         0.0000
 DV/DL  =         6.3561
 ------------------------------------------------------------------------------

 NMR restraints: Bond =    0.000   Angle =     0.000   Torsion =     0.000
===============================================================================

| TI region  1


 NSTEP =    40000   TIME(PS) =      40.000  TEMP(K) =    62.62  PRESS =     0.0
 Etot   =    -82349.1729  EKtot   =      3891.1318  EPtot      =    -86240.3048
 BOND   =      8728.5061  ANGLE   =         0.0000  DIHED      =         0.0000
 1-4 NB =         0.0000  1-4 EEL =         0.0000  VDWAALS    =     19644.7305
 EELEC  =   -114613.5414  EHBOND  =         0.0000  RESTRAINT  =         0.0000
 DV/DL  =         4.6361
 ------------------------------------------------------------------------------

  Softcore part of the system:       7 atoms,       TEMP(K)    =          80.33
 SC_Etot=        11.4203  SC_EKtot=         1.6762  SC_EPtot   =         9.7441
 SC_BOND=         0.1877  SC_ANGLE=         3.7527  SC_DIHED   =         5.2960
 SC_14NB=         0.5077  SC_14EEL=         0.0000  SC_VDW     =         0.0000
 SC_EEL =         0.0000
 SC_RES_DIST=     0.0000  SC_RES_ANG=       0.0000  SC_RES_TORS=         0.0000
 SC_EEL_DER=      0.0000  SC_VDW_DER=      -1.2731  SC_DERIV   =        -1.2731
 ------------------------------------------------------------------------------


| TI region  2


 NSTEP =    40000   TIME(PS) =      40.000  TEMP(K) =    62.61  PRESS =     0.0
 Etot   =    -82350.8491  EKtot   =      3889.4556  EPtot      =    -86240.3048
 BOND   =      8728.5061  ANGLE   =         0.0000  DIHED      =         0.0000
 1-4 NB =         0.0000  1-4 EEL =         0.0000  VDWAALS    =     19644.7305
 EELEC  =   -114613.5414  EHBOND  =         0.0000  RESTRAINT  =         0.0000
 DV/DL  =         4.6361
 ------------------------------------------------------------------------------

 NMR restraints: Bond =    0.000   Angle =     0.000   Torsion =     0.000
===============================================================================

| TI region  1


 NSTEP =    45000   TIME(PS) =      45.000  TEMP(K) =    69.65  PRESS =     0.0
 Etot   =    -81540.1606  EKtot   =      4328.0688  EPtot      =    -85868.2294
 BOND   =      8817.3088  ANGLE   =        -0.0000  DIHED      =        -0.0000
 1-4 NB =         0.0000  1-4 EEL =         0.0000  VDWAALS    =     19435.8763
 EELEC  =   -114121.4146  EHBOND  =         0.0000  RESTRAINT  =         0.0000
 DV/DL  =         6.3002
 ------------------------------------------------------------------------------

  Softcore part of the system:       7 atoms,       TEMP(K)    =          45.30
 SC_Etot=        10.4490  SC_EKtot=         0.9451  SC_EPtot   =         9.5039
 SC_BOND=         0.4260  SC_ANGLE=         3.5925  SC_DIHED   =         5.2090
 SC_14NB=         0.2764  SC_14EEL=         0.0000  SC_VDW     =         0.0000
 SC_EEL =         0.0000
 SC_RES_DIST=     0.0000  SC_RES_ANG=       0.0000  SC_RES_TORS=         0.0000
 SC_EEL_DER=      0.0000  SC_VDW_DER=      -0.5671  SC_DERIV   =        -0.5671
 ------------------------------------------------------------------------------


| TI region  2


 NSTEP =    45000   TIME(PS) =      45.000  TEMP(K) =    69.65  PRESS =     0.0
 Etot   =    -81541.1057  EKtot   =      4327.1237  EPtot      =    -85868.2294
 BOND   =      8817.3088  ANGLE   =        -0.0000  DIHED      =        -0.0000
 1-4 NB =         0.0000  1-4 EEL =         0.0000  VDWAALS    =     19435.8763
 EELEC  =   -114121.4146  EHBOND  =         0.0000  RESTRAINT  =         0.0000
 DV/DL  =         6.3002
 ------------------------------------------------------------------------------

 NMR restraints: Bond =    0.000   Angle =     0.000   Torsion =     0.000
===============================================================================

| TI region  1


 NSTEP =    50000   TIME(PS) =      50.000  TEMP(K) =    78.55  PRESS =     0.0
 Etot   =    -80542.3834  EKtot   =      4881.3022  EPtot      =    -85423.6857
 BOND   =      9115.6015  ANGLE   =         0.0000  DIHED      =         0.0000
 1-4 NB =         0.0000  1-4 EEL =         0.0000  VDWAALS    =     19392.4441
 EELEC  =   -113931.7313  EHBOND  =         0.0000  RESTRAINT  =         0.0000
 DV/DL  =         5.6207
 ------------------------------------------------------------------------------

  Softcore part of the system:       7 atoms,       TEMP(K)    =         125.81
 SC_Etot=        12.8536  SC_EKtot=         2.6251  SC_EPtot   =        10.2284
 SC_BOND=         1.5457  SC_ANGLE=         3.1480  SC_DIHED   =         5.2870
 SC_14NB=         0.2478  SC_14EEL=         0.0000  SC_VDW     =         0.0000
 SC_EEL =         0.0000
 SC_RES_DIST=     0.0000  SC_RES_ANG=       0.0000  SC_RES_TORS=         0.0000
 SC_EEL_DER=      0.0000  SC_VDW_DER=      -0.9539  SC_DERIV   =        -0.9539
 ------------------------------------------------------------------------------


| TI region  2


 NSTEP =    50000   TIME(PS) =      50.000  TEMP(K) =    78.53  PRESS =     0.0
 Etot   =    -80545.0086  EKtot   =      4878.6771  EPtot      =    -85423.6857
 BOND   =      9115.6015  ANGLE   =         0.0000  DIHED      =         0.0000
 1-4 NB =         0.0000  1-4 EEL =         0.0000  VDWAALS    =     19392.4441
 EELEC  =   -113931.7313  EHBOND  =         0.0000  RESTRAINT  =         0.0000
 DV/DL  =         5.6207
 ------------------------------------------------------------------------------

 NMR restraints: Bond =    0.000   Angle =     0.000   Torsion =     0.000
===============================================================================

| TI region  1


 NSTEP =    55000   TIME(PS) =      55.000  TEMP(K) =    86.60  PRESS =     0.0
 Etot   =    -79655.8291  EKtot   =      5381.5732  EPtot      =    -85037.4023
 BOND   =      9261.1794  ANGLE   =         0.0000  DIHED      =        -0.0000
 1-4 NB =         0.0000  1-4 EEL =         0.0000  VDWAALS    =     19375.1719
 EELEC  =   -113673.7536  EHBOND  =         0.0000  RESTRAINT  =         0.0000
 DV/DL  =         6.0505
 ------------------------------------------------------------------------------

  Softcore part of the system:       7 atoms,       TEMP(K)    =          61.93
 SC_Etot=        10.6568  SC_EKtot=         1.2923  SC_EPtot   =         9.3645
 SC_BOND=         0.6224  SC_ANGLE=         3.1662  SC_DIHED   =         5.2223
 SC_14NB=         0.3536  SC_14EEL=         0.0000  SC_VDW     =         0.0000
 SC_EEL =         0.0000
 SC_RES_DIST=     0.0000  SC_RES_ANG=       0.0000  SC_RES_TORS=         0.0000
 SC_EEL_DER=      0.0000  SC_VDW_DER=      -0.4223  SC_DERIV   =        -0.4223
 ------------------------------------------------------------------------------


| TI region  2


 NSTEP =    55000   TIME(PS) =      55.000  TEMP(K) =    86.61  PRESS =     0.0
 Etot   =    -79657.1214  EKtot   =      5380.2810  EPtot      =    -85037.4023
 BOND   =      9261.1794  ANGLE   =         0.0000  DIHED      =        -0.0000
 1-4 NB =         0.0000  1-4 EEL =         0.0000  VDWAALS    =     19375.1719
 EELEC  =   -113673.7536  EHBOND  =         0.0000  RESTRAINT  =         0.0000
 DV/DL  =         6.0505
 ------------------------------------------------------------------------------

 NMR restraints: Bond =    0.000   Angle =     0.000   Torsion =     0.000
===============================================================================

| TI region  1


 NSTEP =    60000   TIME(PS) =      60.000  TEMP(K) =    94.92  PRESS =     0.0
 Etot   =    -78763.7346  EKtot   =      5898.5527  EPtot      =    -84662.2874
 BOND   =      9591.2672  ANGLE   =        -0.0000  DIHED      =        -0.0000
 1-4 NB =         0.0000  1-4 EEL =         0.0000  VDWAALS    =     19600.8981
 EELEC  =   -113854.4527  EHBOND  =         0.0000  RESTRAINT  =         0.0000
 DV/DL  =         6.0521
 ------------------------------------------------------------------------------

  Softcore part of the system:       7 atoms,       TEMP(K)    =         114.07
 SC_Etot=        12.2530  SC_EKtot=         2.3801  SC_EPtot   =         9.8728
 SC_BOND=         0.7449  SC_ANGLE=         3.4693  SC_DIHED   =         5.2274
 SC_14NB=         0.4313  SC_14EEL=         0.0000  SC_VDW     =         0.0000
 SC_EEL =         0.0000
 SC_RES_DIST=     0.0000  SC_RES_ANG=       0.0000  SC_RES_TORS=         0.0000
 SC_EEL_DER=      0.0000  SC_VDW_DER=      -0.0400  SC_DERIV   =        -0.0400
 ------------------------------------------------------------------------------


| TI region  2


 NSTEP =    60000   TIME(PS) =      60.000  TEMP(K) =    94.91  PRESS =     0.0
 Etot   =    -78766.1148  EKtot   =      5896.1726  EPtot      =    -84662.2874
 BOND   =      9591.2672  ANGLE   =        -0.0000  DIHED      =        -0.0000
 1-4 NB =         0.0000  1-4 EEL =         0.0000  VDWAALS    =     19600.8981
 EELEC  =   -113854.4527  EHBOND  =         0.0000  RESTRAINT  =         0.0000
 DV/DL  =         6.0521
 ------------------------------------------------------------------------------

 NMR restraints: Bond =    0.000   Angle =     0.000   Torsion =     0.000
===============================================================================

| TI region  1


 NSTEP =    65000   TIME(PS) =      65.000  TEMP(K) =   101.79  PRESS =     0.0
 Etot   =    -77904.3491  EKtot   =      6325.5737  EPtot      =    -84229.9228
 BOND   =      9723.8536  ANGLE   =        -0.0000  DIHED      =         0.0000
 1-4 NB =         0.0000  1-4 EEL =         0.0000  VDWAALS    =     19539.6570
 EELEC  =   -113493.4334  EHBOND  =         0.0000  RESTRAINT  =         0.0000
 DV/DL  =         6.0255
 ------------------------------------------------------------------------------

  Softcore part of the system:       7 atoms,       TEMP(K)    =         105.03
 SC_Etot=        12.0465  SC_EKtot=         2.1915  SC_EPtot   =         9.8550
 SC_BOND=         0.3941  SC_ANGLE=         3.7704  SC_DIHED   =         5.2460
 SC_14NB=         0.4445  SC_14EEL=         0.0000  SC_VDW     =         0.0000
 SC_EEL =         0.0000
 SC_RES_DIST=     0.0000  SC_RES_ANG=       0.0000  SC_RES_TORS=         0.0000
 SC_EEL_DER=      0.0000  SC_VDW_DER=      -0.7627  SC_DERIV   =        -0.7627
 ------------------------------------------------------------------------------


| TI region  2


 NSTEP =    65000   TIME(PS) =      65.000  TEMP(K) =   101.79  PRESS =     0.0
 Etot   =    -77906.5406  EKtot   =      6323.3822  EPtot      =    -84229.9228
 BOND   =      9723.8536  ANGLE   =        -0.0000  DIHED      =         0.0000
 1-4 NB =         0.0000  1-4 EEL =         0.0000  VDWAALS    =     19539.6570
 EELEC  =   -113493.4334  EHBOND  =         0.0000  RESTRAINT  =         0.0000
 DV/DL  =         6.0255
 ------------------------------------------------------------------------------

 NMR restraints: Bond =    0.000   Angle =     0.000   Torsion =     0.000
===============================================================================

| TI region  1


 NSTEP =    70000   TIME(PS) =      70.000  TEMP(K) =   108.93  PRESS =     0.0
 Etot   =    -77084.2560  EKtot   =      6769.0752  EPtot      =    -83853.3312
 BOND   =      9724.9496  ANGLE   =        -0.0000  DIHED      =        -0.0000
 1-4 NB =         0.0000  1-4 EEL =         0.0000  VDWAALS    =     19339.0123
 EELEC  =   -112917.2930  EHBOND  =         0.0000  RESTRAINT  =         0.0000
 DV/DL  =         6.2527
 ------------------------------------------------------------------------------

  Softcore part of the system:       7 atoms,       TEMP(K)    =         122.67
 SC_Etot=        12.0892  SC_EKtot=         2.5597  SC_EPtot   =         9.5295
 SC_BOND=         0.9243  SC_ANGLE=         3.1788  SC_DIHED   =         5.2144
 SC_14NB=         0.2120  SC_14EEL=         0.0000  SC_VDW     =         0.0000
 SC_EEL =         0.0000
 SC_RES_DIST=     0.0000  SC_RES_ANG=       0.0000  SC_RES_TORS=         0.0000
 SC_EEL_DER=      0.0000  SC_VDW_DER=      -0.7062  SC_DERIV   =        -0.7062
 ------------------------------------------------------------------------------


| TI region  2


 NSTEP =    70000   TIME(PS) =      70.000  TEMP(K) =   108.92  PRESS =     0.0
 Etot   =    -77086.8156  EKtot   =      6766.5155  EPtot      =    -83853.3312
 BOND   =      9724.9496  ANGLE   =        -0.0000  DIHED      =        -0.0000
 1-4 NB =         0.0000  1-4 EEL =         0.0000  VDWAALS    =     19339.0123
 EELEC  =   -112917.2930  EHBOND  =         0.0000  RESTRAINT  =         0.0000
 DV/DL  =         6.2527
 ------------------------------------------------------------------------------

 NMR restraints: Bond =    0.000   Angle =     0.000   Torsion =     0.000
===============================================================================

| TI region  1


 NSTEP =    75000   TIME(PS) =      75.000  TEMP(K) =   117.85  PRESS =     0.0
 Etot   =    -76093.9877  EKtot   =      7323.5825  EPtot      =    -83417.5702
 BOND   =      9933.6442  ANGLE   =        -0.0000  DIHED      =         0.0000
 1-4 NB =         0.0000  1-4 EEL =         0.0000  VDWAALS    =     19247.2710
 EELEC  =   -112598.4854  EHBOND  =         0.0000  RESTRAINT  =         0.0000
 DV/DL  =         6.6758
 ------------------------------------------------------------------------------

  Softcore part of the system:       7 atoms,       TEMP(K)    =          75.17
 SC_Etot=        13.1197  SC_EKtot=         1.5684  SC_EPtot   =        11.5513
 SC_BOND=         1.0935  SC_ANGLE=         5.0333  SC_DIHED   =         5.2194
 SC_14NB=         0.2051  SC_14EEL=         0.0000  SC_VDW     =         0.0000
 SC_EEL =         0.0000
 SC_RES_DIST=     0.0000  SC_RES_ANG=       0.0000  SC_RES_TORS=         0.0000
 SC_EEL_DER=      0.0000  SC_VDW_DER=      -0.1783  SC_DERIV   =        -0.1783
 ------------------------------------------------------------------------------


| TI region  2


 NSTEP =    75000   TIME(PS) =      75.000  TEMP(K) =   117.86  PRESS =     0.0
 Etot   =    -76095.5561  EKtot   =      7322.0141  EPtot      =    -83417.5702
 BOND   =      9933.6442  ANGLE   =        -0.0000  DIHED      =         0.0000
 1-4 NB =         0.0000  1-4 EEL =         0.0000  VDWAALS    =     19247.2710
 EELEC  =   -112598.4854  EHBOND  =         0.0000  RESTRAINT  =         0.0000
 DV/DL  =         6.6758
 ------------------------------------------------------------------------------

 NMR restraints: Bond =    0.000   Angle =     0.000   Torsion =     0.000
===============================================================================

| TI region  1


 NSTEP =    80000   TIME(PS) =      80.000  TEMP(K) =   125.99  PRESS =     0.0
 Etot   =    -75219.2550  EKtot   =      7829.5806  EPtot      =    -83048.8356
 BOND   =     10174.1380  ANGLE   =        -0.0000  DIHED      =        -0.0000
 1-4 NB =         0.0000  1-4 EEL =         0.0000  VDWAALS    =     19299.8372
 EELEC  =   -112522.8108  EHBOND  =         0.0000  RESTRAINT  =         0.0000
 DV/DL  =         5.4310
 ------------------------------------------------------------------------------

  Softcore part of the system:       7 atoms,       TEMP(K)    =         161.52
 SC_Etot=        12.7132  SC_EKtot=         3.3702  SC_EPtot   =         9.3430
 SC_BOND=         0.3990  SC_ANGLE=         3.2573  SC_DIHED   =         5.2106
 SC_14NB=         0.4762  SC_14EEL=         0.0000  SC_VDW     =         0.0000
 SC_EEL =         0.0000
 SC_RES_DIST=     0.0000  SC_RES_ANG=       0.0000  SC_RES_TORS=         0.0000
 SC_EEL_DER=      0.0000  SC_VDW_DER=       0.1706  SC_DERIV   =         0.1706
 ------------------------------------------------------------------------------


| TI region  2


 NSTEP =    80000   TIME(PS) =      80.000  TEMP(K) =   125.98  PRESS =     0.0
 Etot   =    -75222.6252  EKtot   =      7826.2104  EPtot      =    -83048.8356
 BOND   =     10174.1380  ANGLE   =        -0.0000  DIHED      =        -0.0000
 1-4 NB =         0.0000  1-4 EEL =         0.0000  VDWAALS    =     19299.8372
 EELEC  =   -112522.8108  EHBOND  =         0.0000  RESTRAINT  =         0.0000
 DV/DL  =         5.4310
 ------------------------------------------------------------------------------

 NMR restraints: Bond =    0.000   Angle =     0.000   Torsion =     0.000
===============================================================================

| TI region  1


 NSTEP =    85000   TIME(PS) =      85.000  TEMP(K) =   132.27  PRESS =     0.0
 Etot   =    -74402.7300  EKtot   =      8219.7227  EPtot      =    -82622.4526
 BOND   =     10368.8644  ANGLE   =        -0.0000  DIHED      =        -0.0000
 1-4 NB =         0.0000  1-4 EEL =         0.0000  VDWAALS    =     19154.0474
 EELEC  =   -112145.3645  EHBOND  =         0.0000  RESTRAINT  =         0.0000
 DV/DL  =         5.8159
 ------------------------------------------------------------------------------

  Softcore part of the system:       7 atoms,       TEMP(K)    =          99.82
 SC_Etot=        12.0818  SC_EKtot=         2.0828  SC_EPtot   =         9.9990
 SC_BOND=         1.0625  SC_ANGLE=         3.3882  SC_DIHED   =         5.2475
 SC_14NB=         0.3008  SC_14EEL=         0.0000  SC_VDW     =         0.0000
 SC_EEL =         0.0000
 SC_RES_DIST=     0.0000  SC_RES_ANG=       0.0000  SC_RES_TORS=         0.0000
 SC_EEL_DER=      0.0000  SC_VDW_DER=      -0.2198  SC_DERIV   =        -0.2198
 ------------------------------------------------------------------------------


| TI region  2


 NSTEP =    85000   TIME(PS) =      85.000  TEMP(K) =   132.28  PRESS =     0.0
 Etot   =    -74404.8128  EKtot   =      8217.6398  EPtot      =    -82622.4526
 BOND   =     10368.8644  ANGLE   =        -0.0000  DIHED      =        -0.0000
 1-4 NB =         0.0000  1-4 EEL =         0.0000  VDWAALS    =     19154.0474
 EELEC  =   -112145.3645  EHBOND  =         0.0000  RESTRAINT  =         0.0000
 DV/DL  =         5.8159
 ------------------------------------------------------------------------------

 NMR restraints: Bond =    0.000   Angle =     0.000   Torsion =     0.000
===============================================================================

| TI region  1


 NSTEP =    90000   TIME(PS) =      90.000  TEMP(K) =   142.03  PRESS =     0.0
 Etot   =    -73418.9253  EKtot   =      8826.4785  EPtot      =    -82245.4039
 BOND   =     10429.6478  ANGLE   =         0.0000  DIHED      =        -0.0000
 1-4 NB =         0.0000  1-4 EEL =         0.0000  VDWAALS    =     18932.5049
 EELEC  =   -111607.5566  EHBOND  =         0.0000  RESTRAINT  =         0.0000
 DV/DL  =         3.8360
 ------------------------------------------------------------------------------

  Softcore part of the system:       7 atoms,       TEMP(K)    =         153.64
 SC_Etot=        12.5744  SC_EKtot=         3.2057  SC_EPtot   =         9.3687
 SC_BOND=         0.6220  SC_ANGLE=         3.1494  SC_DIHED   =         5.2159
 SC_14NB=         0.3814  SC_14EEL=         0.0000  SC_VDW     =         0.0000
 SC_EEL =         0.0000
 SC_RES_DIST=     0.0000  SC_RES_ANG=       0.0000  SC_RES_TORS=         0.0000
 SC_EEL_DER=      0.0000  SC_VDW_DER=      -1.9811  SC_DERIV   =        -1.9811
 ------------------------------------------------------------------------------


| TI region  2


 NSTEP =    90000   TIME(PS) =      90.000  TEMP(K) =   142.03  PRESS =     0.0
 Etot   =    -73422.1311  EKtot   =      8823.2728  EPtot      =    -82245.4039
 BOND   =     10429.6478  ANGLE   =         0.0000  DIHED      =        -0.0000
 1-4 NB =         0.0000  1-4 EEL =         0.0000  VDWAALS    =     18932.5049
 EELEC  =   -111607.5566  EHBOND  =         0.0000  RESTRAINT  =         0.0000
 DV/DL  =         3.8360
 ------------------------------------------------------------------------------

 NMR restraints: Bond =    0.000   Angle =     0.000   Torsion =     0.000
===============================================================================

| TI region  1


 NSTEP =    95000   TIME(PS) =      95.000  TEMP(K) =   149.95  PRESS =     0.0
 Etot   =    -72305.6258  EKtot   =      9318.1494  EPtot      =    -81623.7753
 BOND   =     10544.5444  ANGLE   =         0.0000  DIHED      =        -0.0000
 1-4 NB =         0.0000  1-4 EEL =         0.0000  VDWAALS    =     18944.1953
 EELEC  =   -111112.5149  EHBOND  =         0.0000  RESTRAINT  =         0.0000
 DV/DL  =         5.7408
 ------------------------------------------------------------------------------

  Softcore part of the system:       7 atoms,       TEMP(K)    =         205.34
 SC_Etot=        15.0393  SC_EKtot=         4.2846  SC_EPtot   =        10.7547
 SC_BOND=         1.1601  SC_ANGLE=         3.9500  SC_DIHED   =         5.2179
 SC_14NB=         0.4267  SC_14EEL=         0.0000  SC_VDW     =         0.0000
 SC_EEL =         0.0000
 SC_RES_DIST=     0.0000  SC_RES_ANG=       0.0000  SC_RES_TORS=         0.0000
 SC_EEL_DER=      0.0000  SC_VDW_DER=      -1.9365  SC_DERIV   =        -1.9365
 ------------------------------------------------------------------------------


| TI region  2


 NSTEP =    95000   TIME(PS) =      95.000  TEMP(K) =   149.93  PRESS =     0.0
 Etot   =    -72309.9104  EKtot   =      9313.8648  EPtot      =    -81623.7753
 BOND   =     10544.5444  ANGLE   =         0.0000  DIHED      =        -0.0000
 1-4 NB =         0.0000  1-4 EEL =         0.0000  VDWAALS    =     18944.1953
 EELEC  =   -111112.5149  EHBOND  =         0.0000  RESTRAINT  =         0.0000
 DV/DL  =         5.7408
 ------------------------------------------------------------------------------

 NMR restraints: Bond =    0.000   Angle =     0.000   Torsion =     0.000
===============================================================================

| TI region  1


 NSTEP =   100000   TIME(PS) =     100.000  TEMP(K) =   156.42  PRESS =     0.0
 Etot   =    -71353.7461  EKtot   =      9720.7295  EPtot      =    -81074.4756
 BOND   =     10872.0291  ANGLE   =         0.0000  DIHED      =        -0.0000
 1-4 NB =         0.0000  1-4 EEL =         0.0000  VDWAALS    =     18879.5910
 EELEC  =   -110826.0956  EHBOND  =         0.0000  RESTRAINT  =         0.0000
 DV/DL  =         4.6283
 ------------------------------------------------------------------------------

  Softcore part of the system:       7 atoms,       TEMP(K)    =         167.03
 SC_Etot=        13.9183  SC_EKtot=         3.4852  SC_EPtot   =        10.4331
 SC_BOND=         0.5031  SC_ANGLE=         4.1860  SC_DIHED   =         5.2163
 SC_14NB=         0.5276  SC_14EEL=         0.0000  SC_VDW     =         0.0000
 SC_EEL =         0.0000
 SC_RES_DIST=     0.0000  SC_RES_ANG=       0.0000  SC_RES_TORS=         0.0000
 SC_EEL_DER=      0.0000  SC_VDW_DER=      -2.1270  SC_DERIV   =        -2.1270
 ------------------------------------------------------------------------------


| TI region  2


 NSTEP =   100000   TIME(PS) =     100.000  TEMP(K) =   156.42  PRESS =     0.0
 Etot   =    -71357.2312  EKtot   =      9717.2443  EPtot      =    -81074.4756
 BOND   =     10872.0291  ANGLE   =         0.0000  DIHED      =        -0.0000
 1-4 NB =         0.0000  1-4 EEL =         0.0000  VDWAALS    =     18879.5910
 EELEC  =   -110826.0956  EHBOND  =         0.0000  RESTRAINT  =         0.0000
 DV/DL  =         4.6283
 ------------------------------------------------------------------------------

 NMR restraints: Bond =    0.000   Angle =     0.000   Torsion =     0.000
===============================================================================

| TI region  1


 NSTEP =   105000   TIME(PS) =     105.000  TEMP(K) =   163.85  PRESS =     0.0
 Etot   =    -70478.2453  EKtot   =     10182.2158  EPtot      =    -80660.4611
 BOND   =     10953.9894  ANGLE   =        -0.0000  DIHED      =        -0.0000
 1-4 NB =         0.0000  1-4 EEL =         0.0000  VDWAALS    =     18792.7816
 EELEC  =   -110407.2322  EHBOND  =         0.0000  RESTRAINT  =         0.0000
 DV/DL  =         6.5270
 ------------------------------------------------------------------------------

  Softcore part of the system:       7 atoms,       TEMP(K)    =         234.51
 SC_Etot=        15.6755  SC_EKtot=         4.8931  SC_EPtot   =        10.7824
 SC_BOND=         1.0527  SC_ANGLE=         4.2067  SC_DIHED   =         5.2108
 SC_14NB=         0.3121  SC_14EEL=         0.0000  SC_VDW     =         0.0000
 SC_EEL =         0.0000
 SC_RES_DIST=     0.0000  SC_RES_ANG=       0.0000  SC_RES_TORS=         0.0000
 SC_EEL_DER=      0.0000  SC_VDW_DER=       0.1865  SC_DERIV   =         0.1865
 ------------------------------------------------------------------------------


| TI region  2


 NSTEP =   105000   TIME(PS) =     105.000  TEMP(K) =   163.83  PRESS =     0.0
 Etot   =    -70483.1384  EKtot   =     10177.3227  EPtot      =    -80660.4611
 BOND   =     10953.9894  ANGLE   =        -0.0000  DIHED      =        -0.0000
 1-4 NB =         0.0000  1-4 EEL =         0.0000  VDWAALS    =     18792.7816
 EELEC  =   -110407.2322  EHBOND  =         0.0000  RESTRAINT  =         0.0000
 DV/DL  =         6.5270
 ------------------------------------------------------------------------------

 NMR restraints: Bond =    0.000   Angle =     0.000   Torsion =     0.000
===============================================================================

| TI region  1


 NSTEP =   110000   TIME(PS) =     110.000  TEMP(K) =   172.71  PRESS =     0.0
 Etot   =    -69392.4421  EKtot   =     10732.6875  EPtot      =    -80125.1296
 BOND   =     11063.7396  ANGLE   =         0.0000  DIHED      =        -0.0000
 1-4 NB =         0.0000  1-4 EEL =         0.0000  VDWAALS    =     18535.0055
 EELEC  =   -109723.8746  EHBOND  =         0.0000  RESTRAINT  =         0.0000
 DV/DL  =         4.8404
 ------------------------------------------------------------------------------

  Softcore part of the system:       7 atoms,       TEMP(K)    =         146.72
 SC_Etot=        13.2024  SC_EKtot=         3.0615  SC_EPtot   =        10.1410
 SC_BOND=         1.2163  SC_ANGLE=         3.2517  SC_DIHED   =         5.2403
 SC_14NB=         0.4327  SC_14EEL=         0.0000  SC_VDW     =         0.0000
 SC_EEL =         0.0000
 SC_RES_DIST=     0.0000  SC_RES_ANG=       0.0000  SC_RES_TORS=         0.0000
 SC_EEL_DER=      0.0000  SC_VDW_DER=      -1.4629  SC_DERIV   =        -1.4629
 ------------------------------------------------------------------------------


| TI region  2


 NSTEP =   110000   TIME(PS) =     110.000  TEMP(K) =   172.72  PRESS =     0.0
 Etot   =    -69395.5036  EKtot   =     10729.6260  EPtot      =    -80125.1296
 BOND   =     11063.7396  ANGLE   =         0.0000  DIHED      =        -0.0000
 1-4 NB =         0.0000  1-4 EEL =         0.0000  VDWAALS    =     18535.0055
 EELEC  =   -109723.8746  EHBOND  =         0.0000  RESTRAINT  =         0.0000
 DV/DL  =         4.8404
 ------------------------------------------------------------------------------

 NMR restraints: Bond =    0.000   Angle =     0.000   Torsion =     0.000
===============================================================================

| TI region  1


 NSTEP =   115000   TIME(PS) =     115.000  TEMP(K) =   179.46  PRESS =     0.0
 Etot   =    -68444.6918  EKtot   =     11152.4287  EPtot      =    -79597.1205
 BOND   =     11243.9085  ANGLE   =         0.0000  DIHED      =         0.0000
 1-4 NB =         0.0000  1-4 EEL =         0.0000  VDWAALS    =     18363.5601
 EELEC  =   -109204.5891  EHBOND  =         0.0000  RESTRAINT  =         0.0000
 DV/DL  =         5.2880
 ------------------------------------------------------------------------------

  Softcore part of the system:       7 atoms,       TEMP(K)    =         151.88
 SC_Etot=        15.2128  SC_EKtot=         3.1691  SC_EPtot   =        12.0437
 SC_BOND=         2.8218  SC_ANGLE=         3.6493  SC_DIHED   =         5.2667
 SC_14NB=         0.3059  SC_14EEL=         0.0000  SC_VDW     =         0.0000
 SC_EEL =         0.0000
 SC_RES_DIST=     0.0000  SC_RES_ANG=       0.0000  SC_RES_TORS=         0.0000
 SC_EEL_DER=      0.0000  SC_VDW_DER=      -0.3205  SC_DERIV   =        -0.3205
 ------------------------------------------------------------------------------


| TI region  2


 NSTEP =   115000   TIME(PS) =     115.000  TEMP(K) =   179.47  PRESS =     0.0
 Etot   =    -68447.8609  EKtot   =     11149.2596  EPtot      =    -79597.1205
 BOND   =     11243.9085  ANGLE   =         0.0000  DIHED      =         0.0000
 1-4 NB =         0.0000  1-4 EEL =         0.0000  VDWAALS    =     18363.5601
 EELEC  =   -109204.5891  EHBOND  =         0.0000  RESTRAINT  =         0.0000
 DV/DL  =         5.2880
 ------------------------------------------------------------------------------

 NMR restraints: Bond =    0.000   Angle =     0.000   Torsion =     0.000
===============================================================================

| TI region  1


 NSTEP =   120000   TIME(PS) =     120.000  TEMP(K) =   187.81  PRESS =     0.0
 Etot   =    -67223.6969  EKtot   =     11671.3662  EPtot      =    -78895.0631
 BOND   =     11556.3016  ANGLE   =         0.0000  DIHED      =        -0.0000
 1-4 NB =         0.0000  1-4 EEL =         0.0000  VDWAALS    =     18315.6257
 EELEC  =   -108766.9905  EHBOND  =         0.0000  RESTRAINT  =         0.0000
 DV/DL  =         5.6827
 ------------------------------------------------------------------------------

  Softcore part of the system:       7 atoms,       TEMP(K)    =         241.20
 SC_Etot=        16.2230  SC_EKtot=         5.0328  SC_EPtot   =        11.1902
 SC_BOND=         1.2531  SC_ANGLE=         4.3799  SC_DIHED   =         5.2208
 SC_14NB=         0.3364  SC_14EEL=         0.0000  SC_VDW     =         0.0000
 SC_EEL =         0.0000
 SC_RES_DIST=     0.0000  SC_RES_ANG=       0.0000  SC_RES_TORS=         0.0000
 SC_EEL_DER=      0.0000  SC_VDW_DER=      -0.4756  SC_DERIV   =        -0.4756
 ------------------------------------------------------------------------------


| TI region  2


 NSTEP =   120000   TIME(PS) =     120.000  TEMP(K) =   187.80  PRESS =     0.0
 Etot   =    -67228.7297  EKtot   =     11666.3334  EPtot      =    -78895.0631
 BOND   =     11556.3016  ANGLE   =         0.0000  DIHED      =        -0.0000
 1-4 NB =         0.0000  1-4 EEL =         0.0000  VDWAALS    =     18315.6257
 EELEC  =   -108766.9905  EHBOND  =         0.0000  RESTRAINT  =         0.0000
 DV/DL  =         5.6827
 ------------------------------------------------------------------------------

 NMR restraints: Bond =    0.000   Angle =     0.000   Torsion =     0.000
===============================================================================

| TI region  1


 NSTEP =   125000   TIME(PS) =     125.000  TEMP(K) =   196.82  PRESS =     0.0
 Etot   =    -66128.5678  EKtot   =     12230.7803  EPtot      =    -78359.3481
 BOND   =     11624.3239  ANGLE   =        -0.0000  DIHED      =         0.0000
 1-4 NB =         0.0000  1-4 EEL =         0.0000  VDWAALS    =     17964.4344
 EELEC  =   -107948.1063  EHBOND  =         0.0000  RESTRAINT  =         0.0000
 DV/DL  =         6.8891
 ------------------------------------------------------------------------------

  Softcore part of the system:       7 atoms,       TEMP(K)    =         294.09
 SC_Etot=        16.7049  SC_EKtot=         6.1364  SC_EPtot   =        10.5686
 SC_BOND=         1.0976  SC_ANGLE=         3.9150  SC_DIHED   =         5.2251
 SC_14NB=         0.3308  SC_14EEL=         0.0000  SC_VDW     =         0.0000
 SC_EEL =         0.0000
 SC_RES_DIST=     0.0000  SC_RES_ANG=       0.0000  SC_RES_TORS=         0.0000
 SC_EEL_DER=      0.0000  SC_VDW_DER=       0.0949  SC_DERIV   =         0.0949
 ------------------------------------------------------------------------------


| TI region  2


 NSTEP =   125000   TIME(PS) =     125.000  TEMP(K) =   196.78  PRESS =     0.0
 Etot   =    -66134.7042  EKtot   =     12224.6439  EPtot      =    -78359.3481
 BOND   =     11624.3239  ANGLE   =        -0.0000  DIHED      =         0.0000
 1-4 NB =         0.0000  1-4 EEL =         0.0000  VDWAALS    =     17964.4344
 EELEC  =   -107948.1063  EHBOND  =         0.0000  RESTRAINT  =         0.0000
 DV/DL  =         6.8891
 ------------------------------------------------------------------------------

 NMR restraints: Bond =    0.000   Angle =     0.000   Torsion =     0.000
===============================================================================

| TI region  1


 NSTEP =   130000   TIME(PS) =     130.000  TEMP(K) =   204.77  PRESS =     0.0
 Etot   =    -64921.5386  EKtot   =     12725.2832  EPtot      =    -77646.8218
 BOND   =     11746.8104  ANGLE   =        -0.0000  DIHED      =        -0.0000
 1-4 NB =         0.0000  1-4 EEL =         0.0000  VDWAALS    =     18045.8386
 EELEC  =   -107439.4707  EHBOND  =         0.0000  RESTRAINT  =         0.0000
 DV/DL  =         5.1931
 ------------------------------------------------------------------------------

  Softcore part of the system:       7 atoms,       TEMP(K)    =         169.86
 SC_Etot=        15.2584  SC_EKtot=         3.5441  SC_EPtot   =        11.7143
 SC_BOND=         0.7240  SC_ANGLE=         5.2714  SC_DIHED   =         5.2705
 SC_14NB=         0.4483  SC_14EEL=         0.0000  SC_VDW     =         0.0000
 SC_EEL =         0.0000
 SC_RES_DIST=     0.0000  SC_RES_ANG=       0.0000  SC_RES_TORS=         0.0000
 SC_EEL_DER=      0.0000  SC_VDW_DER=      -1.3595  SC_DERIV   =        -1.3595
 ------------------------------------------------------------------------------


| TI region  2


 NSTEP =   130000   TIME(PS) =     130.000  TEMP(K) =   204.78  PRESS =     0.0
 Etot   =    -64925.0827  EKtot   =     12721.7391  EPtot      =    -77646.8218
 BOND   =     11746.8104  ANGLE   =        -0.0000  DIHED      =        -0.0000
 1-4 NB =         0.0000  1-4 EEL =         0.0000  VDWAALS    =     18045.8386
 EELEC  =   -107439.4707  EHBOND  =         0.0000  RESTRAINT  =         0.0000
 DV/DL  =         5.1931
 ------------------------------------------------------------------------------

 NMR restraints: Bond =    0.000   Angle =     0.000   Torsion =     0.000
===============================================================================

| TI region  1


 NSTEP =   135000   TIME(PS) =     135.000  TEMP(K) =   213.19  PRESS =     0.0
 Etot   =    -63725.1774  EKtot   =     13248.2705  EPtot      =    -76973.4479
 BOND   =     11910.0599  ANGLE   =         0.0000  DIHED      =         0.0000
 1-4 NB =         0.0000  1-4 EEL =         0.0000  VDWAALS    =     17584.6593
 EELEC  =   -106468.1671  EHBOND  =         0.0000  RESTRAINT  =         0.0000
 DV/DL  =         5.6897
 ------------------------------------------------------------------------------

  Softcore part of the system:       7 atoms,       TEMP(K)    =         132.29
 SC_Etot=        14.5505  SC_EKtot=         2.7603  SC_EPtot   =        11.7901
 SC_BOND=         0.8594  SC_ANGLE=         5.2359  SC_DIHED   =         5.4802
 SC_14NB=         0.2146  SC_14EEL=         0.0000  SC_VDW     =         0.0000
 SC_EEL =         0.0000
 SC_RES_DIST=     0.0000  SC_RES_ANG=       0.0000  SC_RES_TORS=         0.0000
 SC_EEL_DER=      0.0000  SC_VDW_DER=      -0.7529  SC_DERIV   =        -0.7529
 ------------------------------------------------------------------------------


| TI region  2


 NSTEP =   135000   TIME(PS) =     135.000  TEMP(K) =   213.22  PRESS =     0.0
 Etot   =    -63727.9377  EKtot   =     13245.5102  EPtot      =    -76973.4479
 BOND   =     11910.0599  ANGLE   =         0.0000  DIHED      =         0.0000
 1-4 NB =         0.0000  1-4 EEL =         0.0000  VDWAALS    =     17584.6593
 EELEC  =   -106468.1671  EHBOND  =         0.0000  RESTRAINT  =         0.0000
 DV/DL  =         5.6897
 ------------------------------------------------------------------------------

 NMR restraints: Bond =    0.000   Angle =     0.000   Torsion =     0.000
===============================================================================

| TI region  1


 NSTEP =   140000   TIME(PS) =     140.000  TEMP(K) =   218.71  PRESS =     0.0
 Etot   =    -62523.3753  EKtot   =     13591.3379  EPtot      =    -76114.7132
 BOND   =     11991.0857  ANGLE   =        -0.0000  DIHED      =         0.0000
 1-4 NB =         0.0000  1-4 EEL =         0.0000  VDWAALS    =     17560.3956
 EELEC  =   -105666.1945  EHBOND  =         0.0000  RESTRAINT  =         0.0000
 DV/DL  =         4.8624
 ------------------------------------------------------------------------------

  Softcore part of the system:       7 atoms,       TEMP(K)    =         202.17
 SC_Etot=        15.1185  SC_EKtot=         4.2183  SC_EPtot   =        10.9001
 SC_BOND=         0.6677  SC_ANGLE=         4.7212  SC_DIHED   =         5.2164
 SC_14NB=         0.2949  SC_14EEL=         0.0000  SC_VDW     =         0.0000
 SC_EEL =         0.0000
 SC_RES_DIST=     0.0000  SC_RES_ANG=       0.0000  SC_RES_TORS=         0.0000
 SC_EEL_DER=      0.0000  SC_VDW_DER=      -1.1874  SC_DERIV   =        -1.1874
 ------------------------------------------------------------------------------


| TI region  2


 NSTEP =   140000   TIME(PS) =     140.000  TEMP(K) =   218.71  PRESS =     0.0
 Etot   =    -62527.5936  EKtot   =     13587.1195  EPtot      =    -76114.7132
 BOND   =     11991.0857  ANGLE   =        -0.0000  DIHED      =         0.0000
 1-4 NB =         0.0000  1-4 EEL =         0.0000  VDWAALS    =     17560.3956
 EELEC  =   -105666.1945  EHBOND  =         0.0000  RESTRAINT  =         0.0000
 DV/DL  =         4.8624
 ------------------------------------------------------------------------------

 NMR restraints: Bond =    0.000   Angle =     0.000   Torsion =     0.000
===============================================================================

| TI region  1


 NSTEP =   145000   TIME(PS) =     145.000  TEMP(K) =   229.07  PRESS =     0.0
 Etot   =    -61137.9169  EKtot   =     14235.0371  EPtot      =    -75372.9540
 BOND   =     12073.4110  ANGLE   =         0.0000  DIHED      =        -0.0000
 1-4 NB =         0.0000  1-4 EEL =         0.0000  VDWAALS    =     16937.6404
 EELEC  =   -104384.0054  EHBOND  =         0.0000  RESTRAINT  =         0.0000
 DV/DL  =         2.8774
 ------------------------------------------------------------------------------

  Softcore part of the system:       7 atoms,       TEMP(K)    =         142.71
 SC_Etot=        16.3002  SC_EKtot=         2.9778  SC_EPtot   =        13.3224
 SC_BOND=         2.0917  SC_ANGLE=         5.3988  SC_DIHED   =         5.4192
 SC_14NB=         0.4128  SC_14EEL=         0.0000  SC_VDW     =         0.0000
 SC_EEL =         0.0000
 SC_RES_DIST=     0.0000  SC_RES_ANG=       0.0000  SC_RES_TORS=         0.0000
 SC_EEL_DER=      0.0000  SC_VDW_DER=      -3.0934  SC_DERIV   =        -3.0934
 ------------------------------------------------------------------------------


| TI region  2


 NSTEP =   145000   TIME(PS) =     145.000  TEMP(K) =   229.10  PRESS =     0.0
 Etot   =    -61140.8947  EKtot   =     14232.0593  EPtot      =    -75372.9540
 BOND   =     12073.4110  ANGLE   =         0.0000  DIHED      =        -0.0000
 1-4 NB =         0.0000  1-4 EEL =         0.0000  VDWAALS    =     16937.6404
 EELEC  =   -104384.0054  EHBOND  =         0.0000  RESTRAINT  =         0.0000
 DV/DL  =         2.8774
 ------------------------------------------------------------------------------

 NMR restraints: Bond =    0.000   Angle =     0.000   Torsion =     0.000
===============================================================================

| TI region  1


 NSTEP =   150000   TIME(PS) =     150.000  TEMP(K) =   235.55  PRESS =     0.0
 Etot   =    -59761.6903  EKtot   =     14637.6758  EPtot      =    -74399.3661
 BOND   =     12122.4610  ANGLE   =         0.0000  DIHED      =        -0.0000
 1-4 NB =         0.0000  1-4 EEL =         0.0000  VDWAALS    =     16584.1683
 EELEC  =   -103105.9954  EHBOND  =         0.0000  RESTRAINT  =         0.0000
 DV/DL  =         2.5279
 ------------------------------------------------------------------------------

  Softcore part of the system:       7 atoms,       TEMP(K)    =         229.17
 SC_Etot=        17.3812  SC_EKtot=         4.7817  SC_EPtot   =        12.5995
 SC_BOND=         1.3125  SC_ANGLE=         5.9956  SC_DIHED   =         5.2207
 SC_14NB=         0.0707  SC_14EEL=         0.0000  SC_VDW     =         0.0000
 SC_EEL =         0.0000
 SC_RES_DIST=     0.0000  SC_RES_ANG=       0.0000  SC_RES_TORS=         0.0000
 SC_EEL_DER=      0.0000  SC_VDW_DER=      -3.2777  SC_DERIV   =        -3.2777
 ------------------------------------------------------------------------------


| TI region  2


 NSTEP =   150000   TIME(PS) =     150.000  TEMP(K) =   235.55  PRESS =     0.0
 Etot   =    -59766.4721  EKtot   =     14632.8941  EPtot      =    -74399.3661
 BOND   =     12122.4610  ANGLE   =         0.0000  DIHED      =        -0.0000
 1-4 NB =         0.0000  1-4 EEL =         0.0000  VDWAALS    =     16584.1683
 EELEC  =   -103105.9954  EHBOND  =         0.0000  RESTRAINT  =         0.0000
 DV/DL  =         2.5279
 ------------------------------------------------------------------------------

 NMR restraints: Bond =    0.000   Angle =     0.000   Torsion =     0.000
===============================================================================

| TI region  1


 NSTEP =   155000   TIME(PS) =     155.000  TEMP(K) =   244.69  PRESS =     0.0
 Etot   =    -58066.7521  EKtot   =     15206.0049  EPtot      =    -73272.7570
 BOND   =     12275.4330  ANGLE   =         0.0000  DIHED      =         0.0000
 1-4 NB =         0.0000  1-4 EEL =         0.0000  VDWAALS    =     16192.5064
 EELEC  =   -101740.6964  EHBOND  =         0.0000  RESTRAINT  =         0.0000
 DV/DL  =         7.4131
 ------------------------------------------------------------------------------

  Softcore part of the system:       7 atoms,       TEMP(K)    =         120.32
 SC_Etot=        15.1507  SC_EKtot=         2.5105  SC_EPtot   =        12.6402
 SC_BOND=         1.6975  SC_ANGLE=         5.5982  SC_DIHED   =         5.2228
 SC_14NB=         0.1217  SC_14EEL=         0.0000  SC_VDW     =         0.0000
 SC_EEL =         0.0000
 SC_RES_DIST=     0.0000  SC_RES_ANG=       0.0000  SC_RES_TORS=         0.0000
 SC_EEL_DER=      0.0000  SC_VDW_DER=      -0.8736  SC_DERIV   =        -0.8736
 ------------------------------------------------------------------------------


| TI region  2


 NSTEP =   155000   TIME(PS) =     155.000  TEMP(K) =   244.73  PRESS =     0.0
 Etot   =    -58069.2626  EKtot   =     15203.4944  EPtot      =    -73272.7570
 BOND   =     12275.4330  ANGLE   =         0.0000  DIHED      =         0.0000
 1-4 NB =         0.0000  1-4 EEL =         0.0000  VDWAALS    =     16192.5064
 EELEC  =   -101740.6964  EHBOND  =         0.0000  RESTRAINT  =         0.0000
 DV/DL  =         7.4131
 ------------------------------------------------------------------------------

 NMR restraints: Bond =    0.000   Angle =     0.000   Torsion =     0.000
===============================================================================

| TI region  1


 NSTEP =   160000   TIME(PS) =     160.000  TEMP(K) =   251.63  PRESS =     0.0
 Etot   =    -56413.5884  EKtot   =     15637.3320  EPtot      =    -72050.9205
 BOND   =     12427.5459  ANGLE   =         0.0000  DIHED      =        -0.0000
 1-4 NB =         0.0000  1-4 EEL =         0.0000  VDWAALS    =     15971.7492
 EELEC  =   -100450.2156  EHBOND  =         0.0000  RESTRAINT  =         0.0000
 DV/DL  =         1.2643
 ------------------------------------------------------------------------------

  Softcore part of the system:       7 atoms,       TEMP(K)    =         241.44
 SC_Etot=        15.8633  SC_EKtot=         5.0378  SC_EPtot   =        10.8254
 SC_BOND=         1.1506  SC_ANGLE=         4.0059  SC_DIHED   =         5.2295
 SC_14NB=         0.4394  SC_14EEL=         0.0000  SC_VDW     =         0.0000
 SC_EEL =         0.0000
 SC_RES_DIST=     0.0000  SC_RES_ANG=       0.0000  SC_RES_TORS=         0.0000
 SC_EEL_DER=      0.0000  SC_VDW_DER=      -5.1508  SC_DERIV   =        -5.1508
 ------------------------------------------------------------------------------


| TI region  2


 NSTEP =   160000   TIME(PS) =     160.000  TEMP(K) =   251.64  PRESS =     0.0
 Etot   =    -56418.6263  EKtot   =     15632.2942  EPtot      =    -72050.9205
 BOND   =     12427.5459  ANGLE   =         0.0000  DIHED      =        -0.0000
 1-4 NB =         0.0000  1-4 EEL =         0.0000  VDWAALS    =     15971.7492
 EELEC  =   -100450.2156  EHBOND  =         0.0000  RESTRAINT  =         0.0000
 DV/DL  =         1.2643
 ------------------------------------------------------------------------------

 NMR restraints: Bond =    0.000   Angle =     0.000   Torsion =     0.000
===============================================================================

| TI region  1


 NSTEP =   165000   TIME(PS) =     165.000  TEMP(K) =   261.33  PRESS =     0.0
 Etot   =    -54922.3453  EKtot   =     16240.0986  EPtot      =    -71162.4439
 BOND   =     12414.5081  ANGLE   =         0.0000  DIHED      =        -0.0000
 1-4 NB =         0.0000  1-4 EEL =         0.0000  VDWAALS    =     15400.1134
 EELEC  =    -98977.0654  EHBOND  =         0.0000  RESTRAINT  =         0.0000
 DV/DL  =         7.1230
 ------------------------------------------------------------------------------

  Softcore part of the system:       7 atoms,       TEMP(K)    =         205.43
 SC_Etot=        15.3112  SC_EKtot=         4.2863  SC_EPtot   =        11.0249
 SC_BOND=         1.0272  SC_ANGLE=         4.5140  SC_DIHED   =         5.2099
 SC_14NB=         0.2738  SC_14EEL=         0.0000  SC_VDW     =         0.0000
 SC_EEL =         0.0000
 SC_RES_DIST=     0.0000  SC_RES_ANG=       0.0000  SC_RES_TORS=         0.0000
 SC_EEL_DER=      0.0000  SC_VDW_DER=      -0.3201  SC_DERIV   =        -0.3201
 ------------------------------------------------------------------------------


| TI region  2


 NSTEP =   165000   TIME(PS) =     165.000  TEMP(K) =   261.35  PRESS =     0.0
 Etot   =    -54926.6316  EKtot   =     16235.8123  EPtot      =    -71162.4439
 BOND   =     12414.5081  ANGLE   =         0.0000  DIHED      =        -0.0000
 1-4 NB =         0.0000  1-4 EEL =         0.0000  VDWAALS    =     15400.1134
 EELEC  =    -98977.0654  EHBOND  =         0.0000  RESTRAINT  =         0.0000
 DV/DL  =         7.1230
 ------------------------------------------------------------------------------

 NMR restraints: Bond =    0.000   Angle =     0.000   Torsion =     0.000
===============================================================================

| TI region  1


 NSTEP =   170000   TIME(PS) =     170.000  TEMP(K) =   268.07  PRESS =     0.0
 Etot   =    -53525.2602  EKtot   =     16658.5254  EPtot      =    -70183.7856
 BOND   =     12506.0323  ANGLE   =         0.0000  DIHED      =        -0.0000
 1-4 NB =         0.0000  1-4 EEL =         0.0000  VDWAALS    =     15181.5696
 EELEC  =    -97871.3875  EHBOND  =         0.0000  RESTRAINT  =         0.0000
 DV/DL  =         4.4026
 ------------------------------------------------------------------------------

  Softcore part of the system:       7 atoms,       TEMP(K)    =         289.11
 SC_Etot=        18.2486  SC_EKtot=         6.0325  SC_EPtot   =        12.2161
 SC_BOND=         1.0969  SC_ANGLE=         5.0578  SC_DIHED   =         5.2642
 SC_14NB=         0.7972  SC_14EEL=         0.0000  SC_VDW     =         0.0000
 SC_EEL =         0.0000
 SC_RES_DIST=     0.0000  SC_RES_ANG=       0.0000  SC_RES_TORS=         0.0000
 SC_EEL_DER=      0.0000  SC_VDW_DER=      -1.8301  SC_DERIV   =        -1.8301
 ------------------------------------------------------------------------------


| TI region  2


 NSTEP =   170000   TIME(PS) =     170.000  TEMP(K) =   268.06  PRESS =     0.0
 Etot   =    -53531.2927  EKtot   =     16652.4929  EPtot      =    -70183.7856
 BOND   =     12506.0323  ANGLE   =         0.0000  DIHED      =        -0.0000
 1-4 NB =         0.0000  1-4 EEL =         0.0000  VDWAALS    =     15181.5696
 EELEC  =    -97871.3875  EHBOND  =         0.0000  RESTRAINT  =         0.0000
 DV/DL  =         4.4026
 ------------------------------------------------------------------------------

 NMR restraints: Bond =    0.000   Angle =     0.000   Torsion =     0.000
===============================================================================

| TI region  1


 NSTEP =   175000   TIME(PS) =     175.000  TEMP(K) =   277.35  PRESS =     0.0
 Etot   =    -51627.7636  EKtot   =     17235.3848  EPtot      =    -68863.1484
 BOND   =     12835.8676  ANGLE   =        -0.0000  DIHED      =         0.0000
 1-4 NB =         0.0000  1-4 EEL =         0.0000  VDWAALS    =     14787.4054
 EELEC  =    -96486.4214  EHBOND  =         0.0000  RESTRAINT  =         0.0000
 DV/DL  =         6.2731
 ------------------------------------------------------------------------------

  Softcore part of the system:       7 atoms,       TEMP(K)    =         306.11
 SC_Etot=        21.1177  SC_EKtot=         6.3872  SC_EPtot   =        14.7305
 SC_BOND=         3.7920  SC_ANGLE=         4.7009  SC_DIHED   =         5.3904
 SC_14NB=         0.8472  SC_14EEL=         0.0000  SC_VDW     =         0.0000
 SC_EEL =         0.0000
 SC_RES_DIST=     0.0000  SC_RES_ANG=       0.0000  SC_RES_TORS=         0.0000
 SC_EEL_DER=      0.0000  SC_VDW_DER=      -1.6738  SC_DERIV   =        -1.6738
 ------------------------------------------------------------------------------


| TI region  2


 NSTEP =   175000   TIME(PS) =     175.000  TEMP(K) =   277.34  PRESS =     0.0
 Etot   =    -51634.1508  EKtot   =     17228.9976  EPtot      =    -68863.1484
 BOND   =     12835.8676  ANGLE   =        -0.0000  DIHED      =         0.0000
 1-4 NB =         0.0000  1-4 EEL =         0.0000  VDWAALS    =     14787.4054
 EELEC  =    -96486.4214  EHBOND  =         0.0000  RESTRAINT  =         0.0000
 DV/DL  =         6.2731
 ------------------------------------------------------------------------------

 NMR restraints: Bond =    0.000   Angle =     0.000   Torsion =     0.000
===============================================================================

| TI region  1


 NSTEP =   180000   TIME(PS) =     180.000  TEMP(K) =   281.46  PRESS =     0.0
 Etot   =    -50279.2605  EKtot   =     17490.9043  EPtot      =    -67770.1648
 BOND   =     12660.5198  ANGLE   =         0.0000  DIHED      =        -0.0000
 1-4 NB =         0.0000  1-4 EEL =         0.0000  VDWAALS    =     14418.9541
 EELEC  =    -94849.6387  EHBOND  =         0.0000  RESTRAINT  =         0.0000
 DV/DL  =        -2.8103
 ------------------------------------------------------------------------------

  Softcore part of the system:       7 atoms,       TEMP(K)    =         433.65
 SC_Etot=        22.7738  SC_EKtot=         9.0482  SC_EPtot   =        13.7255
 SC_BOND=         2.4297  SC_ANGLE=         5.3040  SC_DIHED   =         5.3310
 SC_14NB=         0.6609  SC_14EEL=         0.0000  SC_VDW     =         0.0000
 SC_EEL =         0.0000
 SC_RES_DIST=     0.0000  SC_RES_ANG=       0.0000  SC_RES_TORS=         0.0000
 SC_EEL_DER=      0.0000  SC_VDW_DER=      -8.9157  SC_DERIV   =        -8.9157
 ------------------------------------------------------------------------------


| TI region  2


 NSTEP =   180000   TIME(PS) =     180.000  TEMP(K) =   281.41  PRESS =     0.0
 Etot   =    -50288.3088  EKtot   =     17481.8561  EPtot      =    -67770.1648
 BOND   =     12660.5198  ANGLE   =         0.0000  DIHED      =        -0.0000
 1-4 NB =         0.0000  1-4 EEL =         0.0000  VDWAALS    =     14418.9541
 EELEC  =    -94849.6387  EHBOND  =         0.0000  RESTRAINT  =         0.0000
 DV/DL  =        -2.8103
 ------------------------------------------------------------------------------

 NMR restraints: Bond =    0.000   Angle =     0.000   Torsion =     0.000
===============================================================================

| TI region  1


 NSTEP =   185000   TIME(PS) =     185.000  TEMP(K) =   291.15  PRESS =     0.0
 Etot   =    -48701.7841  EKtot   =     18092.8242  EPtot      =    -66794.6084
 BOND   =     12865.0944  ANGLE   =         0.0000  DIHED      =        -0.0000
 1-4 NB =         0.0000  1-4 EEL =         0.0000  VDWAALS    =     14049.8471
 EELEC  =    -93709.5499  EHBOND  =         0.0000  RESTRAINT  =         0.0000
 DV/DL  =         2.5678
 ------------------------------------------------------------------------------

  Softcore part of the system:       7 atoms,       TEMP(K)    =         296.54
 SC_Etot=        17.0696  SC_EKtot=         6.1875  SC_EPtot   =        10.8821
 SC_BOND=         0.8295  SC_ANGLE=         4.3049  SC_DIHED   =         5.3642
 SC_14NB=         0.3834  SC_14EEL=         0.0000  SC_VDW     =         0.0000
 SC_EEL =         0.0000
 SC_RES_DIST=     0.0000  SC_RES_ANG=       0.0000  SC_RES_TORS=         0.0000
 SC_EEL_DER=      0.0000  SC_VDW_DER=      -5.0018  SC_DERIV   =        -5.0018
 ------------------------------------------------------------------------------


| TI region  2


 NSTEP =   185000   TIME(PS) =     185.000  TEMP(K) =   291.14  PRESS =     0.0
 Etot   =    -48707.9717  EKtot   =     18086.6367  EPtot      =    -66794.6084
 BOND   =     12865.0944  ANGLE   =         0.0000  DIHED      =        -0.0000
 1-4 NB =         0.0000  1-4 EEL =         0.0000  VDWAALS    =     14049.8471
 EELEC  =    -93709.5499  EHBOND  =         0.0000  RESTRAINT  =         0.0000
 DV/DL  =         2.5678
 ------------------------------------------------------------------------------

 NMR restraints: Bond =    0.000   Angle =     0.000   Torsion =     0.000
===============================================================================

| TI region  1


 NSTEP =   190000   TIME(PS) =     190.000  TEMP(K) =   300.28  PRESS =     0.0
 Etot   =    -47061.6132  EKtot   =     18660.4590  EPtot      =    -65722.0722
 BOND   =     13021.7520  ANGLE   =         0.0000  DIHED      =         0.0000
 1-4 NB =         0.0000  1-4 EEL =         0.0000  VDWAALS    =     13581.4283
 EELEC  =    -92325.2525  EHBOND  =         0.0000  RESTRAINT  =         0.0000
 DV/DL  =         6.7761
 ------------------------------------------------------------------------------

  Softcore part of the system:       7 atoms,       TEMP(K)    =         286.94
 SC_Etot=        16.6796  SC_EKtot=         5.9871  SC_EPtot   =        10.6926
 SC_BOND=         0.6472  SC_ANGLE=         4.4981  SC_DIHED   =         5.2761
 SC_14NB=         0.2711  SC_14EEL=         0.0000  SC_VDW     =         0.0000
 SC_EEL =         0.0000
 SC_RES_DIST=     0.0000  SC_RES_ANG=       0.0000  SC_RES_TORS=         0.0000
 SC_EEL_DER=      0.0000  SC_VDW_DER=      -0.1530  SC_DERIV   =        -0.1530
 ------------------------------------------------------------------------------


| TI region  2


 NSTEP =   190000   TIME(PS) =     190.000  TEMP(K) =   300.28  PRESS =     0.0
 Etot   =    -47067.6003  EKtot   =     18654.4719  EPtot      =    -65722.0722
 BOND   =     13021.7520  ANGLE   =         0.0000  DIHED      =         0.0000
 1-4 NB =         0.0000  1-4 EEL =         0.0000  VDWAALS    =     13581.4283
 EELEC  =    -92325.2525  EHBOND  =         0.0000  RESTRAINT  =         0.0000
 DV/DL  =         6.7761
 ------------------------------------------------------------------------------

 NMR restraints: Bond =    0.000   Angle =     0.000   Torsion =     0.000
===============================================================================

| TI region  1


 NSTEP =   195000   TIME(PS) =     195.000  TEMP(K) =   298.59  PRESS =     0.0
 Etot   =    -47167.2862  EKtot   =     18555.3164  EPtot      =    -65722.6026
 BOND   =     12931.1541  ANGLE   =         0.0000  DIHED      =        -0.0000
 1-4 NB =         0.0000  1-4 EEL =         0.0000  VDWAALS    =     13488.6028
 EELEC  =    -92142.3594  EHBOND  =         0.0000  RESTRAINT  =         0.0000
 DV/DL  =         6.9214
 ------------------------------------------------------------------------------

  Softcore part of the system:       7 atoms,       TEMP(K)    =         299.02
 SC_Etot=        16.9575  SC_EKtot=         6.2393  SC_EPtot   =        10.7182
 SC_BOND=         0.7403  SC_ANGLE=         4.2933  SC_DIHED   =         5.2123
 SC_14NB=         0.4723  SC_14EEL=         0.0000  SC_VDW     =         0.0000
 SC_EEL =         0.0000
 SC_RES_DIST=     0.0000  SC_RES_ANG=       0.0000  SC_RES_TORS=         0.0000
 SC_EEL_DER=      0.0000  SC_VDW_DER=      -0.4885  SC_DERIV   =        -0.4885
 ------------------------------------------------------------------------------


| TI region  2


 NSTEP =   195000   TIME(PS) =     195.000  TEMP(K) =   298.59  PRESS =     0.0
 Etot   =    -47173.5255  EKtot   =     18549.0771  EPtot      =    -65722.6026
 BOND   =     12931.1541  ANGLE   =         0.0000  DIHED      =        -0.0000
 1-4 NB =         0.0000  1-4 EEL =         0.0000  VDWAALS    =     13488.6028
 EELEC  =    -92142.3594  EHBOND  =         0.0000  RESTRAINT  =         0.0000
 DV/DL  =         6.9214
 ------------------------------------------------------------------------------

 NMR restraints: Bond =    0.000   Angle =     0.000   Torsion =     0.000
===============================================================================

| TI region  1


 NSTEP =   200000   TIME(PS) =     200.000  TEMP(K) =   300.57  PRESS =     0.0
 Etot   =    -46944.4256  EKtot   =     18678.6211  EPtot      =    -65623.0467
 BOND   =     12935.7442  ANGLE   =         0.0000  DIHED      =         0.0000
 1-4 NB =         0.0000  1-4 EEL =         0.0000  VDWAALS    =     13822.3248
 EELEC  =    -92381.1157  EHBOND  =         0.0000  RESTRAINT  =         0.0000
 DV/DL  =         7.1843
 ------------------------------------------------------------------------------

  Softcore part of the system:       7 atoms,       TEMP(K)    =         273.16
 SC_Etot=        18.1380  SC_EKtot=         5.6996  SC_EPtot   =        12.4384
 SC_BOND=         0.6015  SC_ANGLE=         6.2821  SC_DIHED   =         5.2227
 SC_14NB=         0.3321  SC_14EEL=         0.0000  SC_VDW     =         0.0000
 SC_EEL =         0.0000
 SC_RES_DIST=     0.0000  SC_RES_ANG=       0.0000  SC_RES_TORS=         0.0000
 SC_EEL_DER=      0.0000  SC_VDW_DER=      -0.9266  SC_DERIV   =        -0.9266
 ------------------------------------------------------------------------------


| TI region  2


 NSTEP =   200000   TIME(PS) =     200.000  TEMP(K) =   300.58  PRESS =     0.0
 Etot   =    -46950.1252  EKtot   =     18672.9215  EPtot      =    -65623.0467
 BOND   =     12935.7442  ANGLE   =         0.0000  DIHED      =         0.0000
 1-4 NB =         0.0000  1-4 EEL =         0.0000  VDWAALS    =     13822.3248
 EELEC  =    -92381.1157  EHBOND  =         0.0000  RESTRAINT  =         0.0000
 DV/DL  =         7.1843
 ------------------------------------------------------------------------------

 NMR restraints: Bond =    0.000   Angle =     0.000   Torsion =     0.000
===============================================================================

| TI region  1


      A V E R A G E S   O V E R      40 S T E P S


 NSTEP =   200000   TIME(PS) =     200.000  TEMP(K) =   160.52  PRESS =     0.0
 Etot   =    -69248.3020  EKtot   =      9975.4834  EPtot      =    -79223.7854
 BOND   =     10657.2922  ANGLE   =         0.0000  DIHED      =        -0.0000
 1-4 NB =         0.0000  1-4 EEL =         0.0000  VDWAALS    =     17834.6557
 EELEC  =   -107715.7333  EHBOND  =         0.0000  RESTRAINT  =         0.0000
 DV/DL  =         5.4139
 ------------------------------------------------------------------------------

 NMR restraints: Bond =    0.000   Angle =     0.000   Torsion =     0.000
===============================================================================
  Softcore part of the system:       7 atoms,       TEMP(K)    =         159.62
 SC_Etot=        13.9645  SC_EKtot=         3.3306  SC_EPtot   =        10.6339
 SC_BOND=         0.9461  SC_ANGLE=         4.0672  SC_DIHED   =         5.2522
 SC_14NB=         0.3683  SC_14EEL=         0.0000  SC_VDW     =         0.0000
 SC_EEL =         0.0000
 SC_RES_DIST=     0.0000  SC_RES_ANG=       0.0000  SC_RES_TORS=         0.0000
 SC_EEL_DER=      0.0000  SC_VDW_DER=      -1.2778  SC_DERIV   =        -1.2778
 ------------------------------------------------------------------------------


      R M S  F L U C T U A T I O N S


 NSTEP =   200000   TIME(PS) =     200.000  TEMP(K) =    90.24  PRESS =     0.0
 Etot   =     12699.8411  EKtot   =      5608.0725  EPtot      =      7163.9957
 BOND   =      1727.7708  ANGLE   =         0.0000  DIHED      =         0.0000
 1-4 NB =         0.0000  1-4 EEL =         0.0000  VDWAALS    =      2009.5363
 EELEC  =      7559.0567  EHBOND  =         0.0000  RESTRAINT  =         0.0000
 DV/DL  =         1.9127
 ------------------------------------------------------------------------------

  Softcore part of the system:       7 atoms,       TEMP(K)    =         100.93
 SC_Etot=         3.3360  SC_EKtot=         2.1060  SC_EPtot   =         1.5002
 SC_BOND=         0.7645  SC_ANGLE=         0.9291  SC_DIHED   =         0.0616
 SC_14NB=         0.1528  SC_14EEL=         0.0000  SC_VDW     =         0.0000
 SC_EEL =         0.0000
 SC_RES_DIST=     0.0000  SC_RES_ANG=       0.0000  SC_RES_TORS=         0.0000
 SC_EEL_DER=      0.0000  SC_VDW_DER=       1.7227  SC_DERIV   =         1.7227
 ------------------------------------------------------------------------------


| TI region  2


      A V E R A G E S   O V E R      40 S T E P S


 NSTEP =   200000   TIME(PS) =     200.000  TEMP(K) =   160.52  PRESS =     0.0
 Etot   =    -69251.6326  EKtot   =      9972.1528  EPtot      =    -79223.7854
 BOND   =     10657.2922  ANGLE   =         0.0000  DIHED      =        -0.0000
 1-4 NB =         0.0000  1-4 EEL =         0.0000  VDWAALS    =     17834.6557
 EELEC  =   -107715.7333  EHBOND  =         0.0000  RESTRAINT  =         0.0000
 DV/DL  =         5.4139
 ------------------------------------------------------------------------------

 NMR restraints: Bond =    0.000   Angle =     0.000   Torsion =     0.000
===============================================================================

      R M S  F L U C T U A T I O N S


 NSTEP =   200000   TIME(PS) =     200.000  TEMP(K) =    90.24  PRESS =     0.0
 Etot   =     12697.9896  EKtot   =      5606.2182  EPtot      =      7163.9957
 BOND   =      1727.7708  ANGLE   =         0.0000  DIHED      =         0.0000
 1-4 NB =         0.0000  1-4 EEL =         0.0000  VDWAALS    =      2009.5363
 EELEC  =      7559.0567  EHBOND  =         0.0000  RESTRAINT  =         0.0000
 DV/DL  =         1.9127
 ------------------------------------------------------------------------------


      DV/DL, AVERAGES OVER      40 STEPS


 NSTEP =   200000   TIME(PS) =     200.000  TEMP(K) =    90.24  PRESS =     0.0
 Etot   =         0.0000  EKtot   =         0.0000  EPtot      =         5.4139
 BOND   =         0.0000  ANGLE   =         0.0000  DIHED      =         0.0000
 1-4 NB =         0.0000  1-4 EEL =         0.0000  VDWAALS    =         6.6918
 EELEC  =         0.0000  EHBOND  =         0.0000  RESTRAINT  =         0.0000
 DV/DL  =         5.4139
 ------------------------------------------------------------------------------


 NMR restraints on final step:

--------------------------------------------------------------------------------
   5.  TIMINGS
--------------------------------------------------------------------------------

|  NonSetup CPU Time in Major Routines:
|
|     Routine           Sec        %
|     ------------------------------
|     Nonbond         150.63   31.39
|     Bond              0.00    0.00
|     Angle             0.00    0.00
|     Dihedral          0.00    0.00
|     Shake             0.00    0.00
|     RunMD           328.72   68.50
|     Other             0.55    0.11
|     ------------------------------
|     Total           479.90

|  PME Nonbond Pairlist CPU Time:
|
|     Routine              Sec        %
|     ---------------------------------
|     Set Up Cit           0.00    0.00
|     Build List           0.00    0.00
|     ---------------------------------
|     Total                0.00    0.00

|  PME Direct Force CPU Time:
|
|     Routine              Sec        %
|     ---------------------------------
|     NonBonded Calc       0.00    0.00
|     Exclude Masked       0.00    0.00
|     Other                0.37    0.08
|     ---------------------------------
|     Total                0.37    0.08

|  PME Reciprocal Force CPU Time:
|
|     Routine              Sec        %
|     ---------------------------------
|     1D bspline           0.00    0.00
|     Grid Charges         0.00    0.00
|     Scalar Sum           0.00    0.00
|     Gradient Sum         0.00    0.00
|     FFT                  0.00    0.00
|     ---------------------------------
|     Total                0.00    0.00

|  Final Performance Info:
|     -----------------------------------------------------
|     Average timings for last   20000 steps:
|     Elapsed(s) =      48.56 Per Step(ms) =       2.43
|         ns/day =      35.59   seconds/ns =    2427.94
|
|     Average timings for all steps:
|     Elapsed(s) =     479.96 Per Step(ms) =       2.40
|         ns/day =      36.00   seconds/ns =    2399.82
|     -----------------------------------------------------

|  Setup CPU time:            0.55 seconds
|  NonSetup CPU time:       479.90 seconds
|  Total CPU time:          480.45 seconds     0.13 hours

|  Setup wall time:           1    seconds
|  NonSetup wall time:      480    seconds
|  Total wall time:         481    seconds     0.13 hours
