
          -------------------------------------------------------
          Amber 18 PMEMD                              2018
          -------------------------------------------------------

| PMEMD implementation of SANDER, Release 18

| Run on 06/12/2020 at 12:23:06

|   Executable path: /opt/software/Amber/18-foss-2018b-AmberTools-19/bin/pmemd.cuda
| Working directory: /mnt/gs18/scratch/users/songlin3/run/1264_optimization/acetate/tip3p_TIP3P/0.31608
|          Hostname: csn-021

  [-O]verwriting output

File Assignments:
|   MDIN: heat.in                                                               
|  MDOUT: heat.out                                                              
| INPCRD: min.rst                                                               
|   PARM: step1.prmtop                                                          
| RESTRT: heat.rst                                                              
|   REFC: min.rst                                                               
|  MDVEL: mdvel                                                                 
|   MDEN: mden                                                                  
|  MDCRD: heat.netcdf                                                           
| MDINFO: heat.mdinfo                                                           
|  MDFRC: mdfrc                                                                 


 Here is the input file:

nvt for free MD                                                                
 &cntrl                                                                        
  imin=0,                                                                      
  irest=0,                                                                     
  ntx=1,                                                                       
  ig=-1,                                                                       
  nstlim=200000,                                                               
  dt=0.001,                                                                    
  cut=10.0,                                                                    
  ntc=1,                                                                       
  ntf=1,                                                                       
  ntb=1,                                                                       
  ntt=3,                                                                       
  gamma_ln=2.0,                                                                
  tempi=0.0,                                                                   
  temp0=300.0,                                                                 
  ntpr=5000,                                                                   
  ntwr=5000,                                                                   
  ntwx=10000,                                                                  
  ntwv=0,                                                                      
  ioutfm=1,                                                                    
  iwrap=0,                                                                     
  nmropt=1,                                                                    
  ifsc = 1, icfe=1,                                                            
  clambda=0.31608,                                                             
  timask1=':1', scmask1=':1', scmask2='',                                      
  timask2='',                                                                  
/                                                                              
&wt TYPE='TEMP0', istep1=0, istep2=190000, value1=0.0, value2=300.0 /          
&wt TYPE='TEMP0', istep1=190001, istep2=200000, value1=300.0, value2=300.0 /   
&wt TYPE='DUMPFREQ', istep1=10000, /                                           
&wt TYPE='END', /                                                              


Note: ig = -1. Setting random seed to   566390 based on wallclock time in 
      microseconds.
| irandom = 1, using AMBER's internal random number generator (default).
 
|--------------------- INFORMATION ----------------------
| GPU (CUDA) Version of PMEMD in use: NVIDIA GPU IN USE.
|                    Version 18.0.0
| 
|                      03/25/2018
| 
| Implementation by:
|                    Ross C. Walker     (SDSC)
|                    Scott Le Grand     (nVIDIA)
| 
| Version 18 performance extensions by:
|                    David Cerutti     (Rutgers)
| 
| Precision model in use:
|      [SPFP] - Single Precision Forces, 64-bit Fixed Point
|               Accumulation. (Default)
| 
|--------------------------------------------------------
 
|----------------- CITATION INFORMATION -----------------
|
|    When publishing work that utilized the CUDA version
|    of AMBER, please cite the following in addition to
|    the regular AMBER citations:
|
|  - Romelia Salomon-Ferrer; Andreas W. Goetz; Duncan
|    Poole; Scott Le Grand; Ross C. Walker "Routine
|    microsecond molecular dynamics simulations with
|    AMBER - Part II: Particle Mesh Ewald", J. Chem.
|    Theory Comput., 2013, 9 (9), pp3878-3888,
|    DOI: 10.1021/ct400314y.
|
|  - Andreas W. Goetz; Mark J. Williamson; Dong Xu;
|    Duncan Poole; Scott Le Grand; Ross C. Walker
|    "Routine microsecond molecular dynamics simulations
|    with AMBER - Part I: Generalized Born", J. Chem.
|    Theory Comput., 2012, 8 (5), pp1542-1555.
|
|  - Scott Le Grand; Andreas W. Goetz; Ross C. Walker
|    "SPFP: Speed without compromise - a mixed precision
|    model for GPU accelerated molecular dynamics
|    simulations.", Comp. Phys. Comm., 2013, 184
|    pp374-380, DOI: 10.1016/j.cpc.2012.09.022
|
|    When publishing work that utilized the CUDA version
|    of TI, BAR, MBAR or FEP please cite the following 
|    three publications in addition to the regular AMBER 
|    GPU citations:
|
|  - Daniel J. Mermelstein; Charles Lin; Gard Nelson; 
|    Rachael Kretsch; J. Andrew McCammon; Ross C. Walker
|    "Fast and Flexible GPU Accelerated Binding 
|    Free Energy Calculations within the AMBER Molecular
|    Dynamics Package" J. Comp. Chem., 2018,
|    DOI: 10.1002/jcc.25187
|
|  - Tai-Sung Lee; Yuan Hu; Brad Sherborne; Zhuyan Guo;
|    Darrin M. York
|    "Toward Fast and Accurate Binding Affinity Prediction with
|    pmemdGTI: An Efficient Implementation of GPU-Accelerated
|    Thermodynamic Integration"
|    J. Chem. Theory Comput., 2017, 13 (7), 3077
|
|
|--------------------------------------------------------
 
|------------------- GPU DEVICE INFO --------------------
|
|            CUDA_VISIBLE_DEVICES: 0
|   CUDA Capable Devices Detected:      1
|           CUDA Device ID in use:      0
|                CUDA Device Name: Tesla K20m
|     CUDA Device Global Mem Size:   4743 MB
| CUDA Device Num Multiprocessors:     13
|           CUDA Device Core Freq:   0.71 GHz
|
|--------------------------------------------------------
 
 
| Conditional Compilation Defines Used:
| PUBFFT
| BINTRAJ
| CUDA
| EMIL

| Largest sphere to fit in unit cell has radius =    27.333

| New format PARM file being parsed.
| Version =    1.000 Date = 06/12/20 Time = 12:17:32

| Note: 1-4 EEL scale factors are being read from the topology file.

| Note: 1-4 VDW scale factors are being read from the topology file.
| Duplicated    0 dihedrals

| Duplicated    0 dihedrals

--------------------------------------------------------------------------------
   1.  RESOURCE   USE: 
--------------------------------------------------------------------------------

 getting box info from netcdf restart file
 NATOM  =   20848 NTYPES =       6 NBONH =   20844 MBONA  =       3
 NTHETH =       6 MTHETA =       3 NPHIH =      12 MPHIA  =       1
 NHPARM =       0 NPARM  =       0 NNB   =   27810 NRES   =    6948
 NBONA  =       3 NTHETA =       3 NPHIA =       1 NUMBND =       5
 NUMANG =       4 NPTRA  =       3 NATYP =       6 NPHB   =       1
 IFBOX  =       2 NMXRS  =       7 IFCAP =       0 NEXTRA =       0
 NCOPY  =       0

| Coordinate Index Table dimensions:    10   10   10
| Direct force subcell size =     6.6953    6.6953    6.6953

     BOX TYPE: TRUNCATED OCTAHEDRON

--------------------------------------------------------------------------------
   2.  CONTROL  DATA  FOR  THE  RUN
--------------------------------------------------------------------------------

default_name                                                                    

General flags:
     imin    =       0, nmropt  =       1

Nature and format of input:
     ntx     =       1, irest   =       0, ntrx    =       1

Nature and format of output:
     ntxo    =       2, ntpr    =    5000, ntrx    =       1, ntwr    =    5000
     iwrap   =       0, ntwx    =   10000, ntwv    =       0, ntwe    =       0
     ioutfm  =       1, ntwprt  =       0, idecomp =       0, rbornstat=      0

Potential function:
     ntf     =       1, ntb     =       1, igb     =       0, nsnb    =      25
     ipol    =       0, gbsa    =       0, iesp    =       0
     dielc   =   1.00000, cut     =  10.00000, intdiel =   1.00000

Frozen or restrained atoms:
     ibelly  =       0, ntr     =       0

Molecular dynamics:
     nstlim  =    200000, nscm    =      1000, nrespa  =         1
     t       =   0.00000, dt      =   0.00100, vlimit  =  -1.00000

Langevin dynamics temperature regulation:
     ig      =  566390
     temp0   = 300.00000, tempi   =   0.00000, gamma_ln=   2.00000

NMR refinement options:
     iscale  =       0, noeskp  =       1, ipnlty  =       1, mxsub   =       1
     scalm   = 100.00000, pencut  =   0.10000, tausw   =   0.10000

Free energy options:
     icfe    =       1, ifsc    =       1, klambda =       1
     clambda =  0.3161, scalpha =  0.5000, scbeta  = 12.0000
     sceeorder =       2
     dynlmb =  0.0000 logdvdl =       0

| Intermolecular bonds treatment:
|     no_intermolecular_bonds =       1

| Energy averages sample interval:
|     ene_avg_sampling =    5000

Ewald parameters:
     verbose =       0, ew_type =       0, nbflag  =       1, use_pme =       1
     vdwmeth =       1, eedmeth =       1, netfrc  =       1
     Box X =   66.953   Box Y =   66.953   Box Z =   66.953
     Alpha =  109.471   Beta  =  109.471   Gamma =  109.471
     NFFT1 =   64       NFFT2 =   64       NFFT3 =   64
     Cutoff=   10.000   Tol   =0.100E-04
     Ewald Coefficient =  0.27511
     Interpolation order =    4
     TI Mask 1 :1; matches      7 atoms
     TI Mask 2  matches      0 atoms
     TI region 1:   20848 atoms
     TI region 2:   20841 atoms
     SC Mask 1 :1; matches      7 atoms

--------------------------------------------------------------------------------
   3.  ATOMIC COORDINATES AND VELOCITIES
--------------------------------------------------------------------------------

default_name                                                                    
 begin time read from input coords =     0.000 ps



           Begin reading energy term weight changes/NMR restraints
 WEIGHT CHANGES:
 TEMP0         0 190000    0.000000  300.000000      0      0
 TEMP0    190001 200000  300.000000  300.000000      0      0
 DUMPFREQ  10000      0    0.000000    0.000000      0      0

 RESTRAINTS:
                          ** No restraint defined **

                  Done reading weight changes/NMR restraints


 
 Number of triangulated 3-point waters found:     6947
 Number of shake restraints removed in TI region  1 :        0
 Number of shake restraints removed in TI region  2 :        0

     Sum of charges for TI region  1 =  -0.99999900
     Assuming uniform neutralizing plasma


     Sum of charges for TI region  2 =   0.00000000
     Forcing neutrality...

| Dynamic Memory, Types Used:
| Reals              914983
| Integers           792606

| Nonbonded Pairs Initial Allocation:     6305998

| GPU memory information (estimate):
| KB of GPU memory in use:         0
| KB of CPU memory in use:         0

--------------------------------------------------------------------------------
   4.  RESULTS
--------------------------------------------------------------------------------

   DOF for the SC part  1 of the system:   21

| TI region  1


 NSTEP =        0   TIME(PS) =       0.000  TEMP(K) =     0.00  PRESS =     0.0
 Etot   =    -88429.8909  EKtot   =         0.0000  EPtot      =    -88429.8909
 BOND   =      7064.3134  ANGLE   =        -0.0000  DIHED      =        -0.0000
 1-4 NB =         0.0000  1-4 EEL =         0.0000  VDWAALS    =     18674.7021
 EELEC  =   -114168.9064  EHBOND  =         0.0000  RESTRAINT  =         0.0000
 DV/DL  =       109.5336
 ------------------------------------------------------------------------------

  Softcore part of the system:       7 atoms,       TEMP(K)    =           0.00
 SC_Etot=        18.7766  SC_EKtot=         0.0000  SC_EPtot   =        18.7766
 SC_BOND=         0.0361  SC_ANGLE=         2.8397  SC_DIHED   =         5.2159
 SC_14NB=         0.2732  SC_14EEL=        10.4117  SC_VDW     =         0.0000
 SC_EEL =         0.0000
 SC_RES_DIST=     0.0000  SC_RES_ANG=       0.0000  SC_RES_TORS=         0.0000
 SC_EEL_DER=     21.2765  SC_VDW_DER=      -4.1622  SC_DERIV   =        17.1143
 ------------------------------------------------------------------------------


| TI region  2


 NSTEP =        0   TIME(PS) =       0.000  TEMP(K) =     0.00  PRESS =     0.0
 Etot   =    -88429.8909  EKtot   =         0.0000  EPtot      =    -88429.8909
 BOND   =      7064.3134  ANGLE   =        -0.0000  DIHED      =        -0.0000
 1-4 NB =         0.0000  1-4 EEL =         0.0000  VDWAALS    =     18674.7021
 EELEC  =   -114168.9064  EHBOND  =         0.0000  RESTRAINT  =         0.0000
 DV/DL  =       109.5336
 ------------------------------------------------------------------------------

 NMR restraints: Bond =    0.000   Angle =     0.000   Torsion =     0.000
===============================================================================

| TI region  1


 NSTEP =     5000   TIME(PS) =       5.000  TEMP(K) =     7.41  PRESS =     0.0
 Etot   =    -88444.1688  EKtot   =       460.2992  EPtot      =    -88904.4680
 BOND   =      7439.9221  ANGLE   =         0.0000  DIHED      =         0.0000
 1-4 NB =         0.0000  1-4 EEL =         0.0000  VDWAALS    =     19522.7877
 EELEC  =   -115867.1778  EHBOND  =         0.0000  RESTRAINT  =         0.0000
 DV/DL  =       136.8220
 ------------------------------------------------------------------------------

  Softcore part of the system:       7 atoms,       TEMP(K)    =           8.66
 SC_Etot=        19.1030  SC_EKtot=         0.1807  SC_EPtot   =        18.9223
 SC_BOND=         0.0546  SC_ANGLE=         2.9687  SC_DIHED   =         5.2364
 SC_14NB=         0.2548  SC_14EEL=        10.4078  SC_VDW     =         0.0000
 SC_EEL =         0.0000
 SC_RES_DIST=     0.0000  SC_RES_ANG=       0.0000  SC_RES_TORS=         0.0000
 SC_EEL_DER=     31.5241  SC_VDW_DER=      -5.8240  SC_DERIV   =        25.7000
 ------------------------------------------------------------------------------


| TI region  2


 NSTEP =     5000   TIME(PS) =       5.000  TEMP(K) =     7.41  PRESS =     0.0
 Etot   =    -88444.3495  EKtot   =       460.1185  EPtot      =    -88904.4680
 BOND   =      7439.9221  ANGLE   =         0.0000  DIHED      =         0.0000
 1-4 NB =         0.0000  1-4 EEL =         0.0000  VDWAALS    =     19522.7877
 EELEC  =   -115867.1778  EHBOND  =         0.0000  RESTRAINT  =         0.0000
 DV/DL  =       136.8220
 ------------------------------------------------------------------------------

 NMR restraints: Bond =    0.000   Angle =     0.000   Torsion =     0.000
===============================================================================

| TI region  1


 NSTEP =    10000   TIME(PS) =      10.000  TEMP(K) =    14.98  PRESS =     0.0
 Etot   =    -87621.2137  EKtot   =       930.7860  EPtot      =    -88551.9997
 BOND   =      7649.8186  ANGLE   =         0.0000  DIHED      =         0.0000
 1-4 NB =         0.0000  1-4 EEL =         0.0000  VDWAALS    =     19650.3957
 EELEC  =   -115852.2140  EHBOND  =         0.0000  RESTRAINT  =         0.0000
 DV/DL  =       136.9272
 ------------------------------------------------------------------------------

  Softcore part of the system:       7 atoms,       TEMP(K)    =          18.87
 SC_Etot=        19.4026  SC_EKtot=         0.3937  SC_EPtot   =        19.0089
 SC_BOND=         0.0410  SC_ANGLE=         3.0717  SC_DIHED   =         5.2197
 SC_14NB=         0.2654  SC_14EEL=        10.4112  SC_VDW     =         0.0000
 SC_EEL =         0.0000
 SC_RES_DIST=     0.0000  SC_RES_ANG=       0.0000  SC_RES_TORS=         0.0000
 SC_EEL_DER=     32.6191  SC_VDW_DER=      -7.5510  SC_DERIV   =        25.0680
 ------------------------------------------------------------------------------


| TI region  2


 NSTEP =    10000   TIME(PS) =      10.000  TEMP(K) =    14.98  PRESS =     0.0
 Etot   =    -87621.6074  EKtot   =       930.3923  EPtot      =    -88551.9997
 BOND   =      7649.8186  ANGLE   =         0.0000  DIHED      =         0.0000
 1-4 NB =         0.0000  1-4 EEL =         0.0000  VDWAALS    =     19650.3957
 EELEC  =   -115852.2140  EHBOND  =         0.0000  RESTRAINT  =         0.0000
 DV/DL  =       136.9272
 ------------------------------------------------------------------------------

 NMR restraints: Bond =    0.000   Angle =     0.000   Torsion =     0.000
===============================================================================

| TI region  1


 NSTEP =    15000   TIME(PS) =      15.000  TEMP(K) =    22.81  PRESS =     0.0
 Etot   =    -86720.2200  EKtot   =      1417.5504  EPtot      =    -88137.7705
 BOND   =      7808.7808  ANGLE   =        -0.0000  DIHED      =         0.0000
 1-4 NB =         0.0000  1-4 EEL =        -0.0000  VDWAALS    =     19688.6746
 EELEC  =   -115635.2258  EHBOND  =         0.0000  RESTRAINT  =         0.0000
 DV/DL  =       135.6348
 ------------------------------------------------------------------------------

  Softcore part of the system:       7 atoms,       TEMP(K)    =          31.29
 SC_Etot=        19.8767  SC_EKtot=         0.6528  SC_EPtot   =        19.2239
 SC_BOND=         0.1639  SC_ANGLE=         3.2488  SC_DIHED   =         5.2162
 SC_14NB=         0.2310  SC_14EEL=        10.3640  SC_VDW     =         0.0000
 SC_EEL =         0.0000
 SC_RES_DIST=     0.0000  SC_RES_ANG=       0.0000  SC_RES_TORS=         0.0000
 SC_EEL_DER=     33.4581  SC_VDW_DER=      -8.0429  SC_DERIV   =        25.4152
 ------------------------------------------------------------------------------


| TI region  2


 NSTEP =    15000   TIME(PS) =      15.000  TEMP(K) =    22.81  PRESS =     0.0
 Etot   =    -86720.8728  EKtot   =      1416.8976  EPtot      =    -88137.7705
 BOND   =      7808.7808  ANGLE   =        -0.0000  DIHED      =         0.0000
 1-4 NB =         0.0000  1-4 EEL =        -0.0000  VDWAALS    =     19688.6746
 EELEC  =   -115635.2258  EHBOND  =         0.0000  RESTRAINT  =         0.0000
 DV/DL  =       135.6348
 ------------------------------------------------------------------------------

 NMR restraints: Bond =    0.000   Angle =     0.000   Torsion =     0.000
===============================================================================

| TI region  1


 NSTEP =    20000   TIME(PS) =      20.000  TEMP(K) =    31.07  PRESS =     0.0
 Etot   =    -85880.5541  EKtot   =      1930.6516  EPtot      =    -87811.2058
 BOND   =      7966.9261  ANGLE   =         0.0000  DIHED      =        -0.0000
 1-4 NB =         0.0000  1-4 EEL =        -0.0000  VDWAALS    =     19510.8698
 EELEC  =   -115289.0017  EHBOND  =         0.0000  RESTRAINT  =         0.0000
 DV/DL  =       131.9319
 ------------------------------------------------------------------------------

  Softcore part of the system:       7 atoms,       TEMP(K)    =          42.86
 SC_Etot=        20.1417  SC_EKtot=         0.8942  SC_EPtot   =        19.2474
 SC_BOND=         0.2464  SC_ANGLE=         3.0248  SC_DIHED   =         5.2119
 SC_14NB=         0.3306  SC_14EEL=        10.4338  SC_VDW     =         0.0000
 SC_EEL =         0.0000
 SC_RES_DIST=     0.0000  SC_RES_ANG=       0.0000  SC_RES_TORS=         0.0000
 SC_EEL_DER=     29.1951  SC_VDW_DER=      -4.7174  SC_DERIV   =        24.4777
 ------------------------------------------------------------------------------


| TI region  2


 NSTEP =    20000   TIME(PS) =      20.000  TEMP(K) =    31.06  PRESS =     0.0
 Etot   =    -85881.4484  EKtot   =      1929.7574  EPtot      =    -87811.2058
 BOND   =      7966.9261  ANGLE   =         0.0000  DIHED      =        -0.0000
 1-4 NB =         0.0000  1-4 EEL =        -0.0000  VDWAALS    =     19510.8698
 EELEC  =   -115289.0017  EHBOND  =         0.0000  RESTRAINT  =         0.0000
 DV/DL  =       131.9319
 ------------------------------------------------------------------------------

 NMR restraints: Bond =    0.000   Angle =     0.000   Torsion =     0.000
===============================================================================

| TI region  1


 NSTEP =    25000   TIME(PS) =      25.000  TEMP(K) =    39.09  PRESS =     0.0
 Etot   =    -84951.2588  EKtot   =      2428.9683  EPtot      =    -87380.2271
 BOND   =      8200.1338  ANGLE   =         0.0000  DIHED      =         0.0000
 1-4 NB =         0.0000  1-4 EEL =         0.0000  VDWAALS    =     19505.6586
 EELEC  =   -115086.0195  EHBOND  =         0.0000  RESTRAINT  =         0.0000
 DV/DL  =       132.6901
 ------------------------------------------------------------------------------

  Softcore part of the system:       7 atoms,       TEMP(K)    =          37.08
 SC_Etot=        20.0918  SC_EKtot=         0.7737  SC_EPtot   =        19.3181
 SC_BOND=         0.1008  SC_ANGLE=         3.0685  SC_DIHED   =         5.2163
 SC_14NB=         0.4065  SC_14EEL=        10.5260  SC_VDW     =         0.0000
 SC_EEL =         0.0000
 SC_RES_DIST=     0.0000  SC_RES_ANG=       0.0000  SC_RES_TORS=         0.0000
 SC_EEL_DER=     32.9413  SC_VDW_DER=      -8.3163  SC_DERIV   =        24.6251
 ------------------------------------------------------------------------------


| TI region  2


 NSTEP =    25000   TIME(PS) =      25.000  TEMP(K) =    39.09  PRESS =     0.0
 Etot   =    -84952.0325  EKtot   =      2428.1946  EPtot      =    -87380.2271
 BOND   =      8200.1338  ANGLE   =         0.0000  DIHED      =         0.0000
 1-4 NB =         0.0000  1-4 EEL =         0.0000  VDWAALS    =     19505.6586
 EELEC  =   -115086.0195  EHBOND  =         0.0000  RESTRAINT  =         0.0000
 DV/DL  =       132.6901
 ------------------------------------------------------------------------------

 NMR restraints: Bond =    0.000   Angle =     0.000   Torsion =     0.000
===============================================================================

| TI region  1


 NSTEP =    30000   TIME(PS) =      30.000  TEMP(K) =    47.03  PRESS =     0.0
 Etot   =    -84080.3161  EKtot   =      2922.4697  EPtot      =    -87002.7858
 BOND   =      8295.9318  ANGLE   =         0.0000  DIHED      =        -0.0000
 1-4 NB =         0.0000  1-4 EEL =         0.0000  VDWAALS    =     19465.2845
 EELEC  =   -114764.0021  EHBOND  =         0.0000  RESTRAINT  =         0.0000
 DV/DL  =       124.0532
 ------------------------------------------------------------------------------

  Softcore part of the system:       7 atoms,       TEMP(K)    =          53.55
 SC_Etot=        20.6885  SC_EKtot=         1.1173  SC_EPtot   =        19.5712
 SC_BOND=         0.4193  SC_ANGLE=         3.3020  SC_DIHED   =         5.2181
 SC_14NB=         0.2590  SC_14EEL=        10.3728  SC_VDW     =         0.0000
 SC_EEL =         0.0000
 SC_RES_DIST=     0.0000  SC_RES_ANG=       0.0000  SC_RES_TORS=         0.0000
 SC_EEL_DER=     27.4480  SC_VDW_DER=      -5.0220  SC_DERIV   =        22.4260
 ------------------------------------------------------------------------------


| TI region  2


 NSTEP =    30000   TIME(PS) =      30.000  TEMP(K) =    47.03  PRESS =     0.0
 Etot   =    -84081.4334  EKtot   =      2921.3524  EPtot      =    -87002.7858
 BOND   =      8295.9318  ANGLE   =         0.0000  DIHED      =        -0.0000
 1-4 NB =         0.0000  1-4 EEL =         0.0000  VDWAALS    =     19465.2845
 EELEC  =   -114764.0021  EHBOND  =         0.0000  RESTRAINT  =         0.0000
 DV/DL  =       124.0532
 ------------------------------------------------------------------------------

 NMR restraints: Bond =    0.000   Angle =     0.000   Torsion =     0.000
===============================================================================

| TI region  1


 NSTEP =    35000   TIME(PS) =      35.000  TEMP(K) =    54.31  PRESS =     0.0
 Etot   =    -83334.8125  EKtot   =      3375.0957  EPtot      =    -86709.9082
 BOND   =      8461.5814  ANGLE   =        -0.0000  DIHED      =        -0.0000
 1-4 NB =         0.0000  1-4 EEL =        -0.0000  VDWAALS    =     19532.3549
 EELEC  =   -114703.8444  EHBOND  =         0.0000  RESTRAINT  =         0.0000
 DV/DL  =       112.8984
 ------------------------------------------------------------------------------

  Softcore part of the system:       7 atoms,       TEMP(K)    =          54.48
 SC_Etot=        21.2838  SC_EKtot=         1.1367  SC_EPtot   =        20.1470
 SC_BOND=         0.6285  SC_ANGLE=         3.2373  SC_DIHED   =         5.2239
 SC_14NB=         0.5231  SC_14EEL=        10.5342  SC_VDW     =         0.0000
 SC_EEL =         0.0000
 SC_RES_DIST=     0.0000  SC_RES_ANG=       0.0000  SC_RES_TORS=         0.0000
 SC_EEL_DER=     26.3500  SC_VDW_DER=      -5.9500  SC_DERIV   =        20.4000
 ------------------------------------------------------------------------------


| TI region  2


 NSTEP =    35000   TIME(PS) =      35.000  TEMP(K) =    54.31  PRESS =     0.0
 Etot   =    -83335.9492  EKtot   =      3373.9590  EPtot      =    -86709.9082
 BOND   =      8461.5814  ANGLE   =        -0.0000  DIHED      =        -0.0000
 1-4 NB =         0.0000  1-4 EEL =        -0.0000  VDWAALS    =     19532.3549
 EELEC  =   -114703.8444  EHBOND  =         0.0000  RESTRAINT  =         0.0000
 DV/DL  =       112.8984
 ------------------------------------------------------------------------------

 NMR restraints: Bond =    0.000   Angle =     0.000   Torsion =     0.000
===============================================================================

| TI region  1


 NSTEP =    40000   TIME(PS) =      40.000  TEMP(K) =    62.62  PRESS =     0.0
 Etot   =    -82384.9317  EKtot   =      3891.3325  EPtot      =    -86276.2642
 BOND   =      8700.8256  ANGLE   =        -0.0000  DIHED      =        -0.0000
 1-4 NB =         0.0000  1-4 EEL =        -0.0000  VDWAALS    =     19583.4838
 EELEC  =   -114560.5736  EHBOND  =         0.0000  RESTRAINT  =         0.0000
 DV/DL  =       123.2297
 ------------------------------------------------------------------------------

  Softcore part of the system:       7 atoms,       TEMP(K)    =          41.81
 SC_Etot=        20.6539  SC_EKtot=         0.8724  SC_EPtot   =        19.7815
 SC_BOND=         0.8056  SC_ANGLE=         3.1670  SC_DIHED   =         5.2222
 SC_14NB=         0.2377  SC_14EEL=        10.3489  SC_VDW     =         0.0000
 SC_EEL =         0.0000
 SC_RES_DIST=     0.0000  SC_RES_ANG=       0.0000  SC_RES_TORS=         0.0000
 SC_EEL_DER=     28.9697  SC_VDW_DER=      -6.9253  SC_DERIV   =        22.0443
 ------------------------------------------------------------------------------


| TI region  2


 NSTEP =    40000   TIME(PS) =      40.000  TEMP(K) =    62.63  PRESS =     0.0
 Etot   =    -82385.8041  EKtot   =      3890.4601  EPtot      =    -86276.2642
 BOND   =      8700.8256  ANGLE   =        -0.0000  DIHED      =        -0.0000
 1-4 NB =         0.0000  1-4 EEL =        -0.0000  VDWAALS    =     19583.4838
 EELEC  =   -114560.5736  EHBOND  =         0.0000  RESTRAINT  =         0.0000
 DV/DL  =       123.2297
 ------------------------------------------------------------------------------

 NMR restraints: Bond =    0.000   Angle =     0.000   Torsion =     0.000
===============================================================================

| TI region  1


 NSTEP =    45000   TIME(PS) =      45.000  TEMP(K) =    70.64  PRESS =     0.0
 Etot   =    -81533.8600  EKtot   =      4390.0430  EPtot      =    -85923.9030
 BOND   =      8884.9620  ANGLE   =        -0.0000  DIHED      =        -0.0000
 1-4 NB =         0.0000  1-4 EEL =        -0.0000  VDWAALS    =     19610.8766
 EELEC  =   -114419.7415  EHBOND  =         0.0000  RESTRAINT  =         0.0000
 DV/DL  =       129.9562
 ------------------------------------------------------------------------------

  Softcore part of the system:       7 atoms,       TEMP(K)    =          67.97
 SC_Etot=        20.9508  SC_EKtot=         1.4182  SC_EPtot   =        19.5326
 SC_BOND=         0.4052  SC_ANGLE=         3.2262  SC_DIHED   =         5.2154
 SC_14NB=         0.2615  SC_14EEL=        10.4243  SC_VDW     =         0.0000
 SC_EEL =         0.0000
 SC_RES_DIST=     0.0000  SC_RES_ANG=       0.0000  SC_RES_TORS=         0.0000
 SC_EEL_DER=     31.7418  SC_VDW_DER=      -5.5065  SC_DERIV   =        26.2353
 ------------------------------------------------------------------------------


| TI region  2


 NSTEP =    45000   TIME(PS) =      45.000  TEMP(K) =    70.64  PRESS =     0.0
 Etot   =    -81535.2783  EKtot   =      4388.6247  EPtot      =    -85923.9030
 BOND   =      8884.9620  ANGLE   =        -0.0000  DIHED      =        -0.0000
 1-4 NB =         0.0000  1-4 EEL =        -0.0000  VDWAALS    =     19610.8766
 EELEC  =   -114419.7415  EHBOND  =         0.0000  RESTRAINT  =         0.0000
 DV/DL  =       129.9562
 ------------------------------------------------------------------------------

 NMR restraints: Bond =    0.000   Angle =     0.000   Torsion =     0.000
===============================================================================

| TI region  1


 NSTEP =    50000   TIME(PS) =      50.000  TEMP(K) =    78.06  PRESS =     0.0
 Etot   =    -80752.2363  EKtot   =      4851.1230  EPtot      =    -85603.3594
 BOND   =      9090.0052  ANGLE   =        -0.0000  DIHED      =        -0.0000
 1-4 NB =         0.0000  1-4 EEL =         0.0000  VDWAALS    =     19782.3818
 EELEC  =   -114475.7464  EHBOND  =         0.0000  RESTRAINT  =         0.0000
 DV/DL  =       129.7221
 ------------------------------------------------------------------------------

  Softcore part of the system:       7 atoms,       TEMP(K)    =          66.17
 SC_Etot=        20.9799  SC_EKtot=         1.3806  SC_EPtot   =        19.5993
 SC_BOND=         0.7199  SC_ANGLE=         3.0745  SC_DIHED   =         5.2166
 SC_14NB=         0.2322  SC_14EEL=        10.3561  SC_VDW     =         0.0000
 SC_EEL =         0.0000
 SC_RES_DIST=     0.0000  SC_RES_ANG=       0.0000  SC_RES_TORS=         0.0000
 SC_EEL_DER=     33.5600  SC_VDW_DER=     -10.3178  SC_DERIV   =        23.2423
 ------------------------------------------------------------------------------


| TI region  2


 NSTEP =    50000   TIME(PS) =      50.000  TEMP(K) =    78.07  PRESS =     0.0
 Etot   =    -80753.6170  EKtot   =      4849.7424  EPtot      =    -85603.3594
 BOND   =      9090.0052  ANGLE   =        -0.0000  DIHED      =        -0.0000
 1-4 NB =         0.0000  1-4 EEL =         0.0000  VDWAALS    =     19782.3818
 EELEC  =   -114475.7464  EHBOND  =         0.0000  RESTRAINT  =         0.0000
 DV/DL  =       129.7221
 ------------------------------------------------------------------------------

 NMR restraints: Bond =    0.000   Angle =     0.000   Torsion =     0.000
===============================================================================

| TI region  1


 NSTEP =    55000   TIME(PS) =      55.000  TEMP(K) =    86.68  PRESS =     0.0
 Etot   =    -79801.5723  EKtot   =      5386.8423  EPtot      =    -85188.4146
 BOND   =      9326.1127  ANGLE   =        -0.0000  DIHED      =        -0.0000
 1-4 NB =         0.0000  1-4 EEL =        -0.0000  VDWAALS    =     19544.2896
 EELEC  =   -114058.8168  EHBOND  =         0.0000  RESTRAINT  =         0.0000
 DV/DL  =       123.9295
 ------------------------------------------------------------------------------

  Softcore part of the system:       7 atoms,       TEMP(K)    =         128.90
 SC_Etot=        22.3626  SC_EKtot=         2.6895  SC_EPtot   =        19.6731
 SC_BOND=         0.5165  SC_ANGLE=         3.3384  SC_DIHED   =         5.2177
 SC_14NB=         0.2280  SC_14EEL=        10.3726  SC_VDW     =         0.0000
 SC_EEL =         0.0000
 SC_RES_DIST=     0.0000  SC_RES_ANG=       0.0000  SC_RES_TORS=         0.0000
 SC_EEL_DER=     32.1529  SC_VDW_DER=      -8.6478  SC_DERIV   =        23.5051
 ------------------------------------------------------------------------------


| TI region  2


 NSTEP =    55000   TIME(PS) =      55.000  TEMP(K) =    86.67  PRESS =     0.0
 Etot   =    -79804.2618  EKtot   =      5384.1528  EPtot      =    -85188.4146
 BOND   =      9326.1127  ANGLE   =        -0.0000  DIHED      =        -0.0000
 1-4 NB =         0.0000  1-4 EEL =        -0.0000  VDWAALS    =     19544.2896
 EELEC  =   -114058.8168  EHBOND  =         0.0000  RESTRAINT  =         0.0000
 DV/DL  =       123.9295
 ------------------------------------------------------------------------------

 NMR restraints: Bond =    0.000   Angle =     0.000   Torsion =     0.000
===============================================================================

| TI region  1


 NSTEP =    60000   TIME(PS) =      60.000  TEMP(K) =    94.18  PRESS =     0.0
 Etot   =    -78873.3964  EKtot   =      5852.3696  EPtot      =    -84725.7660
 BOND   =      9459.3908  ANGLE   =        -0.0000  DIHED      =         0.0000
 1-4 NB =         0.0000  1-4 EEL =        -0.0000  VDWAALS    =     19424.8547
 EELEC  =   -113610.0116  EHBOND  =         0.0000  RESTRAINT  =         0.0000
 DV/DL  =       123.0737
 ------------------------------------------------------------------------------

  Softcore part of the system:       7 atoms,       TEMP(K)    =          97.95
 SC_Etot=        21.6905  SC_EKtot=         2.0437  SC_EPtot   =        19.6468
 SC_BOND=         0.1910  SC_ANGLE=         3.2249  SC_DIHED   =         5.2517
 SC_14NB=         0.4420  SC_14EEL=        10.5373  SC_VDW     =         0.0000
 SC_EEL =         0.0000
 SC_RES_DIST=     0.0000  SC_RES_ANG=       0.0000  SC_RES_TORS=         0.0000
 SC_EEL_DER=     28.4903  SC_VDW_DER=      -8.6056  SC_DERIV   =        19.8847
 ------------------------------------------------------------------------------


| TI region  2


 NSTEP =    60000   TIME(PS) =      60.000  TEMP(K) =    94.17  PRESS =     0.0
 Etot   =    -78875.4402  EKtot   =      5850.3259  EPtot      =    -84725.7660
 BOND   =      9459.3908  ANGLE   =        -0.0000  DIHED      =         0.0000
 1-4 NB =         0.0000  1-4 EEL =        -0.0000  VDWAALS    =     19424.8547
 EELEC  =   -113610.0116  EHBOND  =         0.0000  RESTRAINT  =         0.0000
 DV/DL  =       123.0737
 ------------------------------------------------------------------------------

 NMR restraints: Bond =    0.000   Angle =     0.000   Torsion =     0.000
===============================================================================

| TI region  1


 NSTEP =    65000   TIME(PS) =      65.000  TEMP(K) =   101.47  PRESS =     0.0
 Etot   =    -78056.4056  EKtot   =      6305.9678  EPtot      =    -84362.3733
 BOND   =      9581.6010  ANGLE   =         0.0000  DIHED      =         0.0000
 1-4 NB =         0.0000  1-4 EEL =         0.0000  VDWAALS    =     19456.1102
 EELEC  =   -113400.0845  EHBOND  =         0.0000  RESTRAINT  =         0.0000
 DV/DL  =       119.0425
 ------------------------------------------------------------------------------

  Softcore part of the system:       7 atoms,       TEMP(K)    =         110.49
 SC_Etot=        22.0360  SC_EKtot=         2.3054  SC_EPtot   =        19.7306
 SC_BOND=         0.7036  SC_ANGLE=         3.0648  SC_DIHED   =         5.2198
 SC_14NB=         0.3085  SC_14EEL=        10.4339  SC_VDW     =         0.0000
 SC_EEL =         0.0000
 SC_RES_DIST=     0.0000  SC_RES_ANG=       0.0000  SC_RES_TORS=         0.0000
 SC_EEL_DER=     24.3176  SC_VDW_DER=      -3.9105  SC_DERIV   =        20.4071
 ------------------------------------------------------------------------------


| TI region  2


 NSTEP =    65000   TIME(PS) =      65.000  TEMP(K) =   101.47  PRESS =     0.0
 Etot   =    -78058.7110  EKtot   =      6303.6624  EPtot      =    -84362.3733
 BOND   =      9581.6010  ANGLE   =         0.0000  DIHED      =         0.0000
 1-4 NB =         0.0000  1-4 EEL =         0.0000  VDWAALS    =     19456.1102
 EELEC  =   -113400.0845  EHBOND  =         0.0000  RESTRAINT  =         0.0000
 DV/DL  =       119.0425
 ------------------------------------------------------------------------------

 NMR restraints: Bond =    0.000   Angle =     0.000   Torsion =     0.000
===============================================================================

| TI region  1


 NSTEP =    70000   TIME(PS) =      70.000  TEMP(K) =   110.25  PRESS =     0.0
 Etot   =    -77055.6779  EKtot   =      6851.4062  EPtot      =    -83907.0841
 BOND   =      9667.5697  ANGLE   =        -0.0000  DIHED      =        -0.0000
 1-4 NB =         0.0000  1-4 EEL =        -0.0000  VDWAALS    =     19178.2672
 EELEC  =   -112752.9210  EHBOND  =         0.0000  RESTRAINT  =         0.0000
 DV/DL  =       118.4178
 ------------------------------------------------------------------------------

  Softcore part of the system:       7 atoms,       TEMP(K)    =         140.96
 SC_Etot=        23.2767  SC_EKtot=         2.9412  SC_EPtot   =        20.3356
 SC_BOND=         0.2003  SC_ANGLE=         4.3257  SC_DIHED   =         5.2291
 SC_14NB=         0.2059  SC_14EEL=        10.3747  SC_VDW     =         0.0000
 SC_EEL =         0.0000
 SC_RES_DIST=     0.0000  SC_RES_ANG=       0.0000  SC_RES_TORS=         0.0000
 SC_EEL_DER=     27.0981  SC_VDW_DER=      -5.0867  SC_DERIV   =        22.0114
 ------------------------------------------------------------------------------


| TI region  2


 NSTEP =    70000   TIME(PS) =      70.000  TEMP(K) =   110.24  PRESS =     0.0
 Etot   =    -77058.6191  EKtot   =      6848.4651  EPtot      =    -83907.0841
 BOND   =      9667.5697  ANGLE   =        -0.0000  DIHED      =        -0.0000
 1-4 NB =         0.0000  1-4 EEL =        -0.0000  VDWAALS    =     19178.2672
 EELEC  =   -112752.9210  EHBOND  =         0.0000  RESTRAINT  =         0.0000
 DV/DL  =       118.4178
 ------------------------------------------------------------------------------

 NMR restraints: Bond =    0.000   Angle =     0.000   Torsion =     0.000
===============================================================================

| TI region  1


 NSTEP =    75000   TIME(PS) =      75.000  TEMP(K) =   117.45  PRESS =     0.0
 Etot   =    -76235.8749  EKtot   =      7298.5986  EPtot      =    -83534.4735
 BOND   =      9943.8821  ANGLE   =        -0.0000  DIHED      =        -0.0000
 1-4 NB =         0.0000  1-4 EEL =        -0.0000  VDWAALS    =     19266.0859
 EELEC  =   -112744.4415  EHBOND  =         0.0000  RESTRAINT  =         0.0000
 DV/DL  =       110.6909
 ------------------------------------------------------------------------------

  Softcore part of the system:       7 atoms,       TEMP(K)    =         156.09
 SC_Etot=        23.3606  SC_EKtot=         3.2568  SC_EPtot   =        20.1037
 SC_BOND=         0.1487  SC_ANGLE=         3.7749  SC_DIHED   =         5.2074
 SC_14NB=         0.4036  SC_14EEL=        10.5691  SC_VDW     =         0.0000
 SC_EEL =         0.0000
 SC_RES_DIST=     0.0000  SC_RES_ANG=       0.0000  SC_RES_TORS=         0.0000
 SC_EEL_DER=     25.2197  SC_VDW_DER=      -6.4271  SC_DERIV   =        18.7926
 ------------------------------------------------------------------------------


| TI region  2


 NSTEP =    75000   TIME(PS) =      75.000  TEMP(K) =   117.43  PRESS =     0.0
 Etot   =    -76239.1317  EKtot   =      7295.3418  EPtot      =    -83534.4735
 BOND   =      9943.8821  ANGLE   =        -0.0000  DIHED      =        -0.0000
 1-4 NB =         0.0000  1-4 EEL =        -0.0000  VDWAALS    =     19266.0859
 EELEC  =   -112744.4415  EHBOND  =         0.0000  RESTRAINT  =         0.0000
 DV/DL  =       110.6909
 ------------------------------------------------------------------------------

 NMR restraints: Bond =    0.000   Angle =     0.000   Torsion =     0.000
===============================================================================

| TI region  1


 NSTEP =    80000   TIME(PS) =      80.000  TEMP(K) =   124.69  PRESS =     0.0
 Etot   =    -75266.2948  EKtot   =      7748.9023  EPtot      =    -83015.1971
 BOND   =     10116.2933  ANGLE   =         0.0000  DIHED      =        -0.0000
 1-4 NB =         0.0000  1-4 EEL =        -0.0000  VDWAALS    =     19223.6492
 EELEC  =   -112355.1396  EHBOND  =         0.0000  RESTRAINT  =         0.0000
 DV/DL  =       120.6808
 ------------------------------------------------------------------------------

  Softcore part of the system:       7 atoms,       TEMP(K)    =          53.52
 SC_Etot=        21.2725  SC_EKtot=         1.1166  SC_EPtot   =        20.1559
 SC_BOND=         0.4403  SC_ANGLE=         3.4649  SC_DIHED   =         5.3115
 SC_14NB=         0.3858  SC_14EEL=        10.5533  SC_VDW     =         0.0000
 SC_EEL =         0.0000
 SC_RES_DIST=     0.0000  SC_RES_ANG=       0.0000  SC_RES_TORS=         0.0000
 SC_EEL_DER=     33.4942  SC_VDW_DER=     -10.9661  SC_DERIV   =        22.5281
 ------------------------------------------------------------------------------


| TI region  2


 NSTEP =    80000   TIME(PS) =      80.000  TEMP(K) =   124.72  PRESS =     0.0
 Etot   =    -75267.4114  EKtot   =      7747.7857  EPtot      =    -83015.1971
 BOND   =     10116.2933  ANGLE   =         0.0000  DIHED      =        -0.0000
 1-4 NB =         0.0000  1-4 EEL =        -0.0000  VDWAALS    =     19223.6492
 EELEC  =   -112355.1396  EHBOND  =         0.0000  RESTRAINT  =         0.0000
 DV/DL  =       120.6808
 ------------------------------------------------------------------------------

 NMR restraints: Bond =    0.000   Angle =     0.000   Torsion =     0.000
===============================================================================

| TI region  1


 NSTEP =    85000   TIME(PS) =      85.000  TEMP(K) =   134.94  PRESS =     0.0
 Etot   =    -74203.2122  EKtot   =      8385.5527  EPtot      =    -82588.7650
 BOND   =     10291.9523  ANGLE   =        -0.0000  DIHED      =        -0.0000
 1-4 NB =         0.0000  1-4 EEL =        -0.0000  VDWAALS    =     19197.2852
 EELEC  =   -112078.0024  EHBOND  =         0.0000  RESTRAINT  =         0.0000
 DV/DL  =       117.1165
 ------------------------------------------------------------------------------

  Softcore part of the system:       7 atoms,       TEMP(K)    =          89.83
 SC_Etot=        22.9352  SC_EKtot=         1.8744  SC_EPtot   =        21.0608
 SC_BOND=         0.6664  SC_ANGLE=         4.5094  SC_DIHED   =         5.2059
 SC_14NB=         0.2581  SC_14EEL=        10.4210  SC_VDW     =         0.0000
 SC_EEL =         0.0000
 SC_RES_DIST=     0.0000  SC_RES_ANG=       0.0000  SC_RES_TORS=         0.0000
 SC_EEL_DER=     26.7679  SC_VDW_DER=      -4.8681  SC_DERIV   =        21.8998
 ------------------------------------------------------------------------------


| TI region  2


 NSTEP =    85000   TIME(PS) =      85.000  TEMP(K) =   134.95  PRESS =     0.0
 Etot   =    -74205.0866  EKtot   =      8383.6783  EPtot      =    -82588.7650
 BOND   =     10291.9523  ANGLE   =        -0.0000  DIHED      =        -0.0000
 1-4 NB =         0.0000  1-4 EEL =        -0.0000  VDWAALS    =     19197.2852
 EELEC  =   -112078.0024  EHBOND  =         0.0000  RESTRAINT  =         0.0000
 DV/DL  =       117.1165
 ------------------------------------------------------------------------------

 NMR restraints: Bond =    0.000   Angle =     0.000   Torsion =     0.000
===============================================================================

| TI region  1


 NSTEP =    90000   TIME(PS) =      90.000  TEMP(K) =   140.23  PRESS =     0.0
 Etot   =    -73418.8245  EKtot   =      8714.5195  EPtot      =    -82133.3440
 BOND   =     10439.5242  ANGLE   =         0.0000  DIHED      =        -0.0000
 1-4 NB =         0.0000  1-4 EEL =         0.0000  VDWAALS    =     19089.9974
 EELEC  =   -111662.8656  EHBOND  =         0.0000  RESTRAINT  =         0.0000
 DV/DL  =       111.0010
 ------------------------------------------------------------------------------

  Softcore part of the system:       7 atoms,       TEMP(K)    =         164.97
 SC_Etot=        24.4295  SC_EKtot=         3.4423  SC_EPtot   =        20.9872
 SC_BOND=         0.1420  SC_ANGLE=         4.5385  SC_DIHED   =         5.3594
 SC_14NB=         0.4817  SC_14EEL=        10.4656  SC_VDW     =         0.0000
 SC_EEL =         0.0000
 SC_RES_DIST=     0.0000  SC_RES_ANG=       0.0000  SC_RES_TORS=         0.0000
 SC_EEL_DER=     23.5286  SC_VDW_DER=      -6.6561  SC_DERIV   =        16.8725
 ------------------------------------------------------------------------------


| TI region  2


 NSTEP =    90000   TIME(PS) =      90.000  TEMP(K) =   140.22  PRESS =     0.0
 Etot   =    -73422.2667  EKtot   =      8711.0773  EPtot      =    -82133.3440
 BOND   =     10439.5242  ANGLE   =         0.0000  DIHED      =        -0.0000
 1-4 NB =         0.0000  1-4 EEL =         0.0000  VDWAALS    =     19089.9974
 EELEC  =   -111662.8656  EHBOND  =         0.0000  RESTRAINT  =         0.0000
 DV/DL  =       111.0010
 ------------------------------------------------------------------------------

 NMR restraints: Bond =    0.000   Angle =     0.000   Torsion =     0.000
===============================================================================

| TI region  1


 NSTEP =    95000   TIME(PS) =      95.000  TEMP(K) =   149.03  PRESS =     0.0
 Etot   =    -72423.7767  EKtot   =      9261.3711  EPtot      =    -81685.1477
 BOND   =     10586.6575  ANGLE   =        -0.0000  DIHED      =        -0.0000
 1-4 NB =         0.0000  1-4 EEL =        -0.0000  VDWAALS    =     18816.0592
 EELEC  =   -111087.8644  EHBOND  =         0.0000  RESTRAINT  =         0.0000
 DV/DL  =       109.7022
 ------------------------------------------------------------------------------

  Softcore part of the system:       7 atoms,       TEMP(K)    =         127.17
 SC_Etot=        23.4644  SC_EKtot=         2.6535  SC_EPtot   =        20.8108
 SC_BOND=         1.9316  SC_ANGLE=         3.1977  SC_DIHED   =         5.2082
 SC_14NB=         0.1909  SC_14EEL=        10.2824  SC_VDW     =         0.0000
 SC_EEL =         0.0000
 SC_RES_DIST=     0.0000  SC_RES_ANG=       0.0000  SC_RES_TORS=         0.0000
 SC_EEL_DER=     21.2717  SC_VDW_DER=      -4.2963  SC_DERIV   =        16.9755
 ------------------------------------------------------------------------------


| TI region  2


 NSTEP =    95000   TIME(PS) =      95.000  TEMP(K) =   149.04  PRESS =     0.0
 Etot   =    -72426.4302  EKtot   =      9258.7176  EPtot      =    -81685.1477
 BOND   =     10586.6575  ANGLE   =        -0.0000  DIHED      =        -0.0000
 1-4 NB =         0.0000  1-4 EEL =        -0.0000  VDWAALS    =     18816.0592
 EELEC  =   -111087.8644  EHBOND  =         0.0000  RESTRAINT  =         0.0000
 DV/DL  =       109.7022
 ------------------------------------------------------------------------------

 NMR restraints: Bond =    0.000   Angle =     0.000   Torsion =     0.000
===============================================================================

| TI region  1


 NSTEP =   100000   TIME(PS) =     100.000  TEMP(K) =   157.82  PRESS =     0.0
 Etot   =    -71355.3535  EKtot   =      9807.3408  EPtot      =    -81162.6943
 BOND   =     10636.8876  ANGLE   =         0.0000  DIHED      =         0.0000
 1-4 NB =         0.0000  1-4 EEL =         0.0000  VDWAALS    =     18811.1152
 EELEC  =   -110610.6972  EHBOND  =         0.0000  RESTRAINT  =         0.0000
 DV/DL  =       113.4826
 ------------------------------------------------------------------------------

  Softcore part of the system:       7 atoms,       TEMP(K)    =         186.93
 SC_Etot=        24.1440  SC_EKtot=         3.9004  SC_EPtot   =        20.2436
 SC_BOND=         0.7202  SC_ANGLE=         3.5890  SC_DIHED   =         5.2807
 SC_14NB=         0.2667  SC_14EEL=        10.3871  SC_VDW     =         0.0000
 SC_EEL =         0.0000
 SC_RES_DIST=     0.0000  SC_RES_ANG=       0.0000  SC_RES_TORS=         0.0000
 SC_EEL_DER=     26.1952  SC_VDW_DER=      -8.7541  SC_DERIV   =        17.4411
 ------------------------------------------------------------------------------


| TI region  2


 NSTEP =   100000   TIME(PS) =     100.000  TEMP(K) =   157.81  PRESS =     0.0
 Etot   =    -71359.2539  EKtot   =      9803.4405  EPtot      =    -81162.6943
 BOND   =     10636.8876  ANGLE   =         0.0000  DIHED      =         0.0000
 1-4 NB =         0.0000  1-4 EEL =         0.0000  VDWAALS    =     18811.1152
 EELEC  =   -110610.6972  EHBOND  =         0.0000  RESTRAINT  =         0.0000
 DV/DL  =       113.4826
 ------------------------------------------------------------------------------

 NMR restraints: Bond =    0.000   Angle =     0.000   Torsion =     0.000
===============================================================================

| TI region  1


 NSTEP =   105000   TIME(PS) =     105.000  TEMP(K) =   165.85  PRESS =     0.0
 Etot   =    -70439.6029  EKtot   =     10306.6953  EPtot      =    -80746.2982
 BOND   =     10958.2304  ANGLE   =        -0.0000  DIHED      =        -0.0000
 1-4 NB =         0.0000  1-4 EEL =        -0.0000  VDWAALS    =     18715.1297
 EELEC  =   -110419.6583  EHBOND  =         0.0000  RESTRAINT  =         0.0000
 DV/DL  =       110.5018
 ------------------------------------------------------------------------------

  Softcore part of the system:       7 atoms,       TEMP(K)    =         137.89
 SC_Etot=        26.3933  SC_EKtot=         2.8771  SC_EPtot   =        23.5162
 SC_BOND=         3.2223  SC_ANGLE=         4.7254  SC_DIHED   =         5.3134
 SC_14NB=         0.1348  SC_14EEL=        10.1204  SC_VDW     =         0.0000
 SC_EEL =         0.0000
 SC_RES_DIST=     0.0000  SC_RES_ANG=       0.0000  SC_RES_TORS=         0.0000
 SC_EEL_DER=     18.5767  SC_VDW_DER=      -3.7570  SC_DERIV   =        14.8197
 ------------------------------------------------------------------------------


| TI region  2


 NSTEP =   105000   TIME(PS) =     105.000  TEMP(K) =   165.86  PRESS =     0.0
 Etot   =    -70442.4800  EKtot   =     10303.8182  EPtot      =    -80746.2982
 BOND   =     10958.2304  ANGLE   =        -0.0000  DIHED      =        -0.0000
 1-4 NB =         0.0000  1-4 EEL =        -0.0000  VDWAALS    =     18715.1297
 EELEC  =   -110419.6583  EHBOND  =         0.0000  RESTRAINT  =         0.0000
 DV/DL  =       110.5018
 ------------------------------------------------------------------------------

 NMR restraints: Bond =    0.000   Angle =     0.000   Torsion =     0.000
===============================================================================

| TI region  1


 NSTEP =   110000   TIME(PS) =     110.000  TEMP(K) =   174.06  PRESS =     0.0
 Etot   =    -69374.7859  EKtot   =     10816.9131  EPtot      =    -80191.6990
 BOND   =     11217.7537  ANGLE   =         0.0000  DIHED      =        -0.0000
 1-4 NB =         0.0000  1-4 EEL =         0.0000  VDWAALS    =     18799.7186
 EELEC  =   -110209.1713  EHBOND  =         0.0000  RESTRAINT  =         0.0000
 DV/DL  =       112.0597
 ------------------------------------------------------------------------------

  Softcore part of the system:       7 atoms,       TEMP(K)    =         109.92
 SC_Etot=        25.9321  SC_EKtot=         2.2935  SC_EPtot   =        23.6387
 SC_BOND=         2.1983  SC_ANGLE=         5.7950  SC_DIHED   =         5.2344
 SC_14NB=         0.1316  SC_14EEL=        10.2793  SC_VDW     =         0.0000
 SC_EEL =         0.0000
 SC_RES_DIST=     0.0000  SC_RES_ANG=       0.0000  SC_RES_TORS=         0.0000
 SC_EEL_DER=     20.3397  SC_VDW_DER=      -4.2881  SC_DERIV   =        16.0515
 ------------------------------------------------------------------------------


| TI region  2


 NSTEP =   110000   TIME(PS) =     110.000  TEMP(K) =   174.09  PRESS =     0.0
 Etot   =    -69377.0794  EKtot   =     10814.6196  EPtot      =    -80191.6990
 BOND   =     11217.7537  ANGLE   =         0.0000  DIHED      =        -0.0000
 1-4 NB =         0.0000  1-4 EEL =         0.0000  VDWAALS    =     18799.7186
 EELEC  =   -110209.1713  EHBOND  =         0.0000  RESTRAINT  =         0.0000
 DV/DL  =       112.0597
 ------------------------------------------------------------------------------

 NMR restraints: Bond =    0.000   Angle =     0.000   Torsion =     0.000
===============================================================================

| TI region  1


 NSTEP =   115000   TIME(PS) =     115.000  TEMP(K) =   179.72  PRESS =     0.0
 Etot   =    -68339.1905  EKtot   =     11168.5098  EPtot      =    -79507.7003
 BOND   =     11354.8947  ANGLE   =         0.0000  DIHED      =        -0.0000
 1-4 NB =         0.0000  1-4 EEL =         0.0000  VDWAALS    =     18600.7662
 EELEC  =   -109463.3612  EHBOND  =         0.0000  RESTRAINT  =         0.0000
 DV/DL  =       116.2168
 ------------------------------------------------------------------------------

  Softcore part of the system:       7 atoms,       TEMP(K)    =         137.20
 SC_Etot=        24.0800  SC_EKtot=         2.8627  SC_EPtot   =        21.2172
 SC_BOND=         2.1766  SC_ANGLE=         3.2517  SC_DIHED   =         5.2200
 SC_14NB=         0.2261  SC_14EEL=        10.3427  SC_VDW     =         0.0000
 SC_EEL =         0.0000
 SC_RES_DIST=     0.0000  SC_RES_ANG=       0.0000  SC_RES_TORS=         0.0000
 SC_EEL_DER=     19.5953  SC_VDW_DER=      -1.5765  SC_DERIV   =        18.0188
 ------------------------------------------------------------------------------


| TI region  2


 NSTEP =   115000   TIME(PS) =     115.000  TEMP(K) =   179.74  PRESS =     0.0
 Etot   =    -68342.0532  EKtot   =     11165.6470  EPtot      =    -79507.7003
 BOND   =     11354.8947  ANGLE   =         0.0000  DIHED      =        -0.0000
 1-4 NB =         0.0000  1-4 EEL =         0.0000  VDWAALS    =     18600.7662
 EELEC  =   -109463.3612  EHBOND  =         0.0000  RESTRAINT  =         0.0000
 DV/DL  =       116.2168
 ------------------------------------------------------------------------------

 NMR restraints: Bond =    0.000   Angle =     0.000   Torsion =     0.000
===============================================================================

| TI region  1


 NSTEP =   120000   TIME(PS) =     120.000  TEMP(K) =   190.38  PRESS =     0.0
 Etot   =    -67225.5380  EKtot   =     11830.8770  EPtot      =    -79056.4150
 BOND   =     11432.4896  ANGLE   =         0.0000  DIHED      =        -0.0000
 1-4 NB =         0.0000  1-4 EEL =         0.0000  VDWAALS    =     18107.1279
 EELEC  =   -108596.0325  EHBOND  =         0.0000  RESTRAINT  =         0.0000
 DV/DL  =       126.3656
 ------------------------------------------------------------------------------

  Softcore part of the system:       7 atoms,       TEMP(K)    =         292.05
 SC_Etot=        26.3461  SC_EKtot=         6.0937  SC_EPtot   =        20.2524
 SC_BOND=         0.7902  SC_ANGLE=         3.4799  SC_DIHED   =         5.2982
 SC_14NB=         0.2591  SC_14EEL=        10.4251  SC_VDW     =         0.0000
 SC_EEL =         0.0000
 SC_RES_DIST=     0.0000  SC_RES_ANG=       0.0000  SC_RES_TORS=         0.0000
 SC_EEL_DER=     24.2369  SC_VDW_DER=      -2.6492  SC_DERIV   =        21.5878
 ------------------------------------------------------------------------------


| TI region  2


 NSTEP =   120000   TIME(PS) =     120.000  TEMP(K) =   190.35  PRESS =     0.0
 Etot   =    -67231.6318  EKtot   =     11824.7832  EPtot      =    -79056.4150
 BOND   =     11432.4896  ANGLE   =         0.0000  DIHED      =        -0.0000
 1-4 NB =         0.0000  1-4 EEL =         0.0000  VDWAALS    =     18107.1279
 EELEC  =   -108596.0325  EHBOND  =         0.0000  RESTRAINT  =         0.0000
 DV/DL  =       126.3656
 ------------------------------------------------------------------------------

 NMR restraints: Bond =    0.000   Angle =     0.000   Torsion =     0.000
===============================================================================

| TI region  1


 NSTEP =   125000   TIME(PS) =     125.000  TEMP(K) =   196.74  PRESS =     0.0
 Etot   =    -65972.4358  EKtot   =     12225.8291  EPtot      =    -78198.2649
 BOND   =     11721.8883  ANGLE   =        -0.0000  DIHED      =        -0.0000
 1-4 NB =         0.0000  1-4 EEL =        -0.0000  VDWAALS    =     18022.5810
 EELEC  =   -107942.7342  EHBOND  =         0.0000  RESTRAINT  =         0.0000
 DV/DL  =       114.2011
 ------------------------------------------------------------------------------

  Softcore part of the system:       7 atoms,       TEMP(K)    =         167.46
 SC_Etot=        27.4078  SC_EKtot=         3.4941  SC_EPtot   =        23.9137
 SC_BOND=         1.9248  SC_ANGLE=         5.9598  SC_DIHED   =         5.3122
 SC_14NB=         0.2898  SC_14EEL=        10.4271  SC_VDW     =         0.0000
 SC_EEL =         0.0000
 SC_RES_DIST=     0.0000  SC_RES_ANG=       0.0000  SC_RES_TORS=         0.0000
 SC_EEL_DER=     24.1135  SC_VDW_DER=      -7.3013  SC_DERIV   =        16.8122
 ------------------------------------------------------------------------------


| TI region  2


 NSTEP =   125000   TIME(PS) =     125.000  TEMP(K) =   196.75  PRESS =     0.0
 Etot   =    -65975.9299  EKtot   =     12222.3350  EPtot      =    -78198.2649
 BOND   =     11721.8883  ANGLE   =        -0.0000  DIHED      =        -0.0000
 1-4 NB =         0.0000  1-4 EEL =        -0.0000  VDWAALS    =     18022.5810
 EELEC  =   -107942.7342  EHBOND  =         0.0000  RESTRAINT  =         0.0000
 DV/DL  =       114.2011
 ------------------------------------------------------------------------------

 NMR restraints: Bond =    0.000   Angle =     0.000   Torsion =     0.000
===============================================================================

| TI region  1


 NSTEP =   130000   TIME(PS) =     130.000  TEMP(K) =   206.53  PRESS =     0.0
 Etot   =    -65112.4045  EKtot   =     12834.1885  EPtot      =    -77946.5930
 BOND   =     11631.4470  ANGLE   =        -0.0000  DIHED      =        -0.0000
 1-4 NB =         0.0000  1-4 EEL =        -0.0000  VDWAALS    =     18000.1749
 EELEC  =   -107578.2149  EHBOND  =         0.0000  RESTRAINT  =         0.0000
 DV/DL  =       119.8532
 ------------------------------------------------------------------------------

  Softcore part of the system:       7 atoms,       TEMP(K)    =         152.47
 SC_Etot=        25.2269  SC_EKtot=         3.1814  SC_EPtot   =        22.0455
 SC_BOND=         0.4297  SC_ANGLE=         5.8406  SC_DIHED   =         5.2157
 SC_14NB=         0.2808  SC_14EEL=        10.2788  SC_VDW     =         0.0000
 SC_EEL =         0.0000
 SC_RES_DIST=     0.0000  SC_RES_ANG=       0.0000  SC_RES_TORS=         0.0000
 SC_EEL_DER=     24.0644  SC_VDW_DER=      -6.5593  SC_DERIV   =        17.5051
 ------------------------------------------------------------------------------


| TI region  2


 NSTEP =   130000   TIME(PS) =     130.000  TEMP(K) =   206.54  PRESS =     0.0
 Etot   =    -65115.5858  EKtot   =     12831.0071  EPtot      =    -77946.5930
 BOND   =     11631.4470  ANGLE   =        -0.0000  DIHED      =        -0.0000
 1-4 NB =         0.0000  1-4 EEL =        -0.0000  VDWAALS    =     18000.1749
 EELEC  =   -107578.2149  EHBOND  =         0.0000  RESTRAINT  =         0.0000
 DV/DL  =       119.8532
 ------------------------------------------------------------------------------

 NMR restraints: Bond =    0.000   Angle =     0.000   Torsion =     0.000
===============================================================================

| TI region  1


 NSTEP =   135000   TIME(PS) =     135.000  TEMP(K) =   210.62  PRESS =     0.0
 Etot   =    -64121.3468  EKtot   =     13088.4023  EPtot      =    -77209.7492
 BOND   =     11836.4149  ANGLE   =        -0.0000  DIHED      =        -0.0000
 1-4 NB =         0.0000  1-4 EEL =         0.0000  VDWAALS    =     17657.4590
 EELEC  =   -106703.6231  EHBOND  =         0.0000  RESTRAINT  =         0.0000
 DV/DL  =       108.7743
 ------------------------------------------------------------------------------

  Softcore part of the system:       7 atoms,       TEMP(K)    =         190.43
 SC_Etot=        26.3462  SC_EKtot=         3.9734  SC_EPtot   =        22.3728
 SC_BOND=         0.8393  SC_ANGLE=         5.5540  SC_DIHED   =         5.2813
 SC_14NB=         0.2527  SC_14EEL=        10.4456  SC_VDW     =         0.0000
 SC_EEL =         0.0000
 SC_RES_DIST=     0.0000  SC_RES_ANG=       0.0000  SC_RES_TORS=         0.0000
 SC_EEL_DER=     19.1371  SC_VDW_DER=      -7.0914  SC_DERIV   =        12.0458
 ------------------------------------------------------------------------------


| TI region  2


 NSTEP =   135000   TIME(PS) =     135.000  TEMP(K) =   210.62  PRESS =     0.0
 Etot   =    -64125.3202  EKtot   =     13084.4290  EPtot      =    -77209.7492
 BOND   =     11836.4149  ANGLE   =        -0.0000  DIHED      =        -0.0000
 1-4 NB =         0.0000  1-4 EEL =         0.0000  VDWAALS    =     17657.4590
 EELEC  =   -106703.6231  EHBOND  =         0.0000  RESTRAINT  =         0.0000
 DV/DL  =       108.7743
 ------------------------------------------------------------------------------

 NMR restraints: Bond =    0.000   Angle =     0.000   Torsion =     0.000
===============================================================================

| TI region  1


 NSTEP =   140000   TIME(PS) =     140.000  TEMP(K) =   218.26  PRESS =     0.0
 Etot   =    -62824.5960  EKtot   =     13563.5264  EPtot      =    -76388.1224
 BOND   =     11857.3497  ANGLE   =        -0.0000  DIHED      =         0.0000
 1-4 NB =         0.0000  1-4 EEL =        -0.0000  VDWAALS    =     17439.5239
 EELEC  =   -105684.9959  EHBOND  =         0.0000  RESTRAINT  =         0.0000
 DV/DL  =       128.6512
 ------------------------------------------------------------------------------

  Softcore part of the system:       7 atoms,       TEMP(K)    =         225.36
 SC_Etot=        26.5443  SC_EKtot=         4.7022  SC_EPtot   =        21.8422
 SC_BOND=         1.8210  SC_ANGLE=         4.3642  SC_DIHED   =         5.2627
 SC_14NB=         0.1256  SC_14EEL=        10.2687  SC_VDW     =         0.0000
 SC_EEL =         0.0000
 SC_RES_DIST=     0.0000  SC_RES_ANG=       0.0000  SC_RES_TORS=         0.0000
 SC_EEL_DER=     27.2487  SC_VDW_DER=      -5.6599  SC_DERIV   =        21.5889
 ------------------------------------------------------------------------------


| TI region  2


 NSTEP =   140000   TIME(PS) =     140.000  TEMP(K) =   218.26  PRESS =     0.0
 Etot   =    -62829.2982  EKtot   =     13558.8242  EPtot      =    -76388.1224
 BOND   =     11857.3497  ANGLE   =        -0.0000  DIHED      =         0.0000
 1-4 NB =         0.0000  1-4 EEL =        -0.0000  VDWAALS    =     17439.5239
 EELEC  =   -105684.9959  EHBOND  =         0.0000  RESTRAINT  =         0.0000
 DV/DL  =       128.6512
 ------------------------------------------------------------------------------

 NMR restraints: Bond =    0.000   Angle =     0.000   Torsion =     0.000
===============================================================================

| TI region  1


 NSTEP =   145000   TIME(PS) =     145.000  TEMP(K) =   225.95  PRESS =     0.0
 Etot   =    -61353.0227  EKtot   =     14041.4121  EPtot      =    -75394.4348
 BOND   =     12157.6433  ANGLE   =        -0.0000  DIHED      =        -0.0000
 1-4 NB =         0.0000  1-4 EEL =        -0.0000  VDWAALS    =     17166.6341
 EELEC  =   -104718.7122  EHBOND  =         0.0000  RESTRAINT  =         0.0000
 DV/DL  =       112.7246
 ------------------------------------------------------------------------------

  Softcore part of the system:       7 atoms,       TEMP(K)    =         243.94
 SC_Etot=        25.6637  SC_EKtot=         5.0900  SC_EPtot   =        20.5737
 SC_BOND=         0.7916  SC_ANGLE=         3.8346  SC_DIHED   =         5.2349
 SC_14NB=         0.2776  SC_14EEL=        10.4352  SC_VDW     =         0.0000
 SC_EEL =         0.0000
 SC_RES_DIST=     0.0000  SC_RES_ANG=       0.0000  SC_RES_TORS=         0.0000
 SC_EEL_DER=     21.7627  SC_VDW_DER=      -3.8092  SC_DERIV   =        17.9534
 ------------------------------------------------------------------------------


| TI region  2


 NSTEP =   145000   TIME(PS) =     145.000  TEMP(K) =   225.95  PRESS =     0.0
 Etot   =    -61358.1127  EKtot   =     14036.3221  EPtot      =    -75394.4348
 BOND   =     12157.6433  ANGLE   =        -0.0000  DIHED      =        -0.0000
 1-4 NB =         0.0000  1-4 EEL =        -0.0000  VDWAALS    =     17166.6341
 EELEC  =   -104718.7122  EHBOND  =         0.0000  RESTRAINT  =         0.0000
 DV/DL  =       112.7246
 ------------------------------------------------------------------------------

 NMR restraints: Bond =    0.000   Angle =     0.000   Torsion =     0.000
===============================================================================

| TI region  1


 NSTEP =   150000   TIME(PS) =     150.000  TEMP(K) =   236.30  PRESS =     0.0
 Etot   =    -59784.9737  EKtot   =     14684.4971  EPtot      =    -74469.4708
 BOND   =     12245.1147  ANGLE   =         0.0000  DIHED      =        -0.0000
 1-4 NB =         0.0000  1-4 EEL =        -0.0000  VDWAALS    =     16845.3492
 EELEC  =   -103559.9347  EHBOND  =         0.0000  RESTRAINT  =         0.0000
 DV/DL  =       110.4179
 ------------------------------------------------------------------------------

  Softcore part of the system:       7 atoms,       TEMP(K)    =         149.56
 SC_Etot=        22.7839  SC_EKtot=         3.1206  SC_EPtot   =        19.6633
 SC_BOND=         0.3337  SC_ANGLE=         3.2711  SC_DIHED   =         5.2079
 SC_14NB=         0.3864  SC_14EEL=        10.4642  SC_VDW     =         0.0000
 SC_EEL =         0.0000
 SC_RES_DIST=     0.0000  SC_RES_ANG=       0.0000  SC_RES_TORS=         0.0000
 SC_EEL_DER=     19.4529  SC_VDW_DER=      -3.0993  SC_DERIV   =        16.3536
 ------------------------------------------------------------------------------


| TI region  2


 NSTEP =   150000   TIME(PS) =     150.000  TEMP(K) =   236.33  PRESS =     0.0
 Etot   =    -59788.0944  EKtot   =     14681.3764  EPtot      =    -74469.4708
 BOND   =     12245.1147  ANGLE   =         0.0000  DIHED      =        -0.0000
 1-4 NB =         0.0000  1-4 EEL =        -0.0000  VDWAALS    =     16845.3492
 EELEC  =   -103559.9347  EHBOND  =         0.0000  RESTRAINT  =         0.0000
 DV/DL  =       110.4179
 ------------------------------------------------------------------------------

 NMR restraints: Bond =    0.000   Angle =     0.000   Torsion =     0.000
===============================================================================

| TI region  1


 NSTEP =   155000   TIME(PS) =     155.000  TEMP(K) =   242.79  PRESS =     0.0
 Etot   =    -58607.6986  EKtot   =     15088.0723  EPtot      =    -73695.7709
 BOND   =     12075.7901  ANGLE   =         0.0000  DIHED      =        -0.0000
 1-4 NB =         0.0000  1-4 EEL =        -0.0000  VDWAALS    =     16452.0591
 EELEC  =   -102223.6201  EHBOND  =         0.0000  RESTRAINT  =         0.0000
 DV/DL  =       101.4846
 ------------------------------------------------------------------------------

  Softcore part of the system:       7 atoms,       TEMP(K)    =         255.19
 SC_Etot=        26.5054  SC_EKtot=         5.3248  SC_EPtot   =        21.1806
 SC_BOND=         0.8201  SC_ANGLE=         4.5735  SC_DIHED   =         5.2310
 SC_14NB=         0.2062  SC_14EEL=        10.3497  SC_VDW     =         0.0000
 SC_EEL =         0.0000
 SC_RES_DIST=     0.0000  SC_RES_ANG=       0.0000  SC_RES_TORS=         0.0000
 SC_EEL_DER=     15.0233  SC_VDW_DER=      -1.6080  SC_DERIV   =        13.4154
 ------------------------------------------------------------------------------


| TI region  2


 NSTEP =   155000   TIME(PS) =     155.000  TEMP(K) =   242.79  PRESS =     0.0
 Etot   =    -58613.0234  EKtot   =     15082.7475  EPtot      =    -73695.7709
 BOND   =     12075.7901  ANGLE   =         0.0000  DIHED      =        -0.0000
 1-4 NB =         0.0000  1-4 EEL =        -0.0000  VDWAALS    =     16452.0591
 EELEC  =   -102223.6201  EHBOND  =         0.0000  RESTRAINT  =         0.0000
 DV/DL  =       101.4846
 ------------------------------------------------------------------------------

 NMR restraints: Bond =    0.000   Angle =     0.000   Torsion =     0.000
===============================================================================

| TI region  1


 NSTEP =   160000   TIME(PS) =     160.000  TEMP(K) =   253.89  PRESS =     0.0
 Etot   =    -56777.7409  EKtot   =     15777.5645  EPtot      =    -72555.3053
 BOND   =     12408.8930  ANGLE   =         0.0000  DIHED      =        -0.0000
 1-4 NB =         0.0000  1-4 EEL =        -0.0000  VDWAALS    =     16122.6214
 EELEC  =   -101086.8198  EHBOND  =         0.0000  RESTRAINT  =         0.0000
 DV/DL  =       104.5045
 ------------------------------------------------------------------------------

  Softcore part of the system:       7 atoms,       TEMP(K)    =         302.76
 SC_Etot=        31.3123  SC_EKtot=         6.3172  SC_EPtot   =        24.9951
 SC_BOND=         1.8524  SC_ANGLE=         7.3677  SC_DIHED   =         5.2438
 SC_14NB=         0.2360  SC_14EEL=        10.2952  SC_VDW     =         0.0000
 SC_EEL =         0.0000
 SC_RES_DIST=     0.0000  SC_RES_ANG=       0.0000  SC_RES_TORS=         0.0000
 SC_EEL_DER=     21.2713  SC_VDW_DER=     -11.0165  SC_DERIV   =        10.2548
 ------------------------------------------------------------------------------


| TI region  2


 NSTEP =   160000   TIME(PS) =     160.000  TEMP(K) =   253.87  PRESS =     0.0
 Etot   =    -56784.0581  EKtot   =     15771.2472  EPtot      =    -72555.3053
 BOND   =     12408.8930  ANGLE   =         0.0000  DIHED      =        -0.0000
 1-4 NB =         0.0000  1-4 EEL =        -0.0000  VDWAALS    =     16122.6214
 EELEC  =   -101086.8198  EHBOND  =         0.0000  RESTRAINT  =         0.0000
 DV/DL  =       104.5045
 ------------------------------------------------------------------------------

 NMR restraints: Bond =    0.000   Angle =     0.000   Torsion =     0.000
===============================================================================

| TI region  1


 NSTEP =   165000   TIME(PS) =     165.000  TEMP(K) =   258.90  PRESS =     0.0
 Etot   =    -55210.3143  EKtot   =     16088.7627  EPtot      =    -71299.0770
 BOND   =     12423.3903  ANGLE   =        -0.0000  DIHED      =        -0.0000
 1-4 NB =         0.0000  1-4 EEL =         0.0000  VDWAALS    =     15473.8589
 EELEC  =    -99196.3262  EHBOND  =         0.0000  RESTRAINT  =         0.0000
 DV/DL  =        98.4465
 ------------------------------------------------------------------------------

  Softcore part of the system:       7 atoms,       TEMP(K)    =         334.91
 SC_Etot=        28.3172  SC_EKtot=         6.9881  SC_EPtot   =        21.3290
 SC_BOND=         0.5340  SC_ANGLE=         5.0711  SC_DIHED   =         5.2135
 SC_14NB=         0.2639  SC_14EEL=        10.2465  SC_VDW     =         0.0000
 SC_EEL =         0.0000
 SC_RES_DIST=     0.0000  SC_RES_ANG=       0.0000  SC_RES_TORS=         0.0000
 SC_EEL_DER=     18.2711  SC_VDW_DER=      -6.3684  SC_DERIV   =        11.9027
 ------------------------------------------------------------------------------


| TI region  2


 NSTEP =   165000   TIME(PS) =     165.000  TEMP(K) =   258.87  PRESS =     0.0
 Etot   =    -55217.3025  EKtot   =     16081.7745  EPtot      =    -71299.0770
 BOND   =     12423.3903  ANGLE   =        -0.0000  DIHED      =        -0.0000
 1-4 NB =         0.0000  1-4 EEL =         0.0000  VDWAALS    =     15473.8589
 EELEC  =    -99196.3262  EHBOND  =         0.0000  RESTRAINT  =         0.0000
 DV/DL  =        98.4465
 ------------------------------------------------------------------------------

 NMR restraints: Bond =    0.000   Angle =     0.000   Torsion =     0.000
===============================================================================

| TI region  1


 NSTEP =   170000   TIME(PS) =     170.000  TEMP(K) =   269.51  PRESS =     0.0
 Etot   =    -53358.2052  EKtot   =     16748.3086  EPtot      =    -70106.5138
 BOND   =     12637.0104  ANGLE   =        -0.0000  DIHED      =         0.0000
 1-4 NB =         0.0000  1-4 EEL =        -0.0000  VDWAALS    =     15088.9543
 EELEC  =    -97832.4785  EHBOND  =         0.0000  RESTRAINT  =         0.0000
 DV/DL  =       120.1086
 ------------------------------------------------------------------------------

  Softcore part of the system:       7 atoms,       TEMP(K)    =         299.22
 SC_Etot=        27.6815  SC_EKtot=         6.2434  SC_EPtot   =        21.4381
 SC_BOND=         1.2672  SC_ANGLE=         4.2545  SC_DIHED   =         5.2446
 SC_14NB=         0.2820  SC_14EEL=        10.3898  SC_VDW     =         0.0000
 SC_EEL =         0.0000
 SC_RES_DIST=     0.0000  SC_RES_ANG=       0.0000  SC_RES_TORS=         0.0000
 SC_EEL_DER=     19.7611  SC_VDW_DER=      -2.7873  SC_DERIV   =        16.9739
 ------------------------------------------------------------------------------


| TI region  2


 NSTEP =   170000   TIME(PS) =     170.000  TEMP(K) =   269.50  PRESS =     0.0
 Etot   =    -53364.4486  EKtot   =     16742.0652  EPtot      =    -70106.5138
 BOND   =     12637.0104  ANGLE   =        -0.0000  DIHED      =         0.0000
 1-4 NB =         0.0000  1-4 EEL =        -0.0000  VDWAALS    =     15088.9543
 EELEC  =    -97832.4785  EHBOND  =         0.0000  RESTRAINT  =         0.0000
 DV/DL  =       120.1086
 ------------------------------------------------------------------------------

 NMR restraints: Bond =    0.000   Angle =     0.000   Torsion =     0.000
===============================================================================

| TI region  1


 NSTEP =   175000   TIME(PS) =     175.000  TEMP(K) =   274.23  PRESS =     0.0
 Etot   =    -51992.7591  EKtot   =     17041.3398  EPtot      =    -69034.0990
 BOND   =     12602.4740  ANGLE   =         0.0000  DIHED      =        -0.0000
 1-4 NB =         0.0000  1-4 EEL =         0.0000  VDWAALS    =     14824.6226
 EELEC  =    -96461.1955  EHBOND  =         0.0000  RESTRAINT  =         0.0000
 DV/DL  =        99.9750
 ------------------------------------------------------------------------------

  Softcore part of the system:       7 atoms,       TEMP(K)    =         243.28
 SC_Etot=        26.3743  SC_EKtot=         5.0762  SC_EPtot   =        21.2981
 SC_BOND=         1.1580  SC_ANGLE=         4.0568  SC_DIHED   =         5.2923
 SC_14NB=         0.3182  SC_14EEL=        10.4728  SC_VDW     =         0.0000
 SC_EEL =         0.0000
 SC_RES_DIST=     0.0000  SC_RES_ANG=       0.0000  SC_RES_TORS=         0.0000
 SC_EEL_DER=     19.4071  SC_VDW_DER=      -4.6696  SC_DERIV   =        14.7375
 ------------------------------------------------------------------------------


| TI region  2


 NSTEP =   175000   TIME(PS) =     175.000  TEMP(K) =   274.24  PRESS =     0.0
 Etot   =    -51997.8353  EKtot   =     17036.2637  EPtot      =    -69034.0990
 BOND   =     12602.4740  ANGLE   =         0.0000  DIHED      =        -0.0000
 1-4 NB =         0.0000  1-4 EEL =         0.0000  VDWAALS    =     14824.6226
 EELEC  =    -96461.1955  EHBOND  =         0.0000  RESTRAINT  =         0.0000
 DV/DL  =        99.9750
 ------------------------------------------------------------------------------

 NMR restraints: Bond =    0.000   Angle =     0.000   Torsion =     0.000
===============================================================================

| TI region  1


 NSTEP =   180000   TIME(PS) =     180.000  TEMP(K) =   282.78  PRESS =     0.0
 Etot   =    -50685.3255  EKtot   =     17572.6660  EPtot      =    -68257.9915
 BOND   =     12566.0637  ANGLE   =         0.0000  DIHED      =         0.0000
 1-4 NB =         0.0000  1-4 EEL =         0.0000  VDWAALS    =     13939.9937
 EELEC  =    -94764.0488  EHBOND  =         0.0000  RESTRAINT  =         0.0000
 DV/DL  =       104.7206
 ------------------------------------------------------------------------------

  Softcore part of the system:       7 atoms,       TEMP(K)    =         180.48
 SC_Etot=        24.8804  SC_EKtot=         3.7659  SC_EPtot   =        21.1145
 SC_BOND=         1.1200  SC_ANGLE=         4.2464  SC_DIHED   =         5.2259
 SC_14NB=         0.1713  SC_14EEL=        10.3509  SC_VDW     =         0.0000
 SC_EEL =         0.0000
 SC_RES_DIST=     0.0000  SC_RES_ANG=       0.0000  SC_RES_TORS=         0.0000
 SC_EEL_DER=     19.1620  SC_VDW_DER=      -1.6465  SC_DERIV   =        17.5156
 ------------------------------------------------------------------------------


| TI region  2


 NSTEP =   180000   TIME(PS) =     180.000  TEMP(K) =   282.81  PRESS =     0.0
 Etot   =    -50689.0914  EKtot   =     17568.9001  EPtot      =    -68257.9915
 BOND   =     12566.0637  ANGLE   =         0.0000  DIHED      =         0.0000
 1-4 NB =         0.0000  1-4 EEL =         0.0000  VDWAALS    =     13939.9937
 EELEC  =    -94764.0488  EHBOND  =         0.0000  RESTRAINT  =         0.0000
 DV/DL  =       104.7206
 ------------------------------------------------------------------------------

 NMR restraints: Bond =    0.000   Angle =     0.000   Torsion =     0.000
===============================================================================

| TI region  1


 NSTEP =   185000   TIME(PS) =     185.000  TEMP(K) =   292.42  PRESS =     0.0
 Etot   =    -48976.2422  EKtot   =     18172.0273  EPtot      =    -67148.2695
 BOND   =     12824.3894  ANGLE   =        -0.0000  DIHED      =        -0.0000
 1-4 NB =         0.0000  1-4 EEL =        -0.0000  VDWAALS    =     14296.5121
 EELEC  =    -94269.1710  EHBOND  =         0.0000  RESTRAINT  =         0.0000
 DV/DL  =        93.5163
 ------------------------------------------------------------------------------

  Softcore part of the system:       7 atoms,       TEMP(K)    =         446.34
 SC_Etot=        30.3420  SC_EKtot=         9.3132  SC_EPtot   =        21.0287
 SC_BOND=         1.6999  SC_ANGLE=         3.4281  SC_DIHED   =         5.2461
 SC_14NB=         0.2455  SC_14EEL=        10.4091  SC_VDW     =         0.0000
 SC_EEL =         0.0000
 SC_RES_DIST=     0.0000  SC_RES_ANG=       0.0000  SC_RES_TORS=         0.0000
 SC_EEL_DER=     18.2430  SC_VDW_DER=      -8.8831  SC_DERIV   =         9.3599
 ------------------------------------------------------------------------------


| TI region  2


 NSTEP =   185000   TIME(PS) =     185.000  TEMP(K) =   292.37  PRESS =     0.0
 Etot   =    -48985.5554  EKtot   =     18162.7141  EPtot      =    -67148.2695
 BOND   =     12824.3894  ANGLE   =        -0.0000  DIHED      =        -0.0000
 1-4 NB =         0.0000  1-4 EEL =        -0.0000  VDWAALS    =     14296.5121
 EELEC  =    -94269.1710  EHBOND  =         0.0000  RESTRAINT  =         0.0000
 DV/DL  =        93.5163
 ------------------------------------------------------------------------------

 NMR restraints: Bond =    0.000   Angle =     0.000   Torsion =     0.000
===============================================================================

| TI region  1


 NSTEP =   190000   TIME(PS) =     190.000  TEMP(K) =   300.68  PRESS =     0.0
 Etot   =    -47341.1341  EKtot   =     18685.1836  EPtot      =    -66026.3177
 BOND   =     13106.1542  ANGLE   =        -0.0000  DIHED      =        -0.0000
 1-4 NB =         0.0000  1-4 EEL =         0.0000  VDWAALS    =     13763.1380
 EELEC  =    -92895.6098  EHBOND  =         0.0000  RESTRAINT  =         0.0000
 DV/DL  =        99.6650
 ------------------------------------------------------------------------------

  Softcore part of the system:       7 atoms,       TEMP(K)    =         312.29
 SC_Etot=        32.0161  SC_EKtot=         6.5161  SC_EPtot   =        25.5000
 SC_BOND=         4.1322  SC_ANGLE=         4.6033  SC_DIHED   =         5.2736
 SC_14NB=         0.8672  SC_14EEL=        10.6238  SC_VDW     =         0.0000
 SC_EEL =         0.0000
 SC_RES_DIST=     0.0000  SC_RES_ANG=       0.0000  SC_RES_TORS=         0.0000
 SC_EEL_DER=     18.3802  SC_VDW_DER=      -4.6804  SC_DERIV   =        13.6998
 ------------------------------------------------------------------------------


| TI region  2


 NSTEP =   190000   TIME(PS) =     190.000  TEMP(K) =   300.67  PRESS =     0.0
 Etot   =    -47347.6501  EKtot   =     18678.6675  EPtot      =    -66026.3177
 BOND   =     13106.1542  ANGLE   =        -0.0000  DIHED      =        -0.0000
 1-4 NB =         0.0000  1-4 EEL =         0.0000  VDWAALS    =     13763.1380
 EELEC  =    -92895.6098  EHBOND  =         0.0000  RESTRAINT  =         0.0000
 DV/DL  =        99.6650
 ------------------------------------------------------------------------------

 NMR restraints: Bond =    0.000   Angle =     0.000   Torsion =     0.000
===============================================================================

| TI region  1


 NSTEP =   195000   TIME(PS) =     195.000  TEMP(K) =   299.16  PRESS =     0.0
 Etot   =    -47536.3874  EKtot   =     18590.5879  EPtot      =    -66126.9752
 BOND   =     12944.1825  ANGLE   =         0.0000  DIHED      =        -0.0000
 1-4 NB =         0.0000  1-4 EEL =        -0.0000  VDWAALS    =     13814.4130
 EELEC  =    -92885.5707  EHBOND  =         0.0000  RESTRAINT  =         0.0000
 DV/DL  =       111.5361
 ------------------------------------------------------------------------------

  Softcore part of the system:       7 atoms,       TEMP(K)    =         228.36
 SC_Etot=        26.9781  SC_EKtot=         4.7648  SC_EPtot   =        22.2133
 SC_BOND=         2.0860  SC_ANGLE=         3.7223  SC_DIHED   =         5.3721
 SC_14NB=         0.4253  SC_14EEL=        10.6076  SC_VDW     =         0.0000
 SC_EEL =         0.0000
 SC_RES_DIST=     0.0000  SC_RES_ANG=       0.0000  SC_RES_TORS=         0.0000
 SC_EEL_DER=     20.7248  SC_VDW_DER=      -6.8708  SC_DERIV   =        13.8539
 ------------------------------------------------------------------------------


| TI region  2


 NSTEP =   195000   TIME(PS) =     195.000  TEMP(K) =   299.18  PRESS =     0.0
 Etot   =    -47541.1521  EKtot   =     18585.8231  EPtot      =    -66126.9752
 BOND   =     12944.1825  ANGLE   =         0.0000  DIHED      =        -0.0000
 1-4 NB =         0.0000  1-4 EEL =        -0.0000  VDWAALS    =     13814.4130
 EELEC  =    -92885.5707  EHBOND  =         0.0000  RESTRAINT  =         0.0000
 DV/DL  =       111.5361
 ------------------------------------------------------------------------------

 NMR restraints: Bond =    0.000   Angle =     0.000   Torsion =     0.000
===============================================================================

| TI region  1


 NSTEP =   200000   TIME(PS) =     200.000  TEMP(K) =   301.46  PRESS =     0.0
 Etot   =    -47197.0091  EKtot   =     18733.6641  EPtot      =    -65930.6731
 BOND   =     13045.0936  ANGLE   =         0.0000  DIHED      =        -0.0000
 1-4 NB =         0.0000  1-4 EEL =        -0.0000  VDWAALS    =     13929.2790
 EELEC  =    -92905.0457  EHBOND  =         0.0000  RESTRAINT  =         0.0000
 DV/DL  =        91.0954
 ------------------------------------------------------------------------------

  Softcore part of the system:       7 atoms,       TEMP(K)    =         184.39
 SC_Etot=        28.5433  SC_EKtot=         3.8475  SC_EPtot   =        24.6959
 SC_BOND=         2.4546  SC_ANGLE=         6.7672  SC_DIHED   =         5.2340
 SC_14NB=         0.0633  SC_14EEL=        10.1769  SC_VDW     =         0.0000
 SC_EEL =         0.0000
 SC_RES_DIST=     0.0000  SC_RES_ANG=       0.0000  SC_RES_TORS=         0.0000
 SC_EEL_DER=     21.9455  SC_VDW_DER=     -10.7492  SC_DERIV   =        11.1964
 ------------------------------------------------------------------------------


| TI region  2


 NSTEP =   200000   TIME(PS) =     200.000  TEMP(K) =   301.50  PRESS =     0.0
 Etot   =    -47200.8565  EKtot   =     18729.8166  EPtot      =    -65930.6731
 BOND   =     13045.0936  ANGLE   =         0.0000  DIHED      =        -0.0000
 1-4 NB =         0.0000  1-4 EEL =        -0.0000  VDWAALS    =     13929.2790
 EELEC  =    -92905.0457  EHBOND  =         0.0000  RESTRAINT  =         0.0000
 DV/DL  =        91.0954
 ------------------------------------------------------------------------------

 NMR restraints: Bond =    0.000   Angle =     0.000   Torsion =     0.000
===============================================================================

| TI region  1


      A V E R A G E S   O V E R      40 S T E P S


 NSTEP =   200000   TIME(PS) =     200.000  TEMP(K) =   160.62  PRESS =     0.0
 Etot   =    -69365.6169  EKtot   =      9981.7554  EPtot      =    -79347.3723
 BOND   =     10639.8856  ANGLE   =        -0.0000  DIHED      =        -0.0000
 1-4 NB =         0.0000  1-4 EEL =        -0.0000  VDWAALS    =     17873.0100
 EELEC  =   -107860.2679  EHBOND  =         0.0000  RESTRAINT  =         0.0000
 DV/DL  =       116.1455
 ------------------------------------------------------------------------------

 NMR restraints: Bond =    0.000   Angle =     0.000   Torsion =     0.000
===============================================================================
  Softcore part of the system:       7 atoms,       TEMP(K)    =         156.83
 SC_Etot=        24.2955  SC_EKtot=         3.2723  SC_EPtot   =        21.0232
 SC_BOND=         1.0224  SC_ANGLE=         4.0646  SC_DIHED   =         5.2461
 SC_14NB=         0.2904  SC_14EEL=        10.3996  SC_VDW     =         0.0000
 SC_EEL =         0.0000
 SC_RES_DIST=     0.0000  SC_RES_ANG=       0.0000  SC_RES_TORS=         0.0000
 SC_EEL_DER=     24.6765  SC_VDW_DER=      -6.0366  SC_DERIV   =        18.6400
 ------------------------------------------------------------------------------


      R M S  F L U C T U A T I O N S


 NSTEP =   200000   TIME(PS) =     200.000  TEMP(K) =    90.24  PRESS =     0.0
 Etot   =     12604.6783  EKtot   =      5607.9028  EPtot      =      7066.0295
 BOND   =      1726.8165  ANGLE   =         0.0000  DIHED      =         0.0000
 1-4 NB =         0.0000  1-4 EEL =         0.0000  VDWAALS    =      1978.7966
 EELEC  =      7421.9074  EHBOND  =         0.0000  RESTRAINT  =         0.0000
 DV/DL  =        11.6604
 ------------------------------------------------------------------------------

  Softcore part of the system:       7 atoms,       TEMP(K)    =          99.74
 SC_Etot=         3.2987  SC_EKtot=         2.0811  SC_EPtot   =         1.6828
 SC_BOND=         0.9235  SC_ANGLE=         1.0881  SC_DIHED   =         0.0416
 SC_14NB=         0.1332  SC_14EEL=         0.1072  SC_VDW     =         0.0000
 SC_EEL =         0.0000
 SC_RES_DIST=     0.0000  SC_RES_ANG=       0.0000  SC_RES_TORS=         0.0000
 SC_EEL_DER=      5.2338  SC_VDW_DER=       2.5229  SC_DERIV   =         4.5597
 ------------------------------------------------------------------------------


| TI region  2


      A V E R A G E S   O V E R      40 S T E P S


 NSTEP =   200000   TIME(PS) =     200.000  TEMP(K) =   160.63  PRESS =     0.0
 Etot   =    -69368.8891  EKtot   =      9978.4832  EPtot      =    -79347.3723
 BOND   =     10639.8856  ANGLE   =        -0.0000  DIHED      =        -0.0000
 1-4 NB =         0.0000  1-4 EEL =        -0.0000  VDWAALS    =     17873.0100
 EELEC  =   -107860.2679  EHBOND  =         0.0000  RESTRAINT  =         0.0000
 DV/DL  =       116.1455
 ------------------------------------------------------------------------------

 NMR restraints: Bond =    0.000   Angle =     0.000   Torsion =     0.000
===============================================================================

      R M S  F L U C T U A T I O N S


 NSTEP =   200000   TIME(PS) =     200.000  TEMP(K) =    90.24  PRESS =     0.0
 Etot   =     12602.9052  EKtot   =      5606.1175  EPtot      =      7066.0295
 BOND   =      1726.8165  ANGLE   =         0.0000  DIHED      =         0.0000
 1-4 NB =         0.0000  1-4 EEL =         0.0000  VDWAALS    =      1978.7966
 EELEC  =      7421.9074  EHBOND  =         0.0000  RESTRAINT  =         0.0000
 DV/DL  =        11.6604
 ------------------------------------------------------------------------------


      DV/DL, AVERAGES OVER      40 STEPS


 NSTEP =   200000   TIME(PS) =     200.000  TEMP(K) =    90.24  PRESS =     0.0
 Etot   =         0.0000  EKtot   =         0.0000  EPtot      =       116.1455
 BOND   =         0.0000  ANGLE   =         0.0000  DIHED      =         0.0000
 1-4 NB =         0.0000  1-4 EEL =         0.0000  VDWAALS    =         4.4214
 EELEC  =        93.0842  EHBOND  =         0.0000  RESTRAINT  =         0.0000
 DV/DL  =       116.1455
 ------------------------------------------------------------------------------


 NMR restraints on final step:

--------------------------------------------------------------------------------
   5.  TIMINGS
--------------------------------------------------------------------------------

|  NonSetup CPU Time in Major Routines:
|
|     Routine           Sec        %
|     ------------------------------
|     Nonbond         158.12   28.40
|     Bond              0.00    0.00
|     Angle             0.00    0.00
|     Dihedral          0.00    0.00
|     Shake             0.00    0.00
|     RunMD           397.97   71.49
|     Other             0.62    0.11
|     ------------------------------
|     Total           556.71

|  PME Nonbond Pairlist CPU Time:
|
|     Routine              Sec        %
|     ---------------------------------
|     Set Up Cit           0.00    0.00
|     Build List           0.00    0.00
|     ---------------------------------
|     Total                0.00    0.00

|  PME Direct Force CPU Time:
|
|     Routine              Sec        %
|     ---------------------------------
|     NonBonded Calc       0.00    0.00
|     Exclude Masked       0.00    0.00
|     Other                0.41    0.07
|     ---------------------------------
|     Total                0.41    0.07

|  PME Reciprocal Force CPU Time:
|
|     Routine              Sec        %
|     ---------------------------------
|     1D bspline           0.00    0.00
|     Grid Charges         0.00    0.00
|     Scalar Sum           0.00    0.00
|     Gradient Sum         0.00    0.00
|     FFT                  0.00    0.00
|     ---------------------------------
|     Total                0.00    0.00

|  Final Performance Info:
|     -----------------------------------------------------
|     Average timings for last       1 steps:
|     Elapsed(s) =       0.00 Per Step(ms) =       2.66
|         ns/day =      32.49   seconds/ns =    2658.94
|
|     Average timings for all steps:
|     Elapsed(s) =     559.17 Per Step(ms) =       2.80
|         ns/day =      30.90   seconds/ns =    2795.84
|     -----------------------------------------------------

|  Setup CPU time:            0.49 seconds
|  NonSetup CPU time:       556.71 seconds
|  Total CPU time:          557.20 seconds     0.15 hours

|  Setup wall time:           2    seconds
|  NonSetup wall time:      559    seconds
|  Total wall time:         561    seconds     0.16 hours
