
          -------------------------------------------------------
          Amber 18 PMEMD                              2018
          -------------------------------------------------------

| PMEMD implementation of SANDER, Release 18

| Run on 06/20/2020 at 04:51:14

|   Executable path: /opt/software/Amber/18-foss-2018b-AmberTools-19/bin/pmemd.cuda
| Working directory: /mnt/gs18/scratch/users/songlin3/run/1264_optimization/acetate/two_steps_spce/step2/0.31608
|          Hostname: csn-039

  [-O]verwriting output

File Assignments:
|   MDIN: heat.in                                                               
|  MDOUT: heat.out                                                              
| INPCRD: min.rst                                                               
|   PARM: step2.prmtop                                                          
| RESTRT: heat.rst                                                              
|   REFC: min.rst                                                               
|  MDVEL: mdvel                                                                 
|   MDEN: mden                                                                  
|  MDCRD: heat.netcdf                                                           
| MDINFO: heat.mdinfo                                                           
|  MDFRC: mdfrc                                                                 


 Here is the input file:

nvt for free MD                                                                
 &cntrl                                                                        
  imin=0,                                                                      
  irest=0,                                                                     
  ntx=1,                                                                       
  ig=-1,                                                                       
  nstlim=200000,                                                               
  dt=0.001,                                                                    
  cut=10.0,                                                                    
  ntc=1,                                                                       
  ntf=1,                                                                       
  ntb=1,                                                                       
  ntt=3,                                                                       
  gamma_ln=2.0,                                                                
  tempi=0.0,                                                                   
  temp0=300.0,                                                                 
  ntpr=5000,                                                                   
  ntwr=5000,                                                                   
  ntwx=10000,                                                                  
  ntwv=0,                                                                      
  ioutfm=1,                                                                    
  iwrap=0,                                                                     
  nmropt=1,                                                                    
  ifsc = 1, icfe=1,                                                            
  clambda=0.31608,                                                             
  timask1=':1', scmask1=':1', scmask2='',                                      
  timask2='', crgmask = ':1',                                                  
/                                                                              
&wt TYPE='TEMP0', istep1=0, istep2=190000, value1=0.0, value2=300.0 /          
&wt TYPE='TEMP0', istep1=190001, istep2=200000, value1=300.0, value2=300.0 /   
&wt TYPE='DUMPFREQ', istep1=10000, /                                           
&wt TYPE='END', /                                                              


Note: ig = -1. Setting random seed to   904194 based on wallclock time in 
      microseconds.
| irandom = 1, using AMBER's internal random number generator (default).
 
|--------------------- INFORMATION ----------------------
| GPU (CUDA) Version of PMEMD in use: NVIDIA GPU IN USE.
|                    Version 18.0.0
| 
|                      03/25/2018
| 
| Implementation by:
|                    Ross C. Walker     (SDSC)
|                    Scott Le Grand     (nVIDIA)
| 
| Version 18 performance extensions by:
|                    David Cerutti     (Rutgers)
| 
| Precision model in use:
|      [SPFP] - Single Precision Forces, 64-bit Fixed Point
|               Accumulation. (Default)
| 
|--------------------------------------------------------
 
|----------------- CITATION INFORMATION -----------------
|
|    When publishing work that utilized the CUDA version
|    of AMBER, please cite the following in addition to
|    the regular AMBER citations:
|
|  - Romelia Salomon-Ferrer; Andreas W. Goetz; Duncan
|    Poole; Scott Le Grand; Ross C. Walker "Routine
|    microsecond molecular dynamics simulations with
|    AMBER - Part II: Particle Mesh Ewald", J. Chem.
|    Theory Comput., 2013, 9 (9), pp3878-3888,
|    DOI: 10.1021/ct400314y.
|
|  - Andreas W. Goetz; Mark J. Williamson; Dong Xu;
|    Duncan Poole; Scott Le Grand; Ross C. Walker
|    "Routine microsecond molecular dynamics simulations
|    with AMBER - Part I: Generalized Born", J. Chem.
|    Theory Comput., 2012, 8 (5), pp1542-1555.
|
|  - Scott Le Grand; Andreas W. Goetz; Ross C. Walker
|    "SPFP: Speed without compromise - a mixed precision
|    model for GPU accelerated molecular dynamics
|    simulations.", Comp. Phys. Comm., 2013, 184
|    pp374-380, DOI: 10.1016/j.cpc.2012.09.022
|
|    When publishing work that utilized the CUDA version
|    of TI, BAR, MBAR or FEP please cite the following 
|    three publications in addition to the regular AMBER 
|    GPU citations:
|
|  - Daniel J. Mermelstein; Charles Lin; Gard Nelson; 
|    Rachael Kretsch; J. Andrew McCammon; Ross C. Walker
|    "Fast and Flexible GPU Accelerated Binding 
|    Free Energy Calculations within the AMBER Molecular
|    Dynamics Package" J. Comp. Chem., 2018,
|    DOI: 10.1002/jcc.25187
|
|  - Tai-Sung Lee; Yuan Hu; Brad Sherborne; Zhuyan Guo;
|    Darrin M. York
|    "Toward Fast and Accurate Binding Affinity Prediction with
|    pmemdGTI: An Efficient Implementation of GPU-Accelerated
|    Thermodynamic Integration"
|    J. Chem. Theory Comput., 2017, 13 (7), 3077
|
|
|--------------------------------------------------------
 
|------------------- GPU DEVICE INFO --------------------
|
|            CUDA_VISIBLE_DEVICES: 0
|   CUDA Capable Devices Detected:      1
|           CUDA Device ID in use:      0
|                CUDA Device Name: Tesla K20m
|     CUDA Device Global Mem Size:   4743 MB
| CUDA Device Num Multiprocessors:     13
|           CUDA Device Core Freq:   0.71 GHz
|
|--------------------------------------------------------
 
 
| Conditional Compilation Defines Used:
| PUBFFT
| BINTRAJ
| CUDA
| EMIL

| Largest sphere to fit in unit cell has radius =    27.333

| New format PARM file being parsed.
| Version =    1.000 Date = 06/18/20 Time = 20:41:37

| Note: 1-4 EEL scale factors are being read from the topology file.

| Note: 1-4 VDW scale factors are being read from the topology file.
| Duplicated    0 dihedrals

| Duplicated    0 dihedrals

--------------------------------------------------------------------------------
   1.  RESOURCE   USE: 
--------------------------------------------------------------------------------

 getting box info from netcdf restart file
 NATOM  =   20845 NTYPES =       6 NBONH =   20841 MBONA  =       3
 NTHETH =       6 MTHETA =       3 NPHIH =      12 MPHIA  =       1
 NHPARM =       0 NPARM  =       0 NNB   =   27806 NRES   =    6947
 NBONA  =       3 NTHETA =       3 NPHIA =       1 NUMBND =       5
 NUMANG =       4 NPTRA  =       3 NATYP =       6 NPHB   =       1
 IFBOX  =       2 NMXRS  =       7 IFCAP =       0 NEXTRA =       0
 NCOPY  =       0

| Coordinate Index Table dimensions:    10   10   10
| Direct force subcell size =     6.6953    6.6953    6.6953

     BOX TYPE: TRUNCATED OCTAHEDRON

--------------------------------------------------------------------------------
   2.  CONTROL  DATA  FOR  THE  RUN
--------------------------------------------------------------------------------

default_name                                                                    

General flags:
     imin    =       0, nmropt  =       1

Nature and format of input:
     ntx     =       1, irest   =       0, ntrx    =       1

Nature and format of output:
     ntxo    =       2, ntpr    =    5000, ntrx    =       1, ntwr    =    5000
     iwrap   =       0, ntwx    =   10000, ntwv    =       0, ntwe    =       0
     ioutfm  =       1, ntwprt  =       0, idecomp =       0, rbornstat=      0

Potential function:
     ntf     =       1, ntb     =       1, igb     =       0, nsnb    =      25
     ipol    =       0, gbsa    =       0, iesp    =       0
     dielc   =   1.00000, cut     =  10.00000, intdiel =   1.00000

Frozen or restrained atoms:
     ibelly  =       0, ntr     =       0

Molecular dynamics:
     nstlim  =    200000, nscm    =      1000, nrespa  =         1
     t       =   0.00000, dt      =   0.00100, vlimit  =  -1.00000

Langevin dynamics temperature regulation:
     ig      =  904194
     temp0   = 300.00000, tempi   =   0.00000, gamma_ln=   2.00000

NMR refinement options:
     iscale  =       0, noeskp  =       1, ipnlty  =       1, mxsub   =       1
     scalm   = 100.00000, pencut  =   0.10000, tausw   =   0.10000

Free energy options:
     icfe    =       1, ifsc    =       1, klambda =       1
     clambda =  0.3161, scalpha =  0.5000, scbeta  = 12.0000
     sceeorder =       2
     dynlmb =  0.0000 logdvdl =       0

| Intermolecular bonds treatment:
|     no_intermolecular_bonds =       1

| Energy averages sample interval:
|     ene_avg_sampling =    5000

Ewald parameters:
     verbose =       0, ew_type =       0, nbflag  =       1, use_pme =       1
     vdwmeth =       1, eedmeth =       1, netfrc  =       1
     Box X =   66.953   Box Y =   66.953   Box Z =   66.953
     Alpha =  109.471   Beta  =  109.471   Gamma =  109.471
     NFFT1 =   64       NFFT2 =   64       NFFT3 =   64
     Cutoff=   10.000   Tol   =0.100E-04
     Ewald Coefficient =  0.27511
     Interpolation order =    4
     TI Mask 1 :1; matches      7 atoms
     TI Mask 2  matches      0 atoms
     TI region 1:   20845 atoms
     TI region 2:   20838 atoms
     SC Mask 1 :1; matches      7 atoms
Removing charge of      -0.8188 from atom       1
Removing charge of      -0.8188 from atom       2
Removing charge of       0.8054 from atom       3
Removing charge of      -0.1021 from atom       4
Removing charge of      -0.0219 from atom       5
Removing charge of      -0.0219 from atom       6
Removing charge of      -0.0219 from atom       7
Total charge of  -0.99999900 removed from       7 atoms
    No charge on TI atoms. Skipping extra recip sum.

--------------------------------------------------------------------------------
   3.  ATOMIC COORDINATES AND VELOCITIES
--------------------------------------------------------------------------------

default_name                                                                    
 begin time read from input coords =     0.000 ps



           Begin reading energy term weight changes/NMR restraints
 WEIGHT CHANGES:
 TEMP0         0 190000    0.000000  300.000000      0      0
 TEMP0    190001 200000  300.000000  300.000000      0      0
 DUMPFREQ  10000      0    0.000000    0.000000      0      0

 RESTRAINTS:
                          ** No restraint defined **

                  Done reading weight changes/NMR restraints


 
 Number of triangulated 3-point waters found:     6946
 Number of shake restraints removed in TI region  1 :        0
 Number of shake restraints removed in TI region  2 :        0

     Sum of charges for TI region  1 =  -0.00000762
     Forcing neutrality...


     Sum of charges for TI region  2 =  -0.00000762
     Forcing neutrality...

| Dynamic Memory, Types Used:
| Reals              914872
| Integers           792492

| Nonbonded Pairs Initial Allocation:     6305091

| GPU memory information (estimate):
| KB of GPU memory in use:         0
| KB of CPU memory in use:         0

--------------------------------------------------------------------------------
   4.  RESULTS
--------------------------------------------------------------------------------

   DOF for the SC part  1 of the system:   21

| TI region  1


 NSTEP =        0   TIME(PS) =       0.000  TEMP(K) =     0.00  PRESS =     0.0
 Etot   =    -99436.5532  EKtot   =         0.0000  EPtot      =    -99436.5532
 BOND   =      9097.8561  ANGLE   =         0.0000  DIHED      =         0.0000
 1-4 NB =         0.0000  1-4 EEL =         0.0000  VDWAALS    =     23901.0206
 EELEC  =   -132435.4299  EHBOND  =         0.0000  RESTRAINT  =         0.0000
 DV/DL  =         4.9554
 ------------------------------------------------------------------------------

  Softcore part of the system:       7 atoms,       TEMP(K)    =           0.00
 SC_Etot=         8.3326  SC_EKtot=         0.0000  SC_EPtot   =         8.3326
 SC_BOND=         0.0117  SC_ANGLE=         2.7869  SC_DIHED   =         5.2201
 SC_14NB=         0.3139  SC_14EEL=         0.0000  SC_VDW     =         0.0000
 SC_EEL =         0.0000
 SC_RES_DIST=     0.0000  SC_RES_ANG=       0.0000  SC_RES_TORS=         0.0000
 SC_EEL_DER=      0.0000  SC_VDW_DER=      -0.0121  SC_DERIV   =        -0.0121
 ------------------------------------------------------------------------------


| TI region  2


 NSTEP =        0   TIME(PS) =       0.000  TEMP(K) =     0.00  PRESS =     0.0
 Etot   =    -99436.5532  EKtot   =         0.0000  EPtot      =    -99436.5532
 BOND   =      9097.8561  ANGLE   =         0.0000  DIHED      =         0.0000
 1-4 NB =         0.0000  1-4 EEL =         0.0000  VDWAALS    =     23901.0206
 EELEC  =   -132435.4299  EHBOND  =         0.0000  RESTRAINT  =         0.0000
 DV/DL  =         4.9554
 ------------------------------------------------------------------------------

 NMR restraints: Bond =    0.000   Angle =     0.000   Torsion =     0.000
===============================================================================

| TI region  1


 NSTEP =     5000   TIME(PS) =       5.000  TEMP(K) =     7.42  PRESS =     0.0
 Etot   =    -99758.6928  EKtot   =       461.0811  EPtot      =   -100219.7740
 BOND   =      9561.2611  ANGLE   =         0.0000  DIHED      =        -0.0000
 1-4 NB =         0.0000  1-4 EEL =         0.0000  VDWAALS    =     25380.5967
 EELEC  =   -135161.6318  EHBOND  =         0.0000  RESTRAINT  =         0.0000
 DV/DL  =         7.5474
 ------------------------------------------------------------------------------

  Softcore part of the system:       7 atoms,       TEMP(K)    =           3.87
 SC_Etot=         8.4599  SC_EKtot=         0.0808  SC_EPtot   =         8.3792
 SC_BOND=         0.0559  SC_ANGLE=         2.8090  SC_DIHED   =         5.2182
 SC_14NB=         0.2961  SC_14EEL=         0.0000  SC_VDW     =         0.0000
 SC_EEL =         0.0000
 SC_RES_DIST=     0.0000  SC_RES_ANG=       0.0000  SC_RES_TORS=         0.0000
 SC_EEL_DER=      0.0000  SC_VDW_DER=      -0.2241  SC_DERIV   =        -0.2241
 ------------------------------------------------------------------------------


| TI region  2


 NSTEP =     5000   TIME(PS) =       5.000  TEMP(K) =     7.42  PRESS =     0.0
 Etot   =    -99758.7736  EKtot   =       461.0004  EPtot      =   -100219.7740
 BOND   =      9561.2611  ANGLE   =         0.0000  DIHED      =        -0.0000
 1-4 NB =         0.0000  1-4 EEL =         0.0000  VDWAALS    =     25380.5967
 EELEC  =   -135161.6318  EHBOND  =         0.0000  RESTRAINT  =         0.0000
 DV/DL  =         7.5474
 ------------------------------------------------------------------------------

 NMR restraints: Bond =    0.000   Angle =     0.000   Torsion =     0.000
===============================================================================

| TI region  1


 NSTEP =    10000   TIME(PS) =      10.000  TEMP(K) =    14.97  PRESS =     0.0
 Etot   =    -98949.1547  EKtot   =       930.3553  EPtot      =    -99879.5100
 BOND   =      9736.7656  ANGLE   =         0.0000  DIHED      =         0.0000
 1-4 NB =         0.0000  1-4 EEL =         0.0000  VDWAALS    =     25390.0694
 EELEC  =   -135006.3450  EHBOND  =         0.0000  RESTRAINT  =         0.0000
 DV/DL  =         7.8144
 ------------------------------------------------------------------------------

  Softcore part of the system:       7 atoms,       TEMP(K)    =          17.02
 SC_Etot=         8.8820  SC_EKtot=         0.3552  SC_EPtot   =         8.5268
 SC_BOND=         0.0388  SC_ANGLE=         2.8792  SC_DIHED   =         5.2162
 SC_14NB=         0.3926  SC_14EEL=         0.0000  SC_VDW     =         0.0000
 SC_EEL =         0.0000
 SC_RES_DIST=     0.0000  SC_RES_ANG=       0.0000  SC_RES_TORS=         0.0000
 SC_EEL_DER=      0.0000  SC_VDW_DER=      -0.0803  SC_DERIV   =        -0.0803
 ------------------------------------------------------------------------------


| TI region  2


 NSTEP =    10000   TIME(PS) =      10.000  TEMP(K) =    14.97  PRESS =     0.0
 Etot   =    -98949.5099  EKtot   =       930.0001  EPtot      =    -99879.5100
 BOND   =      9736.7656  ANGLE   =         0.0000  DIHED      =         0.0000
 1-4 NB =         0.0000  1-4 EEL =         0.0000  VDWAALS    =     25390.0694
 EELEC  =   -135006.3450  EHBOND  =         0.0000  RESTRAINT  =         0.0000
 DV/DL  =         7.8144
 ------------------------------------------------------------------------------

 NMR restraints: Bond =    0.000   Angle =     0.000   Torsion =     0.000
===============================================================================

| TI region  1


 NSTEP =    15000   TIME(PS) =      15.000  TEMP(K) =    23.27  PRESS =     0.0
 Etot   =    -98090.1498  EKtot   =      1445.6238  EPtot      =    -99535.7736
 BOND   =      9942.3326  ANGLE   =         0.0000  DIHED      =        -0.0000
 1-4 NB =         0.0000  1-4 EEL =         0.0000  VDWAALS    =     25399.6573
 EELEC  =   -134877.7635  EHBOND  =         0.0000  RESTRAINT  =         0.0000
 DV/DL  =         7.4531
 ------------------------------------------------------------------------------

  Softcore part of the system:       7 atoms,       TEMP(K)    =          32.15
 SC_Etot=         9.4974  SC_EKtot=         0.6709  SC_EPtot   =         8.8265
 SC_BOND=         0.1382  SC_ANGLE=         3.0821  SC_DIHED   =         5.2111
 SC_14NB=         0.3952  SC_14EEL=         0.0000  SC_VDW     =         0.0000
 SC_EEL =         0.0000
 SC_RES_DIST=     0.0000  SC_RES_ANG=       0.0000  SC_RES_TORS=         0.0000
 SC_EEL_DER=      0.0000  SC_VDW_DER=      -0.3995  SC_DERIV   =        -0.3995
 ------------------------------------------------------------------------------


| TI region  2


 NSTEP =    15000   TIME(PS) =      15.000  TEMP(K) =    23.26  PRESS =     0.0
 Etot   =    -98090.8207  EKtot   =      1444.9529  EPtot      =    -99535.7736
 BOND   =      9942.3326  ANGLE   =         0.0000  DIHED      =        -0.0000
 1-4 NB =         0.0000  1-4 EEL =         0.0000  VDWAALS    =     25399.6573
 EELEC  =   -134877.7635  EHBOND  =         0.0000  RESTRAINT  =         0.0000
 DV/DL  =         7.4531
 ------------------------------------------------------------------------------

 NMR restraints: Bond =    0.000   Angle =     0.000   Torsion =     0.000
===============================================================================

| TI region  1


 NSTEP =    20000   TIME(PS) =      20.000  TEMP(K) =    31.04  PRESS =     0.0
 Etot   =    -97285.8742  EKtot   =      1928.8851  EPtot      =    -99214.7593
 BOND   =     10136.6304  ANGLE   =        -0.0000  DIHED      =        -0.0000
 1-4 NB =         0.0000  1-4 EEL =         0.0000  VDWAALS    =     25599.2627
 EELEC  =   -134950.6523  EHBOND  =         0.0000  RESTRAINT  =         0.0000
 DV/DL  =         7.6463
 ------------------------------------------------------------------------------

  Softcore part of the system:       7 atoms,       TEMP(K)    =          31.21
 SC_Etot=         9.5937  SC_EKtot=         0.6512  SC_EPtot   =         8.9425
 SC_BOND=         0.3309  SC_ANGLE=         3.1139  SC_DIHED   =         5.2609
 SC_14NB=         0.2368  SC_14EEL=         0.0000  SC_VDW     =         0.0000
 SC_EEL =         0.0000
 SC_RES_DIST=     0.0000  SC_RES_ANG=       0.0000  SC_RES_TORS=         0.0000
 SC_EEL_DER=      0.0000  SC_VDW_DER=      -0.2820  SC_DERIV   =        -0.2820
 ------------------------------------------------------------------------------


| TI region  2


 NSTEP =    20000   TIME(PS) =      20.000  TEMP(K) =    31.04  PRESS =     0.0
 Etot   =    -97286.5253  EKtot   =      1928.2340  EPtot      =    -99214.7593
 BOND   =     10136.6304  ANGLE   =        -0.0000  DIHED      =        -0.0000
 1-4 NB =         0.0000  1-4 EEL =         0.0000  VDWAALS    =     25599.2627
 EELEC  =   -134950.6523  EHBOND  =         0.0000  RESTRAINT  =         0.0000
 DV/DL  =         7.6463
 ------------------------------------------------------------------------------

 NMR restraints: Bond =    0.000   Angle =     0.000   Torsion =     0.000
===============================================================================

| TI region  1


 NSTEP =    25000   TIME(PS) =      25.000  TEMP(K) =    38.70  PRESS =     0.0
 Etot   =    -96395.9228  EKtot   =      2404.3699  EPtot      =    -98800.2927
 BOND   =     10283.0859  ANGLE   =        -0.0000  DIHED      =        -0.0000
 1-4 NB =         0.0000  1-4 EEL =         0.0000  VDWAALS    =     25478.1493
 EELEC  =   -134561.5279  EHBOND  =         0.0000  RESTRAINT  =         0.0000
 DV/DL  =         7.5179
 ------------------------------------------------------------------------------

  Softcore part of the system:       7 atoms,       TEMP(K)    =          45.31
 SC_Etot=         9.6839  SC_EKtot=         0.9454  SC_EPtot   =         8.7385
 SC_BOND=         0.2272  SC_ANGLE=         2.9599  SC_DIHED   =         5.2222
 SC_14NB=         0.3291  SC_14EEL=         0.0000  SC_VDW     =         0.0000
 SC_EEL =         0.0000
 SC_RES_DIST=     0.0000  SC_RES_ANG=       0.0000  SC_RES_TORS=         0.0000
 SC_EEL_DER=      0.0000  SC_VDW_DER=      -0.1049  SC_DERIV   =        -0.1049
 ------------------------------------------------------------------------------


| TI region  2


 NSTEP =    25000   TIME(PS) =      25.000  TEMP(K) =    38.69  PRESS =     0.0
 Etot   =    -96396.8682  EKtot   =      2403.4244  EPtot      =    -98800.2927
 BOND   =     10283.0859  ANGLE   =        -0.0000  DIHED      =        -0.0000
 1-4 NB =         0.0000  1-4 EEL =         0.0000  VDWAALS    =     25478.1493
 EELEC  =   -134561.5279  EHBOND  =         0.0000  RESTRAINT  =         0.0000
 DV/DL  =         7.5179
 ------------------------------------------------------------------------------

 NMR restraints: Bond =    0.000   Angle =     0.000   Torsion =     0.000
===============================================================================

| TI region  1


 NSTEP =    30000   TIME(PS) =      30.000  TEMP(K) =    46.76  PRESS =     0.0
 Etot   =    -95473.1504  EKtot   =      2905.4497  EPtot      =    -98378.6001
 BOND   =     10516.6758  ANGLE   =         0.0000  DIHED      =        -0.0000
 1-4 NB =         0.0000  1-4 EEL =         0.0000  VDWAALS    =     25522.7178
 EELEC  =   -134417.9937  EHBOND  =         0.0000  RESTRAINT  =         0.0000
 DV/DL  =         7.5140
 ------------------------------------------------------------------------------

  Softcore part of the system:       7 atoms,       TEMP(K)    =          49.07
 SC_Etot=         9.9348  SC_EKtot=         1.0239  SC_EPtot   =         8.9109
 SC_BOND=         0.2420  SC_ANGLE=         3.0824  SC_DIHED   =         5.2428
 SC_14NB=         0.3437  SC_14EEL=         0.0000  SC_VDW     =         0.0000
 SC_EEL =         0.0000
 SC_RES_DIST=     0.0000  SC_RES_ANG=       0.0000  SC_RES_TORS=         0.0000
 SC_EEL_DER=      0.0000  SC_VDW_DER=      -0.1050  SC_DERIV   =        -0.1050
 ------------------------------------------------------------------------------


| TI region  2


 NSTEP =    30000   TIME(PS) =      30.000  TEMP(K) =    46.76  PRESS =     0.0
 Etot   =    -95474.1743  EKtot   =      2904.4258  EPtot      =    -98378.6001
 BOND   =     10516.6758  ANGLE   =         0.0000  DIHED      =        -0.0000
 1-4 NB =         0.0000  1-4 EEL =         0.0000  VDWAALS    =     25522.7178
 EELEC  =   -134417.9937  EHBOND  =         0.0000  RESTRAINT  =         0.0000
 DV/DL  =         7.5140
 ------------------------------------------------------------------------------

 NMR restraints: Bond =    0.000   Angle =     0.000   Torsion =     0.000
===============================================================================

| TI region  1


 NSTEP =    35000   TIME(PS) =      35.000  TEMP(K) =    54.84  PRESS =     0.0
 Etot   =    -94550.4083  EKtot   =      3407.5007  EPtot      =    -97957.9090
 BOND   =     10677.0071  ANGLE   =        -0.0000  DIHED      =         0.0000
 1-4 NB =         0.0000  1-4 EEL =         0.0000  VDWAALS    =     25284.5339
 EELEC  =   -133919.4501  EHBOND  =         0.0000  RESTRAINT  =         0.0000
 DV/DL  =         5.4081
 ------------------------------------------------------------------------------

  Softcore part of the system:       7 atoms,       TEMP(K)    =          61.21
 SC_Etot=        10.2785  SC_EKtot=         1.2773  SC_EPtot   =         9.0012
 SC_BOND=         0.2480  SC_ANGLE=         3.1932  SC_DIHED   =         5.2617
 SC_14NB=         0.2984  SC_14EEL=         0.0000  SC_VDW     =         0.0000
 SC_EEL =         0.0000
 SC_RES_DIST=     0.0000  SC_RES_ANG=       0.0000  SC_RES_TORS=         0.0000
 SC_EEL_DER=      0.0000  SC_VDW_DER=      -1.8904  SC_DERIV   =        -1.8904
 ------------------------------------------------------------------------------


| TI region  2


 NSTEP =    35000   TIME(PS) =      35.000  TEMP(K) =    54.84  PRESS =     0.0
 Etot   =    -94551.6856  EKtot   =      3406.2235  EPtot      =    -97957.9090
 BOND   =     10677.0071  ANGLE   =        -0.0000  DIHED      =         0.0000
 1-4 NB =         0.0000  1-4 EEL =         0.0000  VDWAALS    =     25284.5339
 EELEC  =   -133919.4501  EHBOND  =         0.0000  RESTRAINT  =         0.0000
 DV/DL  =         5.4081
 ------------------------------------------------------------------------------

 NMR restraints: Bond =    0.000   Angle =     0.000   Torsion =     0.000
===============================================================================

| TI region  1


 NSTEP =    40000   TIME(PS) =      40.000  TEMP(K) =    62.50  PRESS =     0.0
 Etot   =    -93699.9375  EKtot   =      3883.3545  EPtot      =    -97583.2920
 BOND   =     10785.0589  ANGLE   =         0.0000  DIHED      =        -0.0000
 1-4 NB =         0.0000  1-4 EEL =         0.0000  VDWAALS    =     25395.1103
 EELEC  =   -133763.4612  EHBOND  =         0.0000  RESTRAINT  =         0.0000
 DV/DL  =         6.1110
 ------------------------------------------------------------------------------

  Softcore part of the system:       7 atoms,       TEMP(K)    =          57.58
 SC_Etot=         9.9998  SC_EKtot=         1.2014  SC_EPtot   =         8.7984
 SC_BOND=         0.1357  SC_ANGLE=         3.0223  SC_DIHED   =         5.2134
 SC_14NB=         0.4270  SC_14EEL=         0.0000  SC_VDW     =         0.0000
 SC_EEL =         0.0000
 SC_RES_DIST=     0.0000  SC_RES_ANG=       0.0000  SC_RES_TORS=         0.0000
 SC_EEL_DER=      0.0000  SC_VDW_DER=      -0.9279  SC_DERIV   =        -0.9279
 ------------------------------------------------------------------------------


| TI region  2


 NSTEP =    40000   TIME(PS) =      40.000  TEMP(K) =    62.50  PRESS =     0.0
 Etot   =    -93701.1389  EKtot   =      3882.1531  EPtot      =    -97583.2920
 BOND   =     10785.0589  ANGLE   =         0.0000  DIHED      =        -0.0000
 1-4 NB =         0.0000  1-4 EEL =         0.0000  VDWAALS    =     25395.1103
 EELEC  =   -133763.4612  EHBOND  =         0.0000  RESTRAINT  =         0.0000
 DV/DL  =         6.1110
 ------------------------------------------------------------------------------

 NMR restraints: Bond =    0.000   Angle =     0.000   Torsion =     0.000
===============================================================================

| TI region  1


 NSTEP =    45000   TIME(PS) =      45.000  TEMP(K) =    70.15  PRESS =     0.0
 Etot   =    -92777.7824  EKtot   =      4358.5840  EPtot      =    -97136.3664
 BOND   =     11040.6526  ANGLE   =         0.0000  DIHED      =         0.0000
 1-4 NB =         0.0000  1-4 EEL =         0.0000  VDWAALS    =     25622.2315
 EELEC  =   -133799.2504  EHBOND  =         0.0000  RESTRAINT  =         0.0000
 DV/DL  =         6.8019
 ------------------------------------------------------------------------------

  Softcore part of the system:       7 atoms,       TEMP(K)    =          41.80
 SC_Etot=         9.8551  SC_EKtot=         0.8723  SC_EPtot   =         8.9828
 SC_BOND=         0.1763  SC_ANGLE=         3.3132  SC_DIHED   =         5.2158
 SC_14NB=         0.2775  SC_14EEL=         0.0000  SC_VDW     =         0.0000
 SC_EEL =         0.0000
 SC_RES_DIST=     0.0000  SC_RES_ANG=       0.0000  SC_RES_TORS=         0.0000
 SC_EEL_DER=      0.0000  SC_VDW_DER=      -0.5677  SC_DERIV   =        -0.5677
 ------------------------------------------------------------------------------


| TI region  2


 NSTEP =    45000   TIME(PS) =      45.000  TEMP(K) =    70.16  PRESS =     0.0
 Etot   =    -92778.6547  EKtot   =      4357.7117  EPtot      =    -97136.3664
 BOND   =     11040.6526  ANGLE   =         0.0000  DIHED      =         0.0000
 1-4 NB =         0.0000  1-4 EEL =         0.0000  VDWAALS    =     25622.2315
 EELEC  =   -133799.2504  EHBOND  =         0.0000  RESTRAINT  =         0.0000
 DV/DL  =         6.8019
 ------------------------------------------------------------------------------

 NMR restraints: Bond =    0.000   Angle =     0.000   Torsion =     0.000
===============================================================================

| TI region  1


 NSTEP =    50000   TIME(PS) =      50.000  TEMP(K) =    78.27  PRESS =     0.0
 Etot   =    -91900.1609  EKtot   =      4862.9785  EPtot      =    -96763.1394
 BOND   =     11121.1965  ANGLE   =        -0.0000  DIHED      =         0.0000
 1-4 NB =         0.0000  1-4 EEL =         0.0000  VDWAALS    =     25244.4175
 EELEC  =   -133128.7534  EHBOND  =         0.0000  RESTRAINT  =         0.0000
 DV/DL  =         7.0110
 ------------------------------------------------------------------------------

  Softcore part of the system:       7 atoms,       TEMP(K)    =          82.99
 SC_Etot=        10.8872  SC_EKtot=         1.7317  SC_EPtot   =         9.1555
 SC_BOND=         0.5879  SC_ANGLE=         3.0002  SC_DIHED   =         5.2462
 SC_14NB=         0.3212  SC_14EEL=         0.0000  SC_VDW     =         0.0000
 SC_EEL =         0.0000
 SC_RES_DIST=     0.0000  SC_RES_ANG=       0.0000  SC_RES_TORS=         0.0000
 SC_EEL_DER=      0.0000  SC_VDW_DER=      -0.7641  SC_DERIV   =        -0.7641
 ------------------------------------------------------------------------------


| TI region  2


 NSTEP =    50000   TIME(PS) =      50.000  TEMP(K) =    78.26  PRESS =     0.0
 Etot   =    -91901.8926  EKtot   =      4861.2468  EPtot      =    -96763.1394
 BOND   =     11121.1965  ANGLE   =        -0.0000  DIHED      =         0.0000
 1-4 NB =         0.0000  1-4 EEL =         0.0000  VDWAALS    =     25244.4175
 EELEC  =   -133128.7534  EHBOND  =         0.0000  RESTRAINT  =         0.0000
 DV/DL  =         7.0110
 ------------------------------------------------------------------------------

 NMR restraints: Bond =    0.000   Angle =     0.000   Torsion =     0.000
===============================================================================

| TI region  1


 NSTEP =    55000   TIME(PS) =      55.000  TEMP(K) =    86.25  PRESS =     0.0
 Etot   =    -90996.1344  EKtot   =      5358.9707  EPtot      =    -96355.1051
 BOND   =     11332.3962  ANGLE   =         0.0000  DIHED      =        -0.0000
 1-4 NB =         0.0000  1-4 EEL =         0.0000  VDWAALS    =     25347.1500
 EELEC  =   -133034.6513  EHBOND  =         0.0000  RESTRAINT  =         0.0000
 DV/DL  =         6.9658
 ------------------------------------------------------------------------------

  Softcore part of the system:       7 atoms,       TEMP(K)    =         114.53
 SC_Etot=        11.6299  SC_EKtot=         2.3896  SC_EPtot   =         9.2402
 SC_BOND=         0.1016  SC_ANGLE=         3.5385  SC_DIHED   =         5.2777
 SC_14NB=         0.3224  SC_14EEL=         0.0000  SC_VDW     =         0.0000
 SC_EEL =         0.0000
 SC_RES_DIST=     0.0000  SC_RES_ANG=       0.0000  SC_RES_TORS=         0.0000
 SC_EEL_DER=      0.0000  SC_VDW_DER=      -0.2013  SC_DERIV   =        -0.2013
 ------------------------------------------------------------------------------


| TI region  2


 NSTEP =    55000   TIME(PS) =      55.000  TEMP(K) =    86.24  PRESS =     0.0
 Etot   =    -90998.5241  EKtot   =      5356.5811  EPtot      =    -96355.1051
 BOND   =     11332.3962  ANGLE   =         0.0000  DIHED      =        -0.0000
 1-4 NB =         0.0000  1-4 EEL =         0.0000  VDWAALS    =     25347.1500
 EELEC  =   -133034.6513  EHBOND  =         0.0000  RESTRAINT  =         0.0000
 DV/DL  =         6.9658
 ------------------------------------------------------------------------------

 NMR restraints: Bond =    0.000   Angle =     0.000   Torsion =     0.000
===============================================================================

| TI region  1


 NSTEP =    60000   TIME(PS) =      60.000  TEMP(K) =    94.36  PRESS =     0.0
 Etot   =    -90161.7841  EKtot   =      5863.0938  EPtot      =    -96024.8779
 BOND   =     11514.7121  ANGLE   =        -0.0000  DIHED      =         0.0000
 1-4 NB =         0.0000  1-4 EEL =         0.0000  VDWAALS    =     25161.8877
 EELEC  =   -132701.4777  EHBOND  =         0.0000  RESTRAINT  =         0.0000
 DV/DL  =         6.2882
 ------------------------------------------------------------------------------

  Softcore part of the system:       7 atoms,       TEMP(K)    =          99.00
 SC_Etot=        11.5258  SC_EKtot=         2.0657  SC_EPtot   =         9.4601
 SC_BOND=         0.3403  SC_ANGLE=         3.7354  SC_DIHED   =         5.2126
 SC_14NB=         0.1719  SC_14EEL=         0.0000  SC_VDW     =         0.0000
 SC_EEL =         0.0000
 SC_RES_DIST=     0.0000  SC_RES_ANG=       0.0000  SC_RES_TORS=         0.0000
 SC_EEL_DER=      0.0000  SC_VDW_DER=      -0.3531  SC_DERIV   =        -0.3531
 ------------------------------------------------------------------------------


| TI region  2


 NSTEP =    60000   TIME(PS) =      60.000  TEMP(K) =    94.36  PRESS =     0.0
 Etot   =    -90163.8498  EKtot   =      5861.0281  EPtot      =    -96024.8779
 BOND   =     11514.7121  ANGLE   =        -0.0000  DIHED      =         0.0000
 1-4 NB =         0.0000  1-4 EEL =         0.0000  VDWAALS    =     25161.8877
 EELEC  =   -132701.4777  EHBOND  =         0.0000  RESTRAINT  =         0.0000
 DV/DL  =         6.2882
 ------------------------------------------------------------------------------

 NMR restraints: Bond =    0.000   Angle =     0.000   Torsion =     0.000
===============================================================================

| TI region  1


 NSTEP =    65000   TIME(PS) =      65.000  TEMP(K) =   102.46  PRESS =     0.0
 Etot   =    -89256.5605  EKtot   =      6366.5347  EPtot      =    -95623.0952
 BOND   =     11684.2498  ANGLE   =         0.0000  DIHED      =        -0.0000
 1-4 NB =         0.0000  1-4 EEL =         0.0000  VDWAALS    =     25308.4035
 EELEC  =   -132615.7484  EHBOND  =         0.0000  RESTRAINT  =         0.0000
 DV/DL  =         5.1541
 ------------------------------------------------------------------------------

  Softcore part of the system:       7 atoms,       TEMP(K)    =          96.78
 SC_Etot=        11.8288  SC_EKtot=         2.0193  SC_EPtot   =         9.8095
 SC_BOND=         0.3268  SC_ANGLE=         3.6494  SC_DIHED   =         5.2526
 SC_14NB=         0.5806  SC_14EEL=         0.0000  SC_VDW     =         0.0000
 SC_EEL =         0.0000
 SC_RES_DIST=     0.0000  SC_RES_ANG=       0.0000  SC_RES_TORS=         0.0000
 SC_EEL_DER=      0.0000  SC_VDW_DER=      -1.1066  SC_DERIV   =        -1.1066
 ------------------------------------------------------------------------------


| TI region  2


 NSTEP =    65000   TIME(PS) =      65.000  TEMP(K) =   102.47  PRESS =     0.0
 Etot   =    -89258.5798  EKtot   =      6364.5154  EPtot      =    -95623.0952
 BOND   =     11684.2498  ANGLE   =         0.0000  DIHED      =        -0.0000
 1-4 NB =         0.0000  1-4 EEL =         0.0000  VDWAALS    =     25308.4035
 EELEC  =   -132615.7484  EHBOND  =         0.0000  RESTRAINT  =         0.0000
 DV/DL  =         5.1541
 ------------------------------------------------------------------------------

 NMR restraints: Bond =    0.000   Angle =     0.000   Torsion =     0.000
===============================================================================

| TI region  1


 NSTEP =    70000   TIME(PS) =      70.000  TEMP(K) =   110.54  PRESS =     0.0
 Etot   =    -88472.5795  EKtot   =      6868.0518  EPtot      =    -95340.6313
 BOND   =     11979.0519  ANGLE   =        -0.0000  DIHED      =         0.0000
 1-4 NB =         0.0000  1-4 EEL =         0.0000  VDWAALS    =     25393.9437
 EELEC  =   -132713.6268  EHBOND  =         0.0000  RESTRAINT  =         0.0000
 DV/DL  =         6.7437
 ------------------------------------------------------------------------------

  Softcore part of the system:       7 atoms,       TEMP(K)    =         142.78
 SC_Etot=        13.0306  SC_EKtot=         2.9791  SC_EPtot   =        10.0515
 SC_BOND=         0.8271  SC_ANGLE=         3.5887  SC_DIHED   =         5.3267
 SC_14NB=         0.3089  SC_14EEL=         0.0000  SC_VDW     =         0.0000
 SC_EEL =         0.0000
 SC_RES_DIST=     0.0000  SC_RES_ANG=       0.0000  SC_RES_TORS=         0.0000
 SC_EEL_DER=      0.0000  SC_VDW_DER=      -0.4020  SC_DERIV   =        -0.4020
 ------------------------------------------------------------------------------


| TI region  2


 NSTEP =    70000   TIME(PS) =      70.000  TEMP(K) =   110.52  PRESS =     0.0
 Etot   =    -88475.5587  EKtot   =      6865.0726  EPtot      =    -95340.6313
 BOND   =     11979.0519  ANGLE   =        -0.0000  DIHED      =         0.0000
 1-4 NB =         0.0000  1-4 EEL =         0.0000  VDWAALS    =     25393.9437
 EELEC  =   -132713.6268  EHBOND  =         0.0000  RESTRAINT  =         0.0000
 DV/DL  =         6.7437
 ------------------------------------------------------------------------------

 NMR restraints: Bond =    0.000   Angle =     0.000   Torsion =     0.000
===============================================================================

| TI region  1


 NSTEP =    75000   TIME(PS) =      75.000  TEMP(K) =   118.24  PRESS =     0.0
 Etot   =    -87483.3301  EKtot   =      7346.8252  EPtot      =    -94830.1553
 BOND   =     11972.8881  ANGLE   =         0.0000  DIHED      =        -0.0000
 1-4 NB =         0.0000  1-4 EEL =         0.0000  VDWAALS    =     25258.3214
 EELEC  =   -132061.3649  EHBOND  =         0.0000  RESTRAINT  =         0.0000
 DV/DL  =         6.1535
 ------------------------------------------------------------------------------

  Softcore part of the system:       7 atoms,       TEMP(K)    =         125.67
 SC_Etot=        12.3026  SC_EKtot=         2.6222  SC_EPtot   =         9.6804
 SC_BOND=         0.7255  SC_ANGLE=         3.1523  SC_DIHED   =         5.2179
 SC_14NB=         0.5847  SC_14EEL=         0.0000  SC_VDW     =         0.0000
 SC_EEL =         0.0000
 SC_RES_DIST=     0.0000  SC_RES_ANG=       0.0000  SC_RES_TORS=         0.0000
 SC_EEL_DER=      0.0000  SC_VDW_DER=      -0.7892  SC_DERIV   =        -0.7892
 ------------------------------------------------------------------------------


| TI region  2


 NSTEP =    75000   TIME(PS) =      75.000  TEMP(K) =   118.24  PRESS =     0.0
 Etot   =    -87485.9524  EKtot   =      7344.2030  EPtot      =    -94830.1553
 BOND   =     11972.8881  ANGLE   =         0.0000  DIHED      =        -0.0000
 1-4 NB =         0.0000  1-4 EEL =         0.0000  VDWAALS    =     25258.3214
 EELEC  =   -132061.3649  EHBOND  =         0.0000  RESTRAINT  =         0.0000
 DV/DL  =         6.1535
 ------------------------------------------------------------------------------

 NMR restraints: Bond =    0.000   Angle =     0.000   Torsion =     0.000
===============================================================================

| TI region  1


 NSTEP =    80000   TIME(PS) =      80.000  TEMP(K) =   125.51  PRESS =     0.0
 Etot   =    -86576.1117  EKtot   =      7798.4399  EPtot      =    -94374.5516
 BOND   =     12243.2156  ANGLE   =        -0.0000  DIHED      =        -0.0000
 1-4 NB =         0.0000  1-4 EEL =         0.0000  VDWAALS    =     25117.1854
 EELEC  =   -131734.9526  EHBOND  =         0.0000  RESTRAINT  =         0.0000
 DV/DL  =         7.3888
 ------------------------------------------------------------------------------

  Softcore part of the system:       7 atoms,       TEMP(K)    =         118.53
 SC_Etot=        12.0486  SC_EKtot=         2.4732  SC_EPtot   =         9.5754
 SC_BOND=         0.5614  SC_ANGLE=         3.2860  SC_DIHED   =         5.2309
 SC_14NB=         0.4971  SC_14EEL=         0.0000  SC_VDW     =         0.0000
 SC_EEL =         0.0000
 SC_RES_DIST=     0.0000  SC_RES_ANG=       0.0000  SC_RES_TORS=         0.0000
 SC_EEL_DER=      0.0000  SC_VDW_DER=      -0.3115  SC_DERIV   =        -0.3115
 ------------------------------------------------------------------------------


| TI region  2


 NSTEP =    80000   TIME(PS) =      80.000  TEMP(K) =   125.51  PRESS =     0.0
 Etot   =    -86578.5848  EKtot   =      7795.9668  EPtot      =    -94374.5516
 BOND   =     12243.2156  ANGLE   =        -0.0000  DIHED      =        -0.0000
 1-4 NB =         0.0000  1-4 EEL =         0.0000  VDWAALS    =     25117.1854
 EELEC  =   -131734.9526  EHBOND  =         0.0000  RESTRAINT  =         0.0000
 DV/DL  =         7.3888
 ------------------------------------------------------------------------------

 NMR restraints: Bond =    0.000   Angle =     0.000   Torsion =     0.000
===============================================================================

| TI region  1


 NSTEP =    85000   TIME(PS) =      85.000  TEMP(K) =   133.24  PRESS =     0.0
 Etot   =    -85653.8416  EKtot   =      8279.0977  EPtot      =    -93932.9393
 BOND   =     12260.8617  ANGLE   =        -0.0000  DIHED      =        -0.0000
 1-4 NB =         0.0000  1-4 EEL =         0.0000  VDWAALS    =     24738.5617
 EELEC  =   -130932.3627  EHBOND  =         0.0000  RESTRAINT  =         0.0000
 DV/DL  =         7.5489
 ------------------------------------------------------------------------------

  Softcore part of the system:       7 atoms,       TEMP(K)    =         123.57
 SC_Etot=        12.8583  SC_EKtot=         2.5783  SC_EPtot   =        10.2800
 SC_BOND=         1.1826  SC_ANGLE=         3.4048  SC_DIHED   =         5.2620
 SC_14NB=         0.4307  SC_14EEL=         0.0000  SC_VDW     =         0.0000
 SC_EEL =         0.0000
 SC_RES_DIST=     0.0000  SC_RES_ANG=       0.0000  SC_RES_TORS=         0.0000
 SC_EEL_DER=      0.0000  SC_VDW_DER=       0.0490  SC_DERIV   =         0.0490
 ------------------------------------------------------------------------------


| TI region  2


 NSTEP =    85000   TIME(PS) =      85.000  TEMP(K) =   133.25  PRESS =     0.0
 Etot   =    -85656.4199  EKtot   =      8276.5193  EPtot      =    -93932.9393
 BOND   =     12260.8617  ANGLE   =        -0.0000  DIHED      =        -0.0000
 1-4 NB =         0.0000  1-4 EEL =         0.0000  VDWAALS    =     24738.5617
 EELEC  =   -130932.3627  EHBOND  =         0.0000  RESTRAINT  =         0.0000
 DV/DL  =         7.5489
 ------------------------------------------------------------------------------

 NMR restraints: Bond =    0.000   Angle =     0.000   Torsion =     0.000
===============================================================================

| TI region  1


 NSTEP =    90000   TIME(PS) =      90.000  TEMP(K) =   141.46  PRESS =     0.0
 Etot   =    -84863.4479  EKtot   =      8789.6943  EPtot      =    -93653.1422
 BOND   =     12484.1190  ANGLE   =         0.0000  DIHED      =        -0.0000
 1-4 NB =         0.0000  1-4 EEL =         0.0000  VDWAALS    =     24824.2264
 EELEC  =   -130961.4876  EHBOND  =         0.0000  RESTRAINT  =         0.0000
 DV/DL  =         7.1368
 ------------------------------------------------------------------------------

  Softcore part of the system:       7 atoms,       TEMP(K)    =         223.29
 SC_Etot=        14.7278  SC_EKtot=         4.6590  SC_EPtot   =        10.0688
 SC_BOND=         0.6424  SC_ANGLE=         3.6841  SC_DIHED   =         5.2736
 SC_14NB=         0.4686  SC_14EEL=         0.0000  SC_VDW     =         0.0000
 SC_EEL =         0.0000
 SC_RES_DIST=     0.0000  SC_RES_ANG=       0.0000  SC_RES_TORS=         0.0000
 SC_EEL_DER=      0.0000  SC_VDW_DER=       0.0301  SC_DERIV   =         0.0301
 ------------------------------------------------------------------------------


| TI region  2


 NSTEP =    90000   TIME(PS) =      90.000  TEMP(K) =   141.43  PRESS =     0.0
 Etot   =    -84868.1069  EKtot   =      8785.0353  EPtot      =    -93653.1422
 BOND   =     12484.1190  ANGLE   =         0.0000  DIHED      =        -0.0000
 1-4 NB =         0.0000  1-4 EEL =         0.0000  VDWAALS    =     24824.2264
 EELEC  =   -130961.4876  EHBOND  =         0.0000  RESTRAINT  =         0.0000
 DV/DL  =         7.1368
 ------------------------------------------------------------------------------

 NMR restraints: Bond =    0.000   Angle =     0.000   Torsion =     0.000
===============================================================================

| TI region  1


 NSTEP =    95000   TIME(PS) =      95.000  TEMP(K) =   150.92  PRESS =     0.0
 Etot   =    -83727.6969  EKtot   =      9377.1846  EPtot      =    -93104.8814
 BOND   =     12710.8808  ANGLE   =         0.0000  DIHED      =        -0.0000
 1-4 NB =         0.0000  1-4 EEL =         0.0000  VDWAALS    =     24654.3455
 EELEC  =   -130470.1077  EHBOND  =         0.0000  RESTRAINT  =         0.0000
 DV/DL  =         7.1934
 ------------------------------------------------------------------------------

  Softcore part of the system:       7 atoms,       TEMP(K)    =         146.87
 SC_Etot=        12.6731  SC_EKtot=         3.0645  SC_EPtot   =         9.6085
 SC_BOND=         0.4502  SC_ANGLE=         3.5304  SC_DIHED   =         5.2343
 SC_14NB=         0.3936  SC_14EEL=         0.0000  SC_VDW     =         0.0000
 SC_EEL =         0.0000
 SC_RES_DIST=     0.0000  SC_RES_ANG=       0.0000  SC_RES_TORS=         0.0000
 SC_EEL_DER=      0.0000  SC_VDW_DER=      -0.2155  SC_DERIV   =        -0.2155
 ------------------------------------------------------------------------------


| TI region  2


 NSTEP =    95000   TIME(PS) =      95.000  TEMP(K) =   150.92  PRESS =     0.0
 Etot   =    -83730.7614  EKtot   =      9374.1200  EPtot      =    -93104.8814
 BOND   =     12710.8808  ANGLE   =         0.0000  DIHED      =        -0.0000
 1-4 NB =         0.0000  1-4 EEL =         0.0000  VDWAALS    =     24654.3455
 EELEC  =   -130470.1077  EHBOND  =         0.0000  RESTRAINT  =         0.0000
 DV/DL  =         7.1934
 ------------------------------------------------------------------------------

 NMR restraints: Bond =    0.000   Angle =     0.000   Torsion =     0.000
===============================================================================

| TI region  1


 NSTEP =   100000   TIME(PS) =     100.000  TEMP(K) =   158.31  PRESS =     0.0
 Etot   =    -82715.0669  EKtot   =      9836.3799  EPtot      =    -92551.4468
 BOND   =     12942.0050  ANGLE   =         0.0000  DIHED      =        -0.0000
 1-4 NB =         0.0000  1-4 EEL =         0.0000  VDWAALS    =     24690.1218
 EELEC  =   -130183.5736  EHBOND  =         0.0000  RESTRAINT  =         0.0000
 DV/DL  =         6.5390
 ------------------------------------------------------------------------------

  Softcore part of the system:       7 atoms,       TEMP(K)    =         282.45
 SC_Etot=        15.1542  SC_EKtot=         5.8935  SC_EPtot   =         9.2607
 SC_BOND=         0.3841  SC_ANGLE=         3.0936  SC_DIHED   =         5.2162
 SC_14NB=         0.5668  SC_14EEL=         0.0000  SC_VDW     =         0.0000
 SC_EEL =         0.0000
 SC_RES_DIST=     0.0000  SC_RES_ANG=       0.0000  SC_RES_TORS=         0.0000
 SC_EEL_DER=      0.0000  SC_VDW_DER=      -1.1919  SC_DERIV   =        -1.1919
 ------------------------------------------------------------------------------


| TI region  2


 NSTEP =   100000   TIME(PS) =     100.000  TEMP(K) =   158.27  PRESS =     0.0
 Etot   =    -82720.9604  EKtot   =      9830.4864  EPtot      =    -92551.4468
 BOND   =     12942.0050  ANGLE   =         0.0000  DIHED      =        -0.0000
 1-4 NB =         0.0000  1-4 EEL =         0.0000  VDWAALS    =     24690.1218
 EELEC  =   -130183.5736  EHBOND  =         0.0000  RESTRAINT  =         0.0000
 DV/DL  =         6.5390
 ------------------------------------------------------------------------------

 NMR restraints: Bond =    0.000   Angle =     0.000   Torsion =     0.000
===============================================================================

| TI region  1


 NSTEP =   105000   TIME(PS) =     105.000  TEMP(K) =   165.56  PRESS =     0.0
 Etot   =    -81925.4313  EKtot   =     10286.9238  EPtot      =    -92212.3552
 BOND   =     12980.8405  ANGLE   =        -0.0000  DIHED      =         0.0000
 1-4 NB =         0.0000  1-4 EEL =         0.0000  VDWAALS    =     24368.3466
 EELEC  =   -129561.5423  EHBOND  =         0.0000  RESTRAINT  =         0.0000
 DV/DL  =         7.4183
 ------------------------------------------------------------------------------

  Softcore part of the system:       7 atoms,       TEMP(K)    =         123.15
 SC_Etot=        12.8919  SC_EKtot=         2.5695  SC_EPtot   =        10.3224
 SC_BOND=         1.1282  SC_ANGLE=         3.5886  SC_DIHED   =         5.2413
 SC_14NB=         0.3643  SC_14EEL=         0.0000  SC_VDW     =         0.0000
 SC_EEL =         0.0000
 SC_RES_DIST=     0.0000  SC_RES_ANG=       0.0000  SC_RES_TORS=         0.0000
 SC_EEL_DER=      0.0000  SC_VDW_DER=       0.0262  SC_DERIV   =         0.0262
 ------------------------------------------------------------------------------


| TI region  2


 NSTEP =   105000   TIME(PS) =     105.000  TEMP(K) =   165.57  PRESS =     0.0
 Etot   =    -81928.0008  EKtot   =     10284.3543  EPtot      =    -92212.3552
 BOND   =     12980.8405  ANGLE   =        -0.0000  DIHED      =         0.0000
 1-4 NB =         0.0000  1-4 EEL =         0.0000  VDWAALS    =     24368.3466
 EELEC  =   -129561.5423  EHBOND  =         0.0000  RESTRAINT  =         0.0000
 DV/DL  =         7.4183
 ------------------------------------------------------------------------------

 NMR restraints: Bond =    0.000   Angle =     0.000   Torsion =     0.000
===============================================================================

| TI region  1


 NSTEP =   110000   TIME(PS) =     110.000  TEMP(K) =   170.35  PRESS =     0.0
 Etot   =    -81181.1444  EKtot   =     10584.5342  EPtot      =    -91765.6786
 BOND   =     13076.6352  ANGLE   =         0.0000  DIHED      =         0.0000
 1-4 NB =         0.0000  1-4 EEL =         0.0000  VDWAALS    =     24396.0855
 EELEC  =   -129238.3993  EHBOND  =         0.0000  RESTRAINT  =         0.0000
 DV/DL  =         5.5755
 ------------------------------------------------------------------------------

  Softcore part of the system:       7 atoms,       TEMP(K)    =         173.47
 SC_Etot=        13.9769  SC_EKtot=         3.6196  SC_EPtot   =        10.3573
 SC_BOND=         1.0522  SC_ANGLE=         3.6126  SC_DIHED   =         5.3704
 SC_14NB=         0.3221  SC_14EEL=         0.0000  SC_VDW     =         0.0000
 SC_EEL =         0.0000
 SC_RES_DIST=     0.0000  SC_RES_ANG=       0.0000  SC_RES_TORS=         0.0000
 SC_EEL_DER=      0.0000  SC_VDW_DER=      -1.1323  SC_DERIV   =        -1.1323
 ------------------------------------------------------------------------------


| TI region  2


 NSTEP =   110000   TIME(PS) =     110.000  TEMP(K) =   170.35  PRESS =     0.0
 Etot   =    -81184.7641  EKtot   =     10580.9146  EPtot      =    -91765.6786
 BOND   =     13076.6352  ANGLE   =         0.0000  DIHED      =         0.0000
 1-4 NB =         0.0000  1-4 EEL =         0.0000  VDWAALS    =     24396.0855
 EELEC  =   -129238.3993  EHBOND  =         0.0000  RESTRAINT  =         0.0000
 DV/DL  =         5.5755
 ------------------------------------------------------------------------------

 NMR restraints: Bond =    0.000   Angle =     0.000   Torsion =     0.000
===============================================================================

| TI region  1


 NSTEP =   115000   TIME(PS) =     115.000  TEMP(K) =   179.28  PRESS =     0.0
 Etot   =    -80207.4950  EKtot   =     11139.5225  EPtot      =    -91347.0174
 BOND   =     13124.3781  ANGLE   =         0.0000  DIHED      =         0.0000
 1-4 NB =         0.0000  1-4 EEL =         0.0000  VDWAALS    =     24335.2742
 EELEC  =   -128806.6697  EHBOND  =         0.0000  RESTRAINT  =         0.0000
 DV/DL  =         7.6427
 ------------------------------------------------------------------------------

  Softcore part of the system:       7 atoms,       TEMP(K)    =         140.62
 SC_Etot=        13.6956  SC_EKtot=         2.9342  SC_EPtot   =        10.7614
 SC_BOND=         0.6676  SC_ANGLE=         4.5225  SC_DIHED   =         5.2697
 SC_14NB=         0.3016  SC_14EEL=         0.0000  SC_VDW     =         0.0000
 SC_EEL =         0.0000
 SC_RES_DIST=     0.0000  SC_RES_ANG=       0.0000  SC_RES_TORS=         0.0000
 SC_EEL_DER=      0.0000  SC_VDW_DER=      -0.7110  SC_DERIV   =        -0.7110
 ------------------------------------------------------------------------------


| TI region  2


 NSTEP =   115000   TIME(PS) =     115.000  TEMP(K) =   179.29  PRESS =     0.0
 Etot   =    -80210.4291  EKtot   =     11136.5883  EPtot      =    -91347.0174
 BOND   =     13124.3781  ANGLE   =         0.0000  DIHED      =         0.0000
 1-4 NB =         0.0000  1-4 EEL =         0.0000  VDWAALS    =     24335.2742
 EELEC  =   -128806.6697  EHBOND  =         0.0000  RESTRAINT  =         0.0000
 DV/DL  =         7.6427
 ------------------------------------------------------------------------------

 NMR restraints: Bond =    0.000   Angle =     0.000   Torsion =     0.000
===============================================================================

| TI region  1


 NSTEP =   120000   TIME(PS) =     120.000  TEMP(K) =   189.05  PRESS =     0.0
 Etot   =    -79075.4693  EKtot   =     11746.4824  EPtot      =    -90821.9517
 BOND   =     13424.2449  ANGLE   =        -0.0000  DIHED      =        -0.0000
 1-4 NB =         0.0000  1-4 EEL =         0.0000  VDWAALS    =     24069.9153
 EELEC  =   -128316.1119  EHBOND  =         0.0000  RESTRAINT  =         0.0000
 DV/DL  =         6.1608
 ------------------------------------------------------------------------------

  Softcore part of the system:       7 atoms,       TEMP(K)    =         223.19
 SC_Etot=        16.3729  SC_EKtot=         4.6569  SC_EPtot   =        11.7159
 SC_BOND=         1.1480  SC_ANGLE=         4.9667  SC_DIHED   =         5.2218
 SC_14NB=         0.3794  SC_14EEL=         0.0000  SC_VDW     =         0.0000
 SC_EEL =         0.0000
 SC_RES_DIST=     0.0000  SC_RES_ANG=       0.0000  SC_RES_TORS=         0.0000
 SC_EEL_DER=      0.0000  SC_VDW_DER=      -1.0305  SC_DERIV   =        -1.0305
 ------------------------------------------------------------------------------


| TI region  2


 NSTEP =   120000   TIME(PS) =     120.000  TEMP(K) =   189.04  PRESS =     0.0
 Etot   =    -79080.1262  EKtot   =     11741.8255  EPtot      =    -90821.9517
 BOND   =     13424.2449  ANGLE   =        -0.0000  DIHED      =        -0.0000
 1-4 NB =         0.0000  1-4 EEL =         0.0000  VDWAALS    =     24069.9153
 EELEC  =   -128316.1119  EHBOND  =         0.0000  RESTRAINT  =         0.0000
 DV/DL  =         6.1608
 ------------------------------------------------------------------------------

 NMR restraints: Bond =    0.000   Angle =     0.000   Torsion =     0.000
===============================================================================

| TI region  1


 NSTEP =   125000   TIME(PS) =     125.000  TEMP(K) =   197.54  PRESS =     0.0
 Etot   =    -78026.7492  EKtot   =     12274.2236  EPtot      =    -90300.9728
 BOND   =     13281.1350  ANGLE   =        -0.0000  DIHED      =        -0.0000
 1-4 NB =         0.0000  1-4 EEL =         0.0000  VDWAALS    =     24160.6536
 EELEC  =   -127742.7614  EHBOND  =         0.0000  RESTRAINT  =         0.0000
 DV/DL  =         6.8782
 ------------------------------------------------------------------------------

  Softcore part of the system:       7 atoms,       TEMP(K)    =         205.48
 SC_Etot=        14.8340  SC_EKtot=         4.2874  SC_EPtot   =        10.5467
 SC_BOND=         1.2810  SC_ANGLE=         3.7820  SC_DIHED   =         5.2713
 SC_14NB=         0.2123  SC_14EEL=         0.0000  SC_VDW     =         0.0000
 SC_EEL =         0.0000
 SC_RES_DIST=     0.0000  SC_RES_ANG=       0.0000  SC_RES_TORS=         0.0000
 SC_EEL_DER=      0.0000  SC_VDW_DER=      -0.1370  SC_DERIV   =        -0.1370
 ------------------------------------------------------------------------------


| TI region  2


 NSTEP =   125000   TIME(PS) =     125.000  TEMP(K) =   197.54  PRESS =     0.0
 Etot   =    -78031.0366  EKtot   =     12269.9363  EPtot      =    -90300.9728
 BOND   =     13281.1350  ANGLE   =        -0.0000  DIHED      =        -0.0000
 1-4 NB =         0.0000  1-4 EEL =         0.0000  VDWAALS    =     24160.6536
 EELEC  =   -127742.7614  EHBOND  =         0.0000  RESTRAINT  =         0.0000
 DV/DL  =         6.8782
 ------------------------------------------------------------------------------

 NMR restraints: Bond =    0.000   Angle =     0.000   Torsion =     0.000
===============================================================================

| TI region  1


 NSTEP =   130000   TIME(PS) =     130.000  TEMP(K) =   205.52  PRESS =     0.0
 Etot   =    -76938.8442  EKtot   =     12770.1748  EPtot      =    -89709.0190
 BOND   =     13755.5187  ANGLE   =         0.0000  DIHED      =        -0.0000
 1-4 NB =         0.0000  1-4 EEL =         0.0000  VDWAALS    =     24037.9064
 EELEC  =   -127502.4441  EHBOND  =         0.0000  RESTRAINT  =         0.0000
 DV/DL  =         5.9358
 ------------------------------------------------------------------------------

  Softcore part of the system:       7 atoms,       TEMP(K)    =         251.67
 SC_Etot=        19.3170  SC_EKtot=         5.2513  SC_EPtot   =        14.0657
 SC_BOND=         3.5475  SC_ANGLE=         4.6584  SC_DIHED   =         5.2911
 SC_14NB=         0.5687  SC_14EEL=         0.0000  SC_VDW     =         0.0000
 SC_EEL =         0.0000
 SC_RES_DIST=     0.0000  SC_RES_ANG=       0.0000  SC_RES_TORS=         0.0000
 SC_EEL_DER=      0.0000  SC_VDW_DER=      -1.2475  SC_DERIV   =        -1.2475
 ------------------------------------------------------------------------------


| TI region  2


 NSTEP =   130000   TIME(PS) =     130.000  TEMP(K) =   205.51  PRESS =     0.0
 Etot   =    -76944.0955  EKtot   =     12764.9235  EPtot      =    -89709.0190
 BOND   =     13755.5187  ANGLE   =         0.0000  DIHED      =        -0.0000
 1-4 NB =         0.0000  1-4 EEL =         0.0000  VDWAALS    =     24037.9064
 EELEC  =   -127502.4441  EHBOND  =         0.0000  RESTRAINT  =         0.0000
 DV/DL  =         5.9358
 ------------------------------------------------------------------------------

 NMR restraints: Bond =    0.000   Angle =     0.000   Torsion =     0.000
===============================================================================

| TI region  1


 NSTEP =   135000   TIME(PS) =     135.000  TEMP(K) =   209.82  PRESS =     0.0
 Etot   =    -75993.3066  EKtot   =     13037.2236  EPtot      =    -89030.5303
 BOND   =     14008.8105  ANGLE   =        -0.0000  DIHED      =        -0.0000
 1-4 NB =         0.0000  1-4 EEL =         0.0000  VDWAALS    =     23940.4795
 EELEC  =   -126979.8203  EHBOND  =         0.0000  RESTRAINT  =         0.0000
 DV/DL  =         0.2467
 ------------------------------------------------------------------------------

  Softcore part of the system:       7 atoms,       TEMP(K)    =         127.74
 SC_Etot=        13.4451  SC_EKtot=         2.6654  SC_EPtot   =        10.7797
 SC_BOND=         0.6978  SC_ANGLE=         4.4832  SC_DIHED   =         5.2350
 SC_14NB=         0.3637  SC_14EEL=         0.0000  SC_VDW     =         0.0000
 SC_EEL =         0.0000
 SC_RES_DIST=     0.0000  SC_RES_ANG=       0.0000  SC_RES_TORS=         0.0000
 SC_EEL_DER=      0.0000  SC_VDW_DER=      -4.4203  SC_DERIV   =        -4.4203
 ------------------------------------------------------------------------------


| TI region  2


 NSTEP =   135000   TIME(PS) =     135.000  TEMP(K) =   209.85  PRESS =     0.0
 Etot   =    -75995.9721  EKtot   =     13034.5582  EPtot      =    -89030.5303
 BOND   =     14008.8105  ANGLE   =        -0.0000  DIHED      =        -0.0000
 1-4 NB =         0.0000  1-4 EEL =         0.0000  VDWAALS    =     23940.4795
 EELEC  =   -126979.8203  EHBOND  =         0.0000  RESTRAINT  =         0.0000
 DV/DL  =         0.2467
 ------------------------------------------------------------------------------

 NMR restraints: Bond =    0.000   Angle =     0.000   Torsion =     0.000
===============================================================================

| TI region  1


 NSTEP =   140000   TIME(PS) =     140.000  TEMP(K) =   219.13  PRESS =     0.0
 Etot   =    -74860.2042  EKtot   =     13615.8447  EPtot      =    -88476.0489
 BOND   =     14041.9166  ANGLE   =        -0.0000  DIHED      =         0.0000
 1-4 NB =         0.0000  1-4 EEL =         0.0000  VDWAALS    =     23856.6997
 EELEC  =   -126374.6652  EHBOND  =         0.0000  RESTRAINT  =         0.0000
 DV/DL  =         5.8575
 ------------------------------------------------------------------------------

  Softcore part of the system:       7 atoms,       TEMP(K)    =         257.13
 SC_Etot=        14.5500  SC_EKtot=         5.3651  SC_EPtot   =         9.1849
 SC_BOND=         0.3366  SC_ANGLE=         3.2757  SC_DIHED   =         5.2193
 SC_14NB=         0.3533  SC_14EEL=         0.0000  SC_VDW     =         0.0000
 SC_EEL =         0.0000
 SC_RES_DIST=     0.0000  SC_RES_ANG=       0.0000  SC_RES_TORS=         0.0000
 SC_EEL_DER=      0.0000  SC_VDW_DER=      -1.6723  SC_DERIV   =        -1.6723
 ------------------------------------------------------------------------------


| TI region  2


 NSTEP =   140000   TIME(PS) =     140.000  TEMP(K) =   219.12  PRESS =     0.0
 Etot   =    -74865.5693  EKtot   =     13610.4796  EPtot      =    -88476.0489
 BOND   =     14041.9166  ANGLE   =        -0.0000  DIHED      =         0.0000
 1-4 NB =         0.0000  1-4 EEL =         0.0000  VDWAALS    =     23856.6997
 EELEC  =   -126374.6652  EHBOND  =         0.0000  RESTRAINT  =         0.0000
 DV/DL  =         5.8575
 ------------------------------------------------------------------------------

 NMR restraints: Bond =    0.000   Angle =     0.000   Torsion =     0.000
===============================================================================

| TI region  1


 NSTEP =   145000   TIME(PS) =     145.000  TEMP(K) =   227.18  PRESS =     0.0
 Etot   =    -73821.5163  EKtot   =     14115.8672  EPtot      =    -87937.3834
 BOND   =     13983.3152  ANGLE   =        -0.0000  DIHED      =         0.0000
 1-4 NB =         0.0000  1-4 EEL =         0.0000  VDWAALS    =     23567.0656
 EELEC  =   -125487.7643  EHBOND  =         0.0000  RESTRAINT  =         0.0000
 DV/DL  =         5.3736
 ------------------------------------------------------------------------------

  Softcore part of the system:       7 atoms,       TEMP(K)    =         343.43
 SC_Etot=        19.3749  SC_EKtot=         7.1659  SC_EPtot   =        12.2090
 SC_BOND=         3.2476  SC_ANGLE=         3.4987  SC_DIHED   =         5.2139
 SC_14NB=         0.2488  SC_14EEL=         0.0000  SC_VDW     =         0.0000
 SC_EEL =         0.0000
 SC_RES_DIST=     0.0000  SC_RES_ANG=       0.0000  SC_RES_TORS=         0.0000
 SC_EEL_DER=      0.0000  SC_VDW_DER=      -1.6735  SC_DERIV   =        -1.6735
 ------------------------------------------------------------------------------


| TI region  2


 NSTEP =   145000   TIME(PS) =     145.000  TEMP(K) =   227.14  PRESS =     0.0
 Etot   =    -73828.6821  EKtot   =     14108.7013  EPtot      =    -87937.3834
 BOND   =     13983.3152  ANGLE   =        -0.0000  DIHED      =         0.0000
 1-4 NB =         0.0000  1-4 EEL =         0.0000  VDWAALS    =     23567.0656
 EELEC  =   -125487.7643  EHBOND  =         0.0000  RESTRAINT  =         0.0000
 DV/DL  =         5.3736
 ------------------------------------------------------------------------------

 NMR restraints: Bond =    0.000   Angle =     0.000   Torsion =     0.000
===============================================================================

| TI region  1


 NSTEP =   150000   TIME(PS) =     150.000  TEMP(K) =   234.95  PRESS =     0.0
 Etot   =    -72959.1023  EKtot   =     14598.4082  EPtot      =    -87557.5105
 BOND   =     14244.6867  ANGLE   =        -0.0000  DIHED      =        -0.0000
 1-4 NB =         0.0000  1-4 EEL =         0.0000  VDWAALS    =     23098.1501
 EELEC  =   -124900.3472  EHBOND  =         0.0000  RESTRAINT  =         0.0000
 DV/DL  =         1.5922
 ------------------------------------------------------------------------------

  Softcore part of the system:       7 atoms,       TEMP(K)    =         241.41
 SC_Etot=        16.9753  SC_EKtot=         5.0372  SC_EPtot   =        11.9382
 SC_BOND=         0.8316  SC_ANGLE=         5.2327  SC_DIHED   =         5.3493
 SC_14NB=         0.5246  SC_14EEL=         0.0000  SC_VDW     =         0.0000
 SC_EEL =         0.0000
 SC_RES_DIST=     0.0000  SC_RES_ANG=       0.0000  SC_RES_TORS=         0.0000
 SC_EEL_DER=      0.0000  SC_VDW_DER=      -4.2067  SC_DERIV   =        -4.2067
 ------------------------------------------------------------------------------


| TI region  2


 NSTEP =   150000   TIME(PS) =     150.000  TEMP(K) =   234.95  PRESS =     0.0
 Etot   =    -72964.1395  EKtot   =     14593.3710  EPtot      =    -87557.5105
 BOND   =     14244.6867  ANGLE   =        -0.0000  DIHED      =        -0.0000
 1-4 NB =         0.0000  1-4 EEL =         0.0000  VDWAALS    =     23098.1501
 EELEC  =   -124900.3472  EHBOND  =         0.0000  RESTRAINT  =         0.0000
 DV/DL  =         1.5922
 ------------------------------------------------------------------------------

 NMR restraints: Bond =    0.000   Angle =     0.000   Torsion =     0.000
===============================================================================

| TI region  1


 NSTEP =   155000   TIME(PS) =     155.000  TEMP(K) =   244.19  PRESS =     0.0
 Etot   =    -71773.8730  EKtot   =     15172.8242  EPtot      =    -86946.6972
 BOND   =     14433.1111  ANGLE   =         0.0000  DIHED      =        -0.0000
 1-4 NB =         0.0000  1-4 EEL =         0.0000  VDWAALS    =     23213.1591
 EELEC  =   -124592.9675  EHBOND  =         0.0000  RESTRAINT  =         0.0000
 DV/DL  =         4.4229
 ------------------------------------------------------------------------------

  Softcore part of the system:       7 atoms,       TEMP(K)    =         244.56
 SC_Etot=        17.4788  SC_EKtot=         5.1029  SC_EPtot   =        12.3759
 SC_BOND=         3.2164  SC_ANGLE=         3.6131  SC_DIHED   =         5.2492
 SC_14NB=         0.2972  SC_14EEL=         0.0000  SC_VDW     =         0.0000
 SC_EEL =         0.0000
 SC_RES_DIST=     0.0000  SC_RES_ANG=       0.0000  SC_RES_TORS=         0.0000
 SC_EEL_DER=      0.0000  SC_VDW_DER=      -2.9650  SC_DERIV   =        -2.9650
 ------------------------------------------------------------------------------


| TI region  2


 NSTEP =   155000   TIME(PS) =     155.000  TEMP(K) =   244.19  PRESS =     0.0
 Etot   =    -71778.9759  EKtot   =     15167.7214  EPtot      =    -86946.6972
 BOND   =     14433.1111  ANGLE   =         0.0000  DIHED      =        -0.0000
 1-4 NB =         0.0000  1-4 EEL =         0.0000  VDWAALS    =     23213.1591
 EELEC  =   -124592.9675  EHBOND  =         0.0000  RESTRAINT  =         0.0000
 DV/DL  =         4.4229
 ------------------------------------------------------------------------------

 NMR restraints: Bond =    0.000   Angle =     0.000   Torsion =     0.000
===============================================================================

| TI region  1


 NSTEP =   160000   TIME(PS) =     160.000  TEMP(K) =   250.84  PRESS =     0.0
 Etot   =    -70696.4472  EKtot   =     15585.8350  EPtot      =    -86282.2821
 BOND   =     14721.2775  ANGLE   =         0.0000  DIHED      =        -0.0000
 1-4 NB =         0.0000  1-4 EEL =         0.0000  VDWAALS    =     22898.9175
 EELEC  =   -123902.4771  EHBOND  =         0.0000  RESTRAINT  =         0.0000
 DV/DL  =        -3.6626
 ------------------------------------------------------------------------------

  Softcore part of the system:       7 atoms,       TEMP(K)    =         209.01
 SC_Etot=        14.6461  SC_EKtot=         4.3612  SC_EPtot   =        10.2850
 SC_BOND=         1.0735  SC_ANGLE=         3.8399  SC_DIHED   =         5.2165
 SC_14NB=         0.1550  SC_14EEL=         0.0000  SC_VDW     =         0.0000
 SC_EEL =         0.0000
 SC_RES_DIST=     0.0000  SC_RES_ANG=       0.0000  SC_RES_TORS=         0.0000
 SC_EEL_DER=      0.0000  SC_VDW_DER=      -9.3076  SC_DERIV   =        -9.3076
 ------------------------------------------------------------------------------


| TI region  2


 NSTEP =   160000   TIME(PS) =     160.000  TEMP(K) =   250.85  PRESS =     0.0
 Etot   =    -70700.8083  EKtot   =     15581.4738  EPtot      =    -86282.2821
 BOND   =     14721.2775  ANGLE   =         0.0000  DIHED      =        -0.0000
 1-4 NB =         0.0000  1-4 EEL =         0.0000  VDWAALS    =     22898.9175
 EELEC  =   -123902.4771  EHBOND  =         0.0000  RESTRAINT  =         0.0000
 DV/DL  =        -3.6626
 ------------------------------------------------------------------------------

 NMR restraints: Bond =    0.000   Angle =     0.000   Torsion =     0.000
===============================================================================

| TI region  1


 NSTEP =   165000   TIME(PS) =     165.000  TEMP(K) =   256.19  PRESS =     0.0
 Etot   =    -69599.3841  EKtot   =     15918.3721  EPtot      =    -85517.7562
 BOND   =     14549.6006  ANGLE   =         0.0000  DIHED      =        -0.0000
 1-4 NB =         0.0000  1-4 EEL =         0.0000  VDWAALS    =     22548.0762
 EELEC  =   -122615.4330  EHBOND  =         0.0000  RESTRAINT  =         0.0000
 DV/DL  =         8.7293
 ------------------------------------------------------------------------------

  Softcore part of the system:       7 atoms,       TEMP(K)    =         287.33
 SC_Etot=        18.5975  SC_EKtot=         5.9953  SC_EPtot   =        12.6022
 SC_BOND=         0.9008  SC_ANGLE=         6.2812  SC_DIHED   =         5.2353
 SC_14NB=         0.1850  SC_14EEL=         0.0000  SC_VDW     =         0.0000
 SC_EEL =         0.0000
 SC_RES_DIST=     0.0000  SC_RES_ANG=       0.0000  SC_RES_TORS=         0.0000
 SC_EEL_DER=      0.0000  SC_VDW_DER=      -0.2603  SC_DERIV   =        -0.2603
 ------------------------------------------------------------------------------


| TI region  2


 NSTEP =   165000   TIME(PS) =     165.000  TEMP(K) =   256.18  PRESS =     0.0
 Etot   =    -69605.3794  EKtot   =     15912.3768  EPtot      =    -85517.7562
 BOND   =     14549.6006  ANGLE   =         0.0000  DIHED      =        -0.0000
 1-4 NB =         0.0000  1-4 EEL =         0.0000  VDWAALS    =     22548.0762
 EELEC  =   -122615.4330  EHBOND  =         0.0000  RESTRAINT  =         0.0000
 DV/DL  =         8.7293
 ------------------------------------------------------------------------------

 NMR restraints: Bond =    0.000   Angle =     0.000   Torsion =     0.000
===============================================================================

| TI region  1


 NSTEP =   170000   TIME(PS) =     170.000  TEMP(K) =   269.62  PRESS =     0.0
 Etot   =    -67740.6209  EKtot   =     16752.5156  EPtot      =    -84493.1365
 BOND   =     14813.8889  ANGLE   =        -0.0000  DIHED      =        -0.0000
 1-4 NB =         0.0000  1-4 EEL =         0.0000  VDWAALS    =     22363.7352
 EELEC  =   -121670.7605  EHBOND  =         0.0000  RESTRAINT  =         0.0000
 DV/DL  =         6.6125
 ------------------------------------------------------------------------------

  Softcore part of the system:       7 atoms,       TEMP(K)    =         382.77
 SC_Etot=        19.1851  SC_EKtot=         7.9868  SC_EPtot   =        11.1983
 SC_BOND=         2.2154  SC_ANGLE=         3.4805  SC_DIHED   =         5.2652
 SC_14NB=         0.2371  SC_14EEL=         0.0000  SC_VDW     =         0.0000
 SC_EEL =         0.0000
 SC_RES_DIST=     0.0000  SC_RES_ANG=       0.0000  SC_RES_TORS=         0.0000
 SC_EEL_DER=      0.0000  SC_VDW_DER=      -1.5735  SC_DERIV   =        -1.5735
 ------------------------------------------------------------------------------


| TI region  2


 NSTEP =   170000   TIME(PS) =     170.000  TEMP(K) =   269.58  PRESS =     0.0
 Etot   =    -67748.6076  EKtot   =     16744.5289  EPtot      =    -84493.1365
 BOND   =     14813.8889  ANGLE   =        -0.0000  DIHED      =        -0.0000
 1-4 NB =         0.0000  1-4 EEL =         0.0000  VDWAALS    =     22363.7352
 EELEC  =   -121670.7605  EHBOND  =         0.0000  RESTRAINT  =         0.0000
 DV/DL  =         6.6125
 ------------------------------------------------------------------------------

 NMR restraints: Bond =    0.000   Angle =     0.000   Torsion =     0.000
===============================================================================

| TI region  1


 NSTEP =   175000   TIME(PS) =     175.000  TEMP(K) =   274.53  PRESS =     0.0
 Etot   =    -66604.6485  EKtot   =     17057.6660  EPtot      =    -83662.3145
 BOND   =     14888.1084  ANGLE   =        -0.0000  DIHED      =         0.0000
 1-4 NB =         0.0000  1-4 EEL =         0.0000  VDWAALS    =     22133.9011
 EELEC  =   -120684.3240  EHBOND  =         0.0000  RESTRAINT  =         0.0000
 DV/DL  =         3.5360
 ------------------------------------------------------------------------------

  Softcore part of the system:       7 atoms,       TEMP(K)    =         219.52
 SC_Etot=        16.6769  SC_EKtot=         4.5805  SC_EPtot   =        12.0965
 SC_BOND=         1.6004  SC_ANGLE=         4.6794  SC_DIHED   =         5.6088
 SC_14NB=         0.2078  SC_14EEL=         0.0000  SC_VDW     =         0.0000
 SC_EEL =         0.0000
 SC_RES_DIST=     0.0000  SC_RES_ANG=       0.0000  SC_RES_TORS=         0.0000
 SC_EEL_DER=      0.0000  SC_VDW_DER=      -3.4590  SC_DERIV   =        -3.4590
 ------------------------------------------------------------------------------


| TI region  2


 NSTEP =   175000   TIME(PS) =     175.000  TEMP(K) =   274.55  PRESS =     0.0
 Etot   =    -66609.2289  EKtot   =     17053.0856  EPtot      =    -83662.3145
 BOND   =     14888.1084  ANGLE   =        -0.0000  DIHED      =         0.0000
 1-4 NB =         0.0000  1-4 EEL =         0.0000  VDWAALS    =     22133.9011
 EELEC  =   -120684.3240  EHBOND  =         0.0000  RESTRAINT  =         0.0000
 DV/DL  =         3.5360
 ------------------------------------------------------------------------------

 NMR restraints: Bond =    0.000   Angle =     0.000   Torsion =     0.000
===============================================================================

| TI region  1


 NSTEP =   180000   TIME(PS) =     180.000  TEMP(K) =   281.51  PRESS =     0.0
 Etot   =    -64956.1061  EKtot   =     17491.1836  EPtot      =    -82447.2897
 BOND   =     15007.1673  ANGLE   =         0.0000  DIHED      =         0.0000
 1-4 NB =         0.0000  1-4 EEL =         0.0000  VDWAALS    =     21218.7349
 EELEC  =   -118673.1919  EHBOND  =         0.0000  RESTRAINT  =         0.0000
 DV/DL  =         2.0573
 ------------------------------------------------------------------------------

  Softcore part of the system:       7 atoms,       TEMP(K)    =         245.57
 SC_Etot=        17.2088  SC_EKtot=         5.1240  SC_EPtot   =        12.0848
 SC_BOND=         1.0292  SC_ANGLE=         5.1372  SC_DIHED   =         5.3797
 SC_14NB=         0.5388  SC_14EEL=         0.0000  SC_VDW     =         0.0000
 SC_EEL =         0.0000
 SC_RES_DIST=     0.0000  SC_RES_ANG=       0.0000  SC_RES_TORS=         0.0000
 SC_EEL_DER=      0.0000  SC_VDW_DER=      -5.0258  SC_DERIV   =        -5.0258
 ------------------------------------------------------------------------------


| TI region  2


 NSTEP =   180000   TIME(PS) =     180.000  TEMP(K) =   281.52  PRESS =     0.0
 Etot   =    -64961.2301  EKtot   =     17486.0596  EPtot      =    -82447.2897
 BOND   =     15007.1673  ANGLE   =         0.0000  DIHED      =         0.0000
 1-4 NB =         0.0000  1-4 EEL =         0.0000  VDWAALS    =     21218.7349
 EELEC  =   -118673.1919  EHBOND  =         0.0000  RESTRAINT  =         0.0000
 DV/DL  =         2.0573
 ------------------------------------------------------------------------------

 NMR restraints: Bond =    0.000   Angle =     0.000   Torsion =     0.000
===============================================================================

| TI region  1


 NSTEP =   185000   TIME(PS) =     185.000  TEMP(K) =   290.49  PRESS =     0.0
 Etot   =    -63565.1486  EKtot   =     18049.7559  EPtot      =    -81614.9044
 BOND   =     14853.2541  ANGLE   =        -0.0000  DIHED      =        -0.0000
 1-4 NB =         0.0000  1-4 EEL =         0.0000  VDWAALS    =     21199.0161
 EELEC  =   -117667.1746  EHBOND  =         0.0000  RESTRAINT  =         0.0000
 DV/DL  =        -0.8372
 ------------------------------------------------------------------------------

  Softcore part of the system:       7 atoms,       TEMP(K)    =         410.11
 SC_Etot=        21.9073  SC_EKtot=         8.5571  SC_EPtot   =        13.3502
 SC_BOND=         2.2659  SC_ANGLE=         5.4361  SC_DIHED   =         5.3205
 SC_14NB=         0.3278  SC_14EEL=         0.0000  SC_VDW     =         0.0000
 SC_EEL =         0.0000
 SC_RES_DIST=     0.0000  SC_RES_ANG=       0.0000  SC_RES_TORS=         0.0000
 SC_EEL_DER=      0.0000  SC_VDW_DER=      -6.2355  SC_DERIV   =        -6.2355
 ------------------------------------------------------------------------------


| TI region  2


 NSTEP =   185000   TIME(PS) =     185.000  TEMP(K) =   290.45  PRESS =     0.0
 Etot   =    -63573.7057  EKtot   =     18041.1988  EPtot      =    -81614.9044
 BOND   =     14853.2541  ANGLE   =        -0.0000  DIHED      =        -0.0000
 1-4 NB =         0.0000  1-4 EEL =         0.0000  VDWAALS    =     21199.0161
 EELEC  =   -117667.1746  EHBOND  =         0.0000  RESTRAINT  =         0.0000
 DV/DL  =        -0.8372
 ------------------------------------------------------------------------------

 NMR restraints: Bond =    0.000   Angle =     0.000   Torsion =     0.000
===============================================================================

| TI region  1


 NSTEP =   190000   TIME(PS) =     190.000  TEMP(K) =   298.37  PRESS =     0.0
 Etot   =    -62040.1756  EKtot   =     18539.0410  EPtot      =    -80579.2166
 BOND   =     15366.3663  ANGLE   =        -0.0000  DIHED      =         0.0000
 1-4 NB =         0.0000  1-4 EEL =         0.0000  VDWAALS    =     20929.3386
 EELEC  =   -116874.9215  EHBOND  =         0.0000  RESTRAINT  =         0.0000
 DV/DL  =         2.1459
 ------------------------------------------------------------------------------

  Softcore part of the system:       7 atoms,       TEMP(K)    =         299.64
 SC_Etot=        16.5952  SC_EKtot=         6.2521  SC_EPtot   =        10.3431
 SC_BOND=         1.2119  SC_ANGLE=         3.6450  SC_DIHED   =         5.3038
 SC_14NB=         0.1824  SC_14EEL=         0.0000  SC_VDW     =         0.0000
 SC_EEL =         0.0000
 SC_RES_DIST=     0.0000  SC_RES_ANG=       0.0000  SC_RES_TORS=         0.0000
 SC_EEL_DER=      0.0000  SC_VDW_DER=      -4.3295  SC_DERIV   =        -4.3295
 ------------------------------------------------------------------------------


| TI region  2


 NSTEP =   190000   TIME(PS) =     190.000  TEMP(K) =   298.37  PRESS =     0.0
 Etot   =    -62046.4277  EKtot   =     18532.7889  EPtot      =    -80579.2166
 BOND   =     15366.3663  ANGLE   =        -0.0000  DIHED      =         0.0000
 1-4 NB =         0.0000  1-4 EEL =         0.0000  VDWAALS    =     20929.3386
 EELEC  =   -116874.9215  EHBOND  =         0.0000  RESTRAINT  =         0.0000
 DV/DL  =         2.1459
 ------------------------------------------------------------------------------

 NMR restraints: Bond =    0.000   Angle =     0.000   Torsion =     0.000
===============================================================================

| TI region  1


 NSTEP =   195000   TIME(PS) =     195.000  TEMP(K) =   301.69  PRESS =     0.0
 Etot   =    -61238.8580  EKtot   =     18745.4297  EPtot      =    -79984.2877
 BOND   =     15089.0274  ANGLE   =        -0.0000  DIHED      =        -0.0000
 1-4 NB =         0.0000  1-4 EEL =         0.0000  VDWAALS    =     20782.8918
 EELEC  =   -115856.2069  EHBOND  =         0.0000  RESTRAINT  =         0.0000
 DV/DL  =         6.2923
 ------------------------------------------------------------------------------

  Softcore part of the system:       7 atoms,       TEMP(K)    =         255.25
 SC_Etot=        17.7405  SC_EKtot=         5.3259  SC_EPtot   =        12.4146
 SC_BOND=         2.9707  SC_ANGLE=         3.9591  SC_DIHED   =         5.2920
 SC_14NB=         0.1928  SC_14EEL=         0.0000  SC_VDW     =         0.0000
 SC_EEL =         0.0000
 SC_RES_DIST=     0.0000  SC_RES_ANG=       0.0000  SC_RES_TORS=         0.0000
 SC_EEL_DER=      0.0000  SC_VDW_DER=      -0.3129  SC_DERIV   =        -0.3129
 ------------------------------------------------------------------------------


| TI region  2


 NSTEP =   195000   TIME(PS) =     195.000  TEMP(K) =   301.71  PRESS =     0.0
 Etot   =    -61244.1839  EKtot   =     18740.1038  EPtot      =    -79984.2877
 BOND   =     15089.0274  ANGLE   =        -0.0000  DIHED      =        -0.0000
 1-4 NB =         0.0000  1-4 EEL =         0.0000  VDWAALS    =     20782.8918
 EELEC  =   -115856.2069  EHBOND  =         0.0000  RESTRAINT  =         0.0000
 DV/DL  =         6.2923
 ------------------------------------------------------------------------------

 NMR restraints: Bond =    0.000   Angle =     0.000   Torsion =     0.000
===============================================================================

| TI region  1


 NSTEP =   200000   TIME(PS) =     200.000  TEMP(K) =   299.47  PRESS =     0.0
 Etot   =    -61355.4367  EKtot   =     18607.4590  EPtot      =    -79962.8957
 BOND   =     15225.5535  ANGLE   =        -0.0000  DIHED      =        -0.0000
 1-4 NB =         0.0000  1-4 EEL =         0.0000  VDWAALS    =     20428.3138
 EELEC  =   -115616.7630  EHBOND  =         0.0000  RESTRAINT  =         0.0000
 DV/DL  =         8.6125
 ------------------------------------------------------------------------------

  Softcore part of the system:       7 atoms,       TEMP(K)    =         254.11
 SC_Etot=        16.4900  SC_EKtot=         5.3021  SC_EPtot   =        11.1880
 SC_BOND=         1.1959  SC_ANGLE=         4.4920  SC_DIHED   =         5.2406
 SC_14NB=         0.2594  SC_14EEL=         0.0000  SC_VDW     =         0.0000
 SC_EEL =         0.0000
 SC_RES_DIST=     0.0000  SC_RES_ANG=       0.0000  SC_RES_TORS=         0.0000
 SC_EEL_DER=      0.0000  SC_VDW_DER=      -0.6406  SC_DERIV   =        -0.6406
 ------------------------------------------------------------------------------


| TI region  2


 NSTEP =   200000   TIME(PS) =     200.000  TEMP(K) =   299.49  PRESS =     0.0
 Etot   =    -61360.7388  EKtot   =     18602.1569  EPtot      =    -79962.8957
 BOND   =     15225.5535  ANGLE   =        -0.0000  DIHED      =        -0.0000
 1-4 NB =         0.0000  1-4 EEL =         0.0000  VDWAALS    =     20428.3138
 EELEC  =   -115616.7630  EHBOND  =         0.0000  RESTRAINT  =         0.0000
 DV/DL  =         8.6125
 ------------------------------------------------------------------------------

 NMR restraints: Bond =    0.000   Angle =     0.000   Torsion =     0.000
===============================================================================

| TI region  1


      A V E R A G E S   O V E R      40 S T E P S


 NSTEP =   200000   TIME(PS) =     200.000  TEMP(K) =   160.36  PRESS =     0.0
 Etot   =    -81583.6937  EKtot   =      9964.0436  EPtot      =    -91547.7373
 BOND   =     12744.8471  ANGLE   =        -0.0000  DIHED      =        -0.0000
 1-4 NB =         0.0000  1-4 EEL =         0.0000  VDWAALS    =     24058.9389
 EELEC  =   -128351.5232  EHBOND  =         0.0000  RESTRAINT  =         0.0000
 DV/DL  =         5.7132
 ------------------------------------------------------------------------------

 NMR restraints: Bond =    0.000   Angle =     0.000   Torsion =     0.000
===============================================================================
  Softcore part of the system:       7 atoms,       TEMP(K)    =         169.77
 SC_Etot=        13.9203  SC_EKtot=         3.5424  SC_EPtot   =        10.3779
 SC_BOND=         0.9835  SC_ANGLE=         3.7826  SC_DIHED   =         5.2652
 SC_14NB=         0.3466  SC_14EEL=         0.0000  SC_VDW     =         0.0000
 SC_EEL =         0.0000
 SC_RES_DIST=     0.0000  SC_RES_ANG=       0.0000  SC_RES_TORS=         0.0000
 SC_EEL_DER=      0.0000  SC_VDW_DER=      -1.5038  SC_DERIV   =        -1.5038
 ------------------------------------------------------------------------------


      R M S  F L U C T U A T I O N S


 NSTEP =   200000   TIME(PS) =     200.000  TEMP(K) =    89.89  PRESS =     0.0
 Etot   =     11517.0591  EKtot   =      5585.3034  EPtot      =      5971.8665
 BOND   =      1739.6058  ANGLE   =         0.0000  DIHED      =         0.0000
 1-4 NB =         0.0000  1-4 EEL =         0.0000  VDWAALS    =      1516.2010
 EELEC  =      5803.2176  EHBOND  =         0.0000  RESTRAINT  =         0.0000
 DV/DL  =         2.6264
 ------------------------------------------------------------------------------

  Softcore part of the system:       7 atoms,       TEMP(K)    =         103.25
 SC_Etot=         3.3872  SC_EKtot=         2.1543  SC_EPtot   =         1.4341
 SC_BOND=         0.9196  SC_ANGLE=         0.7919  SC_DIHED   =         0.0701
 SC_14NB=         0.1202  SC_14EEL=         0.0000  SC_VDW     =         0.0000
 SC_EEL =         0.0000
 SC_RES_DIST=     0.0000  SC_RES_ANG=       0.0000  SC_RES_TORS=         0.0000
 SC_EEL_DER=      0.0000  SC_VDW_DER=       1.9970  SC_DERIV   =         1.9970
 ------------------------------------------------------------------------------


| TI region  2


      A V E R A G E S   O V E R      40 S T E P S


 NSTEP =   200000   TIME(PS) =     200.000  TEMP(K) =   160.36  PRESS =     0.0
 Etot   =    -81587.2361  EKtot   =      9960.5012  EPtot      =    -91547.7373
 BOND   =     12744.8471  ANGLE   =        -0.0000  DIHED      =        -0.0000
 1-4 NB =         0.0000  1-4 EEL =         0.0000  VDWAALS    =     24058.9389
 EELEC  =   -128351.5232  EHBOND  =         0.0000  RESTRAINT  =         0.0000
 DV/DL  =         5.7132
 ------------------------------------------------------------------------------

 NMR restraints: Bond =    0.000   Angle =     0.000   Torsion =     0.000
===============================================================================

      R M S  F L U C T U A T I O N S


 NSTEP =   200000   TIME(PS) =     200.000  TEMP(K) =    89.89  PRESS =     0.0
 Etot   =     11515.1647  EKtot   =      5583.3852  EPtot      =      5971.8665
 BOND   =      1739.6058  ANGLE   =         0.0000  DIHED      =         0.0000
 1-4 NB =         0.0000  1-4 EEL =         0.0000  VDWAALS    =      1516.2010
 EELEC  =      5803.2176  EHBOND  =         0.0000  RESTRAINT  =         0.0000
 DV/DL  =         2.6264
 ------------------------------------------------------------------------------


      DV/DL, AVERAGES OVER      40 STEPS


 NSTEP =   200000   TIME(PS) =     200.000  TEMP(K) =    89.89  PRESS =     0.0
 Etot   =         0.0000  EKtot   =         0.0000  EPtot      =         5.7132
 BOND   =         0.0000  ANGLE   =         0.0000  DIHED      =         0.0000
 1-4 NB =         0.0000  1-4 EEL =         0.0000  VDWAALS    =         7.2170
 EELEC  =         0.0000  EHBOND  =         0.0000  RESTRAINT  =         0.0000
 DV/DL  =         5.7132
 ------------------------------------------------------------------------------


 NMR restraints on final step:

--------------------------------------------------------------------------------
   5.  TIMINGS
--------------------------------------------------------------------------------

|  NonSetup CPU Time in Major Routines:
|
|     Routine           Sec        %
|     ------------------------------
|     Nonbond         164.63   29.38
|     Bond              0.00    0.00
|     Angle             0.00    0.00
|     Dihedral          0.00    0.00
|     Shake             0.00    0.00
|     RunMD           394.98   70.50
|     Other             0.64    0.11
|     ------------------------------
|     Total           560.25

|  PME Nonbond Pairlist CPU Time:
|
|     Routine              Sec        %
|     ---------------------------------
|     Set Up Cit           0.00    0.00
|     Build List           0.00    0.00
|     ---------------------------------
|     Total                0.00    0.00

|  PME Direct Force CPU Time:
|
|     Routine              Sec        %
|     ---------------------------------
|     NonBonded Calc       0.00    0.00
|     Exclude Masked       0.00    0.00
|     Other                0.43    0.08
|     ---------------------------------
|     Total                0.43    0.08

|  PME Reciprocal Force CPU Time:
|
|     Routine              Sec        %
|     ---------------------------------
|     1D bspline           0.00    0.00
|     Grid Charges         0.00    0.00
|     Scalar Sum           0.00    0.00
|     Gradient Sum         0.00    0.00
|     FFT                  0.00    0.00
|     ---------------------------------
|     Total                0.00    0.00

|  Final Performance Info:
|     -----------------------------------------------------
|     Average timings for last       1 steps:
|     Elapsed(s) =       0.00 Per Step(ms) =       2.75
|         ns/day =      31.43   seconds/ns =    2749.02
|
|     Average timings for all steps:
|     Elapsed(s) =     560.37 Per Step(ms) =       2.80
|         ns/day =      30.84   seconds/ns =    2801.87
|     -----------------------------------------------------

|  Setup CPU time:            0.49 seconds
|  NonSetup CPU time:       560.25 seconds
|  Total CPU time:          560.74 seconds     0.16 hours

|  Setup wall time:           0    seconds
|  NonSetup wall time:      561    seconds
|  Total wall time:         561    seconds     0.16 hours
