
          -------------------------------------------------------
          Amber 18 PMEMD                              2018
          -------------------------------------------------------

| PMEMD implementation of SANDER, Release 18

| Run on 06/20/2020 at 04:34:31

|   Executable path: /opt/software/Amber/18-foss-2018b-AmberTools-19/bin/pmemd.cuda
| Working directory: /mnt/gs18/scratch/users/songlin3/run/1264_optimization/acetate/two_steps_spce/step2/0.20634
|          Hostname: lac-143

  [-O]verwriting output

File Assignments:
|   MDIN: heat.in                                                               
|  MDOUT: heat.out                                                              
| INPCRD: min.rst                                                               
|   PARM: step2.prmtop                                                          
| RESTRT: heat.rst                                                              
|   REFC: min.rst                                                               
|  MDVEL: mdvel                                                                 
|   MDEN: mden                                                                  
|  MDCRD: heat.netcdf                                                           
| MDINFO: heat.mdinfo                                                           
|  MDFRC: mdfrc                                                                 


 Here is the input file:

nvt for free MD                                                                
 &cntrl                                                                        
  imin=0,                                                                      
  irest=0,                                                                     
  ntx=1,                                                                       
  ig=-1,                                                                       
  nstlim=200000,                                                               
  dt=0.001,                                                                    
  cut=10.0,                                                                    
  ntc=1,                                                                       
  ntf=1,                                                                       
  ntb=1,                                                                       
  ntt=3,                                                                       
  gamma_ln=2.0,                                                                
  tempi=0.0,                                                                   
  temp0=300.0,                                                                 
  ntpr=5000,                                                                   
  ntwr=5000,                                                                   
  ntwx=10000,                                                                  
  ntwv=0,                                                                      
  ioutfm=1,                                                                    
  iwrap=0,                                                                     
  nmropt=1,                                                                    
  ifsc = 1, icfe=1,                                                            
  clambda=0.20634,                                                             
  timask1=':1', scmask1=':1', scmask2='',                                      
  timask2='', crgmask = ':1',                                                  
/                                                                              
&wt TYPE='TEMP0', istep1=0, istep2=190000, value1=0.0, value2=300.0 /          
&wt TYPE='TEMP0', istep1=190001, istep2=200000, value1=300.0, value2=300.0 /   
&wt TYPE='DUMPFREQ', istep1=10000, /                                           
&wt TYPE='END', /                                                              


Note: ig = -1. Setting random seed to    85977 based on wallclock time in 
      microseconds.
| irandom = 1, using AMBER's internal random number generator (default).
 
|--------------------- INFORMATION ----------------------
| GPU (CUDA) Version of PMEMD in use: NVIDIA GPU IN USE.
|                    Version 18.0.0
| 
|                      03/25/2018
| 
| Implementation by:
|                    Ross C. Walker     (SDSC)
|                    Scott Le Grand     (nVIDIA)
| 
| Version 18 performance extensions by:
|                    David Cerutti     (Rutgers)
| 
| Precision model in use:
|      [SPFP] - Single Precision Forces, 64-bit Fixed Point
|               Accumulation. (Default)
| 
|--------------------------------------------------------
 
|----------------- CITATION INFORMATION -----------------
|
|    When publishing work that utilized the CUDA version
|    of AMBER, please cite the following in addition to
|    the regular AMBER citations:
|
|  - Romelia Salomon-Ferrer; Andreas W. Goetz; Duncan
|    Poole; Scott Le Grand; Ross C. Walker "Routine
|    microsecond molecular dynamics simulations with
|    AMBER - Part II: Particle Mesh Ewald", J. Chem.
|    Theory Comput., 2013, 9 (9), pp3878-3888,
|    DOI: 10.1021/ct400314y.
|
|  - Andreas W. Goetz; Mark J. Williamson; Dong Xu;
|    Duncan Poole; Scott Le Grand; Ross C. Walker
|    "Routine microsecond molecular dynamics simulations
|    with AMBER - Part I: Generalized Born", J. Chem.
|    Theory Comput., 2012, 8 (5), pp1542-1555.
|
|  - Scott Le Grand; Andreas W. Goetz; Ross C. Walker
|    "SPFP: Speed without compromise - a mixed precision
|    model for GPU accelerated molecular dynamics
|    simulations.", Comp. Phys. Comm., 2013, 184
|    pp374-380, DOI: 10.1016/j.cpc.2012.09.022
|
|    When publishing work that utilized the CUDA version
|    of TI, BAR, MBAR or FEP please cite the following 
|    three publications in addition to the regular AMBER 
|    GPU citations:
|
|  - Daniel J. Mermelstein; Charles Lin; Gard Nelson; 
|    Rachael Kretsch; J. Andrew McCammon; Ross C. Walker
|    "Fast and Flexible GPU Accelerated Binding 
|    Free Energy Calculations within the AMBER Molecular
|    Dynamics Package" J. Comp. Chem., 2018,
|    DOI: 10.1002/jcc.25187
|
|  - Tai-Sung Lee; Yuan Hu; Brad Sherborne; Zhuyan Guo;
|    Darrin M. York
|    "Toward Fast and Accurate Binding Affinity Prediction with
|    pmemdGTI: An Efficient Implementation of GPU-Accelerated
|    Thermodynamic Integration"
|    J. Chem. Theory Comput., 2017, 13 (7), 3077
|
|
|--------------------------------------------------------
 
|------------------- GPU DEVICE INFO --------------------
|
|            CUDA_VISIBLE_DEVICES: 0
|   CUDA Capable Devices Detected:      1
|           CUDA Device ID in use:      0
|                CUDA Device Name: Tesla K80
|     CUDA Device Global Mem Size:  11441 MB
| CUDA Device Num Multiprocessors:     13
|           CUDA Device Core Freq:   0.82 GHz
|
|--------------------------------------------------------
 
 
| Conditional Compilation Defines Used:
| PUBFFT
| BINTRAJ
| CUDA
| EMIL

| Largest sphere to fit in unit cell has radius =    27.333

| New format PARM file being parsed.
| Version =    1.000 Date = 06/18/20 Time = 20:41:37

| Note: 1-4 EEL scale factors are being read from the topology file.

| Note: 1-4 VDW scale factors are being read from the topology file.
| Duplicated    0 dihedrals

| Duplicated    0 dihedrals

--------------------------------------------------------------------------------
   1.  RESOURCE   USE: 
--------------------------------------------------------------------------------

 getting box info from netcdf restart file
 NATOM  =   20845 NTYPES =       6 NBONH =   20841 MBONA  =       3
 NTHETH =       6 MTHETA =       3 NPHIH =      12 MPHIA  =       1
 NHPARM =       0 NPARM  =       0 NNB   =   27806 NRES   =    6947
 NBONA  =       3 NTHETA =       3 NPHIA =       1 NUMBND =       5
 NUMANG =       4 NPTRA  =       3 NATYP =       6 NPHB   =       1
 IFBOX  =       2 NMXRS  =       7 IFCAP =       0 NEXTRA =       0
 NCOPY  =       0

| Coordinate Index Table dimensions:    10   10   10
| Direct force subcell size =     6.6953    6.6953    6.6953

     BOX TYPE: TRUNCATED OCTAHEDRON

--------------------------------------------------------------------------------
   2.  CONTROL  DATA  FOR  THE  RUN
--------------------------------------------------------------------------------

default_name                                                                    

General flags:
     imin    =       0, nmropt  =       1

Nature and format of input:
     ntx     =       1, irest   =       0, ntrx    =       1

Nature and format of output:
     ntxo    =       2, ntpr    =    5000, ntrx    =       1, ntwr    =    5000
     iwrap   =       0, ntwx    =   10000, ntwv    =       0, ntwe    =       0
     ioutfm  =       1, ntwprt  =       0, idecomp =       0, rbornstat=      0

Potential function:
     ntf     =       1, ntb     =       1, igb     =       0, nsnb    =      25
     ipol    =       0, gbsa    =       0, iesp    =       0
     dielc   =   1.00000, cut     =  10.00000, intdiel =   1.00000

Frozen or restrained atoms:
     ibelly  =       0, ntr     =       0

Molecular dynamics:
     nstlim  =    200000, nscm    =      1000, nrespa  =         1
     t       =   0.00000, dt      =   0.00100, vlimit  =  -1.00000

Langevin dynamics temperature regulation:
     ig      =   85977
     temp0   = 300.00000, tempi   =   0.00000, gamma_ln=   2.00000

NMR refinement options:
     iscale  =       0, noeskp  =       1, ipnlty  =       1, mxsub   =       1
     scalm   = 100.00000, pencut  =   0.10000, tausw   =   0.10000

Free energy options:
     icfe    =       1, ifsc    =       1, klambda =       1
     clambda =  0.2063, scalpha =  0.5000, scbeta  = 12.0000
     sceeorder =       2
     dynlmb =  0.0000 logdvdl =       0

| Intermolecular bonds treatment:
|     no_intermolecular_bonds =       1

| Energy averages sample interval:
|     ene_avg_sampling =    5000

Ewald parameters:
     verbose =       0, ew_type =       0, nbflag  =       1, use_pme =       1
     vdwmeth =       1, eedmeth =       1, netfrc  =       1
     Box X =   66.953   Box Y =   66.953   Box Z =   66.953
     Alpha =  109.471   Beta  =  109.471   Gamma =  109.471
     NFFT1 =   64       NFFT2 =   64       NFFT3 =   64
     Cutoff=   10.000   Tol   =0.100E-04
     Ewald Coefficient =  0.27511
     Interpolation order =    4
     TI Mask 1 :1; matches      7 atoms
     TI Mask 2  matches      0 atoms
     TI region 1:   20845 atoms
     TI region 2:   20838 atoms
     SC Mask 1 :1; matches      7 atoms
Removing charge of      -0.8188 from atom       1
Removing charge of      -0.8188 from atom       2
Removing charge of       0.8054 from atom       3
Removing charge of      -0.1021 from atom       4
Removing charge of      -0.0219 from atom       5
Removing charge of      -0.0219 from atom       6
Removing charge of      -0.0219 from atom       7
Total charge of  -0.99999900 removed from       7 atoms
    No charge on TI atoms. Skipping extra recip sum.

--------------------------------------------------------------------------------
   3.  ATOMIC COORDINATES AND VELOCITIES
--------------------------------------------------------------------------------

default_name                                                                    
 begin time read from input coords =     0.000 ps



           Begin reading energy term weight changes/NMR restraints
 WEIGHT CHANGES:
 TEMP0         0 190000    0.000000  300.000000      0      0
 TEMP0    190001 200000  300.000000  300.000000      0      0
 DUMPFREQ  10000      0    0.000000    0.000000      0      0

 RESTRAINTS:
                          ** No restraint defined **

                  Done reading weight changes/NMR restraints


 
 Number of triangulated 3-point waters found:     6946
 Number of shake restraints removed in TI region  1 :        0
 Number of shake restraints removed in TI region  2 :        0

     Sum of charges for TI region  1 =  -0.00000762
     Forcing neutrality...


     Sum of charges for TI region  2 =  -0.00000762
     Forcing neutrality...

| Dynamic Memory, Types Used:
| Reals              914872
| Integers           792492

| Nonbonded Pairs Initial Allocation:     6305091

| GPU memory information (estimate):
| KB of GPU memory in use:         0
| KB of CPU memory in use:         0

--------------------------------------------------------------------------------
   4.  RESULTS
--------------------------------------------------------------------------------

   DOF for the SC part  1 of the system:   21

| TI region  1


 NSTEP =        0   TIME(PS) =       0.000  TEMP(K) =     0.00  PRESS =     0.0
 Etot   =    -99437.1813  EKtot   =         0.0000  EPtot      =    -99437.1813
 BOND   =      9097.9767  ANGLE   =         0.0000  DIHED      =         0.0000
 1-4 NB =         0.0000  1-4 EEL =         0.0000  VDWAALS    =     23899.4060
 EELEC  =   -132434.5639  EHBOND  =         0.0000  RESTRAINT  =         0.0000
 DV/DL  =         5.1083
 ------------------------------------------------------------------------------

  Softcore part of the system:       7 atoms,       TEMP(K)    =           0.00
 SC_Etot=         8.3325  SC_EKtot=         0.0000  SC_EPtot   =         8.3325
 SC_BOND=         0.0121  SC_ANGLE=         2.7869  SC_DIHED   =         5.2203
 SC_14NB=         0.3132  SC_14EEL=         0.0000  SC_VDW     =         0.0000
 SC_EEL =         0.0000
 SC_RES_DIST=     0.0000  SC_RES_ANG=       0.0000  SC_RES_TORS=         0.0000
 SC_EEL_DER=      0.0000  SC_VDW_DER=      -0.0364  SC_DERIV   =        -0.0364
 ------------------------------------------------------------------------------


| TI region  2


 NSTEP =        0   TIME(PS) =       0.000  TEMP(K) =     0.00  PRESS =     0.0
 Etot   =    -99437.1813  EKtot   =         0.0000  EPtot      =    -99437.1813
 BOND   =      9097.9767  ANGLE   =         0.0000  DIHED      =         0.0000
 1-4 NB =         0.0000  1-4 EEL =         0.0000  VDWAALS    =     23899.4060
 EELEC  =   -132434.5639  EHBOND  =         0.0000  RESTRAINT  =         0.0000
 DV/DL  =         5.1083
 ------------------------------------------------------------------------------

 NMR restraints: Bond =    0.000   Angle =     0.000   Torsion =     0.000
===============================================================================

| TI region  1


 NSTEP =     5000   TIME(PS) =       5.000  TEMP(K) =     7.29  PRESS =     0.0
 Etot   =    -99695.6427  EKtot   =       453.0270  EPtot      =   -100148.6696
 BOND   =      9574.9294  ANGLE   =         0.0000  DIHED      =         0.0000
 1-4 NB =         0.0000  1-4 EEL =         0.0000  VDWAALS    =     25387.3365
 EELEC  =   -135110.9355  EHBOND  =         0.0000  RESTRAINT  =         0.0000
 DV/DL  =         7.0386
 ------------------------------------------------------------------------------

  Softcore part of the system:       7 atoms,       TEMP(K)    =           8.91
 SC_Etot=         8.6293  SC_EKtot=         0.1860  SC_EPtot   =         8.4433
 SC_BOND=         0.0959  SC_ANGLE=         2.8658  SC_DIHED   =         5.2199
 SC_14NB=         0.2617  SC_14EEL=         0.0000  SC_VDW     =         0.0000
 SC_EEL =         0.0000
 SC_RES_DIST=     0.0000  SC_RES_ANG=       0.0000  SC_RES_TORS=         0.0000
 SC_EEL_DER=      0.0000  SC_VDW_DER=      -0.4039  SC_DERIV   =        -0.4039
 ------------------------------------------------------------------------------


| TI region  2


 NSTEP =     5000   TIME(PS) =       5.000  TEMP(K) =     7.29  PRESS =     0.0
 Etot   =    -99695.8287  EKtot   =       452.8410  EPtot      =   -100148.6696
 BOND   =      9574.9294  ANGLE   =         0.0000  DIHED      =         0.0000
 1-4 NB =         0.0000  1-4 EEL =         0.0000  VDWAALS    =     25387.3365
 EELEC  =   -135110.9355  EHBOND  =         0.0000  RESTRAINT  =         0.0000
 DV/DL  =         7.0386
 ------------------------------------------------------------------------------

 NMR restraints: Bond =    0.000   Angle =     0.000   Torsion =     0.000
===============================================================================

| TI region  1


 NSTEP =    10000   TIME(PS) =      10.000  TEMP(K) =    15.12  PRESS =     0.0
 Etot   =    -98824.2810  EKtot   =       939.5916  EPtot      =    -99763.8726
 BOND   =      9791.5044  ANGLE   =         0.0000  DIHED      =        -0.0000
 1-4 NB =         0.0000  1-4 EEL =         0.0000  VDWAALS    =     25351.3312
 EELEC  =   -134906.7082  EHBOND  =         0.0000  RESTRAINT  =         0.0000
 DV/DL  =         7.1355
 ------------------------------------------------------------------------------

  Softcore part of the system:       7 atoms,       TEMP(K)    =          12.46
 SC_Etot=         8.7572  SC_EKtot=         0.2600  SC_EPtot   =         8.4972
 SC_BOND=         0.1453  SC_ANGLE=         2.8644  SC_DIHED   =         5.2199
 SC_14NB=         0.2676  SC_14EEL=         0.0000  SC_VDW     =         0.0000
 SC_EEL =         0.0000
 SC_RES_DIST=     0.0000  SC_RES_ANG=       0.0000  SC_RES_TORS=         0.0000
 SC_EEL_DER=      0.0000  SC_VDW_DER=      -0.2371  SC_DERIV   =        -0.2371
 ------------------------------------------------------------------------------


| TI region  2


 NSTEP =    10000   TIME(PS) =      10.000  TEMP(K) =    15.12  PRESS =     0.0
 Etot   =    -98824.5410  EKtot   =       939.3316  EPtot      =    -99763.8726
 BOND   =      9791.5044  ANGLE   =         0.0000  DIHED      =        -0.0000
 1-4 NB =         0.0000  1-4 EEL =         0.0000  VDWAALS    =     25351.3312
 EELEC  =   -134906.7082  EHBOND  =         0.0000  RESTRAINT  =         0.0000
 DV/DL  =         7.1355
 ------------------------------------------------------------------------------

 NMR restraints: Bond =    0.000   Angle =     0.000   Torsion =     0.000
===============================================================================

| TI region  1


 NSTEP =    15000   TIME(PS) =      15.000  TEMP(K) =    23.09  PRESS =     0.0
 Etot   =    -97940.0338  EKtot   =      1434.6415  EPtot      =    -99374.6753
 BOND   =      9892.6592  ANGLE   =         0.0000  DIHED      =        -0.0000
 1-4 NB =         0.0000  1-4 EEL =         0.0000  VDWAALS    =     25384.8381
 EELEC  =   -134652.1726  EHBOND  =         0.0000  RESTRAINT  =         0.0000
 DV/DL  =         7.0716
 ------------------------------------------------------------------------------

  Softcore part of the system:       7 atoms,       TEMP(K)    =          20.75
 SC_Etot=         9.0726  SC_EKtot=         0.4330  SC_EPtot   =         8.6396
 SC_BOND=         0.1601  SC_ANGLE=         2.9881  SC_DIHED   =         5.2372
 SC_14NB=         0.2543  SC_14EEL=         0.0000  SC_VDW     =         0.0000
 SC_EEL =         0.0000
 SC_RES_DIST=     0.0000  SC_RES_ANG=       0.0000  SC_RES_TORS=         0.0000
 SC_EEL_DER=      0.0000  SC_VDW_DER=      -0.2206  SC_DERIV   =        -0.2206
 ------------------------------------------------------------------------------


| TI region  2


 NSTEP =    15000   TIME(PS) =      15.000  TEMP(K) =    23.09  PRESS =     0.0
 Etot   =    -97940.4668  EKtot   =      1434.2085  EPtot      =    -99374.6753
 BOND   =      9892.6592  ANGLE   =         0.0000  DIHED      =        -0.0000
 1-4 NB =         0.0000  1-4 EEL =         0.0000  VDWAALS    =     25384.8381
 EELEC  =   -134652.1726  EHBOND  =         0.0000  RESTRAINT  =         0.0000
 DV/DL  =         7.0716
 ------------------------------------------------------------------------------

 NMR restraints: Bond =    0.000   Angle =     0.000   Torsion =     0.000
===============================================================================

| TI region  1


 NSTEP =    20000   TIME(PS) =      20.000  TEMP(K) =    30.97  PRESS =     0.0
 Etot   =    -97123.2622  EKtot   =      1924.3108  EPtot      =    -99047.5730
 BOND   =     10102.2096  ANGLE   =         0.0000  DIHED      =        -0.0000
 1-4 NB =         0.0000  1-4 EEL =         0.0000  VDWAALS    =     25510.5954
 EELEC  =   -134660.3780  EHBOND  =         0.0000  RESTRAINT  =         0.0000
 DV/DL  =         6.6450
 ------------------------------------------------------------------------------

  Softcore part of the system:       7 atoms,       TEMP(K)    =          24.57
 SC_Etot=         9.2196  SC_EKtot=         0.5127  SC_EPtot   =         8.7069
 SC_BOND=         0.2497  SC_ANGLE=         2.8916  SC_DIHED   =         5.2247
 SC_14NB=         0.3409  SC_14EEL=         0.0000  SC_VDW     =         0.0000
 SC_EEL =         0.0000
 SC_RES_DIST=     0.0000  SC_RES_ANG=       0.0000  SC_RES_TORS=         0.0000
 SC_EEL_DER=      0.0000  SC_VDW_DER=      -0.6907  SC_DERIV   =        -0.6907
 ------------------------------------------------------------------------------


| TI region  2


 NSTEP =    20000   TIME(PS) =      20.000  TEMP(K) =    30.97  PRESS =     0.0
 Etot   =    -97123.7749  EKtot   =      1923.7981  EPtot      =    -99047.5730
 BOND   =     10102.2096  ANGLE   =         0.0000  DIHED      =        -0.0000
 1-4 NB =         0.0000  1-4 EEL =         0.0000  VDWAALS    =     25510.5954
 EELEC  =   -134660.3780  EHBOND  =         0.0000  RESTRAINT  =         0.0000
 DV/DL  =         6.6450
 ------------------------------------------------------------------------------

 NMR restraints: Bond =    0.000   Angle =     0.000   Torsion =     0.000
===============================================================================

| TI region  1


 NSTEP =    25000   TIME(PS) =      25.000  TEMP(K) =    38.84  PRESS =     0.0
 Etot   =    -96343.8979  EKtot   =      2413.0281  EPtot      =    -98756.9259
 BOND   =     10347.2591  ANGLE   =        -0.0000  DIHED      =         0.0000
 1-4 NB =         0.0000  1-4 EEL =         0.0000  VDWAALS    =     25612.0918
 EELEC  =   -134716.2769  EHBOND  =         0.0000  RESTRAINT  =         0.0000
 DV/DL  =         7.0649
 ------------------------------------------------------------------------------

  Softcore part of the system:       7 atoms,       TEMP(K)    =          53.83
 SC_Etot=        10.0238  SC_EKtot=         1.1231  SC_EPtot   =         8.9007
 SC_BOND=         0.1249  SC_ANGLE=         3.1702  SC_DIHED   =         5.2101
 SC_14NB=         0.3956  SC_14EEL=         0.0000  SC_VDW     =         0.0000
 SC_EEL =         0.0000
 SC_RES_DIST=     0.0000  SC_RES_ANG=       0.0000  SC_RES_TORS=         0.0000
 SC_EEL_DER=      0.0000  SC_VDW_DER=      -0.5038  SC_DERIV   =        -0.5038
 ------------------------------------------------------------------------------


| TI region  2


 NSTEP =    25000   TIME(PS) =      25.000  TEMP(K) =    38.83  PRESS =     0.0
 Etot   =    -96345.0210  EKtot   =      2411.9050  EPtot      =    -98756.9259
 BOND   =     10347.2591  ANGLE   =        -0.0000  DIHED      =         0.0000
 1-4 NB =         0.0000  1-4 EEL =         0.0000  VDWAALS    =     25612.0918
 EELEC  =   -134716.2769  EHBOND  =         0.0000  RESTRAINT  =         0.0000
 DV/DL  =         7.0649
 ------------------------------------------------------------------------------

 NMR restraints: Bond =    0.000   Angle =     0.000   Torsion =     0.000
===============================================================================

| TI region  1


 NSTEP =    30000   TIME(PS) =      30.000  TEMP(K) =    46.63  PRESS =     0.0
 Etot   =    -95543.0280  EKtot   =      2897.3936  EPtot      =    -98440.4215
 BOND   =     10626.7685  ANGLE   =        -0.0000  DIHED      =         0.0000
 1-4 NB =         0.0000  1-4 EEL =         0.0000  VDWAALS    =     25530.4610
 EELEC  =   -134597.6509  EHBOND  =         0.0000  RESTRAINT  =         0.0000
 DV/DL  =         5.8904
 ------------------------------------------------------------------------------

  Softcore part of the system:       7 atoms,       TEMP(K)    =          34.56
 SC_Etot=         9.8276  SC_EKtot=         0.7211  SC_EPtot   =         9.1065
 SC_BOND=         0.2293  SC_ANGLE=         3.2994  SC_DIHED   =         5.2104
 SC_14NB=         0.3675  SC_14EEL=         0.0000  SC_VDW     =         0.0000
 SC_EEL =         0.0000
 SC_RES_DIST=     0.0000  SC_RES_ANG=       0.0000  SC_RES_TORS=         0.0000
 SC_EEL_DER=      0.0000  SC_VDW_DER=      -1.3318  SC_DERIV   =        -1.3318
 ------------------------------------------------------------------------------


| TI region  2


 NSTEP =    30000   TIME(PS) =      30.000  TEMP(K) =    46.64  PRESS =     0.0
 Etot   =    -95543.7490  EKtot   =      2896.6725  EPtot      =    -98440.4215
 BOND   =     10626.7685  ANGLE   =        -0.0000  DIHED      =         0.0000
 1-4 NB =         0.0000  1-4 EEL =         0.0000  VDWAALS    =     25530.4610
 EELEC  =   -134597.6509  EHBOND  =         0.0000  RESTRAINT  =         0.0000
 DV/DL  =         5.8904
 ------------------------------------------------------------------------------

 NMR restraints: Bond =    0.000   Angle =     0.000   Torsion =     0.000
===============================================================================

| TI region  1


 NSTEP =    35000   TIME(PS) =      35.000  TEMP(K) =    54.98  PRESS =     0.0
 Etot   =    -94521.2965  EKtot   =      3416.4229  EPtot      =    -97937.7193
 BOND   =     10677.8142  ANGLE   =        -0.0000  DIHED      =        -0.0000
 1-4 NB =         0.0000  1-4 EEL =         0.0000  VDWAALS    =     25536.1172
 EELEC  =   -134151.6507  EHBOND  =         0.0000  RESTRAINT  =         0.0000
 DV/DL  =         6.3266
 ------------------------------------------------------------------------------

  Softcore part of the system:       7 atoms,       TEMP(K)    =          38.45
 SC_Etot=         9.8586  SC_EKtot=         0.8023  SC_EPtot   =         9.0563
 SC_BOND=         0.2179  SC_ANGLE=         3.3066  SC_DIHED   =         5.2142
 SC_14NB=         0.3176  SC_14EEL=         0.0000  SC_VDW     =         0.0000
 SC_EEL =         0.0000
 SC_RES_DIST=     0.0000  SC_RES_ANG=       0.0000  SC_RES_TORS=         0.0000
 SC_EEL_DER=      0.0000  SC_VDW_DER=      -0.6250  SC_DERIV   =        -0.6250
 ------------------------------------------------------------------------------


| TI region  2


 NSTEP =    35000   TIME(PS) =      35.000  TEMP(K) =    54.99  PRESS =     0.0
 Etot   =    -94522.0987  EKtot   =      3415.6206  EPtot      =    -97937.7193
 BOND   =     10677.8142  ANGLE   =        -0.0000  DIHED      =        -0.0000
 1-4 NB =         0.0000  1-4 EEL =         0.0000  VDWAALS    =     25536.1172
 EELEC  =   -134151.6507  EHBOND  =         0.0000  RESTRAINT  =         0.0000
 DV/DL  =         6.3266
 ------------------------------------------------------------------------------

 NMR restraints: Bond =    0.000   Angle =     0.000   Torsion =     0.000
===============================================================================

| TI region  1


 NSTEP =    40000   TIME(PS) =      40.000  TEMP(K) =    62.63  PRESS =     0.0
 Etot   =    -93720.2177  EKtot   =      3891.7031  EPtot      =    -97611.9208
 BOND   =     10864.8445  ANGLE   =        -0.0000  DIHED      =        -0.0000
 1-4 NB =         0.0000  1-4 EEL =         0.0000  VDWAALS    =     25390.8544
 EELEC  =   -133867.6197  EHBOND  =         0.0000  RESTRAINT  =         0.0000
 DV/DL  =         6.8220
 ------------------------------------------------------------------------------

  Softcore part of the system:       7 atoms,       TEMP(K)    =          35.72
 SC_Etot=         9.5245  SC_EKtot=         0.7454  SC_EPtot   =         8.7790
 SC_BOND=         0.2104  SC_ANGLE=         3.0673  SC_DIHED   =         5.2419
 SC_14NB=         0.2595  SC_14EEL=         0.0000  SC_VDW     =         0.0000
 SC_EEL =         0.0000
 SC_RES_DIST=     0.0000  SC_RES_ANG=       0.0000  SC_RES_TORS=         0.0000
 SC_EEL_DER=      0.0000  SC_VDW_DER=      -0.3082  SC_DERIV   =        -0.3082
 ------------------------------------------------------------------------------


| TI region  2


 NSTEP =    40000   TIME(PS) =      40.000  TEMP(K) =    62.64  PRESS =     0.0
 Etot   =    -93720.9631  EKtot   =      3890.9577  EPtot      =    -97611.9208
 BOND   =     10864.8445  ANGLE   =        -0.0000  DIHED      =        -0.0000
 1-4 NB =         0.0000  1-4 EEL =         0.0000  VDWAALS    =     25390.8544
 EELEC  =   -133867.6197  EHBOND  =         0.0000  RESTRAINT  =         0.0000
 DV/DL  =         6.8220
 ------------------------------------------------------------------------------

 NMR restraints: Bond =    0.000   Angle =     0.000   Torsion =     0.000
===============================================================================

| TI region  1


 NSTEP =    45000   TIME(PS) =      45.000  TEMP(K) =    70.58  PRESS =     0.0
 Etot   =    -92841.0113  EKtot   =      4385.5781  EPtot      =    -97226.5894
 BOND   =     11044.3846  ANGLE   =         0.0000  DIHED      =         0.0000
 1-4 NB =         0.0000  1-4 EEL =         0.0000  VDWAALS    =     25621.4563
 EELEC  =   -133892.4304  EHBOND  =         0.0000  RESTRAINT  =         0.0000
 DV/DL  =         6.5187
 ------------------------------------------------------------------------------

  Softcore part of the system:       7 atoms,       TEMP(K)    =          66.65
 SC_Etot=        10.2050  SC_EKtot=         1.3908  SC_EPtot   =         8.8142
 SC_BOND=         0.1553  SC_ANGLE=         3.0726  SC_DIHED   =         5.2211
 SC_14NB=         0.3652  SC_14EEL=         0.0000  SC_VDW     =         0.0000
 SC_EEL =         0.0000
 SC_RES_DIST=     0.0000  SC_RES_ANG=       0.0000  SC_RES_TORS=         0.0000
 SC_EEL_DER=      0.0000  SC_VDW_DER=      -0.1773  SC_DERIV   =        -0.1773
 ------------------------------------------------------------------------------


| TI region  2


 NSTEP =    45000   TIME(PS) =      45.000  TEMP(K) =    70.58  PRESS =     0.0
 Etot   =    -92842.4021  EKtot   =      4384.1873  EPtot      =    -97226.5894
 BOND   =     11044.3846  ANGLE   =         0.0000  DIHED      =         0.0000
 1-4 NB =         0.0000  1-4 EEL =         0.0000  VDWAALS    =     25621.4563
 EELEC  =   -133892.4304  EHBOND  =         0.0000  RESTRAINT  =         0.0000
 DV/DL  =         6.5187
 ------------------------------------------------------------------------------

 NMR restraints: Bond =    0.000   Angle =     0.000   Torsion =     0.000
===============================================================================

| TI region  1


 NSTEP =    50000   TIME(PS) =      50.000  TEMP(K) =    78.13  PRESS =     0.0
 Etot   =    -91935.9070  EKtot   =      4854.7085  EPtot      =    -96790.6155
 BOND   =     11189.4894  ANGLE   =        -0.0000  DIHED      =        -0.0000
 1-4 NB =         0.0000  1-4 EEL =         0.0000  VDWAALS    =     25433.9745
 EELEC  =   -133414.0793  EHBOND  =         0.0000  RESTRAINT  =         0.0000
 DV/DL  =         6.7699
 ------------------------------------------------------------------------------

  Softcore part of the system:       7 atoms,       TEMP(K)    =          91.59
 SC_Etot=        11.0720  SC_EKtot=         1.9110  SC_EPtot   =         9.1609
 SC_BOND=         0.1631  SC_ANGLE=         3.5014  SC_DIHED   =         5.2540
 SC_14NB=         0.2425  SC_14EEL=         0.0000  SC_VDW     =         0.0000
 SC_EEL =         0.0000
 SC_RES_DIST=     0.0000  SC_RES_ANG=       0.0000  SC_RES_TORS=         0.0000
 SC_EEL_DER=      0.0000  SC_VDW_DER=      -0.2484  SC_DERIV   =        -0.2484
 ------------------------------------------------------------------------------


| TI region  2


 NSTEP =    50000   TIME(PS) =      50.000  TEMP(K) =    78.13  PRESS =     0.0
 Etot   =    -91937.8180  EKtot   =      4852.7975  EPtot      =    -96790.6155
 BOND   =     11189.4894  ANGLE   =        -0.0000  DIHED      =        -0.0000
 1-4 NB =         0.0000  1-4 EEL =         0.0000  VDWAALS    =     25433.9745
 EELEC  =   -133414.0793  EHBOND  =         0.0000  RESTRAINT  =         0.0000
 DV/DL  =         6.7699
 ------------------------------------------------------------------------------

 NMR restraints: Bond =    0.000   Angle =     0.000   Torsion =     0.000
===============================================================================

| TI region  1


 NSTEP =    55000   TIME(PS) =      55.000  TEMP(K) =    85.98  PRESS =     0.0
 Etot   =    -91027.9049  EKtot   =      5342.1250  EPtot      =    -96370.0299
 BOND   =     11385.3701  ANGLE   =         0.0000  DIHED      =        -0.0000
 1-4 NB =         0.0000  1-4 EEL =         0.0000  VDWAALS    =     25256.2368
 EELEC  =   -133011.6368  EHBOND  =         0.0000  RESTRAINT  =         0.0000
 DV/DL  =         5.9932
 ------------------------------------------------------------------------------

  Softcore part of the system:       7 atoms,       TEMP(K)    =          54.11
 SC_Etot=        10.7179  SC_EKtot=         1.1290  SC_EPtot   =         9.5889
 SC_BOND=         0.5719  SC_ANGLE=         3.3574  SC_DIHED   =         5.3067
 SC_14NB=         0.3528  SC_14EEL=         0.0000  SC_VDW     =         0.0000
 SC_EEL =         0.0000
 SC_RES_DIST=     0.0000  SC_RES_ANG=       0.0000  SC_RES_TORS=         0.0000
 SC_EEL_DER=      0.0000  SC_VDW_DER=      -0.4991  SC_DERIV   =        -0.4991
 ------------------------------------------------------------------------------


| TI region  2


 NSTEP =    55000   TIME(PS) =      55.000  TEMP(K) =    85.99  PRESS =     0.0
 Etot   =    -91029.0338  EKtot   =      5340.9960  EPtot      =    -96370.0299
 BOND   =     11385.3701  ANGLE   =         0.0000  DIHED      =        -0.0000
 1-4 NB =         0.0000  1-4 EEL =         0.0000  VDWAALS    =     25256.2368
 EELEC  =   -133011.6368  EHBOND  =         0.0000  RESTRAINT  =         0.0000
 DV/DL  =         5.9932
 ------------------------------------------------------------------------------

 NMR restraints: Bond =    0.000   Angle =     0.000   Torsion =     0.000
===============================================================================

| TI region  1


 NSTEP =    60000   TIME(PS) =      60.000  TEMP(K) =    95.14  PRESS =     0.0
 Etot   =    -90032.2203  EKtot   =      5911.3887  EPtot      =    -95943.6090
 BOND   =     11554.1901  ANGLE   =        -0.0000  DIHED      =        -0.0000
 1-4 NB =         0.0000  1-4 EEL =         0.0000  VDWAALS    =     25335.5507
 EELEC  =   -132833.3498  EHBOND  =         0.0000  RESTRAINT  =         0.0000
 DV/DL  =         7.3168
 ------------------------------------------------------------------------------

  Softcore part of the system:       7 atoms,       TEMP(K)    =         176.79
 SC_Etot=        14.0080  SC_EKtot=         3.6887  SC_EPtot   =        10.3193
 SC_BOND=         1.0693  SC_ANGLE=         3.6915  SC_DIHED   =         5.3192
 SC_14NB=         0.2393  SC_14EEL=         0.0000  SC_VDW     =         0.0000
 SC_EEL =         0.0000
 SC_RES_DIST=     0.0000  SC_RES_ANG=       0.0000  SC_RES_TORS=         0.0000
 SC_EEL_DER=      0.0000  SC_VDW_DER=      -0.0245  SC_DERIV   =        -0.0245
 ------------------------------------------------------------------------------


| TI region  2


 NSTEP =    60000   TIME(PS) =      60.000  TEMP(K) =    95.11  PRESS =     0.0
 Etot   =    -90035.9090  EKtot   =      5907.6999  EPtot      =    -95943.6090
 BOND   =     11554.1901  ANGLE   =        -0.0000  DIHED      =        -0.0000
 1-4 NB =         0.0000  1-4 EEL =         0.0000  VDWAALS    =     25335.5507
 EELEC  =   -132833.3498  EHBOND  =         0.0000  RESTRAINT  =         0.0000
 DV/DL  =         7.3168
 ------------------------------------------------------------------------------

 NMR restraints: Bond =    0.000   Angle =     0.000   Torsion =     0.000
===============================================================================

| TI region  1


 NSTEP =    65000   TIME(PS) =      65.000  TEMP(K) =   101.73  PRESS =     0.0
 Etot   =    -89221.2682  EKtot   =      6321.0361  EPtot      =    -95542.3043
 BOND   =     11685.2731  ANGLE   =        -0.0000  DIHED      =        -0.0000
 1-4 NB =         0.0000  1-4 EEL =         0.0000  VDWAALS    =     25338.9470
 EELEC  =   -132566.5244  EHBOND  =         0.0000  RESTRAINT  =         0.0000
 DV/DL  =         7.0008
 ------------------------------------------------------------------------------

  Softcore part of the system:       7 atoms,       TEMP(K)    =          64.11
 SC_Etot=        10.5793  SC_EKtot=         1.3376  SC_EPtot   =         9.2417
 SC_BOND=         0.4906  SC_ANGLE=         3.1189  SC_DIHED   =         5.2542
 SC_14NB=         0.3781  SC_14EEL=         0.0000  SC_VDW     =         0.0000
 SC_EEL =         0.0000
 SC_RES_DIST=     0.0000  SC_RES_ANG=       0.0000  SC_RES_TORS=         0.0000
 SC_EEL_DER=     -0.0000  SC_VDW_DER=      -0.3526  SC_DERIV   =        -0.3526
 ------------------------------------------------------------------------------


| TI region  2


 NSTEP =    65000   TIME(PS) =      65.000  TEMP(K) =   101.74  PRESS =     0.0
 Etot   =    -89222.6058  EKtot   =      6319.6985  EPtot      =    -95542.3043
 BOND   =     11685.2731  ANGLE   =        -0.0000  DIHED      =        -0.0000
 1-4 NB =         0.0000  1-4 EEL =         0.0000  VDWAALS    =     25338.9470
 EELEC  =   -132566.5244  EHBOND  =         0.0000  RESTRAINT  =         0.0000
 DV/DL  =         7.0008
 ------------------------------------------------------------------------------

 NMR restraints: Bond =    0.000   Angle =     0.000   Torsion =     0.000
===============================================================================

| TI region  1


 NSTEP =    70000   TIME(PS) =      70.000  TEMP(K) =   110.11  PRESS =     0.0
 Etot   =    -88308.3221  EKtot   =      6841.6792  EPtot      =    -95150.0013
 BOND   =     11974.7659  ANGLE   =         0.0000  DIHED      =         0.0000
 1-4 NB =         0.0000  1-4 EEL =         0.0000  VDWAALS    =     25386.1839
 EELEC  =   -132510.9511  EHBOND  =         0.0000  RESTRAINT  =         0.0000
 DV/DL  =         7.3811
 ------------------------------------------------------------------------------

  Softcore part of the system:       7 atoms,       TEMP(K)    =          83.55
 SC_Etot=        11.0700  SC_EKtot=         1.7432  SC_EPtot   =         9.3268
 SC_BOND=         0.5557  SC_ANGLE=         3.2458  SC_DIHED   =         5.2387
 SC_14NB=         0.2866  SC_14EEL=         0.0000  SC_VDW     =         0.0000
 SC_EEL =         0.0000
 SC_RES_DIST=     0.0000  SC_RES_ANG=       0.0000  SC_RES_TORS=         0.0000
 SC_EEL_DER=      0.0000  SC_VDW_DER=       0.0240  SC_DERIV   =         0.0240
 ------------------------------------------------------------------------------


| TI region  2


 NSTEP =    70000   TIME(PS) =      70.000  TEMP(K) =   110.12  PRESS =     0.0
 Etot   =    -88310.0654  EKtot   =      6839.9360  EPtot      =    -95150.0013
 BOND   =     11974.7659  ANGLE   =         0.0000  DIHED      =         0.0000
 1-4 NB =         0.0000  1-4 EEL =         0.0000  VDWAALS    =     25386.1839
 EELEC  =   -132510.9511  EHBOND  =         0.0000  RESTRAINT  =         0.0000
 DV/DL  =         7.3811
 ------------------------------------------------------------------------------

 NMR restraints: Bond =    0.000   Angle =     0.000   Torsion =     0.000
===============================================================================

| TI region  1


 NSTEP =    75000   TIME(PS) =      75.000  TEMP(K) =   118.71  PRESS =     0.0
 Etot   =    -87440.3831  EKtot   =      7375.7759  EPtot      =    -94816.1590
 BOND   =     11891.6936  ANGLE   =         0.0000  DIHED      =        -0.0000
 1-4 NB =         0.0000  1-4 EEL =         0.0000  VDWAALS    =     25218.7450
 EELEC  =   -131926.5976  EHBOND  =         0.0000  RESTRAINT  =         0.0000
 DV/DL  =         6.9961
 ------------------------------------------------------------------------------

  Softcore part of the system:       7 atoms,       TEMP(K)    =         169.99
 SC_Etot=        13.7053  SC_EKtot=         3.5470  SC_EPtot   =        10.1582
 SC_BOND=         1.1470  SC_ANGLE=         3.6265  SC_DIHED   =         5.2164
 SC_14NB=         0.1682  SC_14EEL=         0.0000  SC_VDW     =         0.0000
 SC_EEL =         0.0000
 SC_RES_DIST=     0.0000  SC_RES_ANG=       0.0000  SC_RES_TORS=         0.0000
 SC_EEL_DER=      0.0000  SC_VDW_DER=       0.0191  SC_DERIV   =         0.0191
 ------------------------------------------------------------------------------


| TI region  2


 NSTEP =    75000   TIME(PS) =      75.000  TEMP(K) =   118.69  PRESS =     0.0
 Etot   =    -87443.9301  EKtot   =      7372.2289  EPtot      =    -94816.1590
 BOND   =     11891.6936  ANGLE   =         0.0000  DIHED      =        -0.0000
 1-4 NB =         0.0000  1-4 EEL =         0.0000  VDWAALS    =     25218.7450
 EELEC  =   -131926.5976  EHBOND  =         0.0000  RESTRAINT  =         0.0000
 DV/DL  =         6.9961
 ------------------------------------------------------------------------------

 NMR restraints: Bond =    0.000   Angle =     0.000   Torsion =     0.000
===============================================================================

| TI region  1


 NSTEP =    80000   TIME(PS) =      80.000  TEMP(K) =   125.66  PRESS =     0.0
 Etot   =    -86618.6416  EKtot   =      7807.8931  EPtot      =    -94426.5347
 BOND   =     12202.5117  ANGLE   =         0.0000  DIHED      =         0.0000
 1-4 NB =         0.0000  1-4 EEL =         0.0000  VDWAALS    =     25062.7733
 EELEC  =   -131691.8197  EHBOND  =         0.0000  RESTRAINT  =         0.0000
 DV/DL  =         7.2197
 ------------------------------------------------------------------------------

  Softcore part of the system:       7 atoms,       TEMP(K)    =          95.27
 SC_Etot=        12.1608  SC_EKtot=         1.9880  SC_EPtot   =        10.1728
 SC_BOND=         0.7636  SC_ANGLE=         3.7651  SC_DIHED   =         5.2213
 SC_14NB=         0.4228  SC_14EEL=         0.0000  SC_VDW     =         0.0000
 SC_EEL =         0.0000
 SC_RES_DIST=     0.0000  SC_RES_ANG=       0.0000  SC_RES_TORS=         0.0000
 SC_EEL_DER=      0.0000  SC_VDW_DER=      -0.1161  SC_DERIV   =        -0.1161
 ------------------------------------------------------------------------------


| TI region  2


 NSTEP =    80000   TIME(PS) =      80.000  TEMP(K) =   125.67  PRESS =     0.0
 Etot   =    -86620.6296  EKtot   =      7805.9051  EPtot      =    -94426.5347
 BOND   =     12202.5117  ANGLE   =         0.0000  DIHED      =         0.0000
 1-4 NB =         0.0000  1-4 EEL =         0.0000  VDWAALS    =     25062.7733
 EELEC  =   -131691.8197  EHBOND  =         0.0000  RESTRAINT  =         0.0000
 DV/DL  =         7.2197
 ------------------------------------------------------------------------------

 NMR restraints: Bond =    0.000   Angle =     0.000   Torsion =     0.000
===============================================================================

| TI region  1


 NSTEP =    85000   TIME(PS) =      85.000  TEMP(K) =   134.51  PRESS =     0.0
 Etot   =    -85670.4977  EKtot   =      8357.9346  EPtot      =    -94028.4322
 BOND   =     12474.8769  ANGLE   =        -0.0000  DIHED      =        -0.0000
 1-4 NB =         0.0000  1-4 EEL =         0.0000  VDWAALS    =     25042.5963
 EELEC  =   -131545.9053  EHBOND  =         0.0000  RESTRAINT  =         0.0000
 DV/DL  =         6.7515
 ------------------------------------------------------------------------------

  Softcore part of the system:       7 atoms,       TEMP(K)    =         208.61
 SC_Etot=        13.6732  SC_EKtot=         4.3527  SC_EPtot   =         9.3205
 SC_BOND=         0.4870  SC_ANGLE=         3.2418  SC_DIHED   =         5.2516
 SC_14NB=         0.3400  SC_14EEL=         0.0000  SC_VDW     =         0.0000
 SC_EEL =         0.0000
 SC_RES_DIST=     0.0000  SC_RES_ANG=       0.0000  SC_RES_TORS=         0.0000
 SC_EEL_DER=      0.0000  SC_VDW_DER=      -0.8379  SC_DERIV   =        -0.8379
 ------------------------------------------------------------------------------


| TI region  2


 NSTEP =    85000   TIME(PS) =      85.000  TEMP(K) =   134.49  PRESS =     0.0
 Etot   =    -85674.8504  EKtot   =      8353.5818  EPtot      =    -94028.4322
 BOND   =     12474.8769  ANGLE   =        -0.0000  DIHED      =        -0.0000
 1-4 NB =         0.0000  1-4 EEL =         0.0000  VDWAALS    =     25042.5963
 EELEC  =   -131545.9053  EHBOND  =         0.0000  RESTRAINT  =         0.0000
 DV/DL  =         6.7515
 ------------------------------------------------------------------------------

 NMR restraints: Bond =    0.000   Angle =     0.000   Torsion =     0.000
===============================================================================

| TI region  1


 NSTEP =    90000   TIME(PS) =      90.000  TEMP(K) =   140.30  PRESS =     0.0
 Etot   =    -84774.8828  EKtot   =      8717.4844  EPtot      =    -93492.3672
 BOND   =     12610.1614  ANGLE   =         0.0000  DIHED      =        -0.0000
 1-4 NB =         0.0000  1-4 EEL =         0.0000  VDWAALS    =     25018.5900
 EELEC  =   -131121.1186  EHBOND  =         0.0000  RESTRAINT  =         0.0000
 DV/DL  =         1.4374
 ------------------------------------------------------------------------------

  Softcore part of the system:       7 atoms,       TEMP(K)    =         111.57
 SC_Etot=        12.6577  SC_EKtot=         2.3279  SC_EPtot   =        10.3298
 SC_BOND=         1.0279  SC_ANGLE=         3.4816  SC_DIHED   =         5.3749
 SC_14NB=         0.4454  SC_14EEL=         0.0000  SC_VDW     =         0.0000
 SC_EEL =         0.0000
 SC_RES_DIST=     0.0000  SC_RES_ANG=       0.0000  SC_RES_TORS=         0.0000
 SC_EEL_DER=     -0.0000  SC_VDW_DER=      -4.3779  SC_DERIV   =        -4.3779
 ------------------------------------------------------------------------------


| TI region  2


 NSTEP =    90000   TIME(PS) =      90.000  TEMP(K) =   140.31  PRESS =     0.0
 Etot   =    -84777.2108  EKtot   =      8715.1564  EPtot      =    -93492.3672
 BOND   =     12610.1614  ANGLE   =         0.0000  DIHED      =        -0.0000
 1-4 NB =         0.0000  1-4 EEL =         0.0000  VDWAALS    =     25018.5900
 EELEC  =   -131121.1186  EHBOND  =         0.0000  RESTRAINT  =         0.0000
 DV/DL  =         1.4374
 ------------------------------------------------------------------------------

 NMR restraints: Bond =    0.000   Angle =     0.000   Torsion =     0.000
===============================================================================

| TI region  1


 NSTEP =    95000   TIME(PS) =      95.000  TEMP(K) =   147.87  PRESS =     0.0
 Etot   =    -83947.3164  EKtot   =      9188.0801  EPtot      =    -93135.3965
 BOND   =     12598.4938  ANGLE   =         0.0000  DIHED      =        -0.0000
 1-4 NB =         0.0000  1-4 EEL =         0.0000  VDWAALS    =     24746.5044
 EELEC  =   -130480.3947  EHBOND  =         0.0000  RESTRAINT  =         0.0000
 DV/DL  =         4.1974
 ------------------------------------------------------------------------------

  Softcore part of the system:       7 atoms,       TEMP(K)    =          59.25
 SC_Etot=        11.2043  SC_EKtot=         1.2362  SC_EPtot   =         9.9681
 SC_BOND=         1.2147  SC_ANGLE=         3.2851  SC_DIHED   =         5.2199
 SC_14NB=         0.2484  SC_14EEL=         0.0000  SC_VDW     =         0.0000
 SC_EEL =         0.0000
 SC_RES_DIST=     0.0000  SC_RES_ANG=       0.0000  SC_RES_TORS=         0.0000
 SC_EEL_DER=      0.0000  SC_VDW_DER=      -1.2604  SC_DERIV   =        -1.2604
 ------------------------------------------------------------------------------


| TI region  2


 NSTEP =    95000   TIME(PS) =      95.000  TEMP(K) =   147.90  PRESS =     0.0
 Etot   =    -83948.5526  EKtot   =      9186.8439  EPtot      =    -93135.3965
 BOND   =     12598.4938  ANGLE   =         0.0000  DIHED      =        -0.0000
 1-4 NB =         0.0000  1-4 EEL =         0.0000  VDWAALS    =     24746.5044
 EELEC  =   -130480.3947  EHBOND  =         0.0000  RESTRAINT  =         0.0000
 DV/DL  =         4.1974
 ------------------------------------------------------------------------------

 NMR restraints: Bond =    0.000   Angle =     0.000   Torsion =     0.000
===============================================================================

| TI region  1


 NSTEP =   100000   TIME(PS) =     100.000  TEMP(K) =   157.36  PRESS =     0.0
 Etot   =    -82800.0224  EKtot   =      9777.4053  EPtot      =    -92577.4276
 BOND   =     12914.6507  ANGLE   =         0.0000  DIHED      =         0.0000
 1-4 NB =         0.0000  1-4 EEL =         0.0000  VDWAALS    =     24461.0936
 EELEC  =   -129953.1720  EHBOND  =         0.0000  RESTRAINT  =         0.0000
 DV/DL  =         1.9628
 ------------------------------------------------------------------------------

  Softcore part of the system:       7 atoms,       TEMP(K)    =          84.68
 SC_Etot=        13.3429  SC_EKtot=         1.7669  SC_EPtot   =        11.5760
 SC_BOND=         1.3974  SC_ANGLE=         4.8083  SC_DIHED   =         5.2530
 SC_14NB=         0.1173  SC_14EEL=         0.0000  SC_VDW     =         0.0000
 SC_EEL =         0.0000
 SC_RES_DIST=     0.0000  SC_RES_ANG=       0.0000  SC_RES_TORS=         0.0000
 SC_EEL_DER=      0.0000  SC_VDW_DER=      -2.5786  SC_DERIV   =        -2.5786
 ------------------------------------------------------------------------------


| TI region  2


 NSTEP =   100000   TIME(PS) =     100.000  TEMP(K) =   157.38  PRESS =     0.0
 Etot   =    -82801.7893  EKtot   =      9775.6383  EPtot      =    -92577.4276
 BOND   =     12914.6507  ANGLE   =         0.0000  DIHED      =         0.0000
 1-4 NB =         0.0000  1-4 EEL =         0.0000  VDWAALS    =     24461.0936
 EELEC  =   -129953.1720  EHBOND  =         0.0000  RESTRAINT  =         0.0000
 DV/DL  =         1.9628
 ------------------------------------------------------------------------------

 NMR restraints: Bond =    0.000   Angle =     0.000   Torsion =     0.000
===============================================================================

| TI region  1


 NSTEP =   105000   TIME(PS) =     105.000  TEMP(K) =   166.41  PRESS =     0.0
 Etot   =    -81769.0340  EKtot   =     10339.8564  EPtot      =    -92108.8904
 BOND   =     12989.3523  ANGLE   =         0.0000  DIHED      =        -0.0000
 1-4 NB =         0.0000  1-4 EEL =         0.0000  VDWAALS    =     24653.3923
 EELEC  =   -129751.6350  EHBOND  =         0.0000  RESTRAINT  =         0.0000
 DV/DL  =         6.2180
 ------------------------------------------------------------------------------

  Softcore part of the system:       7 atoms,       TEMP(K)    =         142.56
 SC_Etot=        13.6352  SC_EKtot=         2.9746  SC_EPtot   =        10.6605
 SC_BOND=         1.1144  SC_ANGLE=         4.1635  SC_DIHED   =         5.2089
 SC_14NB=         0.1738  SC_14EEL=         0.0000  SC_VDW     =         0.0000
 SC_EEL =         0.0000
 SC_RES_DIST=     0.0000  SC_RES_ANG=       0.0000  SC_RES_TORS=         0.0000
 SC_EEL_DER=      0.0000  SC_VDW_DER=      -0.6965  SC_DERIV   =        -0.6965
 ------------------------------------------------------------------------------


| TI region  2


 NSTEP =   105000   TIME(PS) =     105.000  TEMP(K) =   166.42  PRESS =     0.0
 Etot   =    -81772.0086  EKtot   =     10336.8818  EPtot      =    -92108.8904
 BOND   =     12989.3523  ANGLE   =         0.0000  DIHED      =        -0.0000
 1-4 NB =         0.0000  1-4 EEL =         0.0000  VDWAALS    =     24653.3923
 EELEC  =   -129751.6350  EHBOND  =         0.0000  RESTRAINT  =         0.0000
 DV/DL  =         6.2180
 ------------------------------------------------------------------------------

 NMR restraints: Bond =    0.000   Angle =     0.000   Torsion =     0.000
===============================================================================

| TI region  1


 NSTEP =   110000   TIME(PS) =     110.000  TEMP(K) =   172.03  PRESS =     0.0
 Etot   =    -80891.0506  EKtot   =     10689.0391  EPtot      =    -91580.0896
 BOND   =     13161.9836  ANGLE   =         0.0000  DIHED      =        -0.0000
 1-4 NB =         0.0000  1-4 EEL =         0.0000  VDWAALS    =     24438.5812
 EELEC  =   -129180.6544  EHBOND  =         0.0000  RESTRAINT  =         0.0000
 DV/DL  =         7.0795
 ------------------------------------------------------------------------------

  Softcore part of the system:       7 atoms,       TEMP(K)    =         139.43
 SC_Etot=        15.4702  SC_EKtot=         2.9092  SC_EPtot   =        12.5610
 SC_BOND=         0.5735  SC_ANGLE=         6.0424  SC_DIHED   =         5.4572
 SC_14NB=         0.4879  SC_14EEL=         0.0000  SC_VDW     =         0.0000
 SC_EEL =         0.0000
 SC_RES_DIST=     0.0000  SC_RES_ANG=       0.0000  SC_RES_TORS=         0.0000
 SC_EEL_DER=      0.0000  SC_VDW_DER=       0.1400  SC_DERIV   =         0.1400
 ------------------------------------------------------------------------------


| TI region  2


 NSTEP =   110000   TIME(PS) =     110.000  TEMP(K) =   172.04  PRESS =     0.0
 Etot   =    -80893.9598  EKtot   =     10686.1298  EPtot      =    -91580.0896
 BOND   =     13161.9836  ANGLE   =         0.0000  DIHED      =        -0.0000
 1-4 NB =         0.0000  1-4 EEL =         0.0000  VDWAALS    =     24438.5812
 EELEC  =   -129180.6544  EHBOND  =         0.0000  RESTRAINT  =         0.0000
 DV/DL  =         7.0795
 ------------------------------------------------------------------------------

 NMR restraints: Bond =    0.000   Angle =     0.000   Torsion =     0.000
===============================================================================

| TI region  1


 NSTEP =   115000   TIME(PS) =     115.000  TEMP(K) =   181.64  PRESS =     0.0
 Etot   =    -79845.0842  EKtot   =     11286.2422  EPtot      =    -91131.3264
 BOND   =     13175.8108  ANGLE   =        -0.0000  DIHED      =         0.0000
 1-4 NB =         0.0000  1-4 EEL =         0.0000  VDWAALS    =     24272.3628
 EELEC  =   -128579.5000  EHBOND  =         0.0000  RESTRAINT  =         0.0000
 DV/DL  =         4.3016
 ------------------------------------------------------------------------------

  Softcore part of the system:       7 atoms,       TEMP(K)    =         160.54
 SC_Etot=        15.0838  SC_EKtot=         3.3497  SC_EPtot   =        11.7341
 SC_BOND=         0.7821  SC_ANGLE=         5.1436  SC_DIHED   =         5.2336
 SC_14NB=         0.5748  SC_14EEL=         0.0000  SC_VDW     =         0.0000
 SC_EEL =         0.0000
 SC_RES_DIST=     0.0000  SC_RES_ANG=       0.0000  SC_RES_TORS=         0.0000
 SC_EEL_DER=      0.0000  SC_VDW_DER=      -1.0746  SC_DERIV   =        -1.0746
 ------------------------------------------------------------------------------


| TI region  2


 NSTEP =   115000   TIME(PS) =     115.000  TEMP(K) =   181.65  PRESS =     0.0
 Etot   =    -79848.4340  EKtot   =     11282.8924  EPtot      =    -91131.3264
 BOND   =     13175.8108  ANGLE   =        -0.0000  DIHED      =         0.0000
 1-4 NB =         0.0000  1-4 EEL =         0.0000  VDWAALS    =     24272.3628
 EELEC  =   -128579.5000  EHBOND  =         0.0000  RESTRAINT  =         0.0000
 DV/DL  =         4.3016
 ------------------------------------------------------------------------------

 NMR restraints: Bond =    0.000   Angle =     0.000   Torsion =     0.000
===============================================================================

| TI region  1


 NSTEP =   120000   TIME(PS) =     120.000  TEMP(K) =   187.14  PRESS =     0.0
 Etot   =    -79134.0281  EKtot   =     11628.0117  EPtot      =    -90762.0398
 BOND   =     13255.7094  ANGLE   =         0.0000  DIHED      =        -0.0000
 1-4 NB =         0.0000  1-4 EEL =         0.0000  VDWAALS    =     24127.0451
 EELEC  =   -128144.7943  EHBOND  =         0.0000  RESTRAINT  =         0.0000
 DV/DL  =         4.8693
 ------------------------------------------------------------------------------

  Softcore part of the system:       7 atoms,       TEMP(K)    =         148.21
 SC_Etot=        13.3333  SC_EKtot=         3.0925  SC_EPtot   =        10.2408
 SC_BOND=         0.6579  SC_ANGLE=         4.0423  SC_DIHED   =         5.2999
 SC_14NB=         0.2407  SC_14EEL=         0.0000  SC_VDW     =         0.0000
 SC_EEL =         0.0000
 SC_RES_DIST=     0.0000  SC_RES_ANG=       0.0000  SC_RES_TORS=         0.0000
 SC_EEL_DER=      0.0000  SC_VDW_DER=      -1.2618  SC_DERIV   =        -1.2618
 ------------------------------------------------------------------------------


| TI region  2


 NSTEP =   120000   TIME(PS) =     120.000  TEMP(K) =   187.16  PRESS =     0.0
 Etot   =    -79137.1207  EKtot   =     11624.9192  EPtot      =    -90762.0398
 BOND   =     13255.7094  ANGLE   =         0.0000  DIHED      =        -0.0000
 1-4 NB =         0.0000  1-4 EEL =         0.0000  VDWAALS    =     24127.0451
 EELEC  =   -128144.7943  EHBOND  =         0.0000  RESTRAINT  =         0.0000
 DV/DL  =         4.8693
 ------------------------------------------------------------------------------

 NMR restraints: Bond =    0.000   Angle =     0.000   Torsion =     0.000
===============================================================================

| TI region  1


 NSTEP =   125000   TIME(PS) =     125.000  TEMP(K) =   197.19  PRESS =     0.0
 Etot   =    -77905.0456  EKtot   =     12252.5205  EPtot      =    -90157.5661
 BOND   =     13714.9845  ANGLE   =         0.0000  DIHED      =         0.0000
 1-4 NB =         0.0000  1-4 EEL =         0.0000  VDWAALS    =     24115.9222
 EELEC  =   -127988.4729  EHBOND  =         0.0000  RESTRAINT  =         0.0000
 DV/DL  =         5.2803
 ------------------------------------------------------------------------------

  Softcore part of the system:       7 atoms,       TEMP(K)    =         221.95
 SC_Etot=        15.2027  SC_EKtot=         4.6311  SC_EPtot   =        10.5716
 SC_BOND=         1.0357  SC_ANGLE=         3.9692  SC_DIHED   =         5.2249
 SC_14NB=         0.3419  SC_14EEL=         0.0000  SC_VDW     =         0.0000
 SC_EEL =         0.0000
 SC_RES_DIST=     0.0000  SC_RES_ANG=       0.0000  SC_RES_TORS=         0.0000
 SC_EEL_DER=      0.0000  SC_VDW_DER=      -0.8128  SC_DERIV   =        -0.8128
 ------------------------------------------------------------------------------


| TI region  2


 NSTEP =   125000   TIME(PS) =     125.000  TEMP(K) =   197.19  PRESS =     0.0
 Etot   =    -77909.6767  EKtot   =     12247.8894  EPtot      =    -90157.5661
 BOND   =     13714.9845  ANGLE   =         0.0000  DIHED      =         0.0000
 1-4 NB =         0.0000  1-4 EEL =         0.0000  VDWAALS    =     24115.9222
 EELEC  =   -127988.4729  EHBOND  =         0.0000  RESTRAINT  =         0.0000
 DV/DL  =         5.2803
 ------------------------------------------------------------------------------

 NMR restraints: Bond =    0.000   Angle =     0.000   Torsion =     0.000
===============================================================================

| TI region  1


 NSTEP =   130000   TIME(PS) =     130.000  TEMP(K) =   203.63  PRESS =     0.0
 Etot   =    -76995.9140  EKtot   =     12652.2891  EPtot      =    -89648.2030
 BOND   =     13658.4389  ANGLE   =         0.0000  DIHED      =        -0.0000
 1-4 NB =         0.0000  1-4 EEL =         0.0000  VDWAALS    =     23992.2536
 EELEC  =   -127298.8956  EHBOND  =         0.0000  RESTRAINT  =         0.0000
 DV/DL  =         4.7565
 ------------------------------------------------------------------------------

  Softcore part of the system:       7 atoms,       TEMP(K)    =         148.45
 SC_Etot=        12.7861  SC_EKtot=         3.0974  SC_EPtot   =         9.6887
 SC_BOND=         0.3406  SC_ANGLE=         3.9409  SC_DIHED   =         5.2629
 SC_14NB=         0.1443  SC_14EEL=         0.0000  SC_VDW     =         0.0000
 SC_EEL =         0.0000
 SC_RES_DIST=     0.0000  SC_RES_ANG=       0.0000  SC_RES_TORS=         0.0000
 SC_EEL_DER=      0.0000  SC_VDW_DER=      -0.7528  SC_DERIV   =        -0.7528
 ------------------------------------------------------------------------------


| TI region  2


 NSTEP =   130000   TIME(PS) =     130.000  TEMP(K) =   203.65  PRESS =     0.0
 Etot   =    -76999.0114  EKtot   =     12649.1917  EPtot      =    -89648.2030
 BOND   =     13658.4389  ANGLE   =         0.0000  DIHED      =        -0.0000
 1-4 NB =         0.0000  1-4 EEL =         0.0000  VDWAALS    =     23992.2536
 EELEC  =   -127298.8956  EHBOND  =         0.0000  RESTRAINT  =         0.0000
 DV/DL  =         4.7565
 ------------------------------------------------------------------------------

 NMR restraints: Bond =    0.000   Angle =     0.000   Torsion =     0.000
===============================================================================

| TI region  1


 NSTEP =   135000   TIME(PS) =     135.000  TEMP(K) =   212.14  PRESS =     0.0
 Etot   =    -75913.0906  EKtot   =     13181.5039  EPtot      =    -89094.5945
 BOND   =     13881.4226  ANGLE   =         0.0000  DIHED      =         0.0000
 1-4 NB =         0.0000  1-4 EEL =         0.0000  VDWAALS    =     23668.2183
 EELEC  =   -126644.2354  EHBOND  =         0.0000  RESTRAINT  =         0.0000
 DV/DL  =         5.9516
 ------------------------------------------------------------------------------

  Softcore part of the system:       7 atoms,       TEMP(K)    =         207.23
 SC_Etot=        16.1435  SC_EKtot=         4.3241  SC_EPtot   =        11.8194
 SC_BOND=         1.5292  SC_ANGLE=         4.7524  SC_DIHED   =         5.2848
 SC_14NB=         0.2530  SC_14EEL=         0.0000  SC_VDW     =         0.0000
 SC_EEL =         0.0000
 SC_RES_DIST=     0.0000  SC_RES_ANG=       0.0000  SC_RES_TORS=         0.0000
 SC_EEL_DER=      0.0000  SC_VDW_DER=      -0.0725  SC_DERIV   =        -0.0725
 ------------------------------------------------------------------------------


| TI region  2


 NSTEP =   135000   TIME(PS) =     135.000  TEMP(K) =   212.15  PRESS =     0.0
 Etot   =    -75917.4147  EKtot   =     13177.1798  EPtot      =    -89094.5945
 BOND   =     13881.4226  ANGLE   =         0.0000  DIHED      =         0.0000
 1-4 NB =         0.0000  1-4 EEL =         0.0000  VDWAALS    =     23668.2183
 EELEC  =   -126644.2354  EHBOND  =         0.0000  RESTRAINT  =         0.0000
 DV/DL  =         5.9516
 ------------------------------------------------------------------------------

 NMR restraints: Bond =    0.000   Angle =     0.000   Torsion =     0.000
===============================================================================

| TI region  1


 NSTEP =   140000   TIME(PS) =     140.000  TEMP(K) =   219.29  PRESS =     0.0
 Etot   =    -74937.5555  EKtot   =     13625.2041  EPtot      =    -88562.7596
 BOND   =     13891.1810  ANGLE   =        -0.0000  DIHED      =         0.0000
 1-4 NB =         0.0000  1-4 EEL =         0.0000  VDWAALS    =     23511.7221
 EELEC  =   -125965.6627  EHBOND  =         0.0000  RESTRAINT  =         0.0000
 DV/DL  =         5.9216
 ------------------------------------------------------------------------------

  Softcore part of the system:       7 atoms,       TEMP(K)    =         139.81
 SC_Etot=        16.2618  SC_EKtot=         2.9172  SC_EPtot   =        13.3445
 SC_BOND=         1.1218  SC_ANGLE=         6.5469  SC_DIHED   =         5.3614
 SC_14NB=         0.3144  SC_14EEL=         0.0000  SC_VDW     =         0.0000
 SC_EEL =         0.0000
 SC_RES_DIST=     0.0000  SC_RES_ANG=       0.0000  SC_RES_TORS=         0.0000
 SC_EEL_DER=      0.0000  SC_VDW_DER=      -0.4202  SC_DERIV   =        -0.4202
 ------------------------------------------------------------------------------


| TI region  2


 NSTEP =   140000   TIME(PS) =     140.000  TEMP(K) =   219.31  PRESS =     0.0
 Etot   =    -74940.4727  EKtot   =     13622.2869  EPtot      =    -88562.7596
 BOND   =     13891.1810  ANGLE   =        -0.0000  DIHED      =         0.0000
 1-4 NB =         0.0000  1-4 EEL =         0.0000  VDWAALS    =     23511.7221
 EELEC  =   -125965.6627  EHBOND  =         0.0000  RESTRAINT  =         0.0000
 DV/DL  =         5.9216
 ------------------------------------------------------------------------------

 NMR restraints: Bond =    0.000   Angle =     0.000   Torsion =     0.000
===============================================================================

| TI region  1


 NSTEP =   145000   TIME(PS) =     145.000  TEMP(K) =   229.23  PRESS =     0.0
 Etot   =    -73692.5286  EKtot   =     14242.8066  EPtot      =    -87935.3353
 BOND   =     14206.9744  ANGLE   =        -0.0000  DIHED      =         0.0000
 1-4 NB =         0.0000  1-4 EEL =         0.0000  VDWAALS    =     23439.7305
 EELEC  =   -125582.0402  EHBOND  =         0.0000  RESTRAINT  =         0.0000
 DV/DL  =         5.9002
 ------------------------------------------------------------------------------

  Softcore part of the system:       7 atoms,       TEMP(K)    =         184.52
 SC_Etot=        14.9966  SC_EKtot=         3.8501  SC_EPtot   =        11.1464
 SC_BOND=         1.6157  SC_ANGLE=         3.8229  SC_DIHED   =         5.2176
 SC_14NB=         0.4903  SC_14EEL=         0.0000  SC_VDW     =         0.0000
 SC_EEL =         0.0000
 SC_RES_DIST=     0.0000  SC_RES_ANG=       0.0000  SC_RES_TORS=         0.0000
 SC_EEL_DER=      0.0000  SC_VDW_DER=      -0.8011  SC_DERIV   =        -0.8011
 ------------------------------------------------------------------------------


| TI region  2


 NSTEP =   145000   TIME(PS) =     145.000  TEMP(K) =   229.24  PRESS =     0.0
 Etot   =    -73696.3788  EKtot   =     14238.9565  EPtot      =    -87935.3353
 BOND   =     14206.9744  ANGLE   =        -0.0000  DIHED      =         0.0000
 1-4 NB =         0.0000  1-4 EEL =         0.0000  VDWAALS    =     23439.7305
 EELEC  =   -125582.0402  EHBOND  =         0.0000  RESTRAINT  =         0.0000
 DV/DL  =         5.9002
 ------------------------------------------------------------------------------

 NMR restraints: Bond =    0.000   Angle =     0.000   Torsion =     0.000
===============================================================================

| TI region  1


 NSTEP =   150000   TIME(PS) =     150.000  TEMP(K) =   237.00  PRESS =     0.0
 Etot   =    -72762.7066  EKtot   =     14726.0176  EPtot      =    -87488.7241
 BOND   =     14251.0866  ANGLE   =        -0.0000  DIHED      =        -0.0000
 1-4 NB =         0.0000  1-4 EEL =         0.0000  VDWAALS    =     23124.9308
 EELEC  =   -124864.7415  EHBOND  =         0.0000  RESTRAINT  =         0.0000
 DV/DL  =         5.9376
 ------------------------------------------------------------------------------

  Softcore part of the system:       7 atoms,       TEMP(K)    =         257.34
 SC_Etot=        17.2579  SC_EKtot=         5.3695  SC_EPtot   =        11.8884
 SC_BOND=         2.4195  SC_ANGLE=         3.8004  SC_DIHED   =         5.3670
 SC_14NB=         0.3015  SC_14EEL=         0.0000  SC_VDW     =         0.0000
 SC_EEL =         0.0000
 SC_RES_DIST=     0.0000  SC_RES_ANG=       0.0000  SC_RES_TORS=         0.0000
 SC_EEL_DER=      0.0000  SC_VDW_DER=       0.0675  SC_DERIV   =         0.0675
 ------------------------------------------------------------------------------


| TI region  2


 NSTEP =   150000   TIME(PS) =     150.000  TEMP(K) =   237.00  PRESS =     0.0
 Etot   =    -72768.0761  EKtot   =     14720.6481  EPtot      =    -87488.7241
 BOND   =     14251.0866  ANGLE   =        -0.0000  DIHED      =        -0.0000
 1-4 NB =         0.0000  1-4 EEL =         0.0000  VDWAALS    =     23124.9308
 EELEC  =   -124864.7415  EHBOND  =         0.0000  RESTRAINT  =         0.0000
 DV/DL  =         5.9376
 ------------------------------------------------------------------------------

 NMR restraints: Bond =    0.000   Angle =     0.000   Torsion =     0.000
===============================================================================

| TI region  1


 NSTEP =   155000   TIME(PS) =     155.000  TEMP(K) =   244.53  PRESS =     0.0
 Etot   =    -71691.1446  EKtot   =     15193.5869  EPtot      =    -86884.7315
 BOND   =     14367.4386  ANGLE   =        -0.0000  DIHED      =         0.0000
 1-4 NB =         0.0000  1-4 EEL =         0.0000  VDWAALS    =     22970.9972
 EELEC  =   -124223.1673  EHBOND  =         0.0000  RESTRAINT  =         0.0000
 DV/DL  =         3.0553
 ------------------------------------------------------------------------------

  Softcore part of the system:       7 atoms,       TEMP(K)    =         321.55
 SC_Etot=        22.8434  SC_EKtot=         6.7094  SC_EPtot   =        16.1340
 SC_BOND=         1.2016  SC_ANGLE=         8.6409  SC_DIHED   =         5.2706
 SC_14NB=         1.0210  SC_14EEL=         0.0000  SC_VDW     =         0.0000
 SC_EEL =         0.0000
 SC_RES_DIST=     0.0000  SC_RES_ANG=       0.0000  SC_RES_TORS=         0.0000
 SC_EEL_DER=     -0.0000  SC_VDW_DER=      -1.8739  SC_DERIV   =        -1.8739
 ------------------------------------------------------------------------------


| TI region  2


 NSTEP =   155000   TIME(PS) =     155.000  TEMP(K) =   244.50  PRESS =     0.0
 Etot   =    -71697.8540  EKtot   =     15186.8775  EPtot      =    -86884.7315
 BOND   =     14367.4386  ANGLE   =        -0.0000  DIHED      =         0.0000
 1-4 NB =         0.0000  1-4 EEL =         0.0000  VDWAALS    =     22970.9972
 EELEC  =   -124223.1673  EHBOND  =         0.0000  RESTRAINT  =         0.0000
 DV/DL  =         3.0553
 ------------------------------------------------------------------------------

 NMR restraints: Bond =    0.000   Angle =     0.000   Torsion =     0.000
===============================================================================

| TI region  1


 NSTEP =   160000   TIME(PS) =     160.000  TEMP(K) =   249.56  PRESS =     0.0
 Etot   =    -70716.1619  EKtot   =     15506.1221  EPtot      =    -86222.2840
 BOND   =     14385.8221  ANGLE   =         0.0000  DIHED      =         0.0000
 1-4 NB =         0.0000  1-4 EEL =         0.0000  VDWAALS    =     22934.0707
 EELEC  =   -123542.1768  EHBOND  =         0.0000  RESTRAINT  =         0.0000
 DV/DL  =         6.5223
 ------------------------------------------------------------------------------

  Softcore part of the system:       7 atoms,       TEMP(K)    =         254.26
 SC_Etot=        16.7690  SC_EKtot=         5.3053  SC_EPtot   =        11.4636
 SC_BOND=         1.1362  SC_ANGLE=         4.6807  SC_DIHED   =         5.2221
 SC_14NB=         0.4246  SC_14EEL=         0.0000  SC_VDW     =         0.0000
 SC_EEL =         0.0000
 SC_RES_DIST=     0.0000  SC_RES_ANG=       0.0000  SC_RES_TORS=         0.0000
 SC_EEL_DER=      0.0000  SC_VDW_DER=      -0.9310  SC_DERIV   =        -0.9310
 ------------------------------------------------------------------------------


| TI region  2


 NSTEP =   160000   TIME(PS) =     160.000  TEMP(K) =   249.56  PRESS =     0.0
 Etot   =    -70721.4673  EKtot   =     15500.8167  EPtot      =    -86222.2840
 BOND   =     14385.8221  ANGLE   =         0.0000  DIHED      =         0.0000
 1-4 NB =         0.0000  1-4 EEL =         0.0000  VDWAALS    =     22934.0707
 EELEC  =   -123542.1768  EHBOND  =         0.0000  RESTRAINT  =         0.0000
 DV/DL  =         6.5223
 ------------------------------------------------------------------------------

 NMR restraints: Bond =    0.000   Angle =     0.000   Torsion =     0.000
===============================================================================

| TI region  1


 NSTEP =   165000   TIME(PS) =     165.000  TEMP(K) =   259.95  PRESS =     0.0
 Etot   =    -68980.5784  EKtot   =     16152.0293  EPtot      =    -85132.6077
 BOND   =     14811.2554  ANGLE   =        -0.0000  DIHED      =        -0.0000
 1-4 NB =         0.0000  1-4 EEL =         0.0000  VDWAALS    =     22438.3371
 EELEC  =   -122382.2001  EHBOND  =         0.0000  RESTRAINT  =         0.0000
 DV/DL  =         6.1349
 ------------------------------------------------------------------------------

  Softcore part of the system:       7 atoms,       TEMP(K)    =         342.53
 SC_Etot=        20.1839  SC_EKtot=         7.1470  SC_EPtot   =        13.0369
 SC_BOND=         3.0744  SC_ANGLE=         4.2290  SC_DIHED   =         5.2194
 SC_14NB=         0.5142  SC_14EEL=         0.0000  SC_VDW     =         0.0000
 SC_EEL =         0.0000
 SC_RES_DIST=     0.0000  SC_RES_ANG=       0.0000  SC_RES_TORS=         0.0000
 SC_EEL_DER=      0.0000  SC_VDW_DER=      -0.3734  SC_DERIV   =        -0.3734
 ------------------------------------------------------------------------------


| TI region  2


 NSTEP =   165000   TIME(PS) =     165.000  TEMP(K) =   259.92  PRESS =     0.0
 Etot   =    -68987.7254  EKtot   =     16144.8823  EPtot      =    -85132.6077
 BOND   =     14811.2554  ANGLE   =        -0.0000  DIHED      =        -0.0000
 1-4 NB =         0.0000  1-4 EEL =         0.0000  VDWAALS    =     22438.3371
 EELEC  =   -122382.2001  EHBOND  =         0.0000  RESTRAINT  =         0.0000
 DV/DL  =         6.1349
 ------------------------------------------------------------------------------

 NMR restraints: Bond =    0.000   Angle =     0.000   Torsion =     0.000
===============================================================================

| TI region  1


 NSTEP =   170000   TIME(PS) =     170.000  TEMP(K) =   266.91  PRESS =     0.0
 Etot   =    -67811.1494  EKtot   =     16584.1035  EPtot      =    -84395.2529
 BOND   =     14970.2735  ANGLE   =         0.0000  DIHED      =         0.0000
 1-4 NB =         0.0000  1-4 EEL =         0.0000  VDWAALS    =     22187.6954
 EELEC  =   -121553.2218  EHBOND  =         0.0000  RESTRAINT  =         0.0000
 DV/DL  =         3.1664
 ------------------------------------------------------------------------------

  Softcore part of the system:       7 atoms,       TEMP(K)    =         229.03
 SC_Etot=        14.3545  SC_EKtot=         4.7789  SC_EPtot   =         9.5756
 SC_BOND=         0.3204  SC_ANGLE=         3.7734  SC_DIHED   =         5.2527
 SC_14NB=         0.2291  SC_14EEL=         0.0000  SC_VDW     =         0.0000
 SC_EEL =         0.0000
 SC_RES_DIST=     0.0000  SC_RES_ANG=       0.0000  SC_RES_TORS=         0.0000
 SC_EEL_DER=      0.0000  SC_VDW_DER=      -3.2939  SC_DERIV   =        -3.2939
 ------------------------------------------------------------------------------


| TI region  2


 NSTEP =   170000   TIME(PS) =     170.000  TEMP(K) =   266.92  PRESS =     0.0
 Etot   =    -67815.9283  EKtot   =     16579.3247  EPtot      =    -84395.2529
 BOND   =     14970.2735  ANGLE   =         0.0000  DIHED      =         0.0000
 1-4 NB =         0.0000  1-4 EEL =         0.0000  VDWAALS    =     22187.6954
 EELEC  =   -121553.2218  EHBOND  =         0.0000  RESTRAINT  =         0.0000
 DV/DL  =         3.1664
 ------------------------------------------------------------------------------

 NMR restraints: Bond =    0.000   Angle =     0.000   Torsion =     0.000
===============================================================================

| TI region  1


 NSTEP =   175000   TIME(PS) =     175.000  TEMP(K) =   272.35  PRESS =     0.0
 Etot   =    -66851.7086  EKtot   =     16922.5391  EPtot      =    -83774.2477
 BOND   =     14974.5795  ANGLE   =         0.0000  DIHED      =        -0.0000
 1-4 NB =         0.0000  1-4 EEL =         0.0000  VDWAALS    =     22129.2989
 EELEC  =   -120878.1261  EHBOND  =         0.0000  RESTRAINT  =         0.0000
 DV/DL  =         5.4092
 ------------------------------------------------------------------------------

  Softcore part of the system:       7 atoms,       TEMP(K)    =         200.38
 SC_Etot=        14.0794  SC_EKtot=         4.1810  SC_EPtot   =         9.8984
 SC_BOND=         0.5024  SC_ANGLE=         3.6511  SC_DIHED   =         5.2262
 SC_14NB=         0.5187  SC_14EEL=         0.0000  SC_VDW     =         0.0000
 SC_EEL =         0.0000
 SC_RES_DIST=     0.0000  SC_RES_ANG=       0.0000  SC_RES_TORS=         0.0000
 SC_EEL_DER=      0.0000  SC_VDW_DER=      -1.8032  SC_DERIV   =        -1.8032
 ------------------------------------------------------------------------------


| TI region  2


 NSTEP =   175000   TIME(PS) =     175.000  TEMP(K) =   272.38  PRESS =     0.0
 Etot   =    -66855.8897  EKtot   =     16918.3580  EPtot      =    -83774.2477
 BOND   =     14974.5795  ANGLE   =         0.0000  DIHED      =        -0.0000
 1-4 NB =         0.0000  1-4 EEL =         0.0000  VDWAALS    =     22129.2989
 EELEC  =   -120878.1261  EHBOND  =         0.0000  RESTRAINT  =         0.0000
 DV/DL  =         5.4092
 ------------------------------------------------------------------------------

 NMR restraints: Bond =    0.000   Angle =     0.000   Torsion =     0.000
===============================================================================

| TI region  1


 NSTEP =   180000   TIME(PS) =     180.000  TEMP(K) =   283.65  PRESS =     0.0
 Etot   =    -64767.3480  EKtot   =     17624.2129  EPtot      =    -82391.5609
 BOND   =     15205.6158  ANGLE   =        -0.0000  DIHED      =        -0.0000
 1-4 NB =         0.0000  1-4 EEL =         0.0000  VDWAALS    =     21596.6245
 EELEC  =   -119193.8012  EHBOND  =         0.0000  RESTRAINT  =         0.0000
 DV/DL  =         6.3527
 ------------------------------------------------------------------------------

  Softcore part of the system:       7 atoms,       TEMP(K)    =         358.85
 SC_Etot=        18.8988  SC_EKtot=         7.4876  SC_EPtot   =        11.4112
 SC_BOND=         1.0613  SC_ANGLE=         4.5229  SC_DIHED   =         5.4883
 SC_14NB=         0.3387  SC_14EEL=         0.0000  SC_VDW     =         0.0000
 SC_EEL =         0.0000
 SC_RES_DIST=     0.0000  SC_RES_ANG=       0.0000  SC_RES_TORS=         0.0000
 SC_EEL_DER=     -0.0000  SC_VDW_DER=      -0.6650  SC_DERIV   =        -0.6650
 ------------------------------------------------------------------------------


| TI region  2


 NSTEP =   180000   TIME(PS) =     180.000  TEMP(K) =   283.62  PRESS =     0.0
 Etot   =    -64774.8356  EKtot   =     17616.7252  EPtot      =    -82391.5609
 BOND   =     15205.6158  ANGLE   =        -0.0000  DIHED      =        -0.0000
 1-4 NB =         0.0000  1-4 EEL =         0.0000  VDWAALS    =     21596.6245
 EELEC  =   -119193.8012  EHBOND  =         0.0000  RESTRAINT  =         0.0000
 DV/DL  =         6.3527
 ------------------------------------------------------------------------------

 NMR restraints: Bond =    0.000   Angle =     0.000   Torsion =     0.000
===============================================================================

| TI region  1


 NSTEP =   185000   TIME(PS) =     185.000  TEMP(K) =   290.40  PRESS =     0.0
 Etot   =    -63520.9001  EKtot   =     18043.5996  EPtot      =    -81564.4997
 BOND   =     15156.9670  ANGLE   =        -0.0000  DIHED      =        -0.0000
 1-4 NB =         0.0000  1-4 EEL =         0.0000  VDWAALS    =     21182.7847
 EELEC  =   -117904.2515  EHBOND  =         0.0000  RESTRAINT  =         0.0000
 DV/DL  =         8.0148
 ------------------------------------------------------------------------------

  Softcore part of the system:       7 atoms,       TEMP(K)    =         412.86
 SC_Etot=        19.7821  SC_EKtot=         8.6145  SC_EPtot   =        11.1676
 SC_BOND=         1.5640  SC_ANGLE=         3.8644  SC_DIHED   =         5.3539
 SC_14NB=         0.3853  SC_14EEL=         0.0000  SC_VDW     =         0.0000
 SC_EEL =         0.0000
 SC_RES_DIST=     0.0000  SC_RES_ANG=       0.0000  SC_RES_TORS=         0.0000
 SC_EEL_DER=      0.0000  SC_VDW_DER=      -1.2642  SC_DERIV   =        -1.2642
 ------------------------------------------------------------------------------


| TI region  2


 NSTEP =   185000   TIME(PS) =     185.000  TEMP(K) =   290.35  PRESS =     0.0
 Etot   =    -63529.5146  EKtot   =     18034.9851  EPtot      =    -81564.4997
 BOND   =     15156.9670  ANGLE   =        -0.0000  DIHED      =        -0.0000
 1-4 NB =         0.0000  1-4 EEL =         0.0000  VDWAALS    =     21182.7847
 EELEC  =   -117904.2515  EHBOND  =         0.0000  RESTRAINT  =         0.0000
 DV/DL  =         8.0148
 ------------------------------------------------------------------------------

 NMR restraints: Bond =    0.000   Angle =     0.000   Torsion =     0.000
===============================================================================

| TI region  1


 NSTEP =   190000   TIME(PS) =     190.000  TEMP(K) =   298.00  PRESS =     0.0
 Etot   =    -62037.0079  EKtot   =     18516.2598  EPtot      =    -80553.2677
 BOND   =     15078.5958  ANGLE   =        -0.0000  DIHED      =         0.0000
 1-4 NB =         0.0000  1-4 EEL =         0.0000  VDWAALS    =     20667.7583
 EELEC  =   -116299.6218  EHBOND  =         0.0000  RESTRAINT  =         0.0000
 DV/DL  =         2.7952
 ------------------------------------------------------------------------------

  Softcore part of the system:       7 atoms,       TEMP(K)    =         331.39
 SC_Etot=        19.8496  SC_EKtot=         6.9146  SC_EPtot   =        12.9350
 SC_BOND=         2.3633  SC_ANGLE=         5.1657  SC_DIHED   =         5.2276
 SC_14NB=         0.1785  SC_14EEL=         0.0000  SC_VDW     =         0.0000
 SC_EEL =         0.0000
 SC_RES_DIST=     0.0000  SC_RES_ANG=       0.0000  SC_RES_TORS=         0.0000
 SC_EEL_DER=      0.0000  SC_VDW_DER=      -4.4305  SC_DERIV   =        -4.4305
 ------------------------------------------------------------------------------


| TI region  2


 NSTEP =   190000   TIME(PS) =     190.000  TEMP(K) =   297.99  PRESS =     0.0
 Etot   =    -62043.9225  EKtot   =     18509.3452  EPtot      =    -80553.2677
 BOND   =     15078.5958  ANGLE   =        -0.0000  DIHED      =         0.0000
 1-4 NB =         0.0000  1-4 EEL =         0.0000  VDWAALS    =     20667.7583
 EELEC  =   -116299.6218  EHBOND  =         0.0000  RESTRAINT  =         0.0000
 DV/DL  =         2.7952
 ------------------------------------------------------------------------------

 NMR restraints: Bond =    0.000   Angle =     0.000   Torsion =     0.000
===============================================================================

| TI region  1


 NSTEP =   195000   TIME(PS) =     195.000  TEMP(K) =   301.11  PRESS =     0.0
 Etot   =    -60990.9150  EKtot   =     18709.1641  EPtot      =    -79700.0790
 BOND   =     15074.9502  ANGLE   =        -0.0000  DIHED      =        -0.0000
 1-4 NB =         0.0000  1-4 EEL =         0.0000  VDWAALS    =     20483.8129
 EELEC  =   -115258.8421  EHBOND  =         0.0000  RESTRAINT  =         0.0000
 DV/DL  =         7.0980
 ------------------------------------------------------------------------------

  Softcore part of the system:       7 atoms,       TEMP(K)    =         169.88
 SC_Etot=        16.9023  SC_EKtot=         3.5447  SC_EPtot   =        13.3576
 SC_BOND=         1.6997  SC_ANGLE=         5.5293  SC_DIHED   =         5.4355
 SC_14NB=         0.6931  SC_14EEL=         0.0000  SC_VDW     =         0.0000
 SC_EEL =         0.0000
 SC_RES_DIST=     0.0000  SC_RES_ANG=       0.0000  SC_RES_TORS=         0.0000
 SC_EEL_DER=      0.0000  SC_VDW_DER=      -0.2452  SC_DERIV   =        -0.2452
 ------------------------------------------------------------------------------


| TI region  2


 NSTEP =   195000   TIME(PS) =     195.000  TEMP(K) =   301.15  PRESS =     0.0
 Etot   =    -60994.4596  EKtot   =     18705.6194  EPtot      =    -79700.0790
 BOND   =     15074.9502  ANGLE   =        -0.0000  DIHED      =        -0.0000
 1-4 NB =         0.0000  1-4 EEL =         0.0000  VDWAALS    =     20483.8129
 EELEC  =   -115258.8421  EHBOND  =         0.0000  RESTRAINT  =         0.0000
 DV/DL  =         7.0980
 ------------------------------------------------------------------------------

 NMR restraints: Bond =    0.000   Angle =     0.000   Torsion =     0.000
===============================================================================

| TI region  1


 NSTEP =   200000   TIME(PS) =     200.000  TEMP(K) =   299.59  PRESS =     0.0
 Etot   =    -61203.9315  EKtot   =     18614.6328  EPtot      =    -79818.5643
 BOND   =     15082.8025  ANGLE   =         0.0000  DIHED      =        -0.0000
 1-4 NB =         0.0000  1-4 EEL =         0.0000  VDWAALS    =     20202.1306
 EELEC  =   -115103.4974  EHBOND  =         0.0000  RESTRAINT  =         0.0000
 DV/DL  =         2.8684
 ------------------------------------------------------------------------------

  Softcore part of the system:       7 atoms,       TEMP(K)    =         222.77
 SC_Etot=        15.9827  SC_EKtot=         4.6481  SC_EPtot   =        11.3346
 SC_BOND=         1.7697  SC_ANGLE=         4.1203  SC_DIHED   =         5.2328
 SC_14NB=         0.2118  SC_14EEL=         0.0000  SC_VDW     =         0.0000
 SC_EEL =         0.0000
 SC_RES_DIST=     0.0000  SC_RES_ANG=       0.0000  SC_RES_TORS=         0.0000
 SC_EEL_DER=      0.0000  SC_VDW_DER=      -3.5672  SC_DERIV   =        -3.5672
 ------------------------------------------------------------------------------


| TI region  2


 NSTEP =   200000   TIME(PS) =     200.000  TEMP(K) =   299.61  PRESS =     0.0
 Etot   =    -61208.5796  EKtot   =     18609.9847  EPtot      =    -79818.5643
 BOND   =     15082.8025  ANGLE   =         0.0000  DIHED      =        -0.0000
 1-4 NB =         0.0000  1-4 EEL =         0.0000  VDWAALS    =     20202.1306
 EELEC  =   -115103.4974  EHBOND  =         0.0000  RESTRAINT  =         0.0000
 DV/DL  =         2.8684
 ------------------------------------------------------------------------------

 NMR restraints: Bond =    0.000   Angle =     0.000   Torsion =     0.000
===============================================================================

| TI region  1


      A V E R A G E S   O V E R      40 S T E P S


 NSTEP =   200000   TIME(PS) =     200.000  TEMP(K) =   160.43  PRESS =     0.0
 Etot   =    -81518.6730  EKtot   =      9968.5237  EPtot      =    -91487.1967
 BOND   =     12767.4774  ANGLE   =        -0.0000  DIHED      =        -0.0000
 1-4 NB =         0.0000  1-4 EEL =         0.0000  VDWAALS    =     24044.0987
 EELEC  =   -128298.7728  EHBOND  =         0.0000  RESTRAINT  =         0.0000
 DV/DL  =         5.7793
 ------------------------------------------------------------------------------

 NMR restraints: Bond =    0.000   Angle =     0.000   Torsion =     0.000
===============================================================================
  Softcore part of the system:       7 atoms,       TEMP(K)    =         152.22
 SC_Etot=        13.7282  SC_EKtot=         3.1762  SC_EPtot   =        10.5519
 SC_BOND=         0.9090  SC_ANGLE=         4.0263  SC_DIHED   =         5.2689
 SC_14NB=         0.3477  SC_14EEL=         0.0000  SC_VDW     =         0.0000
 SC_EEL =         0.0000
 SC_RES_DIST=     0.0000  SC_RES_ANG=       0.0000  SC_RES_TORS=         0.0000
 SC_EEL_DER=      0.0000  SC_VDW_DER=      -0.9721  SC_DERIV   =        -0.9721
 ------------------------------------------------------------------------------


      R M S  F L U C T U A T I O N S


 NSTEP =   200000   TIME(PS) =     200.000  TEMP(K) =    89.95  PRESS =     0.0
 Etot   =     11538.7538  EKtot   =      5589.1251  EPtot      =      5991.5111
 BOND   =      1736.1599  ANGLE   =         0.0000  DIHED      =         0.0000
 1-4 NB =         0.0000  1-4 EEL =         0.0000  VDWAALS    =      1577.5923
 EELEC  =      5893.2842  EHBOND  =         0.0000  RESTRAINT  =         0.0000
 DV/DL  =         1.6054
 ------------------------------------------------------------------------------

  Softcore part of the system:       7 atoms,       TEMP(K)    =         103.81
 SC_Etot=         3.5177  SC_EKtot=         2.1660  SC_EPtot   =         1.6658
 SC_BOND=         0.6983  SC_ANGLE=         1.1332  SC_DIHED   =         0.0711
 SC_14NB=         0.1626  SC_14EEL=         0.0000  SC_VDW     =         0.0000
 SC_EEL =         0.0000
 SC_RES_DIST=     0.0000  SC_RES_ANG=       0.0000  SC_RES_TORS=         0.0000
 SC_EEL_DER=      0.0000  SC_VDW_DER=       1.1449  SC_DERIV   =         1.1449
 ------------------------------------------------------------------------------


| TI region  2


      A V E R A G E S   O V E R      40 S T E P S


 NSTEP =   200000   TIME(PS) =     200.000  TEMP(K) =   160.44  PRESS =     0.0
 Etot   =    -81521.8493  EKtot   =      9965.3475  EPtot      =    -91487.1967
 BOND   =     12767.4774  ANGLE   =        -0.0000  DIHED      =        -0.0000
 1-4 NB =         0.0000  1-4 EEL =         0.0000  VDWAALS    =     24044.0987
 EELEC  =   -128298.7728  EHBOND  =         0.0000  RESTRAINT  =         0.0000
 DV/DL  =         5.7793
 ------------------------------------------------------------------------------

 NMR restraints: Bond =    0.000   Angle =     0.000   Torsion =     0.000
===============================================================================

      R M S  F L U C T U A T I O N S


 NSTEP =   200000   TIME(PS) =     200.000  TEMP(K) =    89.95  PRESS =     0.0
 Etot   =     11536.8989  EKtot   =      5587.2618  EPtot      =      5991.5111
 BOND   =      1736.1599  ANGLE   =         0.0000  DIHED      =         0.0000
 1-4 NB =         0.0000  1-4 EEL =         0.0000  VDWAALS    =      1577.5923
 EELEC  =      5893.2842  EHBOND  =         0.0000  RESTRAINT  =         0.0000
 DV/DL  =         1.6054
 ------------------------------------------------------------------------------


      DV/DL, AVERAGES OVER      40 STEPS


 NSTEP =   200000   TIME(PS) =     200.000  TEMP(K) =    89.95  PRESS =     0.0
 Etot   =         0.0000  EKtot   =         0.0000  EPtot      =         5.7793
 BOND   =         0.0000  ANGLE   =         0.0000  DIHED      =         0.0000
 1-4 NB =         0.0000  1-4 EEL =         0.0000  VDWAALS    =         6.7514
 EELEC  =         0.0000  EHBOND  =         0.0000  RESTRAINT  =         0.0000
 DV/DL  =         5.7793
 ------------------------------------------------------------------------------


 NMR restraints on final step:

--------------------------------------------------------------------------------
   5.  TIMINGS
--------------------------------------------------------------------------------

|  NonSetup CPU Time in Major Routines:
|
|     Routine           Sec        %
|     ------------------------------
|     Nonbond         147.73   29.91
|     Bond              0.00    0.00
|     Angle             0.00    0.00
|     Dihedral          0.00    0.00
|     Shake             0.00    0.00
|     RunMD           345.59   69.97
|     Other             0.56    0.11
|     ------------------------------
|     Total           493.88

|  PME Nonbond Pairlist CPU Time:
|
|     Routine              Sec        %
|     ---------------------------------
|     Set Up Cit           0.00    0.00
|     Build List           0.00    0.00
|     ---------------------------------
|     Total                0.00    0.00

|  PME Direct Force CPU Time:
|
|     Routine              Sec        %
|     ---------------------------------
|     NonBonded Calc       0.00    0.00
|     Exclude Masked       0.00    0.00
|     Other                0.39    0.08
|     ---------------------------------
|     Total                0.39    0.08

|  PME Reciprocal Force CPU Time:
|
|     Routine              Sec        %
|     ---------------------------------
|     1D bspline           0.00    0.00
|     Grid Charges         0.00    0.00
|     Scalar Sum           0.00    0.00
|     Gradient Sum         0.00    0.00
|     FFT                  0.00    0.00
|     ---------------------------------
|     Total                0.00    0.00

|  Final Performance Info:
|     -----------------------------------------------------
|     Average timings for last       1 steps:
|     Elapsed(s) =       0.00 Per Step(ms) =       2.03
|         ns/day =      42.64   seconds/ns =    2026.12
|
|     Average timings for all steps:
|     Elapsed(s) =     499.45 Per Step(ms) =       2.50
|         ns/day =      34.60   seconds/ns =    2497.24
|     -----------------------------------------------------

|  Setup CPU time:            0.55 seconds
|  NonSetup CPU time:       493.88 seconds
|  Total CPU time:          494.43 seconds     0.14 hours

|  Setup wall time:           1    seconds
|  NonSetup wall time:      499    seconds
|  Total wall time:         500    seconds     0.14 hours
