
          -------------------------------------------------------
          Amber 18 PMEMD                              2018
          -------------------------------------------------------

| PMEMD implementation of SANDER, Release 18

| Run on 06/13/2020 at 15:55:38

|   Executable path: /opt/software/Amber/18-foss-2018b-AmberTools-19/bin/pmemd.cuda
| Working directory: /mnt/gs18/scratch/users/songlin3/run/1264_optimization/acetate/two_steps_tip3p/step2/0.79366
|          Hostname: lac-083

  [-O]verwriting output

File Assignments:
|   MDIN: heat.in                                                               
|  MDOUT: heat.out                                                              
| INPCRD: min.rst                                                               
|   PARM: step2.prmtop                                                          
| RESTRT: heat.rst                                                              
|   REFC: min.rst                                                               
|  MDVEL: mdvel                                                                 
|   MDEN: mden                                                                  
|  MDCRD: heat.netcdf                                                           
| MDINFO: heat.mdinfo                                                           
|  MDFRC: mdfrc                                                                 


 Here is the input file:

nvt for free MD                                                                
 &cntrl                                                                        
  imin=0,                                                                      
  irest=0,                                                                     
  ntx=1,                                                                       
  ig=-1,                                                                       
  nstlim=200000,                                                               
  dt=0.001,                                                                    
  cut=10.0,                                                                    
  ntc=1,                                                                       
  ntf=1,                                                                       
  ntb=1,                                                                       
  ntt=3,                                                                       
  gamma_ln=2.0,                                                                
  tempi=0.0,                                                                   
  temp0=300.0,                                                                 
  ntpr=5000,                                                                   
  ntwr=5000,                                                                   
  ntwx=10000,                                                                  
  ntwv=0,                                                                      
  ioutfm=1,                                                                    
  iwrap=0,                                                                     
  nmropt=1,                                                                    
  ifsc = 1, icfe=1,                                                            
  clambda=0.79366,                                                             
  timask1=':1', scmask1=':1', scmask2='',                                      
  timask2='', crgmask = ':1',                                                  
/                                                                              
&wt TYPE='TEMP0', istep1=0, istep2=190000, value1=0.0, value2=300.0 /          
&wt TYPE='TEMP0', istep1=190001, istep2=200000, value1=300.0, value2=300.0 /   
&wt TYPE='DUMPFREQ', istep1=10000, /                                           
&wt TYPE='END', /                                                              


Note: ig = -1. Setting random seed to   175122 based on wallclock time in 
      microseconds.
| irandom = 1, using AMBER's internal random number generator (default).
 
|--------------------- INFORMATION ----------------------
| GPU (CUDA) Version of PMEMD in use: NVIDIA GPU IN USE.
|                    Version 18.0.0
| 
|                      03/25/2018
| 
| Implementation by:
|                    Ross C. Walker     (SDSC)
|                    Scott Le Grand     (nVIDIA)
| 
| Version 18 performance extensions by:
|                    David Cerutti     (Rutgers)
| 
| Precision model in use:
|      [SPFP] - Single Precision Forces, 64-bit Fixed Point
|               Accumulation. (Default)
| 
|--------------------------------------------------------
 
|----------------- CITATION INFORMATION -----------------
|
|    When publishing work that utilized the CUDA version
|    of AMBER, please cite the following in addition to
|    the regular AMBER citations:
|
|  - Romelia Salomon-Ferrer; Andreas W. Goetz; Duncan
|    Poole; Scott Le Grand; Ross C. Walker "Routine
|    microsecond molecular dynamics simulations with
|    AMBER - Part II: Particle Mesh Ewald", J. Chem.
|    Theory Comput., 2013, 9 (9), pp3878-3888,
|    DOI: 10.1021/ct400314y.
|
|  - Andreas W. Goetz; Mark J. Williamson; Dong Xu;
|    Duncan Poole; Scott Le Grand; Ross C. Walker
|    "Routine microsecond molecular dynamics simulations
|    with AMBER - Part I: Generalized Born", J. Chem.
|    Theory Comput., 2012, 8 (5), pp1542-1555.
|
|  - Scott Le Grand; Andreas W. Goetz; Ross C. Walker
|    "SPFP: Speed without compromise - a mixed precision
|    model for GPU accelerated molecular dynamics
|    simulations.", Comp. Phys. Comm., 2013, 184
|    pp374-380, DOI: 10.1016/j.cpc.2012.09.022
|
|    When publishing work that utilized the CUDA version
|    of TI, BAR, MBAR or FEP please cite the following 
|    three publications in addition to the regular AMBER 
|    GPU citations:
|
|  - Daniel J. Mermelstein; Charles Lin; Gard Nelson; 
|    Rachael Kretsch; J. Andrew McCammon; Ross C. Walker
|    "Fast and Flexible GPU Accelerated Binding 
|    Free Energy Calculations within the AMBER Molecular
|    Dynamics Package" J. Comp. Chem., 2018,
|    DOI: 10.1002/jcc.25187
|
|  - Tai-Sung Lee; Yuan Hu; Brad Sherborne; Zhuyan Guo;
|    Darrin M. York
|    "Toward Fast and Accurate Binding Affinity Prediction with
|    pmemdGTI: An Efficient Implementation of GPU-Accelerated
|    Thermodynamic Integration"
|    J. Chem. Theory Comput., 2017, 13 (7), 3077
|
|
|--------------------------------------------------------
 
|------------------- GPU DEVICE INFO --------------------
|
|            CUDA_VISIBLE_DEVICES: 0
|   CUDA Capable Devices Detected:      1
|           CUDA Device ID in use:      0
|                CUDA Device Name: Tesla K80
|     CUDA Device Global Mem Size:  12206 MB
| CUDA Device Num Multiprocessors:     13
|           CUDA Device Core Freq:   0.82 GHz
|
|--------------------------------------------------------
 
 
| Conditional Compilation Defines Used:
| PUBFFT
| BINTRAJ
| CUDA
| EMIL

| Largest sphere to fit in unit cell has radius =    27.333

| New format PARM file being parsed.
| Version =    1.000 Date = 06/13/20 Time = 15:23:41

| Note: 1-4 EEL scale factors are being read from the topology file.

| Note: 1-4 VDW scale factors are being read from the topology file.
| Duplicated    0 dihedrals

| Duplicated    0 dihedrals

--------------------------------------------------------------------------------
   1.  RESOURCE   USE: 
--------------------------------------------------------------------------------

 getting box info from netcdf restart file
 NATOM  =   20848 NTYPES =       6 NBONH =   20844 MBONA  =       3
 NTHETH =       6 MTHETA =       3 NPHIH =      12 MPHIA  =       1
 NHPARM =       0 NPARM  =       0 NNB   =   27810 NRES   =    6948
 NBONA  =       3 NTHETA =       3 NPHIA =       1 NUMBND =       5
 NUMANG =       4 NPTRA  =       3 NATYP =       6 NPHB   =       1
 IFBOX  =       2 NMXRS  =       7 IFCAP =       0 NEXTRA =       0
 NCOPY  =       0

| Coordinate Index Table dimensions:    10   10   10
| Direct force subcell size =     6.6953    6.6953    6.6953

     BOX TYPE: TRUNCATED OCTAHEDRON

--------------------------------------------------------------------------------
   2.  CONTROL  DATA  FOR  THE  RUN
--------------------------------------------------------------------------------

default_name                                                                    

General flags:
     imin    =       0, nmropt  =       1

Nature and format of input:
     ntx     =       1, irest   =       0, ntrx    =       1

Nature and format of output:
     ntxo    =       2, ntpr    =    5000, ntrx    =       1, ntwr    =    5000
     iwrap   =       0, ntwx    =   10000, ntwv    =       0, ntwe    =       0
     ioutfm  =       1, ntwprt  =       0, idecomp =       0, rbornstat=      0

Potential function:
     ntf     =       1, ntb     =       1, igb     =       0, nsnb    =      25
     ipol    =       0, gbsa    =       0, iesp    =       0
     dielc   =   1.00000, cut     =  10.00000, intdiel =   1.00000

Frozen or restrained atoms:
     ibelly  =       0, ntr     =       0

Molecular dynamics:
     nstlim  =    200000, nscm    =      1000, nrespa  =         1
     t       =   0.00000, dt      =   0.00100, vlimit  =  -1.00000

Langevin dynamics temperature regulation:
     ig      =  175122
     temp0   = 300.00000, tempi   =   0.00000, gamma_ln=   2.00000

NMR refinement options:
     iscale  =       0, noeskp  =       1, ipnlty  =       1, mxsub   =       1
     scalm   = 100.00000, pencut  =   0.10000, tausw   =   0.10000

Free energy options:
     icfe    =       1, ifsc    =       1, klambda =       1
     clambda =  0.7937, scalpha =  0.5000, scbeta  = 12.0000
     sceeorder =       2
     dynlmb =  0.0000 logdvdl =       0

| Intermolecular bonds treatment:
|     no_intermolecular_bonds =       1

| Energy averages sample interval:
|     ene_avg_sampling =    5000

Ewald parameters:
     verbose =       0, ew_type =       0, nbflag  =       1, use_pme =       1
     vdwmeth =       1, eedmeth =       1, netfrc  =       1
     Box X =   66.953   Box Y =   66.953   Box Z =   66.953
     Alpha =  109.471   Beta  =  109.471   Gamma =  109.471
     NFFT1 =   64       NFFT2 =   64       NFFT3 =   64
     Cutoff=   10.000   Tol   =0.100E-04
     Ewald Coefficient =  0.27511
     Interpolation order =    4
     TI Mask 1 :1; matches      7 atoms
     TI Mask 2  matches      0 atoms
     TI region 1:   20848 atoms
     TI region 2:   20841 atoms
     SC Mask 1 :1; matches      7 atoms
Removing charge of      -0.8188 from atom       1
Removing charge of      -0.8188 from atom       2
Removing charge of       0.8054 from atom       3
Removing charge of      -0.1021 from atom       4
Removing charge of      -0.0219 from atom       5
Removing charge of      -0.0219 from atom       6
Removing charge of      -0.0219 from atom       7
Total charge of  -0.99999900 removed from       7 atoms
    No charge on TI atoms. Skipping extra recip sum.

--------------------------------------------------------------------------------
   3.  ATOMIC COORDINATES AND VELOCITIES
--------------------------------------------------------------------------------

default_name                                                                    
 begin time read from input coords =     0.000 ps



           Begin reading energy term weight changes/NMR restraints
 WEIGHT CHANGES:
 TEMP0         0 190000    0.000000  300.000000      0      0
 TEMP0    190001 200000  300.000000  300.000000      0      0
 DUMPFREQ  10000      0    0.000000    0.000000      0      0

 RESTRAINTS:
                          ** No restraint defined **

                  Done reading weight changes/NMR restraints


 
 Number of triangulated 3-point waters found:     6947
 Number of shake restraints removed in TI region  1 :        0
 Number of shake restraints removed in TI region  2 :        0

     Sum of charges for TI region  1 =   0.00000000
     Forcing neutrality...


     Sum of charges for TI region  2 =   0.00000000
     Forcing neutrality...

| Dynamic Memory, Types Used:
| Reals              914983
| Integers           792606

| Nonbonded Pairs Initial Allocation:     6305998

| GPU memory information (estimate):
| KB of GPU memory in use:         0
| KB of CPU memory in use:         0

--------------------------------------------------------------------------------
   4.  RESULTS
--------------------------------------------------------------------------------

   DOF for the SC part  1 of the system:   21

| TI region  1


 NSTEP =        0   TIME(PS) =       0.000  TEMP(K) =     0.00  PRESS =     0.0
 Etot   =    -88374.2424  EKtot   =         0.0000  EPtot      =    -88374.2424
 BOND   =      7074.5024  ANGLE   =        -0.0000  DIHED      =        -0.0000
 1-4 NB =         0.0000  1-4 EEL =         0.0000  VDWAALS    =     18730.7869
 EELEC  =   -114179.5318  EHBOND  =         0.0000  RESTRAINT  =         0.0000
 DV/DL  =         5.0906
 ------------------------------------------------------------------------------

  Softcore part of the system:       7 atoms,       TEMP(K)    =           0.00
 SC_Etot=         8.3324  SC_EKtot=         0.0000  SC_EPtot   =         8.3324
 SC_BOND=         0.0109  SC_ANGLE=         2.7862  SC_DIHED   =         5.2200
 SC_14NB=         0.3153  SC_14EEL=         0.0000  SC_VDW     =         0.0000
 SC_EEL =         0.0000
 SC_RES_DIST=     0.0000  SC_RES_ANG=       0.0000  SC_RES_TORS=         0.0000
 SC_EEL_DER=      0.0000  SC_VDW_DER=       0.0300  SC_DERIV   =         0.0300
 ------------------------------------------------------------------------------


| TI region  2


 NSTEP =        0   TIME(PS) =       0.000  TEMP(K) =     0.00  PRESS =     0.0
 Etot   =    -88374.2424  EKtot   =         0.0000  EPtot      =    -88374.2424
 BOND   =      7074.5024  ANGLE   =        -0.0000  DIHED      =        -0.0000
 1-4 NB =         0.0000  1-4 EEL =         0.0000  VDWAALS    =     18730.7869
 EELEC  =   -114179.5318  EHBOND  =         0.0000  RESTRAINT  =         0.0000
 DV/DL  =         5.0906
 ------------------------------------------------------------------------------

 NMR restraints: Bond =    0.000   Angle =     0.000   Torsion =     0.000
===============================================================================

| TI region  1


 NSTEP =     5000   TIME(PS) =       5.000  TEMP(K) =     7.37  PRESS =     0.0
 Etot   =    -88354.6826  EKtot   =       457.8075  EPtot      =    -88812.4902
 BOND   =      7397.9038  ANGLE   =         0.0000  DIHED      =        -0.0000
 1-4 NB =         0.0000  1-4 EEL =         0.0000  VDWAALS    =     19516.2306
 EELEC  =   -115726.6246  EHBOND  =         0.0000  RESTRAINT  =         0.0000
 DV/DL  =         6.7027
 ------------------------------------------------------------------------------

  Softcore part of the system:       7 atoms,       TEMP(K)    =           6.89
 SC_Etot=         8.5687  SC_EKtot=         0.1438  SC_EPtot   =         8.4249
 SC_BOND=         0.0666  SC_ANGLE=         2.8307  SC_DIHED   =         5.2216
 SC_14NB=         0.3060  SC_14EEL=         0.0000  SC_VDW     =         0.0000
 SC_EEL =         0.0000
 SC_RES_DIST=     0.0000  SC_RES_ANG=       0.0000  SC_RES_TORS=         0.0000
 SC_EEL_DER=      0.0000  SC_VDW_DER=      -0.1483  SC_DERIV   =        -0.1483
 ------------------------------------------------------------------------------


| TI region  2


 NSTEP =     5000   TIME(PS) =       5.000  TEMP(K) =     7.37  PRESS =     0.0
 Etot   =    -88354.8264  EKtot   =       457.6637  EPtot      =    -88812.4902
 BOND   =      7397.9038  ANGLE   =         0.0000  DIHED      =        -0.0000
 1-4 NB =         0.0000  1-4 EEL =         0.0000  VDWAALS    =     19516.2306
 EELEC  =   -115726.6246  EHBOND  =         0.0000  RESTRAINT  =         0.0000
 DV/DL  =         6.7027
 ------------------------------------------------------------------------------

 NMR restraints: Bond =    0.000   Angle =     0.000   Torsion =     0.000
===============================================================================

| TI region  1


 NSTEP =    10000   TIME(PS) =      10.000  TEMP(K) =    15.22  PRESS =     0.0
 Etot   =    -87588.6075  EKtot   =       945.8287  EPtot      =    -88534.4362
 BOND   =      7615.5132  ANGLE   =        -0.0000  DIHED      =        -0.0000
 1-4 NB =         0.0000  1-4 EEL =         0.0000  VDWAALS    =     19563.0911
 EELEC  =   -115713.0405  EHBOND  =         0.0000  RESTRAINT  =         0.0000
 DV/DL  =         6.8420
 ------------------------------------------------------------------------------

  Softcore part of the system:       7 atoms,       TEMP(K)    =          22.24
 SC_Etot=         9.0572  SC_EKtot=         0.4641  SC_EPtot   =         8.5931
 SC_BOND=         0.1426  SC_ANGLE=         2.9042  SC_DIHED   =         5.2095
 SC_14NB=         0.3368  SC_14EEL=         0.0000  SC_VDW     =         0.0000
 SC_EEL =         0.0000
 SC_RES_DIST=     0.0000  SC_RES_ANG=       0.0000  SC_RES_TORS=         0.0000
 SC_EEL_DER=      0.0000  SC_VDW_DER=      -0.1264  SC_DERIV   =        -0.1264
 ------------------------------------------------------------------------------


| TI region  2


 NSTEP =    10000   TIME(PS) =      10.000  TEMP(K) =    15.22  PRESS =     0.0
 Etot   =    -87589.0716  EKtot   =       945.3646  EPtot      =    -88534.4362
 BOND   =      7615.5132  ANGLE   =        -0.0000  DIHED      =        -0.0000
 1-4 NB =         0.0000  1-4 EEL =         0.0000  VDWAALS    =     19563.0911
 EELEC  =   -115713.0405  EHBOND  =         0.0000  RESTRAINT  =         0.0000
 DV/DL  =         6.8420
 ------------------------------------------------------------------------------

 NMR restraints: Bond =    0.000   Angle =     0.000   Torsion =     0.000
===============================================================================

| TI region  1


 NSTEP =    15000   TIME(PS) =      15.000  TEMP(K) =    23.39  PRESS =     0.0
 Etot   =    -86722.1417  EKtot   =      1453.7576  EPtot      =    -88175.8992
 BOND   =      7779.4869  ANGLE   =        -0.0000  DIHED      =         0.0000
 1-4 NB =         0.0000  1-4 EEL =         0.0000  VDWAALS    =     19544.6487
 EELEC  =   -115500.0348  EHBOND  =         0.0000  RESTRAINT  =         0.0000
 DV/DL  =         6.3111
 ------------------------------------------------------------------------------

  Softcore part of the system:       7 atoms,       TEMP(K)    =          21.39
 SC_Etot=         9.0863  SC_EKtot=         0.4463  SC_EPtot   =         8.6399
 SC_BOND=         0.0304  SC_ANGLE=         3.0181  SC_DIHED   =         5.2672
 SC_14NB=         0.3242  SC_14EEL=         0.0000  SC_VDW     =         0.0000
 SC_EEL =         0.0000
 SC_RES_DIST=     0.0000  SC_RES_ANG=       0.0000  SC_RES_TORS=         0.0000
 SC_EEL_DER=      0.0000  SC_VDW_DER=      -0.2107  SC_DERIV   =        -0.2107
 ------------------------------------------------------------------------------


| TI region  2


 NSTEP =    15000   TIME(PS) =      15.000  TEMP(K) =    23.39  PRESS =     0.0
 Etot   =    -86722.5880  EKtot   =      1453.3112  EPtot      =    -88175.8992
 BOND   =      7779.4869  ANGLE   =        -0.0000  DIHED      =         0.0000
 1-4 NB =         0.0000  1-4 EEL =         0.0000  VDWAALS    =     19544.6487
 EELEC  =   -115500.0348  EHBOND  =         0.0000  RESTRAINT  =         0.0000
 DV/DL  =         6.3111
 ------------------------------------------------------------------------------

 NMR restraints: Bond =    0.000   Angle =     0.000   Torsion =     0.000
===============================================================================

| TI region  1


 NSTEP =    20000   TIME(PS) =      20.000  TEMP(K) =    30.89  PRESS =     0.0
 Etot   =    -85881.6952  EKtot   =      1919.6807  EPtot      =    -87801.3759
 BOND   =      7993.1875  ANGLE   =         0.0000  DIHED      =        -0.0000
 1-4 NB =         0.0000  1-4 EEL =         0.0000  VDWAALS    =     19497.9177
 EELEC  =   -115292.4810  EHBOND  =         0.0000  RESTRAINT  =         0.0000
 DV/DL  =         4.9608
 ------------------------------------------------------------------------------

  Softcore part of the system:       7 atoms,       TEMP(K)    =          40.65
 SC_Etot=         9.6398  SC_EKtot=         0.8481  SC_EPtot   =         8.7916
 SC_BOND=         0.3236  SC_ANGLE=         2.8879  SC_DIHED   =         5.2288
 SC_14NB=         0.3514  SC_14EEL=         0.0000  SC_VDW     =         0.0000
 SC_EEL =         0.0000
 SC_RES_DIST=     0.0000  SC_RES_ANG=       0.0000  SC_RES_TORS=         0.0000
 SC_EEL_DER=      0.0000  SC_VDW_DER=      -0.8246  SC_DERIV   =        -0.8246
 ------------------------------------------------------------------------------


| TI region  2


 NSTEP =    20000   TIME(PS) =      20.000  TEMP(K) =    30.89  PRESS =     0.0
 Etot   =    -85882.5433  EKtot   =      1918.8325  EPtot      =    -87801.3759
 BOND   =      7993.1875  ANGLE   =         0.0000  DIHED      =        -0.0000
 1-4 NB =         0.0000  1-4 EEL =         0.0000  VDWAALS    =     19497.9177
 EELEC  =   -115292.4810  EHBOND  =         0.0000  RESTRAINT  =         0.0000
 DV/DL  =         4.9608
 ------------------------------------------------------------------------------

 NMR restraints: Bond =    0.000   Angle =     0.000   Torsion =     0.000
===============================================================================

| TI region  1


 NSTEP =    25000   TIME(PS) =      25.000  TEMP(K) =    38.98  PRESS =     0.0
 Etot   =    -84977.5088  EKtot   =      2422.3020  EPtot      =    -87399.8108
 BOND   =      8163.1206  ANGLE   =         0.0000  DIHED      =         0.0000
 1-4 NB =         0.0000  1-4 EEL =         0.0000  VDWAALS    =     19434.0537
 EELEC  =   -114996.9850  EHBOND  =         0.0000  RESTRAINT  =         0.0000
 DV/DL  =         4.0872
 ------------------------------------------------------------------------------

  Softcore part of the system:       7 atoms,       TEMP(K)    =          74.30
 SC_Etot=        10.4710  SC_EKtot=         1.5504  SC_EPtot   =         8.9206
 SC_BOND=         0.0991  SC_ANGLE=         3.2144  SC_DIHED   =         5.2337
 SC_14NB=         0.3734  SC_14EEL=         0.0000  SC_VDW     =         0.0000
 SC_EEL =         0.0000
 SC_RES_DIST=     0.0000  SC_RES_ANG=       0.0000  SC_RES_TORS=         0.0000
 SC_EEL_DER=      0.0000  SC_VDW_DER=      -0.3749  SC_DERIV   =        -0.3749
 ------------------------------------------------------------------------------


| TI region  2


 NSTEP =    25000   TIME(PS) =      25.000  TEMP(K) =    38.97  PRESS =     0.0
 Etot   =    -84979.0592  EKtot   =      2420.7516  EPtot      =    -87399.8108
 BOND   =      8163.1206  ANGLE   =         0.0000  DIHED      =         0.0000
 1-4 NB =         0.0000  1-4 EEL =         0.0000  VDWAALS    =     19434.0537
 EELEC  =   -114996.9850  EHBOND  =         0.0000  RESTRAINT  =         0.0000
 DV/DL  =         4.0872
 ------------------------------------------------------------------------------

 NMR restraints: Bond =    0.000   Angle =     0.000   Torsion =     0.000
===============================================================================

| TI region  1


 NSTEP =    30000   TIME(PS) =      30.000  TEMP(K) =    46.68  PRESS =     0.0
 Etot   =    -84089.8341  EKtot   =      2901.1321  EPtot      =    -86990.9662
 BOND   =      8284.0320  ANGLE   =        -0.0000  DIHED      =        -0.0000
 1-4 NB =         0.0000  1-4 EEL =         0.0000  VDWAALS    =     19462.6708
 EELEC  =   -114737.6690  EHBOND  =         0.0000  RESTRAINT  =         0.0000
 DV/DL  =         5.5628
 ------------------------------------------------------------------------------

  Softcore part of the system:       7 atoms,       TEMP(K)    =          74.62
 SC_Etot=        10.6698  SC_EKtot=         1.5570  SC_EPtot   =         9.1128
 SC_BOND=         0.6189  SC_ANGLE=         2.9970  SC_DIHED   =         5.2256
 SC_14NB=         0.2713  SC_14EEL=         0.0000  SC_VDW     =         0.0000
 SC_EEL =         0.0000
 SC_RES_DIST=     0.0000  SC_RES_ANG=       0.0000  SC_RES_TORS=         0.0000
 SC_EEL_DER=      0.0000  SC_VDW_DER=       0.0029  SC_DERIV   =         0.0029
 ------------------------------------------------------------------------------


| TI region  2


 NSTEP =    30000   TIME(PS) =      30.000  TEMP(K) =    46.68  PRESS =     0.0
 Etot   =    -84091.3911  EKtot   =      2899.5751  EPtot      =    -86990.9662
 BOND   =      8284.0320  ANGLE   =        -0.0000  DIHED      =        -0.0000
 1-4 NB =         0.0000  1-4 EEL =         0.0000  VDWAALS    =     19462.6708
 EELEC  =   -114737.6690  EHBOND  =         0.0000  RESTRAINT  =         0.0000
 DV/DL  =         5.5628
 ------------------------------------------------------------------------------

 NMR restraints: Bond =    0.000   Angle =     0.000   Torsion =     0.000
===============================================================================

| TI region  1


 NSTEP =    35000   TIME(PS) =      35.000  TEMP(K) =    54.44  PRESS =     0.0
 Etot   =    -83246.3177  EKtot   =      3382.7883  EPtot      =    -86629.1060
 BOND   =      8467.8812  ANGLE   =         0.0000  DIHED      =        -0.0000
 1-4 NB =         0.0000  1-4 EEL =         0.0000  VDWAALS    =     19465.5039
 EELEC  =   -114562.4912  EHBOND  =         0.0000  RESTRAINT  =         0.0000
 DV/DL  =         6.0357
 ------------------------------------------------------------------------------

  Softcore part of the system:       7 atoms,       TEMP(K)    =          76.11
 SC_Etot=        10.5277  SC_EKtot=         1.5881  SC_EPtot   =         8.9396
 SC_BOND=         0.5342  SC_ANGLE=         2.9007  SC_DIHED   =         5.2183
 SC_14NB=         0.2863  SC_14EEL=         0.0000  SC_VDW     =         0.0000
 SC_EEL =         0.0000
 SC_RES_DIST=     0.0000  SC_RES_ANG=       0.0000  SC_RES_TORS=         0.0000
 SC_EEL_DER=      0.0000  SC_VDW_DER=      -0.6390  SC_DERIV   =        -0.6390
 ------------------------------------------------------------------------------


| TI region  2


 NSTEP =    35000   TIME(PS) =      35.000  TEMP(K) =    54.43  PRESS =     0.0
 Etot   =    -83247.9058  EKtot   =      3381.2002  EPtot      =    -86629.1060
 BOND   =      8467.8812  ANGLE   =         0.0000  DIHED      =        -0.0000
 1-4 NB =         0.0000  1-4 EEL =         0.0000  VDWAALS    =     19465.5039
 EELEC  =   -114562.4912  EHBOND  =         0.0000  RESTRAINT  =         0.0000
 DV/DL  =         6.0357
 ------------------------------------------------------------------------------

 NMR restraints: Bond =    0.000   Angle =     0.000   Torsion =     0.000
===============================================================================

| TI region  1


 NSTEP =    40000   TIME(PS) =      40.000  TEMP(K) =    62.73  PRESS =     0.0
 Etot   =    -82351.0498  EKtot   =      3898.0405  EPtot      =    -86249.0903
 BOND   =      8628.7919  ANGLE   =        -0.0000  DIHED      =         0.0000
 1-4 NB =         0.0000  1-4 EEL =         0.0000  VDWAALS    =     19548.2596
 EELEC  =   -114426.1418  EHBOND  =         0.0000  RESTRAINT  =         0.0000
 DV/DL  =         4.3782
 ------------------------------------------------------------------------------

  Softcore part of the system:       7 atoms,       TEMP(K)    =          70.60
 SC_Etot=        10.7397  SC_EKtot=         1.4731  SC_EPtot   =         9.2665
 SC_BOND=         0.3847  SC_ANGLE=         3.3736  SC_DIHED   =         5.2260
 SC_14NB=         0.2822  SC_14EEL=         0.0000  SC_VDW     =         0.0000
 SC_EEL =         0.0000
 SC_RES_DIST=     0.0000  SC_RES_ANG=       0.0000  SC_RES_TORS=         0.0000
 SC_EEL_DER=      0.0000  SC_VDW_DER=      -0.7423  SC_DERIV   =        -0.7423
 ------------------------------------------------------------------------------


| TI region  2


 NSTEP =    40000   TIME(PS) =      40.000  TEMP(K) =    62.72  PRESS =     0.0
 Etot   =    -82352.5229  EKtot   =      3896.5674  EPtot      =    -86249.0903
 BOND   =      8628.7919  ANGLE   =        -0.0000  DIHED      =         0.0000
 1-4 NB =         0.0000  1-4 EEL =         0.0000  VDWAALS    =     19548.2596
 EELEC  =   -114426.1418  EHBOND  =         0.0000  RESTRAINT  =         0.0000
 DV/DL  =         4.3782
 ------------------------------------------------------------------------------

 NMR restraints: Bond =    0.000   Angle =     0.000   Torsion =     0.000
===============================================================================

| TI region  1


 NSTEP =    45000   TIME(PS) =      45.000  TEMP(K) =    70.47  PRESS =     0.0
 Etot   =    -81483.6467  EKtot   =      4379.1035  EPtot      =    -85862.7502
 BOND   =      8919.1681  ANGLE   =         0.0000  DIHED      =        -0.0000
 1-4 NB =         0.0000  1-4 EEL =         0.0000  VDWAALS    =     19621.3808
 EELEC  =   -114403.2992  EHBOND  =         0.0000  RESTRAINT  =         0.0000
 DV/DL  =         5.9832
 ------------------------------------------------------------------------------

  Softcore part of the system:       7 atoms,       TEMP(K)    =         109.60
 SC_Etot=        11.5899  SC_EKtot=         2.2869  SC_EPtot   =         9.3029
 SC_BOND=         0.3804  SC_ANGLE=         3.4172  SC_DIHED   =         5.2841
 SC_14NB=         0.2211  SC_14EEL=         0.0000  SC_VDW     =         0.0000
 SC_EEL =         0.0000
 SC_RES_DIST=     0.0000  SC_RES_ANG=       0.0000  SC_RES_TORS=         0.0000
 SC_EEL_DER=      0.0000  SC_VDW_DER=      -0.2919  SC_DERIV   =        -0.2919
 ------------------------------------------------------------------------------


| TI region  2


 NSTEP =    45000   TIME(PS) =      45.000  TEMP(K) =    70.45  PRESS =     0.0
 Etot   =    -81485.9336  EKtot   =      4376.8166  EPtot      =    -85862.7502
 BOND   =      8919.1681  ANGLE   =         0.0000  DIHED      =        -0.0000
 1-4 NB =         0.0000  1-4 EEL =         0.0000  VDWAALS    =     19621.3808
 EELEC  =   -114403.2992  EHBOND  =         0.0000  RESTRAINT  =         0.0000
 DV/DL  =         5.9832
 ------------------------------------------------------------------------------

 NMR restraints: Bond =    0.000   Angle =     0.000   Torsion =     0.000
===============================================================================

| TI region  1


 NSTEP =    50000   TIME(PS) =      50.000  TEMP(K) =    78.34  PRESS =     0.0
 Etot   =    -80635.8656  EKtot   =      4868.0557  EPtot      =    -85503.9213
 BOND   =      9168.5295  ANGLE   =        -0.0000  DIHED      =        -0.0000
 1-4 NB =         0.0000  1-4 EEL =         0.0000  VDWAALS    =     19773.5560
 EELEC  =   -114446.0068  EHBOND  =         0.0000  RESTRAINT  =         0.0000
 DV/DL  =         5.7156
 ------------------------------------------------------------------------------

  Softcore part of the system:       7 atoms,       TEMP(K)    =          64.15
 SC_Etot=        10.2089  SC_EKtot=         1.3385  SC_EPtot   =         8.8704
 SC_BOND=         0.0945  SC_ANGLE=         3.2257  SC_DIHED   =         5.2681
 SC_14NB=         0.2820  SC_14EEL=         0.0000  SC_VDW     =         0.0000
 SC_EEL =         0.0000
 SC_RES_DIST=     0.0000  SC_RES_ANG=       0.0000  SC_RES_TORS=         0.0000
 SC_EEL_DER=      0.0000  SC_VDW_DER=      -0.2696  SC_DERIV   =        -0.2696
 ------------------------------------------------------------------------------


| TI region  2


 NSTEP =    50000   TIME(PS) =      50.000  TEMP(K) =    78.34  PRESS =     0.0
 Etot   =    -80637.2041  EKtot   =      4866.7172  EPtot      =    -85503.9213
 BOND   =      9168.5295  ANGLE   =        -0.0000  DIHED      =        -0.0000
 1-4 NB =         0.0000  1-4 EEL =         0.0000  VDWAALS    =     19773.5560
 EELEC  =   -114446.0068  EHBOND  =         0.0000  RESTRAINT  =         0.0000
 DV/DL  =         5.7156
 ------------------------------------------------------------------------------

 NMR restraints: Bond =    0.000   Angle =     0.000   Torsion =     0.000
===============================================================================

| TI region  1


 NSTEP =    55000   TIME(PS) =      55.000  TEMP(K) =    86.59  PRESS =     0.0
 Etot   =    -79650.7384  EKtot   =      5381.2183  EPtot      =    -85031.9567
 BOND   =      9283.5825  ANGLE   =        -0.0000  DIHED      =        -0.0000
 1-4 NB =         0.0000  1-4 EEL =         0.0000  VDWAALS    =     19523.7165
 EELEC  =   -113839.2557  EHBOND  =         0.0000  RESTRAINT  =         0.0000
 DV/DL  =         5.0473
 ------------------------------------------------------------------------------

  Softcore part of the system:       7 atoms,       TEMP(K)    =         127.91
 SC_Etot=        13.8446  SC_EKtot=         2.6690  SC_EPtot   =        11.1756
 SC_BOND=         0.8549  SC_ANGLE=         4.2037  SC_DIHED   =         5.2589
 SC_14NB=         0.8580  SC_14EEL=         0.0000  SC_VDW     =         0.0000
 SC_EEL =         0.0000
 SC_RES_DIST=     0.0000  SC_RES_ANG=       0.0000  SC_RES_TORS=         0.0000
 SC_EEL_DER=      0.0000  SC_VDW_DER=      -0.0494  SC_DERIV   =        -0.0494
 ------------------------------------------------------------------------------


| TI region  2


 NSTEP =    55000   TIME(PS) =      55.000  TEMP(K) =    86.58  PRESS =     0.0
 Etot   =    -79653.4073  EKtot   =      5378.5493  EPtot      =    -85031.9567
 BOND   =      9283.5825  ANGLE   =        -0.0000  DIHED      =        -0.0000
 1-4 NB =         0.0000  1-4 EEL =         0.0000  VDWAALS    =     19523.7165
 EELEC  =   -113839.2557  EHBOND  =         0.0000  RESTRAINT  =         0.0000
 DV/DL  =         5.0473
 ------------------------------------------------------------------------------

 NMR restraints: Bond =    0.000   Angle =     0.000   Torsion =     0.000
===============================================================================

| TI region  1


 NSTEP =    60000   TIME(PS) =      60.000  TEMP(K) =    94.06  PRESS =     0.0
 Etot   =    -78920.5841  EKtot   =      5845.0996  EPtot      =    -84765.6837
 BOND   =      9521.2477  ANGLE   =         0.0000  DIHED      =         0.0000
 1-4 NB =         0.0000  1-4 EEL =         0.0000  VDWAALS    =     19576.2459
 EELEC  =   -113863.1774  EHBOND  =         0.0000  RESTRAINT  =         0.0000
 DV/DL  =         3.2370
 ------------------------------------------------------------------------------

  Softcore part of the system:       7 atoms,       TEMP(K)    =          99.41
 SC_Etot=        12.2579  SC_EKtot=         2.0742  SC_EPtot   =        10.1837
 SC_BOND=         1.2571  SC_ANGLE=         3.3079  SC_DIHED   =         5.2188
 SC_14NB=         0.3999  SC_14EEL=         0.0000  SC_VDW     =         0.0000
 SC_EEL =         0.0000
 SC_RES_DIST=     0.0000  SC_RES_ANG=       0.0000  SC_RES_TORS=         0.0000
 SC_EEL_DER=      0.0000  SC_VDW_DER=      -1.8956  SC_DERIV   =        -1.8956
 ------------------------------------------------------------------------------


| TI region  2


 NSTEP =    60000   TIME(PS) =      60.000  TEMP(K) =    94.06  PRESS =     0.0
 Etot   =    -78922.6583  EKtot   =      5843.0254  EPtot      =    -84765.6837
 BOND   =      9521.2477  ANGLE   =         0.0000  DIHED      =         0.0000
 1-4 NB =         0.0000  1-4 EEL =         0.0000  VDWAALS    =     19576.2459
 EELEC  =   -113863.1774  EHBOND  =         0.0000  RESTRAINT  =         0.0000
 DV/DL  =         3.2370
 ------------------------------------------------------------------------------

 NMR restraints: Bond =    0.000   Angle =     0.000   Torsion =     0.000
===============================================================================

| TI region  1


 NSTEP =    65000   TIME(PS) =      65.000  TEMP(K) =   101.33  PRESS =     0.0
 Etot   =    -78028.7332  EKtot   =      6297.0215  EPtot      =    -84325.7547
 BOND   =      9582.1232  ANGLE   =        -0.0000  DIHED      =        -0.0000
 1-4 NB =         0.0000  1-4 EEL =         0.0000  VDWAALS    =     19373.3653
 EELEC  =   -113281.2432  EHBOND  =         0.0000  RESTRAINT  =         0.0000
 DV/DL  =         5.3125
 ------------------------------------------------------------------------------

  Softcore part of the system:       7 atoms,       TEMP(K)    =         157.04
 SC_Etot=        12.6451  SC_EKtot=         3.2767  SC_EPtot   =         9.3684
 SC_BOND=         0.9554  SC_ANGLE=         2.8854  SC_DIHED   =         5.2142
 SC_14NB=         0.3134  SC_14EEL=         0.0000  SC_VDW     =         0.0000
 SC_EEL =         0.0000
 SC_RES_DIST=     0.0000  SC_RES_ANG=       0.0000  SC_RES_TORS=         0.0000
 SC_EEL_DER=      0.0000  SC_VDW_DER=      -0.1926  SC_DERIV   =        -0.1926
 ------------------------------------------------------------------------------


| TI region  2


 NSTEP =    65000   TIME(PS) =      65.000  TEMP(K) =   101.31  PRESS =     0.0
 Etot   =    -78032.0099  EKtot   =      6293.7448  EPtot      =    -84325.7547
 BOND   =      9582.1232  ANGLE   =        -0.0000  DIHED      =        -0.0000
 1-4 NB =         0.0000  1-4 EEL =         0.0000  VDWAALS    =     19373.3653
 EELEC  =   -113281.2432  EHBOND  =         0.0000  RESTRAINT  =         0.0000
 DV/DL  =         5.3125
 ------------------------------------------------------------------------------

 NMR restraints: Bond =    0.000   Angle =     0.000   Torsion =     0.000
===============================================================================

| TI region  1


 NSTEP =    70000   TIME(PS) =      70.000  TEMP(K) =   110.59  PRESS =     0.0
 Etot   =    -77056.6477  EKtot   =      6872.5327  EPtot      =    -83929.1804
 BOND   =      9752.5226  ANGLE   =         0.0000  DIHED      =        -0.0000
 1-4 NB =         0.0000  1-4 EEL =         0.0000  VDWAALS    =     19541.1231
 EELEC  =   -113222.8261  EHBOND  =         0.0000  RESTRAINT  =         0.0000
 DV/DL  =         5.5976
 ------------------------------------------------------------------------------

  Softcore part of the system:       7 atoms,       TEMP(K)    =         124.52
 SC_Etot=        11.9831  SC_EKtot=         2.5981  SC_EPtot   =         9.3850
 SC_BOND=         0.1457  SC_ANGLE=         3.7358  SC_DIHED   =         5.2022
 SC_14NB=         0.3013  SC_14EEL=         0.0000  SC_VDW     =         0.0000
 SC_EEL =         0.0000
 SC_RES_DIST=     0.0000  SC_RES_ANG=       0.0000  SC_RES_TORS=         0.0000
 SC_EEL_DER=      0.0000  SC_VDW_DER=      -0.4370  SC_DERIV   =        -0.4370
 ------------------------------------------------------------------------------


| TI region  2


 NSTEP =    70000   TIME(PS) =      70.000  TEMP(K) =   110.59  PRESS =     0.0
 Etot   =    -77059.2458  EKtot   =      6869.9346  EPtot      =    -83929.1804
 BOND   =      9752.5226  ANGLE   =         0.0000  DIHED      =        -0.0000
 1-4 NB =         0.0000  1-4 EEL =         0.0000  VDWAALS    =     19541.1231
 EELEC  =   -113222.8261  EHBOND  =         0.0000  RESTRAINT  =         0.0000
 DV/DL  =         5.5976
 ------------------------------------------------------------------------------

 NMR restraints: Bond =    0.000   Angle =     0.000   Torsion =     0.000
===============================================================================

| TI region  1


 NSTEP =    75000   TIME(PS) =      75.000  TEMP(K) =   117.11  PRESS =     0.0
 Etot   =    -76188.1340  EKtot   =      7277.8447  EPtot      =    -83465.9788
 BOND   =      9890.7544  ANGLE   =         0.0000  DIHED      =        -0.0000
 1-4 NB =         0.0000  1-4 EEL =         0.0000  VDWAALS    =     19436.4859
 EELEC  =   -112793.2191  EHBOND  =         0.0000  RESTRAINT  =         0.0000
 DV/DL  =         5.1337
 ------------------------------------------------------------------------------

  Softcore part of the system:       7 atoms,       TEMP(K)    =          95.60
 SC_Etot=        11.4301  SC_EKtot=         1.9948  SC_EPtot   =         9.4352
 SC_BOND=         0.3326  SC_ANGLE=         3.6088  SC_DIHED   =         5.2207
 SC_14NB=         0.2731  SC_14EEL=         0.0000  SC_VDW     =         0.0000
 SC_EEL =         0.0000
 SC_RES_DIST=     0.0000  SC_RES_ANG=       0.0000  SC_RES_TORS=         0.0000
 SC_EEL_DER=      0.0000  SC_VDW_DER=      -0.0059  SC_DERIV   =        -0.0059
 ------------------------------------------------------------------------------


| TI region  2


 NSTEP =    75000   TIME(PS) =      75.000  TEMP(K) =   117.12  PRESS =     0.0
 Etot   =    -76190.1289  EKtot   =      7275.8499  EPtot      =    -83465.9788
 BOND   =      9890.7544  ANGLE   =         0.0000  DIHED      =        -0.0000
 1-4 NB =         0.0000  1-4 EEL =         0.0000  VDWAALS    =     19436.4859
 EELEC  =   -112793.2191  EHBOND  =         0.0000  RESTRAINT  =         0.0000
 DV/DL  =         5.1337
 ------------------------------------------------------------------------------

 NMR restraints: Bond =    0.000   Angle =     0.000   Torsion =     0.000
===============================================================================

| TI region  1


 NSTEP =    80000   TIME(PS) =      80.000  TEMP(K) =   124.71  PRESS =     0.0
 Etot   =    -75287.2073  EKtot   =      7749.9951  EPtot      =    -83037.2024
 BOND   =     10206.4574  ANGLE   =        -0.0000  DIHED      =        -0.0000
 1-4 NB =         0.0000  1-4 EEL =         0.0000  VDWAALS    =     19371.7286
 EELEC  =   -112615.3884  EHBOND  =         0.0000  RESTRAINT  =         0.0000
 DV/DL  =         5.2218
 ------------------------------------------------------------------------------

  Softcore part of the system:       7 atoms,       TEMP(K)    =         136.10
 SC_Etot=        11.9990  SC_EKtot=         2.8398  SC_EPtot   =         9.1592
 SC_BOND=         0.5489  SC_ANGLE=         3.0779  SC_DIHED   =         5.2239
 SC_14NB=         0.3086  SC_14EEL=         0.0000  SC_VDW     =         0.0000
 SC_EEL =         0.0000
 SC_RES_DIST=     0.0000  SC_RES_ANG=       0.0000  SC_RES_TORS=         0.0000
 SC_EEL_DER=      0.0000  SC_VDW_DER=      -0.1642  SC_DERIV   =        -0.1642
 ------------------------------------------------------------------------------


| TI region  2


 NSTEP =    80000   TIME(PS) =      80.000  TEMP(K) =   124.71  PRESS =     0.0
 Etot   =    -75290.0471  EKtot   =      7747.1553  EPtot      =    -83037.2024
 BOND   =     10206.4574  ANGLE   =        -0.0000  DIHED      =        -0.0000
 1-4 NB =         0.0000  1-4 EEL =         0.0000  VDWAALS    =     19371.7286
 EELEC  =   -112615.3884  EHBOND  =         0.0000  RESTRAINT  =         0.0000
 DV/DL  =         5.2218
 ------------------------------------------------------------------------------

 NMR restraints: Bond =    0.000   Angle =     0.000   Torsion =     0.000
===============================================================================

| TI region  1


 NSTEP =    85000   TIME(PS) =      85.000  TEMP(K) =   133.74  PRESS =     0.0
 Etot   =    -74233.8248  EKtot   =      8310.9209  EPtot      =    -82544.7457
 BOND   =     10290.4214  ANGLE   =         0.0000  DIHED      =        -0.0000
 1-4 NB =         0.0000  1-4 EEL =         0.0000  VDWAALS    =     19123.0323
 EELEC  =   -111958.1994  EHBOND  =         0.0000  RESTRAINT  =         0.0000
 DV/DL  =         4.8182
 ------------------------------------------------------------------------------

  Softcore part of the system:       7 atoms,       TEMP(K)    =          87.96
 SC_Etot=        11.8299  SC_EKtot=         1.8353  SC_EPtot   =         9.9947
 SC_BOND=         0.3371  SC_ANGLE=         3.7515  SC_DIHED   =         5.2354
 SC_14NB=         0.6707  SC_14EEL=         0.0000  SC_VDW     =         0.0000
 SC_EEL =         0.0000
 SC_RES_DIST=     0.0000  SC_RES_ANG=       0.0000  SC_RES_TORS=         0.0000
 SC_EEL_DER=      0.0000  SC_VDW_DER=      -0.4823  SC_DERIV   =        -0.4823
 ------------------------------------------------------------------------------


| TI region  2


 NSTEP =    85000   TIME(PS) =      85.000  TEMP(K) =   133.75  PRESS =     0.0
 Etot   =    -74235.6601  EKtot   =      8309.0856  EPtot      =    -82544.7457
 BOND   =     10290.4214  ANGLE   =         0.0000  DIHED      =        -0.0000
 1-4 NB =         0.0000  1-4 EEL =         0.0000  VDWAALS    =     19123.0323
 EELEC  =   -111958.1994  EHBOND  =         0.0000  RESTRAINT  =         0.0000
 DV/DL  =         4.8182
 ------------------------------------------------------------------------------

 NMR restraints: Bond =    0.000   Angle =     0.000   Torsion =     0.000
===============================================================================

| TI region  1


 NSTEP =    90000   TIME(PS) =      90.000  TEMP(K) =   141.34  PRESS =     0.0
 Etot   =    -73366.3140  EKtot   =      8783.1973  EPtot      =    -82149.5112
 BOND   =     10573.6768  ANGLE   =        -0.0000  DIHED      =        -0.0000
 1-4 NB =         0.0000  1-4 EEL =         0.0000  VDWAALS    =     19055.7499
 EELEC  =   -111778.9379  EHBOND  =         0.0000  RESTRAINT  =         0.0000
 DV/DL  =         0.9195
 ------------------------------------------------------------------------------

  Softcore part of the system:       7 atoms,       TEMP(K)    =         177.95
 SC_Etot=        14.3783  SC_EKtot=         3.7130  SC_EPtot   =        10.6653
 SC_BOND=         0.7256  SC_ANGLE=         4.5057  SC_DIHED   =         5.2718
 SC_14NB=         0.1622  SC_14EEL=         0.0000  SC_VDW     =         0.0000
 SC_EEL =         0.0000
 SC_RES_DIST=     0.0000  SC_RES_ANG=       0.0000  SC_RES_TORS=         0.0000
 SC_EEL_DER=      0.0000  SC_VDW_DER=      -2.0244  SC_DERIV   =        -2.0244
 ------------------------------------------------------------------------------


| TI region  2


 NSTEP =    90000   TIME(PS) =      90.000  TEMP(K) =   141.33  PRESS =     0.0
 Etot   =    -73370.0270  EKtot   =      8779.4842  EPtot      =    -82149.5112
 BOND   =     10573.6768  ANGLE   =        -0.0000  DIHED      =        -0.0000
 1-4 NB =         0.0000  1-4 EEL =         0.0000  VDWAALS    =     19055.7499
 EELEC  =   -111778.9379  EHBOND  =         0.0000  RESTRAINT  =         0.0000
 DV/DL  =         0.9195
 ------------------------------------------------------------------------------

 NMR restraints: Bond =    0.000   Angle =     0.000   Torsion =     0.000
===============================================================================

| TI region  1


 NSTEP =    95000   TIME(PS) =      95.000  TEMP(K) =   147.27  PRESS =     0.0
 Etot   =    -72420.0824  EKtot   =      9151.7549  EPtot      =    -81571.8373
 BOND   =     10596.5280  ANGLE   =         0.0000  DIHED      =         0.0000
 1-4 NB =         0.0000  1-4 EEL =         0.0000  VDWAALS    =     19006.7777
 EELEC  =   -111175.1430  EHBOND  =         0.0000  RESTRAINT  =         0.0000
 DV/DL  =         5.5911
 ------------------------------------------------------------------------------

  Softcore part of the system:       7 atoms,       TEMP(K)    =          96.56
 SC_Etot=        12.4918  SC_EKtot=         2.0149  SC_EPtot   =        10.4770
 SC_BOND=         0.4587  SC_ANGLE=         4.5024  SC_DIHED   =         5.2141
 SC_14NB=         0.3018  SC_14EEL=         0.0000  SC_VDW     =         0.0000
 SC_EEL =         0.0000
 SC_RES_DIST=     0.0000  SC_RES_ANG=       0.0000  SC_RES_TORS=         0.0000
 SC_EEL_DER=      0.0000  SC_VDW_DER=      -0.1174  SC_DERIV   =        -0.1174
 ------------------------------------------------------------------------------


| TI region  2


 NSTEP =    95000   TIME(PS) =      95.000  TEMP(K) =   147.29  PRESS =     0.0
 Etot   =    -72422.0973  EKtot   =      9149.7400  EPtot      =    -81571.8373
 BOND   =     10596.5280  ANGLE   =         0.0000  DIHED      =         0.0000
 1-4 NB =         0.0000  1-4 EEL =         0.0000  VDWAALS    =     19006.7777
 EELEC  =   -111175.1430  EHBOND  =         0.0000  RESTRAINT  =         0.0000
 DV/DL  =         5.5911
 ------------------------------------------------------------------------------

 NMR restraints: Bond =    0.000   Angle =     0.000   Torsion =     0.000
===============================================================================

| TI region  1


 NSTEP =   100000   TIME(PS) =     100.000  TEMP(K) =   157.46  PRESS =     0.0
 Etot   =    -71306.3955  EKtot   =      9785.1836  EPtot      =    -81091.5791
 BOND   =     10691.9155  ANGLE   =        -0.0000  DIHED      =        -0.0000
 1-4 NB =         0.0000  1-4 EEL =         0.0000  VDWAALS    =     18919.1110
 EELEC  =   -110702.6056  EHBOND  =         0.0000  RESTRAINT  =         0.0000
 DV/DL  =         5.8292
 ------------------------------------------------------------------------------

  Softcore part of the system:       7 atoms,       TEMP(K)    =         148.15
 SC_Etot=        13.7931  SC_EKtot=         3.0912  SC_EPtot   =        10.7018
 SC_BOND=         1.2164  SC_ANGLE=         3.6307  SC_DIHED   =         5.3911
 SC_14NB=         0.4636  SC_14EEL=         0.0000  SC_VDW     =         0.0000
 SC_EEL =         0.0000
 SC_RES_DIST=     0.0000  SC_RES_ANG=       0.0000  SC_RES_TORS=         0.0000
 SC_EEL_DER=      0.0000  SC_VDW_DER=       0.0332  SC_DERIV   =         0.0332
 ------------------------------------------------------------------------------


| TI region  2


 NSTEP =   100000   TIME(PS) =     100.000  TEMP(K) =   157.46  PRESS =     0.0
 Etot   =    -71309.4867  EKtot   =      9782.0924  EPtot      =    -81091.5791
 BOND   =     10691.9155  ANGLE   =        -0.0000  DIHED      =        -0.0000
 1-4 NB =         0.0000  1-4 EEL =         0.0000  VDWAALS    =     18919.1110
 EELEC  =   -110702.6056  EHBOND  =         0.0000  RESTRAINT  =         0.0000
 DV/DL  =         5.8292
 ------------------------------------------------------------------------------

 NMR restraints: Bond =    0.000   Angle =     0.000   Torsion =     0.000
===============================================================================

| TI region  1


 NSTEP =   105000   TIME(PS) =     105.000  TEMP(K) =   165.14  PRESS =     0.0
 Etot   =    -70292.3004  EKtot   =     10262.3994  EPtot      =    -80554.6998
 BOND   =     10994.1658  ANGLE   =        -0.0000  DIHED      =        -0.0000
 1-4 NB =         0.0000  1-4 EEL =         0.0000  VDWAALS    =     18869.7748
 EELEC  =   -110418.6405  EHBOND  =         0.0000  RESTRAINT  =         0.0000
 DV/DL  =        -8.9245
 ------------------------------------------------------------------------------

  Softcore part of the system:       7 atoms,       TEMP(K)    =         130.10
 SC_Etot=        13.5406  SC_EKtot=         2.7146  SC_EPtot   =        10.8260
 SC_BOND=         1.5008  SC_ANGLE=         3.9253  SC_DIHED   =         5.2291
 SC_14NB=         0.1707  SC_14EEL=         0.0000  SC_VDW     =         0.0000
 SC_EEL =         0.0000
 SC_RES_DIST=     0.0000  SC_RES_ANG=       0.0000  SC_RES_TORS=         0.0000
 SC_EEL_DER=      0.0000  SC_VDW_DER=      -6.6917  SC_DERIV   =        -6.6917
 ------------------------------------------------------------------------------


| TI region  2


 NSTEP =   105000   TIME(PS) =     105.000  TEMP(K) =   165.15  PRESS =     0.0
 Etot   =    -70295.0150  EKtot   =     10259.6848  EPtot      =    -80554.6998
 BOND   =     10994.1658  ANGLE   =        -0.0000  DIHED      =        -0.0000
 1-4 NB =         0.0000  1-4 EEL =         0.0000  VDWAALS    =     18869.7748
 EELEC  =   -110418.6405  EHBOND  =         0.0000  RESTRAINT  =         0.0000
 DV/DL  =        -8.9245
 ------------------------------------------------------------------------------

 NMR restraints: Bond =    0.000   Angle =     0.000   Torsion =     0.000
===============================================================================

| TI region  1


 NSTEP =   110000   TIME(PS) =     110.000  TEMP(K) =   172.85  PRESS =     0.0
 Etot   =    -69409.2633  EKtot   =     10741.2031  EPtot      =    -80150.4664
 BOND   =     11022.1214  ANGLE   =         0.0000  DIHED      =         0.0000
 1-4 NB =         0.0000  1-4 EEL =         0.0000  VDWAALS    =     18695.9099
 EELEC  =   -109868.4977  EHBOND  =         0.0000  RESTRAINT  =         0.0000
 DV/DL  =         1.0259
 ------------------------------------------------------------------------------

  Softcore part of the system:       7 atoms,       TEMP(K)    =          98.07
 SC_Etot=        12.9274  SC_EKtot=         2.0463  SC_EPtot   =        10.8810
 SC_BOND=         1.0993  SC_ANGLE=         4.0598  SC_DIHED   =         5.2604
 SC_14NB=         0.4615  SC_14EEL=         0.0000  SC_VDW     =         0.0000
 SC_EEL =         0.0000
 SC_RES_DIST=     0.0000  SC_RES_ANG=       0.0000  SC_RES_TORS=         0.0000
 SC_EEL_DER=      0.0000  SC_VDW_DER=      -2.2675  SC_DERIV   =        -2.2675
 ------------------------------------------------------------------------------


| TI region  2


 NSTEP =   110000   TIME(PS) =     110.000  TEMP(K) =   172.87  PRESS =     0.0
 Etot   =    -69411.3096  EKtot   =     10739.1568  EPtot      =    -80150.4664
 BOND   =     11022.1214  ANGLE   =         0.0000  DIHED      =         0.0000
 1-4 NB =         0.0000  1-4 EEL =         0.0000  VDWAALS    =     18695.9099
 EELEC  =   -109868.4977  EHBOND  =         0.0000  RESTRAINT  =         0.0000
 DV/DL  =         1.0259
 ------------------------------------------------------------------------------

 NMR restraints: Bond =    0.000   Angle =     0.000   Torsion =     0.000
===============================================================================

| TI region  1


 NSTEP =   115000   TIME(PS) =     115.000  TEMP(K) =   178.82  PRESS =     0.0
 Etot   =    -68395.4947  EKtot   =     11112.2998  EPtot      =    -79507.7945
 BOND   =     11138.0495  ANGLE   =        -0.0000  DIHED      =        -0.0000
 1-4 NB =         0.0000  1-4 EEL =         0.0000  VDWAALS    =     18497.5791
 EELEC  =   -109143.4231  EHBOND  =         0.0000  RESTRAINT  =         0.0000
 DV/DL  =         5.2402
 ------------------------------------------------------------------------------

  Softcore part of the system:       7 atoms,       TEMP(K)    =         175.45
 SC_Etot=        14.4463  SC_EKtot=         3.6609  SC_EPtot   =        10.7854
 SC_BOND=         1.4064  SC_ANGLE=         3.8336  SC_DIHED   =         5.2204
 SC_14NB=         0.3250  SC_14EEL=         0.0000  SC_VDW     =         0.0000
 SC_EEL =         0.0000
 SC_RES_DIST=     0.0000  SC_RES_ANG=       0.0000  SC_RES_TORS=         0.0000
 SC_EEL_DER=      0.0000  SC_VDW_DER=      -0.5089  SC_DERIV   =        -0.5089
 ------------------------------------------------------------------------------


| TI region  2


 NSTEP =   115000   TIME(PS) =     115.000  TEMP(K) =   178.82  PRESS =     0.0
 Etot   =    -68399.1556  EKtot   =     11108.6389  EPtot      =    -79507.7945
 BOND   =     11138.0495  ANGLE   =        -0.0000  DIHED      =        -0.0000
 1-4 NB =         0.0000  1-4 EEL =         0.0000  VDWAALS    =     18497.5791
 EELEC  =   -109143.4231  EHBOND  =         0.0000  RESTRAINT  =         0.0000
 DV/DL  =         5.2402
 ------------------------------------------------------------------------------

 NMR restraints: Bond =    0.000   Angle =     0.000   Torsion =     0.000
===============================================================================

| TI region  1


 NSTEP =   120000   TIME(PS) =     120.000  TEMP(K) =   189.28  PRESS =     0.0
 Etot   =    -67150.0833  EKtot   =     11762.5654  EPtot      =    -78912.6487
 BOND   =     11557.6803  ANGLE   =        -0.0000  DIHED      =        -0.0000
 1-4 NB =         0.0000  1-4 EEL =         0.0000  VDWAALS    =     18562.9418
 EELEC  =   -109033.2709  EHBOND  =         0.0000  RESTRAINT  =         0.0000
 DV/DL  =         3.0685
 ------------------------------------------------------------------------------

  Softcore part of the system:       7 atoms,       TEMP(K)    =         189.57
 SC_Etot=        14.0046  SC_EKtot=         3.9555  SC_EPtot   =        10.0492
 SC_BOND=         0.9824  SC_ANGLE=         3.5305  SC_DIHED   =         5.2205
 SC_14NB=         0.3157  SC_14EEL=         0.0000  SC_VDW     =         0.0000
 SC_EEL =         0.0000
 SC_RES_DIST=     0.0000  SC_RES_ANG=       0.0000  SC_RES_TORS=         0.0000
 SC_EEL_DER=      0.0000  SC_VDW_DER=      -1.5478  SC_DERIV   =        -1.5478
 ------------------------------------------------------------------------------


| TI region  2


 NSTEP =   120000   TIME(PS) =     120.000  TEMP(K) =   189.28  PRESS =     0.0
 Etot   =    -67154.0387  EKtot   =     11758.6100  EPtot      =    -78912.6487
 BOND   =     11557.6803  ANGLE   =        -0.0000  DIHED      =        -0.0000
 1-4 NB =         0.0000  1-4 EEL =         0.0000  VDWAALS    =     18562.9418
 EELEC  =   -109033.2709  EHBOND  =         0.0000  RESTRAINT  =         0.0000
 DV/DL  =         3.0685
 ------------------------------------------------------------------------------

 NMR restraints: Bond =    0.000   Angle =     0.000   Torsion =     0.000
===============================================================================

| TI region  1


 NSTEP =   125000   TIME(PS) =     125.000  TEMP(K) =   195.17  PRESS =     0.0
 Etot   =    -66222.8185  EKtot   =     12128.6816  EPtot      =    -78351.5002
 BOND   =     11669.9728  ANGLE   =        -0.0000  DIHED      =        -0.0000
 1-4 NB =         0.0000  1-4 EEL =         0.0000  VDWAALS    =     18264.7736
 EELEC  =   -108286.2466  EHBOND  =         0.0000  RESTRAINT  =         0.0000
 DV/DL  =         1.1111
 ------------------------------------------------------------------------------

  Softcore part of the system:       7 atoms,       TEMP(K)    =         331.35
 SC_Etot=        18.7632  SC_EKtot=         6.9138  SC_EPtot   =        11.8493
 SC_BOND=         1.8036  SC_ANGLE=         4.5383  SC_DIHED   =         5.2212
 SC_14NB=         0.2863  SC_14EEL=         0.0000  SC_VDW     =         0.0000
 SC_EEL =         0.0000
 SC_RES_DIST=     0.0000  SC_RES_ANG=       0.0000  SC_RES_TORS=         0.0000
 SC_EEL_DER=      0.0000  SC_VDW_DER=      -2.1019  SC_DERIV   =        -2.1019
 ------------------------------------------------------------------------------


| TI region  2


 NSTEP =   125000   TIME(PS) =     125.000  TEMP(K) =   195.13  PRESS =     0.0
 Etot   =    -66229.7324  EKtot   =     12121.7678  EPtot      =    -78351.5002
 BOND   =     11669.9728  ANGLE   =        -0.0000  DIHED      =        -0.0000
 1-4 NB =         0.0000  1-4 EEL =         0.0000  VDWAALS    =     18264.7736
 EELEC  =   -108286.2466  EHBOND  =         0.0000  RESTRAINT  =         0.0000
 DV/DL  =         1.1111
 ------------------------------------------------------------------------------

 NMR restraints: Bond =    0.000   Angle =     0.000   Torsion =     0.000
===============================================================================

| TI region  1


 NSTEP =   130000   TIME(PS) =     130.000  TEMP(K) =   204.53  PRESS =     0.0
 Etot   =    -65090.4967  EKtot   =     12710.2051  EPtot      =    -77800.7018
 BOND   =     11678.1970  ANGLE   =        -0.0000  DIHED      =         0.0000
 1-4 NB =         0.0000  1-4 EEL =         0.0000  VDWAALS    =     17978.6767
 EELEC  =   -107457.5755  EHBOND  =         0.0000  RESTRAINT  =         0.0000
 DV/DL  =         5.6135
 ------------------------------------------------------------------------------

  Softcore part of the system:       7 atoms,       TEMP(K)    =         216.87
 SC_Etot=        16.1081  SC_EKtot=         4.5251  SC_EPtot   =        11.5831
 SC_BOND=         0.2077  SC_ANGLE=         5.6404  SC_DIHED   =         5.4630
 SC_14NB=         0.2720  SC_14EEL=         0.0000  SC_VDW     =         0.0000
 SC_EEL =         0.0000
 SC_RES_DIST=     0.0000  SC_RES_ANG=       0.0000  SC_RES_TORS=         0.0000
 SC_EEL_DER=      0.0000  SC_VDW_DER=      -0.6677  SC_DERIV   =        -0.6677
 ------------------------------------------------------------------------------


| TI region  2


 NSTEP =   130000   TIME(PS) =     130.000  TEMP(K) =   204.53  PRESS =     0.0
 Etot   =    -65095.0217  EKtot   =     12705.6800  EPtot      =    -77800.7018
 BOND   =     11678.1970  ANGLE   =        -0.0000  DIHED      =         0.0000
 1-4 NB =         0.0000  1-4 EEL =         0.0000  VDWAALS    =     17978.6767
 EELEC  =   -107457.5755  EHBOND  =         0.0000  RESTRAINT  =         0.0000
 DV/DL  =         5.6135
 ------------------------------------------------------------------------------

 NMR restraints: Bond =    0.000   Angle =     0.000   Torsion =     0.000
===============================================================================

| TI region  1


 NSTEP =   135000   TIME(PS) =     135.000  TEMP(K) =   211.00  PRESS =     0.0
 Etot   =    -63926.7417  EKtot   =     13112.5527  EPtot      =    -77039.2944
 BOND   =     11894.5344  ANGLE   =        -0.0000  DIHED      =        -0.0000
 1-4 NB =         0.0000  1-4 EEL =         0.0000  VDWAALS    =     17654.4195
 EELEC  =   -106588.2484  EHBOND  =         0.0000  RESTRAINT  =         0.0000
 DV/DL  =         4.4878
 ------------------------------------------------------------------------------

  Softcore part of the system:       7 atoms,       TEMP(K)    =         126.81
 SC_Etot=        12.6108  SC_EKtot=         2.6459  SC_EPtot   =         9.9648
 SC_BOND=         0.9628  SC_ANGLE=         3.4102  SC_DIHED   =         5.2528
 SC_14NB=         0.3391  SC_14EEL=         0.0000  SC_VDW     =         0.0000
 SC_EEL =         0.0000
 SC_RES_DIST=     0.0000  SC_RES_ANG=       0.0000  SC_RES_TORS=         0.0000
 SC_EEL_DER=      0.0000  SC_VDW_DER=      -1.6533  SC_DERIV   =        -1.6533
 ------------------------------------------------------------------------------


| TI region  2


 NSTEP =   135000   TIME(PS) =     135.000  TEMP(K) =   211.03  PRESS =     0.0
 Etot   =    -63929.3876  EKtot   =     13109.9068  EPtot      =    -77039.2944
 BOND   =     11894.5344  ANGLE   =        -0.0000  DIHED      =        -0.0000
 1-4 NB =         0.0000  1-4 EEL =         0.0000  VDWAALS    =     17654.4195
 EELEC  =   -106588.2484  EHBOND  =         0.0000  RESTRAINT  =         0.0000
 DV/DL  =         4.4878
 ------------------------------------------------------------------------------

 NMR restraints: Bond =    0.000   Angle =     0.000   Torsion =     0.000
===============================================================================

| TI region  1


 NSTEP =   140000   TIME(PS) =     140.000  TEMP(K) =   218.08  PRESS =     0.0
 Etot   =    -62861.1445  EKtot   =     13552.2998  EPtot      =    -76413.4443
 BOND   =     12017.1069  ANGLE   =         0.0000  DIHED      =         0.0000
 1-4 NB =         0.0000  1-4 EEL =         0.0000  VDWAALS    =     17684.9997
 EELEC  =   -106115.5510  EHBOND  =         0.0000  RESTRAINT  =         0.0000
 DV/DL  =        -9.4699
 ------------------------------------------------------------------------------

  Softcore part of the system:       7 atoms,       TEMP(K)    =         192.82
 SC_Etot=        14.5629  SC_EKtot=         4.0233  SC_EPtot   =        10.5396
 SC_BOND=         1.1840  SC_ANGLE=         3.7525  SC_DIHED   =         5.2264
 SC_14NB=         0.3767  SC_14EEL=         0.0000  SC_VDW     =         0.0000
 SC_EEL =         0.0000
 SC_RES_DIST=     0.0000  SC_RES_ANG=       0.0000  SC_RES_TORS=         0.0000
 SC_EEL_DER=      0.0000  SC_VDW_DER=      -7.1255  SC_DERIV   =        -7.1255
 ------------------------------------------------------------------------------


| TI region  2


 NSTEP =   140000   TIME(PS) =     140.000  TEMP(K) =   218.09  PRESS =     0.0
 Etot   =    -62865.1679  EKtot   =     13548.2765  EPtot      =    -76413.4443
 BOND   =     12017.1069  ANGLE   =         0.0000  DIHED      =         0.0000
 1-4 NB =         0.0000  1-4 EEL =         0.0000  VDWAALS    =     17684.9997
 EELEC  =   -106115.5510  EHBOND  =         0.0000  RESTRAINT  =         0.0000
 DV/DL  =        -9.4699
 ------------------------------------------------------------------------------

 NMR restraints: Bond =    0.000   Angle =     0.000   Torsion =     0.000
===============================================================================

| TI region  1


 NSTEP =   145000   TIME(PS) =     145.000  TEMP(K) =   226.23  PRESS =     0.0
 Etot   =    -61535.0080  EKtot   =     14058.6602  EPtot      =    -75593.6681
 BOND   =     12145.7350  ANGLE   =         0.0000  DIHED      =        -0.0000
 1-4 NB =         0.0000  1-4 EEL =         0.0000  VDWAALS    =     17159.8454
 EELEC  =   -104899.2485  EHBOND  =         0.0000  RESTRAINT  =         0.0000
 DV/DL  =         2.2498
 ------------------------------------------------------------------------------

  Softcore part of the system:       7 atoms,       TEMP(K)    =         260.41
 SC_Etot=        15.5142  SC_EKtot=         5.4337  SC_EPtot   =        10.0805
 SC_BOND=         0.7398  SC_ANGLE=         3.7734  SC_DIHED   =         5.2397
 SC_14NB=         0.3276  SC_14EEL=         0.0000  SC_VDW     =         0.0000
 SC_EEL =         0.0000
 SC_RES_DIST=     0.0000  SC_RES_ANG=       0.0000  SC_RES_TORS=         0.0000
 SC_EEL_DER=      0.0000  SC_VDW_DER=      -2.8000  SC_DERIV   =        -2.8000
 ------------------------------------------------------------------------------


| TI region  2


 NSTEP =   145000   TIME(PS) =     145.000  TEMP(K) =   226.22  PRESS =     0.0
 Etot   =    -61540.4416  EKtot   =     14053.2265  EPtot      =    -75593.6681
 BOND   =     12145.7350  ANGLE   =         0.0000  DIHED      =        -0.0000
 1-4 NB =         0.0000  1-4 EEL =         0.0000  VDWAALS    =     17159.8454
 EELEC  =   -104899.2485  EHBOND  =         0.0000  RESTRAINT  =         0.0000
 DV/DL  =         2.2498
 ------------------------------------------------------------------------------

 NMR restraints: Bond =    0.000   Angle =     0.000   Torsion =     0.000
===============================================================================

| TI region  1


 NSTEP =   150000   TIME(PS) =     150.000  TEMP(K) =   235.21  PRESS =     0.0
 Etot   =    -60166.7158  EKtot   =     14616.9580  EPtot      =    -74783.6738
 BOND   =     12378.1853  ANGLE   =         0.0000  DIHED      =        -0.0000
 1-4 NB =         0.0000  1-4 EEL =         0.0000  VDWAALS    =     16889.9372
 EELEC  =   -104051.7963  EHBOND  =         0.0000  RESTRAINT  =         0.0000
 DV/DL  =       -11.0475
 ------------------------------------------------------------------------------

  Softcore part of the system:       7 atoms,       TEMP(K)    =         319.21
 SC_Etot=        17.3648  SC_EKtot=         6.6604  SC_EPtot   =        10.7044
 SC_BOND=         1.7368  SC_ANGLE=         3.3966  SC_DIHED   =         5.2322
 SC_14NB=         0.3388  SC_14EEL=         0.0000  SC_VDW     =         0.0000
 SC_EEL =         0.0000
 SC_RES_DIST=     0.0000  SC_RES_ANG=       0.0000  SC_RES_TORS=         0.0000
 SC_EEL_DER=      0.0000  SC_VDW_DER=      -7.5238  SC_DERIV   =        -7.5238
 ------------------------------------------------------------------------------


| TI region  2


 NSTEP =   150000   TIME(PS) =     150.000  TEMP(K) =   235.18  PRESS =     0.0
 Etot   =    -60173.3761  EKtot   =     14610.2976  EPtot      =    -74783.6738
 BOND   =     12378.1853  ANGLE   =         0.0000  DIHED      =        -0.0000
 1-4 NB =         0.0000  1-4 EEL =         0.0000  VDWAALS    =     16889.9372
 EELEC  =   -104051.7963  EHBOND  =         0.0000  RESTRAINT  =         0.0000
 DV/DL  =       -11.0475
 ------------------------------------------------------------------------------

 NMR restraints: Bond =    0.000   Angle =     0.000   Torsion =     0.000
===============================================================================

| TI region  1


 NSTEP =   155000   TIME(PS) =     155.000  TEMP(K) =   243.71  PRESS =     0.0
 Etot   =    -58325.5861  EKtot   =     15145.2432  EPtot      =    -73470.8292
 BOND   =     12495.7330  ANGLE   =        -0.0000  DIHED      =        -0.0000
 1-4 NB =         0.0000  1-4 EEL =         0.0000  VDWAALS    =     16714.6941
 EELEC  =   -102681.2564  EHBOND  =         0.0000  RESTRAINT  =         0.0000
 DV/DL  =       -18.6479
 ------------------------------------------------------------------------------

  Softcore part of the system:       7 atoms,       TEMP(K)    =         177.28
 SC_Etot=        17.3652  SC_EKtot=         3.6991  SC_EPtot   =        13.6661
 SC_BOND=         3.6629  SC_ANGLE=         4.7004  SC_DIHED   =         5.2145
 SC_14NB=         0.0881  SC_14EEL=         0.0000  SC_VDW     =         0.0000
 SC_EEL =         0.0000
 SC_RES_DIST=     0.0000  SC_RES_ANG=       0.0000  SC_RES_TORS=         0.0000
 SC_EEL_DER=      0.0000  SC_VDW_DER=     -10.5960  SC_DERIV   =       -10.5960
 ------------------------------------------------------------------------------


| TI region  2


 NSTEP =   155000   TIME(PS) =     155.000  TEMP(K) =   243.74  PRESS =     0.0
 Etot   =    -58329.2852  EKtot   =     15141.5440  EPtot      =    -73470.8292
 BOND   =     12495.7330  ANGLE   =        -0.0000  DIHED      =        -0.0000
 1-4 NB =         0.0000  1-4 EEL =         0.0000  VDWAALS    =     16714.6941
 EELEC  =   -102681.2564  EHBOND  =         0.0000  RESTRAINT  =         0.0000
 DV/DL  =       -18.6479
 ------------------------------------------------------------------------------

 NMR restraints: Bond =    0.000   Angle =     0.000   Torsion =     0.000
===============================================================================

| TI region  1


 NSTEP =   160000   TIME(PS) =     160.000  TEMP(K) =   250.65  PRESS =     0.0
 Etot   =    -57126.9950  EKtot   =     15576.1562  EPtot      =    -72703.1513
 BOND   =     12267.6112  ANGLE   =        -0.0000  DIHED      =         0.0000
 1-4 NB =         0.0000  1-4 EEL =         0.0000  VDWAALS    =     15942.6802
 EELEC  =   -100913.4427  EHBOND  =         0.0000  RESTRAINT  =         0.0000
 DV/DL  =        -2.9876
 ------------------------------------------------------------------------------

  Softcore part of the system:       7 atoms,       TEMP(K)    =         351.95
 SC_Etot=        18.7097  SC_EKtot=         7.3436  SC_EPtot   =        11.3661
 SC_BOND=         1.4653  SC_ANGLE=         4.5383  SC_DIHED   =         5.2497
 SC_14NB=         0.1128  SC_14EEL=         0.0000  SC_VDW     =         0.0000
 SC_EEL =         0.0000
 SC_RES_DIST=     0.0000  SC_RES_ANG=       0.0000  SC_RES_TORS=         0.0000
 SC_EEL_DER=      0.0000  SC_VDW_DER=      -5.0650  SC_DERIV   =        -5.0650
 ------------------------------------------------------------------------------


| TI region  2


 NSTEP =   160000   TIME(PS) =     160.000  TEMP(K) =   250.61  PRESS =     0.0
 Etot   =    -57134.3387  EKtot   =     15568.8126  EPtot      =    -72703.1513
 BOND   =     12267.6112  ANGLE   =        -0.0000  DIHED      =         0.0000
 1-4 NB =         0.0000  1-4 EEL =         0.0000  VDWAALS    =     15942.6802
 EELEC  =   -100913.4427  EHBOND  =         0.0000  RESTRAINT  =         0.0000
 DV/DL  =        -2.9876
 ------------------------------------------------------------------------------

 NMR restraints: Bond =    0.000   Angle =     0.000   Torsion =     0.000
===============================================================================

| TI region  1


 NSTEP =   165000   TIME(PS) =     165.000  TEMP(K) =   259.49  PRESS =     0.0
 Etot   =    -55118.3886  EKtot   =     16125.6064  EPtot      =    -71243.9951
 BOND   =     12494.3316  ANGLE   =        -0.0000  DIHED      =        -0.0000
 1-4 NB =         0.0000  1-4 EEL =         0.0000  VDWAALS    =     15705.9786
 EELEC  =    -99444.3053  EHBOND  =         0.0000  RESTRAINT  =         0.0000
 DV/DL  =         3.4731
 ------------------------------------------------------------------------------

  Softcore part of the system:       7 atoms,       TEMP(K)    =         311.37
 SC_Etot=        18.9668  SC_EKtot=         6.4968  SC_EPtot   =        12.4699
 SC_BOND=         2.5344  SC_ANGLE=         4.2537  SC_DIHED   =         5.2190
 SC_14NB=         0.4628  SC_14EEL=         0.0000  SC_VDW     =         0.0000
 SC_EEL =         0.0000
 SC_RES_DIST=     0.0000  SC_RES_ANG=       0.0000  SC_RES_TORS=         0.0000
 SC_EEL_DER=      0.0000  SC_VDW_DER=      -2.3372  SC_DERIV   =        -2.3372
 ------------------------------------------------------------------------------


| TI region  2


 NSTEP =   165000   TIME(PS) =     165.000  TEMP(K) =   259.47  PRESS =     0.0
 Etot   =    -55124.8855  EKtot   =     16119.1096  EPtot      =    -71243.9951
 BOND   =     12494.3316  ANGLE   =        -0.0000  DIHED      =        -0.0000
 1-4 NB =         0.0000  1-4 EEL =         0.0000  VDWAALS    =     15705.9786
 EELEC  =    -99444.3053  EHBOND  =         0.0000  RESTRAINT  =         0.0000
 DV/DL  =         3.4731
 ------------------------------------------------------------------------------

 NMR restraints: Bond =    0.000   Angle =     0.000   Torsion =     0.000
===============================================================================

| TI region  1


 NSTEP =   170000   TIME(PS) =     170.000  TEMP(K) =   264.23  PRESS =     0.0
 Etot   =    -53661.7933  EKtot   =     16420.4668  EPtot      =    -70082.2601
 BOND   =     12496.1019  ANGLE   =         0.0000  DIHED      =         0.0000
 1-4 NB =         0.0000  1-4 EEL =         0.0000  VDWAALS    =     14998.0720
 EELEC  =    -97576.4341  EHBOND  =         0.0000  RESTRAINT  =         0.0000
 DV/DL  =       -13.2968
 ------------------------------------------------------------------------------

  Softcore part of the system:       7 atoms,       TEMP(K)    =         368.26
 SC_Etot=        20.3052  SC_EKtot=         7.6840  SC_EPtot   =        12.6212
 SC_BOND=         0.3246  SC_ANGLE=         6.6981  SC_DIHED   =         5.3836
 SC_14NB=         0.2149  SC_14EEL=         0.0000  SC_VDW     =         0.0000
 SC_EEL =         0.0000
 SC_RES_DIST=     0.0000  SC_RES_ANG=       0.0000  SC_RES_TORS=         0.0000
 SC_EEL_DER=      0.0000  SC_VDW_DER=      -9.0884  SC_DERIV   =        -9.0884
 ------------------------------------------------------------------------------


| TI region  2


 NSTEP =   170000   TIME(PS) =     170.000  TEMP(K) =   264.20  PRESS =     0.0
 Etot   =    -53669.4773  EKtot   =     16412.7828  EPtot      =    -70082.2601
 BOND   =     12496.1019  ANGLE   =         0.0000  DIHED      =         0.0000
 1-4 NB =         0.0000  1-4 EEL =         0.0000  VDWAALS    =     14998.0720
 EELEC  =    -97576.4341  EHBOND  =         0.0000  RESTRAINT  =         0.0000
 DV/DL  =       -13.2968
 ------------------------------------------------------------------------------

 NMR restraints: Bond =    0.000   Angle =     0.000   Torsion =     0.000
===============================================================================

| TI region  1


 NSTEP =   175000   TIME(PS) =     175.000  TEMP(K) =   276.00  PRESS =     0.0
 Etot   =    -51776.4383  EKtot   =     17151.4609  EPtot      =    -68927.8993
 BOND   =     12587.6132  ANGLE   =         0.0000  DIHED      =        -0.0000
 1-4 NB =         0.0000  1-4 EEL =         0.0000  VDWAALS    =     14574.6487
 EELEC  =    -96090.1612  EHBOND  =         0.0000  RESTRAINT  =         0.0000
 DV/DL  =        -3.3372
 ------------------------------------------------------------------------------

  Softcore part of the system:       7 atoms,       TEMP(K)    =         376.06
 SC_Etot=        21.8161  SC_EKtot=         7.8467  SC_EPtot   =        13.9693
 SC_BOND=         1.5894  SC_ANGLE=         6.6138  SC_DIHED   =         5.3105
 SC_14NB=         0.4556  SC_14EEL=         0.0000  SC_VDW     =         0.0000
 SC_EEL =         0.0000
 SC_RES_DIST=     0.0000  SC_RES_ANG=       0.0000  SC_RES_TORS=         0.0000
 SC_EEL_DER=      0.0000  SC_VDW_DER=      -4.8651  SC_DERIV   =        -4.8651
 ------------------------------------------------------------------------------


| TI region  2


 NSTEP =   175000   TIME(PS) =     175.000  TEMP(K) =   275.96  PRESS =     0.0
 Etot   =    -51784.2851  EKtot   =     17143.6142  EPtot      =    -68927.8993
 BOND   =     12587.6132  ANGLE   =         0.0000  DIHED      =        -0.0000
 1-4 NB =         0.0000  1-4 EEL =         0.0000  VDWAALS    =     14574.6487
 EELEC  =    -96090.1612  EHBOND  =         0.0000  RESTRAINT  =         0.0000
 DV/DL  =        -3.3372
 ------------------------------------------------------------------------------

 NMR restraints: Bond =    0.000   Angle =     0.000   Torsion =     0.000
===============================================================================

| TI region  1


 NSTEP =   180000   TIME(PS) =     180.000  TEMP(K) =   282.29  PRESS =     0.0
 Etot   =    -50207.9817  EKtot   =     17542.2441  EPtot      =    -67750.2258
 BOND   =     12841.4464  ANGLE   =        -0.0000  DIHED      =        -0.0000
 1-4 NB =         0.0000  1-4 EEL =         0.0000  VDWAALS    =     14347.1368
 EELEC  =    -94938.8090  EHBOND  =         0.0000  RESTRAINT  =         0.0000
 DV/DL  =       -11.9150
 ------------------------------------------------------------------------------

  Softcore part of the system:       7 atoms,       TEMP(K)    =         377.29
 SC_Etot=        19.1454  SC_EKtot=         7.8724  SC_EPtot   =        11.2730
 SC_BOND=         1.2154  SC_ANGLE=         4.7411  SC_DIHED   =         5.2092
 SC_14NB=         0.1073  SC_14EEL=         0.0000  SC_VDW     =         0.0000
 SC_EEL =         0.0000
 SC_RES_DIST=     0.0000  SC_RES_ANG=       0.0000  SC_RES_TORS=         0.0000
 SC_EEL_DER=      0.0000  SC_VDW_DER=      -8.0093  SC_DERIV   =        -8.0093
 ------------------------------------------------------------------------------


| TI region  2


 NSTEP =   180000   TIME(PS) =     180.000  TEMP(K) =   282.25  PRESS =     0.0
 Etot   =    -50215.8541  EKtot   =     17534.3717  EPtot      =    -67750.2258
 BOND   =     12841.4464  ANGLE   =        -0.0000  DIHED      =        -0.0000
 1-4 NB =         0.0000  1-4 EEL =         0.0000  VDWAALS    =     14347.1368
 EELEC  =    -94938.8090  EHBOND  =         0.0000  RESTRAINT  =         0.0000
 DV/DL  =       -11.9150
 ------------------------------------------------------------------------------

 NMR restraints: Bond =    0.000   Angle =     0.000   Torsion =     0.000
===============================================================================

| TI region  1


 NSTEP =   185000   TIME(PS) =     185.000  TEMP(K) =   288.46  PRESS =     0.0
 Etot   =    -49038.1136  EKtot   =     17925.9688  EPtot      =    -66964.0823
 BOND   =     12886.9522  ANGLE   =        -0.0000  DIHED      =         0.0000
 1-4 NB =         0.0000  1-4 EEL =         0.0000  VDWAALS    =     14217.5993
 EELEC  =    -94068.6339  EHBOND  =         0.0000  RESTRAINT  =         0.0000
 DV/DL  =       -18.3398
 ------------------------------------------------------------------------------

  Softcore part of the system:       7 atoms,       TEMP(K)    =         132.52
 SC_Etot=        16.4503  SC_EKtot=         2.7650  SC_EPtot   =        13.6853
 SC_BOND=         2.1512  SC_ANGLE=         5.8406  SC_DIHED   =         5.2574
 SC_14NB=         0.4360  SC_14EEL=         0.0000  SC_VDW     =         0.0000
 SC_EEL =         0.0000
 SC_RES_DIST=     0.0000  SC_RES_ANG=       0.0000  SC_RES_TORS=         0.0000
 SC_EEL_DER=      0.0000  SC_VDW_DER=     -11.1257  SC_DERIV   =       -11.1257
 ------------------------------------------------------------------------------


| TI region  2


 NSTEP =   185000   TIME(PS) =     185.000  TEMP(K) =   288.51  PRESS =     0.0
 Etot   =    -49040.8786  EKtot   =     17923.2037  EPtot      =    -66964.0823
 BOND   =     12886.9522  ANGLE   =        -0.0000  DIHED      =         0.0000
 1-4 NB =         0.0000  1-4 EEL =         0.0000  VDWAALS    =     14217.5993
 EELEC  =    -94068.6339  EHBOND  =         0.0000  RESTRAINT  =         0.0000
 DV/DL  =       -18.3398
 ------------------------------------------------------------------------------

 NMR restraints: Bond =    0.000   Angle =     0.000   Torsion =     0.000
===============================================================================

| TI region  1


 NSTEP =   190000   TIME(PS) =     190.000  TEMP(K) =   294.38  PRESS =     0.0
 Etot   =    -47688.1560  EKtot   =     18294.0586  EPtot      =    -65982.2146
 BOND   =     13083.2687  ANGLE   =        -0.0000  DIHED      =         0.0000
 1-4 NB =         0.0000  1-4 EEL =         0.0000  VDWAALS    =     13767.1165
 EELEC  =    -92832.5998  EHBOND  =         0.0000  RESTRAINT  =         0.0000
 DV/DL  =       -13.1513
 ------------------------------------------------------------------------------

  Softcore part of the system:       7 atoms,       TEMP(K)    =         306.36
 SC_Etot=        17.4551  SC_EKtot=         6.3924  SC_EPtot   =        11.0627
 SC_BOND=         1.7812  SC_ANGLE=         3.5771  SC_DIHED   =         5.2418
 SC_14NB=         0.4626  SC_14EEL=         0.0000  SC_VDW     =         0.0000
 SC_EEL =         0.0000
 SC_RES_DIST=     0.0000  SC_RES_ANG=       0.0000  SC_RES_TORS=         0.0000
 SC_EEL_DER=      0.0000  SC_VDW_DER=      -8.6345  SC_DERIV   =        -8.6345
 ------------------------------------------------------------------------------


| TI region  2


 NSTEP =   190000   TIME(PS) =     190.000  TEMP(K) =   294.38  PRESS =     0.0
 Etot   =    -47694.5484  EKtot   =     18287.6662  EPtot      =    -65982.2146
 BOND   =     13083.2687  ANGLE   =        -0.0000  DIHED      =         0.0000
 1-4 NB =         0.0000  1-4 EEL =         0.0000  VDWAALS    =     13767.1165
 EELEC  =    -92832.5998  EHBOND  =         0.0000  RESTRAINT  =         0.0000
 DV/DL  =       -13.1513
 ------------------------------------------------------------------------------

 NMR restraints: Bond =    0.000   Angle =     0.000   Torsion =     0.000
===============================================================================

| TI region  1


 NSTEP =   195000   TIME(PS) =     195.000  TEMP(K) =   299.12  PRESS =     0.0
 Etot   =    -47265.4912  EKtot   =     18588.3301  EPtot      =    -65853.8212
 BOND   =     12867.0767  ANGLE   =         0.0000  DIHED      =        -0.0000
 1-4 NB =         0.0000  1-4 EEL =         0.0000  VDWAALS    =     13747.7963
 EELEC  =    -92468.6943  EHBOND  =         0.0000  RESTRAINT  =         0.0000
 DV/DL  =        -2.7061
 ------------------------------------------------------------------------------

  Softcore part of the system:       7 atoms,       TEMP(K)    =         174.69
 SC_Etot=        13.8596  SC_EKtot=         3.6450  SC_EPtot   =        10.2146
 SC_BOND=         0.1846  SC_ANGLE=         4.3317  SC_DIHED   =         5.3163
 SC_14NB=         0.3821  SC_14EEL=         0.0000  SC_VDW     =         0.0000
 SC_EEL =         0.0000
 SC_RES_DIST=     0.0000  SC_RES_ANG=       0.0000  SC_RES_TORS=         0.0000
 SC_EEL_DER=      0.0000  SC_VDW_DER=      -4.2292  SC_DERIV   =        -4.2292
 ------------------------------------------------------------------------------


| TI region  2


 NSTEP =   195000   TIME(PS) =     195.000  TEMP(K) =   299.16  PRESS =     0.0
 Etot   =    -47269.1361  EKtot   =     18584.6851  EPtot      =    -65853.8212
 BOND   =     12867.0767  ANGLE   =         0.0000  DIHED      =        -0.0000
 1-4 NB =         0.0000  1-4 EEL =         0.0000  VDWAALS    =     13747.7963
 EELEC  =    -92468.6943  EHBOND  =         0.0000  RESTRAINT  =         0.0000
 DV/DL  =        -2.7061
 ------------------------------------------------------------------------------

 NMR restraints: Bond =    0.000   Angle =     0.000   Torsion =     0.000
===============================================================================

| TI region  1


 NSTEP =   200000   TIME(PS) =     200.000  TEMP(K) =   299.30  PRESS =     0.0
 Etot   =    -47252.8211  EKtot   =     18599.4297  EPtot      =    -65852.2508
 BOND   =     12913.3611  ANGLE   =         0.0000  DIHED      =        -0.0000
 1-4 NB =         0.0000  1-4 EEL =         0.0000  VDWAALS    =     13863.1926
 EELEC  =    -92628.8045  EHBOND  =         0.0000  RESTRAINT  =         0.0000
 DV/DL  =        -3.5309
 ------------------------------------------------------------------------------

  Softcore part of the system:       7 atoms,       TEMP(K)    =         278.88
 SC_Etot=        19.8156  SC_EKtot=         5.8189  SC_EPtot   =        13.9967
 SC_BOND=         2.6429  SC_ANGLE=         6.0510  SC_DIHED   =         5.2130
 SC_14NB=         0.0898  SC_14EEL=         0.0000  SC_VDW     =         0.0000
 SC_EEL =         0.0000
 SC_RES_DIST=     0.0000  SC_RES_ANG=       0.0000  SC_RES_TORS=         0.0000
 SC_EEL_DER=      0.0000  SC_VDW_DER=      -5.0034  SC_DERIV   =        -5.0034
 ------------------------------------------------------------------------------


| TI region  2


 NSTEP =   200000   TIME(PS) =     200.000  TEMP(K) =   299.31  PRESS =     0.0
 Etot   =    -47258.6400  EKtot   =     18593.6108  EPtot      =    -65852.2508
 BOND   =     12913.3611  ANGLE   =         0.0000  DIHED      =        -0.0000
 1-4 NB =         0.0000  1-4 EEL =         0.0000  VDWAALS    =     13863.1926
 EELEC  =    -92628.8045  EHBOND  =         0.0000  RESTRAINT  =         0.0000
 DV/DL  =        -3.5309
 ------------------------------------------------------------------------------

 NMR restraints: Bond =    0.000   Angle =     0.000   Torsion =     0.000
===============================================================================

| TI region  1


      A V E R A G E S   O V E R      40 S T E P S


 NSTEP =   200000   TIME(PS) =     200.000  TEMP(K) =   159.92  PRESS =     0.0
 Etot   =    -69357.5461  EKtot   =      9937.7514  EPtot      =    -79295.2975
 BOND   =     10655.9022  ANGLE   =        -0.0000  DIHED      =        -0.0000
 1-4 NB =         0.0000  1-4 EEL =         0.0000  VDWAALS    =     17912.3106
 EELEC  =   -107863.5102  EHBOND  =         0.0000  RESTRAINT  =         0.0000
 DV/DL  =         0.3051
 ------------------------------------------------------------------------------

 NMR restraints: Bond =    0.000   Angle =     0.000   Torsion =     0.000
===============================================================================
  Softcore part of the system:       7 atoms,       TEMP(K)    =         167.68
 SC_Etot=        14.0236  SC_EKtot=         3.4987  SC_EPtot   =        10.5249
 SC_BOND=         0.9671  SC_ANGLE=         3.9796  SC_DIHED   =         5.2504
 SC_14NB=         0.3278  SC_14EEL=         0.0000  SC_VDW     =         0.0000
 SC_EEL =         0.0000
 SC_RES_DIST=     0.0000  SC_RES_ANG=       0.0000  SC_RES_TORS=         0.0000
 SC_EEL_DER=      0.0000  SC_VDW_DER=      -2.7701  SC_DERIV   =        -2.7701
 ------------------------------------------------------------------------------


      R M S  F L U C T U A T I O N S


 NSTEP =   200000   TIME(PS) =     200.000  TEMP(K) =    89.53  PRESS =     0.0
 Etot   =     12588.6222  EKtot   =      5563.7972  EPtot      =      7098.6489
 BOND   =      1741.4947  ANGLE   =         0.0000  DIHED      =         0.0000
 1-4 NB =         0.0000  1-4 EEL =         0.0000  VDWAALS    =      1984.3902
 EELEC  =      7452.6253  EHBOND  =         0.0000  RESTRAINT  =         0.0000
 DV/DL  =         7.3783
 ------------------------------------------------------------------------------

  Softcore part of the system:       7 atoms,       TEMP(K)    =         105.50
 SC_Etot=         3.4353  SC_EKtot=         2.2012  SC_EPtot   =         1.5140
 SC_BOND=         0.8093  SC_ANGLE=         0.9989  SC_DIHED   =         0.0538
 SC_14NB=         0.1430  SC_14EEL=         0.0000  SC_VDW     =         0.0000
 SC_EEL =         0.0000
 SC_RES_DIST=     0.0000  SC_RES_ANG=       0.0000  SC_RES_TORS=         0.0000
 SC_EEL_DER=      0.0000  SC_VDW_DER=       3.2930  SC_DERIV   =         3.2930
 ------------------------------------------------------------------------------


| TI region  2


      A V E R A G E S   O V E R      40 S T E P S


 NSTEP =   200000   TIME(PS) =     200.000  TEMP(K) =   159.91  PRESS =     0.0
 Etot   =    -69361.0447  EKtot   =      9934.2527  EPtot      =    -79295.2975
 BOND   =     10655.9022  ANGLE   =        -0.0000  DIHED      =        -0.0000
 1-4 NB =         0.0000  1-4 EEL =         0.0000  VDWAALS    =     17912.3106
 EELEC  =   -107863.5102  EHBOND  =         0.0000  RESTRAINT  =         0.0000
 DV/DL  =         0.3051
 ------------------------------------------------------------------------------

 NMR restraints: Bond =    0.000   Angle =     0.000   Torsion =     0.000
===============================================================================

      R M S  F L U C T U A T I O N S


 NSTEP =   200000   TIME(PS) =     200.000  TEMP(K) =    89.53  PRESS =     0.0
 Etot   =     12586.8254  EKtot   =      5561.9824  EPtot      =      7098.6489
 BOND   =      1741.4947  ANGLE   =         0.0000  DIHED      =         0.0000
 1-4 NB =         0.0000  1-4 EEL =         0.0000  VDWAALS    =      1984.3902
 EELEC  =      7452.6253  EHBOND  =         0.0000  RESTRAINT  =         0.0000
 DV/DL  =         7.3783
 ------------------------------------------------------------------------------


      DV/DL, AVERAGES OVER      40 STEPS


 NSTEP =   200000   TIME(PS) =     200.000  TEMP(K) =    89.53  PRESS =     0.0
 Etot   =         0.0000  EKtot   =         0.0000  EPtot      =         0.3051
 BOND   =         0.0000  ANGLE   =         0.0000  DIHED      =         0.0000
 1-4 NB =         0.0000  1-4 EEL =         0.0000  VDWAALS    =         3.0751
 EELEC  =         0.0000  EHBOND  =         0.0000  RESTRAINT  =         0.0000
 DV/DL  =         0.3051
 ------------------------------------------------------------------------------


 NMR restraints on final step:

--------------------------------------------------------------------------------
   5.  TIMINGS
--------------------------------------------------------------------------------

|  NonSetup CPU Time in Major Routines:
|
|     Routine           Sec        %
|     ------------------------------
|     Nonbond         148.20   30.90
|     Bond              0.00    0.00
|     Angle             0.00    0.00
|     Dihedral          0.00    0.00
|     Shake             0.00    0.00
|     RunMD           330.88   68.99
|     Other             0.55    0.12
|     ------------------------------
|     Total           479.63

|  PME Nonbond Pairlist CPU Time:
|
|     Routine              Sec        %
|     ---------------------------------
|     Set Up Cit           0.00    0.00
|     Build List           0.00    0.00
|     ---------------------------------
|     Total                0.00    0.00

|  PME Direct Force CPU Time:
|
|     Routine              Sec        %
|     ---------------------------------
|     NonBonded Calc       0.00    0.00
|     Exclude Masked       0.00    0.00
|     Other                0.37    0.08
|     ---------------------------------
|     Total                0.37    0.08

|  PME Reciprocal Force CPU Time:
|
|     Routine              Sec        %
|     ---------------------------------
|     1D bspline           0.00    0.00
|     Grid Charges         0.00    0.00
|     Scalar Sum           0.00    0.00
|     Gradient Sum         0.00    0.00
|     FFT                  0.00    0.00
|     ---------------------------------
|     Total                0.00    0.00

|  Final Performance Info:
|     -----------------------------------------------------
|     Average timings for last   20000 steps:
|     Elapsed(s) =      48.62 Per Step(ms) =       2.43
|         ns/day =      35.54   seconds/ns =    2430.77
|
|     Average timings for all steps:
|     Elapsed(s) =     480.36 Per Step(ms) =       2.40
|         ns/day =      35.97   seconds/ns =    2401.82
|     -----------------------------------------------------

|  Setup CPU time:            0.56 seconds
|  NonSetup CPU time:       479.63 seconds
|  Total CPU time:          480.19 seconds     0.13 hours

|  Setup wall time:           1    seconds
|  NonSetup wall time:      480    seconds
|  Total wall time:         481    seconds     0.13 hours
