
          -------------------------------------------------------
          Amber 18 PMEMD                              2018
          -------------------------------------------------------

| PMEMD implementation of SANDER, Release 18

| Run on 07/20/2020 at 15:33:07

|   Executable path: /opt/software/Amber/18-foss-2018b-AmberTools-19/bin/pmemd.cuda
| Working directory: /mnt/gs18/scratch/users/songlin3/run/1264_optimization/acetate/two_steps_ti3p_gas/step1/0.04794
|          Hostname: lac-139

  [-O]verwriting output

File Assignments:
|   MDIN: heat.in                                                               
|  MDOUT: heat.out                                                              
| INPCRD: min.rst                                                               
|   PARM: step1_final.prmtop                                                    
| RESTRT: heat.rst                                                              
|   REFC: min.rst                                                               
|  MDVEL: mdvel                                                                 
|   MDEN: mden                                                                  
|  MDCRD: heat.netcdf                                                           
| MDINFO: heat.mdinfo                                                           
|  MDFRC: mdfrc                                                                 


 Here is the input file:

nvt for free MD                                                                
 &cntrl                                                                        
  imin=0,                                                                      
  irest=0,                                                                     
  ntx=1,                                                                       
  ig=-1,                                                                       
  nstlim=100000,                                                               
  dt=0.002,                                                                    
  cut=10.0,                                                                    
  ntc=2,                                                                       
  ntf=2,                                                                       
  ntb=1,                                                                       
  ntt=3,                                                                       
  gamma_ln=2.0,                                                                
  tempi=0.0,                                                                   
  temp0=300.0,                                                                 
  ntpr=5000,                                                                   
  ntwr=5000,                                                                   
  ntwx=10000,                                                                  
  ntwv=0,                                                                      
  ioutfm=1,                                                                    
  iwrap=0,                                                                     
  nmropt=1,                                                                    
  ifsc = 0, icfe=1,                                                            
  clambda=0.04794,                                                             
  timask1=':1',                                                                
  timask2=':2', crgmask = ':2',                                                
/                                                                              
&wt TYPE='TEMP0', istep1=0, istep2=90000, value1=0.0, value2=300.0 /           
&wt TYPE='TEMP0', istep1=90001, istep2=100000, value1=300.0, value2=300.0 /    
&wt TYPE='DUMPFREQ', istep1=10000, /                                           
&wt TYPE='END', /                                                              


Note: ig = -1. Setting random seed to   467048 based on wallclock time in 
      microseconds.
| irandom = 1, using AMBER's internal random number generator (default).
 
|--------------------- INFORMATION ----------------------
| GPU (CUDA) Version of PMEMD in use: NVIDIA GPU IN USE.
|                    Version 18.0.0
| 
|                      03/25/2018
| 
| Implementation by:
|                    Ross C. Walker     (SDSC)
|                    Scott Le Grand     (nVIDIA)
| 
| Version 18 performance extensions by:
|                    David Cerutti     (Rutgers)
| 
| Precision model in use:
|      [SPFP] - Single Precision Forces, 64-bit Fixed Point
|               Accumulation. (Default)
| 
|--------------------------------------------------------
 
|----------------- CITATION INFORMATION -----------------
|
|    When publishing work that utilized the CUDA version
|    of AMBER, please cite the following in addition to
|    the regular AMBER citations:
|
|  - Romelia Salomon-Ferrer; Andreas W. Goetz; Duncan
|    Poole; Scott Le Grand; Ross C. Walker "Routine
|    microsecond molecular dynamics simulations with
|    AMBER - Part II: Particle Mesh Ewald", J. Chem.
|    Theory Comput., 2013, 9 (9), pp3878-3888,
|    DOI: 10.1021/ct400314y.
|
|  - Andreas W. Goetz; Mark J. Williamson; Dong Xu;
|    Duncan Poole; Scott Le Grand; Ross C. Walker
|    "Routine microsecond molecular dynamics simulations
|    with AMBER - Part I: Generalized Born", J. Chem.
|    Theory Comput., 2012, 8 (5), pp1542-1555.
|
|  - Scott Le Grand; Andreas W. Goetz; Ross C. Walker
|    "SPFP: Speed without compromise - a mixed precision
|    model for GPU accelerated molecular dynamics
|    simulations.", Comp. Phys. Comm., 2013, 184
|    pp374-380, DOI: 10.1016/j.cpc.2012.09.022
|
|    When publishing work that utilized the CUDA version
|    of TI, BAR, MBAR or FEP please cite the following 
|    three publications in addition to the regular AMBER 
|    GPU citations:
|
|  - Daniel J. Mermelstein; Charles Lin; Gard Nelson; 
|    Rachael Kretsch; J. Andrew McCammon; Ross C. Walker
|    "Fast and Flexible GPU Accelerated Binding 
|    Free Energy Calculations within the AMBER Molecular
|    Dynamics Package" J. Comp. Chem., 2018,
|    DOI: 10.1002/jcc.25187
|
|  - Tai-Sung Lee; Yuan Hu; Brad Sherborne; Zhuyan Guo;
|    Darrin M. York
|    "Toward Fast and Accurate Binding Affinity Prediction with
|    pmemdGTI: An Efficient Implementation of GPU-Accelerated
|    Thermodynamic Integration"
|    J. Chem. Theory Comput., 2017, 13 (7), 3077
|
|
|--------------------------------------------------------
 
|------------------- GPU DEVICE INFO --------------------
|
|            CUDA_VISIBLE_DEVICES: 0
|   CUDA Capable Devices Detected:      1
|           CUDA Device ID in use:      0
|                CUDA Device Name: Tesla K80
|     CUDA Device Global Mem Size:  11441 MB
| CUDA Device Num Multiprocessors:     13
|           CUDA Device Core Freq:   0.82 GHz
|
|--------------------------------------------------------
 
 
| Conditional Compilation Defines Used:
| PUBFFT
| BINTRAJ
| CUDA
| EMIL

| Largest sphere to fit in unit cell has radius =    27.333

| New format PARM file being parsed.
| Version =    1.000 Date = 07/20/20 Time = 15:32:15

| Note: 1-4 EEL scale factors are being read from the topology file.

| Note: 1-4 VDW scale factors are being read from the topology file.
| Duplicated    0 dihedrals

| Duplicated    0 dihedrals

--------------------------------------------------------------------------------
   1.  RESOURCE   USE: 
--------------------------------------------------------------------------------

 getting box info from netcdf restart file
 NATOM  =      14 NTYPES =       6 NBONH =       6 MBONA  =       6
 NTHETH =      12 MTHETA =       6 NPHIH =      24 MPHIA  =       2
 NHPARM =       0 NPARM  =       0 NNB   =      44 NRES   =       2
 NBONA  =       6 NTHETA =       6 NPHIA =       2 NUMBND =       3
 NUMANG =       4 NPTRA  =       3 NATYP =       6 NPHB   =       1
 IFBOX  =       2 NMXRS  =       7 IFCAP =       0 NEXTRA =       0
 NCOPY  =       0

| Coordinate Index Table dimensions:    10   10   10
| Direct force subcell size =     6.6953    6.6953    6.6953

     BOX TYPE: TRUNCATED OCTAHEDRON

--------------------------------------------------------------------------------
   2.  CONTROL  DATA  FOR  THE  RUN
--------------------------------------------------------------------------------

default_name                                                                    

General flags:
     imin    =       0, nmropt  =       1

Nature and format of input:
     ntx     =       1, irest   =       0, ntrx    =       1

Nature and format of output:
     ntxo    =       2, ntpr    =    5000, ntrx    =       1, ntwr    =    5000
     iwrap   =       0, ntwx    =   10000, ntwv    =       0, ntwe    =       0
     ioutfm  =       1, ntwprt  =       0, idecomp =       0, rbornstat=      0

Potential function:
     ntf     =       2, ntb     =       1, igb     =       0, nsnb    =      25
     ipol    =       0, gbsa    =       0, iesp    =       0
     dielc   =   1.00000, cut     =  10.00000, intdiel =   1.00000

Frozen or restrained atoms:
     ibelly  =       0, ntr     =       0

Molecular dynamics:
     nstlim  =    100000, nscm    =      1000, nrespa  =         1
     t       =   0.00000, dt      =   0.00200, vlimit  =  -1.00000

Langevin dynamics temperature regulation:
     ig      =  467048
     temp0   = 300.00000, tempi   =   0.00000, gamma_ln=   2.00000

SHAKE:
     ntc     =       2, jfastw  =       0
     tol     =   0.00001

NMR refinement options:
     iscale  =       0, noeskp  =       1, ipnlty  =       1, mxsub   =       1
     scalm   = 100.00000, pencut  =   0.10000, tausw   =   0.10000

Free energy options:
     icfe    =       1, ifsc    =       0, klambda =       1
     clambda =  0.0479, scalpha =  0.5000, scbeta  = 12.0000
     sceeorder =       2
     dynlmb =  0.0000 logdvdl =       0

| Intermolecular bonds treatment:
|     no_intermolecular_bonds =       1

| Energy averages sample interval:
|     ene_avg_sampling =    5000

Ewald parameters:
     verbose =       0, ew_type =       0, nbflag  =       1, use_pme =       1
     vdwmeth =       1, eedmeth =       1, netfrc  =       1
     Box X =   66.953   Box Y =   66.953   Box Z =   66.953
     Alpha =  109.471   Beta  =  109.471   Gamma =  109.471
     NFFT1 =   64       NFFT2 =   64       NFFT3 =   64
     Cutoff=   10.000   Tol   =0.100E-04
     Ewald Coefficient =  0.27511
     Interpolation order =    4
     TI Mask 1 :1; matches      7 atoms
     TI Mask 2 :2; matches      7 atoms
     TI region 1:       7 atoms
     TI region 2:       7 atoms
Removing charge of      -0.8188 from atom       8
Removing charge of      -0.8188 from atom       9
Removing charge of       0.8054 from atom      10
Removing charge of      -0.1021 from atom      11
Removing charge of      -0.0219 from atom      12
Removing charge of      -0.0219 from atom      13
Removing charge of      -0.0219 from atom      14
Total charge of  -0.99999900 removed from       7 atoms
     Checking for mismatched coordinates.

--------------------------------------------------------------------------------
   3.  ATOMIC COORDINATES AND VELOCITIES
--------------------------------------------------------------------------------

default_name                                                                    
 begin time read from input coords =     0.000 ps



           Begin reading energy term weight changes/NMR restraints
 WEIGHT CHANGES:
 TEMP0         0  90000    0.000000  300.000000      0      0
 TEMP0     90001 100000  300.000000  300.000000      0      0
 DUMPFREQ  10000      0    0.000000    0.000000      0      0

 RESTRAINTS:
                          ** No restraint defined **

                  Done reading weight changes/NMR restraints


 
 Number of triangulated 3-point waters found:        0

     Sum of charges for TI region  1 =  -0.99999900
     Assuming uniform neutralizing plasma


     Sum of charges for TI region  2 =   0.00000000
     Forcing neutrality...

| Dynamic Memory, Types Used:
| Reals              144127
| Integers             1238

| Nonbonded Pairs Initial Allocation:        4234

| GPU memory information (estimate):
| KB of GPU memory in use:         0
| KB of CPU memory in use:         0

--------------------------------------------------------------------------------
   4.  RESULTS
--------------------------------------------------------------------------------


| TI region  1


 NSTEP =        0   TIME(PS) =       0.000  TEMP(K) =     0.00  PRESS =     0.0
 Etot   =        10.8430  EKtot   =         0.0000  EPtot      =        10.8430
 BOND   =         0.0349  ANGLE   =         2.8190  DIHED      =         5.2200
 1-4 NB =         0.2782  1-4 EEL =         9.9214  VDWAALS    =        -0.0001
 EELEC  =        -7.4304  EHBOND  =         0.0000  RESTRAINT  =         0.0000
 DV/DL  =        -2.6164
 ------------------------------------------------------------------------------


| TI region  2


 NSTEP =        0   TIME(PS) =       0.000  TEMP(K) =     0.00  PRESS =     0.0
 Etot   =        10.8430  EKtot   =         0.0000  EPtot      =        10.8430
 BOND   =         0.0349  ANGLE   =         2.8190  DIHED      =         5.2200
 1-4 NB =         0.2782  1-4 EEL =         9.9214  VDWAALS    =        -0.0001
 EELEC  =        -7.4304  EHBOND  =         0.0000  RESTRAINT  =         0.0000
 DV/DL  =        -2.6164
 ------------------------------------------------------------------------------

 NMR restraints: Bond =    0.000   Angle =     0.000   Torsion =     0.000
===============================================================================

| TI region  1


 NSTEP =     5000   TIME(PS) =      10.000  TEMP(K) =    23.40  PRESS =     0.0
 Etot   =        11.3862  EKtot   =         0.4184  EPtot      =        10.9678
 BOND   =         0.2327  ANGLE   =         2.8577  DIHED      =         5.2203
 1-4 NB =         0.2305  1-4 EEL =         9.8612  VDWAALS    =        -0.0001
 EELEC  =        -7.4346  EHBOND  =         0.0000  RESTRAINT  =         0.0000
 DV/DL  =        -2.5488
 ------------------------------------------------------------------------------


| TI region  2


 NSTEP =     5000   TIME(PS) =      10.000  TEMP(K) =    23.40  PRESS =     0.0
 Etot   =        11.3862  EKtot   =         0.4184  EPtot      =        10.9678
 BOND   =         0.2327  ANGLE   =         2.8577  DIHED      =         5.2203
 1-4 NB =         0.2305  1-4 EEL =         9.8612  VDWAALS    =        -0.0001
 EELEC  =        -7.4346  EHBOND  =         0.0000  RESTRAINT  =         0.0000
 DV/DL  =        -2.5488
 ------------------------------------------------------------------------------

 NMR restraints: Bond =    0.000   Angle =     0.000   Torsion =     0.000
===============================================================================

| TI region  1


 NSTEP =    10000   TIME(PS) =      20.000  TEMP(K) =    42.85  PRESS =     0.0
 Etot   =        11.8287  EKtot   =         0.7664  EPtot      =        11.0623
 BOND   =         0.2197  ANGLE   =         2.9426  DIHED      =         5.2153
 1-4 NB =         0.2465  1-4 EEL =         9.8705  VDWAALS    =        -0.0001
 EELEC  =        -7.4322  EHBOND  =         0.0000  RESTRAINT  =         0.0000
 DV/DL  =        -2.5611
 ------------------------------------------------------------------------------


| TI region  2


 NSTEP =    10000   TIME(PS) =      20.000  TEMP(K) =    42.85  PRESS =     0.0
 Etot   =        11.8287  EKtot   =         0.7664  EPtot      =        11.0623
 BOND   =         0.2197  ANGLE   =         2.9426  DIHED      =         5.2153
 1-4 NB =         0.2465  1-4 EEL =         9.8705  VDWAALS    =        -0.0001
 EELEC  =        -7.4322  EHBOND  =         0.0000  RESTRAINT  =         0.0000
 DV/DL  =        -2.5611
 ------------------------------------------------------------------------------

 NMR restraints: Bond =    0.000   Angle =     0.000   Torsion =     0.000
===============================================================================

| TI region  1


 NSTEP =    15000   TIME(PS) =      30.000  TEMP(K) =    27.27  PRESS =     0.0
 Etot   =        11.9169  EKtot   =         0.4878  EPtot      =        11.4291
 BOND   =         0.2037  ANGLE   =         3.2609  DIHED      =         5.2194
 1-4 NB =         0.2611  1-4 EEL =         9.9174  VDWAALS    =        -0.0001
 EELEC  =        -7.4333  EHBOND  =         0.0000  RESTRAINT  =         0.0000
 DV/DL  =        -2.6092
 ------------------------------------------------------------------------------


| TI region  2


 NSTEP =    15000   TIME(PS) =      30.000  TEMP(K) =    27.27  PRESS =     0.0
 Etot   =        11.9169  EKtot   =         0.4878  EPtot      =        11.4291
 BOND   =         0.2037  ANGLE   =         3.2609  DIHED      =         5.2194
 1-4 NB =         0.2611  1-4 EEL =         9.9174  VDWAALS    =        -0.0001
 EELEC  =        -7.4333  EHBOND  =         0.0000  RESTRAINT  =         0.0000
 DV/DL  =        -2.6092
 ------------------------------------------------------------------------------

 NMR restraints: Bond =    0.000   Angle =     0.000   Torsion =     0.000
===============================================================================

| TI region  1


 NSTEP =    20000   TIME(PS) =      40.000  TEMP(K) =    62.52  PRESS =     0.0
 Etot   =        12.4458  EKtot   =         1.1182  EPtot      =        11.3276
 BOND   =         0.3175  ANGLE   =         2.9288  DIHED      =         5.2177
 1-4 NB =         0.3667  1-4 EEL =         9.9333  VDWAALS    =        -0.0001
 EELEC  =        -7.4363  EHBOND  =         0.0000  RESTRAINT  =         0.0000
 DV/DL  =        -2.6227
 ------------------------------------------------------------------------------


| TI region  2


 NSTEP =    20000   TIME(PS) =      40.000  TEMP(K) =    62.52  PRESS =     0.0
 Etot   =        12.4458  EKtot   =         1.1182  EPtot      =        11.3276
 BOND   =         0.3175  ANGLE   =         2.9288  DIHED      =         5.2177
 1-4 NB =         0.3667  1-4 EEL =         9.9333  VDWAALS    =        -0.0001
 EELEC  =        -7.4363  EHBOND  =         0.0000  RESTRAINT  =         0.0000
 DV/DL  =        -2.6227
 ------------------------------------------------------------------------------

 NMR restraints: Bond =    0.000   Angle =     0.000   Torsion =     0.000
===============================================================================

| TI region  1


 NSTEP =    25000   TIME(PS) =      50.000  TEMP(K) =   141.67  PRESS =     0.0
 Etot   =        14.5378  EKtot   =         2.5336  EPtot      =        12.0042
 BOND   =         0.5863  ANGLE   =         3.5009  DIHED      =         5.2208
 1-4 NB =         0.2821  1-4 EEL =         9.8467  VDWAALS    =        -0.0001
 EELEC  =        -7.4325  EHBOND  =         0.0000  RESTRAINT  =         0.0000
 DV/DL  =        -2.5358
 ------------------------------------------------------------------------------


| TI region  2


 NSTEP =    25000   TIME(PS) =      50.000  TEMP(K) =   141.67  PRESS =     0.0
 Etot   =        14.5378  EKtot   =         2.5336  EPtot      =        12.0042
 BOND   =         0.5863  ANGLE   =         3.5009  DIHED      =         5.2208
 1-4 NB =         0.2821  1-4 EEL =         9.8467  VDWAALS    =        -0.0001
 EELEC  =        -7.4325  EHBOND  =         0.0000  RESTRAINT  =         0.0000
 DV/DL  =        -2.5358
 ------------------------------------------------------------------------------

 NMR restraints: Bond =    0.000   Angle =     0.000   Torsion =     0.000
===============================================================================

| TI region  1


 NSTEP =    30000   TIME(PS) =      60.000  TEMP(K) =   115.91  PRESS =     0.0
 Etot   =        13.6740  EKtot   =         2.0730  EPtot      =        11.6010
 BOND   =         0.1259  ANGLE   =         3.5226  DIHED      =         5.2260
 1-4 NB =         0.2499  1-4 EEL =         9.9107  VDWAALS    =        -0.0001
 EELEC  =        -7.4339  EHBOND  =         0.0000  RESTRAINT  =         0.0000
 DV/DL  =        -2.6015
 ------------------------------------------------------------------------------


| TI region  2


 NSTEP =    30000   TIME(PS) =      60.000  TEMP(K) =   115.91  PRESS =     0.0
 Etot   =        13.6740  EKtot   =         2.0730  EPtot      =        11.6010
 BOND   =         0.1259  ANGLE   =         3.5226  DIHED      =         5.2260
 1-4 NB =         0.2499  1-4 EEL =         9.9107  VDWAALS    =        -0.0001
 EELEC  =        -7.4339  EHBOND  =         0.0000  RESTRAINT  =         0.0000
 DV/DL  =        -2.6015
 ------------------------------------------------------------------------------

 NMR restraints: Bond =    0.000   Angle =     0.000   Torsion =     0.000
===============================================================================

| TI region  1


 NSTEP =    35000   TIME(PS) =      70.000  TEMP(K) =   135.55  PRESS =     0.0
 Etot   =        14.0363  EKtot   =         2.4243  EPtot      =        11.6121
 BOND   =         0.2442  ANGLE   =         3.5271  DIHED      =         5.2167
 1-4 NB =         0.2134  1-4 EEL =         9.8477  VDWAALS    =        -0.0001
 EELEC  =        -7.4369  EHBOND  =         0.0000  RESTRAINT  =         0.0000
 DV/DL  =        -2.5322
 ------------------------------------------------------------------------------


| TI region  2


 NSTEP =    35000   TIME(PS) =      70.000  TEMP(K) =   135.55  PRESS =     0.0
 Etot   =        14.0363  EKtot   =         2.4243  EPtot      =        11.6121
 BOND   =         0.2442  ANGLE   =         3.5271  DIHED      =         5.2167
 1-4 NB =         0.2134  1-4 EEL =         9.8477  VDWAALS    =        -0.0001
 EELEC  =        -7.4369  EHBOND  =         0.0000  RESTRAINT  =         0.0000
 DV/DL  =        -2.5322
 ------------------------------------------------------------------------------

 NMR restraints: Bond =    0.000   Angle =     0.000   Torsion =     0.000
===============================================================================

| TI region  1


 NSTEP =    40000   TIME(PS) =      80.000  TEMP(K) =   167.22  PRESS =     0.0
 Etot   =        14.8758  EKtot   =         2.9907  EPtot      =        11.8851
 BOND   =         0.1096  ANGLE   =         3.6526  DIHED      =         5.2724
 1-4 NB =         0.3310  1-4 EEL =         9.9511  VDWAALS    =        -0.0001
 EELEC  =        -7.4315  EHBOND  =         0.0000  RESTRAINT  =         0.0000
 DV/DL  =        -2.6465
 ------------------------------------------------------------------------------


| TI region  2


 NSTEP =    40000   TIME(PS) =      80.000  TEMP(K) =   167.22  PRESS =     0.0
 Etot   =        14.8758  EKtot   =         2.9907  EPtot      =        11.8851
 BOND   =         0.1096  ANGLE   =         3.6526  DIHED      =         5.2724
 1-4 NB =         0.3310  1-4 EEL =         9.9511  VDWAALS    =        -0.0001
 EELEC  =        -7.4315  EHBOND  =         0.0000  RESTRAINT  =         0.0000
 DV/DL  =        -2.6465
 ------------------------------------------------------------------------------

 NMR restraints: Bond =    0.000   Angle =     0.000   Torsion =     0.000
===============================================================================

| TI region  1


 NSTEP =    45000   TIME(PS) =      90.000  TEMP(K) =   148.41  PRESS =     0.0
 Etot   =        16.4007  EKtot   =         2.6543  EPtot      =        13.7464
 BOND   =         0.3931  ANGLE   =         5.4231  DIHED      =         5.2131
 1-4 NB =         0.2965  1-4 EEL =         9.8553  VDWAALS    =        -0.0001
 EELEC  =        -7.4346  EHBOND  =         0.0000  RESTRAINT  =         0.0000
 DV/DL  =        -2.5425
 ------------------------------------------------------------------------------


| TI region  2


 NSTEP =    45000   TIME(PS) =      90.000  TEMP(K) =   148.41  PRESS =     0.0
 Etot   =        16.4007  EKtot   =         2.6543  EPtot      =        13.7464
 BOND   =         0.3931  ANGLE   =         5.4231  DIHED      =         5.2131
 1-4 NB =         0.2965  1-4 EEL =         9.8553  VDWAALS    =        -0.0001
 EELEC  =        -7.4346  EHBOND  =         0.0000  RESTRAINT  =         0.0000
 DV/DL  =        -2.5425
 ------------------------------------------------------------------------------

 NMR restraints: Bond =    0.000   Angle =     0.000   Torsion =     0.000
===============================================================================

| TI region  1


 NSTEP =    50000   TIME(PS) =     100.000  TEMP(K) =   199.89  PRESS =     0.0
 Etot   =        15.2714  EKtot   =         3.5749  EPtot      =        11.6965
 BOND   =         0.0225  ANGLE   =         3.4762  DIHED      =         5.3093
 1-4 NB =         0.3367  1-4 EEL =         9.9832  VDWAALS    =        -0.0001
 EELEC  =        -7.4313  EHBOND  =         0.0000  RESTRAINT  =         0.0000
 DV/DL  =        -2.6804
 ------------------------------------------------------------------------------


| TI region  2


 NSTEP =    50000   TIME(PS) =     100.000  TEMP(K) =   199.89  PRESS =     0.0
 Etot   =        15.2714  EKtot   =         3.5749  EPtot      =        11.6965
 BOND   =         0.0225  ANGLE   =         3.4762  DIHED      =         5.3093
 1-4 NB =         0.3367  1-4 EEL =         9.9832  VDWAALS    =        -0.0001
 EELEC  =        -7.4313  EHBOND  =         0.0000  RESTRAINT  =         0.0000
 DV/DL  =        -2.6804
 ------------------------------------------------------------------------------

 NMR restraints: Bond =    0.000   Angle =     0.000   Torsion =     0.000
===============================================================================

| TI region  1


 NSTEP =    55000   TIME(PS) =     110.000  TEMP(K) =   129.21  PRESS =     0.0
 Etot   =        14.8083  EKtot   =         2.3109  EPtot      =        12.4974
 BOND   =         0.8654  ANGLE   =         3.5331  DIHED      =         5.2893
 1-4 NB =         0.3525  1-4 EEL =         9.8913  VDWAALS    =        -0.0001
 EELEC  =        -7.4341  EHBOND  =         0.0000  RESTRAINT  =         0.0000
 DV/DL  =        -2.5809
 ------------------------------------------------------------------------------


| TI region  2


 NSTEP =    55000   TIME(PS) =     110.000  TEMP(K) =   129.21  PRESS =     0.0
 Etot   =        14.8083  EKtot   =         2.3109  EPtot      =        12.4974
 BOND   =         0.8654  ANGLE   =         3.5331  DIHED      =         5.2893
 1-4 NB =         0.3525  1-4 EEL =         9.8913  VDWAALS    =        -0.0001
 EELEC  =        -7.4341  EHBOND  =         0.0000  RESTRAINT  =         0.0000
 DV/DL  =        -2.5809
 ------------------------------------------------------------------------------

 NMR restraints: Bond =    0.000   Angle =     0.000   Torsion =     0.000
===============================================================================

| TI region  1


 NSTEP =    60000   TIME(PS) =     120.000  TEMP(K) =   269.39  PRESS =     0.0
 Etot   =        16.9570  EKtot   =         4.8179  EPtot      =        12.1390
 BOND   =         0.2203  ANGLE   =         3.6857  DIHED      =         5.3421
 1-4 NB =         0.3377  1-4 EEL =         9.9863  VDWAALS    =        -0.0001
 EELEC  =        -7.4330  EHBOND  =         0.0000  RESTRAINT  =         0.0000
 DV/DL  =        -2.6819
 ------------------------------------------------------------------------------


| TI region  2


 NSTEP =    60000   TIME(PS) =     120.000  TEMP(K) =   269.39  PRESS =     0.0
 Etot   =        16.9570  EKtot   =         4.8179  EPtot      =        12.1390
 BOND   =         0.2203  ANGLE   =         3.6857  DIHED      =         5.3421
 1-4 NB =         0.3377  1-4 EEL =         9.9863  VDWAALS    =        -0.0001
 EELEC  =        -7.4330  EHBOND  =         0.0000  RESTRAINT  =         0.0000
 DV/DL  =        -2.6819
 ------------------------------------------------------------------------------

 NMR restraints: Bond =    0.000   Angle =     0.000   Torsion =     0.000
===============================================================================

| TI region  1


 NSTEP =    65000   TIME(PS) =     130.000  TEMP(K) =   284.66  PRESS =     0.0
 Etot   =        20.4590  EKtot   =         5.0911  EPtot      =        15.3679
 BOND   =         3.1498  ANGLE   =         4.7644  DIHED      =         5.2236
 1-4 NB =         0.0568  1-4 EEL =         9.6101  VDWAALS    =        -0.0001
 EELEC  =        -7.4366  EHBOND  =         0.0000  RESTRAINT  =         0.0000
 DV/DL  =        -2.2829
 ------------------------------------------------------------------------------


| TI region  2


 NSTEP =    65000   TIME(PS) =     130.000  TEMP(K) =   284.66  PRESS =     0.0
 Etot   =        20.4590  EKtot   =         5.0911  EPtot      =        15.3679
 BOND   =         3.1498  ANGLE   =         4.7644  DIHED      =         5.2236
 1-4 NB =         0.0568  1-4 EEL =         9.6101  VDWAALS    =        -0.0001
 EELEC  =        -7.4366  EHBOND  =         0.0000  RESTRAINT  =         0.0000
 DV/DL  =        -2.2829
 ------------------------------------------------------------------------------

 NMR restraints: Bond =    0.000   Angle =     0.000   Torsion =     0.000
===============================================================================

| TI region  1


 NSTEP =    70000   TIME(PS) =     140.000  TEMP(K) =   214.58  PRESS =     0.0
 Etot   =        15.6130  EKtot   =         3.8377  EPtot      =        11.7753
 BOND   =         0.4217  ANGLE   =         3.4984  DIHED      =         5.2300
 1-4 NB =         0.2039  1-4 EEL =         9.8572  VDWAALS    =        -0.0001
 EELEC  =        -7.4358  EHBOND  =         0.0000  RESTRAINT  =         0.0000
 DV/DL  =        -2.5434
 ------------------------------------------------------------------------------


| TI region  2


 NSTEP =    70000   TIME(PS) =     140.000  TEMP(K) =   214.58  PRESS =     0.0
 Etot   =        15.6130  EKtot   =         3.8377  EPtot      =        11.7753
 BOND   =         0.4217  ANGLE   =         3.4984  DIHED      =         5.2300
 1-4 NB =         0.2039  1-4 EEL =         9.8572  VDWAALS    =        -0.0001
 EELEC  =        -7.4358  EHBOND  =         0.0000  RESTRAINT  =         0.0000
 DV/DL  =        -2.5434
 ------------------------------------------------------------------------------

 NMR restraints: Bond =    0.000   Angle =     0.000   Torsion =     0.000
===============================================================================

| TI region  1


 NSTEP =    75000   TIME(PS) =     150.000  TEMP(K) =   300.26  PRESS =     0.0
 Etot   =        18.3474  EKtot   =         5.3701  EPtot      =        12.9773
 BOND   =         0.1777  ANGLE   =         4.7209  DIHED      =         5.2631
 1-4 NB =         0.2956  1-4 EEL =         9.9520  VDWAALS    =        -0.0001
 EELEC  =        -7.4318  EHBOND  =         0.0000  RESTRAINT  =         0.0000
 DV/DL  =        -2.6471
 ------------------------------------------------------------------------------


| TI region  2


 NSTEP =    75000   TIME(PS) =     150.000  TEMP(K) =   300.26  PRESS =     0.0
 Etot   =        18.3474  EKtot   =         5.3701  EPtot      =        12.9773
 BOND   =         0.1777  ANGLE   =         4.7209  DIHED      =         5.2631
 1-4 NB =         0.2956  1-4 EEL =         9.9520  VDWAALS    =        -0.0001
 EELEC  =        -7.4318  EHBOND  =         0.0000  RESTRAINT  =         0.0000
 DV/DL  =        -2.6471
 ------------------------------------------------------------------------------

 NMR restraints: Bond =    0.000   Angle =     0.000   Torsion =     0.000
===============================================================================

| TI region  1


 NSTEP =    80000   TIME(PS) =     160.000  TEMP(K) =   211.65  PRESS =     0.0
 Etot   =        16.9473  EKtot   =         3.7852  EPtot      =        13.1621
 BOND   =         1.0627  ANGLE   =         4.0044  DIHED      =         5.2384
 1-4 NB =         0.3234  1-4 EEL =         9.9651  VDWAALS    =        -0.0001
 EELEC  =        -7.4318  EHBOND  =         0.0000  RESTRAINT  =         0.0000
 DV/DL  =        -2.6609
 ------------------------------------------------------------------------------


| TI region  2


 NSTEP =    80000   TIME(PS) =     160.000  TEMP(K) =   211.65  PRESS =     0.0
 Etot   =        16.9473  EKtot   =         3.7852  EPtot      =        13.1621
 BOND   =         1.0627  ANGLE   =         4.0044  DIHED      =         5.2384
 1-4 NB =         0.3234  1-4 EEL =         9.9651  VDWAALS    =        -0.0001
 EELEC  =        -7.4318  EHBOND  =         0.0000  RESTRAINT  =         0.0000
 DV/DL  =        -2.6609
 ------------------------------------------------------------------------------

 NMR restraints: Bond =    0.000   Angle =     0.000   Torsion =     0.000
===============================================================================

| TI region  1


 NSTEP =    85000   TIME(PS) =     170.000  TEMP(K) =   335.95  PRESS =     0.0
 Etot   =        18.2352  EKtot   =         6.0083  EPtot      =        12.2269
 BOND   =         0.3073  ANGLE   =         4.0382  DIHED      =         5.2269
 1-4 NB =         0.2959  1-4 EEL =         9.7933  VDWAALS    =        -0.0001
 EELEC  =        -7.4348  EHBOND  =         0.0000  RESTRAINT  =         0.0000
 DV/DL  =        -2.4773
 ------------------------------------------------------------------------------


| TI region  2


 NSTEP =    85000   TIME(PS) =     170.000  TEMP(K) =   335.95  PRESS =     0.0
 Etot   =        18.2352  EKtot   =         6.0083  EPtot      =        12.2269
 BOND   =         0.3073  ANGLE   =         4.0382  DIHED      =         5.2269
 1-4 NB =         0.2959  1-4 EEL =         9.7933  VDWAALS    =        -0.0001
 EELEC  =        -7.4348  EHBOND  =         0.0000  RESTRAINT  =         0.0000
 DV/DL  =        -2.4773
 ------------------------------------------------------------------------------

 NMR restraints: Bond =    0.000   Angle =     0.000   Torsion =     0.000
===============================================================================

| TI region  1


 NSTEP =    90000   TIME(PS) =     180.000  TEMP(K) =   350.06  PRESS =     0.0
 Etot   =        21.7274  EKtot   =         6.2608  EPtot      =        15.4667
 BOND   =         1.7411  ANGLE   =         5.3758  DIHED      =         5.6812
 1-4 NB =         0.2529  1-4 EEL =         9.8502  VDWAALS    =        -0.0001
 EELEC  =        -7.4345  EHBOND  =         0.0000  RESTRAINT  =         0.0000
 DV/DL  =        -2.5374
 ------------------------------------------------------------------------------


| TI region  2


 NSTEP =    90000   TIME(PS) =     180.000  TEMP(K) =   350.06  PRESS =     0.0
 Etot   =        21.7274  EKtot   =         6.2608  EPtot      =        15.4667
 BOND   =         1.7411  ANGLE   =         5.3758  DIHED      =         5.6812
 1-4 NB =         0.2529  1-4 EEL =         9.8502  VDWAALS    =        -0.0001
 EELEC  =        -7.4345  EHBOND  =         0.0000  RESTRAINT  =         0.0000
 DV/DL  =        -2.5374
 ------------------------------------------------------------------------------

 NMR restraints: Bond =    0.000   Angle =     0.000   Torsion =     0.000
===============================================================================

| TI region  1


 NSTEP =    95000   TIME(PS) =     190.000  TEMP(K) =   215.70  PRESS =     0.0
 Etot   =        18.3966  EKtot   =         3.8577  EPtot      =        14.5389
 BOND   =         2.1517  ANGLE   =         4.7106  DIHED      =         5.3043
 1-4 NB =         0.1167  1-4 EEL =         9.6926  VDWAALS    =        -0.0001
 EELEC  =        -7.4369  EHBOND  =         0.0000  RESTRAINT  =         0.0000
 DV/DL  =        -2.3692
 ------------------------------------------------------------------------------


| TI region  2


 NSTEP =    95000   TIME(PS) =     190.000  TEMP(K) =   215.70  PRESS =     0.0
 Etot   =        18.3966  EKtot   =         3.8577  EPtot      =        14.5389
 BOND   =         2.1517  ANGLE   =         4.7106  DIHED      =         5.3043
 1-4 NB =         0.1167  1-4 EEL =         9.6926  VDWAALS    =        -0.0001
 EELEC  =        -7.4369  EHBOND  =         0.0000  RESTRAINT  =         0.0000
 DV/DL  =        -2.3692
 ------------------------------------------------------------------------------

 NMR restraints: Bond =    0.000   Angle =     0.000   Torsion =     0.000
===============================================================================

| TI region  1


 NSTEP =   100000   TIME(PS) =     200.000  TEMP(K) =   438.39  PRESS =     0.0
 Etot   =        23.4135  EKtot   =         7.8405  EPtot      =        15.5730
 BOND   =         0.4472  ANGLE   =         7.6212  DIHED      =         5.1985
 1-4 NB =         0.0628  1-4 EEL =         9.6802  VDWAALS    =        -0.0001
 EELEC  =        -7.4369  EHBOND  =         0.0000  RESTRAINT  =         0.0000
 DV/DL  =        -2.3563
 ------------------------------------------------------------------------------


| TI region  2


 NSTEP =   100000   TIME(PS) =     200.000  TEMP(K) =   438.39  PRESS =     0.0
 Etot   =        23.4135  EKtot   =         7.8405  EPtot      =        15.5730
 BOND   =         0.4472  ANGLE   =         7.6212  DIHED      =         5.1985
 1-4 NB =         0.0628  1-4 EEL =         9.6802  VDWAALS    =        -0.0001
 EELEC  =        -7.4369  EHBOND  =         0.0000  RESTRAINT  =         0.0000
 DV/DL  =        -2.3563
 ------------------------------------------------------------------------------

 NMR restraints: Bond =    0.000   Angle =     0.000   Torsion =     0.000
===============================================================================

| TI region  1


      A V E R A G E S   O V E R      20 S T E P S


 NSTEP =   100000   TIME(PS) =     200.000  TEMP(K) =   190.73  PRESS =     0.0
 Etot   =        16.0639  EKtot   =         3.4111  EPtot      =        12.6528
 BOND   =         0.6500  ANGLE   =         4.0523  DIHED      =         5.2664
 1-4 NB =         0.2556  1-4 EEL =         9.8628  VDWAALS    =        -0.0001
 EELEC  =        -7.4342  EHBOND  =         0.0000  RESTRAINT  =         0.0000
 DV/DL  =        -2.5509
 ------------------------------------------------------------------------------

 NMR restraints: Bond =    0.000   Angle =     0.000   Torsion =     0.000
===============================================================================

      R M S  F L U C T U A T I O N S


 NSTEP =   100000   TIME(PS) =     200.000  TEMP(K) =   111.07  PRESS =     0.0
 Etot   =         3.2291  EKtot   =         1.9865  EPtot      =         1.4648
 BOND   =         0.7872  ANGLE   =         1.1038  DIHED      =         0.1025
 1-4 NB =         0.0872  1-4 EEL =         0.0997  VDWAALS    =         0.0000
 EELEC  =         0.0019  EHBOND  =         0.0000  RESTRAINT  =         0.0000
 DV/DL  =         0.1062
 ------------------------------------------------------------------------------


| TI region  2


      A V E R A G E S   O V E R      20 S T E P S


 NSTEP =   100000   TIME(PS) =     200.000  TEMP(K) =   190.73  PRESS =     0.0
 Etot   =        16.0639  EKtot   =         3.4111  EPtot      =        12.6528
 BOND   =         0.6500  ANGLE   =         4.0523  DIHED      =         5.2664
 1-4 NB =         0.2556  1-4 EEL =         9.8628  VDWAALS    =        -0.0001
 EELEC  =        -7.4342  EHBOND  =         0.0000  RESTRAINT  =         0.0000
 DV/DL  =        -2.5509
 ------------------------------------------------------------------------------

 NMR restraints: Bond =    0.000   Angle =     0.000   Torsion =     0.000
===============================================================================

      R M S  F L U C T U A T I O N S


 NSTEP =   100000   TIME(PS) =     200.000  TEMP(K) =   111.07  PRESS =     0.0
 Etot   =         3.2291  EKtot   =         1.9865  EPtot      =         1.4648
 BOND   =         0.7872  ANGLE   =         1.1038  DIHED      =         0.1025
 1-4 NB =         0.0872  1-4 EEL =         0.0997  VDWAALS    =         0.0000
 EELEC  =         0.0019  EHBOND  =         0.0000  RESTRAINT  =         0.0000
 DV/DL  =         0.1062
 ------------------------------------------------------------------------------


      DV/DL, AVERAGES OVER      20 STEPS


 NSTEP =   100000   TIME(PS) =     200.000  TEMP(K) =   111.07  PRESS =     0.0
 Etot   =         0.0000  EKtot   =         0.0000  EPtot      =        -2.5509
 BOND   =         0.0000  ANGLE   =         0.0000  DIHED      =         0.0000
 1-4 NB =         0.0000  1-4 EEL =       -10.3594  VDWAALS    =         0.0000
 EELEC  =         7.8085  EHBOND  =         0.0000  RESTRAINT  =         0.0000
 DV/DL  =        -2.5509
 ------------------------------------------------------------------------------


 NMR restraints on final step:

--------------------------------------------------------------------------------
   5.  TIMINGS
--------------------------------------------------------------------------------

|  NonSetup CPU Time in Major Routines:
|
|     Routine           Sec        %
|     ------------------------------
|     Nonbond          25.15   35.57
|     Bond              0.00    0.00
|     Angle             0.00    0.00
|     Dihedral          0.00    0.00
|     Shake             0.73    1.04
|     RunMD            44.57   63.03
|     Other             0.26    0.37
|     ------------------------------
|     Total            70.71

|  PME Nonbond Pairlist CPU Time:
|
|     Routine              Sec        %
|     ---------------------------------
|     Set Up Cit           0.00    0.00
|     Build List           0.00    0.00
|     ---------------------------------
|     Total                0.00    0.00

|  PME Direct Force CPU Time:
|
|     Routine              Sec        %
|     ---------------------------------
|     NonBonded Calc       0.00    0.00
|     Exclude Masked       0.00    0.00
|     Other                0.19    0.26
|     ---------------------------------
|     Total                0.19    0.26

|  PME Reciprocal Force CPU Time:
|
|     Routine              Sec        %
|     ---------------------------------
|     1D bspline           0.00    0.00
|     Grid Charges         0.00    0.00
|     Scalar Sum           0.00    0.00
|     Gradient Sum         0.00    0.00
|     FFT                  0.00    0.00
|     ---------------------------------
|     Total                0.00    0.00

|  Final Performance Info:
|     -----------------------------------------------------
|     Average timings for last   15000 steps:
|     Elapsed(s) =      11.12 Per Step(ms) =       0.74
|         ns/day =     233.16   seconds/ns =     370.56
|
|     Average timings for all steps:
|     Elapsed(s) =      71.22 Per Step(ms) =       0.71
|         ns/day =     242.63   seconds/ns =     356.10
|     -----------------------------------------------------

|  Setup CPU time:            0.43 seconds
|  NonSetup CPU time:        70.71 seconds
|  Total CPU time:           71.14 seconds     0.02 hours

|  Setup wall time:           1    seconds
|  NonSetup wall time:       71    seconds
|  Total wall time:          72    seconds     0.02 hours
