
          -------------------------------------------------------
          Amber 18 PMEMD                              2018
          -------------------------------------------------------

| PMEMD implementation of SANDER, Release 18

| Run on 07/20/2020 at 15:33:08

|   Executable path: /opt/software/Amber/18-foss-2018b-AmberTools-19/bin/pmemd.cuda
| Working directory: /mnt/gs18/scratch/users/songlin3/run/1264_optimization/acetate/two_steps_ti3p_gas/step1/0.11505
|          Hostname: lac-142

  [-O]verwriting output

File Assignments:
|   MDIN: heat.in                                                               
|  MDOUT: heat.out                                                              
| INPCRD: min.rst                                                               
|   PARM: step1_final.prmtop                                                    
| RESTRT: heat.rst                                                              
|   REFC: min.rst                                                               
|  MDVEL: mdvel                                                                 
|   MDEN: mden                                                                  
|  MDCRD: heat.netcdf                                                           
| MDINFO: heat.mdinfo                                                           
|  MDFRC: mdfrc                                                                 


 Here is the input file:

nvt for free MD                                                                
 &cntrl                                                                        
  imin=0,                                                                      
  irest=0,                                                                     
  ntx=1,                                                                       
  ig=-1,                                                                       
  nstlim=100000,                                                               
  dt=0.002,                                                                    
  cut=10.0,                                                                    
  ntc=2,                                                                       
  ntf=2,                                                                       
  ntb=1,                                                                       
  ntt=3,                                                                       
  gamma_ln=2.0,                                                                
  tempi=0.0,                                                                   
  temp0=300.0,                                                                 
  ntpr=5000,                                                                   
  ntwr=5000,                                                                   
  ntwx=10000,                                                                  
  ntwv=0,                                                                      
  ioutfm=1,                                                                    
  iwrap=0,                                                                     
  nmropt=1,                                                                    
  ifsc = 0, icfe=1,                                                            
  clambda=0.11505,                                                             
  timask1=':1',                                                                
  timask2=':2', crgmask = ':2',                                                
/                                                                              
&wt TYPE='TEMP0', istep1=0, istep2=90000, value1=0.0, value2=300.0 /           
&wt TYPE='TEMP0', istep1=90001, istep2=100000, value1=300.0, value2=300.0 /    
&wt TYPE='DUMPFREQ', istep1=10000, /                                           
&wt TYPE='END', /                                                              


Note: ig = -1. Setting random seed to   315450 based on wallclock time in 
      microseconds.
| irandom = 1, using AMBER's internal random number generator (default).
 
|--------------------- INFORMATION ----------------------
| GPU (CUDA) Version of PMEMD in use: NVIDIA GPU IN USE.
|                    Version 18.0.0
| 
|                      03/25/2018
| 
| Implementation by:
|                    Ross C. Walker     (SDSC)
|                    Scott Le Grand     (nVIDIA)
| 
| Version 18 performance extensions by:
|                    David Cerutti     (Rutgers)
| 
| Precision model in use:
|      [SPFP] - Single Precision Forces, 64-bit Fixed Point
|               Accumulation. (Default)
| 
|--------------------------------------------------------
 
|----------------- CITATION INFORMATION -----------------
|
|    When publishing work that utilized the CUDA version
|    of AMBER, please cite the following in addition to
|    the regular AMBER citations:
|
|  - Romelia Salomon-Ferrer; Andreas W. Goetz; Duncan
|    Poole; Scott Le Grand; Ross C. Walker "Routine
|    microsecond molecular dynamics simulations with
|    AMBER - Part II: Particle Mesh Ewald", J. Chem.
|    Theory Comput., 2013, 9 (9), pp3878-3888,
|    DOI: 10.1021/ct400314y.
|
|  - Andreas W. Goetz; Mark J. Williamson; Dong Xu;
|    Duncan Poole; Scott Le Grand; Ross C. Walker
|    "Routine microsecond molecular dynamics simulations
|    with AMBER - Part I: Generalized Born", J. Chem.
|    Theory Comput., 2012, 8 (5), pp1542-1555.
|
|  - Scott Le Grand; Andreas W. Goetz; Ross C. Walker
|    "SPFP: Speed without compromise - a mixed precision
|    model for GPU accelerated molecular dynamics
|    simulations.", Comp. Phys. Comm., 2013, 184
|    pp374-380, DOI: 10.1016/j.cpc.2012.09.022
|
|    When publishing work that utilized the CUDA version
|    of TI, BAR, MBAR or FEP please cite the following 
|    three publications in addition to the regular AMBER 
|    GPU citations:
|
|  - Daniel J. Mermelstein; Charles Lin; Gard Nelson; 
|    Rachael Kretsch; J. Andrew McCammon; Ross C. Walker
|    "Fast and Flexible GPU Accelerated Binding 
|    Free Energy Calculations within the AMBER Molecular
|    Dynamics Package" J. Comp. Chem., 2018,
|    DOI: 10.1002/jcc.25187
|
|  - Tai-Sung Lee; Yuan Hu; Brad Sherborne; Zhuyan Guo;
|    Darrin M. York
|    "Toward Fast and Accurate Binding Affinity Prediction with
|    pmemdGTI: An Efficient Implementation of GPU-Accelerated
|    Thermodynamic Integration"
|    J. Chem. Theory Comput., 2017, 13 (7), 3077
|
|
|--------------------------------------------------------
 
|------------------- GPU DEVICE INFO --------------------
|
|            CUDA_VISIBLE_DEVICES: 0
|   CUDA Capable Devices Detected:      1
|           CUDA Device ID in use:      0
|                CUDA Device Name: Tesla K80
|     CUDA Device Global Mem Size:  11441 MB
| CUDA Device Num Multiprocessors:     13
|           CUDA Device Core Freq:   0.82 GHz
|
|--------------------------------------------------------
 
 
| Conditional Compilation Defines Used:
| PUBFFT
| BINTRAJ
| CUDA
| EMIL

| Largest sphere to fit in unit cell has radius =    27.333

| New format PARM file being parsed.
| Version =    1.000 Date = 07/20/20 Time = 15:32:15

| Note: 1-4 EEL scale factors are being read from the topology file.

| Note: 1-4 VDW scale factors are being read from the topology file.
| Duplicated    0 dihedrals

| Duplicated    0 dihedrals

--------------------------------------------------------------------------------
   1.  RESOURCE   USE: 
--------------------------------------------------------------------------------

 getting box info from netcdf restart file
 NATOM  =      14 NTYPES =       6 NBONH =       6 MBONA  =       6
 NTHETH =      12 MTHETA =       6 NPHIH =      24 MPHIA  =       2
 NHPARM =       0 NPARM  =       0 NNB   =      44 NRES   =       2
 NBONA  =       6 NTHETA =       6 NPHIA =       2 NUMBND =       3
 NUMANG =       4 NPTRA  =       3 NATYP =       6 NPHB   =       1
 IFBOX  =       2 NMXRS  =       7 IFCAP =       0 NEXTRA =       0
 NCOPY  =       0

| Coordinate Index Table dimensions:    10   10   10
| Direct force subcell size =     6.6953    6.6953    6.6953

     BOX TYPE: TRUNCATED OCTAHEDRON

--------------------------------------------------------------------------------
   2.  CONTROL  DATA  FOR  THE  RUN
--------------------------------------------------------------------------------

default_name                                                                    

General flags:
     imin    =       0, nmropt  =       1

Nature and format of input:
     ntx     =       1, irest   =       0, ntrx    =       1

Nature and format of output:
     ntxo    =       2, ntpr    =    5000, ntrx    =       1, ntwr    =    5000
     iwrap   =       0, ntwx    =   10000, ntwv    =       0, ntwe    =       0
     ioutfm  =       1, ntwprt  =       0, idecomp =       0, rbornstat=      0

Potential function:
     ntf     =       2, ntb     =       1, igb     =       0, nsnb    =      25
     ipol    =       0, gbsa    =       0, iesp    =       0
     dielc   =   1.00000, cut     =  10.00000, intdiel =   1.00000

Frozen or restrained atoms:
     ibelly  =       0, ntr     =       0

Molecular dynamics:
     nstlim  =    100000, nscm    =      1000, nrespa  =         1
     t       =   0.00000, dt      =   0.00200, vlimit  =  -1.00000

Langevin dynamics temperature regulation:
     ig      =  315450
     temp0   = 300.00000, tempi   =   0.00000, gamma_ln=   2.00000

SHAKE:
     ntc     =       2, jfastw  =       0
     tol     =   0.00001

NMR refinement options:
     iscale  =       0, noeskp  =       1, ipnlty  =       1, mxsub   =       1
     scalm   = 100.00000, pencut  =   0.10000, tausw   =   0.10000

Free energy options:
     icfe    =       1, ifsc    =       0, klambda =       1
     clambda =  0.1150, scalpha =  0.5000, scbeta  = 12.0000
     sceeorder =       2
     dynlmb =  0.0000 logdvdl =       0

| Intermolecular bonds treatment:
|     no_intermolecular_bonds =       1

| Energy averages sample interval:
|     ene_avg_sampling =    5000

Ewald parameters:
     verbose =       0, ew_type =       0, nbflag  =       1, use_pme =       1
     vdwmeth =       1, eedmeth =       1, netfrc  =       1
     Box X =   66.953   Box Y =   66.953   Box Z =   66.953
     Alpha =  109.471   Beta  =  109.471   Gamma =  109.471
     NFFT1 =   64       NFFT2 =   64       NFFT3 =   64
     Cutoff=   10.000   Tol   =0.100E-04
     Ewald Coefficient =  0.27511
     Interpolation order =    4
     TI Mask 1 :1; matches      7 atoms
     TI Mask 2 :2; matches      7 atoms
     TI region 1:       7 atoms
     TI region 2:       7 atoms
Removing charge of      -0.8188 from atom       8
Removing charge of      -0.8188 from atom       9
Removing charge of       0.8054 from atom      10
Removing charge of      -0.1021 from atom      11
Removing charge of      -0.0219 from atom      12
Removing charge of      -0.0219 from atom      13
Removing charge of      -0.0219 from atom      14
Total charge of  -0.99999900 removed from       7 atoms
     Checking for mismatched coordinates.

--------------------------------------------------------------------------------
   3.  ATOMIC COORDINATES AND VELOCITIES
--------------------------------------------------------------------------------

default_name                                                                    
 begin time read from input coords =     0.000 ps



           Begin reading energy term weight changes/NMR restraints
 WEIGHT CHANGES:
 TEMP0         0  90000    0.000000  300.000000      0      0
 TEMP0     90001 100000  300.000000  300.000000      0      0
 DUMPFREQ  10000      0    0.000000    0.000000      0      0

 RESTRAINTS:
                          ** No restraint defined **

                  Done reading weight changes/NMR restraints


 
 Number of triangulated 3-point waters found:        0

     Sum of charges for TI region  1 =  -0.99999900
     Assuming uniform neutralizing plasma


     Sum of charges for TI region  2 =   0.00000000
     Forcing neutrality...

| Dynamic Memory, Types Used:
| Reals              144127
| Integers             1238

| Nonbonded Pairs Initial Allocation:        4234

| GPU memory information (estimate):
| KB of GPU memory in use:         0
| KB of CPU memory in use:         0

--------------------------------------------------------------------------------
   4.  RESULTS
--------------------------------------------------------------------------------


| TI region  1


 NSTEP =        0   TIME(PS) =       0.000  TEMP(K) =     0.00  PRESS =     0.0
 Etot   =        10.6646  EKtot   =         0.0000  EPtot      =        10.6646
 BOND   =         0.0319  ANGLE   =         2.8172  DIHED      =         5.2200
 1-4 NB =         0.2806  1-4 EEL =         9.2245  VDWAALS    =        -0.0001
 EELEC  =        -6.9096  EHBOND  =         0.0000  RESTRAINT  =         0.0000
 DV/DL  =        -2.6159
 ------------------------------------------------------------------------------


| TI region  2


 NSTEP =        0   TIME(PS) =       0.000  TEMP(K) =     0.00  PRESS =     0.0
 Etot   =        10.6646  EKtot   =         0.0000  EPtot      =        10.6646
 BOND   =         0.0319  ANGLE   =         2.8172  DIHED      =         5.2200
 1-4 NB =         0.2806  1-4 EEL =         9.2245  VDWAALS    =        -0.0001
 EELEC  =        -6.9096  EHBOND  =         0.0000  RESTRAINT  =         0.0000
 DV/DL  =        -2.6159
 ------------------------------------------------------------------------------

 NMR restraints: Bond =    0.000   Angle =     0.000   Torsion =     0.000
===============================================================================

| TI region  1


 NSTEP =     5000   TIME(PS) =      10.000  TEMP(K) =    11.54  PRESS =     0.0
 Etot   =        11.1265  EKtot   =         0.2064  EPtot      =        10.9201
 BOND   =         0.2718  ANGLE   =         2.9043  DIHED      =         5.2173
 1-4 NB =         0.2523  1-4 EEL =         9.1880  VDWAALS    =        -0.0001
 EELEC  =        -6.9135  EHBOND  =         0.0000  RESTRAINT  =         0.0000
 DV/DL  =        -2.5702
 ------------------------------------------------------------------------------


| TI region  2


 NSTEP =     5000   TIME(PS) =      10.000  TEMP(K) =    11.54  PRESS =     0.0
 Etot   =        11.1265  EKtot   =         0.2064  EPtot      =        10.9201
 BOND   =         0.2718  ANGLE   =         2.9043  DIHED      =         5.2173
 1-4 NB =         0.2523  1-4 EEL =         9.1880  VDWAALS    =        -0.0001
 EELEC  =        -6.9135  EHBOND  =         0.0000  RESTRAINT  =         0.0000
 DV/DL  =        -2.5702
 ------------------------------------------------------------------------------

 NMR restraints: Bond =    0.000   Angle =     0.000   Torsion =     0.000
===============================================================================

| TI region  1


 NSTEP =    10000   TIME(PS) =      20.000  TEMP(K) =    33.33  PRESS =     0.0
 Etot   =        11.5668  EKtot   =         0.5961  EPtot      =        10.9707
 BOND   =         0.0806  ANGLE   =         2.9685  DIHED      =         5.2251
 1-4 NB =         0.3599  1-4 EEL =         9.2480  VDWAALS    =        -0.0001
 EELEC  =        -6.9114  EHBOND  =         0.0000  RESTRAINT  =         0.0000
 DV/DL  =        -2.6403
 ------------------------------------------------------------------------------


| TI region  2


 NSTEP =    10000   TIME(PS) =      20.000  TEMP(K) =    33.33  PRESS =     0.0
 Etot   =        11.5668  EKtot   =         0.5961  EPtot      =        10.9707
 BOND   =         0.0806  ANGLE   =         2.9685  DIHED      =         5.2251
 1-4 NB =         0.3599  1-4 EEL =         9.2480  VDWAALS    =        -0.0001
 EELEC  =        -6.9114  EHBOND  =         0.0000  RESTRAINT  =         0.0000
 DV/DL  =        -2.6403
 ------------------------------------------------------------------------------

 NMR restraints: Bond =    0.000   Angle =     0.000   Torsion =     0.000
===============================================================================

| TI region  1


 NSTEP =    15000   TIME(PS) =      30.000  TEMP(K) =    70.11  PRESS =     0.0
 Etot   =        12.2315  EKtot   =         1.2538  EPtot      =        10.9777
 BOND   =         0.0773  ANGLE   =         2.9720  DIHED      =         5.2413
 1-4 NB =         0.3150  1-4 EEL =         9.2786  VDWAALS    =        -0.0001
 EELEC  =        -6.9064  EHBOND  =         0.0000  RESTRAINT  =         0.0000
 DV/DL  =        -2.6806
 ------------------------------------------------------------------------------


| TI region  2


 NSTEP =    15000   TIME(PS) =      30.000  TEMP(K) =    70.11  PRESS =     0.0
 Etot   =        12.2315  EKtot   =         1.2538  EPtot      =        10.9777
 BOND   =         0.0773  ANGLE   =         2.9720  DIHED      =         5.2413
 1-4 NB =         0.3150  1-4 EEL =         9.2786  VDWAALS    =        -0.0001
 EELEC  =        -6.9064  EHBOND  =         0.0000  RESTRAINT  =         0.0000
 DV/DL  =        -2.6806
 ------------------------------------------------------------------------------

 NMR restraints: Bond =    0.000   Angle =     0.000   Torsion =     0.000
===============================================================================

| TI region  1


 NSTEP =    20000   TIME(PS) =      40.000  TEMP(K) =    84.61  PRESS =     0.0
 Etot   =        12.6456  EKtot   =         1.5132  EPtot      =        11.1324
 BOND   =         0.0966  ANGLE   =         3.0396  DIHED      =         5.2746
 1-4 NB =         0.3800  1-4 EEL =         9.2515  VDWAALS    =        -0.0001
 EELEC  =        -6.9099  EHBOND  =         0.0000  RESTRAINT  =         0.0000
 DV/DL  =        -2.6460
 ------------------------------------------------------------------------------


| TI region  2


 NSTEP =    20000   TIME(PS) =      40.000  TEMP(K) =    84.61  PRESS =     0.0
 Etot   =        12.6456  EKtot   =         1.5132  EPtot      =        11.1324
 BOND   =         0.0966  ANGLE   =         3.0396  DIHED      =         5.2746
 1-4 NB =         0.3800  1-4 EEL =         9.2515  VDWAALS    =        -0.0001
 EELEC  =        -6.9099  EHBOND  =         0.0000  RESTRAINT  =         0.0000
 DV/DL  =        -2.6460
 ------------------------------------------------------------------------------

 NMR restraints: Bond =    0.000   Angle =     0.000   Torsion =     0.000
===============================================================================

| TI region  1


 NSTEP =    25000   TIME(PS) =      50.000  TEMP(K) =    56.12  PRESS =     0.0
 Etot   =        12.2834  EKtot   =         1.0037  EPtot      =        11.2797
 BOND   =         0.5045  ANGLE   =         3.0328  DIHED      =         5.2384
 1-4 NB =         0.2568  1-4 EEL =         9.1599  VDWAALS    =        -0.0001
 EELEC  =        -6.9126  EHBOND  =         0.0000  RESTRAINT  =         0.0000
 DV/DL  =        -2.5394
 ------------------------------------------------------------------------------


| TI region  2


 NSTEP =    25000   TIME(PS) =      50.000  TEMP(K) =    56.12  PRESS =     0.0
 Etot   =        12.2834  EKtot   =         1.0037  EPtot      =        11.2797
 BOND   =         0.5045  ANGLE   =         3.0328  DIHED      =         5.2384
 1-4 NB =         0.2568  1-4 EEL =         9.1599  VDWAALS    =        -0.0001
 EELEC  =        -6.9126  EHBOND  =         0.0000  RESTRAINT  =         0.0000
 DV/DL  =        -2.5394
 ------------------------------------------------------------------------------

 NMR restraints: Bond =    0.000   Angle =     0.000   Torsion =     0.000
===============================================================================

| TI region  1


 NSTEP =    30000   TIME(PS) =      60.000  TEMP(K) =    46.33  PRESS =     0.0
 Etot   =        12.5605  EKtot   =         0.8286  EPtot      =        11.7319
 BOND   =         0.5601  ANGLE   =         3.2567  DIHED      =         5.2137
 1-4 NB =         0.3456  1-4 EEL =         9.2656  VDWAALS    =        -0.0001
 EELEC  =        -6.9097  EHBOND  =         0.0000  RESTRAINT  =         0.0000
 DV/DL  =        -2.6622
 ------------------------------------------------------------------------------


| TI region  2


 NSTEP =    30000   TIME(PS) =      60.000  TEMP(K) =    46.33  PRESS =     0.0
 Etot   =        12.5605  EKtot   =         0.8286  EPtot      =        11.7319
 BOND   =         0.5601  ANGLE   =         3.2567  DIHED      =         5.2137
 1-4 NB =         0.3456  1-4 EEL =         9.2656  VDWAALS    =        -0.0001
 EELEC  =        -6.9097  EHBOND  =         0.0000  RESTRAINT  =         0.0000
 DV/DL  =        -2.6622
 ------------------------------------------------------------------------------

 NMR restraints: Bond =    0.000   Angle =     0.000   Torsion =     0.000
===============================================================================

| TI region  1


 NSTEP =    35000   TIME(PS) =      70.000  TEMP(K) =    98.81  PRESS =     0.0
 Etot   =        14.3214  EKtot   =         1.7672  EPtot      =        12.5542
 BOND   =         0.3017  ANGLE   =         4.2749  DIHED      =         5.3217
 1-4 NB =         0.3526  1-4 EEL =         9.2108  VDWAALS    =        -0.0001
 EELEC  =        -6.9074  EHBOND  =         0.0000  RESTRAINT  =         0.0000
 DV/DL  =        -2.6029
 ------------------------------------------------------------------------------


| TI region  2


 NSTEP =    35000   TIME(PS) =      70.000  TEMP(K) =    98.81  PRESS =     0.0
 Etot   =        14.3214  EKtot   =         1.7672  EPtot      =        12.5542
 BOND   =         0.3017  ANGLE   =         4.2749  DIHED      =         5.3217
 1-4 NB =         0.3526  1-4 EEL =         9.2108  VDWAALS    =        -0.0001
 EELEC  =        -6.9074  EHBOND  =         0.0000  RESTRAINT  =         0.0000
 DV/DL  =        -2.6029
 ------------------------------------------------------------------------------

 NMR restraints: Bond =    0.000   Angle =     0.000   Torsion =     0.000
===============================================================================

| TI region  1


 NSTEP =    40000   TIME(PS) =      80.000  TEMP(K) =   132.35  PRESS =     0.0
 Etot   =        14.4103  EKtot   =         2.3670  EPtot      =        12.0433
 BOND   =         1.0234  ANGLE   =         3.3150  DIHED      =         5.2350
 1-4 NB =         0.2695  1-4 EEL =         9.1110  VDWAALS    =        -0.0001
 EELEC  =        -6.9104  EHBOND  =         0.0000  RESTRAINT  =         0.0000
 DV/DL  =        -2.4867
 ------------------------------------------------------------------------------


| TI region  2


 NSTEP =    40000   TIME(PS) =      80.000  TEMP(K) =   132.35  PRESS =     0.0
 Etot   =        14.4103  EKtot   =         2.3670  EPtot      =        12.0433
 BOND   =         1.0234  ANGLE   =         3.3150  DIHED      =         5.2350
 1-4 NB =         0.2695  1-4 EEL =         9.1110  VDWAALS    =        -0.0001
 EELEC  =        -6.9104  EHBOND  =         0.0000  RESTRAINT  =         0.0000
 DV/DL  =        -2.4867
 ------------------------------------------------------------------------------

 NMR restraints: Bond =    0.000   Angle =     0.000   Torsion =     0.000
===============================================================================

| TI region  1


 NSTEP =    45000   TIME(PS) =      90.000  TEMP(K) =   141.70  PRESS =     0.0
 Etot   =        14.8704  EKtot   =         2.5343  EPtot      =        12.3361
 BOND   =         0.2509  ANGLE   =         4.5227  DIHED      =         5.2388
 1-4 NB =         0.1561  1-4 EEL =         9.0752  VDWAALS    =        -0.0001
 EELEC  =        -6.9075  EHBOND  =         0.0000  RESTRAINT  =         0.0000
 DV/DL  =        -2.4495
 ------------------------------------------------------------------------------


| TI region  2


 NSTEP =    45000   TIME(PS) =      90.000  TEMP(K) =   141.70  PRESS =     0.0
 Etot   =        14.8704  EKtot   =         2.5343  EPtot      =        12.3361
 BOND   =         0.2509  ANGLE   =         4.5227  DIHED      =         5.2388
 1-4 NB =         0.1561  1-4 EEL =         9.0752  VDWAALS    =        -0.0001
 EELEC  =        -6.9075  EHBOND  =         0.0000  RESTRAINT  =         0.0000
 DV/DL  =        -2.4495
 ------------------------------------------------------------------------------

 NMR restraints: Bond =    0.000   Angle =     0.000   Torsion =     0.000
===============================================================================

| TI region  1


 NSTEP =    50000   TIME(PS) =     100.000  TEMP(K) =   132.90  PRESS =     0.0
 Etot   =        15.1712  EKtot   =         2.3768  EPtot      =        12.7944
 BOND   =         0.4364  ANGLE   =         4.4198  DIHED      =         5.3558
 1-4 NB =         0.2474  1-4 EEL =         9.2450  VDWAALS    =        -0.0001
 EELEC  =        -6.9099  EHBOND  =         0.0000  RESTRAINT  =         0.0000
 DV/DL  =        -2.6387
 ------------------------------------------------------------------------------


| TI region  2


 NSTEP =    50000   TIME(PS) =     100.000  TEMP(K) =   132.90  PRESS =     0.0
 Etot   =        15.1712  EKtot   =         2.3768  EPtot      =        12.7944
 BOND   =         0.4364  ANGLE   =         4.4198  DIHED      =         5.3558
 1-4 NB =         0.2474  1-4 EEL =         9.2450  VDWAALS    =        -0.0001
 EELEC  =        -6.9099  EHBOND  =         0.0000  RESTRAINT  =         0.0000
 DV/DL  =        -2.6387
 ------------------------------------------------------------------------------

 NMR restraints: Bond =    0.000   Angle =     0.000   Torsion =     0.000
===============================================================================

| TI region  1


 NSTEP =    55000   TIME(PS) =     110.000  TEMP(K) =   128.91  PRESS =     0.0
 Etot   =        14.6404  EKtot   =         2.3054  EPtot      =        12.3350
 BOND   =         0.4661  ANGLE   =         4.3745  DIHED      =         5.2345
 1-4 NB =         0.1164  1-4 EEL =         9.0474  VDWAALS    =        -0.0001
 EELEC  =        -6.9038  EHBOND  =         0.0000  RESTRAINT  =         0.0000
 DV/DL  =        -2.4224
 ------------------------------------------------------------------------------


| TI region  2


 NSTEP =    55000   TIME(PS) =     110.000  TEMP(K) =   128.91  PRESS =     0.0
 Etot   =        14.6404  EKtot   =         2.3054  EPtot      =        12.3350
 BOND   =         0.4661  ANGLE   =         4.3745  DIHED      =         5.2345
 1-4 NB =         0.1164  1-4 EEL =         9.0474  VDWAALS    =        -0.0001
 EELEC  =        -6.9038  EHBOND  =         0.0000  RESTRAINT  =         0.0000
 DV/DL  =        -2.4224
 ------------------------------------------------------------------------------

 NMR restraints: Bond =    0.000   Angle =     0.000   Torsion =     0.000
===============================================================================

| TI region  1


 NSTEP =    60000   TIME(PS) =     120.000  TEMP(K) =   202.20  PRESS =     0.0
 Etot   =        16.3114  EKtot   =         3.6164  EPtot      =        12.6950
 BOND   =         0.1304  ANGLE   =         4.6790  DIHED      =         5.4225
 1-4 NB =         0.1861  1-4 EEL =         9.1907  VDWAALS    =        -0.0001
 EELEC  =        -6.9135  EHBOND  =         0.0000  RESTRAINT  =         0.0000
 DV/DL  =        -2.5732
 ------------------------------------------------------------------------------


| TI region  2


 NSTEP =    60000   TIME(PS) =     120.000  TEMP(K) =   202.20  PRESS =     0.0
 Etot   =        16.3114  EKtot   =         3.6164  EPtot      =        12.6950
 BOND   =         0.1304  ANGLE   =         4.6790  DIHED      =         5.4225
 1-4 NB =         0.1861  1-4 EEL =         9.1907  VDWAALS    =        -0.0001
 EELEC  =        -6.9135  EHBOND  =         0.0000  RESTRAINT  =         0.0000
 DV/DL  =        -2.5732
 ------------------------------------------------------------------------------

 NMR restraints: Bond =    0.000   Angle =     0.000   Torsion =     0.000
===============================================================================

| TI region  1


 NSTEP =    65000   TIME(PS) =     130.000  TEMP(K) =   176.83  PRESS =     0.0
 Etot   =        14.5922  EKtot   =         3.1626  EPtot      =        11.4296
 BOND   =         0.4519  ANGLE   =         3.3932  DIHED      =         5.2202
 1-4 NB =         0.1780  1-4 EEL =         9.0967  VDWAALS    =        -0.0001
 EELEC  =        -6.9103  EHBOND  =         0.0000  RESTRAINT  =         0.0000
 DV/DL  =        -2.4706
 ------------------------------------------------------------------------------


| TI region  2


 NSTEP =    65000   TIME(PS) =     130.000  TEMP(K) =   176.83  PRESS =     0.0
 Etot   =        14.5922  EKtot   =         3.1626  EPtot      =        11.4296
 BOND   =         0.4519  ANGLE   =         3.3932  DIHED      =         5.2202
 1-4 NB =         0.1780  1-4 EEL =         9.0967  VDWAALS    =        -0.0001
 EELEC  =        -6.9103  EHBOND  =         0.0000  RESTRAINT  =         0.0000
 DV/DL  =        -2.4706
 ------------------------------------------------------------------------------

 NMR restraints: Bond =    0.000   Angle =     0.000   Torsion =     0.000
===============================================================================

| TI region  1


 NSTEP =    70000   TIME(PS) =     140.000  TEMP(K) =   141.99  PRESS =     0.0
 Etot   =        16.1285  EKtot   =         2.5394  EPtot      =        13.5891
 BOND   =         1.6865  ANGLE   =         4.1916  DIHED      =         5.2605
 1-4 NB =         0.2497  1-4 EEL =         9.1104  VDWAALS    =        -0.0001
 EELEC  =        -6.9095  EHBOND  =         0.0000  RESTRAINT  =         0.0000
 DV/DL  =        -2.4871
 ------------------------------------------------------------------------------


| TI region  2


 NSTEP =    70000   TIME(PS) =     140.000  TEMP(K) =   141.99  PRESS =     0.0
 Etot   =        16.1285  EKtot   =         2.5394  EPtot      =        13.5891
 BOND   =         1.6865  ANGLE   =         4.1916  DIHED      =         5.2605
 1-4 NB =         0.2497  1-4 EEL =         9.1104  VDWAALS    =        -0.0001
 EELEC  =        -6.9095  EHBOND  =         0.0000  RESTRAINT  =         0.0000
 DV/DL  =        -2.4871
 ------------------------------------------------------------------------------

 NMR restraints: Bond =    0.000   Angle =     0.000   Torsion =     0.000
===============================================================================

| TI region  1


 NSTEP =    75000   TIME(PS) =     150.000  TEMP(K) =   235.75  PRESS =     0.0
 Etot   =        17.0030  EKtot   =         4.2163  EPtot      =        12.7867
 BOND   =         0.7341  ANGLE   =         4.0949  DIHED      =         5.2163
 1-4 NB =         0.3353  1-4 EEL =         9.3195  VDWAALS    =        -0.0001
 EELEC  =        -6.9133  EHBOND  =         0.0000  RESTRAINT  =         0.0000
 DV/DL  =        -2.7191
 ------------------------------------------------------------------------------


| TI region  2


 NSTEP =    75000   TIME(PS) =     150.000  TEMP(K) =   235.75  PRESS =     0.0
 Etot   =        17.0030  EKtot   =         4.2163  EPtot      =        12.7867
 BOND   =         0.7341  ANGLE   =         4.0949  DIHED      =         5.2163
 1-4 NB =         0.3353  1-4 EEL =         9.3195  VDWAALS    =        -0.0001
 EELEC  =        -6.9133  EHBOND  =         0.0000  RESTRAINT  =         0.0000
 DV/DL  =        -2.7191
 ------------------------------------------------------------------------------

 NMR restraints: Bond =    0.000   Angle =     0.000   Torsion =     0.000
===============================================================================

| TI region  1


 NSTEP =    80000   TIME(PS) =     160.000  TEMP(K) =   332.04  PRESS =     0.0
 Etot   =        19.3202  EKtot   =         5.9384  EPtot      =        13.3818
 BOND   =         0.6674  ANGLE   =         4.1033  DIHED      =         5.4596
 1-4 NB =         0.5676  1-4 EEL =         9.4926  VDWAALS    =        -0.0001
 EELEC  =        -6.9085  EHBOND  =         0.0000  RESTRAINT  =         0.0000
 DV/DL  =        -2.9200
 ------------------------------------------------------------------------------


| TI region  2


 NSTEP =    80000   TIME(PS) =     160.000  TEMP(K) =   332.04  PRESS =     0.0
 Etot   =        19.3202  EKtot   =         5.9384  EPtot      =        13.3818
 BOND   =         0.6674  ANGLE   =         4.1033  DIHED      =         5.4596
 1-4 NB =         0.5676  1-4 EEL =         9.4926  VDWAALS    =        -0.0001
 EELEC  =        -6.9085  EHBOND  =         0.0000  RESTRAINT  =         0.0000
 DV/DL  =        -2.9200
 ------------------------------------------------------------------------------

 NMR restraints: Bond =    0.000   Angle =     0.000   Torsion =     0.000
===============================================================================

| TI region  1


 NSTEP =    85000   TIME(PS) =     170.000  TEMP(K) =   378.33  PRESS =     0.0
 Etot   =        17.9135  EKtot   =         6.7664  EPtot      =        11.1471
 BOND   =         0.2348  ANGLE   =         3.1708  DIHED      =         5.2171
 1-4 NB =         0.2486  1-4 EEL =         9.1909  VDWAALS    =        -0.0001
 EELEC  =        -6.9151  EHBOND  =         0.0000  RESTRAINT  =         0.0000
 DV/DL  =        -2.5717
 ------------------------------------------------------------------------------


| TI region  2


 NSTEP =    85000   TIME(PS) =     170.000  TEMP(K) =   378.33  PRESS =     0.0
 Etot   =        17.9135  EKtot   =         6.7664  EPtot      =        11.1471
 BOND   =         0.2348  ANGLE   =         3.1708  DIHED      =         5.2171
 1-4 NB =         0.2486  1-4 EEL =         9.1909  VDWAALS    =        -0.0001
 EELEC  =        -6.9151  EHBOND  =         0.0000  RESTRAINT  =         0.0000
 DV/DL  =        -2.5717
 ------------------------------------------------------------------------------

 NMR restraints: Bond =    0.000   Angle =     0.000   Torsion =     0.000
===============================================================================

| TI region  1


 NSTEP =    90000   TIME(PS) =     180.000  TEMP(K) =   174.21  PRESS =     0.0
 Etot   =        17.8888  EKtot   =         3.1157  EPtot      =        14.7731
 BOND   =         0.8710  ANGLE   =         6.0653  DIHED      =         5.2242
 1-4 NB =         0.3050  1-4 EEL =         9.2158  VDWAALS    =        -0.0001
 EELEC  =        -6.9081  EHBOND  =         0.0000  RESTRAINT  =         0.0000
 DV/DL  =        -2.6077
 ------------------------------------------------------------------------------


| TI region  2


 NSTEP =    90000   TIME(PS) =     180.000  TEMP(K) =   174.21  PRESS =     0.0
 Etot   =        17.8888  EKtot   =         3.1157  EPtot      =        14.7731
 BOND   =         0.8710  ANGLE   =         6.0653  DIHED      =         5.2242
 1-4 NB =         0.3050  1-4 EEL =         9.2158  VDWAALS    =        -0.0001
 EELEC  =        -6.9081  EHBOND  =         0.0000  RESTRAINT  =         0.0000
 DV/DL  =        -2.6077
 ------------------------------------------------------------------------------

 NMR restraints: Bond =    0.000   Angle =     0.000   Torsion =     0.000
===============================================================================

| TI region  1


 NSTEP =    95000   TIME(PS) =     190.000  TEMP(K) =   327.63  PRESS =     0.0
 Etot   =        21.1446  EKtot   =         5.8595  EPtot      =        15.2851
 BOND   =         0.3184  ANGLE   =         6.8601  DIHED      =         5.3004
 1-4 NB =         0.3724  1-4 EEL =         9.3427  VDWAALS    =        -0.0001
 EELEC  =        -6.9088  EHBOND  =         0.0000  RESTRAINT  =         0.0000
 DV/DL  =        -2.7503
 ------------------------------------------------------------------------------


| TI region  2


 NSTEP =    95000   TIME(PS) =     190.000  TEMP(K) =   327.63  PRESS =     0.0
 Etot   =        21.1446  EKtot   =         5.8595  EPtot      =        15.2851
 BOND   =         0.3184  ANGLE   =         6.8601  DIHED      =         5.3004
 1-4 NB =         0.3724  1-4 EEL =         9.3427  VDWAALS    =        -0.0001
 EELEC  =        -6.9088  EHBOND  =         0.0000  RESTRAINT  =         0.0000
 DV/DL  =        -2.7503
 ------------------------------------------------------------------------------

 NMR restraints: Bond =    0.000   Angle =     0.000   Torsion =     0.000
===============================================================================

| TI region  1


 NSTEP =   100000   TIME(PS) =     200.000  TEMP(K) =   286.39  PRESS =     0.0
 Etot   =        20.5675  EKtot   =         5.1220  EPtot      =        15.4455
 BOND   =         0.4589  ANGLE   =         6.3753  DIHED      =         5.3267
 1-4 NB =         0.7358  1-4 EEL =         9.4599  VDWAALS    =        -0.0001
 EELEC  =        -6.9111  EHBOND  =         0.0000  RESTRAINT  =         0.0000
 DV/DL  =        -2.8802
 ------------------------------------------------------------------------------


| TI region  2


 NSTEP =   100000   TIME(PS) =     200.000  TEMP(K) =   286.39  PRESS =     0.0
 Etot   =        20.5675  EKtot   =         5.1220  EPtot      =        15.4455
 BOND   =         0.4589  ANGLE   =         6.3753  DIHED      =         5.3267
 1-4 NB =         0.7358  1-4 EEL =         9.4599  VDWAALS    =        -0.0001
 EELEC  =        -6.9111  EHBOND  =         0.0000  RESTRAINT  =         0.0000
 DV/DL  =        -2.8802
 ------------------------------------------------------------------------------

 NMR restraints: Bond =    0.000   Angle =     0.000   Torsion =     0.000
===============================================================================

| TI region  1


      A V E R A G E S   O V E R      20 S T E P S


 NSTEP =   100000   TIME(PS) =     200.000  TEMP(K) =   159.60  PRESS =     0.0
 Etot   =        15.3349  EKtot   =         2.8545  EPtot      =        12.4804
 BOND   =         0.4811  ANGLE   =         4.1007  DIHED      =         5.2722
 1-4 NB =         0.3115  1-4 EEL =         9.2250  VDWAALS    =        -0.0001
 EELEC  =        -6.9100  EHBOND  =         0.0000  RESTRAINT  =         0.0000
 DV/DL  =        -2.6159
 ------------------------------------------------------------------------------

 NMR restraints: Bond =    0.000   Angle =     0.000   Torsion =     0.000
===============================================================================

      R M S  F L U C T U A T I O N S


 NSTEP =   100000   TIME(PS) =     200.000  TEMP(K) =   102.90  PRESS =     0.0
 Etot   =         2.8591  EKtot   =         1.8404  EPtot      =         1.3803
 BOND   =         0.3754  ANGLE   =         1.1473  DIHED      =         0.0696
 1-4 NB =         0.1371  1-4 EEL =         0.1141  VDWAALS    =         0.0000
 EELEC  =         0.0027  EHBOND  =         0.0000  RESTRAINT  =         0.0000
 DV/DL  =         0.1286
 ------------------------------------------------------------------------------


| TI region  2


      A V E R A G E S   O V E R      20 S T E P S


 NSTEP =   100000   TIME(PS) =     200.000  TEMP(K) =   159.60  PRESS =     0.0
 Etot   =        15.3349  EKtot   =         2.8545  EPtot      =        12.4804
 BOND   =         0.4811  ANGLE   =         4.1007  DIHED      =         5.2722
 1-4 NB =         0.3115  1-4 EEL =         9.2250  VDWAALS    =        -0.0001
 EELEC  =        -6.9100  EHBOND  =         0.0000  RESTRAINT  =         0.0000
 DV/DL  =        -2.6159
 ------------------------------------------------------------------------------

 NMR restraints: Bond =    0.000   Angle =     0.000   Torsion =     0.000
===============================================================================

      R M S  F L U C T U A T I O N S


 NSTEP =   100000   TIME(PS) =     200.000  TEMP(K) =   102.90  PRESS =     0.0
 Etot   =         2.8591  EKtot   =         1.8404  EPtot      =         1.3803
 BOND   =         0.3754  ANGLE   =         1.1473  DIHED      =         0.0696
 1-4 NB =         0.1371  1-4 EEL =         0.1141  VDWAALS    =         0.0000
 EELEC  =         0.0027  EHBOND  =         0.0000  RESTRAINT  =         0.0000
 DV/DL  =         0.1286
 ------------------------------------------------------------------------------


      DV/DL, AVERAGES OVER      20 STEPS


 NSTEP =   100000   TIME(PS) =     200.000  TEMP(K) =   102.90  PRESS =     0.0
 Etot   =         0.0000  EKtot   =         0.0000  EPtot      =        -2.6159
 BOND   =         0.0000  ANGLE   =         0.0000  DIHED      =         0.0000
 1-4 NB =         0.0000  1-4 EEL =       -10.4243  VDWAALS    =         0.0000
 EELEC  =         7.8084  EHBOND  =         0.0000  RESTRAINT  =         0.0000
 DV/DL  =        -2.6159
 ------------------------------------------------------------------------------


 NMR restraints on final step:

--------------------------------------------------------------------------------
   5.  TIMINGS
--------------------------------------------------------------------------------

|  NonSetup CPU Time in Major Routines:
|
|     Routine           Sec        %
|     ------------------------------
|     Nonbond          24.80   35.60
|     Bond              0.00    0.00
|     Angle             0.00    0.00
|     Dihedral          0.00    0.00
|     Shake             0.75    1.07
|     RunMD            43.87   62.96
|     Other             0.26    0.37
|     ------------------------------
|     Total            69.68

|  PME Nonbond Pairlist CPU Time:
|
|     Routine              Sec        %
|     ---------------------------------
|     Set Up Cit           0.00    0.00
|     Build List           0.00    0.00
|     ---------------------------------
|     Total                0.00    0.00

|  PME Direct Force CPU Time:
|
|     Routine              Sec        %
|     ---------------------------------
|     NonBonded Calc       0.00    0.00
|     Exclude Masked       0.00    0.00
|     Other                0.18    0.26
|     ---------------------------------
|     Total                0.18    0.26

|  PME Reciprocal Force CPU Time:
|
|     Routine              Sec        %
|     ---------------------------------
|     1D bspline           0.00    0.00
|     Grid Charges         0.00    0.00
|     Scalar Sum           0.00    0.00
|     Gradient Sum         0.00    0.00
|     FFT                  0.00    0.00
|     ---------------------------------
|     Total                0.00    0.00

|  Final Performance Info:
|     -----------------------------------------------------
|     Average timings for last   15000 steps:
|     Elapsed(s) =      10.48 Per Step(ms) =       0.70
|         ns/day =     247.22   seconds/ns =     349.48
|
|     Average timings for all steps:
|     Elapsed(s) =      69.76 Per Step(ms) =       0.70
|         ns/day =     247.69   seconds/ns =     348.82
|     -----------------------------------------------------

|  Setup CPU time:            0.42 seconds
|  NonSetup CPU time:        69.68 seconds
|  Total CPU time:           70.10 seconds     0.02 hours

|  Setup wall time:           1    seconds
|  NonSetup wall time:       70    seconds
|  Total wall time:          71    seconds     0.02 hours
