
          -------------------------------------------------------
          Amber 18 PMEMD                              2018
          -------------------------------------------------------

| PMEMD implementation of SANDER, Release 18

| Run on 06/13/2020 at 15:34:55

|   Executable path: /opt/software/Amber/18-foss-2018b-AmberTools-19/bin/pmemd.cuda
| Working directory: /mnt/gs18/scratch/users/songlin3/run/1264_optimization/acetate/two_steps_tip3p/step1/0.79366
|          Hostname: lac-083

  [-O]verwriting output

File Assignments:
|   MDIN: heat.in                                                               
|  MDOUT: heat.out                                                              
| INPCRD: min.rst                                                               
|   PARM: step1.prmtop                                                          
| RESTRT: heat.rst                                                              
|   REFC: min.rst                                                               
|  MDVEL: mdvel                                                                 
|   MDEN: mden                                                                  
|  MDCRD: heat.netcdf                                                           
| MDINFO: heat.mdinfo                                                           
|  MDFRC: mdfrc                                                                 


 Here is the input file:

nvt for free MD                                                                
 &cntrl                                                                        
  imin=0,                                                                      
  irest=0,                                                                     
  ntx=1,                                                                       
  ig=-1,                                                                       
  nstlim=100000,                                                               
  dt=0.002,                                                                    
  cut=10.0,                                                                    
  ntc=2,                                                                       
  ntf=2,                                                                       
  ntb=1,                                                                       
  ntt=3,                                                                       
  gamma_ln=2.0,                                                                
  tempi=0.0,                                                                   
  temp0=300.0,                                                                 
  ntpr=5000,                                                                   
  ntwr=5000,                                                                   
  ntwx=10000,                                                                  
  ntwv=0,                                                                      
  ioutfm=1,                                                                    
  iwrap=0,                                                                     
  nmropt=1,                                                                    
  ifsc = 0, icfe=1,                                                            
  clambda=0.79366,                                                             
  timask1=':1',                                                                
  timask2=':2', crgmask = ':2',                                                
/                                                                              
&wt TYPE='TEMP0', istep1=0, istep2=90000, value1=0.0, value2=300.0 /           
&wt TYPE='TEMP0', istep1=90001, istep2=100000, value1=300.0, value2=300.0 /    
&wt TYPE='DUMPFREQ', istep1=10000, /                                           
&wt TYPE='END', /                                                              


Note: ig = -1. Setting random seed to   931014 based on wallclock time in 
      microseconds.
| irandom = 1, using AMBER's internal random number generator (default).
 
|--------------------- INFORMATION ----------------------
| GPU (CUDA) Version of PMEMD in use: NVIDIA GPU IN USE.
|                    Version 18.0.0
| 
|                      03/25/2018
| 
| Implementation by:
|                    Ross C. Walker     (SDSC)
|                    Scott Le Grand     (nVIDIA)
| 
| Version 18 performance extensions by:
|                    David Cerutti     (Rutgers)
| 
| Precision model in use:
|      [SPFP] - Single Precision Forces, 64-bit Fixed Point
|               Accumulation. (Default)
| 
|--------------------------------------------------------
 
|----------------- CITATION INFORMATION -----------------
|
|    When publishing work that utilized the CUDA version
|    of AMBER, please cite the following in addition to
|    the regular AMBER citations:
|
|  - Romelia Salomon-Ferrer; Andreas W. Goetz; Duncan
|    Poole; Scott Le Grand; Ross C. Walker "Routine
|    microsecond molecular dynamics simulations with
|    AMBER - Part II: Particle Mesh Ewald", J. Chem.
|    Theory Comput., 2013, 9 (9), pp3878-3888,
|    DOI: 10.1021/ct400314y.
|
|  - Andreas W. Goetz; Mark J. Williamson; Dong Xu;
|    Duncan Poole; Scott Le Grand; Ross C. Walker
|    "Routine microsecond molecular dynamics simulations
|    with AMBER - Part I: Generalized Born", J. Chem.
|    Theory Comput., 2012, 8 (5), pp1542-1555.
|
|  - Scott Le Grand; Andreas W. Goetz; Ross C. Walker
|    "SPFP: Speed without compromise - a mixed precision
|    model for GPU accelerated molecular dynamics
|    simulations.", Comp. Phys. Comm., 2013, 184
|    pp374-380, DOI: 10.1016/j.cpc.2012.09.022
|
|    When publishing work that utilized the CUDA version
|    of TI, BAR, MBAR or FEP please cite the following 
|    three publications in addition to the regular AMBER 
|    GPU citations:
|
|  - Daniel J. Mermelstein; Charles Lin; Gard Nelson; 
|    Rachael Kretsch; J. Andrew McCammon; Ross C. Walker
|    "Fast and Flexible GPU Accelerated Binding 
|    Free Energy Calculations within the AMBER Molecular
|    Dynamics Package" J. Comp. Chem., 2018,
|    DOI: 10.1002/jcc.25187
|
|  - Tai-Sung Lee; Yuan Hu; Brad Sherborne; Zhuyan Guo;
|    Darrin M. York
|    "Toward Fast and Accurate Binding Affinity Prediction with
|    pmemdGTI: An Efficient Implementation of GPU-Accelerated
|    Thermodynamic Integration"
|    J. Chem. Theory Comput., 2017, 13 (7), 3077
|
|
|--------------------------------------------------------
 
|------------------- GPU DEVICE INFO --------------------
|
|            CUDA_VISIBLE_DEVICES: 0
|   CUDA Capable Devices Detected:      1
|           CUDA Device ID in use:      0
|                CUDA Device Name: Tesla K80
|     CUDA Device Global Mem Size:  12206 MB
| CUDA Device Num Multiprocessors:     13
|           CUDA Device Core Freq:   0.82 GHz
|
|--------------------------------------------------------
 
 
| Conditional Compilation Defines Used:
| PUBFFT
| BINTRAJ
| CUDA
| EMIL

| Largest sphere to fit in unit cell has radius =    27.333

| New format PARM file being parsed.
| Version =    1.000 Date = 06/13/20 Time = 15:21:32

| Note: 1-4 EEL scale factors are being read from the topology file.

| Note: 1-4 VDW scale factors are being read from the topology file.
| Duplicated    0 dihedrals

| Duplicated    0 dihedrals

--------------------------------------------------------------------------------
   1.  RESOURCE   USE: 
--------------------------------------------------------------------------------

 getting box info from netcdf restart file
 NATOM  =   20855 NTYPES =       6 NBONH =   20847 MBONA  =       6
 NTHETH =      12 MTHETA =       6 NPHIH =      24 MPHIA  =       2
 NHPARM =       0 NPARM  =       0 NNB   =   27832 NRES   =    6949
 NBONA  =       6 NTHETA =       6 NPHIA =       2 NUMBND =       5
 NUMANG =       4 NPTRA  =       3 NATYP =       6 NPHB   =       1
 IFBOX  =       2 NMXRS  =       7 IFCAP =       0 NEXTRA =       0
 NCOPY  =       0

| Coordinate Index Table dimensions:    10   10   10
| Direct force subcell size =     6.6953    6.6953    6.6953

     BOX TYPE: TRUNCATED OCTAHEDRON

--------------------------------------------------------------------------------
   2.  CONTROL  DATA  FOR  THE  RUN
--------------------------------------------------------------------------------

default_name                                                                    

General flags:
     imin    =       0, nmropt  =       1

Nature and format of input:
     ntx     =       1, irest   =       0, ntrx    =       1

Nature and format of output:
     ntxo    =       2, ntpr    =    5000, ntrx    =       1, ntwr    =    5000
     iwrap   =       0, ntwx    =   10000, ntwv    =       0, ntwe    =       0
     ioutfm  =       1, ntwprt  =       0, idecomp =       0, rbornstat=      0

Potential function:
     ntf     =       2, ntb     =       1, igb     =       0, nsnb    =      25
     ipol    =       0, gbsa    =       0, iesp    =       0
     dielc   =   1.00000, cut     =  10.00000, intdiel =   1.00000

Frozen or restrained atoms:
     ibelly  =       0, ntr     =       0

Molecular dynamics:
     nstlim  =    100000, nscm    =      1000, nrespa  =         1
     t       =   0.00000, dt      =   0.00200, vlimit  =  -1.00000

Langevin dynamics temperature regulation:
     ig      =  931014
     temp0   = 300.00000, tempi   =   0.00000, gamma_ln=   2.00000

SHAKE:
     ntc     =       2, jfastw  =       0
     tol     =   0.00001

NMR refinement options:
     iscale  =       0, noeskp  =       1, ipnlty  =       1, mxsub   =       1
     scalm   = 100.00000, pencut  =   0.10000, tausw   =   0.10000

Free energy options:
     icfe    =       1, ifsc    =       0, klambda =       1
     clambda =  0.7937, scalpha =  0.5000, scbeta  = 12.0000
     sceeorder =       2
     dynlmb =  0.0000 logdvdl =       0

| Intermolecular bonds treatment:
|     no_intermolecular_bonds =       1

| Energy averages sample interval:
|     ene_avg_sampling =    5000

Ewald parameters:
     verbose =       0, ew_type =       0, nbflag  =       1, use_pme =       1
     vdwmeth =       1, eedmeth =       1, netfrc  =       1
     Box X =   66.953   Box Y =   66.953   Box Z =   66.953
     Alpha =  109.471   Beta  =  109.471   Gamma =  109.471
     NFFT1 =   64       NFFT2 =   64       NFFT3 =   64
     Cutoff=   10.000   Tol   =0.100E-04
     Ewald Coefficient =  0.27511
     Interpolation order =    4
     TI Mask 1 :1; matches      7 atoms
     TI Mask 2 :2; matches      7 atoms
     TI region 1:   20848 atoms
     TI region 2:   20848 atoms
Removing charge of      -0.8188 from atom       8
Removing charge of      -0.8188 from atom       9
Removing charge of       0.8054 from atom      10
Removing charge of      -0.1021 from atom      11
Removing charge of      -0.0219 from atom      12
Removing charge of      -0.0219 from atom      13
Removing charge of      -0.0219 from atom      14
Total charge of  -0.99999900 removed from       7 atoms
     Checking for mismatched coordinates.

--------------------------------------------------------------------------------
   3.  ATOMIC COORDINATES AND VELOCITIES
--------------------------------------------------------------------------------

default_name                                                                    
 begin time read from input coords =     0.000 ps



           Begin reading energy term weight changes/NMR restraints
 WEIGHT CHANGES:
 TEMP0         0  90000    0.000000  300.000000      0      0
 TEMP0     90001 100000  300.000000  300.000000      0      0
 DUMPFREQ  10000      0    0.000000    0.000000      0      0

 RESTRAINTS:
                          ** No restraint defined **

                  Done reading weight changes/NMR restraints


 
 Number of triangulated 3-point waters found:     6947

     Sum of charges for TI region  1 =  -0.99999900
     Assuming uniform neutralizing plasma


     Sum of charges for TI region  2 =   0.00000000
     Forcing neutrality...

| Dynamic Memory, Types Used:
| Reals              915248
| Integers           793196

| Nonbonded Pairs Initial Allocation:     6308116

| GPU memory information (estimate):
| KB of GPU memory in use:         0
| KB of CPU memory in use:         0

--------------------------------------------------------------------------------
   4.  RESULTS
--------------------------------------------------------------------------------


| TI region  1


 NSTEP =        0   TIME(PS) =       0.000  TEMP(K) =     0.00  PRESS =     0.0
 Etot   =    -64931.0688  EKtot   =         0.0000  EPtot      =    -64931.0688
 BOND   =         0.0264  ANGLE   =         2.8228  DIHED      =         5.2231
 1-4 NB =         0.2884  1-4 EEL =         2.1522  VDWAALS    =      5042.8895
 EELEC  =    -69984.4712  EHBOND  =         0.0000  RESTRAINT  =         0.0000
 DV/DL  =         8.2033
 ------------------------------------------------------------------------------


| TI region  2


 NSTEP =        0   TIME(PS) =       0.000  TEMP(K) =     0.00  PRESS =     0.0
 Etot   =    -64931.0688  EKtot   =         0.0000  EPtot      =    -64931.0688
 BOND   =         0.0264  ANGLE   =         2.8228  DIHED      =         5.2231
 1-4 NB =         0.2884  1-4 EEL =         2.1522  VDWAALS    =      5042.8895
 EELEC  =    -69984.4712  EHBOND  =         0.0000  RESTRAINT  =         0.0000
 DV/DL  =         8.2033
 ------------------------------------------------------------------------------

 NMR restraints: Bond =    0.000   Angle =     0.000   Torsion =     0.000
===============================================================================

| TI region  1


 NSTEP =     5000   TIME(PS) =      10.000  TEMP(K) =    15.88  PRESS =     0.0
 Etot   =    -81851.6564  EKtot   =       657.9552  EPtot      =    -82509.6116
 BOND   =         0.0479  ANGLE   =         2.9379  DIHED      =         5.2208
 1-4 NB =         0.2887  1-4 EEL =         2.1542  VDWAALS    =     14922.1550
 EELEC  =    -97442.4160  EHBOND  =         0.0000  RESTRAINT  =         0.0000
 DV/DL  =        32.8969
 ------------------------------------------------------------------------------


| TI region  2


 NSTEP =     5000   TIME(PS) =      10.000  TEMP(K) =    15.88  PRESS =     0.0
 Etot   =    -81851.6564  EKtot   =       657.9552  EPtot      =    -82509.6116
 BOND   =         0.0479  ANGLE   =         2.9379  DIHED      =         5.2208
 1-4 NB =         0.2887  1-4 EEL =         2.1542  VDWAALS    =     14922.1550
 EELEC  =    -97442.4160  EHBOND  =         0.0000  RESTRAINT  =         0.0000
 DV/DL  =        32.8969
 ------------------------------------------------------------------------------

 NMR restraints: Bond =    0.000   Angle =     0.000   Torsion =     0.000
===============================================================================

| TI region  1


 NSTEP =    10000   TIME(PS) =      20.000  TEMP(K) =    32.74  PRESS =     0.0
 Etot   =    -80657.6207  EKtot   =      1356.3109  EPtot      =    -82013.9315
 BOND   =         0.0709  ANGLE   =         3.0985  DIHED      =         5.2142
 1-4 NB =         0.3994  1-4 EEL =         2.1744  VDWAALS    =     14953.0023
 EELEC  =    -96977.8912  EHBOND  =         0.0000  RESTRAINT  =         0.0000
 DV/DL  =        28.2703
 ------------------------------------------------------------------------------


| TI region  2


 NSTEP =    10000   TIME(PS) =      20.000  TEMP(K) =    32.74  PRESS =     0.0
 Etot   =    -80657.6207  EKtot   =      1356.3109  EPtot      =    -82013.9315
 BOND   =         0.0709  ANGLE   =         3.0985  DIHED      =         5.2142
 1-4 NB =         0.3994  1-4 EEL =         2.1744  VDWAALS    =     14953.0023
 EELEC  =    -96977.8912  EHBOND  =         0.0000  RESTRAINT  =         0.0000
 DV/DL  =        28.2703
 ------------------------------------------------------------------------------

 NMR restraints: Bond =    0.000   Angle =     0.000   Torsion =     0.000
===============================================================================

| TI region  1


 NSTEP =    15000   TIME(PS) =      30.000  TEMP(K) =    48.98  PRESS =     0.0
 Etot   =    -79485.9036  EKtot   =      2029.3756  EPtot      =    -81515.2792
 BOND   =         0.1109  ANGLE   =         3.0297  DIHED      =         5.2235
 1-4 NB =         0.3641  1-4 EEL =         2.1687  VDWAALS    =     14926.2357
 EELEC  =    -96452.4119  EHBOND  =         0.0000  RESTRAINT  =         0.0000
 DV/DL  =        37.6491
 ------------------------------------------------------------------------------


| TI region  2


 NSTEP =    15000   TIME(PS) =      30.000  TEMP(K) =    48.98  PRESS =     0.0
 Etot   =    -79485.9036  EKtot   =      2029.3756  EPtot      =    -81515.2792
 BOND   =         0.1109  ANGLE   =         3.0297  DIHED      =         5.2235
 1-4 NB =         0.3641  1-4 EEL =         2.1687  VDWAALS    =     14926.2357
 EELEC  =    -96452.4119  EHBOND  =         0.0000  RESTRAINT  =         0.0000
 DV/DL  =        37.6491
 ------------------------------------------------------------------------------

 NMR restraints: Bond =    0.000   Angle =     0.000   Torsion =     0.000
===============================================================================

| TI region  1


 NSTEP =    20000   TIME(PS) =      40.000  TEMP(K) =    65.92  PRESS =     0.0
 Etot   =    -78327.9949  EKtot   =      2731.3028  EPtot      =    -81059.2977
 BOND   =         0.6778  ANGLE   =         3.0858  DIHED      =         5.2208
 1-4 NB =         0.3506  1-4 EEL =         2.1636  VDWAALS    =     14913.8067
 EELEC  =    -95984.6031  EHBOND  =         0.0000  RESTRAINT  =         0.0000
 DV/DL  =        42.4632
 ------------------------------------------------------------------------------


| TI region  2


 NSTEP =    20000   TIME(PS) =      40.000  TEMP(K) =    65.92  PRESS =     0.0
 Etot   =    -78327.9949  EKtot   =      2731.3028  EPtot      =    -81059.2977
 BOND   =         0.6778  ANGLE   =         3.0858  DIHED      =         5.2208
 1-4 NB =         0.3506  1-4 EEL =         2.1636  VDWAALS    =     14913.8067
 EELEC  =    -95984.6031  EHBOND  =         0.0000  RESTRAINT  =         0.0000
 DV/DL  =        42.4632
 ------------------------------------------------------------------------------

 NMR restraints: Bond =    0.000   Angle =     0.000   Torsion =     0.000
===============================================================================

| TI region  1


 NSTEP =    25000   TIME(PS) =      50.000  TEMP(K) =    81.62  PRESS =     0.0
 Etot   =    -77231.9562  EKtot   =      3381.9138  EPtot      =    -80613.8700
 BOND   =         0.2730  ANGLE   =         3.2305  DIHED      =         5.2880
 1-4 NB =         0.2411  1-4 EEL =         2.1436  VDWAALS    =     14953.4335
 EELEC  =    -95578.4798  EHBOND  =         0.0000  RESTRAINT  =         0.0000
 DV/DL  =        37.2615
 ------------------------------------------------------------------------------


| TI region  2


 NSTEP =    25000   TIME(PS) =      50.000  TEMP(K) =    81.62  PRESS =     0.0
 Etot   =    -77231.9562  EKtot   =      3381.9138  EPtot      =    -80613.8700
 BOND   =         0.2730  ANGLE   =         3.2305  DIHED      =         5.2880
 1-4 NB =         0.2411  1-4 EEL =         2.1436  VDWAALS    =     14953.4335
 EELEC  =    -95578.4798  EHBOND  =         0.0000  RESTRAINT  =         0.0000
 DV/DL  =        37.2615
 ------------------------------------------------------------------------------

 NMR restraints: Bond =    0.000   Angle =     0.000   Torsion =     0.000
===============================================================================

| TI region  1


 NSTEP =    30000   TIME(PS) =      60.000  TEMP(K) =    97.66  PRESS =     0.0
 Etot   =    -76026.6330  EKtot   =      4046.5342  EPtot      =    -80073.1671
 BOND   =         0.4375  ANGLE   =         3.3895  DIHED      =         5.2227
 1-4 NB =         0.3221  1-4 EEL =         2.1469  VDWAALS    =     14851.1099
 EELEC  =    -94935.7957  EHBOND  =         0.0000  RESTRAINT  =         0.0000
 DV/DL  =        30.8377
 ------------------------------------------------------------------------------


| TI region  2


 NSTEP =    30000   TIME(PS) =      60.000  TEMP(K) =    97.66  PRESS =     0.0
 Etot   =    -76026.6330  EKtot   =      4046.5342  EPtot      =    -80073.1671
 BOND   =         0.4375  ANGLE   =         3.3895  DIHED      =         5.2227
 1-4 NB =         0.3221  1-4 EEL =         2.1469  VDWAALS    =     14851.1099
 EELEC  =    -94935.7957  EHBOND  =         0.0000  RESTRAINT  =         0.0000
 DV/DL  =        30.8377
 ------------------------------------------------------------------------------

 NMR restraints: Bond =    0.000   Angle =     0.000   Torsion =     0.000
===============================================================================

| TI region  1


 NSTEP =    35000   TIME(PS) =      70.000  TEMP(K) =   117.11  PRESS =     0.0
 Etot   =    -74620.9426  EKtot   =      4852.1857  EPtot      =    -79473.1283
 BOND   =         0.0845  ANGLE   =         3.1233  DIHED      =         5.2078
 1-4 NB =         0.3237  1-4 EEL =         2.1586  VDWAALS    =     14883.5562
 EELEC  =    -94367.5823  EHBOND  =         0.0000  RESTRAINT  =         0.0000
 DV/DL  =        34.5020
 ------------------------------------------------------------------------------


| TI region  2


 NSTEP =    35000   TIME(PS) =      70.000  TEMP(K) =   117.11  PRESS =     0.0
 Etot   =    -74620.9426  EKtot   =      4852.1857  EPtot      =    -79473.1283
 BOND   =         0.0845  ANGLE   =         3.1233  DIHED      =         5.2078
 1-4 NB =         0.3237  1-4 EEL =         2.1586  VDWAALS    =     14883.5562
 EELEC  =    -94367.5823  EHBOND  =         0.0000  RESTRAINT  =         0.0000
 DV/DL  =        34.5020
 ------------------------------------------------------------------------------

 NMR restraints: Bond =    0.000   Angle =     0.000   Torsion =     0.000
===============================================================================

| TI region  1


 NSTEP =    40000   TIME(PS) =      80.000  TEMP(K) =   133.00  PRESS =     0.0
 Etot   =    -73331.6686  EKtot   =      5510.6164  EPtot      =    -78842.2850
 BOND   =         0.1585  ANGLE   =         3.4193  DIHED      =         5.2301
 1-4 NB =         0.7163  1-4 EEL =         2.2072  VDWAALS    =     14463.3613
 EELEC  =    -93317.3776  EHBOND  =         0.0000  RESTRAINT  =         0.0000
 DV/DL  =        40.5350
 ------------------------------------------------------------------------------


| TI region  2


 NSTEP =    40000   TIME(PS) =      80.000  TEMP(K) =   133.00  PRESS =     0.0
 Etot   =    -73331.6686  EKtot   =      5510.6164  EPtot      =    -78842.2850
 BOND   =         0.1585  ANGLE   =         3.4193  DIHED      =         5.2301
 1-4 NB =         0.7163  1-4 EEL =         2.2072  VDWAALS    =     14463.3613
 EELEC  =    -93317.3776  EHBOND  =         0.0000  RESTRAINT  =         0.0000
 DV/DL  =        40.5350
 ------------------------------------------------------------------------------

 NMR restraints: Bond =    0.000   Angle =     0.000   Torsion =     0.000
===============================================================================

| TI region  1


 NSTEP =    45000   TIME(PS) =      90.000  TEMP(K) =   149.47  PRESS =     0.0
 Etot   =    -71994.2357  EKtot   =      6192.8286  EPtot      =    -78187.0642
 BOND   =         0.1876  ANGLE   =         3.4541  DIHED      =         5.2224
 1-4 NB =         0.3952  1-4 EEL =         2.1761  VDWAALS    =     14497.6942
 EELEC  =    -92696.1938  EHBOND  =         0.0000  RESTRAINT  =         0.0000
 DV/DL  =        31.4549
 ------------------------------------------------------------------------------


| TI region  2


 NSTEP =    45000   TIME(PS) =      90.000  TEMP(K) =   149.47  PRESS =     0.0
 Etot   =    -71994.2357  EKtot   =      6192.8286  EPtot      =    -78187.0642
 BOND   =         0.1876  ANGLE   =         3.4541  DIHED      =         5.2224
 1-4 NB =         0.3952  1-4 EEL =         2.1761  VDWAALS    =     14497.6942
 EELEC  =    -92696.1938  EHBOND  =         0.0000  RESTRAINT  =         0.0000
 DV/DL  =        31.4549
 ------------------------------------------------------------------------------

 NMR restraints: Bond =    0.000   Angle =     0.000   Torsion =     0.000
===============================================================================

| TI region  1


 NSTEP =    50000   TIME(PS) =     100.000  TEMP(K) =   164.77  PRESS =     0.0
 Etot   =    -70735.6004  EKtot   =      6827.0906  EPtot      =    -77562.6910
 BOND   =         0.1979  ANGLE   =         5.3533  DIHED      =         5.2174
 1-4 NB =         0.3579  1-4 EEL =         2.1683  VDWAALS    =     14216.5909
 EELEC  =    -91792.5766  EHBOND  =         0.0000  RESTRAINT  =         0.0000
 DV/DL  =        15.7187
 ------------------------------------------------------------------------------


| TI region  2


 NSTEP =    50000   TIME(PS) =     100.000  TEMP(K) =   164.77  PRESS =     0.0
 Etot   =    -70735.6004  EKtot   =      6827.0906  EPtot      =    -77562.6910
 BOND   =         0.1979  ANGLE   =         5.3533  DIHED      =         5.2174
 1-4 NB =         0.3579  1-4 EEL =         2.1683  VDWAALS    =     14216.5909
 EELEC  =    -91792.5766  EHBOND  =         0.0000  RESTRAINT  =         0.0000
 DV/DL  =        15.7187
 ------------------------------------------------------------------------------

 NMR restraints: Bond =    0.000   Angle =     0.000   Torsion =     0.000
===============================================================================

| TI region  1


 NSTEP =    55000   TIME(PS) =     110.000  TEMP(K) =   180.49  PRESS =     0.0
 Etot   =    -69198.1982  EKtot   =      7478.3895  EPtot      =    -76676.5878
 BOND   =         0.4289  ANGLE   =         3.0623  DIHED      =         5.2254
 1-4 NB =         0.3368  1-4 EEL =         2.1525  VDWAALS    =     13784.5627
 EELEC  =    -90472.3564  EHBOND  =         0.0000  RESTRAINT  =         0.0000
 DV/DL  =        27.9977
 ------------------------------------------------------------------------------


| TI region  2


 NSTEP =    55000   TIME(PS) =     110.000  TEMP(K) =   180.49  PRESS =     0.0
 Etot   =    -69198.1982  EKtot   =      7478.3895  EPtot      =    -76676.5878
 BOND   =         0.4289  ANGLE   =         3.0623  DIHED      =         5.2254
 1-4 NB =         0.3368  1-4 EEL =         2.1525  VDWAALS    =     13784.5627
 EELEC  =    -90472.3564  EHBOND  =         0.0000  RESTRAINT  =         0.0000
 DV/DL  =        27.9977
 ------------------------------------------------------------------------------

 NMR restraints: Bond =    0.000   Angle =     0.000   Torsion =     0.000
===============================================================================

| TI region  1


 NSTEP =    60000   TIME(PS) =     120.000  TEMP(K) =   198.90  PRESS =     0.0
 Etot   =    -67279.2027  EKtot   =      8240.9151  EPtot      =    -75520.1179
 BOND   =         1.1545  ANGLE   =         4.9009  DIHED      =         5.2240
 1-4 NB =         0.6915  1-4 EEL =         2.2118  VDWAALS    =     13715.3101
 EELEC  =    -89249.6108  EHBOND  =         0.0000  RESTRAINT  =         0.0000
 DV/DL  =        29.6047
 ------------------------------------------------------------------------------


| TI region  2


 NSTEP =    60000   TIME(PS) =     120.000  TEMP(K) =   198.90  PRESS =     0.0
 Etot   =    -67279.2027  EKtot   =      8240.9151  EPtot      =    -75520.1179
 BOND   =         1.1545  ANGLE   =         4.9009  DIHED      =         5.2240
 1-4 NB =         0.6915  1-4 EEL =         2.2118  VDWAALS    =     13715.3101
 EELEC  =    -89249.6108  EHBOND  =         0.0000  RESTRAINT  =         0.0000
 DV/DL  =        29.6047
 ------------------------------------------------------------------------------

 NMR restraints: Bond =    0.000   Angle =     0.000   Torsion =     0.000
===============================================================================

| TI region  1


 NSTEP =    65000   TIME(PS) =     130.000  TEMP(K) =   217.65  PRESS =     0.0
 Etot   =    -64926.0902  EKtot   =      9017.7326  EPtot      =    -73943.8227
 BOND   =         0.4159  ANGLE   =         5.8584  DIHED      =         5.2542
 1-4 NB =         0.1513  1-4 EEL =         2.1290  VDWAALS    =     12760.7363
 EELEC  =    -86718.3679  EHBOND  =         0.0000  RESTRAINT  =         0.0000
 DV/DL  =        33.3510
 ------------------------------------------------------------------------------


| TI region  2


 NSTEP =    65000   TIME(PS) =     130.000  TEMP(K) =   217.65  PRESS =     0.0
 Etot   =    -64926.0902  EKtot   =      9017.7326  EPtot      =    -73943.8227
 BOND   =         0.4159  ANGLE   =         5.8584  DIHED      =         5.2542
 1-4 NB =         0.1513  1-4 EEL =         2.1290  VDWAALS    =     12760.7363
 EELEC  =    -86718.3679  EHBOND  =         0.0000  RESTRAINT  =         0.0000
 DV/DL  =        33.3510
 ------------------------------------------------------------------------------

 NMR restraints: Bond =    0.000   Angle =     0.000   Torsion =     0.000
===============================================================================

| TI region  1


 NSTEP =    70000   TIME(PS) =     140.000  TEMP(K) =   233.21  PRESS =     0.0
 Etot   =    -62366.3097  EKtot   =      9662.4085  EPtot      =    -72028.7181
 BOND   =         0.3448  ANGLE   =         5.3088  DIHED      =         5.3114
 1-4 NB =         0.3322  1-4 EEL =         2.1750  VDWAALS    =     11883.1042
 EELEC  =    -83925.2947  EHBOND  =         0.0000  RESTRAINT  =         0.0000
 DV/DL  =        21.2863
 ------------------------------------------------------------------------------


| TI region  2


 NSTEP =    70000   TIME(PS) =     140.000  TEMP(K) =   233.21  PRESS =     0.0
 Etot   =    -62366.3097  EKtot   =      9662.4085  EPtot      =    -72028.7181
 BOND   =         0.3448  ANGLE   =         5.3088  DIHED      =         5.3114
 1-4 NB =         0.3322  1-4 EEL =         2.1750  VDWAALS    =     11883.1042
 EELEC  =    -83925.2947  EHBOND  =         0.0000  RESTRAINT  =         0.0000
 DV/DL  =        21.2863
 ------------------------------------------------------------------------------

 NMR restraints: Bond =    0.000   Angle =     0.000   Torsion =     0.000
===============================================================================

| TI region  1


 NSTEP =    75000   TIME(PS) =     150.000  TEMP(K) =   247.39  PRESS =     0.0
 Etot   =    -59694.9411  EKtot   =     10250.2764  EPtot      =    -69945.2174
 BOND   =         1.5457  ANGLE   =         5.9366  DIHED      =         5.4108
 1-4 NB =         0.4652  1-4 EEL =         2.1755  VDWAALS    =     11149.2751
 EELEC  =    -81110.0263  EHBOND  =         0.0000  RESTRAINT  =         0.0000
 DV/DL  =        38.4626
 ------------------------------------------------------------------------------


| TI region  2


 NSTEP =    75000   TIME(PS) =     150.000  TEMP(K) =   247.39  PRESS =     0.0
 Etot   =    -59694.9411  EKtot   =     10250.2764  EPtot      =    -69945.2174
 BOND   =         1.5457  ANGLE   =         5.9366  DIHED      =         5.4108
 1-4 NB =         0.4652  1-4 EEL =         2.1755  VDWAALS    =     11149.2751
 EELEC  =    -81110.0263  EHBOND  =         0.0000  RESTRAINT  =         0.0000
 DV/DL  =        38.4626
 ------------------------------------------------------------------------------

 NMR restraints: Bond =    0.000   Angle =     0.000   Torsion =     0.000
===============================================================================

| TI region  1


 NSTEP =    80000   TIME(PS) =     160.000  TEMP(K) =   265.46  PRESS =     0.0
 Etot   =    -57150.8870  EKtot   =     10998.9363  EPtot      =    -68149.8233
 BOND   =         0.4768  ANGLE   =         4.1445  DIHED      =         5.2203
 1-4 NB =         0.2877  1-4 EEL =         2.1578  VDWAALS    =     10433.1149
 EELEC  =    -78595.2253  EHBOND  =         0.0000  RESTRAINT  =         0.0000
 DV/DL  =        32.1313
 ------------------------------------------------------------------------------


| TI region  2


 NSTEP =    80000   TIME(PS) =     160.000  TEMP(K) =   265.46  PRESS =     0.0
 Etot   =    -57150.8870  EKtot   =     10998.9363  EPtot      =    -68149.8233
 BOND   =         0.4768  ANGLE   =         4.1445  DIHED      =         5.2203
 1-4 NB =         0.2877  1-4 EEL =         2.1578  VDWAALS    =     10433.1149
 EELEC  =    -78595.2253  EHBOND  =         0.0000  RESTRAINT  =         0.0000
 DV/DL  =        32.1313
 ------------------------------------------------------------------------------

 NMR restraints: Bond =    0.000   Angle =     0.000   Torsion =     0.000
===============================================================================

| TI region  1


 NSTEP =    85000   TIME(PS) =     170.000  TEMP(K) =   280.04  PRESS =     0.0
 Etot   =    -55107.8764  EKtot   =     11602.7378  EPtot      =    -66710.6143
 BOND   =         0.5259  ANGLE   =         4.9105  DIHED      =         5.2824
 1-4 NB =         0.2582  1-4 EEL =         2.1544  VDWAALS    =      9856.4899
 EELEC  =    -76580.2355  EHBOND  =         0.0000  RESTRAINT  =         0.0000
 DV/DL  =        41.3591
 ------------------------------------------------------------------------------


| TI region  2


 NSTEP =    85000   TIME(PS) =     170.000  TEMP(K) =   280.04  PRESS =     0.0
 Etot   =    -55107.8764  EKtot   =     11602.7378  EPtot      =    -66710.6143
 BOND   =         0.5259  ANGLE   =         4.9105  DIHED      =         5.2824
 1-4 NB =         0.2582  1-4 EEL =         2.1544  VDWAALS    =      9856.4899
 EELEC  =    -76580.2355  EHBOND  =         0.0000  RESTRAINT  =         0.0000
 DV/DL  =        41.3591
 ------------------------------------------------------------------------------

 NMR restraints: Bond =    0.000   Angle =     0.000   Torsion =     0.000
===============================================================================

| TI region  1


 NSTEP =    90000   TIME(PS) =     180.000  TEMP(K) =   301.54  PRESS =     0.0
 Etot   =    -52754.4448  EKtot   =     12493.4849  EPtot      =    -65247.9296
 BOND   =         1.6448  ANGLE   =         5.9026  DIHED      =         5.3338
 1-4 NB =         0.2210  1-4 EEL =         2.1277  VDWAALS    =      9386.4748
 EELEC  =    -74649.6342  EHBOND  =         0.0000  RESTRAINT  =         0.0000
 DV/DL  =        19.3028
 ------------------------------------------------------------------------------


| TI region  2


 NSTEP =    90000   TIME(PS) =     180.000  TEMP(K) =   301.54  PRESS =     0.0
 Etot   =    -52754.4448  EKtot   =     12493.4849  EPtot      =    -65247.9296
 BOND   =         1.6448  ANGLE   =         5.9026  DIHED      =         5.3338
 1-4 NB =         0.2210  1-4 EEL =         2.1277  VDWAALS    =      9386.4748
 EELEC  =    -74649.6342  EHBOND  =         0.0000  RESTRAINT  =         0.0000
 DV/DL  =        19.3028
 ------------------------------------------------------------------------------

 NMR restraints: Bond =    0.000   Angle =     0.000   Torsion =     0.000
===============================================================================

| TI region  1


 NSTEP =    95000   TIME(PS) =     190.000  TEMP(K) =   300.47  PRESS =     0.0
 Etot   =    -52648.6993  EKtot   =     12449.1978  EPtot      =    -65097.8971
 BOND   =         0.3278  ANGLE   =         6.2734  DIHED      =         5.3311
 1-4 NB =         0.3024  1-4 EEL =         2.1495  VDWAALS    =      9518.1866
 EELEC  =    -74630.4680  EHBOND  =         0.0000  RESTRAINT  =         0.0000
 DV/DL  =        19.9836
 ------------------------------------------------------------------------------


| TI region  2


 NSTEP =    95000   TIME(PS) =     190.000  TEMP(K) =   300.47  PRESS =     0.0
 Etot   =    -52648.6993  EKtot   =     12449.1978  EPtot      =    -65097.8971
 BOND   =         0.3278  ANGLE   =         6.2734  DIHED      =         5.3311
 1-4 NB =         0.3024  1-4 EEL =         2.1495  VDWAALS    =      9518.1866
 EELEC  =    -74630.4680  EHBOND  =         0.0000  RESTRAINT  =         0.0000
 DV/DL  =        19.9836
 ------------------------------------------------------------------------------

 NMR restraints: Bond =    0.000   Angle =     0.000   Torsion =     0.000
===============================================================================

| TI region  1


 NSTEP =   100000   TIME(PS) =     200.000  TEMP(K) =   299.40  PRESS =     0.0
 Etot   =    -52783.8896  EKtot   =     12404.8886  EPtot      =    -65188.7782
 BOND   =         0.9809  ANGLE   =         4.5790  DIHED      =         5.2296
 1-4 NB =         0.7604  1-4 EEL =         2.2158  VDWAALS    =      9605.9926
 EELEC  =    -74808.5365  EHBOND  =         0.0000  RESTRAINT  =         0.0000
 DV/DL  =        28.1998
 ------------------------------------------------------------------------------


| TI region  2


 NSTEP =   100000   TIME(PS) =     200.000  TEMP(K) =   299.40  PRESS =     0.0
 Etot   =    -52783.8896  EKtot   =     12404.8886  EPtot      =    -65188.7782
 BOND   =         0.9809  ANGLE   =         4.5790  DIHED      =         5.2296
 1-4 NB =         0.7604  1-4 EEL =         2.2158  VDWAALS    =      9605.9926
 EELEC  =    -74808.5365  EHBOND  =         0.0000  RESTRAINT  =         0.0000
 DV/DL  =        28.1998
 ------------------------------------------------------------------------------

 NMR restraints: Bond =    0.000   Angle =     0.000   Torsion =     0.000
===============================================================================

| TI region  1


      A V E R A G E S   O V E R      20 S T E P S


 NSTEP =   100000   TIME(PS) =     200.000  TEMP(K) =   171.58  PRESS =     0.0
 Etot   =    -67908.7375  EKtot   =      7109.2541  EPtot      =    -75017.9916
 BOND   =         0.5046  ANGLE   =         4.2499  DIHED      =         5.2545
 1-4 NB =         0.3783  1-4 EEL =         2.1655  VDWAALS    =     12983.7097
 EELEC  =    -88014.2542  EHBOND  =         0.0000  RESTRAINT  =         0.0000
 DV/DL  =        31.1634
 ------------------------------------------------------------------------------

 NMR restraints: Bond =    0.000   Angle =     0.000   Torsion =     0.000
===============================================================================

      R M S  F L U C T U A T I O N S


 NSTEP =   100000   TIME(PS) =     200.000  TEMP(K) =    92.51  PRESS =     0.0
 Etot   =      9827.2926  EKtot   =      3833.0376  EPtot      =      6070.9393
 BOND   =         0.4602  ANGLE   =         1.1673  DIHED      =         0.0531
 1-4 NB =         0.1596  1-4 EEL =         0.0236  VDWAALS    =      2127.8987
 EELEC  =      8182.2849  EHBOND  =         0.0000  RESTRAINT  =         0.0000
 DV/DL  =         7.4277
 ------------------------------------------------------------------------------


| TI region  2


      A V E R A G E S   O V E R      20 S T E P S


 NSTEP =   100000   TIME(PS) =     200.000  TEMP(K) =   171.58  PRESS =     0.0
 Etot   =    -67908.7375  EKtot   =      7109.2541  EPtot      =    -75017.9916
 BOND   =         0.5046  ANGLE   =         4.2499  DIHED      =         5.2545
 1-4 NB =         0.3783  1-4 EEL =         2.1655  VDWAALS    =     12983.7097
 EELEC  =    -88014.2542  EHBOND  =         0.0000  RESTRAINT  =         0.0000
 DV/DL  =        31.1634
 ------------------------------------------------------------------------------

 NMR restraints: Bond =    0.000   Angle =     0.000   Torsion =     0.000
===============================================================================

      R M S  F L U C T U A T I O N S


 NSTEP =   100000   TIME(PS) =     200.000  TEMP(K) =    92.51  PRESS =     0.0
 Etot   =      9827.2926  EKtot   =      3833.0376  EPtot      =      6070.9393
 BOND   =         0.4602  ANGLE   =         1.1673  DIHED      =         0.0531
 1-4 NB =         0.1596  1-4 EEL =         0.0236  VDWAALS    =      2127.8987
 EELEC  =      8182.2849  EHBOND  =         0.0000  RESTRAINT  =         0.0000
 DV/DL  =         7.4277
 ------------------------------------------------------------------------------


      DV/DL, AVERAGES OVER      20 STEPS


 NSTEP =   100000   TIME(PS) =     200.000  TEMP(K) =    92.51  PRESS =     0.0
 Etot   =         0.0000  EKtot   =         0.0000  EPtot      =        31.1634
 BOND   =         0.0000  ANGLE   =         0.0000  DIHED      =         0.0000
 1-4 NB =         0.0000  1-4 EEL =       -10.4949  VDWAALS    =         0.0000
 EELEC  =        41.6584  EHBOND  =         0.0000  RESTRAINT  =         0.0000
 DV/DL  =        31.1634
 ------------------------------------------------------------------------------


 NMR restraints on final step:

--------------------------------------------------------------------------------
   5.  TIMINGS
--------------------------------------------------------------------------------

|  NonSetup CPU Time in Major Routines:
|
|     Routine           Sec        %
|     ------------------------------
|     Nonbond          85.18   33.90
|     Bond              0.00    0.00
|     Angle             0.00    0.00
|     Dihedral          0.00    0.00
|     Shake             0.83    0.33
|     RunMD           164.97   65.66
|     Other             0.28    0.11
|     ------------------------------
|     Total           251.26

|  PME Nonbond Pairlist CPU Time:
|
|     Routine              Sec        %
|     ---------------------------------
|     Set Up Cit           0.00    0.00
|     Build List           0.00    0.00
|     ---------------------------------
|     Total                0.00    0.00

|  PME Direct Force CPU Time:
|
|     Routine              Sec        %
|     ---------------------------------
|     NonBonded Calc       0.00    0.00
|     Exclude Masked       0.00    0.00
|     Other                0.18    0.07
|     ---------------------------------
|     Total                0.18    0.07

|  PME Reciprocal Force CPU Time:
|
|     Routine              Sec        %
|     ---------------------------------
|     1D bspline           0.00    0.00
|     Grid Charges         0.00    0.00
|     Scalar Sum           0.00    0.00
|     Gradient Sum         0.00    0.00
|     FFT                  0.00    0.00
|     ---------------------------------
|     Total                0.00    0.00

|  Final Performance Info:
|     -----------------------------------------------------
|     Average timings for last       1 steps:
|     Elapsed(s) =       0.00 Per Step(ms) =       1.23
|         ns/day =     139.93   seconds/ns =     617.43
|
|     Average timings for all steps:
|     Elapsed(s) =     251.62 Per Step(ms) =       2.52
|         ns/day =      68.67   seconds/ns =    1258.12
|     -----------------------------------------------------

|  Setup CPU time:            0.55 seconds
|  NonSetup CPU time:       251.26 seconds
|  Total CPU time:          251.81 seconds     0.07 hours

|  Setup wall time:           0    seconds
|  NonSetup wall time:      252    seconds
|  Total wall time:         252    seconds     0.07 hours
