
          -------------------------------------------------------
          Amber 18 PMEMD                              2018
          -------------------------------------------------------

| PMEMD implementation of SANDER, Release 18

| Run on 06/12/2020 at 12:18:42

|   Executable path: /opt/software/Amber/18-foss-2018b-AmberTools-19/bin/pmemd.cuda
| Working directory: /mnt/gs18/scratch/users/songlin3/run/1264_optimization/acetate/spce_SPC/0.11505
|          Hostname: lac-138

  [-O]verwriting output

File Assignments:
|   MDIN: heat.in                                                               
|  MDOUT: heat.out                                                              
| INPCRD: min.rst                                                               
|   PARM: step1.prmtop                                                          
| RESTRT: heat.rst                                                              
|   REFC: min.rst                                                               
|  MDVEL: mdvel                                                                 
|   MDEN: mden                                                                  
|  MDCRD: heat.netcdf                                                           
| MDINFO: heat.mdinfo                                                           
|  MDFRC: mdfrc                                                                 


 Here is the input file:

nvt for free MD                                                                
 &cntrl                                                                        
  imin=0,                                                                      
  irest=0,                                                                     
  ntx=1,                                                                       
  ig=-1,                                                                       
  nstlim=200000,                                                               
  dt=0.001,                                                                    
  cut=10.0,                                                                    
  ntc=1,                                                                       
  ntf=1,                                                                       
  ntb=1,                                                                       
  ntt=3,                                                                       
  gamma_ln=2.0,                                                                
  tempi=0.0,                                                                   
  temp0=300.0,                                                                 
  ntpr=5000,                                                                   
  ntwr=5000,                                                                   
  ntwx=10000,                                                                  
  ntwv=0,                                                                      
  ioutfm=1,                                                                    
  iwrap=0,                                                                     
  nmropt=1,                                                                    
  ifsc = 1, icfe=1,                                                            
  clambda=0.11505,                                                             
  timask1=':1', scmask1=':1', scmask2='',                                      
  timask2='',                                                                  
/                                                                              
&wt TYPE='TEMP0', istep1=0, istep2=190000, value1=0.0, value2=300.0 /          
&wt TYPE='TEMP0', istep1=190001, istep2=200000, value1=300.0, value2=300.0 /   
&wt TYPE='DUMPFREQ', istep1=10000, /                                           
&wt TYPE='END', /                                                              


Note: ig = -1. Setting random seed to   377604 based on wallclock time in 
      microseconds.
| irandom = 1, using AMBER's internal random number generator (default).
 
|--------------------- INFORMATION ----------------------
| GPU (CUDA) Version of PMEMD in use: NVIDIA GPU IN USE.
|                    Version 18.0.0
| 
|                      03/25/2018
| 
| Implementation by:
|                    Ross C. Walker     (SDSC)
|                    Scott Le Grand     (nVIDIA)
| 
| Version 18 performance extensions by:
|                    David Cerutti     (Rutgers)
| 
| Precision model in use:
|      [SPFP] - Single Precision Forces, 64-bit Fixed Point
|               Accumulation. (Default)
| 
|--------------------------------------------------------
 
|----------------- CITATION INFORMATION -----------------
|
|    When publishing work that utilized the CUDA version
|    of AMBER, please cite the following in addition to
|    the regular AMBER citations:
|
|  - Romelia Salomon-Ferrer; Andreas W. Goetz; Duncan
|    Poole; Scott Le Grand; Ross C. Walker "Routine
|    microsecond molecular dynamics simulations with
|    AMBER - Part II: Particle Mesh Ewald", J. Chem.
|    Theory Comput., 2013, 9 (9), pp3878-3888,
|    DOI: 10.1021/ct400314y.
|
|  - Andreas W. Goetz; Mark J. Williamson; Dong Xu;
|    Duncan Poole; Scott Le Grand; Ross C. Walker
|    "Routine microsecond molecular dynamics simulations
|    with AMBER - Part I: Generalized Born", J. Chem.
|    Theory Comput., 2012, 8 (5), pp1542-1555.
|
|  - Scott Le Grand; Andreas W. Goetz; Ross C. Walker
|    "SPFP: Speed without compromise - a mixed precision
|    model for GPU accelerated molecular dynamics
|    simulations.", Comp. Phys. Comm., 2013, 184
|    pp374-380, DOI: 10.1016/j.cpc.2012.09.022
|
|    When publishing work that utilized the CUDA version
|    of TI, BAR, MBAR or FEP please cite the following 
|    three publications in addition to the regular AMBER 
|    GPU citations:
|
|  - Daniel J. Mermelstein; Charles Lin; Gard Nelson; 
|    Rachael Kretsch; J. Andrew McCammon; Ross C. Walker
|    "Fast and Flexible GPU Accelerated Binding 
|    Free Energy Calculations within the AMBER Molecular
|    Dynamics Package" J. Comp. Chem., 2018,
|    DOI: 10.1002/jcc.25187
|
|  - Tai-Sung Lee; Yuan Hu; Brad Sherborne; Zhuyan Guo;
|    Darrin M. York
|    "Toward Fast and Accurate Binding Affinity Prediction with
|    pmemdGTI: An Efficient Implementation of GPU-Accelerated
|    Thermodynamic Integration"
|    J. Chem. Theory Comput., 2017, 13 (7), 3077
|
|
|--------------------------------------------------------
 
|------------------- GPU DEVICE INFO --------------------
|
|            CUDA_VISIBLE_DEVICES: 0
|   CUDA Capable Devices Detected:      1
|           CUDA Device ID in use:      0
|                CUDA Device Name: Tesla K80
|     CUDA Device Global Mem Size:  12206 MB
| CUDA Device Num Multiprocessors:     13
|           CUDA Device Core Freq:   0.82 GHz
|
|--------------------------------------------------------
 
 
| Conditional Compilation Defines Used:
| PUBFFT
| BINTRAJ
| CUDA
| EMIL

| Largest sphere to fit in unit cell has radius =    27.333

| New format PARM file being parsed.
| Version =    1.000 Date = 06/12/20 Time = 12:17:28

| Note: 1-4 EEL scale factors are being read from the topology file.

| Note: 1-4 VDW scale factors are being read from the topology file.
| Duplicated    0 dihedrals

| Duplicated    0 dihedrals

--------------------------------------------------------------------------------
   1.  RESOURCE   USE: 
--------------------------------------------------------------------------------

 getting box info from netcdf restart file
 NATOM  =   20845 NTYPES =       6 NBONH =   20841 MBONA  =       3
 NTHETH =       6 MTHETA =       3 NPHIH =      12 MPHIA  =       1
 NHPARM =       0 NPARM  =       0 NNB   =   27806 NRES   =    6947
 NBONA  =       3 NTHETA =       3 NPHIA =       1 NUMBND =       5
 NUMANG =       4 NPTRA  =       3 NATYP =       6 NPHB   =       1
 IFBOX  =       2 NMXRS  =       7 IFCAP =       0 NEXTRA =       0
 NCOPY  =       0

| Coordinate Index Table dimensions:    10   10   10
| Direct force subcell size =     6.6953    6.6953    6.6953

     BOX TYPE: TRUNCATED OCTAHEDRON

--------------------------------------------------------------------------------
   2.  CONTROL  DATA  FOR  THE  RUN
--------------------------------------------------------------------------------

default_name                                                                    

General flags:
     imin    =       0, nmropt  =       1

Nature and format of input:
     ntx     =       1, irest   =       0, ntrx    =       1

Nature and format of output:
     ntxo    =       2, ntpr    =    5000, ntrx    =       1, ntwr    =    5000
     iwrap   =       0, ntwx    =   10000, ntwv    =       0, ntwe    =       0
     ioutfm  =       1, ntwprt  =       0, idecomp =       0, rbornstat=      0

Potential function:
     ntf     =       1, ntb     =       1, igb     =       0, nsnb    =      25
     ipol    =       0, gbsa    =       0, iesp    =       0
     dielc   =   1.00000, cut     =  10.00000, intdiel =   1.00000

Frozen or restrained atoms:
     ibelly  =       0, ntr     =       0

Molecular dynamics:
     nstlim  =    200000, nscm    =      1000, nrespa  =         1
     t       =   0.00000, dt      =   0.00100, vlimit  =  -1.00000

Langevin dynamics temperature regulation:
     ig      =  377604
     temp0   = 300.00000, tempi   =   0.00000, gamma_ln=   2.00000

NMR refinement options:
     iscale  =       0, noeskp  =       1, ipnlty  =       1, mxsub   =       1
     scalm   = 100.00000, pencut  =   0.10000, tausw   =   0.10000

Free energy options:
     icfe    =       1, ifsc    =       1, klambda =       1
     clambda =  0.1150, scalpha =  0.5000, scbeta  = 12.0000
     sceeorder =       2
     dynlmb =  0.0000 logdvdl =       0

| Intermolecular bonds treatment:
|     no_intermolecular_bonds =       1

| Energy averages sample interval:
|     ene_avg_sampling =    5000

Ewald parameters:
     verbose =       0, ew_type =       0, nbflag  =       1, use_pme =       1
     vdwmeth =       1, eedmeth =       1, netfrc  =       1
     Box X =   66.953   Box Y =   66.953   Box Z =   66.953
     Alpha =  109.471   Beta  =  109.471   Gamma =  109.471
     NFFT1 =   64       NFFT2 =   64       NFFT3 =   64
     Cutoff=   10.000   Tol   =0.100E-04
     Ewald Coefficient =  0.27511
     Interpolation order =    4
     TI Mask 1 :1; matches      7 atoms
     TI Mask 2  matches      0 atoms
     TI region 1:   20845 atoms
     TI region 2:   20838 atoms
     SC Mask 1 :1; matches      7 atoms

--------------------------------------------------------------------------------
   3.  ATOMIC COORDINATES AND VELOCITIES
--------------------------------------------------------------------------------

default_name                                                                    
 begin time read from input coords =     0.000 ps



           Begin reading energy term weight changes/NMR restraints
 WEIGHT CHANGES:
 TEMP0         0 190000    0.000000  300.000000      0      0
 TEMP0    190001 200000  300.000000  300.000000      0      0
 DUMPFREQ  10000      0    0.000000    0.000000      0      0

 RESTRAINTS:
                          ** No restraint defined **

                  Done reading weight changes/NMR restraints


 
 Number of triangulated 3-point waters found:     6946
 Number of shake restraints removed in TI region  1 :        0
 Number of shake restraints removed in TI region  2 :        0

     Sum of charges for TI region  1 =  -1.00000662
     Assuming uniform neutralizing plasma


     Sum of charges for TI region  2 =  -0.00000762
     Forcing neutrality...

| Dynamic Memory, Types Used:
| Reals              914872
| Integers           792492

| Nonbonded Pairs Initial Allocation:     6305091

| GPU memory information (estimate):
| KB of GPU memory in use:         0
| KB of CPU memory in use:         0

--------------------------------------------------------------------------------
   4.  RESULTS
--------------------------------------------------------------------------------

   DOF for the SC part  1 of the system:   21

| TI region  1


 NSTEP =        0   TIME(PS) =       0.000  TEMP(K) =     0.00  PRESS =     0.0
 Etot   =    -99542.5136  EKtot   =         0.0000  EPtot      =    -99542.5136
 BOND   =      9106.1841  ANGLE   =         0.0000  DIHED      =        -0.0000
 1-4 NB =         0.0000  1-4 EEL =        -0.0000  VDWAALS    =     23968.4585
 EELEC  =   -132617.1562  EHBOND  =         0.0000  RESTRAINT  =         0.0000
 DV/DL  =       221.2821
 ------------------------------------------------------------------------------

  Softcore part of the system:       7 atoms,       TEMP(K)    =           0.00
 SC_Etot=        18.9692  SC_EKtot=         0.0000  SC_EPtot   =        18.9692
 SC_BOND=         0.0201  SC_ANGLE=         3.0304  SC_DIHED   =         5.2199
 SC_14NB=         0.2841  SC_14EEL=        10.4146  SC_VDW     =         0.0000
 SC_EEL =         0.0000
 SC_RES_DIST=     0.0000  SC_RES_ANG=       0.0000  SC_RES_TORS=         0.0000
 SC_EEL_DER=     90.9685  SC_VDW_DER=     -10.1181  SC_DERIV   =        80.8503
 ------------------------------------------------------------------------------


| TI region  2


 NSTEP =        0   TIME(PS) =       0.000  TEMP(K) =     0.00  PRESS =     0.0
 Etot   =    -99542.5136  EKtot   =         0.0000  EPtot      =    -99542.5136
 BOND   =      9106.1841  ANGLE   =         0.0000  DIHED      =        -0.0000
 1-4 NB =         0.0000  1-4 EEL =        -0.0000  VDWAALS    =     23968.4585
 EELEC  =   -132617.1562  EHBOND  =         0.0000  RESTRAINT  =         0.0000
 DV/DL  =       221.2821
 ------------------------------------------------------------------------------

 NMR restraints: Bond =    0.000   Angle =     0.000   Torsion =     0.000
===============================================================================

| TI region  1


 NSTEP =     5000   TIME(PS) =       5.000  TEMP(K) =     7.33  PRESS =     0.0
 Etot   =    -99764.4921  EKtot   =       455.6540  EPtot      =   -100220.1461
 BOND   =      9585.0702  ANGLE   =        -0.0000  DIHED      =        -0.0000
 1-4 NB =         0.0000  1-4 EEL =        -0.0000  VDWAALS    =     25367.9018
 EELEC  =   -135173.1181  EHBOND  =         0.0000  RESTRAINT  =         0.0000
 DV/DL  =       219.6047
 ------------------------------------------------------------------------------

  Softcore part of the system:       7 atoms,       TEMP(K)    =           6.96
 SC_Etot=        19.2262  SC_EKtot=         0.1452  SC_EPtot   =        19.0810
 SC_BOND=         0.1119  SC_ANGLE=         3.0841  SC_DIHED   =         5.2132
 SC_14NB=         0.2632  SC_14EEL=        10.4086  SC_VDW     =         0.0000
 SC_EEL =         0.0000
 SC_RES_DIST=     0.0000  SC_RES_ANG=       0.0000  SC_RES_TORS=         0.0000
 SC_EEL_DER=     96.3661  SC_VDW_DER=     -16.3304  SC_DERIV   =        80.0357
 ------------------------------------------------------------------------------


| TI region  2


 NSTEP =     5000   TIME(PS) =       5.000  TEMP(K) =     7.33  PRESS =     0.0
 Etot   =    -99764.6373  EKtot   =       455.5088  EPtot      =   -100220.1461
 BOND   =      9585.0702  ANGLE   =        -0.0000  DIHED      =        -0.0000
 1-4 NB =         0.0000  1-4 EEL =        -0.0000  VDWAALS    =     25367.9018
 EELEC  =   -135173.1181  EHBOND  =         0.0000  RESTRAINT  =         0.0000
 DV/DL  =       219.6047
 ------------------------------------------------------------------------------

 NMR restraints: Bond =    0.000   Angle =     0.000   Torsion =     0.000
===============================================================================

| TI region  1


 NSTEP =    10000   TIME(PS) =      10.000  TEMP(K) =    15.08  PRESS =     0.0
 Etot   =    -98921.9740  EKtot   =       936.8257  EPtot      =    -99858.7996
 BOND   =      9763.5919  ANGLE   =         0.0000  DIHED      =        -0.0000
 1-4 NB =         0.0000  1-4 EEL =        -0.0000  VDWAALS    =     25459.3573
 EELEC  =   -135081.7488  EHBOND  =         0.0000  RESTRAINT  =         0.0000
 DV/DL  =       215.5527
 ------------------------------------------------------------------------------

  Softcore part of the system:       7 atoms,       TEMP(K)    =           8.21
 SC_Etot=        19.2254  SC_EKtot=         0.1713  SC_EPtot   =        19.0542
 SC_BOND=         0.0436  SC_ANGLE=         3.0712  SC_DIHED   =         5.2187
 SC_14NB=         0.2811  SC_14EEL=        10.4395  SC_VDW     =         0.0000
 SC_EEL =         0.0000
 SC_RES_DIST=     0.0000  SC_RES_ANG=       0.0000  SC_RES_TORS=         0.0000
 SC_EEL_DER=     92.3081  SC_VDW_DER=     -14.0006  SC_DERIV   =        78.3076
 ------------------------------------------------------------------------------


| TI region  2


 NSTEP =    10000   TIME(PS) =      10.000  TEMP(K) =    15.08  PRESS =     0.0
 Etot   =    -98922.1452  EKtot   =       936.6544  EPtot      =    -99858.7996
 BOND   =      9763.5919  ANGLE   =         0.0000  DIHED      =        -0.0000
 1-4 NB =         0.0000  1-4 EEL =        -0.0000  VDWAALS    =     25459.3573
 EELEC  =   -135081.7488  EHBOND  =         0.0000  RESTRAINT  =         0.0000
 DV/DL  =       215.5527
 ------------------------------------------------------------------------------

 NMR restraints: Bond =    0.000   Angle =     0.000   Torsion =     0.000
===============================================================================

| TI region  1


 NSTEP =    15000   TIME(PS) =      15.000  TEMP(K) =    23.10  PRESS =     0.0
 Etot   =    -98001.8362  EKtot   =      1435.2800  EPtot      =    -99437.1162
 BOND   =      9968.8517  ANGLE   =         0.0000  DIHED      =         0.0000
 1-4 NB =         0.0000  1-4 EEL =        -0.0000  VDWAALS    =     25342.9554
 EELEC  =   -134748.9232  EHBOND  =         0.0000  RESTRAINT  =         0.0000
 DV/DL  =       222.4671
 ------------------------------------------------------------------------------

  Softcore part of the system:       7 atoms,       TEMP(K)    =          22.85
 SC_Etot=        19.8841  SC_EKtot=         0.4768  SC_EPtot   =        19.4074
 SC_BOND=         0.1166  SC_ANGLE=         3.4513  SC_DIHED   =         5.2158
 SC_14NB=         0.2302  SC_14EEL=        10.3935  SC_VDW     =         0.0000
 SC_EEL =         0.0000
 SC_RES_DIST=     0.0000  SC_RES_ANG=       0.0000  SC_RES_TORS=         0.0000
 SC_EEL_DER=     97.1936  SC_VDW_DER=     -15.3832  SC_DERIV   =        81.8104
 ------------------------------------------------------------------------------


| TI region  2


 NSTEP =    15000   TIME(PS) =      15.000  TEMP(K) =    23.10  PRESS =     0.0
 Etot   =    -98002.3129  EKtot   =      1434.8033  EPtot      =    -99437.1162
 BOND   =      9968.8517  ANGLE   =         0.0000  DIHED      =         0.0000
 1-4 NB =         0.0000  1-4 EEL =        -0.0000  VDWAALS    =     25342.9554
 EELEC  =   -134748.9232  EHBOND  =         0.0000  RESTRAINT  =         0.0000
 DV/DL  =       222.4671
 ------------------------------------------------------------------------------

 NMR restraints: Bond =    0.000   Angle =     0.000   Torsion =     0.000
===============================================================================

| TI region  1


 NSTEP =    20000   TIME(PS) =      20.000  TEMP(K) =    31.09  PRESS =     0.0
 Etot   =    -97141.5607  EKtot   =      1931.8721  EPtot      =    -99073.4328
 BOND   =     10180.0449  ANGLE   =        -0.0000  DIHED      =         0.0000
 1-4 NB =         0.0000  1-4 EEL =        -0.0000  VDWAALS    =     25517.9067
 EELEC  =   -134771.3844  EHBOND  =         0.0000  RESTRAINT  =         0.0000
 DV/DL  =       219.1856
 ------------------------------------------------------------------------------

  Softcore part of the system:       7 atoms,       TEMP(K)    =          27.49
 SC_Etot=        19.6510  SC_EKtot=         0.5736  SC_EPtot   =        19.0773
 SC_BOND=         0.3271  SC_ANGLE=         2.8780  SC_DIHED   =         5.2262
 SC_14NB=         0.2653  SC_14EEL=        10.3808  SC_VDW     =         0.0000
 SC_EEL =         0.0000
 SC_RES_DIST=     0.0000  SC_RES_ANG=       0.0000  SC_RES_TORS=         0.0000
 SC_EEL_DER=     99.3595  SC_VDW_DER=     -19.1510  SC_DERIV   =        80.2085
 ------------------------------------------------------------------------------


| TI region  2


 NSTEP =    20000   TIME(PS) =      20.000  TEMP(K) =    31.09  PRESS =     0.0
 Etot   =    -97142.1343  EKtot   =      1931.2984  EPtot      =    -99073.4328
 BOND   =     10180.0449  ANGLE   =        -0.0000  DIHED      =         0.0000
 1-4 NB =         0.0000  1-4 EEL =        -0.0000  VDWAALS    =     25517.9067
 EELEC  =   -134771.3844  EHBOND  =         0.0000  RESTRAINT  =         0.0000
 DV/DL  =       219.1856
 ------------------------------------------------------------------------------

 NMR restraints: Bond =    0.000   Angle =     0.000   Torsion =     0.000
===============================================================================

| TI region  1


 NSTEP =    25000   TIME(PS) =      25.000  TEMP(K) =    38.75  PRESS =     0.0
 Etot   =    -96374.5064  EKtot   =      2407.6567  EPtot      =    -98782.1632
 BOND   =     10358.4311  ANGLE   =        -0.0000  DIHED      =         0.0000
 1-4 NB =         0.0000  1-4 EEL =        -0.0000  VDWAALS    =     25511.6108
 EELEC  =   -134652.2051  EHBOND  =         0.0000  RESTRAINT  =         0.0000
 DV/DL  =       239.0889
 ------------------------------------------------------------------------------

  Softcore part of the system:       7 atoms,       TEMP(K)    =          43.62
 SC_Etot=        20.8104  SC_EKtot=         0.9102  SC_EPtot   =        19.9001
 SC_BOND=         0.1472  SC_ANGLE=         3.9249  SC_DIHED   =         5.2140
 SC_14NB=         0.2372  SC_14EEL=        10.3768  SC_VDW     =         0.0000
 SC_EEL =         0.0000
 SC_RES_DIST=     0.0000  SC_RES_ANG=       0.0000  SC_RES_TORS=         0.0000
 SC_EEL_DER=    107.2576  SC_VDW_DER=     -15.7719  SC_DERIV   =        91.4857
 ------------------------------------------------------------------------------


| TI region  2


 NSTEP =    25000   TIME(PS) =      25.000  TEMP(K) =    38.75  PRESS =     0.0
 Etot   =    -96375.4167  EKtot   =      2406.7465  EPtot      =    -98782.1632
 BOND   =     10358.4311  ANGLE   =        -0.0000  DIHED      =         0.0000
 1-4 NB =         0.0000  1-4 EEL =        -0.0000  VDWAALS    =     25511.6108
 EELEC  =   -134652.2051  EHBOND  =         0.0000  RESTRAINT  =         0.0000
 DV/DL  =       239.0889
 ------------------------------------------------------------------------------

 NMR restraints: Bond =    0.000   Angle =     0.000   Torsion =     0.000
===============================================================================

| TI region  1


 NSTEP =    30000   TIME(PS) =      30.000  TEMP(K) =    46.80  PRESS =     0.0
 Etot   =    -95462.1943  EKtot   =      2908.1719  EPtot      =    -98370.3662
 BOND   =     10459.4772  ANGLE   =        -0.0000  DIHED      =        -0.0000
 1-4 NB =         0.0000  1-4 EEL =        -0.0000  VDWAALS    =     25490.3792
 EELEC  =   -134320.2226  EHBOND  =         0.0000  RESTRAINT  =         0.0000
 DV/DL  =       234.1612
 ------------------------------------------------------------------------------

  Softcore part of the system:       7 atoms,       TEMP(K)    =          52.16
 SC_Etot=        20.6119  SC_EKtot=         1.0884  SC_EPtot   =        19.5235
 SC_BOND=         0.6632  SC_ANGLE=         3.0763  SC_DIHED   =         5.2281
 SC_14NB=         0.2114  SC_14EEL=        10.3445  SC_VDW     =         0.0000
 SC_EEL =         0.0000
 SC_RES_DIST=     0.0000  SC_RES_ANG=       0.0000  SC_RES_TORS=         0.0000
 SC_EEL_DER=    109.4537  SC_VDW_DER=     -21.9353  SC_DERIV   =        87.5184
 ------------------------------------------------------------------------------


| TI region  2


 NSTEP =    30000   TIME(PS) =      30.000  TEMP(K) =    46.80  PRESS =     0.0
 Etot   =    -95463.2828  EKtot   =      2907.0834  EPtot      =    -98370.3662
 BOND   =     10459.4772  ANGLE   =        -0.0000  DIHED      =        -0.0000
 1-4 NB =         0.0000  1-4 EEL =        -0.0000  VDWAALS    =     25490.3792
 EELEC  =   -134320.2226  EHBOND  =         0.0000  RESTRAINT  =         0.0000
 DV/DL  =       234.1612
 ------------------------------------------------------------------------------

 NMR restraints: Bond =    0.000   Angle =     0.000   Torsion =     0.000
===============================================================================

| TI region  1


 NSTEP =    35000   TIME(PS) =      35.000  TEMP(K) =    54.36  PRESS =     0.0
 Etot   =    -94619.8323  EKtot   =      3377.6299  EPtot      =    -97997.4622
 BOND   =     10638.6906  ANGLE   =        -0.0000  DIHED      =        -0.0000
 1-4 NB =         0.0000  1-4 EEL =        -0.0000  VDWAALS    =     25505.7954
 EELEC  =   -134141.9482  EHBOND  =         0.0000  RESTRAINT  =         0.0000
 DV/DL  =       243.7781
 ------------------------------------------------------------------------------

  Softcore part of the system:       7 atoms,       TEMP(K)    =          87.49
 SC_Etot=        21.6040  SC_EKtot=         1.8256  SC_EPtot   =        19.7784
 SC_BOND=         0.4350  SC_ANGLE=         3.3868  SC_DIHED   =         5.2387
 SC_14NB=         0.3007  SC_14EEL=        10.4171  SC_VDW     =         0.0000
 SC_EEL =         0.0000
 SC_RES_DIST=     0.0000  SC_RES_ANG=       0.0000  SC_RES_TORS=         0.0000
 SC_EEL_DER=    108.1796  SC_VDW_DER=     -15.4983  SC_DERIV   =        92.6813
 ------------------------------------------------------------------------------


| TI region  2


 NSTEP =    35000   TIME(PS) =      35.000  TEMP(K) =    54.35  PRESS =     0.0
 Etot   =    -94621.6579  EKtot   =      3375.8043  EPtot      =    -97997.4622
 BOND   =     10638.6906  ANGLE   =        -0.0000  DIHED      =        -0.0000
 1-4 NB =         0.0000  1-4 EEL =        -0.0000  VDWAALS    =     25505.7954
 EELEC  =   -134141.9482  EHBOND  =         0.0000  RESTRAINT  =         0.0000
 DV/DL  =       243.7781
 ------------------------------------------------------------------------------

 NMR restraints: Bond =    0.000   Angle =     0.000   Torsion =     0.000
===============================================================================

| TI region  1


 NSTEP =    40000   TIME(PS) =      40.000  TEMP(K) =    62.26  PRESS =     0.0
 Etot   =    -93729.2475  EKtot   =      3868.7913  EPtot      =    -97598.0388
 BOND   =     10928.2845  ANGLE   =         0.0000  DIHED      =        -0.0000
 1-4 NB =         0.0000  1-4 EEL =         0.0000  VDWAALS    =     25347.3169
 EELEC  =   -133873.6402  EHBOND  =         0.0000  RESTRAINT  =         0.0000
 DV/DL  =       244.2584
 ------------------------------------------------------------------------------

  Softcore part of the system:       7 atoms,       TEMP(K)    =          52.38
 SC_Etot=        21.0400  SC_EKtot=         1.0930  SC_EPtot   =        19.9469
 SC_BOND=         0.4188  SC_ANGLE=         3.3817  SC_DIHED   =         5.2128
 SC_14NB=         0.4217  SC_14EEL=        10.5119  SC_VDW     =         0.0000
 SC_EEL =         0.0000
 SC_RES_DIST=     0.0000  SC_RES_ANG=       0.0000  SC_RES_TORS=         0.0000
 SC_EEL_DER=    109.7405  SC_VDW_DER=     -14.6707  SC_DERIV   =        95.0697
 ------------------------------------------------------------------------------


| TI region  2


 NSTEP =    40000   TIME(PS) =      40.000  TEMP(K) =    62.27  PRESS =     0.0
 Etot   =    -93730.3405  EKtot   =      3867.6982  EPtot      =    -97598.0388
 BOND   =     10928.2845  ANGLE   =         0.0000  DIHED      =        -0.0000
 1-4 NB =         0.0000  1-4 EEL =         0.0000  VDWAALS    =     25347.3169
 EELEC  =   -133873.6402  EHBOND  =         0.0000  RESTRAINT  =         0.0000
 DV/DL  =       244.2584
 ------------------------------------------------------------------------------

 NMR restraints: Bond =    0.000   Angle =     0.000   Torsion =     0.000
===============================================================================

| TI region  1


 NSTEP =    45000   TIME(PS) =      45.000  TEMP(K) =    70.62  PRESS =     0.0
 Etot   =    -92863.7237  EKtot   =      4388.0342  EPtot      =    -97251.7579
 BOND   =     10993.9428  ANGLE   =         0.0000  DIHED      =         0.0000
 1-4 NB =         0.0000  1-4 EEL =         0.0000  VDWAALS    =     25409.8466
 EELEC  =   -133655.5474  EHBOND  =         0.0000  RESTRAINT  =         0.0000
 DV/DL  =       234.5950
 ------------------------------------------------------------------------------

  Softcore part of the system:       7 atoms,       TEMP(K)    =          83.66
 SC_Etot=        21.2216  SC_EKtot=         1.7456  SC_EPtot   =        19.4759
 SC_BOND=         0.5056  SC_ANGLE=         3.0390  SC_DIHED   =         5.2164
 SC_14NB=         0.3096  SC_14EEL=        10.4054  SC_VDW     =         0.0000
 SC_EEL =         0.0000
 SC_RES_DIST=     0.0000  SC_RES_ANG=       0.0000  SC_RES_TORS=         0.0000
 SC_EEL_DER=    105.1032  SC_VDW_DER=     -13.7329  SC_DERIV   =        91.3702
 ------------------------------------------------------------------------------


| TI region  2


 NSTEP =    45000   TIME(PS) =      45.000  TEMP(K) =    70.62  PRESS =     0.0
 Etot   =    -92865.4694  EKtot   =      4386.2886  EPtot      =    -97251.7579
 BOND   =     10993.9428  ANGLE   =         0.0000  DIHED      =         0.0000
 1-4 NB =         0.0000  1-4 EEL =         0.0000  VDWAALS    =     25409.8466
 EELEC  =   -133655.5474  EHBOND  =         0.0000  RESTRAINT  =         0.0000
 DV/DL  =       234.5950
 ------------------------------------------------------------------------------

 NMR restraints: Bond =    0.000   Angle =     0.000   Torsion =     0.000
===============================================================================

| TI region  1


 NSTEP =    50000   TIME(PS) =      50.000  TEMP(K) =    78.09  PRESS =     0.0
 Etot   =    -92024.4521  EKtot   =      4852.0713  EPtot      =    -96876.5234
 BOND   =     11108.2328  ANGLE   =        -0.0000  DIHED      =        -0.0000
 1-4 NB =         0.0000  1-4 EEL =         0.0000  VDWAALS    =     25255.1438
 EELEC  =   -133239.9000  EHBOND  =         0.0000  RESTRAINT  =         0.0000
 DV/DL  =       228.7939
 ------------------------------------------------------------------------------

  Softcore part of the system:       7 atoms,       TEMP(K)    =          81.34
 SC_Etot=        21.5063  SC_EKtot=         1.6971  SC_EPtot   =        19.8092
 SC_BOND=         0.2034  SC_ANGLE=         3.6859  SC_DIHED   =         5.2142
 SC_14NB=         0.2863  SC_14EEL=        10.4194  SC_VDW     =         0.0000
 SC_EEL =         0.0000
 SC_RES_DIST=     0.0000  SC_RES_ANG=       0.0000  SC_RES_TORS=         0.0000
 SC_EEL_DER=    102.5009  SC_VDW_DER=     -13.4354  SC_DERIV   =        89.0655
 ------------------------------------------------------------------------------


| TI region  2


 NSTEP =    50000   TIME(PS) =      50.000  TEMP(K) =    78.09  PRESS =     0.0
 Etot   =    -92026.1492  EKtot   =      4850.3742  EPtot      =    -96876.5234
 BOND   =     11108.2328  ANGLE   =        -0.0000  DIHED      =        -0.0000
 1-4 NB =         0.0000  1-4 EEL =         0.0000  VDWAALS    =     25255.1438
 EELEC  =   -133239.9000  EHBOND  =         0.0000  RESTRAINT  =         0.0000
 DV/DL  =       228.7939
 ------------------------------------------------------------------------------

 NMR restraints: Bond =    0.000   Angle =     0.000   Torsion =     0.000
===============================================================================

| TI region  1


 NSTEP =    55000   TIME(PS) =      55.000  TEMP(K) =    85.43  PRESS =     0.0
 Etot   =    -91217.7267  EKtot   =      5308.0068  EPtot      =    -96525.7336
 BOND   =     11430.9223  ANGLE   =        -0.0000  DIHED      =        -0.0000
 1-4 NB =         0.0000  1-4 EEL =        -0.0000  VDWAALS    =     25332.4967
 EELEC  =   -133289.1525  EHBOND  =         0.0000  RESTRAINT  =         0.0000
 DV/DL  =       227.2401
 ------------------------------------------------------------------------------

  Softcore part of the system:       7 atoms,       TEMP(K)    =         123.18
 SC_Etot=        22.6581  SC_EKtot=         2.5703  SC_EPtot   =        20.0879
 SC_BOND=         0.3941  SC_ANGLE=         3.8195  SC_DIHED   =         5.2261
 SC_14NB=         0.2391  SC_14EEL=        10.4091  SC_VDW     =         0.0000
 SC_EEL =         0.0000
 SC_RES_DIST=     0.0000  SC_RES_ANG=       0.0000  SC_RES_TORS=         0.0000
 SC_EEL_DER=    106.2640  SC_VDW_DER=     -16.1275  SC_DERIV   =        90.1365
 ------------------------------------------------------------------------------


| TI region  2


 NSTEP =    55000   TIME(PS) =      55.000  TEMP(K) =    85.41  PRESS =     0.0
 Etot   =    -91220.2970  EKtot   =      5305.4366  EPtot      =    -96525.7336
 BOND   =     11430.9223  ANGLE   =        -0.0000  DIHED      =        -0.0000
 1-4 NB =         0.0000  1-4 EEL =        -0.0000  VDWAALS    =     25332.4967
 EELEC  =   -133289.1525  EHBOND  =         0.0000  RESTRAINT  =         0.0000
 DV/DL  =       227.2401
 ------------------------------------------------------------------------------

 NMR restraints: Bond =    0.000   Angle =     0.000   Torsion =     0.000
===============================================================================

| TI region  1


 NSTEP =    60000   TIME(PS) =      60.000  TEMP(K) =    92.89  PRESS =     0.0
 Etot   =    -90369.8996  EKtot   =      5771.9756  EPtot      =    -96141.8752
 BOND   =     11626.7281  ANGLE   =        -0.0000  DIHED      =         0.0000
 1-4 NB =         0.0000  1-4 EEL =         0.0000  VDWAALS    =     25342.1391
 EELEC  =   -133110.7424  EHBOND  =         0.0000  RESTRAINT  =         0.0000
 DV/DL  =       233.1208
 ------------------------------------------------------------------------------

  Softcore part of the system:       7 atoms,       TEMP(K)    =         109.59
 SC_Etot=        22.1707  SC_EKtot=         2.2866  SC_EPtot   =        19.8841
 SC_BOND=         0.2129  SC_ANGLE=         3.8730  SC_DIHED   =         5.2310
 SC_14NB=         0.1958  SC_14EEL=        10.3714  SC_VDW     =         0.0000
 SC_EEL =         0.0000
 SC_RES_DIST=     0.0000  SC_RES_ANG=       0.0000  SC_RES_TORS=         0.0000
 SC_EEL_DER=     98.5592  SC_VDW_DER=     -10.2734  SC_DERIV   =        88.2858
 ------------------------------------------------------------------------------


| TI region  2


 NSTEP =    60000   TIME(PS) =      60.000  TEMP(K) =    92.89  PRESS =     0.0
 Etot   =    -90372.1863  EKtot   =      5769.6889  EPtot      =    -96141.8752
 BOND   =     11626.7281  ANGLE   =        -0.0000  DIHED      =         0.0000
 1-4 NB =         0.0000  1-4 EEL =         0.0000  VDWAALS    =     25342.1391
 EELEC  =   -133110.7424  EHBOND  =         0.0000  RESTRAINT  =         0.0000
 DV/DL  =       233.1208
 ------------------------------------------------------------------------------

 NMR restraints: Bond =    0.000   Angle =     0.000   Torsion =     0.000
===============================================================================

| TI region  1


 NSTEP =    65000   TIME(PS) =      65.000  TEMP(K) =   102.20  PRESS =     0.0
 Etot   =    -89417.4814  EKtot   =      6350.3086  EPtot      =    -95767.7900
 BOND   =     11722.6289  ANGLE   =         0.0000  DIHED      =        -0.0000
 1-4 NB =         0.0000  1-4 EEL =         0.0000  VDWAALS    =     25311.4593
 EELEC  =   -132801.8783  EHBOND  =         0.0000  RESTRAINT  =         0.0000
 DV/DL  =       234.3346
 ------------------------------------------------------------------------------

  Softcore part of the system:       7 atoms,       TEMP(K)    =         146.58
 SC_Etot=        23.1466  SC_EKtot=         3.0585  SC_EPtot   =        20.0881
 SC_BOND=         0.3833  SC_ANGLE=         3.8750  SC_DIHED   =         5.2208
 SC_14NB=         0.2519  SC_14EEL=        10.3571  SC_VDW     =         0.0000
 SC_EEL =         0.0000
 SC_RES_DIST=     0.0000  SC_RES_ANG=       0.0000  SC_RES_TORS=         0.0000
 SC_EEL_DER=    117.6713  SC_VDW_DER=     -22.8014  SC_DERIV   =        94.8699
 ------------------------------------------------------------------------------


| TI region  2


 NSTEP =    65000   TIME(PS) =      65.000  TEMP(K) =   102.19  PRESS =     0.0
 Etot   =    -89420.5400  EKtot   =      6347.2501  EPtot      =    -95767.7900
 BOND   =     11722.6289  ANGLE   =         0.0000  DIHED      =        -0.0000
 1-4 NB =         0.0000  1-4 EEL =         0.0000  VDWAALS    =     25311.4593
 EELEC  =   -132801.8783  EHBOND  =         0.0000  RESTRAINT  =         0.0000
 DV/DL  =       234.3346
 ------------------------------------------------------------------------------

 NMR restraints: Bond =    0.000   Angle =     0.000   Torsion =     0.000
===============================================================================

| TI region  1


 NSTEP =    70000   TIME(PS) =      70.000  TEMP(K) =   109.81  PRESS =     0.0
 Etot   =    -88394.6240  EKtot   =      6822.7031  EPtot      =    -95217.3271
 BOND   =     11936.9792  ANGLE   =        -0.0000  DIHED      =        -0.0000
 1-4 NB =         0.0000  1-4 EEL =         0.0000  VDWAALS    =     25240.0852
 EELEC  =   -132394.3916  EHBOND  =         0.0000  RESTRAINT  =         0.0000
 DV/DL  =       238.3833
 ------------------------------------------------------------------------------

  Softcore part of the system:       7 atoms,       TEMP(K)    =         136.54
 SC_Etot=        23.8225  SC_EKtot=         2.8490  SC_EPtot   =        20.9736
 SC_BOND=         0.8687  SC_ANGLE=         4.3687  SC_DIHED   =         5.2203
 SC_14NB=         0.1747  SC_14EEL=        10.3411  SC_VDW     =         0.0000
 SC_EEL =         0.0000
 SC_RES_DIST=     0.0000  SC_RES_ANG=       0.0000  SC_RES_TORS=         0.0000
 SC_EEL_DER=    113.7706  SC_VDW_DER=     -18.3784  SC_DERIV   =        95.3922
 ------------------------------------------------------------------------------


| TI region  2


 NSTEP =    70000   TIME(PS) =      70.000  TEMP(K) =   109.80  PRESS =     0.0
 Etot   =    -88397.4730  EKtot   =      6819.8542  EPtot      =    -95217.3271
 BOND   =     11936.9792  ANGLE   =        -0.0000  DIHED      =        -0.0000
 1-4 NB =         0.0000  1-4 EEL =         0.0000  VDWAALS    =     25240.0852
 EELEC  =   -132394.3916  EHBOND  =         0.0000  RESTRAINT  =         0.0000
 DV/DL  =       238.3833
 ------------------------------------------------------------------------------

 NMR restraints: Bond =    0.000   Angle =     0.000   Torsion =     0.000
===============================================================================

| TI region  1


 NSTEP =    75000   TIME(PS) =      75.000  TEMP(K) =   116.97  PRESS =     0.0
 Etot   =    -87647.0319  EKtot   =      7267.5820  EPtot      =    -94914.6139
 BOND   =     12045.8958  ANGLE   =        -0.0000  DIHED      =        -0.0000
 1-4 NB =         0.0000  1-4 EEL =        -0.0000  VDWAALS    =     25351.0847
 EELEC  =   -132311.5943  EHBOND  =         0.0000  RESTRAINT  =         0.0000
 DV/DL  =       226.8235
 ------------------------------------------------------------------------------

  Softcore part of the system:       7 atoms,       TEMP(K)    =          75.56
 SC_Etot=        21.8689  SC_EKtot=         1.5767  SC_EPtot   =        20.2922
 SC_BOND=         0.7941  SC_ANGLE=         3.5891  SC_DIHED   =         5.2433
 SC_14NB=         0.2704  SC_14EEL=        10.3954  SC_VDW     =         0.0000
 SC_EEL =         0.0000
 SC_RES_DIST=     0.0000  SC_RES_ANG=       0.0000  SC_RES_TORS=         0.0000
 SC_EEL_DER=     99.2534  SC_VDW_DER=     -12.7046  SC_DERIV   =        86.5488
 ------------------------------------------------------------------------------


| TI region  2


 NSTEP =    75000   TIME(PS) =      75.000  TEMP(K) =   116.98  PRESS =     0.0
 Etot   =    -87648.6086  EKtot   =      7266.0054  EPtot      =    -94914.6139
 BOND   =     12045.8958  ANGLE   =        -0.0000  DIHED      =        -0.0000
 1-4 NB =         0.0000  1-4 EEL =        -0.0000  VDWAALS    =     25351.0847
 EELEC  =   -132311.5943  EHBOND  =         0.0000  RESTRAINT  =         0.0000
 DV/DL  =       226.8235
 ------------------------------------------------------------------------------

 NMR restraints: Bond =    0.000   Angle =     0.000   Torsion =     0.000
===============================================================================

| TI region  1


 NSTEP =    80000   TIME(PS) =      80.000  TEMP(K) =   124.52  PRESS =     0.0
 Etot   =    -86738.5342  EKtot   =      7736.6855  EPtot      =    -94475.2197
 BOND   =     12078.7401  ANGLE   =         0.0000  DIHED      =        -0.0000
 1-4 NB =         0.0000  1-4 EEL =         0.0000  VDWAALS    =     25049.6145
 EELEC  =   -131603.5743  EHBOND  =         0.0000  RESTRAINT  =         0.0000
 DV/DL  =       242.3225
 ------------------------------------------------------------------------------

  Softcore part of the system:       7 atoms,       TEMP(K)    =         133.93
 SC_Etot=        24.6090  SC_EKtot=         2.7945  SC_EPtot   =        21.8145
 SC_BOND=         0.6354  SC_ANGLE=         4.8843  SC_DIHED   =         5.2410
 SC_14NB=         0.5535  SC_14EEL=        10.5003  SC_VDW     =         0.0000
 SC_EEL =         0.0000
 SC_RES_DIST=     0.0000  SC_RES_ANG=       0.0000  SC_RES_TORS=         0.0000
 SC_EEL_DER=    112.3226  SC_VDW_DER=     -18.8352  SC_DERIV   =        93.4874
 ------------------------------------------------------------------------------


| TI region  2


 NSTEP =    80000   TIME(PS) =      80.000  TEMP(K) =   124.51  PRESS =     0.0
 Etot   =    -86741.3287  EKtot   =      7733.8910  EPtot      =    -94475.2197
 BOND   =     12078.7401  ANGLE   =         0.0000  DIHED      =        -0.0000
 1-4 NB =         0.0000  1-4 EEL =         0.0000  VDWAALS    =     25049.6145
 EELEC  =   -131603.5743  EHBOND  =         0.0000  RESTRAINT  =         0.0000
 DV/DL  =       242.3225
 ------------------------------------------------------------------------------

 NMR restraints: Bond =    0.000   Angle =     0.000   Torsion =     0.000
===============================================================================

| TI region  1


 NSTEP =    85000   TIME(PS) =      85.000  TEMP(K) =   133.81  PRESS =     0.0
 Etot   =    -85697.3209  EKtot   =      8314.2129  EPtot      =    -94011.5338
 BOND   =     12426.6053  ANGLE   =        -0.0000  DIHED      =        -0.0000
 1-4 NB =         0.0000  1-4 EEL =        -0.0000  VDWAALS    =     24826.1813
 EELEC  =   -131264.3204  EHBOND  =         0.0000  RESTRAINT  =         0.0000
 DV/DL  =       229.1514
 ------------------------------------------------------------------------------

  Softcore part of the system:       7 atoms,       TEMP(K)    =         103.76
 SC_Etot=        21.9065  SC_EKtot=         2.1651  SC_EPtot   =        19.7414
 SC_BOND=         0.2628  SC_ANGLE=         3.2732  SC_DIHED   =         5.2248
 SC_14NB=         0.4545  SC_14EEL=        10.5260  SC_VDW     =         0.0000
 SC_EEL =         0.0000
 SC_RES_DIST=     0.0000  SC_RES_ANG=       0.0000  SC_RES_TORS=         0.0000
 SC_EEL_DER=    100.5536  SC_VDW_DER=     -14.5550  SC_DERIV   =        85.9986
 ------------------------------------------------------------------------------


| TI region  2


 NSTEP =    85000   TIME(PS) =      85.000  TEMP(K) =   133.82  PRESS =     0.0
 Etot   =    -85699.4860  EKtot   =      8312.0478  EPtot      =    -94011.5338
 BOND   =     12426.6053  ANGLE   =        -0.0000  DIHED      =        -0.0000
 1-4 NB =         0.0000  1-4 EEL =        -0.0000  VDWAALS    =     24826.1813
 EELEC  =   -131264.3204  EHBOND  =         0.0000  RESTRAINT  =         0.0000
 DV/DL  =       229.1514
 ------------------------------------------------------------------------------

 NMR restraints: Bond =    0.000   Angle =     0.000   Torsion =     0.000
===============================================================================

| TI region  1


 NSTEP =    90000   TIME(PS) =      90.000  TEMP(K) =   141.08  PRESS =     0.0
 Etot   =    -84793.7212  EKtot   =      8766.0254  EPtot      =    -93559.7466
 BOND   =     12406.2775  ANGLE   =        -0.0000  DIHED      =        -0.0000
 1-4 NB =         0.0000  1-4 EEL =        -0.0000  VDWAALS    =     24895.8430
 EELEC  =   -130861.8671  EHBOND  =         0.0000  RESTRAINT  =         0.0000
 DV/DL  =       209.2603
 ------------------------------------------------------------------------------

  Softcore part of the system:       7 atoms,       TEMP(K)    =         192.10
 SC_Etot=        25.2579  SC_EKtot=         4.0083  SC_EPtot   =        21.2496
 SC_BOND=         1.2608  SC_ANGLE=         4.3191  SC_DIHED   =         5.2183
 SC_14NB=         0.1484  SC_14EEL=        10.3031  SC_VDW     =         0.0000
 SC_EEL =         0.0000
 SC_RES_DIST=     0.0000  SC_RES_ANG=       0.0000  SC_RES_TORS=         0.0000
 SC_EEL_DER=     84.4834  SC_VDW_DER=     -10.7576  SC_DERIV   =        73.7258
 ------------------------------------------------------------------------------


| TI region  2


 NSTEP =    90000   TIME(PS) =      90.000  TEMP(K) =   141.06  PRESS =     0.0
 Etot   =    -84797.7295  EKtot   =      8762.0171  EPtot      =    -93559.7466
 BOND   =     12406.2775  ANGLE   =        -0.0000  DIHED      =        -0.0000
 1-4 NB =         0.0000  1-4 EEL =        -0.0000  VDWAALS    =     24895.8430
 EELEC  =   -130861.8671  EHBOND  =         0.0000  RESTRAINT  =         0.0000
 DV/DL  =       209.2603
 ------------------------------------------------------------------------------

 NMR restraints: Bond =    0.000   Angle =     0.000   Torsion =     0.000
===============================================================================

| TI region  1


 NSTEP =    95000   TIME(PS) =      95.000  TEMP(K) =   149.93  PRESS =     0.0
 Etot   =    -83828.0565  EKtot   =      9316.0215  EPtot      =    -93144.0780
 BOND   =     12761.6409  ANGLE   =        -0.0000  DIHED      =        -0.0000
 1-4 NB =         0.0000  1-4 EEL =        -0.0000  VDWAALS    =     24658.8417
 EELEC  =   -130564.5605  EHBOND  =         0.0000  RESTRAINT  =         0.0000
 DV/DL  =       224.5252
 ------------------------------------------------------------------------------

  Softcore part of the system:       7 atoms,       TEMP(K)    =         163.51
 SC_Etot=        23.6213  SC_EKtot=         3.4118  SC_EPtot   =        20.2095
 SC_BOND=         0.5126  SC_ANGLE=         3.8027  SC_DIHED   =         5.2074
 SC_14NB=         0.2575  SC_14EEL=        10.4294  SC_VDW     =         0.0000
 SC_EEL =         0.0000
 SC_RES_DIST=     0.0000  SC_RES_ANG=       0.0000  SC_RES_TORS=         0.0000
 SC_EEL_DER=     97.1959  SC_VDW_DER=     -13.0484  SC_DERIV   =        84.1475
 ------------------------------------------------------------------------------


| TI region  2


 NSTEP =    95000   TIME(PS) =      95.000  TEMP(K) =   149.93  PRESS =     0.0
 Etot   =    -83831.4683  EKtot   =      9312.6097  EPtot      =    -93144.0780
 BOND   =     12761.6409  ANGLE   =        -0.0000  DIHED      =        -0.0000
 1-4 NB =         0.0000  1-4 EEL =        -0.0000  VDWAALS    =     24658.8417
 EELEC  =   -130564.5605  EHBOND  =         0.0000  RESTRAINT  =         0.0000
 DV/DL  =       224.5252
 ------------------------------------------------------------------------------

 NMR restraints: Bond =    0.000   Angle =     0.000   Torsion =     0.000
===============================================================================

| TI region  1


 NSTEP =   100000   TIME(PS) =     100.000  TEMP(K) =   156.44  PRESS =     0.0
 Etot   =    -82880.2741  EKtot   =      9720.2090  EPtot      =    -92600.4831
 BOND   =     12801.6899  ANGLE   =        -0.0000  DIHED      =        -0.0000
 1-4 NB =         0.0000  1-4 EEL =         0.0000  VDWAALS    =     24787.1763
 EELEC  =   -130189.3493  EHBOND  =         0.0000  RESTRAINT  =         0.0000
 DV/DL  =       208.6121
 ------------------------------------------------------------------------------

  Softcore part of the system:       7 atoms,       TEMP(K)    =         201.23
 SC_Etot=        24.7328  SC_EKtot=         4.1988  SC_EPtot   =        20.5340
 SC_BOND=         0.6185  SC_ANGLE=         3.9589  SC_DIHED   =         5.2117
 SC_14NB=         0.2897  SC_14EEL=        10.4551  SC_VDW     =         0.0000
 SC_EEL =         0.0000
 SC_RES_DIST=     0.0000  SC_RES_ANG=       0.0000  SC_RES_TORS=         0.0000
 SC_EEL_DER=     83.0161  SC_VDW_DER=      -6.6082  SC_DERIV   =        76.4079
 ------------------------------------------------------------------------------


| TI region  2


 NSTEP =   100000   TIME(PS) =     100.000  TEMP(K) =   156.42  PRESS =     0.0
 Etot   =    -82884.4729  EKtot   =      9716.0102  EPtot      =    -92600.4831
 BOND   =     12801.6899  ANGLE   =        -0.0000  DIHED      =        -0.0000
 1-4 NB =         0.0000  1-4 EEL =         0.0000  VDWAALS    =     24787.1763
 EELEC  =   -130189.3493  EHBOND  =         0.0000  RESTRAINT  =         0.0000
 DV/DL  =       208.6121
 ------------------------------------------------------------------------------

 NMR restraints: Bond =    0.000   Angle =     0.000   Torsion =     0.000
===============================================================================

| TI region  1


 NSTEP =   105000   TIME(PS) =     105.000  TEMP(K) =   165.22  PRESS =     0.0
 Etot   =    -82033.5818  EKtot   =     10265.8613  EPtot      =    -92299.4431
 BOND   =     12937.2173  ANGLE   =         0.0000  DIHED      =         0.0000
 1-4 NB =         0.0000  1-4 EEL =         0.0000  VDWAALS    =     24781.3981
 EELEC  =   -130018.0585  EHBOND  =         0.0000  RESTRAINT  =         0.0000
 DV/DL  =       218.7997
 ------------------------------------------------------------------------------

  Softcore part of the system:       7 atoms,       TEMP(K)    =         209.91
 SC_Etot=        24.5459  SC_EKtot=         4.3800  SC_EPtot   =        20.1660
 SC_BOND=         0.6277  SC_ANGLE=         3.6594  SC_DIHED   =         5.3362
 SC_14NB=         0.1876  SC_14EEL=        10.3551  SC_VDW     =         0.0000
 SC_EEL =         0.0000
 SC_RES_DIST=     0.0000  SC_RES_ANG=       0.0000  SC_RES_TORS=         0.0000
 SC_EEL_DER=     87.4054  SC_VDW_DER=      -9.5208  SC_DERIV   =        77.8846
 ------------------------------------------------------------------------------


| TI region  2


 NSTEP =   105000   TIME(PS) =     105.000  TEMP(K) =   165.20  PRESS =     0.0
 Etot   =    -82037.9618  EKtot   =     10261.4813  EPtot      =    -92299.4431
 BOND   =     12937.2173  ANGLE   =         0.0000  DIHED      =         0.0000
 1-4 NB =         0.0000  1-4 EEL =         0.0000  VDWAALS    =     24781.3981
 EELEC  =   -130018.0585  EHBOND  =         0.0000  RESTRAINT  =         0.0000
 DV/DL  =       218.7997
 ------------------------------------------------------------------------------

 NMR restraints: Bond =    0.000   Angle =     0.000   Torsion =     0.000
===============================================================================

| TI region  1


 NSTEP =   110000   TIME(PS) =     110.000  TEMP(K) =   172.56  PRESS =     0.0
 Etot   =    -80952.2597  EKtot   =     10721.8115  EPtot      =    -91674.0712
 BOND   =     13053.8100  ANGLE   =        -0.0000  DIHED      =        -0.0000
 1-4 NB =         0.0000  1-4 EEL =         0.0000  VDWAALS    =     24576.8454
 EELEC  =   -129304.7267  EHBOND  =         0.0000  RESTRAINT  =         0.0000
 DV/DL  =       218.7991
 ------------------------------------------------------------------------------

  Softcore part of the system:       7 atoms,       TEMP(K)    =         209.17
 SC_Etot=        25.5611  SC_EKtot=         4.3645  SC_EPtot   =        21.1966
 SC_BOND=         1.0224  SC_ANGLE=         4.2712  SC_DIHED   =         5.2069
 SC_14NB=         0.2685  SC_14EEL=        10.4277  SC_VDW     =         0.0000
 SC_EEL =         0.0000
 SC_RES_DIST=     0.0000  SC_RES_ANG=       0.0000  SC_RES_TORS=         0.0000
 SC_EEL_DER=     94.5790  SC_VDW_DER=     -14.5490  SC_DERIV   =        80.0299
 ------------------------------------------------------------------------------


| TI region  2


 NSTEP =   110000   TIME(PS) =     110.000  TEMP(K) =   172.55  PRESS =     0.0
 Etot   =    -80956.6242  EKtot   =     10717.4470  EPtot      =    -91674.0712
 BOND   =     13053.8100  ANGLE   =        -0.0000  DIHED      =        -0.0000
 1-4 NB =         0.0000  1-4 EEL =         0.0000  VDWAALS    =     24576.8454
 EELEC  =   -129304.7267  EHBOND  =         0.0000  RESTRAINT  =         0.0000
 DV/DL  =       218.7991
 ------------------------------------------------------------------------------

 NMR restraints: Bond =    0.000   Angle =     0.000   Torsion =     0.000
===============================================================================

| TI region  1


 NSTEP =   115000   TIME(PS) =     115.000  TEMP(K) =   180.64  PRESS =     0.0
 Etot   =    -79960.5700  EKtot   =     11223.6865  EPtot      =    -91184.2565
 BOND   =     13293.3215  ANGLE   =         0.0000  DIHED      =         0.0000
 1-4 NB =         0.0000  1-4 EEL =        -0.0000  VDWAALS    =     24248.6859
 EELEC  =   -128726.2639  EHBOND  =         0.0000  RESTRAINT  =         0.0000
 DV/DL  =       206.7811
 ------------------------------------------------------------------------------

  Softcore part of the system:       7 atoms,       TEMP(K)    =         147.42
 SC_Etot=        23.9073  SC_EKtot=         3.0759  SC_EPtot   =        20.8314
 SC_BOND=         1.8423  SC_ANGLE=         3.1630  SC_DIHED   =         5.2531
 SC_14NB=         0.2277  SC_14EEL=        10.3452  SC_VDW     =         0.0000
 SC_EEL =         0.0000
 SC_RES_DIST=     0.0000  SC_RES_ANG=       0.0000  SC_RES_TORS=         0.0000
 SC_EEL_DER=     82.5656  SC_VDW_DER=      -7.3489  SC_DERIV   =        75.2167
 ------------------------------------------------------------------------------


| TI region  2


 NSTEP =   115000   TIME(PS) =     115.000  TEMP(K) =   180.65  PRESS =     0.0
 Etot   =    -79963.6459  EKtot   =     11220.6106  EPtot      =    -91184.2565
 BOND   =     13293.3215  ANGLE   =         0.0000  DIHED      =         0.0000
 1-4 NB =         0.0000  1-4 EEL =        -0.0000  VDWAALS    =     24248.6859
 EELEC  =   -128726.2639  EHBOND  =         0.0000  RESTRAINT  =         0.0000
 DV/DL  =       206.7811
 ------------------------------------------------------------------------------

 NMR restraints: Bond =    0.000   Angle =     0.000   Torsion =     0.000
===============================================================================

| TI region  1


 NSTEP =   120000   TIME(PS) =     120.000  TEMP(K) =   189.85  PRESS =     0.0
 Etot   =    -78926.0393  EKtot   =     11796.1699  EPtot      =    -90722.2092
 BOND   =     13497.8411  ANGLE   =         0.0000  DIHED      =        -0.0000
 1-4 NB =         0.0000  1-4 EEL =         0.0000  VDWAALS    =     24305.3711
 EELEC  =   -128525.4214  EHBOND  =         0.0000  RESTRAINT  =         0.0000
 DV/DL  =       223.7320
 ------------------------------------------------------------------------------

  Softcore part of the system:       7 atoms,       TEMP(K)    =         230.97
 SC_Etot=        27.0180  SC_EKtot=         4.8194  SC_EPtot   =        22.1986
 SC_BOND=         0.8792  SC_ANGLE=         5.5565  SC_DIHED   =         5.2400
 SC_14NB=         0.2143  SC_14EEL=        10.3086  SC_VDW     =         0.0000
 SC_EEL =         0.0000
 SC_RES_DIST=     0.0000  SC_RES_ANG=       0.0000  SC_RES_TORS=         0.0000
 SC_EEL_DER=    108.7490  SC_VDW_DER=     -19.5343  SC_DERIV   =        89.2148
 ------------------------------------------------------------------------------


| TI region  2


 NSTEP =   120000   TIME(PS) =     120.000  TEMP(K) =   189.84  PRESS =     0.0
 Etot   =    -78930.8587  EKtot   =     11791.3506  EPtot      =    -90722.2092
 BOND   =     13497.8411  ANGLE   =         0.0000  DIHED      =        -0.0000
 1-4 NB =         0.0000  1-4 EEL =         0.0000  VDWAALS    =     24305.3711
 EELEC  =   -128525.4214  EHBOND  =         0.0000  RESTRAINT  =         0.0000
 DV/DL  =       223.7320
 ------------------------------------------------------------------------------

 NMR restraints: Bond =    0.000   Angle =     0.000   Torsion =     0.000
===============================================================================

| TI region  1


 NSTEP =   125000   TIME(PS) =     125.000  TEMP(K) =   195.49  PRESS =     0.0
 Etot   =    -78079.6072  EKtot   =     12146.5283  EPtot      =    -90226.1356
 BOND   =     13458.1391  ANGLE   =        -0.0000  DIHED      =        -0.0000
 1-4 NB =         0.0000  1-4 EEL =         0.0000  VDWAALS    =     24048.0194
 EELEC  =   -127732.2941  EHBOND  =         0.0000  RESTRAINT  =         0.0000
 DV/DL  =       219.4162
 ------------------------------------------------------------------------------

  Softcore part of the system:       7 atoms,       TEMP(K)    =         127.63
 SC_Etot=        25.3305  SC_EKtot=         2.6630  SC_EPtot   =        22.6674
 SC_BOND=         2.3096  SC_ANGLE=         4.9033  SC_DIHED   =         5.2101
 SC_14NB=         0.1214  SC_14EEL=        10.1231  SC_VDW     =         0.0000
 SC_EEL =         0.0000
 SC_RES_DIST=     0.0000  SC_RES_ANG=       0.0000  SC_RES_TORS=         0.0000
 SC_EEL_DER=    100.2161  SC_VDW_DER=     -14.7146  SC_DERIV   =        85.5015
 ------------------------------------------------------------------------------


| TI region  2


 NSTEP =   125000   TIME(PS) =     125.000  TEMP(K) =   195.51  PRESS =     0.0
 Etot   =    -78082.2703  EKtot   =     12143.8653  EPtot      =    -90226.1356
 BOND   =     13458.1391  ANGLE   =        -0.0000  DIHED      =        -0.0000
 1-4 NB =         0.0000  1-4 EEL =         0.0000  VDWAALS    =     24048.0194
 EELEC  =   -127732.2941  EHBOND  =         0.0000  RESTRAINT  =         0.0000
 DV/DL  =       219.4162
 ------------------------------------------------------------------------------

 NMR restraints: Bond =    0.000   Angle =     0.000   Torsion =     0.000
===============================================================================

| TI region  1


 NSTEP =   130000   TIME(PS) =     130.000  TEMP(K) =   205.90  PRESS =     0.0
 Etot   =    -77023.6857  EKtot   =     12793.2119  EPtot      =    -89816.8977
 BOND   =     13639.5715  ANGLE   =         0.0000  DIHED      =        -0.0000
 1-4 NB =         0.0000  1-4 EEL =        -0.0000  VDWAALS    =     24146.6271
 EELEC  =   -127603.0962  EHBOND  =         0.0000  RESTRAINT  =         0.0000
 DV/DL  =       219.4955
 ------------------------------------------------------------------------------

  Softcore part of the system:       7 atoms,       TEMP(K)    =         129.97
 SC_Etot=        23.3383  SC_EKtot=         2.7119  SC_EPtot   =        20.6263
 SC_BOND=         0.3687  SC_ANGLE=         4.3114  SC_DIHED   =         5.2162
 SC_14NB=         0.2791  SC_14EEL=        10.4509  SC_VDW     =         0.0000
 SC_EEL =         0.0000
 SC_RES_DIST=     0.0000  SC_RES_ANG=       0.0000  SC_RES_TORS=         0.0000
 SC_EEL_DER=     97.0627  SC_VDW_DER=     -11.4868  SC_DERIV   =        85.5759
 ------------------------------------------------------------------------------


| TI region  2


 NSTEP =   130000   TIME(PS) =     130.000  TEMP(K) =   205.92  PRESS =     0.0
 Etot   =    -77026.3977  EKtot   =     12790.5000  EPtot      =    -89816.8977
 BOND   =     13639.5715  ANGLE   =         0.0000  DIHED      =        -0.0000
 1-4 NB =         0.0000  1-4 EEL =        -0.0000  VDWAALS    =     24146.6271
 EELEC  =   -127603.0962  EHBOND  =         0.0000  RESTRAINT  =         0.0000
 DV/DL  =       219.4955
 ------------------------------------------------------------------------------

 NMR restraints: Bond =    0.000   Angle =     0.000   Torsion =     0.000
===============================================================================

| TI region  1


 NSTEP =   135000   TIME(PS) =     135.000  TEMP(K) =   214.25  PRESS =     0.0
 Etot   =    -75957.2275  EKtot   =     13312.6045  EPtot      =    -89269.8320
 BOND   =     13812.6062  ANGLE   =        -0.0000  DIHED      =         0.0000
 1-4 NB =         0.0000  1-4 EEL =         0.0000  VDWAALS    =     23946.0076
 EELEC  =   -127028.4458  EHBOND  =         0.0000  RESTRAINT  =         0.0000
 DV/DL  =       218.4818
 ------------------------------------------------------------------------------

  Softcore part of the system:       7 atoms,       TEMP(K)    =         125.07
 SC_Etot=        26.0278  SC_EKtot=         2.6096  SC_EPtot   =        23.4182
 SC_BOND=         2.7353  SC_ANGLE=         5.2470  SC_DIHED   =         5.2099
 SC_14NB=         0.0623  SC_14EEL=        10.1638  SC_VDW     =         0.0000
 SC_EEL =         0.0000
 SC_RES_DIST=     0.0000  SC_RES_ANG=       0.0000  SC_RES_TORS=         0.0000
 SC_EEL_DER=     89.7542  SC_VDW_DER=     -10.6037  SC_DERIV   =        79.1505
 ------------------------------------------------------------------------------


| TI region  2


 NSTEP =   135000   TIME(PS) =     135.000  TEMP(K) =   214.28  PRESS =     0.0
 Etot   =    -75959.8371  EKtot   =     13309.9949  EPtot      =    -89269.8320
 BOND   =     13812.6062  ANGLE   =        -0.0000  DIHED      =         0.0000
 1-4 NB =         0.0000  1-4 EEL =         0.0000  VDWAALS    =     23946.0076
 EELEC  =   -127028.4458  EHBOND  =         0.0000  RESTRAINT  =         0.0000
 DV/DL  =       218.4818
 ------------------------------------------------------------------------------

 NMR restraints: Bond =    0.000   Angle =     0.000   Torsion =     0.000
===============================================================================

| TI region  1


 NSTEP =   140000   TIME(PS) =     140.000  TEMP(K) =   221.05  PRESS =     0.0
 Etot   =    -74890.9787  EKtot   =     13734.8896  EPtot      =    -88625.8684
 BOND   =     14087.1410  ANGLE   =        -0.0000  DIHED      =         0.0000
 1-4 NB =         0.0000  1-4 EEL =        -0.0000  VDWAALS    =     23668.6166
 EELEC  =   -126381.6259  EHBOND  =         0.0000  RESTRAINT  =         0.0000
 DV/DL  =       212.7574
 ------------------------------------------------------------------------------

  Softcore part of the system:       7 atoms,       TEMP(K)    =         182.26
 SC_Etot=        25.4494  SC_EKtot=         3.8030  SC_EPtot   =        21.6464
 SC_BOND=         0.9653  SC_ANGLE=         4.9235  SC_DIHED   =         5.2296
 SC_14NB=         0.1613  SC_14EEL=        10.3668  SC_VDW     =         0.0000
 SC_EEL =         0.0000
 SC_RES_DIST=     0.0000  SC_RES_ANG=       0.0000  SC_RES_TORS=         0.0000
 SC_EEL_DER=     78.1863  SC_VDW_DER=      -6.4516  SC_DERIV   =        71.7347
 ------------------------------------------------------------------------------


| TI region  2


 NSTEP =   140000   TIME(PS) =     140.000  TEMP(K) =   221.06  PRESS =     0.0
 Etot   =    -74894.7817  EKtot   =     13731.0867  EPtot      =    -88625.8684
 BOND   =     14087.1410  ANGLE   =        -0.0000  DIHED      =         0.0000
 1-4 NB =         0.0000  1-4 EEL =        -0.0000  VDWAALS    =     23668.6166
 EELEC  =   -126381.6259  EHBOND  =         0.0000  RESTRAINT  =         0.0000
 DV/DL  =       212.7574
 ------------------------------------------------------------------------------

 NMR restraints: Bond =    0.000   Angle =     0.000   Torsion =     0.000
===============================================================================

| TI region  1


 NSTEP =   145000   TIME(PS) =     145.000  TEMP(K) =   225.52  PRESS =     0.0
 Etot   =    -74115.8487  EKtot   =     14012.6357  EPtot      =    -88128.4845
 BOND   =     14069.5230  ANGLE   =        -0.0000  DIHED      =        -0.0000
 1-4 NB =         0.0000  1-4 EEL =        -0.0000  VDWAALS    =     23662.0203
 EELEC  =   -125860.0277  EHBOND  =         0.0000  RESTRAINT  =         0.0000
 DV/DL  =       207.3464
 ------------------------------------------------------------------------------

  Softcore part of the system:       7 atoms,       TEMP(K)    =         280.61
 SC_Etot=        27.8378  SC_EKtot=         5.8550  SC_EPtot   =        21.9828
 SC_BOND=         0.8949  SC_ANGLE=         5.2224  SC_DIHED   =         5.2245
 SC_14NB=         0.2461  SC_14EEL=        10.3949  SC_VDW     =         0.0000
 SC_EEL =         0.0000
 SC_RES_DIST=     0.0000  SC_RES_ANG=       0.0000  SC_RES_TORS=         0.0000
 SC_EEL_DER=     86.7647  SC_VDW_DER=     -10.2144  SC_DERIV   =        76.5503
 ------------------------------------------------------------------------------


| TI region  2


 NSTEP =   145000   TIME(PS) =     145.000  TEMP(K) =   225.50  PRESS =     0.0
 Etot   =    -74121.7037  EKtot   =     14006.7808  EPtot      =    -88128.4845
 BOND   =     14069.5230  ANGLE   =        -0.0000  DIHED      =        -0.0000
 1-4 NB =         0.0000  1-4 EEL =        -0.0000  VDWAALS    =     23662.0203
 EELEC  =   -125860.0277  EHBOND  =         0.0000  RESTRAINT  =         0.0000
 DV/DL  =       207.3464
 ------------------------------------------------------------------------------

 NMR restraints: Bond =    0.000   Angle =     0.000   Torsion =     0.000
===============================================================================

| TI region  1


 NSTEP =   150000   TIME(PS) =     150.000  TEMP(K) =   236.04  PRESS =     0.0
 Etot   =    -72828.2273  EKtot   =     14666.0537  EPtot      =    -87494.2810
 BOND   =     14028.8779  ANGLE   =        -0.0000  DIHED      =         0.0000
 1-4 NB =         0.0000  1-4 EEL =        -0.0000  VDWAALS    =     23098.6901
 EELEC  =   -124621.8491  EHBOND  =         0.0000  RESTRAINT  =         0.0000
 DV/DL  =       199.6580
 ------------------------------------------------------------------------------

  Softcore part of the system:       7 atoms,       TEMP(K)    =         287.81
 SC_Etot=        28.1937  SC_EKtot=         6.0054  SC_EPtot   =        22.1883
 SC_BOND=         0.8894  SC_ANGLE=         5.5174  SC_DIHED   =         5.2172
 SC_14NB=         0.2379  SC_14EEL=        10.3264  SC_VDW     =         0.0000
 SC_EEL =         0.0000
 SC_RES_DIST=     0.0000  SC_RES_ANG=       0.0000  SC_RES_TORS=         0.0000
 SC_EEL_DER=     77.8759  SC_VDW_DER=     -10.5093  SC_DERIV   =        67.3666
 ------------------------------------------------------------------------------


| TI region  2


 NSTEP =   150000   TIME(PS) =     150.000  TEMP(K) =   236.02  PRESS =     0.0
 Etot   =    -72834.2327  EKtot   =     14660.0483  EPtot      =    -87494.2810
 BOND   =     14028.8779  ANGLE   =        -0.0000  DIHED      =         0.0000
 1-4 NB =         0.0000  1-4 EEL =        -0.0000  VDWAALS    =     23098.6901
 EELEC  =   -124621.8491  EHBOND  =         0.0000  RESTRAINT  =         0.0000
 DV/DL  =       199.6580
 ------------------------------------------------------------------------------

 NMR restraints: Bond =    0.000   Angle =     0.000   Torsion =     0.000
===============================================================================

| TI region  1


 NSTEP =   155000   TIME(PS) =     155.000  TEMP(K) =   243.26  PRESS =     0.0
 Etot   =    -71684.4384  EKtot   =     15115.1348  EPtot      =    -86799.5732
 BOND   =     14203.7962  ANGLE   =        -0.0000  DIHED      =         0.0000
 1-4 NB =         0.0000  1-4 EEL =        -0.0000  VDWAALS    =     23061.0503
 EELEC  =   -124064.4196  EHBOND  =         0.0000  RESTRAINT  =         0.0000
 DV/DL  =       210.2915
 ------------------------------------------------------------------------------

  Softcore part of the system:       7 atoms,       TEMP(K)    =         167.45
 SC_Etot=        24.8228  SC_EKtot=         3.4939  SC_EPtot   =        21.3289
 SC_BOND=         0.5477  SC_ANGLE=         5.1443  SC_DIHED   =         5.2198
 SC_14NB=         0.1347  SC_14EEL=        10.2824  SC_VDW     =         0.0000
 SC_EEL =         0.0000
 SC_RES_DIST=     0.0000  SC_RES_ANG=       0.0000  SC_RES_TORS=         0.0000
 SC_EEL_DER=     95.9808  SC_VDW_DER=     -16.5140  SC_DERIV   =        79.4668
 ------------------------------------------------------------------------------


| TI region  2


 NSTEP =   155000   TIME(PS) =     155.000  TEMP(K) =   243.29  PRESS =     0.0
 Etot   =    -71687.9323  EKtot   =     15111.6408  EPtot      =    -86799.5732
 BOND   =     14203.7962  ANGLE   =        -0.0000  DIHED      =         0.0000
 1-4 NB =         0.0000  1-4 EEL =        -0.0000  VDWAALS    =     23061.0503
 EELEC  =   -124064.4196  EHBOND  =         0.0000  RESTRAINT  =         0.0000
 DV/DL  =       210.2915
 ------------------------------------------------------------------------------

 NMR restraints: Bond =    0.000   Angle =     0.000   Torsion =     0.000
===============================================================================

| TI region  1


 NSTEP =   160000   TIME(PS) =     160.000  TEMP(K) =   253.56  PRESS =     0.0
 Etot   =    -70416.8455  EKtot   =     15754.7607  EPtot      =    -86171.6062
 BOND   =     14356.3470  ANGLE   =         0.0000  DIHED      =        -0.0000
 1-4 NB =         0.0000  1-4 EEL =        -0.0000  VDWAALS    =     22930.3549
 EELEC  =   -123458.3082  EHBOND  =         0.0000  RESTRAINT  =         0.0000
 DV/DL  =       231.7201
 ------------------------------------------------------------------------------

  Softcore part of the system:       7 atoms,       TEMP(K)    =         350.28
 SC_Etot=        30.1327  SC_EKtot=         7.3088  SC_EPtot   =        22.8239
 SC_BOND=         0.5504  SC_ANGLE=         6.5882  SC_DIHED   =         5.2509
 SC_14NB=         0.1538  SC_14EEL=        10.2805  SC_VDW     =         0.0000
 SC_EEL =         0.0000
 SC_RES_DIST=     0.0000  SC_RES_ANG=       0.0000  SC_RES_TORS=         0.0000
 SC_EEL_DER=    126.4590  SC_VDW_DER=     -37.7177  SC_DERIV   =        88.7413
 ------------------------------------------------------------------------------


| TI region  2


 NSTEP =   160000   TIME(PS) =     160.000  TEMP(K) =   253.53  PRESS =     0.0
 Etot   =    -70424.1543  EKtot   =     15747.4519  EPtot      =    -86171.6062
 BOND   =     14356.3470  ANGLE   =         0.0000  DIHED      =        -0.0000
 1-4 NB =         0.0000  1-4 EEL =        -0.0000  VDWAALS    =     22930.3549
 EELEC  =   -123458.3082  EHBOND  =         0.0000  RESTRAINT  =         0.0000
 DV/DL  =       231.7201
 ------------------------------------------------------------------------------

 NMR restraints: Bond =    0.000   Angle =     0.000   Torsion =     0.000
===============================================================================

| TI region  1


 NSTEP =   165000   TIME(PS) =     165.000  TEMP(K) =   258.86  PRESS =     0.0
 Etot   =    -69346.4435  EKtot   =     16083.8340  EPtot      =    -85430.2774
 BOND   =     14740.1531  ANGLE   =         0.0000  DIHED      =        -0.0000
 1-4 NB =         0.0000  1-4 EEL =         0.0000  VDWAALS    =     22531.7030
 EELEC  =   -122702.1335  EHBOND  =         0.0000  RESTRAINT  =         0.0000
 DV/DL  =       210.5713
 ------------------------------------------------------------------------------

  Softcore part of the system:       7 atoms,       TEMP(K)    =         297.78
 SC_Etot=        27.8722  SC_EKtot=         6.2133  SC_EPtot   =        21.6589
 SC_BOND=         0.8600  SC_ANGLE=         4.5459  SC_DIHED   =         5.3660
 SC_14NB=         0.4015  SC_14EEL=        10.4856  SC_VDW     =         0.0000
 SC_EEL =         0.0000
 SC_RES_DIST=     0.0000  SC_RES_ANG=       0.0000  SC_RES_TORS=         0.0000
 SC_EEL_DER=     91.1414  SC_VDW_DER=     -11.2001  SC_DERIV   =        79.9413
 ------------------------------------------------------------------------------


| TI region  2


 NSTEP =   165000   TIME(PS) =     165.000  TEMP(K) =   258.84  PRESS =     0.0
 Etot   =    -69352.6567  EKtot   =     16077.6207  EPtot      =    -85430.2774
 BOND   =     14740.1531  ANGLE   =         0.0000  DIHED      =        -0.0000
 1-4 NB =         0.0000  1-4 EEL =         0.0000  VDWAALS    =     22531.7030
 EELEC  =   -122702.1335  EHBOND  =         0.0000  RESTRAINT  =         0.0000
 DV/DL  =       210.5713
 ------------------------------------------------------------------------------

 NMR restraints: Bond =    0.000   Angle =     0.000   Torsion =     0.000
===============================================================================

| TI region  1


 NSTEP =   170000   TIME(PS) =     170.000  TEMP(K) =   267.85  PRESS =     0.0
 Etot   =    -67966.4773  EKtot   =     16642.8887  EPtot      =    -84609.3659
 BOND   =     14988.7316  ANGLE   =        -0.0000  DIHED      =         0.0000
 1-4 NB =         0.0000  1-4 EEL =        -0.0000  VDWAALS    =     22325.7809
 EELEC  =   -121923.8785  EHBOND  =         0.0000  RESTRAINT  =         0.0000
 DV/DL  =       219.3332
 ------------------------------------------------------------------------------

  Softcore part of the system:       7 atoms,       TEMP(K)    =         363.59
 SC_Etot=        28.8158  SC_EKtot=         7.5865  SC_EPtot   =        21.2293
 SC_BOND=         1.4464  SC_ANGLE=         3.8748  SC_DIHED   =         5.3009
 SC_14NB=         0.2337  SC_14EEL=        10.3736  SC_VDW     =         0.0000
 SC_EEL =         0.0000
 SC_RES_DIST=     0.0000  SC_RES_ANG=       0.0000  SC_RES_TORS=         0.0000
 SC_EEL_DER=     93.0955  SC_VDW_DER=     -12.8518  SC_DERIV   =        80.2437
 ------------------------------------------------------------------------------


| TI region  2


 NSTEP =   170000   TIME(PS) =     170.000  TEMP(K) =   267.82  PRESS =     0.0
 Etot   =    -67974.0638  EKtot   =     16635.3022  EPtot      =    -84609.3659
 BOND   =     14988.7316  ANGLE   =        -0.0000  DIHED      =         0.0000
 1-4 NB =         0.0000  1-4 EEL =        -0.0000  VDWAALS    =     22325.7809
 EELEC  =   -121923.8785  EHBOND  =         0.0000  RESTRAINT  =         0.0000
 DV/DL  =       219.3332
 ------------------------------------------------------------------------------

 NMR restraints: Bond =    0.000   Angle =     0.000   Torsion =     0.000
===============================================================================

| TI region  1


 NSTEP =   175000   TIME(PS) =     175.000  TEMP(K) =   276.91  PRESS =     0.0
 Etot   =    -66263.8786  EKtot   =     17205.3984  EPtot      =    -83469.2771
 BOND   =     15001.2698  ANGLE   =        -0.0000  DIHED      =        -0.0000
 1-4 NB =         0.0000  1-4 EEL =        -0.0000  VDWAALS    =     21820.3675
 EELEC  =   -120290.9144  EHBOND  =         0.0000  RESTRAINT  =         0.0000
 DV/DL  =       211.3821
 ------------------------------------------------------------------------------

  Softcore part of the system:       7 atoms,       TEMP(K)    =         251.52
 SC_Etot=        29.2345  SC_EKtot=         5.2481  SC_EPtot   =        23.9864
 SC_BOND=         3.2572  SC_ANGLE=         4.9174  SC_DIHED   =         5.3347
 SC_14NB=         0.1625  SC_14EEL=        10.3147  SC_VDW     =         0.0000
 SC_EEL =         0.0000
 SC_RES_DIST=     0.0000  SC_RES_ANG=       0.0000  SC_RES_TORS=         0.0000
 SC_EEL_DER=    102.8582  SC_VDW_DER=     -19.6794  SC_DERIV   =        83.1789
 ------------------------------------------------------------------------------


| TI region  2


 NSTEP =   175000   TIME(PS) =     175.000  TEMP(K) =   276.91  PRESS =     0.0
 Etot   =    -66269.1267  EKtot   =     17200.1504  EPtot      =    -83469.2771
 BOND   =     15001.2698  ANGLE   =        -0.0000  DIHED      =        -0.0000
 1-4 NB =         0.0000  1-4 EEL =        -0.0000  VDWAALS    =     21820.3675
 EELEC  =   -120290.9144  EHBOND  =         0.0000  RESTRAINT  =         0.0000
 DV/DL  =       211.3821
 ------------------------------------------------------------------------------

 NMR restraints: Bond =    0.000   Angle =     0.000   Torsion =     0.000
===============================================================================

| TI region  1


 NSTEP =   180000   TIME(PS) =     180.000  TEMP(K) =   283.48  PRESS =     0.0
 Etot   =    -65157.7230  EKtot   =     17613.7500  EPtot      =    -82771.4730
 BOND   =     15144.5698  ANGLE   =         0.0000  DIHED      =        -0.0000
 1-4 NB =         0.0000  1-4 EEL =        -0.0000  VDWAALS    =     21754.8612
 EELEC  =   -119670.9040  EHBOND  =         0.0000  RESTRAINT  =         0.0000
 DV/DL  =       202.0884
 ------------------------------------------------------------------------------

  Softcore part of the system:       7 atoms,       TEMP(K)    =         397.98
 SC_Etot=        30.1230  SC_EKtot=         8.3041  SC_EPtot   =        21.8188
 SC_BOND=         0.9930  SC_ANGLE=         4.6256  SC_DIHED   =         5.4464
 SC_14NB=         0.4073  SC_14EEL=        10.3465  SC_VDW     =         0.0000
 SC_EEL =         0.0000
 SC_RES_DIST=     0.0000  SC_RES_ANG=       0.0000  SC_RES_TORS=         0.0000
 SC_EEL_DER=    108.2423  SC_VDW_DER=     -29.1528  SC_DERIV   =        79.0895
 ------------------------------------------------------------------------------


| TI region  2


 NSTEP =   180000   TIME(PS) =     180.000  TEMP(K) =   283.44  PRESS =     0.0
 Etot   =    -65166.0272  EKtot   =     17605.4459  EPtot      =    -82771.4730
 BOND   =     15144.5698  ANGLE   =         0.0000  DIHED      =        -0.0000
 1-4 NB =         0.0000  1-4 EEL =        -0.0000  VDWAALS    =     21754.8612
 EELEC  =   -119670.9040  EHBOND  =         0.0000  RESTRAINT  =         0.0000
 DV/DL  =       202.0884
 ------------------------------------------------------------------------------

 NMR restraints: Bond =    0.000   Angle =     0.000   Torsion =     0.000
===============================================================================

| TI region  1


 NSTEP =   185000   TIME(PS) =     185.000  TEMP(K) =   291.62  PRESS =     0.0
 Etot   =    -63781.0433  EKtot   =     18119.7227  EPtot      =    -81900.7660
 BOND   =     14794.6722  ANGLE   =        -0.0000  DIHED      =         0.0000
 1-4 NB =         0.0000  1-4 EEL =         0.0000  VDWAALS    =     21020.3841
 EELEC  =   -117715.8223  EHBOND  =         0.0000  RESTRAINT  =         0.0000
 DV/DL  =       243.7781
 ------------------------------------------------------------------------------

  Softcore part of the system:       7 atoms,       TEMP(K)    =         286.73
 SC_Etot=        30.8515  SC_EKtot=         5.9827  SC_EPtot   =        24.8688
 SC_BOND=         1.8043  SC_ANGLE=         6.7481  SC_DIHED   =         5.5738
 SC_14NB=         0.3526  SC_14EEL=        10.3901  SC_VDW     =         0.0000
 SC_EEL =         0.0000
 SC_RES_DIST=     0.0000  SC_RES_ANG=       0.0000  SC_RES_TORS=         0.0000
 SC_EEL_DER=    101.9370  SC_VDW_DER=     -13.3247  SC_DERIV   =        88.6123
 ------------------------------------------------------------------------------


| TI region  2


 NSTEP =   185000   TIME(PS) =     185.000  TEMP(K) =   291.62  PRESS =     0.0
 Etot   =    -63787.0261  EKtot   =     18113.7399  EPtot      =    -81900.7660
 BOND   =     14794.6722  ANGLE   =        -0.0000  DIHED      =         0.0000
 1-4 NB =         0.0000  1-4 EEL =         0.0000  VDWAALS    =     21020.3841
 EELEC  =   -117715.8223  EHBOND  =         0.0000  RESTRAINT  =         0.0000
 DV/DL  =       243.7781
 ------------------------------------------------------------------------------

 NMR restraints: Bond =    0.000   Angle =     0.000   Torsion =     0.000
===============================================================================

| TI region  1


 NSTEP =   190000   TIME(PS) =     190.000  TEMP(K) =   300.40  PRESS =     0.0
 Etot   =    -62032.0024  EKtot   =     18665.3398  EPtot      =    -80697.3422
 BOND   =     15137.9935  ANGLE   =         0.0000  DIHED      =         0.0000
 1-4 NB =         0.0000  1-4 EEL =         0.0000  VDWAALS    =     21103.0174
 EELEC  =   -116938.3532  EHBOND  =         0.0000  RESTRAINT  =         0.0000
 DV/DL  =       202.0346
 ------------------------------------------------------------------------------

  Softcore part of the system:       7 atoms,       TEMP(K)    =         451.75
 SC_Etot=        33.4025  SC_EKtot=         9.4259  SC_EPtot   =        23.9765
 SC_BOND=         4.3054  SC_ANGLE=         4.1287  SC_DIHED   =         5.2291
 SC_14NB=         0.1595  SC_14EEL=        10.1538  SC_VDW     =         0.0000
 SC_EEL =         0.0000
 SC_RES_DIST=     0.0000  SC_RES_ANG=       0.0000  SC_RES_TORS=         0.0000
 SC_EEL_DER=     78.6407  SC_VDW_DER=      -9.9562  SC_DERIV   =        68.6846
 ------------------------------------------------------------------------------


| TI region  2


 NSTEP =   190000   TIME(PS) =     190.000  TEMP(K) =   300.35  PRESS =     0.0
 Etot   =    -62041.4283  EKtot   =     18655.9139  EPtot      =    -80697.3422
 BOND   =     15137.9935  ANGLE   =         0.0000  DIHED      =         0.0000
 1-4 NB =         0.0000  1-4 EEL =         0.0000  VDWAALS    =     21103.0174
 EELEC  =   -116938.3532  EHBOND  =         0.0000  RESTRAINT  =         0.0000
 DV/DL  =       202.0346
 ------------------------------------------------------------------------------

 NMR restraints: Bond =    0.000   Angle =     0.000   Torsion =     0.000
===============================================================================

| TI region  1


 NSTEP =   195000   TIME(PS) =     195.000  TEMP(K) =   298.90  PRESS =     0.0
 Etot   =    -61349.9306  EKtot   =     18571.7852  EPtot      =    -79921.7158
 BOND   =     15282.5234  ANGLE   =        -0.0000  DIHED      =         0.0000
 1-4 NB =         0.0000  1-4 EEL =         0.0000  VDWAALS    =     20447.6275
 EELEC  =   -115651.8667  EHBOND  =         0.0000  RESTRAINT  =         0.0000
 DV/DL  =       235.4654
 ------------------------------------------------------------------------------

  Softcore part of the system:       7 atoms,       TEMP(K)    =         419.14
 SC_Etot=        30.1868  SC_EKtot=         8.7456  SC_EPtot   =        21.4412
 SC_BOND=         0.7409  SC_ANGLE=         4.5866  SC_DIHED   =         5.2694
 SC_14NB=         0.3315  SC_14EEL=        10.5128  SC_VDW     =         0.0000
 SC_EEL =         0.0000
 SC_RES_DIST=     0.0000  SC_RES_ANG=       0.0000  SC_RES_TORS=         0.0000
 SC_EEL_DER=    115.0991  SC_VDW_DER=     -24.8506  SC_DERIV   =        90.2485
 ------------------------------------------------------------------------------


| TI region  2


 NSTEP =   195000   TIME(PS) =     195.000  TEMP(K) =   298.86  PRESS =     0.0
 Etot   =    -61358.6762  EKtot   =     18563.0395  EPtot      =    -79921.7158
 BOND   =     15282.5234  ANGLE   =        -0.0000  DIHED      =         0.0000
 1-4 NB =         0.0000  1-4 EEL =         0.0000  VDWAALS    =     20447.6275
 EELEC  =   -115651.8667  EHBOND  =         0.0000  RESTRAINT  =         0.0000
 DV/DL  =       235.4654
 ------------------------------------------------------------------------------

 NMR restraints: Bond =    0.000   Angle =     0.000   Torsion =     0.000
===============================================================================

| TI region  1


 NSTEP =   200000   TIME(PS) =     200.000  TEMP(K) =   299.18  PRESS =     0.0
 Etot   =    -61231.6310  EKtot   =     18589.3223  EPtot      =    -79820.9533
 BOND   =     15153.8005  ANGLE   =        -0.0000  DIHED      =        -0.0000
 1-4 NB =         0.0000  1-4 EEL =        -0.0000  VDWAALS    =     20380.9799
 EELEC  =   -115355.7337  EHBOND  =         0.0000  RESTRAINT  =         0.0000
 DV/DL  =       216.5285
 ------------------------------------------------------------------------------

  Softcore part of the system:       7 atoms,       TEMP(K)    =         255.04
 SC_Etot=        29.8618  SC_EKtot=         5.3215  SC_EPtot   =        24.5404
 SC_BOND=         3.0535  SC_ANGLE=         4.7046  SC_DIHED   =         5.2228
 SC_14NB=         0.8472  SC_14EEL=        10.7122  SC_VDW     =         0.0000
 SC_EEL =         0.0000
 SC_RES_DIST=     0.0000  SC_RES_ANG=       0.0000  SC_RES_TORS=         0.0000
 SC_EEL_DER=    107.6827  SC_VDW_DER=     -25.4611  SC_DERIV   =        82.2216
 ------------------------------------------------------------------------------


| TI region  2


 NSTEP =   200000   TIME(PS) =     200.000  TEMP(K) =   299.19  PRESS =     0.0
 Etot   =    -61236.9525  EKtot   =     18584.0008  EPtot      =    -79820.9533
 BOND   =     15153.8005  ANGLE   =        -0.0000  DIHED      =        -0.0000
 1-4 NB =         0.0000  1-4 EEL =        -0.0000  VDWAALS    =     20380.9799
 EELEC  =   -115355.7337  EHBOND  =         0.0000  RESTRAINT  =         0.0000
 DV/DL  =       216.5285
 ------------------------------------------------------------------------------

 NMR restraints: Bond =    0.000   Angle =     0.000   Torsion =     0.000
===============================================================================

| TI region  1


      A V E R A G E S   O V E R      40 S T E P S


 NSTEP =   200000   TIME(PS) =     200.000  TEMP(K) =   160.53  PRESS =     0.0
 Etot   =    -81597.1732  EKtot   =      9974.2777  EPtot      =    -91571.4509
 BOND   =     12747.6158  ANGLE   =        -0.0000  DIHED      =        -0.0000
 1-4 NB =         0.0000  1-4 EEL =        -0.0000  VDWAALS    =     24071.5386
 EELEC  =   -128390.6053  EHBOND  =         0.0000  RESTRAINT  =         0.0000
 DV/DL  =       222.5930
 ------------------------------------------------------------------------------

 NMR restraints: Bond =    0.000   Angle =     0.000   Torsion =     0.000
===============================================================================
  Softcore part of the system:       7 atoms,       TEMP(K)    =         175.61
 SC_Etot=        24.7772  SC_EKtot=         3.6641  SC_EPtot   =        21.1131
 SC_BOND=         0.9752  SC_ANGLE=         4.2346  SC_DIHED   =         5.2500
 SC_14NB=         0.2708  SC_14EEL=        10.3825  SC_VDW     =         0.0000
 SC_EEL =         0.0000
 SC_RES_DIST=     0.0000  SC_RES_ANG=       0.0000  SC_RES_TORS=         0.0000
 SC_EEL_DER=     99.1212  SC_VDW_DER=     -15.4910  SC_DERIV   =        83.6302
 ------------------------------------------------------------------------------


      R M S  F L U C T U A T I O N S


 NSTEP =   200000   TIME(PS) =     200.000  TEMP(K) =    90.29  PRESS =     0.0
 Etot   =     11532.9219  EKtot   =      5610.1370  EPtot      =      5963.9821
 BOND   =      1723.3573  ANGLE   =         0.0000  DIHED      =         0.0000
 1-4 NB =         0.0000  1-4 EEL =         0.0000  VDWAALS    =      1535.2621
 EELEC  =      5826.1595  EHBOND  =         0.0000  RESTRAINT  =         0.0000
 DV/DL  =        12.3544
 ------------------------------------------------------------------------------

  Softcore part of the system:       7 atoms,       TEMP(K)    =         115.02
 SC_Etot=         3.6290  SC_EKtot=         2.3999  SC_EPtot   =         1.5274
 SC_BOND=         0.9412  SC_ANGLE=         0.9208  SC_DIHED   =         0.0711
 SC_14NB=         0.1328  SC_14EEL=         0.1031  SC_VDW     =         0.0000
 SC_EEL =         0.0000
 SC_RES_DIST=     0.0000  SC_RES_ANG=       0.0000  SC_RES_TORS=         0.0000
 SC_EEL_DER=     11.2993  SC_VDW_DER=       6.1714  SC_DERIV   =         7.1425
 ------------------------------------------------------------------------------


| TI region  2


      A V E R A G E S   O V E R      40 S T E P S


 NSTEP =   200000   TIME(PS) =     200.000  TEMP(K) =   160.52  PRESS =     0.0
 Etot   =    -81600.8374  EKtot   =      9970.6136  EPtot      =    -91571.4509
 BOND   =     12747.6158  ANGLE   =        -0.0000  DIHED      =        -0.0000
 1-4 NB =         0.0000  1-4 EEL =        -0.0000  VDWAALS    =     24071.5386
 EELEC  =   -128390.6053  EHBOND  =         0.0000  RESTRAINT  =         0.0000
 DV/DL  =       222.5930
 ------------------------------------------------------------------------------

 NMR restraints: Bond =    0.000   Angle =     0.000   Torsion =     0.000
===============================================================================

      R M S  F L U C T U A T I O N S


 NSTEP =   200000   TIME(PS) =     200.000  TEMP(K) =    90.29  PRESS =     0.0
 Etot   =     11530.7659  EKtot   =      5607.9982  EPtot      =      5963.9821
 BOND   =      1723.3573  ANGLE   =         0.0000  DIHED      =         0.0000
 1-4 NB =         0.0000  1-4 EEL =         0.0000  VDWAALS    =      1535.2621
 EELEC  =      5826.1595  EHBOND  =         0.0000  RESTRAINT  =         0.0000
 DV/DL  =        12.3544
 ------------------------------------------------------------------------------


      DV/DL, AVERAGES OVER      40 STEPS


 NSTEP =   200000   TIME(PS) =     200.000  TEMP(K) =    90.29  PRESS =     0.0
 Etot   =         0.0000  EKtot   =         0.0000  EPtot      =       222.5930
 BOND   =         0.0000  ANGLE   =         0.0000  DIHED      =         0.0000
 1-4 NB =         0.0000  1-4 EEL =         0.0000  VDWAALS    =         1.6763
 EELEC  =       137.2865  EHBOND  =         0.0000  RESTRAINT  =         0.0000
 DV/DL  =       222.5930
 ------------------------------------------------------------------------------


 NMR restraints on final step:

--------------------------------------------------------------------------------
   5.  TIMINGS
--------------------------------------------------------------------------------

|  NonSetup CPU Time in Major Routines:
|
|     Routine           Sec        %
|     ------------------------------
|     Nonbond         147.06   30.50
|     Bond              0.00    0.00
|     Angle             0.00    0.00
|     Dihedral          0.00    0.00
|     Shake             0.00    0.00
|     RunMD           334.54   69.38
|     Other             0.55    0.11
|     ------------------------------
|     Total           482.15

|  PME Nonbond Pairlist CPU Time:
|
|     Routine              Sec        %
|     ---------------------------------
|     Set Up Cit           0.00    0.00
|     Build List           0.00    0.00
|     ---------------------------------
|     Total                0.00    0.00

|  PME Direct Force CPU Time:
|
|     Routine              Sec        %
|     ---------------------------------
|     NonBonded Calc       0.00    0.00
|     Exclude Masked       0.00    0.00
|     Other                0.37    0.08
|     ---------------------------------
|     Total                0.37    0.08

|  PME Reciprocal Force CPU Time:
|
|     Routine              Sec        %
|     ---------------------------------
|     1D bspline           0.00    0.00
|     Grid Charges         0.00    0.00
|     Scalar Sum           0.00    0.00
|     Gradient Sum         0.00    0.00
|     FFT                  0.00    0.00
|     ---------------------------------
|     Total                0.00    0.00

|  Final Performance Info:
|     -----------------------------------------------------
|     Average timings for last       1 steps:
|     Elapsed(s) =       0.00 Per Step(ms) =       1.87
|         ns/day =      46.18   seconds/ns =    1871.09
|
|     Average timings for all steps:
|     Elapsed(s) =     484.31 Per Step(ms) =       2.42
|         ns/day =      35.68   seconds/ns =    2421.57
|     -----------------------------------------------------

|  Setup CPU time:            0.53 seconds
|  NonSetup CPU time:       482.15 seconds
|  Total CPU time:          482.68 seconds     0.13 hours

|  Setup wall time:           1    seconds
|  NonSetup wall time:      484    seconds
|  Total wall time:         485    seconds     0.13 hours
