
          -------------------------------------------------------
          Amber 18 PMEMD                              2018
          -------------------------------------------------------

| PMEMD implementation of SANDER, Release 18

| Run on 06/13/2020 at 15:55:38

|   Executable path: /opt/software/Amber/18-foss-2018b-AmberTools-19/bin/pmemd.cuda
| Working directory: /mnt/gs18/scratch/users/songlin3/run/1264_optimization/acetate/two_steps_tip3p/step2/0.88495
|          Hostname: lac-083

  [-O]verwriting output

File Assignments:
|   MDIN: heat.in                                                               
|  MDOUT: heat.out                                                              
| INPCRD: min.rst                                                               
|   PARM: step2.prmtop                                                          
| RESTRT: heat.rst                                                              
|   REFC: min.rst                                                               
|  MDVEL: mdvel                                                                 
|   MDEN: mden                                                                  
|  MDCRD: heat.netcdf                                                           
| MDINFO: heat.mdinfo                                                           
|  MDFRC: mdfrc                                                                 


 Here is the input file:

nvt for free MD                                                                
 &cntrl                                                                        
  imin=0,                                                                      
  irest=0,                                                                     
  ntx=1,                                                                       
  ig=-1,                                                                       
  nstlim=200000,                                                               
  dt=0.001,                                                                    
  cut=10.0,                                                                    
  ntc=1,                                                                       
  ntf=1,                                                                       
  ntb=1,                                                                       
  ntt=3,                                                                       
  gamma_ln=2.0,                                                                
  tempi=0.0,                                                                   
  temp0=300.0,                                                                 
  ntpr=5000,                                                                   
  ntwr=5000,                                                                   
  ntwx=10000,                                                                  
  ntwv=0,                                                                      
  ioutfm=1,                                                                    
  iwrap=0,                                                                     
  nmropt=1,                                                                    
  ifsc = 1, icfe=1,                                                            
  clambda=0.88495,                                                             
  timask1=':1', scmask1=':1', scmask2='',                                      
  timask2='', crgmask = ':1',                                                  
/                                                                              
&wt TYPE='TEMP0', istep1=0, istep2=190000, value1=0.0, value2=300.0 /          
&wt TYPE='TEMP0', istep1=190001, istep2=200000, value1=300.0, value2=300.0 /   
&wt TYPE='DUMPFREQ', istep1=10000, /                                           
&wt TYPE='END', /                                                              


Note: ig = -1. Setting random seed to   698870 based on wallclock time in 
      microseconds.
| irandom = 1, using AMBER's internal random number generator (default).
 
|--------------------- INFORMATION ----------------------
| GPU (CUDA) Version of PMEMD in use: NVIDIA GPU IN USE.
|                    Version 18.0.0
| 
|                      03/25/2018
| 
| Implementation by:
|                    Ross C. Walker     (SDSC)
|                    Scott Le Grand     (nVIDIA)
| 
| Version 18 performance extensions by:
|                    David Cerutti     (Rutgers)
| 
| Precision model in use:
|      [SPFP] - Single Precision Forces, 64-bit Fixed Point
|               Accumulation. (Default)
| 
|--------------------------------------------------------
 
|----------------- CITATION INFORMATION -----------------
|
|    When publishing work that utilized the CUDA version
|    of AMBER, please cite the following in addition to
|    the regular AMBER citations:
|
|  - Romelia Salomon-Ferrer; Andreas W. Goetz; Duncan
|    Poole; Scott Le Grand; Ross C. Walker "Routine
|    microsecond molecular dynamics simulations with
|    AMBER - Part II: Particle Mesh Ewald", J. Chem.
|    Theory Comput., 2013, 9 (9), pp3878-3888,
|    DOI: 10.1021/ct400314y.
|
|  - Andreas W. Goetz; Mark J. Williamson; Dong Xu;
|    Duncan Poole; Scott Le Grand; Ross C. Walker
|    "Routine microsecond molecular dynamics simulations
|    with AMBER - Part I: Generalized Born", J. Chem.
|    Theory Comput., 2012, 8 (5), pp1542-1555.
|
|  - Scott Le Grand; Andreas W. Goetz; Ross C. Walker
|    "SPFP: Speed without compromise - a mixed precision
|    model for GPU accelerated molecular dynamics
|    simulations.", Comp. Phys. Comm., 2013, 184
|    pp374-380, DOI: 10.1016/j.cpc.2012.09.022
|
|    When publishing work that utilized the CUDA version
|    of TI, BAR, MBAR or FEP please cite the following 
|    three publications in addition to the regular AMBER 
|    GPU citations:
|
|  - Daniel J. Mermelstein; Charles Lin; Gard Nelson; 
|    Rachael Kretsch; J. Andrew McCammon; Ross C. Walker
|    "Fast and Flexible GPU Accelerated Binding 
|    Free Energy Calculations within the AMBER Molecular
|    Dynamics Package" J. Comp. Chem., 2018,
|    DOI: 10.1002/jcc.25187
|
|  - Tai-Sung Lee; Yuan Hu; Brad Sherborne; Zhuyan Guo;
|    Darrin M. York
|    "Toward Fast and Accurate Binding Affinity Prediction with
|    pmemdGTI: An Efficient Implementation of GPU-Accelerated
|    Thermodynamic Integration"
|    J. Chem. Theory Comput., 2017, 13 (7), 3077
|
|
|--------------------------------------------------------
 
|------------------- GPU DEVICE INFO --------------------
|
|            CUDA_VISIBLE_DEVICES: 0
|   CUDA Capable Devices Detected:      1
|           CUDA Device ID in use:      0
|                CUDA Device Name: Tesla K80
|     CUDA Device Global Mem Size:  12206 MB
| CUDA Device Num Multiprocessors:     13
|           CUDA Device Core Freq:   0.82 GHz
|
|--------------------------------------------------------
 
 
| Conditional Compilation Defines Used:
| PUBFFT
| BINTRAJ
| CUDA
| EMIL

| Largest sphere to fit in unit cell has radius =    27.333

| New format PARM file being parsed.
| Version =    1.000 Date = 06/13/20 Time = 15:23:41

| Note: 1-4 EEL scale factors are being read from the topology file.

| Note: 1-4 VDW scale factors are being read from the topology file.
| Duplicated    0 dihedrals

| Duplicated    0 dihedrals

--------------------------------------------------------------------------------
   1.  RESOURCE   USE: 
--------------------------------------------------------------------------------

 getting box info from netcdf restart file
 NATOM  =   20848 NTYPES =       6 NBONH =   20844 MBONA  =       3
 NTHETH =       6 MTHETA =       3 NPHIH =      12 MPHIA  =       1
 NHPARM =       0 NPARM  =       0 NNB   =   27810 NRES   =    6948
 NBONA  =       3 NTHETA =       3 NPHIA =       1 NUMBND =       5
 NUMANG =       4 NPTRA  =       3 NATYP =       6 NPHB   =       1
 IFBOX  =       2 NMXRS  =       7 IFCAP =       0 NEXTRA =       0
 NCOPY  =       0

| Coordinate Index Table dimensions:    10   10   10
| Direct force subcell size =     6.6953    6.6953    6.6953

     BOX TYPE: TRUNCATED OCTAHEDRON

--------------------------------------------------------------------------------
   2.  CONTROL  DATA  FOR  THE  RUN
--------------------------------------------------------------------------------

default_name                                                                    

General flags:
     imin    =       0, nmropt  =       1

Nature and format of input:
     ntx     =       1, irest   =       0, ntrx    =       1

Nature and format of output:
     ntxo    =       2, ntpr    =    5000, ntrx    =       1, ntwr    =    5000
     iwrap   =       0, ntwx    =   10000, ntwv    =       0, ntwe    =       0
     ioutfm  =       1, ntwprt  =       0, idecomp =       0, rbornstat=      0

Potential function:
     ntf     =       1, ntb     =       1, igb     =       0, nsnb    =      25
     ipol    =       0, gbsa    =       0, iesp    =       0
     dielc   =   1.00000, cut     =  10.00000, intdiel =   1.00000

Frozen or restrained atoms:
     ibelly  =       0, ntr     =       0

Molecular dynamics:
     nstlim  =    200000, nscm    =      1000, nrespa  =         1
     t       =   0.00000, dt      =   0.00100, vlimit  =  -1.00000

Langevin dynamics temperature regulation:
     ig      =  698870
     temp0   = 300.00000, tempi   =   0.00000, gamma_ln=   2.00000

NMR refinement options:
     iscale  =       0, noeskp  =       1, ipnlty  =       1, mxsub   =       1
     scalm   = 100.00000, pencut  =   0.10000, tausw   =   0.10000

Free energy options:
     icfe    =       1, ifsc    =       1, klambda =       1
     clambda =  0.8850, scalpha =  0.5000, scbeta  = 12.0000
     sceeorder =       2
     dynlmb =  0.0000 logdvdl =       0

| Intermolecular bonds treatment:
|     no_intermolecular_bonds =       1

| Energy averages sample interval:
|     ene_avg_sampling =    5000

Ewald parameters:
     verbose =       0, ew_type =       0, nbflag  =       1, use_pme =       1
     vdwmeth =       1, eedmeth =       1, netfrc  =       1
     Box X =   66.953   Box Y =   66.953   Box Z =   66.953
     Alpha =  109.471   Beta  =  109.471   Gamma =  109.471
     NFFT1 =   64       NFFT2 =   64       NFFT3 =   64
     Cutoff=   10.000   Tol   =0.100E-04
     Ewald Coefficient =  0.27511
     Interpolation order =    4
     TI Mask 1 :1; matches      7 atoms
     TI Mask 2  matches      0 atoms
     TI region 1:   20848 atoms
     TI region 2:   20841 atoms
     SC Mask 1 :1; matches      7 atoms
Removing charge of      -0.8188 from atom       1
Removing charge of      -0.8188 from atom       2
Removing charge of       0.8054 from atom       3
Removing charge of      -0.1021 from atom       4
Removing charge of      -0.0219 from atom       5
Removing charge of      -0.0219 from atom       6
Removing charge of      -0.0219 from atom       7
Total charge of  -0.99999900 removed from       7 atoms
    No charge on TI atoms. Skipping extra recip sum.

--------------------------------------------------------------------------------
   3.  ATOMIC COORDINATES AND VELOCITIES
--------------------------------------------------------------------------------

default_name                                                                    
 begin time read from input coords =     0.000 ps



           Begin reading energy term weight changes/NMR restraints
 WEIGHT CHANGES:
 TEMP0         0 190000    0.000000  300.000000      0      0
 TEMP0    190001 200000  300.000000  300.000000      0      0
 DUMPFREQ  10000      0    0.000000    0.000000      0      0

 RESTRAINTS:
                          ** No restraint defined **

                  Done reading weight changes/NMR restraints


 
 Number of triangulated 3-point waters found:     6947
 Number of shake restraints removed in TI region  1 :        0
 Number of shake restraints removed in TI region  2 :        0

     Sum of charges for TI region  1 =   0.00000000
     Forcing neutrality...


     Sum of charges for TI region  2 =   0.00000000
     Forcing neutrality...

| Dynamic Memory, Types Used:
| Reals              914983
| Integers           792606

| Nonbonded Pairs Initial Allocation:     6305998

| GPU memory information (estimate):
| KB of GPU memory in use:         0
| KB of CPU memory in use:         0

--------------------------------------------------------------------------------
   4.  RESULTS
--------------------------------------------------------------------------------

   DOF for the SC part  1 of the system:   21

| TI region  1


 NSTEP =        0   TIME(PS) =       0.000  TEMP(K) =     0.00  PRESS =     0.0
 Etot   =    -88374.1088  EKtot   =         0.0000  EPtot      =    -88374.1088
 BOND   =      7073.5777  ANGLE   =         0.0000  DIHED      =        -0.0000
 1-4 NB =         0.0000  1-4 EEL =         0.0000  VDWAALS    =     18731.9551
 EELEC  =   -114179.6416  EHBOND  =         0.0000  RESTRAINT  =         0.0000
 DV/DL  =         4.9017
 ------------------------------------------------------------------------------

  Softcore part of the system:       7 atoms,       TEMP(K)    =           0.00
 SC_Etot=         8.3324  SC_EKtot=         0.0000  SC_EPtot   =         8.3324
 SC_BOND=         0.0108  SC_ANGLE=         2.7862  SC_DIHED   =         5.2200
 SC_14NB=         0.3154  SC_14EEL=         0.0000  SC_VDW     =         0.0000
 SC_EEL =         0.0000
 SC_RES_DIST=     0.0000  SC_RES_ANG=       0.0000  SC_RES_TORS=         0.0000
 SC_EEL_DER=      0.0000  SC_VDW_DER=       0.0158  SC_DERIV   =         0.0158
 ------------------------------------------------------------------------------


| TI region  2


 NSTEP =        0   TIME(PS) =       0.000  TEMP(K) =     0.00  PRESS =     0.0
 Etot   =    -88374.1088  EKtot   =         0.0000  EPtot      =    -88374.1088
 BOND   =      7073.5777  ANGLE   =         0.0000  DIHED      =        -0.0000
 1-4 NB =         0.0000  1-4 EEL =         0.0000  VDWAALS    =     18731.9551
 EELEC  =   -114179.6416  EHBOND  =         0.0000  RESTRAINT  =         0.0000
 DV/DL  =         4.9017
 ------------------------------------------------------------------------------

 NMR restraints: Bond =    0.000   Angle =     0.000   Torsion =     0.000
===============================================================================

| TI region  1


 NSTEP =     5000   TIME(PS) =       5.000  TEMP(K) =     7.42  PRESS =     0.0
 Etot   =    -88386.4622  EKtot   =       461.3953  EPtot      =    -88847.8575
 BOND   =      7419.6141  ANGLE   =         0.0000  DIHED      =        -0.0000
 1-4 NB =         0.0000  1-4 EEL =         0.0000  VDWAALS    =     19563.0581
 EELEC  =   -115830.5296  EHBOND  =         0.0000  RESTRAINT  =         0.0000
 DV/DL  =         6.8585
 ------------------------------------------------------------------------------

  Softcore part of the system:       7 atoms,       TEMP(K)    =           5.87
 SC_Etot=         8.5540  SC_EKtot=         0.1224  SC_EPtot   =         8.4316
 SC_BOND=         0.0694  SC_ANGLE=         2.8022  SC_DIHED   =         5.2201
 SC_14NB=         0.3399  SC_14EEL=         0.0000  SC_VDW     =         0.0000
 SC_EEL =         0.0000
 SC_RES_DIST=     0.0000  SC_RES_ANG=       0.0000  SC_RES_TORS=         0.0000
 SC_EEL_DER=      0.0000  SC_VDW_DER=      -0.0974  SC_DERIV   =        -0.0974
 ------------------------------------------------------------------------------


| TI region  2


 NSTEP =     5000   TIME(PS) =       5.000  TEMP(K) =     7.43  PRESS =     0.0
 Etot   =    -88386.5846  EKtot   =       461.2728  EPtot      =    -88847.8575
 BOND   =      7419.6141  ANGLE   =         0.0000  DIHED      =        -0.0000
 1-4 NB =         0.0000  1-4 EEL =         0.0000  VDWAALS    =     19563.0581
 EELEC  =   -115830.5296  EHBOND  =         0.0000  RESTRAINT  =         0.0000
 DV/DL  =         6.8585
 ------------------------------------------------------------------------------

 NMR restraints: Bond =    0.000   Angle =     0.000   Torsion =     0.000
===============================================================================

| TI region  1


 NSTEP =    10000   TIME(PS) =      10.000  TEMP(K) =    15.17  PRESS =     0.0
 Etot   =    -87604.9821  EKtot   =       942.4212  EPtot      =    -88547.4033
 BOND   =      7588.0211  ANGLE   =        -0.0000  DIHED      =         0.0000
 1-4 NB =         0.0000  1-4 EEL =         0.0000  VDWAALS    =     19482.1431
 EELEC  =   -115617.5675  EHBOND  =         0.0000  RESTRAINT  =         0.0000
 DV/DL  =         6.0328
 ------------------------------------------------------------------------------

  Softcore part of the system:       7 atoms,       TEMP(K)    =           8.94
 SC_Etot=         8.6805  SC_EKtot=         0.1866  SC_EPtot   =         8.4939
 SC_BOND=         0.0859  SC_ANGLE=         2.8042  SC_DIHED   =         5.2298
 SC_14NB=         0.3741  SC_14EEL=         0.0000  SC_VDW     =         0.0000
 SC_EEL =         0.0000
 SC_RES_DIST=     0.0000  SC_RES_ANG=       0.0000  SC_RES_TORS=         0.0000
 SC_EEL_DER=      0.0000  SC_VDW_DER=      -0.4036  SC_DERIV   =        -0.4036
 ------------------------------------------------------------------------------


| TI region  2


 NSTEP =    10000   TIME(PS) =      10.000  TEMP(K) =    15.17  PRESS =     0.0
 Etot   =    -87605.1687  EKtot   =       942.2346  EPtot      =    -88547.4033
 BOND   =      7588.0211  ANGLE   =        -0.0000  DIHED      =         0.0000
 1-4 NB =         0.0000  1-4 EEL =         0.0000  VDWAALS    =     19482.1431
 EELEC  =   -115617.5675  EHBOND  =         0.0000  RESTRAINT  =         0.0000
 DV/DL  =         6.0328
 ------------------------------------------------------------------------------

 NMR restraints: Bond =    0.000   Angle =     0.000   Torsion =     0.000
===============================================================================

| TI region  1


 NSTEP =    15000   TIME(PS) =      15.000  TEMP(K) =    23.01  PRESS =     0.0
 Etot   =    -86740.1747  EKtot   =      1429.6597  EPtot      =    -88169.8343
 BOND   =      7852.1438  ANGLE   =         0.0000  DIHED      =        -0.0000
 1-4 NB =         0.0000  1-4 EEL =         0.0000  VDWAALS    =     19555.0754
 EELEC  =   -115577.0534  EHBOND  =         0.0000  RESTRAINT  =         0.0000
 DV/DL  =         6.3439
 ------------------------------------------------------------------------------

  Softcore part of the system:       7 atoms,       TEMP(K)    =          15.68
 SC_Etot=         9.1120  SC_EKtot=         0.3273  SC_EPtot   =         8.7848
 SC_BOND=         0.1265  SC_ANGLE=         3.1019  SC_DIHED   =         5.2431
 SC_14NB=         0.3132  SC_14EEL=         0.0000  SC_VDW     =         0.0000
 SC_EEL =         0.0000
 SC_RES_DIST=     0.0000  SC_RES_ANG=       0.0000  SC_RES_TORS=         0.0000
 SC_EEL_DER=      0.0000  SC_VDW_DER=      -0.1481  SC_DERIV   =        -0.1481
 ------------------------------------------------------------------------------


| TI region  2


 NSTEP =    15000   TIME(PS) =      15.000  TEMP(K) =    23.01  PRESS =     0.0
 Etot   =    -86740.5019  EKtot   =      1429.3324  EPtot      =    -88169.8343
 BOND   =      7852.1438  ANGLE   =         0.0000  DIHED      =        -0.0000
 1-4 NB =         0.0000  1-4 EEL =         0.0000  VDWAALS    =     19555.0754
 EELEC  =   -115577.0534  EHBOND  =         0.0000  RESTRAINT  =         0.0000
 DV/DL  =         6.3439
 ------------------------------------------------------------------------------

 NMR restraints: Bond =    0.000   Angle =     0.000   Torsion =     0.000
===============================================================================

| TI region  1


 NSTEP =    20000   TIME(PS) =      20.000  TEMP(K) =    30.83  PRESS =     0.0
 Etot   =    -85867.4090  EKtot   =      1915.9357  EPtot      =    -87783.3447
 BOND   =      7998.7196  ANGLE   =        -0.0000  DIHED      =        -0.0000
 1-4 NB =         0.0000  1-4 EEL =         0.0000  VDWAALS    =     19539.7078
 EELEC  =   -115321.7720  EHBOND  =         0.0000  RESTRAINT  =         0.0000
 DV/DL  =         4.7739
 ------------------------------------------------------------------------------

  Softcore part of the system:       7 atoms,       TEMP(K)    =          28.61
 SC_Etot=         9.7366  SC_EKtot=         0.5970  SC_EPtot   =         9.1396
 SC_BOND=         0.2107  SC_ANGLE=         3.4335  SC_DIHED   =         5.2155
 SC_14NB=         0.2799  SC_14EEL=         0.0000  SC_VDW     =         0.0000
 SC_EEL =         0.0000
 SC_RES_DIST=     0.0000  SC_RES_ANG=       0.0000  SC_RES_TORS=         0.0000
 SC_EEL_DER=      0.0000  SC_VDW_DER=      -0.0119  SC_DERIV   =        -0.0119
 ------------------------------------------------------------------------------


| TI region  2


 NSTEP =    20000   TIME(PS) =      20.000  TEMP(K) =    30.83  PRESS =     0.0
 Etot   =    -85868.0060  EKtot   =      1915.3387  EPtot      =    -87783.3447
 BOND   =      7998.7196  ANGLE   =        -0.0000  DIHED      =        -0.0000
 1-4 NB =         0.0000  1-4 EEL =         0.0000  VDWAALS    =     19539.7078
 EELEC  =   -115321.7720  EHBOND  =         0.0000  RESTRAINT  =         0.0000
 DV/DL  =         4.7739
 ------------------------------------------------------------------------------

 NMR restraints: Bond =    0.000   Angle =     0.000   Torsion =     0.000
===============================================================================

| TI region  1


 NSTEP =    25000   TIME(PS) =      25.000  TEMP(K) =    38.77  PRESS =     0.0
 Etot   =    -84976.0608  EKtot   =      2409.4236  EPtot      =    -87385.4844
 BOND   =      8098.2406  ANGLE   =        -0.0000  DIHED      =         0.0000
 1-4 NB =         0.0000  1-4 EEL =         0.0000  VDWAALS    =     19434.3897
 EELEC  =   -114918.1146  EHBOND  =         0.0000  RESTRAINT  =         0.0000
 DV/DL  =         3.2703
 ------------------------------------------------------------------------------

  Softcore part of the system:       7 atoms,       TEMP(K)    =          30.90
 SC_Etot=         9.5827  SC_EKtot=         0.6448  SC_EPtot   =         8.9380
 SC_BOND=         0.1831  SC_ANGLE=         3.2093  SC_DIHED   =         5.2079
 SC_14NB=         0.3377  SC_14EEL=         0.0000  SC_VDW     =         0.0000
 SC_EEL =         0.0000
 SC_RES_DIST=     0.0000  SC_RES_ANG=       0.0000  SC_RES_TORS=         0.0000
 SC_EEL_DER=      0.0000  SC_VDW_DER=      -0.9197  SC_DERIV   =        -0.9197
 ------------------------------------------------------------------------------


| TI region  2


 NSTEP =    25000   TIME(PS) =      25.000  TEMP(K) =    38.77  PRESS =     0.0
 Etot   =    -84976.7056  EKtot   =      2408.7788  EPtot      =    -87385.4844
 BOND   =      8098.2406  ANGLE   =        -0.0000  DIHED      =         0.0000
 1-4 NB =         0.0000  1-4 EEL =         0.0000  VDWAALS    =     19434.3897
 EELEC  =   -114918.1146  EHBOND  =         0.0000  RESTRAINT  =         0.0000
 DV/DL  =         3.2703
 ------------------------------------------------------------------------------

 NMR restraints: Bond =    0.000   Angle =     0.000   Torsion =     0.000
===============================================================================

| TI region  1


 NSTEP =    30000   TIME(PS) =      30.000  TEMP(K) =    46.30  PRESS =     0.0
 Etot   =    -84138.8949  EKtot   =      2877.3459  EPtot      =    -87016.2409
 BOND   =      8397.4314  ANGLE   =        -0.0000  DIHED      =        -0.0000
 1-4 NB =         0.0000  1-4 EEL =         0.0000  VDWAALS    =     19413.8746
 EELEC  =   -114827.5468  EHBOND  =         0.0000  RESTRAINT  =         0.0000
 DV/DL  =         5.4312
 ------------------------------------------------------------------------------

  Softcore part of the system:       7 atoms,       TEMP(K)    =          60.01
 SC_Etot=        10.3096  SC_EKtot=         1.2521  SC_EPtot   =         9.0575
 SC_BOND=         0.1829  SC_ANGLE=         3.3817  SC_DIHED   =         5.2205
 SC_14NB=         0.2724  SC_14EEL=         0.0000  SC_VDW     =         0.0000
 SC_EEL =         0.0000
 SC_RES_DIST=     0.0000  SC_RES_ANG=       0.0000  SC_RES_TORS=         0.0000
 SC_EEL_DER=      0.0000  SC_VDW_DER=      -0.2308  SC_DERIV   =        -0.2308
 ------------------------------------------------------------------------------


| TI region  2


 NSTEP =    30000   TIME(PS) =      30.000  TEMP(K) =    46.30  PRESS =     0.0
 Etot   =    -84140.1470  EKtot   =      2876.0938  EPtot      =    -87016.2409
 BOND   =      8397.4314  ANGLE   =        -0.0000  DIHED      =        -0.0000
 1-4 NB =         0.0000  1-4 EEL =         0.0000  VDWAALS    =     19413.8746
 EELEC  =   -114827.5468  EHBOND  =         0.0000  RESTRAINT  =         0.0000
 DV/DL  =         5.4312
 ------------------------------------------------------------------------------

 NMR restraints: Bond =    0.000   Angle =     0.000   Torsion =     0.000
===============================================================================

| TI region  1


 NSTEP =    35000   TIME(PS) =      35.000  TEMP(K) =    54.56  PRESS =     0.0
 Etot   =    -83274.4610  EKtot   =      3390.5325  EPtot      =    -86664.9935
 BOND   =      8570.6663  ANGLE   =         0.0000  DIHED      =         0.0000
 1-4 NB =         0.0000  1-4 EEL =         0.0000  VDWAALS    =     19378.6545
 EELEC  =   -114614.3143  EHBOND  =         0.0000  RESTRAINT  =         0.0000
 DV/DL  =         5.7754
 ------------------------------------------------------------------------------

  Softcore part of the system:       7 atoms,       TEMP(K)    =          50.09
 SC_Etot=        10.2538  SC_EKtot=         1.0452  SC_EPtot   =         9.2085
 SC_BOND=         0.2115  SC_ANGLE=         3.4465  SC_DIHED   =         5.2684
 SC_14NB=         0.2822  SC_14EEL=         0.0000  SC_VDW     =         0.0000
 SC_EEL =         0.0000
 SC_RES_DIST=     0.0000  SC_RES_ANG=       0.0000  SC_RES_TORS=         0.0000
 SC_EEL_DER=      0.0000  SC_VDW_DER=      -0.3599  SC_DERIV   =        -0.3599
 ------------------------------------------------------------------------------


| TI region  2


 NSTEP =    35000   TIME(PS) =      35.000  TEMP(K) =    54.56  PRESS =     0.0
 Etot   =    -83275.5063  EKtot   =      3389.4872  EPtot      =    -86664.9935
 BOND   =      8570.6663  ANGLE   =         0.0000  DIHED      =         0.0000
 1-4 NB =         0.0000  1-4 EEL =         0.0000  VDWAALS    =     19378.6545
 EELEC  =   -114614.3143  EHBOND  =         0.0000  RESTRAINT  =         0.0000
 DV/DL  =         5.7754
 ------------------------------------------------------------------------------

 NMR restraints: Bond =    0.000   Angle =     0.000   Torsion =     0.000
===============================================================================

| TI region  1


 NSTEP =    40000   TIME(PS) =      40.000  TEMP(K) =    62.28  PRESS =     0.0
 Etot   =    -82418.7790  EKtot   =      3870.5474  EPtot      =    -86289.3264
 BOND   =      8657.9976  ANGLE   =        -0.0000  DIHED      =        -0.0000
 1-4 NB =         0.0000  1-4 EEL =         0.0000  VDWAALS    =     19397.6942
 EELEC  =   -114345.0182  EHBOND  =         0.0000  RESTRAINT  =         0.0000
 DV/DL  =         4.2008
 ------------------------------------------------------------------------------

  Softcore part of the system:       7 atoms,       TEMP(K)    =          62.90
 SC_Etot=        10.6899  SC_EKtot=         1.3124  SC_EPtot   =         9.3775
 SC_BOND=         0.5280  SC_ANGLE=         3.1937  SC_DIHED   =         5.2113
 SC_14NB=         0.4445  SC_14EEL=         0.0000  SC_VDW     =         0.0000
 SC_EEL =         0.0000
 SC_RES_DIST=     0.0000  SC_RES_ANG=       0.0000  SC_RES_TORS=         0.0000
 SC_EEL_DER=      0.0000  SC_VDW_DER=      -0.5815  SC_DERIV   =        -0.5815
 ------------------------------------------------------------------------------


| TI region  2


 NSTEP =    40000   TIME(PS) =      40.000  TEMP(K) =    62.28  PRESS =     0.0
 Etot   =    -82420.0914  EKtot   =      3869.2349  EPtot      =    -86289.3264
 BOND   =      8657.9976  ANGLE   =        -0.0000  DIHED      =        -0.0000
 1-4 NB =         0.0000  1-4 EEL =         0.0000  VDWAALS    =     19397.6942
 EELEC  =   -114345.0182  EHBOND  =         0.0000  RESTRAINT  =         0.0000
 DV/DL  =         4.2008
 ------------------------------------------------------------------------------

 NMR restraints: Bond =    0.000   Angle =     0.000   Torsion =     0.000
===============================================================================

| TI region  1


 NSTEP =    45000   TIME(PS) =      45.000  TEMP(K) =    69.56  PRESS =     0.0
 Etot   =    -81549.4273  EKtot   =      4322.4316  EPtot      =    -85871.8590
 BOND   =      8871.5813  ANGLE   =        -0.0000  DIHED      =         0.0000
 1-4 NB =         0.0000  1-4 EEL =         0.0000  VDWAALS    =     19538.8925
 EELEC  =   -114282.3328  EHBOND  =         0.0000  RESTRAINT  =         0.0000
 DV/DL  =         4.8025
 ------------------------------------------------------------------------------

  Softcore part of the system:       7 atoms,       TEMP(K)    =          59.89
 SC_Etot=         9.8630  SC_EKtot=         1.2496  SC_EPtot   =         8.6135
 SC_BOND=         0.1206  SC_ANGLE=         2.9720  SC_DIHED   =         5.2276
 SC_14NB=         0.2933  SC_14EEL=         0.0000  SC_VDW     =         0.0000
 SC_EEL =         0.0000
 SC_RES_DIST=     0.0000  SC_RES_ANG=       0.0000  SC_RES_TORS=         0.0000
 SC_EEL_DER=      0.0000  SC_VDW_DER=      -0.9529  SC_DERIV   =        -0.9529
 ------------------------------------------------------------------------------


| TI region  2


 NSTEP =    45000   TIME(PS) =      45.000  TEMP(K) =    69.56  PRESS =     0.0
 Etot   =    -81550.6769  EKtot   =      4321.1821  EPtot      =    -85871.8590
 BOND   =      8871.5813  ANGLE   =        -0.0000  DIHED      =         0.0000
 1-4 NB =         0.0000  1-4 EEL =         0.0000  VDWAALS    =     19538.8925
 EELEC  =   -114282.3328  EHBOND  =         0.0000  RESTRAINT  =         0.0000
 DV/DL  =         4.8025
 ------------------------------------------------------------------------------

 NMR restraints: Bond =    0.000   Angle =     0.000   Torsion =     0.000
===============================================================================

| TI region  1


 NSTEP =    50000   TIME(PS) =      50.000  TEMP(K) =    79.10  PRESS =     0.0
 Etot   =    -80526.3515  EKtot   =      4915.3511  EPtot      =    -85441.7025
 BOND   =      8984.7856  ANGLE   =         0.0000  DIHED      =         0.0000
 1-4 NB =         0.0000  1-4 EEL =         0.0000  VDWAALS    =     19387.4441
 EELEC  =   -113813.9323  EHBOND  =         0.0000  RESTRAINT  =         0.0000
 DV/DL  =         3.0035
 ------------------------------------------------------------------------------

  Softcore part of the system:       7 atoms,       TEMP(K)    =          96.34
 SC_Etot=        11.3897  SC_EKtot=         2.0102  SC_EPtot   =         9.3795
 SC_BOND=         0.1725  SC_ANGLE=         3.6888  SC_DIHED   =         5.2513
 SC_14NB=         0.2668  SC_14EEL=         0.0000  SC_VDW     =         0.0000
 SC_EEL =         0.0000
 SC_RES_DIST=     0.0000  SC_RES_ANG=       0.0000  SC_RES_TORS=         0.0000
 SC_EEL_DER=      0.0000  SC_VDW_DER=      -0.9252  SC_DERIV   =        -0.9252
 ------------------------------------------------------------------------------


| TI region  2


 NSTEP =    50000   TIME(PS) =      50.000  TEMP(K) =    79.09  PRESS =     0.0
 Etot   =    -80528.3617  EKtot   =      4913.3408  EPtot      =    -85441.7025
 BOND   =      8984.7856  ANGLE   =         0.0000  DIHED      =         0.0000
 1-4 NB =         0.0000  1-4 EEL =         0.0000  VDWAALS    =     19387.4441
 EELEC  =   -113813.9323  EHBOND  =         0.0000  RESTRAINT  =         0.0000
 DV/DL  =         3.0035
 ------------------------------------------------------------------------------

 NMR restraints: Bond =    0.000   Angle =     0.000   Torsion =     0.000
===============================================================================

| TI region  1


 NSTEP =    55000   TIME(PS) =      55.000  TEMP(K) =    85.81  PRESS =     0.0
 Etot   =    -79695.6687  EKtot   =      5332.2817  EPtot      =    -85027.9504
 BOND   =      9252.0085  ANGLE   =         0.0000  DIHED      =         0.0000
 1-4 NB =         0.0000  1-4 EEL =         0.0000  VDWAALS    =     19486.4969
 EELEC  =   -113766.4558  EHBOND  =         0.0000  RESTRAINT  =         0.0000
 DV/DL  =         4.3803
 ------------------------------------------------------------------------------

  Softcore part of the system:       7 atoms,       TEMP(K)    =          94.00
 SC_Etot=        11.3262  SC_EKtot=         1.9613  SC_EPtot   =         9.3649
 SC_BOND=         0.5055  SC_ANGLE=         3.1751  SC_DIHED   =         5.2202
 SC_14NB=         0.4641  SC_14EEL=         0.0000  SC_VDW     =         0.0000
 SC_EEL =         0.0000
 SC_RES_DIST=     0.0000  SC_RES_ANG=       0.0000  SC_RES_TORS=         0.0000
 SC_EEL_DER=      0.0000  SC_VDW_DER=      -0.7280  SC_DERIV   =        -0.7280
 ------------------------------------------------------------------------------


| TI region  2


 NSTEP =    55000   TIME(PS) =      55.000  TEMP(K) =    85.80  PRESS =     0.0
 Etot   =    -79697.6300  EKtot   =      5330.3204  EPtot      =    -85027.9504
 BOND   =      9252.0085  ANGLE   =         0.0000  DIHED      =         0.0000
 1-4 NB =         0.0000  1-4 EEL =         0.0000  VDWAALS    =     19486.4969
 EELEC  =   -113766.4558  EHBOND  =         0.0000  RESTRAINT  =         0.0000
 DV/DL  =         4.3803
 ------------------------------------------------------------------------------

 NMR restraints: Bond =    0.000   Angle =     0.000   Torsion =     0.000
===============================================================================

| TI region  1


 NSTEP =    60000   TIME(PS) =      60.000  TEMP(K) =    93.60  PRESS =     0.0
 Etot   =    -78834.2810  EKtot   =      5816.9170  EPtot      =    -84651.1980
 BOND   =      9512.1376  ANGLE   =         0.0000  DIHED      =         0.0000
 1-4 NB =         0.0000  1-4 EEL =         0.0000  VDWAALS    =     19313.9654
 EELEC  =   -113477.3010  EHBOND  =         0.0000  RESTRAINT  =         0.0000
 DV/DL  =         2.3255
 ------------------------------------------------------------------------------

  Softcore part of the system:       7 atoms,       TEMP(K)    =          73.68
 SC_Etot=        11.1262  SC_EKtot=         1.5374  SC_EPtot   =         9.5888
 SC_BOND=         0.7174  SC_ANGLE=         3.3902  SC_DIHED   =         5.2106
 SC_14NB=         0.2707  SC_14EEL=         0.0000  SC_VDW     =         0.0000
 SC_EEL =         0.0000
 SC_RES_DIST=     0.0000  SC_RES_ANG=       0.0000  SC_RES_TORS=         0.0000
 SC_EEL_DER=      0.0000  SC_VDW_DER=      -1.1944  SC_DERIV   =        -1.1944
 ------------------------------------------------------------------------------


| TI region  2


 NSTEP =    60000   TIME(PS) =      60.000  TEMP(K) =    93.61  PRESS =     0.0
 Etot   =    -78835.8184  EKtot   =      5815.3796  EPtot      =    -84651.1980
 BOND   =      9512.1376  ANGLE   =         0.0000  DIHED      =         0.0000
 1-4 NB =         0.0000  1-4 EEL =         0.0000  VDWAALS    =     19313.9654
 EELEC  =   -113477.3010  EHBOND  =         0.0000  RESTRAINT  =         0.0000
 DV/DL  =         2.3255
 ------------------------------------------------------------------------------

 NMR restraints: Bond =    0.000   Angle =     0.000   Torsion =     0.000
===============================================================================

| TI region  1


 NSTEP =    65000   TIME(PS) =      65.000  TEMP(K) =   102.36  PRESS =     0.0
 Etot   =    -77861.9519  EKtot   =      6360.8105  EPtot      =    -84222.7624
 BOND   =      9640.8496  ANGLE   =         0.0000  DIHED      =        -0.0000
 1-4 NB =         0.0000  1-4 EEL =         0.0000  VDWAALS    =     19323.7248
 EELEC  =   -113187.3369  EHBOND  =         0.0000  RESTRAINT  =         0.0000
 DV/DL  =         5.8680
 ------------------------------------------------------------------------------

  Softcore part of the system:       7 atoms,       TEMP(K)    =          83.56
 SC_Etot=        11.2426  SC_EKtot=         1.7435  SC_EPtot   =         9.4990
 SC_BOND=         0.2746  SC_ANGLE=         3.6834  SC_DIHED   =         5.2190
 SC_14NB=         0.3220  SC_14EEL=         0.0000  SC_VDW     =         0.0000
 SC_EEL =         0.0000
 SC_RES_DIST=     0.0000  SC_RES_ANG=       0.0000  SC_RES_TORS=         0.0000
 SC_EEL_DER=      0.0000  SC_VDW_DER=      -0.4729  SC_DERIV   =        -0.4729
 ------------------------------------------------------------------------------


| TI region  2


 NSTEP =    65000   TIME(PS) =      65.000  TEMP(K) =   102.36  PRESS =     0.0
 Etot   =    -77863.6954  EKtot   =      6359.0670  EPtot      =    -84222.7624
 BOND   =      9640.8496  ANGLE   =         0.0000  DIHED      =        -0.0000
 1-4 NB =         0.0000  1-4 EEL =         0.0000  VDWAALS    =     19323.7248
 EELEC  =   -113187.3369  EHBOND  =         0.0000  RESTRAINT  =         0.0000
 DV/DL  =         5.8680
 ------------------------------------------------------------------------------

 NMR restraints: Bond =    0.000   Angle =     0.000   Torsion =     0.000
===============================================================================

| TI region  1


 NSTEP =    70000   TIME(PS) =      70.000  TEMP(K) =   110.30  PRESS =     0.0
 Etot   =    -76980.4799  EKtot   =      6854.2969  EPtot      =    -83834.7768
 BOND   =      9746.7873  ANGLE   =         0.0000  DIHED      =        -0.0000
 1-4 NB =         0.0000  1-4 EEL =         0.0000  VDWAALS    =     19440.7660
 EELEC  =   -113022.3301  EHBOND  =         0.0000  RESTRAINT  =         0.0000
 DV/DL  =         4.8964
 ------------------------------------------------------------------------------

  Softcore part of the system:       7 atoms,       TEMP(K)    =          50.13
 SC_Etot=        12.2286  SC_EKtot=         1.0460  SC_EPtot   =        11.1826
 SC_BOND=         2.0787  SC_ANGLE=         3.5599  SC_DIHED   =         5.2195
 SC_14NB=         0.3245  SC_14EEL=         0.0000  SC_VDW     =         0.0000
 SC_EEL =         0.0000
 SC_RES_DIST=     0.0000  SC_RES_ANG=       0.0000  SC_RES_TORS=         0.0000
 SC_EEL_DER=      0.0000  SC_VDW_DER=      -0.4309  SC_DERIV   =        -0.4309
 ------------------------------------------------------------------------------


| TI region  2


 NSTEP =    70000   TIME(PS) =      70.000  TEMP(K) =   110.32  PRESS =     0.0
 Etot   =    -76981.5259  EKtot   =      6853.2509  EPtot      =    -83834.7768
 BOND   =      9746.7873  ANGLE   =         0.0000  DIHED      =        -0.0000
 1-4 NB =         0.0000  1-4 EEL =         0.0000  VDWAALS    =     19440.7660
 EELEC  =   -113022.3301  EHBOND  =         0.0000  RESTRAINT  =         0.0000
 DV/DL  =         4.8964
 ------------------------------------------------------------------------------

 NMR restraints: Bond =    0.000   Angle =     0.000   Torsion =     0.000
===============================================================================

| TI region  1


 NSTEP =    75000   TIME(PS) =      75.000  TEMP(K) =   118.35  PRESS =     0.0
 Etot   =    -76124.1014  EKtot   =      7354.9551  EPtot      =    -83479.0565
 BOND   =      9979.9374  ANGLE   =         0.0000  DIHED      =        -0.0000
 1-4 NB =         0.0000  1-4 EEL =         0.0000  VDWAALS    =     19219.3108
 EELEC  =   -112678.3047  EHBOND  =         0.0000  RESTRAINT  =         0.0000
 DV/DL  =         6.4576
 ------------------------------------------------------------------------------

  Softcore part of the system:       7 atoms,       TEMP(K)    =          72.43
 SC_Etot=        12.4883  SC_EKtot=         1.5112  SC_EPtot   =        10.9770
 SC_BOND=         1.7234  SC_ANGLE=         3.7576  SC_DIHED   =         5.2251
 SC_14NB=         0.2709  SC_14EEL=         0.0000  SC_VDW     =         0.0000
 SC_EEL =         0.0000
 SC_RES_DIST=     0.0000  SC_RES_ANG=       0.0000  SC_RES_TORS=         0.0000
 SC_EEL_DER=      0.0000  SC_VDW_DER=      -0.1769  SC_DERIV   =        -0.1769
 ------------------------------------------------------------------------------


| TI region  2


 NSTEP =    75000   TIME(PS) =      75.000  TEMP(K) =   118.37  PRESS =     0.0
 Etot   =    -76125.6127  EKtot   =      7353.4438  EPtot      =    -83479.0565
 BOND   =      9979.9374  ANGLE   =         0.0000  DIHED      =        -0.0000
 1-4 NB =         0.0000  1-4 EEL =         0.0000  VDWAALS    =     19219.3108
 EELEC  =   -112678.3047  EHBOND  =         0.0000  RESTRAINT  =         0.0000
 DV/DL  =         6.4576
 ------------------------------------------------------------------------------

 NMR restraints: Bond =    0.000   Angle =     0.000   Torsion =     0.000
===============================================================================

| TI region  1


 NSTEP =    80000   TIME(PS) =      80.000  TEMP(K) =   125.41  PRESS =     0.0
 Etot   =    -75271.3653  EKtot   =      7793.4092  EPtot      =    -83064.7744
 BOND   =     10128.4942  ANGLE   =         0.0000  DIHED      =        -0.0000
 1-4 NB =         0.0000  1-4 EEL =         0.0000  VDWAALS    =     19168.6962
 EELEC  =   -112361.9648  EHBOND  =         0.0000  RESTRAINT  =         0.0000
 DV/DL  =         0.5911
 ------------------------------------------------------------------------------

  Softcore part of the system:       7 atoms,       TEMP(K)    =          80.50
 SC_Etot=        11.5849  SC_EKtot=         1.6797  SC_EPtot   =         9.9052
 SC_BOND=         0.8249  SC_ANGLE=         3.5246  SC_DIHED   =         5.2847
 SC_14NB=         0.2711  SC_14EEL=         0.0000  SC_VDW     =         0.0000
 SC_EEL =         0.0000
 SC_RES_DIST=     0.0000  SC_RES_ANG=       0.0000  SC_RES_TORS=         0.0000
 SC_EEL_DER=      0.0000  SC_VDW_DER=      -1.7273  SC_DERIV   =        -1.7273
 ------------------------------------------------------------------------------


| TI region  2


 NSTEP =    80000   TIME(PS) =      80.000  TEMP(K) =   125.43  PRESS =     0.0
 Etot   =    -75273.0450  EKtot   =      7791.7295  EPtot      =    -83064.7744
 BOND   =     10128.4942  ANGLE   =         0.0000  DIHED      =        -0.0000
 1-4 NB =         0.0000  1-4 EEL =         0.0000  VDWAALS    =     19168.6962
 EELEC  =   -112361.9648  EHBOND  =         0.0000  RESTRAINT  =         0.0000
 DV/DL  =         0.5911
 ------------------------------------------------------------------------------

 NMR restraints: Bond =    0.000   Angle =     0.000   Torsion =     0.000
===============================================================================

| TI region  1


 NSTEP =    85000   TIME(PS) =      85.000  TEMP(K) =   132.77  PRESS =     0.0
 Etot   =    -74309.9491  EKtot   =      8250.5391  EPtot      =    -82560.4881
 BOND   =     10218.4686  ANGLE   =        -0.0000  DIHED      =        -0.0000
 1-4 NB =         0.0000  1-4 EEL =         0.0000  VDWAALS    =     19143.4776
 EELEC  =   -111922.4343  EHBOND  =         0.0000  RESTRAINT  =         0.0000
 DV/DL  =         4.2296
 ------------------------------------------------------------------------------

  Softcore part of the system:       7 atoms,       TEMP(K)    =         132.95
 SC_Etot=        12.8561  SC_EKtot=         2.7740  SC_EPtot   =        10.0821
 SC_BOND=         0.6274  SC_ANGLE=         3.7428  SC_DIHED   =         5.2120
 SC_14NB=         0.4998  SC_14EEL=         0.0000  SC_VDW     =         0.0000
 SC_EEL =         0.0000
 SC_RES_DIST=     0.0000  SC_RES_ANG=       0.0000  SC_RES_TORS=         0.0000
 SC_EEL_DER=      0.0000  SC_VDW_DER=      -0.9918  SC_DERIV   =        -0.9918
 ------------------------------------------------------------------------------


| TI region  2


 NSTEP =    85000   TIME(PS) =      85.000  TEMP(K) =   132.77  PRESS =     0.0
 Etot   =    -74312.7231  EKtot   =      8247.7650  EPtot      =    -82560.4881
 BOND   =     10218.4686  ANGLE   =        -0.0000  DIHED      =        -0.0000
 1-4 NB =         0.0000  1-4 EEL =         0.0000  VDWAALS    =     19143.4776
 EELEC  =   -111922.4343  EHBOND  =         0.0000  RESTRAINT  =         0.0000
 DV/DL  =         4.2296
 ------------------------------------------------------------------------------

 NMR restraints: Bond =    0.000   Angle =     0.000   Torsion =     0.000
===============================================================================

| TI region  1


 NSTEP =    90000   TIME(PS) =      90.000  TEMP(K) =   142.74  PRESS =     0.0
 Etot   =    -73316.8768  EKtot   =      8870.6465  EPtot      =    -82187.5233
 BOND   =     10216.7117  ANGLE   =         0.0000  DIHED      =        -0.0000
 1-4 NB =         0.0000  1-4 EEL =         0.0000  VDWAALS    =     19124.6026
 EELEC  =   -111528.8376  EHBOND  =         0.0000  RESTRAINT  =         0.0000
 DV/DL  =         2.0706
 ------------------------------------------------------------------------------

  Softcore part of the system:       7 atoms,       TEMP(K)    =         121.58
 SC_Etot=        12.3134  SC_EKtot=         2.5367  SC_EPtot   =         9.7767
 SC_BOND=         0.7106  SC_ANGLE=         3.4654  SC_DIHED   =         5.2268
 SC_14NB=         0.3740  SC_14EEL=         0.0000  SC_VDW     =         0.0000
 SC_EEL =         0.0000
 SC_RES_DIST=     0.0000  SC_RES_ANG=       0.0000  SC_RES_TORS=         0.0000
 SC_EEL_DER=      0.0000  SC_VDW_DER=      -1.7648  SC_DERIV   =        -1.7648
 ------------------------------------------------------------------------------


| TI region  2


 NSTEP =    90000   TIME(PS) =      90.000  TEMP(K) =   142.75  PRESS =     0.0
 Etot   =    -73319.4135  EKtot   =      8868.1097  EPtot      =    -82187.5233
 BOND   =     10216.7117  ANGLE   =         0.0000  DIHED      =        -0.0000
 1-4 NB =         0.0000  1-4 EEL =         0.0000  VDWAALS    =     19124.6026
 EELEC  =   -111528.8376  EHBOND  =         0.0000  RESTRAINT  =         0.0000
 DV/DL  =         2.0706
 ------------------------------------------------------------------------------

 NMR restraints: Bond =    0.000   Angle =     0.000   Torsion =     0.000
===============================================================================

| TI region  1


 NSTEP =    95000   TIME(PS) =      95.000  TEMP(K) =   150.48  PRESS =     0.0
 Etot   =    -72178.1682  EKtot   =      9351.5068  EPtot      =    -81529.6751
 BOND   =     10804.8215  ANGLE   =         0.0000  DIHED      =         0.0000
 1-4 NB =         0.0000  1-4 EEL =         0.0000  VDWAALS    =     18919.7348
 EELEC  =   -111254.2313  EHBOND  =         0.0000  RESTRAINT  =         0.0000
 DV/DL  =         5.6103
 ------------------------------------------------------------------------------

  Softcore part of the system:       7 atoms,       TEMP(K)    =         244.56
 SC_Etot=        15.1717  SC_EKtot=         5.1030  SC_EPtot   =        10.0687
 SC_BOND=         0.8144  SC_ANGLE=         3.8854  SC_DIHED   =         5.2172
 SC_14NB=         0.1518  SC_14EEL=         0.0000  SC_VDW     =         0.0000
 SC_EEL =         0.0000
 SC_RES_DIST=     0.0000  SC_RES_ANG=       0.0000  SC_RES_TORS=         0.0000
 SC_EEL_DER=      0.0000  SC_VDW_DER=      -0.8137  SC_DERIV   =        -0.8137
 ------------------------------------------------------------------------------


| TI region  2


 NSTEP =    95000   TIME(PS) =      95.000  TEMP(K) =   150.45  PRESS =     0.0
 Etot   =    -72183.2712  EKtot   =      9346.4039  EPtot      =    -81529.6751
 BOND   =     10804.8215  ANGLE   =         0.0000  DIHED      =         0.0000
 1-4 NB =         0.0000  1-4 EEL =         0.0000  VDWAALS    =     18919.7348
 EELEC  =   -111254.2313  EHBOND  =         0.0000  RESTRAINT  =         0.0000
 DV/DL  =         5.6103
 ------------------------------------------------------------------------------

 NMR restraints: Bond =    0.000   Angle =     0.000   Torsion =     0.000
===============================================================================

| TI region  1


 NSTEP =   100000   TIME(PS) =     100.000  TEMP(K) =   158.11  PRESS =     0.0
 Etot   =    -71253.4546  EKtot   =      9825.3623  EPtot      =    -81078.8169
 BOND   =     10861.7764  ANGLE   =         0.0000  DIHED      =         0.0000
 1-4 NB =         0.0000  1-4 EEL =         0.0000  VDWAALS    =     18662.6582
 EELEC  =   -110603.2516  EHBOND  =         0.0000  RESTRAINT  =         0.0000
 DV/DL  =         0.5444
 ------------------------------------------------------------------------------

  Softcore part of the system:       7 atoms,       TEMP(K)    =         167.38
 SC_Etot=        14.6402  SC_EKtot=         3.4925  SC_EPtot   =        11.1477
 SC_BOND=         0.5882  SC_ANGLE=         4.8247  SC_DIHED   =         5.2027
 SC_14NB=         0.5321  SC_14EEL=         0.0000  SC_VDW     =         0.0000
 SC_EEL =         0.0000
 SC_RES_DIST=     0.0000  SC_RES_ANG=       0.0000  SC_RES_TORS=         0.0000
 SC_EEL_DER=      0.0000  SC_VDW_DER=      -2.1272  SC_DERIV   =        -2.1272
 ------------------------------------------------------------------------------


| TI region  2


 NSTEP =   100000   TIME(PS) =     100.000  TEMP(K) =   158.10  PRESS =     0.0
 Etot   =    -71256.9471  EKtot   =      9821.8698  EPtot      =    -81078.8169
 BOND   =     10861.7764  ANGLE   =         0.0000  DIHED      =         0.0000
 1-4 NB =         0.0000  1-4 EEL =         0.0000  VDWAALS    =     18662.6582
 EELEC  =   -110603.2516  EHBOND  =         0.0000  RESTRAINT  =         0.0000
 DV/DL  =         0.5444
 ------------------------------------------------------------------------------

 NMR restraints: Bond =    0.000   Angle =     0.000   Torsion =     0.000
===============================================================================

| TI region  1


 NSTEP =   105000   TIME(PS) =     105.000  TEMP(K) =   166.58  PRESS =     0.0
 Etot   =    -70177.8212  EKtot   =     10351.9785  EPtot      =    -80529.7997
 BOND   =     10896.4791  ANGLE   =        -0.0000  DIHED      =        -0.0000
 1-4 NB =         0.0000  1-4 EEL =         0.0000  VDWAALS    =     18447.8005
 EELEC  =   -109874.0793  EHBOND  =         0.0000  RESTRAINT  =         0.0000
 DV/DL  =       -10.7025
 ------------------------------------------------------------------------------

  Softcore part of the system:       7 atoms,       TEMP(K)    =         171.84
 SC_Etot=        14.0492  SC_EKtot=         3.5855  SC_EPtot   =        10.4636
 SC_BOND=         1.4631  SC_ANGLE=         3.5291  SC_DIHED   =         5.2202
 SC_14NB=         0.2512  SC_14EEL=         0.0000  SC_VDW     =         0.0000
 SC_EEL =         0.0000
 SC_RES_DIST=     0.0000  SC_RES_ANG=       0.0000  SC_RES_TORS=         0.0000
 SC_EEL_DER=      0.0000  SC_VDW_DER=      -4.9815  SC_DERIV   =        -4.9815
 ------------------------------------------------------------------------------


| TI region  2


 NSTEP =   105000   TIME(PS) =     105.000  TEMP(K) =   166.58  PRESS =     0.0
 Etot   =    -70181.4067  EKtot   =     10348.3930  EPtot      =    -80529.7997
 BOND   =     10896.4791  ANGLE   =        -0.0000  DIHED      =        -0.0000
 1-4 NB =         0.0000  1-4 EEL =         0.0000  VDWAALS    =     18447.8005
 EELEC  =   -109874.0793  EHBOND  =         0.0000  RESTRAINT  =         0.0000
 DV/DL  =       -10.7025
 ------------------------------------------------------------------------------

 NMR restraints: Bond =    0.000   Angle =     0.000   Torsion =     0.000
===============================================================================

| TI region  1


 NSTEP =   110000   TIME(PS) =     110.000  TEMP(K) =   172.62  PRESS =     0.0
 Etot   =    -69264.3189  EKtot   =     10727.1211  EPtot      =    -79991.4400
 BOND   =     11064.8676  ANGLE   =        -0.0000  DIHED      =        -0.0000
 1-4 NB =         0.0000  1-4 EEL =         0.0000  VDWAALS    =     18522.3313
 EELEC  =   -109578.6389  EHBOND  =         0.0000  RESTRAINT  =         0.0000
 DV/DL  =         1.6680
 ------------------------------------------------------------------------------

  Softcore part of the system:       7 atoms,       TEMP(K)    =          92.55
 SC_Etot=        13.8076  SC_EKtot=         1.9311  SC_EPtot   =        11.8765
 SC_BOND=         1.2950  SC_ANGLE=         4.7704  SC_DIHED   =         5.3911
 SC_14NB=         0.4200  SC_14EEL=         0.0000  SC_VDW     =         0.0000
 SC_EEL =         0.0000
 SC_RES_DIST=     0.0000  SC_RES_ANG=       0.0000  SC_RES_TORS=         0.0000
 SC_EEL_DER=      0.0000  SC_VDW_DER=      -1.6237  SC_DERIV   =        -1.6237
 ------------------------------------------------------------------------------


| TI region  2


 NSTEP =   110000   TIME(PS) =     110.000  TEMP(K) =   172.65  PRESS =     0.0
 Etot   =    -69266.2499  EKtot   =     10725.1900  EPtot      =    -79991.4400
 BOND   =     11064.8676  ANGLE   =        -0.0000  DIHED      =        -0.0000
 1-4 NB =         0.0000  1-4 EEL =         0.0000  VDWAALS    =     18522.3313
 EELEC  =   -109578.6389  EHBOND  =         0.0000  RESTRAINT  =         0.0000
 DV/DL  =         1.6680
 ------------------------------------------------------------------------------

 NMR restraints: Bond =    0.000   Angle =     0.000   Torsion =     0.000
===============================================================================

| TI region  1


 NSTEP =   115000   TIME(PS) =     115.000  TEMP(K) =   181.26  PRESS =     0.0
 Etot   =    -68168.1037  EKtot   =     11263.9766  EPtot      =    -79432.0803
 BOND   =     11257.4674  ANGLE   =        -0.0000  DIHED      =        -0.0000
 1-4 NB =         0.0000  1-4 EEL =         0.0000  VDWAALS    =     18396.9341
 EELEC  =   -109086.4818  EHBOND  =         0.0000  RESTRAINT  =         0.0000
 DV/DL  =         0.4541
 ------------------------------------------------------------------------------

  Softcore part of the system:       7 atoms,       TEMP(K)    =         158.21
 SC_Etot=        12.8667  SC_EKtot=         3.3012  SC_EPtot   =         9.5656
 SC_BOND=         0.4041  SC_ANGLE=         3.5560  SC_DIHED   =         5.3140
 SC_14NB=         0.2915  SC_14EEL=         0.0000  SC_VDW     =         0.0000
 SC_EEL =         0.0000
 SC_RES_DIST=     0.0000  SC_RES_ANG=       0.0000  SC_RES_TORS=         0.0000
 SC_EEL_DER=      0.0000  SC_VDW_DER=      -2.0321  SC_DERIV   =        -2.0321
 ------------------------------------------------------------------------------


| TI region  2


 NSTEP =   115000   TIME(PS) =     115.000  TEMP(K) =   181.27  PRESS =     0.0
 Etot   =    -68171.4049  EKtot   =     11260.6754  EPtot      =    -79432.0803
 BOND   =     11257.4674  ANGLE   =        -0.0000  DIHED      =        -0.0000
 1-4 NB =         0.0000  1-4 EEL =         0.0000  VDWAALS    =     18396.9341
 EELEC  =   -109086.4818  EHBOND  =         0.0000  RESTRAINT  =         0.0000
 DV/DL  =         0.4541
 ------------------------------------------------------------------------------

 NMR restraints: Bond =    0.000   Angle =     0.000   Torsion =     0.000
===============================================================================

| TI region  1


 NSTEP =   120000   TIME(PS) =     120.000  TEMP(K) =   188.77  PRESS =     0.0
 Etot   =    -67239.3103  EKtot   =     11730.6562  EPtot      =    -78969.9665
 BOND   =     11494.3732  ANGLE   =        -0.0000  DIHED      =         0.0000
 1-4 NB =         0.0000  1-4 EEL =         0.0000  VDWAALS    =     18407.7833
 EELEC  =   -108872.1230  EHBOND  =         0.0000  RESTRAINT  =         0.0000
 DV/DL  =         3.4865
 ------------------------------------------------------------------------------

  Softcore part of the system:       7 atoms,       TEMP(K)    =         189.76
 SC_Etot=        14.9490  SC_EKtot=         3.9594  SC_EPtot   =        10.9895
 SC_BOND=         1.6572  SC_ANGLE=         3.8397  SC_DIHED   =         5.2199
 SC_14NB=         0.2727  SC_14EEL=         0.0000  SC_VDW     =         0.0000
 SC_EEL =         0.0000
 SC_RES_DIST=     0.0000  SC_RES_ANG=       0.0000  SC_RES_TORS=         0.0000
 SC_EEL_DER=      0.0000  SC_VDW_DER=      -1.3426  SC_DERIV   =        -1.3426
 ------------------------------------------------------------------------------


| TI region  2


 NSTEP =   120000   TIME(PS) =     120.000  TEMP(K) =   188.77  PRESS =     0.0
 Etot   =    -67243.2697  EKtot   =     11726.6968  EPtot      =    -78969.9665
 BOND   =     11494.3732  ANGLE   =        -0.0000  DIHED      =         0.0000
 1-4 NB =         0.0000  1-4 EEL =         0.0000  VDWAALS    =     18407.7833
 EELEC  =   -108872.1230  EHBOND  =         0.0000  RESTRAINT  =         0.0000
 DV/DL  =         3.4865
 ------------------------------------------------------------------------------

 NMR restraints: Bond =    0.000   Angle =     0.000   Torsion =     0.000
===============================================================================

| TI region  1


 NSTEP =   125000   TIME(PS) =     125.000  TEMP(K) =   195.40  PRESS =     0.0
 Etot   =    -66249.2657  EKtot   =     12142.9346  EPtot      =    -78392.2002
 BOND   =     11522.9079  ANGLE   =        -0.0000  DIHED      =        -0.0000
 1-4 NB =         0.0000  1-4 EEL =         0.0000  VDWAALS    =     18218.1052
 EELEC  =   -108133.2133  EHBOND  =         0.0000  RESTRAINT  =         0.0000
 DV/DL  =        -0.0716
 ------------------------------------------------------------------------------

  Softcore part of the system:       7 atoms,       TEMP(K)    =         142.26
 SC_Etot=        13.1762  SC_EKtot=         2.9684  SC_EPtot   =        10.2078
 SC_BOND=         1.6068  SC_ANGLE=         3.1815  SC_DIHED   =         5.2225
 SC_14NB=         0.1970  SC_14EEL=         0.0000  SC_VDW     =         0.0000
 SC_EEL =         0.0000
 SC_RES_DIST=     0.0000  SC_RES_ANG=       0.0000  SC_RES_TORS=         0.0000
 SC_EEL_DER=      0.0000  SC_VDW_DER=      -2.3154  SC_DERIV   =        -2.3154
 ------------------------------------------------------------------------------


| TI region  2


 NSTEP =   125000   TIME(PS) =     125.000  TEMP(K) =   195.42  PRESS =     0.0
 Etot   =    -66252.2340  EKtot   =     12139.9662  EPtot      =    -78392.2002
 BOND   =     11522.9079  ANGLE   =        -0.0000  DIHED      =        -0.0000
 1-4 NB =         0.0000  1-4 EEL =         0.0000  VDWAALS    =     18218.1052
 EELEC  =   -108133.2133  EHBOND  =         0.0000  RESTRAINT  =         0.0000
 DV/DL  =        -0.0716
 ------------------------------------------------------------------------------

 NMR restraints: Bond =    0.000   Angle =     0.000   Torsion =     0.000
===============================================================================

| TI region  1


 NSTEP =   130000   TIME(PS) =     130.000  TEMP(K) =   201.66  PRESS =     0.0
 Etot   =    -65177.5291  EKtot   =     12531.7383  EPtot      =    -77709.2674
 BOND   =     11648.0419  ANGLE   =         0.0000  DIHED      =        -0.0000
 1-4 NB =         0.0000  1-4 EEL =         0.0000  VDWAALS    =     17842.1561
 EELEC  =   -107199.4654  EHBOND  =         0.0000  RESTRAINT  =         0.0000
 DV/DL  =        -5.5497
 ------------------------------------------------------------------------------

  Softcore part of the system:       7 atoms,       TEMP(K)    =         244.58
 SC_Etot=        16.5616  SC_EKtot=         5.1033  SC_EPtot   =        11.4583
 SC_BOND=         1.0891  SC_ANGLE=         4.6966  SC_DIHED   =         5.2156
 SC_14NB=         0.4570  SC_14EEL=         0.0000  SC_VDW     =         0.0000
 SC_EEL =         0.0000
 SC_RES_DIST=     0.0000  SC_RES_ANG=       0.0000  SC_RES_TORS=         0.0000
 SC_EEL_DER=      0.0000  SC_VDW_DER=      -3.5875  SC_DERIV   =        -3.5875
 ------------------------------------------------------------------------------


| TI region  2


 NSTEP =   130000   TIME(PS) =     130.000  TEMP(K) =   201.64  PRESS =     0.0
 Etot   =    -65182.6324  EKtot   =     12526.6350  EPtot      =    -77709.2674
 BOND   =     11648.0419  ANGLE   =         0.0000  DIHED      =        -0.0000
 1-4 NB =         0.0000  1-4 EEL =         0.0000  VDWAALS    =     17842.1561
 EELEC  =   -107199.4654  EHBOND  =         0.0000  RESTRAINT  =         0.0000
 DV/DL  =        -5.5497
 ------------------------------------------------------------------------------

 NMR restraints: Bond =    0.000   Angle =     0.000   Torsion =     0.000
===============================================================================

| TI region  1


 NSTEP =   135000   TIME(PS) =     135.000  TEMP(K) =   212.07  PRESS =     0.0
 Etot   =    -63642.0309  EKtot   =     13179.0605  EPtot      =    -76821.0914
 BOND   =     11903.0444  ANGLE   =        -0.0000  DIHED      =        -0.0000
 1-4 NB =         0.0000  1-4 EEL =         0.0000  VDWAALS    =     17727.6907
 EELEC  =   -106451.8266  EHBOND  =         0.0000  RESTRAINT  =         0.0000
 DV/DL  =        -8.4298
 ------------------------------------------------------------------------------

  Softcore part of the system:       7 atoms,       TEMP(K)    =         262.35
 SC_Etot=        16.7861  SC_EKtot=         5.4740  SC_EPtot   =        11.3121
 SC_BOND=         2.5384  SC_ANGLE=         3.4116  SC_DIHED   =         5.2234
 SC_14NB=         0.1386  SC_14EEL=         0.0000  SC_VDW     =         0.0000
 SC_EEL =         0.0000
 SC_RES_DIST=     0.0000  SC_RES_ANG=       0.0000  SC_RES_TORS=         0.0000
 SC_EEL_DER=      0.0000  SC_VDW_DER=      -4.3306  SC_DERIV   =        -4.3306
 ------------------------------------------------------------------------------


| TI region  2


 NSTEP =   135000   TIME(PS) =     135.000  TEMP(K) =   212.06  PRESS =     0.0
 Etot   =    -63647.5049  EKtot   =     13173.5865  EPtot      =    -76821.0914
 BOND   =     11903.0444  ANGLE   =        -0.0000  DIHED      =        -0.0000
 1-4 NB =         0.0000  1-4 EEL =         0.0000  VDWAALS    =     17727.6907
 EELEC  =   -106451.8266  EHBOND  =         0.0000  RESTRAINT  =         0.0000
 DV/DL  =        -8.4298
 ------------------------------------------------------------------------------

 NMR restraints: Bond =    0.000   Angle =     0.000   Torsion =     0.000
===============================================================================

| TI region  1


 NSTEP =   140000   TIME(PS) =     140.000  TEMP(K) =   220.30  PRESS =     0.0
 Etot   =    -62693.6853  EKtot   =     13690.2627  EPtot      =    -76383.9480
 BOND   =     11800.8809  ANGLE   =        -0.0000  DIHED      =        -0.0000
 1-4 NB =         0.0000  1-4 EEL =         0.0000  VDWAALS    =     17565.1590
 EELEC  =   -105749.9880  EHBOND  =         0.0000  RESTRAINT  =         0.0000
 DV/DL  =        -1.6506
 ------------------------------------------------------------------------------

  Softcore part of the system:       7 atoms,       TEMP(K)    =         289.92
 SC_Etot=        17.8941  SC_EKtot=         6.0493  SC_EPtot   =        11.8448
 SC_BOND=         0.9254  SC_ANGLE=         5.2899  SC_DIHED   =         5.2324
 SC_14NB=         0.3970  SC_14EEL=         0.0000  SC_VDW     =         0.0000
 SC_EEL =         0.0000
 SC_RES_DIST=     0.0000  SC_RES_ANG=       0.0000  SC_RES_TORS=         0.0000
 SC_EEL_DER=      0.0000  SC_VDW_DER=      -2.8202  SC_DERIV   =        -2.8202
 ------------------------------------------------------------------------------


| TI region  2


 NSTEP =   140000   TIME(PS) =     140.000  TEMP(K) =   220.28  PRESS =     0.0
 Etot   =    -62699.7346  EKtot   =     13684.2134  EPtot      =    -76383.9480
 BOND   =     11800.8809  ANGLE   =        -0.0000  DIHED      =        -0.0000
 1-4 NB =         0.0000  1-4 EEL =         0.0000  VDWAALS    =     17565.1590
 EELEC  =   -105749.9880  EHBOND  =         0.0000  RESTRAINT  =         0.0000
 DV/DL  =        -1.6506
 ------------------------------------------------------------------------------

 NMR restraints: Bond =    0.000   Angle =     0.000   Torsion =     0.000
===============================================================================

| TI region  1


 NSTEP =   145000   TIME(PS) =     145.000  TEMP(K) =   225.82  PRESS =     0.0
 Etot   =    -61373.3878  EKtot   =     14033.0420  EPtot      =    -75406.4298
 BOND   =     12025.1339  ANGLE   =        -0.0000  DIHED      =         0.0000
 1-4 NB =         0.0000  1-4 EEL =         0.0000  VDWAALS    =     17081.0462
 EELEC  =   -104512.6099  EHBOND  =         0.0000  RESTRAINT  =         0.0000
 DV/DL  =        -6.2032
 ------------------------------------------------------------------------------

  Softcore part of the system:       7 atoms,       TEMP(K)    =          99.68
 SC_Etot=        13.5613  SC_EKtot=         2.0799  SC_EPtot   =        11.4814
 SC_BOND=         2.0806  SC_ANGLE=         3.7158  SC_DIHED   =         5.2113
 SC_14NB=         0.4737  SC_14EEL=         0.0000  SC_VDW     =         0.0000
 SC_EEL =         0.0000
 SC_RES_DIST=     0.0000  SC_RES_ANG=       0.0000  SC_RES_TORS=         0.0000
 SC_EEL_DER=      0.0000  SC_VDW_DER=      -4.0348  SC_DERIV   =        -4.0348
 ------------------------------------------------------------------------------


| TI region  2


 NSTEP =   145000   TIME(PS) =     145.000  TEMP(K) =   225.86  PRESS =     0.0
 Etot   =    -61375.4677  EKtot   =     14030.9621  EPtot      =    -75406.4298
 BOND   =     12025.1339  ANGLE   =        -0.0000  DIHED      =         0.0000
 1-4 NB =         0.0000  1-4 EEL =         0.0000  VDWAALS    =     17081.0462
 EELEC  =   -104512.6099  EHBOND  =         0.0000  RESTRAINT  =         0.0000
 DV/DL  =        -6.2032
 ------------------------------------------------------------------------------

 NMR restraints: Bond =    0.000   Angle =     0.000   Torsion =     0.000
===============================================================================

| TI region  1


 NSTEP =   150000   TIME(PS) =     150.000  TEMP(K) =   234.03  PRESS =     0.0
 Etot   =    -59917.7905  EKtot   =     14543.4629  EPtot      =    -74461.2534
 BOND   =     12397.0470  ANGLE   =         0.0000  DIHED      =        -0.0000
 1-4 NB =         0.0000  1-4 EEL =         0.0000  VDWAALS    =     16720.1558
 EELEC  =   -103578.4562  EHBOND  =         0.0000  RESTRAINT  =         0.0000
 DV/DL  =         3.5150
 ------------------------------------------------------------------------------

  Softcore part of the system:       7 atoms,       TEMP(K)    =         223.69
 SC_Etot=        18.0074  SC_EKtot=         4.6675  SC_EPtot   =        13.3399
 SC_BOND=         2.7800  SC_ANGLE=         4.9033  SC_DIHED   =         5.2100
 SC_14NB=         0.4465  SC_14EEL=         0.0000  SC_VDW     =         0.0000
 SC_EEL =         0.0000
 SC_RES_DIST=     0.0000  SC_RES_ANG=       0.0000  SC_RES_TORS=         0.0000
 SC_EEL_DER=      0.0000  SC_VDW_DER=      -1.3660  SC_DERIV   =        -1.3660
 ------------------------------------------------------------------------------


| TI region  2


 NSTEP =   150000   TIME(PS) =     150.000  TEMP(K) =   234.03  PRESS =     0.0
 Etot   =    -59922.4580  EKtot   =     14538.7954  EPtot      =    -74461.2534
 BOND   =     12397.0470  ANGLE   =         0.0000  DIHED      =        -0.0000
 1-4 NB =         0.0000  1-4 EEL =         0.0000  VDWAALS    =     16720.1558
 EELEC  =   -103578.4562  EHBOND  =         0.0000  RESTRAINT  =         0.0000
 DV/DL  =         3.5150
 ------------------------------------------------------------------------------

 NMR restraints: Bond =    0.000   Angle =     0.000   Torsion =     0.000
===============================================================================

| TI region  1


 NSTEP =   155000   TIME(PS) =     155.000  TEMP(K) =   241.91  PRESS =     0.0
 Etot   =    -58304.5424  EKtot   =     15032.9844  EPtot      =    -73337.5268
 BOND   =     12311.2472  ANGLE   =        -0.0000  DIHED      =         0.0000
 1-4 NB =         0.0000  1-4 EEL =         0.0000  VDWAALS    =     16359.9774
 EELEC  =   -102008.7515  EHBOND  =         0.0000  RESTRAINT  =         0.0000
 DV/DL  =        -5.4615
 ------------------------------------------------------------------------------

  Softcore part of the system:       7 atoms,       TEMP(K)    =         263.46
 SC_Etot=        17.3471  SC_EKtot=         5.4972  SC_EPtot   =        11.8500
 SC_BOND=         2.0413  SC_ANGLE=         3.9875  SC_DIHED   =         5.2997
 SC_14NB=         0.5215  SC_14EEL=         0.0000  SC_VDW     =         0.0000
 SC_EEL =         0.0000
 SC_RES_DIST=     0.0000  SC_RES_ANG=       0.0000  SC_RES_TORS=         0.0000
 SC_EEL_DER=      0.0000  SC_VDW_DER=      -3.5806  SC_DERIV   =        -3.5806
 ------------------------------------------------------------------------------


| TI region  2


 NSTEP =   155000   TIME(PS) =     155.000  TEMP(K) =   241.90  PRESS =     0.0
 Etot   =    -58310.0396  EKtot   =     15027.4872  EPtot      =    -73337.5268
 BOND   =     12311.2472  ANGLE   =        -0.0000  DIHED      =         0.0000
 1-4 NB =         0.0000  1-4 EEL =         0.0000  VDWAALS    =     16359.9774
 EELEC  =   -102008.7515  EHBOND  =         0.0000  RESTRAINT  =         0.0000
 DV/DL  =        -5.4615
 ------------------------------------------------------------------------------

 NMR restraints: Bond =    0.000   Angle =     0.000   Torsion =     0.000
===============================================================================

| TI region  1


 NSTEP =   160000   TIME(PS) =     160.000  TEMP(K) =   248.86  PRESS =     0.0
 Etot   =    -57097.5242  EKtot   =     15465.0371  EPtot      =    -72562.5614
 BOND   =     12456.3553  ANGLE   =         0.0000  DIHED      =        -0.0000
 1-4 NB =         0.0000  1-4 EEL =         0.0000  VDWAALS    =     16057.9114
 EELEC  =   -101076.8281  EHBOND  =         0.0000  RESTRAINT  =         0.0000
 DV/DL  =       -11.6412
 ------------------------------------------------------------------------------

  Softcore part of the system:       7 atoms,       TEMP(K)    =         293.85
 SC_Etot=        20.1083  SC_EKtot=         6.1314  SC_EPtot   =        13.9769
 SC_BOND=         2.8478  SC_ANGLE=         5.3722  SC_DIHED   =         5.2461
 SC_14NB=         0.5107  SC_14EEL=         0.0000  SC_VDW     =         0.0000
 SC_EEL =         0.0000
 SC_RES_DIST=     0.0000  SC_RES_ANG=       0.0000  SC_RES_TORS=         0.0000
 SC_EEL_DER=      0.0000  SC_VDW_DER=      -5.3072  SC_DERIV   =        -5.3072
 ------------------------------------------------------------------------------


| TI region  2


 NSTEP =   160000   TIME(PS) =     160.000  TEMP(K) =   248.85  PRESS =     0.0
 Etot   =    -57103.6557  EKtot   =     15458.9057  EPtot      =    -72562.5614
 BOND   =     12456.3553  ANGLE   =         0.0000  DIHED      =        -0.0000
 1-4 NB =         0.0000  1-4 EEL =         0.0000  VDWAALS    =     16057.9114
 EELEC  =   -101076.8281  EHBOND  =         0.0000  RESTRAINT  =         0.0000
 DV/DL  =       -11.6412
 ------------------------------------------------------------------------------

 NMR restraints: Bond =    0.000   Angle =     0.000   Torsion =     0.000
===============================================================================

| TI region  1


 NSTEP =   165000   TIME(PS) =     165.000  TEMP(K) =   259.98  PRESS =     0.0
 Etot   =    -55173.7634  EKtot   =     16156.2041  EPtot      =    -71329.9675
 BOND   =     12607.8919  ANGLE   =         0.0000  DIHED      =         0.0000
 1-4 NB =         0.0000  1-4 EEL =         0.0000  VDWAALS    =     15591.9644
 EELEC  =    -99529.8237  EHBOND  =         0.0000  RESTRAINT  =         0.0000
 DV/DL  =        -6.7880
 ------------------------------------------------------------------------------

  Softcore part of the system:       7 atoms,       TEMP(K)    =         271.96
 SC_Etot=        18.5868  SC_EKtot=         5.6745  SC_EPtot   =        12.9123
 SC_BOND=         1.4945  SC_ANGLE=         5.4402  SC_DIHED   =         5.6140
 SC_14NB=         0.3635  SC_14EEL=         0.0000  SC_VDW     =         0.0000
 SC_EEL =         0.0000
 SC_RES_DIST=     0.0000  SC_RES_ANG=       0.0000  SC_RES_TORS=         0.0000
 SC_EEL_DER=      0.0000  SC_VDW_DER=      -3.9265  SC_DERIV   =        -3.9265
 ------------------------------------------------------------------------------


| TI region  2


 NSTEP =   165000   TIME(PS) =     165.000  TEMP(K) =   259.98  PRESS =     0.0
 Etot   =    -55179.4379  EKtot   =     16150.5296  EPtot      =    -71329.9675
 BOND   =     12607.8919  ANGLE   =         0.0000  DIHED      =         0.0000
 1-4 NB =         0.0000  1-4 EEL =         0.0000  VDWAALS    =     15591.9644
 EELEC  =    -99529.8237  EHBOND  =         0.0000  RESTRAINT  =         0.0000
 DV/DL  =        -6.7880
 ------------------------------------------------------------------------------

 NMR restraints: Bond =    0.000   Angle =     0.000   Torsion =     0.000
===============================================================================

| TI region  1


 NSTEP =   170000   TIME(PS) =     170.000  TEMP(K) =   265.88  PRESS =     0.0
 Etot   =    -53423.3869  EKtot   =     16522.5410  EPtot      =    -69945.9279
 BOND   =     12552.8680  ANGLE   =         0.0000  DIHED      =        -0.0000
 1-4 NB =         0.0000  1-4 EEL =         0.0000  VDWAALS    =     14999.7025
 EELEC  =    -97498.4983  EHBOND  =         0.0000  RESTRAINT  =         0.0000
 DV/DL  =        -7.1917
 ------------------------------------------------------------------------------

  Softcore part of the system:       7 atoms,       TEMP(K)    =         331.24
 SC_Etot=        16.7072  SC_EKtot=         6.9115  SC_EPtot   =         9.7956
 SC_BOND=         0.9249  SC_ANGLE=         3.5008  SC_DIHED   =         5.2197
 SC_14NB=         0.1502  SC_14EEL=         0.0000  SC_VDW     =         0.0000
 SC_EEL =         0.0000
 SC_RES_DIST=     0.0000  SC_RES_ANG=       0.0000  SC_RES_TORS=         0.0000
 SC_EEL_DER=      0.0000  SC_VDW_DER=      -3.9048  SC_DERIV   =        -3.9048
 ------------------------------------------------------------------------------


| TI region  2


 NSTEP =   170000   TIME(PS) =     170.000  TEMP(K) =   265.86  PRESS =     0.0
 Etot   =    -53430.2984  EKtot   =     16515.6295  EPtot      =    -69945.9279
 BOND   =     12552.8680  ANGLE   =         0.0000  DIHED      =        -0.0000
 1-4 NB =         0.0000  1-4 EEL =         0.0000  VDWAALS    =     14999.7025
 EELEC  =    -97498.4983  EHBOND  =         0.0000  RESTRAINT  =         0.0000
 DV/DL  =        -7.1917
 ------------------------------------------------------------------------------

 NMR restraints: Bond =    0.000   Angle =     0.000   Torsion =     0.000
===============================================================================

| TI region  1


 NSTEP =   175000   TIME(PS) =     175.000  TEMP(K) =   274.93  PRESS =     0.0
 Etot   =    -51730.1988  EKtot   =     17085.3223  EPtot      =    -68815.5211
 BOND   =     12568.9845  ANGLE   =        -0.0000  DIHED      =        -0.0000
 1-4 NB =         0.0000  1-4 EEL =         0.0000  VDWAALS    =     14574.2274
 EELEC  =    -95958.7329  EHBOND  =         0.0000  RESTRAINT  =         0.0000
 DV/DL  =        -4.3009
 ------------------------------------------------------------------------------

  Softcore part of the system:       7 atoms,       TEMP(K)    =         374.74
 SC_Etot=        19.5318  SC_EKtot=         7.8192  SC_EPtot   =        11.7126
 SC_BOND=         1.0720  SC_ANGLE=         5.0942  SC_DIHED   =         5.2785
 SC_14NB=         0.2679  SC_14EEL=         0.0000  SC_VDW     =         0.0000
 SC_EEL =         0.0000
 SC_RES_DIST=     0.0000  SC_RES_ANG=       0.0000  SC_RES_TORS=         0.0000
 SC_EEL_DER=      0.0000  SC_VDW_DER=      -3.4375  SC_DERIV   =        -3.4375
 ------------------------------------------------------------------------------


| TI region  2


 NSTEP =   175000   TIME(PS) =     175.000  TEMP(K) =   274.90  PRESS =     0.0
 Etot   =    -51738.0180  EKtot   =     17077.5031  EPtot      =    -68815.5211
 BOND   =     12568.9845  ANGLE   =        -0.0000  DIHED      =        -0.0000
 1-4 NB =         0.0000  1-4 EEL =         0.0000  VDWAALS    =     14574.2274
 EELEC  =    -95958.7329  EHBOND  =         0.0000  RESTRAINT  =         0.0000
 DV/DL  =        -4.3009
 ------------------------------------------------------------------------------

 NMR restraints: Bond =    0.000   Angle =     0.000   Torsion =     0.000
===============================================================================

| TI region  1


 NSTEP =   180000   TIME(PS) =     180.000  TEMP(K) =   285.54  PRESS =     0.0
 Etot   =    -50301.6689  EKtot   =     17744.3984  EPtot      =    -68046.0674
 BOND   =     12902.7979  ANGLE   =         0.0000  DIHED      =        -0.0000
 1-4 NB =         0.0000  1-4 EEL =         0.0000  VDWAALS    =     14490.0144
 EELEC  =    -95438.8797  EHBOND  =         0.0000  RESTRAINT  =         0.0000
 DV/DL  =        -5.6260
 ------------------------------------------------------------------------------

  Softcore part of the system:       7 atoms,       TEMP(K)    =         195.38
 SC_Etot=        15.4212  SC_EKtot=         4.0767  SC_EPtot   =        11.3444
 SC_BOND=         1.0586  SC_ANGLE=         4.7462  SC_DIHED   =         5.2261
 SC_14NB=         0.3135  SC_14EEL=         0.0000  SC_VDW     =         0.0000
 SC_EEL =         0.0000
 SC_RES_DIST=     0.0000  SC_RES_ANG=       0.0000  SC_RES_TORS=         0.0000
 SC_EEL_DER=      0.0000  SC_VDW_DER=      -3.7772  SC_DERIV   =        -3.7772
 ------------------------------------------------------------------------------


| TI region  2


 NSTEP =   180000   TIME(PS) =     180.000  TEMP(K) =   285.57  PRESS =     0.0
 Etot   =    -50305.7457  EKtot   =     17740.3217  EPtot      =    -68046.0674
 BOND   =     12902.7979  ANGLE   =         0.0000  DIHED      =        -0.0000
 1-4 NB =         0.0000  1-4 EEL =         0.0000  VDWAALS    =     14490.0144
 EELEC  =    -95438.8797  EHBOND  =         0.0000  RESTRAINT  =         0.0000
 DV/DL  =        -5.6260
 ------------------------------------------------------------------------------

 NMR restraints: Bond =    0.000   Angle =     0.000   Torsion =     0.000
===============================================================================

| TI region  1


 NSTEP =   185000   TIME(PS) =     185.000  TEMP(K) =   288.27  PRESS =     0.0
 Etot   =    -49026.9901  EKtot   =     17914.0176  EPtot      =    -66941.0077
 BOND   =     12937.7490  ANGLE   =         0.0000  DIHED      =        -0.0000
 1-4 NB =         0.0000  1-4 EEL =         0.0000  VDWAALS    =     14267.4413
 EELEC  =    -94146.1980  EHBOND  =         0.0000  RESTRAINT  =         0.0000
 DV/DL  =        -7.9716
 ------------------------------------------------------------------------------

  Softcore part of the system:       7 atoms,       TEMP(K)    =         282.51
 SC_Etot=        19.9798  SC_EKtot=         5.8948  SC_EPtot   =        14.0851
 SC_BOND=         2.4739  SC_ANGLE=         5.7451  SC_DIHED   =         5.3772
 SC_14NB=         0.4889  SC_14EEL=         0.0000  SC_VDW     =         0.0000
 SC_EEL =         0.0000
 SC_RES_DIST=     0.0000  SC_RES_ANG=       0.0000  SC_RES_TORS=         0.0000
 SC_EEL_DER=      0.0000  SC_VDW_DER=      -4.3362  SC_DERIV   =        -4.3362
 ------------------------------------------------------------------------------


| TI region  2


 NSTEP =   185000   TIME(PS) =     185.000  TEMP(K) =   288.27  PRESS =     0.0
 Etot   =    -49032.8849  EKtot   =     17908.1228  EPtot      =    -66941.0077
 BOND   =     12937.7490  ANGLE   =         0.0000  DIHED      =        -0.0000
 1-4 NB =         0.0000  1-4 EEL =         0.0000  VDWAALS    =     14267.4413
 EELEC  =    -94146.1980  EHBOND  =         0.0000  RESTRAINT  =         0.0000
 DV/DL  =        -7.9716
 ------------------------------------------------------------------------------

 NMR restraints: Bond =    0.000   Angle =     0.000   Torsion =     0.000
===============================================================================

| TI region  1


 NSTEP =   190000   TIME(PS) =     190.000  TEMP(K) =   297.69  PRESS =     0.0
 Etot   =    -47205.8336  EKtot   =     18499.2578  EPtot      =    -65705.0914
 BOND   =     12879.7106  ANGLE   =         0.0000  DIHED      =        -0.0000
 1-4 NB =         0.0000  1-4 EEL =         0.0000  VDWAALS    =     13616.1365
 EELEC  =    -92200.9386  EHBOND  =         0.0000  RESTRAINT  =         0.0000
 DV/DL  =         5.8703
 ------------------------------------------------------------------------------

  Softcore part of the system:       7 atoms,       TEMP(K)    =         178.97
 SC_Etot=        18.1147  SC_EKtot=         3.7344  SC_EPtot   =        14.3803
 SC_BOND=         2.4783  SC_ANGLE=         6.1621  SC_DIHED   =         5.3278
 SC_14NB=         0.4121  SC_14EEL=         0.0000  SC_VDW     =         0.0000
 SC_EEL =         0.0000
 SC_RES_DIST=     0.0000  SC_RES_ANG=       0.0000  SC_RES_TORS=         0.0000
 SC_EEL_DER=      0.0000  SC_VDW_DER=      -0.4221  SC_DERIV   =        -0.4221
 ------------------------------------------------------------------------------


| TI region  2


 NSTEP =   190000   TIME(PS) =     190.000  TEMP(K) =   297.73  PRESS =     0.0
 Etot   =    -47209.5680  EKtot   =     18495.5235  EPtot      =    -65705.0914
 BOND   =     12879.7106  ANGLE   =         0.0000  DIHED      =        -0.0000
 1-4 NB =         0.0000  1-4 EEL =         0.0000  VDWAALS    =     13616.1365
 EELEC  =    -92200.9386  EHBOND  =         0.0000  RESTRAINT  =         0.0000
 DV/DL  =         5.8703
 ------------------------------------------------------------------------------

 NMR restraints: Bond =    0.000   Angle =     0.000   Torsion =     0.000
===============================================================================

| TI region  1


 NSTEP =   195000   TIME(PS) =     195.000  TEMP(K) =   300.30  PRESS =     0.0
 Etot   =    -47170.4922  EKtot   =     18661.9297  EPtot      =    -65832.4219
 BOND   =     12969.2008  ANGLE   =         0.0000  DIHED      =        -0.0000
 1-4 NB =         0.0000  1-4 EEL =         0.0000  VDWAALS    =     13978.2033
 EELEC  =    -92779.8261  EHBOND  =         0.0000  RESTRAINT  =         0.0000
 DV/DL  =        -4.7862
 ------------------------------------------------------------------------------

  Softcore part of the system:       7 atoms,       TEMP(K)    =         286.14
 SC_Etot=        18.6052  SC_EKtot=         5.9706  SC_EPtot   =        12.6346
 SC_BOND=         1.7905  SC_ANGLE=         5.0096  SC_DIHED   =         5.2370
 SC_14NB=         0.5976  SC_14EEL=         0.0000  SC_VDW     =         0.0000
 SC_EEL =         0.0000
 SC_RES_DIST=     0.0000  SC_RES_ANG=       0.0000  SC_RES_TORS=         0.0000
 SC_EEL_DER=      0.0000  SC_VDW_DER=      -3.6359  SC_DERIV   =        -3.6359
 ------------------------------------------------------------------------------


| TI region  2


 NSTEP =   195000   TIME(PS) =     195.000  TEMP(K) =   300.31  PRESS =     0.0
 Etot   =    -47176.4628  EKtot   =     18655.9591  EPtot      =    -65832.4219
 BOND   =     12969.2008  ANGLE   =         0.0000  DIHED      =        -0.0000
 1-4 NB =         0.0000  1-4 EEL =         0.0000  VDWAALS    =     13978.2033
 EELEC  =    -92779.8261  EHBOND  =         0.0000  RESTRAINT  =         0.0000
 DV/DL  =        -4.7862
 ------------------------------------------------------------------------------

 NMR restraints: Bond =    0.000   Angle =     0.000   Torsion =     0.000
===============================================================================

| TI region  1


 NSTEP =   200000   TIME(PS) =     200.000  TEMP(K) =   303.00  PRESS =     0.0
 Etot   =    -46829.9140  EKtot   =     18829.4160  EPtot      =    -65659.3300
 BOND   =     13035.5826  ANGLE   =         0.0000  DIHED      =        -0.0000
 1-4 NB =         0.0000  1-4 EEL =         0.0000  VDWAALS    =     13746.9151
 EELEC  =    -92441.8277  EHBOND  =         0.0000  RESTRAINT  =         0.0000
 DV/DL  =        -6.6310
 ------------------------------------------------------------------------------

  Softcore part of the system:       7 atoms,       TEMP(K)    =         296.26
 SC_Etot=        19.3024  SC_EKtot=         6.1816  SC_EPtot   =        13.1208
 SC_BOND=         1.4933  SC_ANGLE=         5.5642  SC_DIHED   =         5.6476
 SC_14NB=         0.4157  SC_14EEL=         0.0000  SC_VDW     =         0.0000
 SC_EEL =         0.0000
 SC_RES_DIST=     0.0000  SC_RES_ANG=       0.0000  SC_RES_TORS=         0.0000
 SC_EEL_DER=      0.0000  SC_VDW_DER=      -3.8234  SC_DERIV   =        -3.8234
 ------------------------------------------------------------------------------


| TI region  2


 NSTEP =   200000   TIME(PS) =     200.000  TEMP(K) =   303.00  PRESS =     0.0
 Etot   =    -46836.0956  EKtot   =     18823.2344  EPtot      =    -65659.3300
 BOND   =     13035.5826  ANGLE   =         0.0000  DIHED      =        -0.0000
 1-4 NB =         0.0000  1-4 EEL =         0.0000  VDWAALS    =     13746.9151
 EELEC  =    -92441.8277  EHBOND  =         0.0000  RESTRAINT  =         0.0000
 DV/DL  =        -6.6310
 ------------------------------------------------------------------------------

 NMR restraints: Bond =    0.000   Angle =     0.000   Torsion =     0.000
===============================================================================

| TI region  1


      A V E R A G E S   O V E R      40 S T E P S


 NSTEP =   200000   TIME(PS) =     200.000  TEMP(K) =   160.29  PRESS =     0.0
 Etot   =    -69286.9214  EKtot   =      9961.2778  EPtot      =    -79248.1992
 BOND   =     10650.8456  ANGLE   =        -0.0000  DIHED      =        -0.0000
 1-4 NB =         0.0000  1-4 EEL =         0.0000  VDWAALS    =     17827.6506
 EELEC  =   -107726.6954  EHBOND  =         0.0000  RESTRAINT  =         0.0000
 DV/DL  =         0.2364
 ------------------------------------------------------------------------------

 NMR restraints: Bond =    0.000   Angle =     0.000   Torsion =     0.000
===============================================================================
  Softcore part of the system:       7 atoms,       TEMP(K)    =         154.73
 SC_Etot=        13.9628  SC_EKtot=         3.2286  SC_EPtot   =        10.7342
 SC_BOND=         1.1068  SC_ANGLE=         4.0140  SC_DIHED   =         5.2617
 SC_14NB=         0.3518  SC_14EEL=         0.0000  SC_VDW     =         0.0000
 SC_EEL =         0.0000
 SC_RES_DIST=     0.0000  SC_RES_ANG=       0.0000  SC_RES_TORS=         0.0000
 SC_EEL_DER=      0.0000  SC_VDW_DER=      -1.9911  SC_DERIV   =        -1.9911
 ------------------------------------------------------------------------------


      R M S  F L U C T U A T I O N S


 NSTEP =   200000   TIME(PS) =     200.000  TEMP(K) =    89.92  PRESS =     0.0
 Etot   =     12647.2917  EKtot   =      5588.1392  EPtot      =      7129.7898
 BOND   =      1740.3209  ANGLE   =         0.0000  DIHED      =         0.0000
 1-4 NB =         0.0000  1-4 EEL =         0.0000  VDWAALS    =      1944.6445
 EELEC  =      7436.8717  EHBOND  =         0.0000  RESTRAINT  =         0.0000
 DV/DL  =         5.4996
 ------------------------------------------------------------------------------

  Softcore part of the system:       7 atoms,       TEMP(K)    =         101.82
 SC_Etot=         3.4727  SC_EKtot=         2.1246  SC_EPtot   =         1.6270
 SC_BOND=         0.8280  SC_ANGLE=         0.8948  SC_DIHED   =         0.0953
 SC_14NB=         0.1104  SC_14EEL=         0.0000  SC_VDW     =         0.0000
 SC_EEL =         0.0000
 SC_RES_DIST=     0.0000  SC_RES_ANG=       0.0000  SC_RES_TORS=         0.0000
 SC_EEL_DER=      0.0000  SC_VDW_DER=       1.5846  SC_DERIV   =         1.5846
 ------------------------------------------------------------------------------


| TI region  2


      A V E R A G E S   O V E R      40 S T E P S


 NSTEP =   200000   TIME(PS) =     200.000  TEMP(K) =   160.30  PRESS =     0.0
 Etot   =    -69290.1500  EKtot   =      9958.0492  EPtot      =    -79248.1992
 BOND   =     10650.8456  ANGLE   =        -0.0000  DIHED      =        -0.0000
 1-4 NB =         0.0000  1-4 EEL =         0.0000  VDWAALS    =     17827.6506
 EELEC  =   -107726.6954  EHBOND  =         0.0000  RESTRAINT  =         0.0000
 DV/DL  =         0.2364
 ------------------------------------------------------------------------------

 NMR restraints: Bond =    0.000   Angle =     0.000   Torsion =     0.000
===============================================================================

      R M S  F L U C T U A T I O N S


 NSTEP =   200000   TIME(PS) =     200.000  TEMP(K) =    89.92  PRESS =     0.0
 Etot   =     12645.4381  EKtot   =      5586.2647  EPtot      =      7129.7898
 BOND   =      1740.3209  ANGLE   =         0.0000  DIHED      =         0.0000
 1-4 NB =         0.0000  1-4 EEL =         0.0000  VDWAALS    =      1944.6445
 EELEC  =      7436.8717  EHBOND  =         0.0000  RESTRAINT  =         0.0000
 DV/DL  =         5.4996
 ------------------------------------------------------------------------------


      DV/DL, AVERAGES OVER      40 STEPS


 NSTEP =   200000   TIME(PS) =     200.000  TEMP(K) =    89.92  PRESS =     0.0
 Etot   =         0.0000  EKtot   =         0.0000  EPtot      =         0.2364
 BOND   =         0.0000  ANGLE   =         0.0000  DIHED      =         0.0000
 1-4 NB =         0.0000  1-4 EEL =         0.0000  VDWAALS    =         2.2275
 EELEC  =         0.0000  EHBOND  =         0.0000  RESTRAINT  =         0.0000
 DV/DL  =         0.2364
 ------------------------------------------------------------------------------


 NMR restraints on final step:

--------------------------------------------------------------------------------
   5.  TIMINGS
--------------------------------------------------------------------------------

|  NonSetup CPU Time in Major Routines:
|
|     Routine           Sec        %
|     ------------------------------
|     Nonbond         146.73   30.41
|     Bond              0.00    0.00
|     Angle             0.00    0.00
|     Dihedral          0.00    0.00
|     Shake             0.00    0.00
|     RunMD           335.28   69.48
|     Other             0.54    0.11
|     ------------------------------
|     Total           482.55

|  PME Nonbond Pairlist CPU Time:
|
|     Routine              Sec        %
|     ---------------------------------
|     Set Up Cit           0.00    0.00
|     Build List           0.00    0.00
|     ---------------------------------
|     Total                0.00    0.00

|  PME Direct Force CPU Time:
|
|     Routine              Sec        %
|     ---------------------------------
|     NonBonded Calc       0.00    0.00
|     Exclude Masked       0.00    0.00
|     Other                0.37    0.08
|     ---------------------------------
|     Total                0.37    0.08

|  PME Reciprocal Force CPU Time:
|
|     Routine              Sec        %
|     ---------------------------------
|     1D bspline           0.00    0.00
|     Grid Charges         0.00    0.00
|     Scalar Sum           0.00    0.00
|     Gradient Sum         0.00    0.00
|     FFT                  0.00    0.00
|     ---------------------------------
|     Total                0.00    0.00

|  Final Performance Info:
|     -----------------------------------------------------
|     Average timings for last   20000 steps:
|     Elapsed(s) =      48.96 Per Step(ms) =       2.45
|         ns/day =      35.30   seconds/ns =    2447.86
|
|     Average timings for all steps:
|     Elapsed(s) =     482.65 Per Step(ms) =       2.41
|         ns/day =      35.80   seconds/ns =    2413.24
|     -----------------------------------------------------

|  Setup CPU time:            0.56 seconds
|  NonSetup CPU time:       482.55 seconds
|  Total CPU time:          483.11 seconds     0.13 hours

|  Setup wall time:           0    seconds
|  NonSetup wall time:      483    seconds
|  Total wall time:         483    seconds     0.13 hours
