
          -------------------------------------------------------
          Amber 18 PMEMD                              2018
          -------------------------------------------------------

| PMEMD implementation of SANDER, Release 18

| Run on 06/20/2020 at 06:17:37

|   Executable path: /opt/software/Amber/18-foss-2018b-AmberTools-19/bin/pmemd.cuda
| Working directory: /mnt/gs18/scratch/users/songlin3/run/1264_optimization/acetate/two_steps_spce/step2/0.43738
|          Hostname: lac-024

  [-O]verwriting output

File Assignments:
|   MDIN: heat.in                                                               
|  MDOUT: heat.out                                                              
| INPCRD: min.rst                                                               
|   PARM: step2.prmtop                                                          
| RESTRT: heat.rst                                                              
|   REFC: min.rst                                                               
|  MDVEL: mdvel                                                                 
|   MDEN: mden                                                                  
|  MDCRD: heat.netcdf                                                           
| MDINFO: heat.mdinfo                                                           
|  MDFRC: mdfrc                                                                 


 Here is the input file:

nvt for free MD                                                                
 &cntrl                                                                        
  imin=0,                                                                      
  irest=0,                                                                     
  ntx=1,                                                                       
  ig=-1,                                                                       
  nstlim=200000,                                                               
  dt=0.001,                                                                    
  cut=10.0,                                                                    
  ntc=1,                                                                       
  ntf=1,                                                                       
  ntb=1,                                                                       
  ntt=3,                                                                       
  gamma_ln=2.0,                                                                
  tempi=0.0,                                                                   
  temp0=300.0,                                                                 
  ntpr=5000,                                                                   
  ntwr=5000,                                                                   
  ntwx=10000,                                                                  
  ntwv=0,                                                                      
  ioutfm=1,                                                                    
  iwrap=0,                                                                     
  nmropt=1,                                                                    
  ifsc = 1, icfe=1,                                                            
  clambda=0.43738,                                                             
  timask1=':1', scmask1=':1', scmask2='',                                      
  timask2='', crgmask = ':1',                                                  
/                                                                              
&wt TYPE='TEMP0', istep1=0, istep2=190000, value1=0.0, value2=300.0 /          
&wt TYPE='TEMP0', istep1=190001, istep2=200000, value1=300.0, value2=300.0 /   
&wt TYPE='DUMPFREQ', istep1=10000, /                                           
&wt TYPE='END', /                                                              


Note: ig = -1. Setting random seed to   727236 based on wallclock time in 
      microseconds.
| irandom = 1, using AMBER's internal random number generator (default).
 
|--------------------- INFORMATION ----------------------
| GPU (CUDA) Version of PMEMD in use: NVIDIA GPU IN USE.
|                    Version 18.0.0
| 
|                      03/25/2018
| 
| Implementation by:
|                    Ross C. Walker     (SDSC)
|                    Scott Le Grand     (nVIDIA)
| 
| Version 18 performance extensions by:
|                    David Cerutti     (Rutgers)
| 
| Precision model in use:
|      [SPFP] - Single Precision Forces, 64-bit Fixed Point
|               Accumulation. (Default)
| 
|--------------------------------------------------------
 
|----------------- CITATION INFORMATION -----------------
|
|    When publishing work that utilized the CUDA version
|    of AMBER, please cite the following in addition to
|    the regular AMBER citations:
|
|  - Romelia Salomon-Ferrer; Andreas W. Goetz; Duncan
|    Poole; Scott Le Grand; Ross C. Walker "Routine
|    microsecond molecular dynamics simulations with
|    AMBER - Part II: Particle Mesh Ewald", J. Chem.
|    Theory Comput., 2013, 9 (9), pp3878-3888,
|    DOI: 10.1021/ct400314y.
|
|  - Andreas W. Goetz; Mark J. Williamson; Dong Xu;
|    Duncan Poole; Scott Le Grand; Ross C. Walker
|    "Routine microsecond molecular dynamics simulations
|    with AMBER - Part I: Generalized Born", J. Chem.
|    Theory Comput., 2012, 8 (5), pp1542-1555.
|
|  - Scott Le Grand; Andreas W. Goetz; Ross C. Walker
|    "SPFP: Speed without compromise - a mixed precision
|    model for GPU accelerated molecular dynamics
|    simulations.", Comp. Phys. Comm., 2013, 184
|    pp374-380, DOI: 10.1016/j.cpc.2012.09.022
|
|    When publishing work that utilized the CUDA version
|    of TI, BAR, MBAR or FEP please cite the following 
|    three publications in addition to the regular AMBER 
|    GPU citations:
|
|  - Daniel J. Mermelstein; Charles Lin; Gard Nelson; 
|    Rachael Kretsch; J. Andrew McCammon; Ross C. Walker
|    "Fast and Flexible GPU Accelerated Binding 
|    Free Energy Calculations within the AMBER Molecular
|    Dynamics Package" J. Comp. Chem., 2018,
|    DOI: 10.1002/jcc.25187
|
|  - Tai-Sung Lee; Yuan Hu; Brad Sherborne; Zhuyan Guo;
|    Darrin M. York
|    "Toward Fast and Accurate Binding Affinity Prediction with
|    pmemdGTI: An Efficient Implementation of GPU-Accelerated
|    Thermodynamic Integration"
|    J. Chem. Theory Comput., 2017, 13 (7), 3077
|
|
|--------------------------------------------------------
 
|------------------- GPU DEVICE INFO --------------------
|
|            CUDA_VISIBLE_DEVICES: 0
|   CUDA Capable Devices Detected:      1
|           CUDA Device ID in use:      0
|                CUDA Device Name: Tesla K80
|     CUDA Device Global Mem Size:  12206 MB
| CUDA Device Num Multiprocessors:     13
|           CUDA Device Core Freq:   0.82 GHz
|
|--------------------------------------------------------
 
 
| Conditional Compilation Defines Used:
| PUBFFT
| BINTRAJ
| CUDA
| EMIL

| Largest sphere to fit in unit cell has radius =    27.333

| New format PARM file being parsed.
| Version =    1.000 Date = 06/18/20 Time = 20:41:37

| Note: 1-4 EEL scale factors are being read from the topology file.

| Note: 1-4 VDW scale factors are being read from the topology file.
| Duplicated    0 dihedrals

| Duplicated    0 dihedrals

--------------------------------------------------------------------------------
   1.  RESOURCE   USE: 
--------------------------------------------------------------------------------

 getting box info from netcdf restart file
 NATOM  =   20845 NTYPES =       6 NBONH =   20841 MBONA  =       3
 NTHETH =       6 MTHETA =       3 NPHIH =      12 MPHIA  =       1
 NHPARM =       0 NPARM  =       0 NNB   =   27806 NRES   =    6947
 NBONA  =       3 NTHETA =       3 NPHIA =       1 NUMBND =       5
 NUMANG =       4 NPTRA  =       3 NATYP =       6 NPHB   =       1
 IFBOX  =       2 NMXRS  =       7 IFCAP =       0 NEXTRA =       0
 NCOPY  =       0

| Coordinate Index Table dimensions:    10   10   10
| Direct force subcell size =     6.6953    6.6953    6.6953

     BOX TYPE: TRUNCATED OCTAHEDRON

--------------------------------------------------------------------------------
   2.  CONTROL  DATA  FOR  THE  RUN
--------------------------------------------------------------------------------

default_name                                                                    

General flags:
     imin    =       0, nmropt  =       1

Nature and format of input:
     ntx     =       1, irest   =       0, ntrx    =       1

Nature and format of output:
     ntxo    =       2, ntpr    =    5000, ntrx    =       1, ntwr    =    5000
     iwrap   =       0, ntwx    =   10000, ntwv    =       0, ntwe    =       0
     ioutfm  =       1, ntwprt  =       0, idecomp =       0, rbornstat=      0

Potential function:
     ntf     =       1, ntb     =       1, igb     =       0, nsnb    =      25
     ipol    =       0, gbsa    =       0, iesp    =       0
     dielc   =   1.00000, cut     =  10.00000, intdiel =   1.00000

Frozen or restrained atoms:
     ibelly  =       0, ntr     =       0

Molecular dynamics:
     nstlim  =    200000, nscm    =      1000, nrespa  =         1
     t       =   0.00000, dt      =   0.00100, vlimit  =  -1.00000

Langevin dynamics temperature regulation:
     ig      =  727236
     temp0   = 300.00000, tempi   =   0.00000, gamma_ln=   2.00000

NMR refinement options:
     iscale  =       0, noeskp  =       1, ipnlty  =       1, mxsub   =       1
     scalm   = 100.00000, pencut  =   0.10000, tausw   =   0.10000

Free energy options:
     icfe    =       1, ifsc    =       1, klambda =       1
     clambda =  0.4374, scalpha =  0.5000, scbeta  = 12.0000
     sceeorder =       2
     dynlmb =  0.0000 logdvdl =       0

| Intermolecular bonds treatment:
|     no_intermolecular_bonds =       1

| Energy averages sample interval:
|     ene_avg_sampling =    5000

Ewald parameters:
     verbose =       0, ew_type =       0, nbflag  =       1, use_pme =       1
     vdwmeth =       1, eedmeth =       1, netfrc  =       1
     Box X =   66.953   Box Y =   66.953   Box Z =   66.953
     Alpha =  109.471   Beta  =  109.471   Gamma =  109.471
     NFFT1 =   64       NFFT2 =   64       NFFT3 =   64
     Cutoff=   10.000   Tol   =0.100E-04
     Ewald Coefficient =  0.27511
     Interpolation order =    4
     TI Mask 1 :1; matches      7 atoms
     TI Mask 2  matches      0 atoms
     TI region 1:   20845 atoms
     TI region 2:   20838 atoms
     SC Mask 1 :1; matches      7 atoms
Removing charge of      -0.8188 from atom       1
Removing charge of      -0.8188 from atom       2
Removing charge of       0.8054 from atom       3
Removing charge of      -0.1021 from atom       4
Removing charge of      -0.0219 from atom       5
Removing charge of      -0.0219 from atom       6
Removing charge of      -0.0219 from atom       7
Total charge of  -0.99999900 removed from       7 atoms
    No charge on TI atoms. Skipping extra recip sum.

--------------------------------------------------------------------------------
   3.  ATOMIC COORDINATES AND VELOCITIES
--------------------------------------------------------------------------------

default_name                                                                    
 begin time read from input coords =     0.000 ps



           Begin reading energy term weight changes/NMR restraints
 WEIGHT CHANGES:
 TEMP0         0 190000    0.000000  300.000000      0      0
 TEMP0    190001 200000  300.000000  300.000000      0      0
 DUMPFREQ  10000      0    0.000000    0.000000      0      0

 RESTRAINTS:
                          ** No restraint defined **

                  Done reading weight changes/NMR restraints


 
 Number of triangulated 3-point waters found:     6946
 Number of shake restraints removed in TI region  1 :        0
 Number of shake restraints removed in TI region  2 :        0

     Sum of charges for TI region  1 =  -0.00000762
     Forcing neutrality...


     Sum of charges for TI region  2 =  -0.00000762
     Forcing neutrality...

| Dynamic Memory, Types Used:
| Reals              914872
| Integers           792492

| Nonbonded Pairs Initial Allocation:     6305091

| GPU memory information (estimate):
| KB of GPU memory in use:         0
| KB of CPU memory in use:         0

--------------------------------------------------------------------------------
   4.  RESULTS
--------------------------------------------------------------------------------

   DOF for the SC part  1 of the system:   21

| TI region  1


 NSTEP =        0   TIME(PS) =       0.000  TEMP(K) =     0.00  PRESS =     0.0
 Etot   =    -99437.4848  EKtot   =         0.0000  EPtot      =    -99437.4848
 BOND   =      9100.6090  ANGLE   =        -0.0000  DIHED      =        -0.0000
 1-4 NB =         0.0000  1-4 EEL =         0.0000  VDWAALS    =     23902.6280
 EELEC  =   -132440.7218  EHBOND  =         0.0000  RESTRAINT  =         0.0000
 DV/DL  =         4.7572
 ------------------------------------------------------------------------------

  Softcore part of the system:       7 atoms,       TEMP(K)    =           0.00
 SC_Etot=         8.3322  SC_EKtot=         0.0000  SC_EPtot   =         8.3322
 SC_BOND=         0.0115  SC_ANGLE=         2.7863  SC_DIHED   =         5.2198
 SC_14NB=         0.3146  SC_14EEL=         0.0000  SC_VDW     =         0.0000
 SC_EEL =         0.0000
 SC_RES_DIST=     0.0000  SC_RES_ANG=       0.0000  SC_RES_TORS=         0.0000
 SC_EEL_DER=      0.0000  SC_VDW_DER=       0.0167  SC_DERIV   =         0.0167
 ------------------------------------------------------------------------------


| TI region  2


 NSTEP =        0   TIME(PS) =       0.000  TEMP(K) =     0.00  PRESS =     0.0
 Etot   =    -99437.4848  EKtot   =         0.0000  EPtot      =    -99437.4848
 BOND   =      9100.6090  ANGLE   =        -0.0000  DIHED      =        -0.0000
 1-4 NB =         0.0000  1-4 EEL =         0.0000  VDWAALS    =     23902.6280
 EELEC  =   -132440.7218  EHBOND  =         0.0000  RESTRAINT  =         0.0000
 DV/DL  =         4.7572
 ------------------------------------------------------------------------------

 NMR restraints: Bond =    0.000   Angle =     0.000   Torsion =     0.000
===============================================================================

| TI region  1


 NSTEP =     5000   TIME(PS) =       5.000  TEMP(K) =     7.52  PRESS =     0.0
 Etot   =    -99753.1653  EKtot   =       467.2006  EPtot      =   -100220.3659
 BOND   =      9581.3072  ANGLE   =        -0.0000  DIHED      =         0.0000
 1-4 NB =         0.0000  1-4 EEL =         0.0000  VDWAALS    =     25335.6044
 EELEC  =   -135137.2775  EHBOND  =         0.0000  RESTRAINT  =         0.0000
 DV/DL  =         7.1509
 ------------------------------------------------------------------------------

  Softcore part of the system:       7 atoms,       TEMP(K)    =           6.92
 SC_Etot=         8.6263  SC_EKtot=         0.1444  SC_EPtot   =         8.4819
 SC_BOND=         0.0868  SC_ANGLE=         2.8610  SC_DIHED   =         5.2231
 SC_14NB=         0.3109  SC_14EEL=         0.0000  SC_VDW     =         0.0000
 SC_EEL =         0.0000
 SC_RES_DIST=     0.0000  SC_RES_ANG=       0.0000  SC_RES_TORS=         0.0000
 SC_EEL_DER=      0.0000  SC_VDW_DER=      -0.2656  SC_DERIV   =        -0.2656
 ------------------------------------------------------------------------------


| TI region  2


 NSTEP =     5000   TIME(PS) =       5.000  TEMP(K) =     7.52  PRESS =     0.0
 Etot   =    -99753.3097  EKtot   =       467.0562  EPtot      =   -100220.3659
 BOND   =      9581.3072  ANGLE   =        -0.0000  DIHED      =         0.0000
 1-4 NB =         0.0000  1-4 EEL =         0.0000  VDWAALS    =     25335.6044
 EELEC  =   -135137.2775  EHBOND  =         0.0000  RESTRAINT  =         0.0000
 DV/DL  =         7.1509
 ------------------------------------------------------------------------------

 NMR restraints: Bond =    0.000   Angle =     0.000   Torsion =     0.000
===============================================================================

| TI region  1


 NSTEP =    10000   TIME(PS) =      10.000  TEMP(K) =    15.17  PRESS =     0.0
 Etot   =    -98919.2271  EKtot   =       942.6314  EPtot      =    -99861.8585
 BOND   =      9784.4273  ANGLE   =        -0.0000  DIHED      =         0.0000
 1-4 NB =         0.0000  1-4 EEL =         0.0000  VDWAALS    =     25518.1516
 EELEC  =   -135164.4373  EHBOND  =         0.0000  RESTRAINT  =         0.0000
 DV/DL  =         7.1024
 ------------------------------------------------------------------------------

  Softcore part of the system:       7 atoms,       TEMP(K)    =          12.12
 SC_Etot=         8.7662  SC_EKtot=         0.2529  SC_EPtot   =         8.5132
 SC_BOND=         0.1260  SC_ANGLE=         2.8503  SC_DIHED   =         5.2310
 SC_14NB=         0.3058  SC_14EEL=         0.0000  SC_VDW     =         0.0000
 SC_EEL =         0.0000
 SC_RES_DIST=     0.0000  SC_RES_ANG=       0.0000  SC_RES_TORS=         0.0000
 SC_EEL_DER=      0.0000  SC_VDW_DER=      -0.1538  SC_DERIV   =        -0.1538
 ------------------------------------------------------------------------------


| TI region  2


 NSTEP =    10000   TIME(PS) =      10.000  TEMP(K) =    15.17  PRESS =     0.0
 Etot   =    -98919.4800  EKtot   =       942.3785  EPtot      =    -99861.8585
 BOND   =      9784.4273  ANGLE   =        -0.0000  DIHED      =         0.0000
 1-4 NB =         0.0000  1-4 EEL =         0.0000  VDWAALS    =     25518.1516
 EELEC  =   -135164.4373  EHBOND  =         0.0000  RESTRAINT  =         0.0000
 DV/DL  =         7.1024
 ------------------------------------------------------------------------------

 NMR restraints: Bond =    0.000   Angle =     0.000   Torsion =     0.000
===============================================================================

| TI region  1


 NSTEP =    15000   TIME(PS) =      15.000  TEMP(K) =    22.84  PRESS =     0.0
 Etot   =    -98123.1795  EKtot   =      1419.3770  EPtot      =    -99542.5565
 BOND   =     10011.8189  ANGLE   =        -0.0000  DIHED      =        -0.0000
 1-4 NB =         0.0000  1-4 EEL =         0.0000  VDWAALS    =     25551.3250
 EELEC  =   -135105.7003  EHBOND  =         0.0000  RESTRAINT  =         0.0000
 DV/DL  =         6.9732
 ------------------------------------------------------------------------------

  Softcore part of the system:       7 atoms,       TEMP(K)    =          38.11
 SC_Etot=         9.3359  SC_EKtot=         0.7951  SC_EPtot   =         8.5408
 SC_BOND=         0.1545  SC_ANGLE=         2.8916  SC_DIHED   =         5.2245
 SC_14NB=         0.2702  SC_14EEL=         0.0000  SC_VDW     =         0.0000
 SC_EEL =         0.0000
 SC_RES_DIST=     0.0000  SC_RES_ANG=       0.0000  SC_RES_TORS=         0.0000
 SC_EEL_DER=      0.0000  SC_VDW_DER=      -0.4953  SC_DERIV   =        -0.4953
 ------------------------------------------------------------------------------


| TI region  2


 NSTEP =    15000   TIME(PS) =      15.000  TEMP(K) =    22.84  PRESS =     0.0
 Etot   =    -98123.9746  EKtot   =      1418.5818  EPtot      =    -99542.5565
 BOND   =     10011.8189  ANGLE   =        -0.0000  DIHED      =        -0.0000
 1-4 NB =         0.0000  1-4 EEL =         0.0000  VDWAALS    =     25551.3250
 EELEC  =   -135105.7003  EHBOND  =         0.0000  RESTRAINT  =         0.0000
 DV/DL  =         6.9732
 ------------------------------------------------------------------------------

 NMR restraints: Bond =    0.000   Angle =     0.000   Torsion =     0.000
===============================================================================

| TI region  1


 NSTEP =    20000   TIME(PS) =      20.000  TEMP(K) =    30.82  PRESS =     0.0
 Etot   =    -97249.5576  EKtot   =      1914.7722  EPtot      =    -99164.3298
 BOND   =     10165.4276  ANGLE   =         0.0000  DIHED      =        -0.0000
 1-4 NB =         0.0000  1-4 EEL =         0.0000  VDWAALS    =     25486.7383
 EELEC  =   -134816.4957  EHBOND  =         0.0000  RESTRAINT  =         0.0000
 DV/DL  =         6.9464
 ------------------------------------------------------------------------------

  Softcore part of the system:       7 atoms,       TEMP(K)    =          14.41
 SC_Etot=         8.9756  SC_EKtot=         0.3008  SC_EPtot   =         8.6749
 SC_BOND=         0.1861  SC_ANGLE=         2.9697  SC_DIHED   =         5.2318
 SC_14NB=         0.2872  SC_14EEL=         0.0000  SC_VDW     =         0.0000
 SC_EEL =         0.0000
 SC_RES_DIST=     0.0000  SC_RES_ANG=       0.0000  SC_RES_TORS=         0.0000
 SC_EEL_DER=      0.0000  SC_VDW_DER=      -0.1429  SC_DERIV   =        -0.1429
 ------------------------------------------------------------------------------


| TI region  2


 NSTEP =    20000   TIME(PS) =      20.000  TEMP(K) =    30.82  PRESS =     0.0
 Etot   =    -97249.8583  EKtot   =      1914.4715  EPtot      =    -99164.3298
 BOND   =     10165.4276  ANGLE   =         0.0000  DIHED      =        -0.0000
 1-4 NB =         0.0000  1-4 EEL =         0.0000  VDWAALS    =     25486.7383
 EELEC  =   -134816.4957  EHBOND  =         0.0000  RESTRAINT  =         0.0000
 DV/DL  =         6.9464
 ------------------------------------------------------------------------------

 NMR restraints: Bond =    0.000   Angle =     0.000   Torsion =     0.000
===============================================================================

| TI region  1


 NSTEP =    25000   TIME(PS) =      25.000  TEMP(K) =    38.97  PRESS =     0.0
 Etot   =    -96369.3546  EKtot   =      2421.3064  EPtot      =    -98790.6610
 BOND   =     10393.7447  ANGLE   =         0.0000  DIHED      =        -0.0000
 1-4 NB =         0.0000  1-4 EEL =         0.0000  VDWAALS    =     25565.7717
 EELEC  =   -134750.1773  EHBOND  =         0.0000  RESTRAINT  =         0.0000
 DV/DL  =         6.7805
 ------------------------------------------------------------------------------

  Softcore part of the system:       7 atoms,       TEMP(K)    =          20.25
 SC_Etot=         9.3338  SC_EKtot=         0.4225  SC_EPtot   =         8.9113
 SC_BOND=         0.2015  SC_ANGLE=         3.2340  SC_DIHED   =         5.2085
 SC_14NB=         0.2673  SC_14EEL=         0.0000  SC_VDW     =         0.0000
 SC_EEL =         0.0000
 SC_RES_DIST=     0.0000  SC_RES_ANG=       0.0000  SC_RES_TORS=         0.0000
 SC_EEL_DER=      0.0000  SC_VDW_DER=      -0.1815  SC_DERIV   =        -0.1815
 ------------------------------------------------------------------------------


| TI region  2


 NSTEP =    25000   TIME(PS) =      25.000  TEMP(K) =    38.98  PRESS =     0.0
 Etot   =    -96369.7771  EKtot   =      2420.8839  EPtot      =    -98790.6610
 BOND   =     10393.7447  ANGLE   =         0.0000  DIHED      =        -0.0000
 1-4 NB =         0.0000  1-4 EEL =         0.0000  VDWAALS    =     25565.7717
 EELEC  =   -134750.1773  EHBOND  =         0.0000  RESTRAINT  =         0.0000
 DV/DL  =         6.7805
 ------------------------------------------------------------------------------

 NMR restraints: Bond =    0.000   Angle =     0.000   Torsion =     0.000
===============================================================================

| TI region  1


 NSTEP =    30000   TIME(PS) =      30.000  TEMP(K) =    46.83  PRESS =     0.0
 Etot   =    -95532.7500  EKtot   =      2909.9587  EPtot      =    -98442.7087
 BOND   =     10507.0500  ANGLE   =         0.0000  DIHED      =        -0.0000
 1-4 NB =         0.0000  1-4 EEL =         0.0000  VDWAALS    =     25503.0227
 EELEC  =   -134452.7815  EHBOND  =         0.0000  RESTRAINT  =         0.0000
 DV/DL  =         7.1730
 ------------------------------------------------------------------------------

  Softcore part of the system:       7 atoms,       TEMP(K)    =          50.79
 SC_Etot=         9.6792  SC_EKtot=         1.0597  SC_EPtot   =         8.6196
 SC_BOND=         0.0649  SC_ANGLE=         2.9859  SC_DIHED   =         5.2172
 SC_14NB=         0.3515  SC_14EEL=         0.0000  SC_VDW     =         0.0000
 SC_EEL =         0.0000
 SC_RES_DIST=     0.0000  SC_RES_ANG=       0.0000  SC_RES_TORS=         0.0000
 SC_EEL_DER=      0.0000  SC_VDW_DER=      -0.0593  SC_DERIV   =        -0.0593
 ------------------------------------------------------------------------------


| TI region  2


 NSTEP =    30000   TIME(PS) =      30.000  TEMP(K) =    46.83  PRESS =     0.0
 Etot   =    -95533.8097  EKtot   =      2908.8991  EPtot      =    -98442.7087
 BOND   =     10507.0500  ANGLE   =         0.0000  DIHED      =        -0.0000
 1-4 NB =         0.0000  1-4 EEL =         0.0000  VDWAALS    =     25503.0227
 EELEC  =   -134452.7815  EHBOND  =         0.0000  RESTRAINT  =         0.0000
 DV/DL  =         7.1730
 ------------------------------------------------------------------------------

 NMR restraints: Bond =    0.000   Angle =     0.000   Torsion =     0.000
===============================================================================

| TI region  1


 NSTEP =    35000   TIME(PS) =      35.000  TEMP(K) =    54.43  PRESS =     0.0
 Etot   =    -94681.3468  EKtot   =      3382.1343  EPtot      =    -98063.4811
 BOND   =     10591.2404  ANGLE   =         0.0000  DIHED      =         0.0000
 1-4 NB =         0.0000  1-4 EEL =         0.0000  VDWAALS    =     25544.5290
 EELEC  =   -134199.2504  EHBOND  =         0.0000  RESTRAINT  =         0.0000
 DV/DL  =         6.8839
 ------------------------------------------------------------------------------

  Softcore part of the system:       7 atoms,       TEMP(K)    =          72.44
 SC_Etot=        10.4275  SC_EKtot=         1.5114  SC_EPtot   =         8.9161
 SC_BOND=         0.2873  SC_ANGLE=         3.1450  SC_DIHED   =         5.2225
 SC_14NB=         0.2612  SC_14EEL=         0.0000  SC_VDW     =         0.0000
 SC_EEL =         0.0000
 SC_RES_DIST=     0.0000  SC_RES_ANG=       0.0000  SC_RES_TORS=         0.0000
 SC_EEL_DER=      0.0000  SC_VDW_DER=      -0.4709  SC_DERIV   =        -0.4709
 ------------------------------------------------------------------------------


| TI region  2


 NSTEP =    35000   TIME(PS) =      35.000  TEMP(K) =    54.43  PRESS =     0.0
 Etot   =    -94682.8582  EKtot   =      3380.6229  EPtot      =    -98063.4811
 BOND   =     10591.2404  ANGLE   =         0.0000  DIHED      =         0.0000
 1-4 NB =         0.0000  1-4 EEL =         0.0000  VDWAALS    =     25544.5290
 EELEC  =   -134199.2504  EHBOND  =         0.0000  RESTRAINT  =         0.0000
 DV/DL  =         6.8839
 ------------------------------------------------------------------------------

 NMR restraints: Bond =    0.000   Angle =     0.000   Torsion =     0.000
===============================================================================

| TI region  1


 NSTEP =    40000   TIME(PS) =      40.000  TEMP(K) =    63.19  PRESS =     0.0
 Etot   =    -93744.7640  EKtot   =      3926.4229  EPtot      =    -97671.1869
 BOND   =     10844.3813  ANGLE   =         0.0000  DIHED      =         0.0000
 1-4 NB =         0.0000  1-4 EEL =         0.0000  VDWAALS    =     25601.8114
 EELEC  =   -134117.3796  EHBOND  =         0.0000  RESTRAINT  =         0.0000
 DV/DL  =         6.0236
 ------------------------------------------------------------------------------

  Softcore part of the system:       7 atoms,       TEMP(K)    =          52.32
 SC_Etot=        10.2257  SC_EKtot=         1.0917  SC_EPtot   =         9.1340
 SC_BOND=         0.1304  SC_ANGLE=         3.2930  SC_DIHED   =         5.2366
 SC_14NB=         0.4740  SC_14EEL=         0.0000  SC_VDW     =         0.0000
 SC_EEL =         0.0000
 SC_RES_DIST=     0.0000  SC_RES_ANG=       0.0000  SC_RES_TORS=         0.0000
 SC_EEL_DER=      0.0000  SC_VDW_DER=      -0.5724  SC_DERIV   =        -0.5724
 ------------------------------------------------------------------------------


| TI region  2


 NSTEP =    40000   TIME(PS) =      40.000  TEMP(K) =    63.20  PRESS =     0.0
 Etot   =    -93745.8557  EKtot   =      3925.3312  EPtot      =    -97671.1869
 BOND   =     10844.3813  ANGLE   =         0.0000  DIHED      =         0.0000
 1-4 NB =         0.0000  1-4 EEL =         0.0000  VDWAALS    =     25601.8114
 EELEC  =   -134117.3796  EHBOND  =         0.0000  RESTRAINT  =         0.0000
 DV/DL  =         6.0236
 ------------------------------------------------------------------------------

 NMR restraints: Bond =    0.000   Angle =     0.000   Torsion =     0.000
===============================================================================

| TI region  1


 NSTEP =    45000   TIME(PS) =      45.000  TEMP(K) =    70.65  PRESS =     0.0
 Etot   =    -92889.3498  EKtot   =      4390.1079  EPtot      =    -97279.4577
 BOND   =     11117.1568  ANGLE   =        -0.0000  DIHED      =        -0.0000
 1-4 NB =         0.0000  1-4 EEL =         0.0000  VDWAALS    =     25541.2569
 EELEC  =   -133937.8714  EHBOND  =         0.0000  RESTRAINT  =         0.0000
 DV/DL  =         6.7958
 ------------------------------------------------------------------------------

  Softcore part of the system:       7 atoms,       TEMP(K)    =          57.00
 SC_Etot=        10.3756  SC_EKtot=         1.1894  SC_EPtot   =         9.1862
 SC_BOND=         0.2118  SC_ANGLE=         3.5868  SC_DIHED   =         5.2434
 SC_14NB=         0.1442  SC_14EEL=         0.0000  SC_VDW     =         0.0000
 SC_EEL =         0.0000
 SC_RES_DIST=     0.0000  SC_RES_ANG=       0.0000  SC_RES_TORS=         0.0000
 SC_EEL_DER=      0.0000  SC_VDW_DER=      -0.0777  SC_DERIV   =        -0.0777
 ------------------------------------------------------------------------------


| TI region  2


 NSTEP =    45000   TIME(PS) =      45.000  TEMP(K) =    70.66  PRESS =     0.0
 Etot   =    -92890.5392  EKtot   =      4388.9185  EPtot      =    -97279.4577
 BOND   =     11117.1568  ANGLE   =        -0.0000  DIHED      =        -0.0000
 1-4 NB =         0.0000  1-4 EEL =         0.0000  VDWAALS    =     25541.2569
 EELEC  =   -133937.8714  EHBOND  =         0.0000  RESTRAINT  =         0.0000
 DV/DL  =         6.7958
 ------------------------------------------------------------------------------

 NMR restraints: Bond =    0.000   Angle =     0.000   Torsion =     0.000
===============================================================================

| TI region  1


 NSTEP =    50000   TIME(PS) =      50.000  TEMP(K) =    77.90  PRESS =     0.0
 Etot   =    -92060.7800  EKtot   =      4840.4160  EPtot      =    -96901.1961
 BOND   =     11234.6653  ANGLE   =        -0.0000  DIHED      =        -0.0000
 1-4 NB =         0.0000  1-4 EEL =         0.0000  VDWAALS    =     25312.1038
 EELEC  =   -133447.9652  EHBOND  =         0.0000  RESTRAINT  =         0.0000
 DV/DL  =         7.1807
 ------------------------------------------------------------------------------

  Softcore part of the system:       7 atoms,       TEMP(K)    =          59.92
 SC_Etot=        11.5730  SC_EKtot=         1.2503  SC_EPtot   =        10.3227
 SC_BOND=         0.5028  SC_ANGLE=         4.3703  SC_DIHED   =         5.2360
 SC_14NB=         0.2136  SC_14EEL=         0.0000  SC_VDW     =         0.0000
 SC_EEL =         0.0000
 SC_RES_DIST=     0.0000  SC_RES_ANG=       0.0000  SC_RES_TORS=         0.0000
 SC_EEL_DER=      0.0000  SC_VDW_DER=      -0.1912  SC_DERIV   =        -0.1912
 ------------------------------------------------------------------------------


| TI region  2


 NSTEP =    50000   TIME(PS) =      50.000  TEMP(K) =    77.91  PRESS =     0.0
 Etot   =    -92062.0304  EKtot   =      4839.1657  EPtot      =    -96901.1961
 BOND   =     11234.6653  ANGLE   =        -0.0000  DIHED      =        -0.0000
 1-4 NB =         0.0000  1-4 EEL =         0.0000  VDWAALS    =     25312.1038
 EELEC  =   -133447.9652  EHBOND  =         0.0000  RESTRAINT  =         0.0000
 DV/DL  =         7.1807
 ------------------------------------------------------------------------------

 NMR restraints: Bond =    0.000   Angle =     0.000   Torsion =     0.000
===============================================================================

| TI region  1


 NSTEP =    55000   TIME(PS) =      55.000  TEMP(K) =    86.63  PRESS =     0.0
 Etot   =    -91135.7462  EKtot   =      5382.9951  EPtot      =    -96518.7413
 BOND   =     11327.1096  ANGLE   =         0.0000  DIHED      =        -0.0000
 1-4 NB =         0.0000  1-4 EEL =         0.0000  VDWAALS    =     25599.8921
 EELEC  =   -133445.7430  EHBOND  =         0.0000  RESTRAINT  =         0.0000
 DV/DL  =         6.2931
 ------------------------------------------------------------------------------

  Softcore part of the system:       7 atoms,       TEMP(K)    =          74.57
 SC_Etot=        11.2896  SC_EKtot=         1.5560  SC_EPtot   =         9.7336
 SC_BOND=         0.9654  SC_ANGLE=         3.0683  SC_DIHED   =         5.2257
 SC_14NB=         0.4743  SC_14EEL=         0.0000  SC_VDW     =         0.0000
 SC_EEL =         0.0000
 SC_RES_DIST=     0.0000  SC_RES_ANG=       0.0000  SC_RES_TORS=         0.0000
 SC_EEL_DER=      0.0000  SC_VDW_DER=      -0.1727  SC_DERIV   =        -0.1727
 ------------------------------------------------------------------------------


| TI region  2


 NSTEP =    55000   TIME(PS) =      55.000  TEMP(K) =    86.64  PRESS =     0.0
 Etot   =    -91137.3021  EKtot   =      5381.4392  EPtot      =    -96518.7413
 BOND   =     11327.1096  ANGLE   =         0.0000  DIHED      =        -0.0000
 1-4 NB =         0.0000  1-4 EEL =         0.0000  VDWAALS    =     25599.8921
 EELEC  =   -133445.7430  EHBOND  =         0.0000  RESTRAINT  =         0.0000
 DV/DL  =         6.2931
 ------------------------------------------------------------------------------

 NMR restraints: Bond =    0.000   Angle =     0.000   Torsion =     0.000
===============================================================================

| TI region  1


 NSTEP =    60000   TIME(PS) =      60.000  TEMP(K) =    93.40  PRESS =     0.0
 Etot   =    -90272.8264  EKtot   =      5803.6611  EPtot      =    -96076.4876
 BOND   =     11496.0875  ANGLE   =        -0.0000  DIHED      =        -0.0000
 1-4 NB =         0.0000  1-4 EEL =         0.0000  VDWAALS    =     25266.7399
 EELEC  =   -132839.3149  EHBOND  =         0.0000  RESTRAINT  =         0.0000
 DV/DL  =         5.8214
 ------------------------------------------------------------------------------

  Softcore part of the system:       7 atoms,       TEMP(K)    =         118.88
 SC_Etot=        11.4067  SC_EKtot=         2.4804  SC_EPtot   =         8.9263
 SC_BOND=         0.3382  SC_ANGLE=         3.0113  SC_DIHED   =         5.2131
 SC_14NB=         0.3638  SC_14EEL=         0.0000  SC_VDW     =         0.0000
 SC_EEL =         0.0000
 SC_RES_DIST=     0.0000  SC_RES_ANG=       0.0000  SC_RES_TORS=         0.0000
 SC_EEL_DER=      0.0000  SC_VDW_DER=      -1.0092  SC_DERIV   =        -1.0092
 ------------------------------------------------------------------------------


| TI region  2


 NSTEP =    60000   TIME(PS) =      60.000  TEMP(K) =    93.40  PRESS =     0.0
 Etot   =    -90275.3068  EKtot   =      5801.1807  EPtot      =    -96076.4876
 BOND   =     11496.0875  ANGLE   =        -0.0000  DIHED      =        -0.0000
 1-4 NB =         0.0000  1-4 EEL =         0.0000  VDWAALS    =     25266.7399
 EELEC  =   -132839.3149  EHBOND  =         0.0000  RESTRAINT  =         0.0000
 DV/DL  =         5.8214
 ------------------------------------------------------------------------------

 NMR restraints: Bond =    0.000   Angle =     0.000   Torsion =     0.000
===============================================================================

| TI region  1


 NSTEP =    65000   TIME(PS) =      65.000  TEMP(K) =   102.11  PRESS =     0.0
 Etot   =    -89298.8100  EKtot   =      6344.6904  EPtot      =    -95643.5004
 BOND   =     11698.3362  ANGLE   =        -0.0000  DIHED      =        -0.0000
 1-4 NB =         0.0000  1-4 EEL =         0.0000  VDWAALS    =     25267.4487
 EELEC  =   -132609.2853  EHBOND  =         0.0000  RESTRAINT  =         0.0000
 DV/DL  =         6.5079
 ------------------------------------------------------------------------------

  Softcore part of the system:       7 atoms,       TEMP(K)    =          76.17
 SC_Etot=        10.9048  SC_EKtot=         1.5892  SC_EPtot   =         9.3155
 SC_BOND=         0.4298  SC_ANGLE=         3.2795  SC_DIHED   =         5.2280
 SC_14NB=         0.3782  SC_14EEL=         0.0000  SC_VDW     =         0.0000
 SC_EEL =         0.0000
 SC_RES_DIST=     0.0000  SC_RES_ANG=       0.0000  SC_RES_TORS=         0.0000
 SC_EEL_DER=      0.0000  SC_VDW_DER=       0.0139  SC_DERIV   =         0.0139
 ------------------------------------------------------------------------------


| TI region  2


 NSTEP =    65000   TIME(PS) =      65.000  TEMP(K) =   102.12  PRESS =     0.0
 Etot   =    -89300.3992  EKtot   =      6343.1012  EPtot      =    -95643.5004
 BOND   =     11698.3362  ANGLE   =        -0.0000  DIHED      =        -0.0000
 1-4 NB =         0.0000  1-4 EEL =         0.0000  VDWAALS    =     25267.4487
 EELEC  =   -132609.2853  EHBOND  =         0.0000  RESTRAINT  =         0.0000
 DV/DL  =         6.5079
 ------------------------------------------------------------------------------

 NMR restraints: Bond =    0.000   Angle =     0.000   Torsion =     0.000
===============================================================================

| TI region  1


 NSTEP =    70000   TIME(PS) =      70.000  TEMP(K) =   110.20  PRESS =     0.0
 Etot   =    -88424.2383  EKtot   =      6847.4409  EPtot      =    -95271.6792
 BOND   =     11800.2703  ANGLE   =         0.0000  DIHED      =        -0.0000
 1-4 NB =         0.0000  1-4 EEL =         0.0000  VDWAALS    =     25184.1944
 EELEC  =   -132256.1439  EHBOND  =         0.0000  RESTRAINT  =         0.0000
 DV/DL  =         6.4849
 ------------------------------------------------------------------------------

  Softcore part of the system:       7 atoms,       TEMP(K)    =         114.57
 SC_Etot=        12.7081  SC_EKtot=         2.3907  SC_EPtot   =        10.3175
 SC_BOND=         1.2483  SC_ANGLE=         3.2602  SC_DIHED   =         5.2295
 SC_14NB=         0.5794  SC_14EEL=         0.0000  SC_VDW     =         0.0000
 SC_EEL =         0.0000
 SC_RES_DIST=     0.0000  SC_RES_ANG=       0.0000  SC_RES_TORS=         0.0000
 SC_EEL_DER=      0.0000  SC_VDW_DER=      -0.4499  SC_DERIV   =        -0.4499
 ------------------------------------------------------------------------------


| TI region  2


 NSTEP =    70000   TIME(PS) =      70.000  TEMP(K) =   110.20  PRESS =     0.0
 Etot   =    -88426.6289  EKtot   =      6845.0503  EPtot      =    -95271.6792
 BOND   =     11800.2703  ANGLE   =         0.0000  DIHED      =        -0.0000
 1-4 NB =         0.0000  1-4 EEL =         0.0000  VDWAALS    =     25184.1944
 EELEC  =   -132256.1439  EHBOND  =         0.0000  RESTRAINT  =         0.0000
 DV/DL  =         6.4849
 ------------------------------------------------------------------------------

 NMR restraints: Bond =    0.000   Angle =     0.000   Torsion =     0.000
===============================================================================

| TI region  1


 NSTEP =    75000   TIME(PS) =      75.000  TEMP(K) =   118.25  PRESS =     0.0
 Etot   =    -87511.2514  EKtot   =      7347.4321  EPtot      =    -94858.6836
 BOND   =     11931.2220  ANGLE   =        -0.0000  DIHED      =        -0.0000
 1-4 NB =         0.0000  1-4 EEL =         0.0000  VDWAALS    =     25165.7803
 EELEC  =   -131955.6859  EHBOND  =         0.0000  RESTRAINT  =         0.0000
 DV/DL  =         4.4943
 ------------------------------------------------------------------------------

  Softcore part of the system:       7 atoms,       TEMP(K)    =         129.12
 SC_Etot=        12.2011  SC_EKtot=         2.6941  SC_EPtot   =         9.5070
 SC_BOND=         0.6786  SC_ANGLE=         3.4326  SC_DIHED   =         5.2096
 SC_14NB=         0.1862  SC_14EEL=         0.0000  SC_VDW     =         0.0000
 SC_EEL =         0.0000
 SC_RES_DIST=     0.0000  SC_RES_ANG=       0.0000  SC_RES_TORS=         0.0000
 SC_EEL_DER=      0.0000  SC_VDW_DER=      -1.0614  SC_DERIV   =        -1.0614
 ------------------------------------------------------------------------------


| TI region  2


 NSTEP =    75000   TIME(PS) =      75.000  TEMP(K) =   118.25  PRESS =     0.0
 Etot   =    -87513.9456  EKtot   =      7344.7380  EPtot      =    -94858.6836
 BOND   =     11931.2220  ANGLE   =        -0.0000  DIHED      =        -0.0000
 1-4 NB =         0.0000  1-4 EEL =         0.0000  VDWAALS    =     25165.7803
 EELEC  =   -131955.6859  EHBOND  =         0.0000  RESTRAINT  =         0.0000
 DV/DL  =         4.4943
 ------------------------------------------------------------------------------

 NMR restraints: Bond =    0.000   Angle =     0.000   Torsion =     0.000
===============================================================================

| TI region  1


 NSTEP =    80000   TIME(PS) =      80.000  TEMP(K) =   126.18  PRESS =     0.0
 Etot   =    -86732.0763  EKtot   =      7840.3545  EPtot      =    -94572.4308
 BOND   =     12179.2839  ANGLE   =         0.0000  DIHED      =         0.0000
 1-4 NB =         0.0000  1-4 EEL =         0.0000  VDWAALS    =     25208.7449
 EELEC  =   -131960.4596  EHBOND  =         0.0000  RESTRAINT  =         0.0000
 DV/DL  =         5.9596
 ------------------------------------------------------------------------------

  Softcore part of the system:       7 atoms,       TEMP(K)    =         107.45
 SC_Etot=        11.9897  SC_EKtot=         2.2419  SC_EPtot   =         9.7478
 SC_BOND=         0.4846  SC_ANGLE=         3.5921  SC_DIHED   =         5.2207
 SC_14NB=         0.4504  SC_14EEL=         0.0000  SC_VDW     =         0.0000
 SC_EEL =         0.0000
 SC_RES_DIST=     0.0000  SC_RES_ANG=       0.0000  SC_RES_TORS=         0.0000
 SC_EEL_DER=      0.0000  SC_VDW_DER=      -0.1199  SC_DERIV   =        -0.1199
 ------------------------------------------------------------------------------


| TI region  2


 NSTEP =    80000   TIME(PS) =      80.000  TEMP(K) =   126.19  PRESS =     0.0
 Etot   =    -86734.3182  EKtot   =      7838.1126  EPtot      =    -94572.4308
 BOND   =     12179.2839  ANGLE   =         0.0000  DIHED      =         0.0000
 1-4 NB =         0.0000  1-4 EEL =         0.0000  VDWAALS    =     25208.7449
 EELEC  =   -131960.4596  EHBOND  =         0.0000  RESTRAINT  =         0.0000
 DV/DL  =         5.9596
 ------------------------------------------------------------------------------

 NMR restraints: Bond =    0.000   Angle =     0.000   Torsion =     0.000
===============================================================================

| TI region  1


 NSTEP =    85000   TIME(PS) =      85.000  TEMP(K) =   133.25  PRESS =     0.0
 Etot   =    -85849.2624  EKtot   =      8279.1904  EPtot      =    -94128.4528
 BOND   =     12400.6149  ANGLE   =         0.0000  DIHED      =        -0.0000
 1-4 NB =         0.0000  1-4 EEL =         0.0000  VDWAALS    =     25147.0739
 EELEC  =   -131676.1416  EHBOND  =         0.0000  RESTRAINT  =         0.0000
 DV/DL  =         5.1953
 ------------------------------------------------------------------------------

  Softcore part of the system:       7 atoms,       TEMP(K)    =         155.70
 SC_Etot=        13.7570  SC_EKtot=         3.2488  SC_EPtot   =        10.5082
 SC_BOND=         1.3853  SC_ANGLE=         3.5314  SC_DIHED   =         5.2130
 SC_14NB=         0.3785  SC_14EEL=         0.0000  SC_VDW     =         0.0000
 SC_EEL =         0.0000
 SC_RES_DIST=     0.0000  SC_RES_ANG=       0.0000  SC_RES_TORS=         0.0000
 SC_EEL_DER=      0.0000  SC_VDW_DER=      -0.3250  SC_DERIV   =        -0.3250
 ------------------------------------------------------------------------------


| TI region  2


 NSTEP =    85000   TIME(PS) =      85.000  TEMP(K) =   133.24  PRESS =     0.0
 Etot   =    -85852.5112  EKtot   =      8275.9416  EPtot      =    -94128.4528
 BOND   =     12400.6149  ANGLE   =         0.0000  DIHED      =        -0.0000
 1-4 NB =         0.0000  1-4 EEL =         0.0000  VDWAALS    =     25147.0739
 EELEC  =   -131676.1416  EHBOND  =         0.0000  RESTRAINT  =         0.0000
 DV/DL  =         5.1953
 ------------------------------------------------------------------------------

 NMR restraints: Bond =    0.000   Angle =     0.000   Torsion =     0.000
===============================================================================

| TI region  1


 NSTEP =    90000   TIME(PS) =      90.000  TEMP(K) =   141.48  PRESS =     0.0
 Etot   =    -84852.1805  EKtot   =      8790.9697  EPtot      =    -93643.1502
 BOND   =     12555.5859  ANGLE   =        -0.0000  DIHED      =         0.0000
 1-4 NB =         0.0000  1-4 EEL =         0.0000  VDWAALS    =     25027.1990
 EELEC  =   -131225.9351  EHBOND  =         0.0000  RESTRAINT  =         0.0000
 DV/DL  =         4.3795
 ------------------------------------------------------------------------------

  Softcore part of the system:       7 atoms,       TEMP(K)    =         129.72
 SC_Etot=        12.0169  SC_EKtot=         2.7066  SC_EPtot   =         9.3103
 SC_BOND=         0.4757  SC_ANGLE=         3.2210  SC_DIHED   =         5.2948
 SC_14NB=         0.3187  SC_14EEL=         0.0000  SC_VDW     =         0.0000
 SC_EEL =         0.0000
 SC_RES_DIST=     0.0000  SC_RES_ANG=       0.0000  SC_RES_TORS=         0.0000
 SC_EEL_DER=     -0.0000  SC_VDW_DER=      -0.8107  SC_DERIV   =        -0.8107
 ------------------------------------------------------------------------------


| TI region  2


 NSTEP =    90000   TIME(PS) =      90.000  TEMP(K) =   141.49  PRESS =     0.0
 Etot   =    -84854.8871  EKtot   =      8788.2631  EPtot      =    -93643.1502
 BOND   =     12555.5859  ANGLE   =        -0.0000  DIHED      =         0.0000
 1-4 NB =         0.0000  1-4 EEL =         0.0000  VDWAALS    =     25027.1990
 EELEC  =   -131225.9351  EHBOND  =         0.0000  RESTRAINT  =         0.0000
 DV/DL  =         4.3795
 ------------------------------------------------------------------------------

 NMR restraints: Bond =    0.000   Angle =     0.000   Torsion =     0.000
===============================================================================

| TI region  1


 NSTEP =    95000   TIME(PS) =      95.000  TEMP(K) =   149.48  PRESS =     0.0
 Etot   =    -83872.0112  EKtot   =      9288.0869  EPtot      =    -93160.0981
 BOND   =     12708.2053  ANGLE   =        -0.0000  DIHED      =         0.0000
 1-4 NB =         0.0000  1-4 EEL =         0.0000  VDWAALS    =     24896.6874
 EELEC  =   -130764.9908  EHBOND  =         0.0000  RESTRAINT  =         0.0000
 DV/DL  =         6.3586
 ------------------------------------------------------------------------------

  Softcore part of the system:       7 atoms,       TEMP(K)    =         116.35
 SC_Etot=        14.6414  SC_EKtot=         2.4277  SC_EPtot   =        12.2137
 SC_BOND=         1.1298  SC_ANGLE=         5.4997  SC_DIHED   =         5.2274
 SC_14NB=         0.3568  SC_14EEL=         0.0000  SC_VDW     =         0.0000
 SC_EEL =         0.0000
 SC_RES_DIST=     0.0000  SC_RES_ANG=       0.0000  SC_RES_TORS=         0.0000
 SC_EEL_DER=      0.0000  SC_VDW_DER=      -0.0892  SC_DERIV   =        -0.0892
 ------------------------------------------------------------------------------


| TI region  2


 NSTEP =    95000   TIME(PS) =      95.000  TEMP(K) =   149.49  PRESS =     0.0
 Etot   =    -83874.4389  EKtot   =      9285.6592  EPtot      =    -93160.0981
 BOND   =     12708.2053  ANGLE   =        -0.0000  DIHED      =         0.0000
 1-4 NB =         0.0000  1-4 EEL =         0.0000  VDWAALS    =     24896.6874
 EELEC  =   -130764.9908  EHBOND  =         0.0000  RESTRAINT  =         0.0000
 DV/DL  =         6.3586
 ------------------------------------------------------------------------------

 NMR restraints: Bond =    0.000   Angle =     0.000   Torsion =     0.000
===============================================================================

| TI region  1


 NSTEP =   100000   TIME(PS) =     100.000  TEMP(K) =   156.60  PRESS =     0.0
 Etot   =    -82938.1975  EKtot   =      9730.5410  EPtot      =    -92668.7386
 BOND   =     12888.9675  ANGLE   =         0.0000  DIHED      =        -0.0000
 1-4 NB =         0.0000  1-4 EEL =         0.0000  VDWAALS    =     24497.5758
 EELEC  =   -130055.2819  EHBOND  =         0.0000  RESTRAINT  =         0.0000
 DV/DL  =         6.1237
 ------------------------------------------------------------------------------

  Softcore part of the system:       7 atoms,       TEMP(K)    =         128.08
 SC_Etot=        13.9543  SC_EKtot=         2.6726  SC_EPtot   =        11.2817
 SC_BOND=         1.5725  SC_ANGLE=         4.1843  SC_DIHED   =         5.2792
 SC_14NB=         0.2457  SC_14EEL=         0.0000  SC_VDW     =         0.0000
 SC_EEL =         0.0000
 SC_RES_DIST=     0.0000  SC_RES_ANG=       0.0000  SC_RES_TORS=         0.0000
 SC_EEL_DER=      0.0000  SC_VDW_DER=      -0.3195  SC_DERIV   =        -0.3195
 ------------------------------------------------------------------------------


| TI region  2


 NSTEP =   100000   TIME(PS) =     100.000  TEMP(K) =   156.61  PRESS =     0.0
 Etot   =    -82940.8701  EKtot   =      9727.8685  EPtot      =    -92668.7386
 BOND   =     12888.9675  ANGLE   =         0.0000  DIHED      =        -0.0000
 1-4 NB =         0.0000  1-4 EEL =         0.0000  VDWAALS    =     24497.5758
 EELEC  =   -130055.2819  EHBOND  =         0.0000  RESTRAINT  =         0.0000
 DV/DL  =         6.1237
 ------------------------------------------------------------------------------

 NMR restraints: Bond =    0.000   Angle =     0.000   Torsion =     0.000
===============================================================================

| TI region  1


 NSTEP =   105000   TIME(PS) =     105.000  TEMP(K) =   165.66  PRESS =     0.0
 Etot   =    -82000.2770  EKtot   =     10293.3486  EPtot      =    -92293.6256
 BOND   =     12927.2553  ANGLE   =         0.0000  DIHED      =         0.0000
 1-4 NB =         0.0000  1-4 EEL =         0.0000  VDWAALS    =     24734.2934
 EELEC  =   -129955.1743  EHBOND  =         0.0000  RESTRAINT  =         0.0000
 DV/DL  =         4.8528
 ------------------------------------------------------------------------------

  Softcore part of the system:       7 atoms,       TEMP(K)    =         154.46
 SC_Etot=        13.9951  SC_EKtot=         3.2229  SC_EPtot   =        10.7722
 SC_BOND=         1.5604  SC_ANGLE=         3.8458  SC_DIHED   =         5.2385
 SC_14NB=         0.1276  SC_14EEL=         0.0000  SC_VDW     =         0.0000
 SC_EEL =         0.0000
 SC_RES_DIST=     0.0000  SC_RES_ANG=       0.0000  SC_RES_TORS=         0.0000
 SC_EEL_DER=      0.0000  SC_VDW_DER=      -1.0328  SC_DERIV   =        -1.0328
 ------------------------------------------------------------------------------


| TI region  2


 NSTEP =   105000   TIME(PS) =     105.000  TEMP(K) =   165.67  PRESS =     0.0
 Etot   =    -82003.4999  EKtot   =     10290.1258  EPtot      =    -92293.6256
 BOND   =     12927.2553  ANGLE   =         0.0000  DIHED      =         0.0000
 1-4 NB =         0.0000  1-4 EEL =         0.0000  VDWAALS    =     24734.2934
 EELEC  =   -129955.1743  EHBOND  =         0.0000  RESTRAINT  =         0.0000
 DV/DL  =         4.8528
 ------------------------------------------------------------------------------

 NMR restraints: Bond =    0.000   Angle =     0.000   Torsion =     0.000
===============================================================================

| TI region  1


 NSTEP =   110000   TIME(PS) =     110.000  TEMP(K) =   172.56  PRESS =     0.0
 Etot   =    -81115.2089  EKtot   =     10721.8623  EPtot      =    -91837.0712
 BOND   =     13184.8602  ANGLE   =         0.0000  DIHED      =        -0.0000
 1-4 NB =         0.0000  1-4 EEL =         0.0000  VDWAALS    =     24639.6058
 EELEC  =   -129661.5372  EHBOND  =         0.0000  RESTRAINT  =         0.0000
 DV/DL  =         2.6646
 ------------------------------------------------------------------------------

  Softcore part of the system:       7 atoms,       TEMP(K)    =         225.46
 SC_Etot=        13.7309  SC_EKtot=         4.7043  SC_EPtot   =         9.0266
 SC_BOND=         0.2162  SC_ANGLE=         3.2299  SC_DIHED   =         5.2130
 SC_14NB=         0.3675  SC_14EEL=         0.0000  SC_VDW     =         0.0000
 SC_EEL =         0.0000
 SC_RES_DIST=     0.0000  SC_RES_ANG=       0.0000  SC_RES_TORS=         0.0000
 SC_EEL_DER=      0.0000  SC_VDW_DER=      -2.3552  SC_DERIV   =        -2.3552
 ------------------------------------------------------------------------------


| TI region  2


 NSTEP =   110000   TIME(PS) =     110.000  TEMP(K) =   172.54  PRESS =     0.0
 Etot   =    -81119.9132  EKtot   =     10717.1580  EPtot      =    -91837.0712
 BOND   =     13184.8602  ANGLE   =         0.0000  DIHED      =        -0.0000
 1-4 NB =         0.0000  1-4 EEL =         0.0000  VDWAALS    =     24639.6058
 EELEC  =   -129661.5372  EHBOND  =         0.0000  RESTRAINT  =         0.0000
 DV/DL  =         2.6646
 ------------------------------------------------------------------------------

 NMR restraints: Bond =    0.000   Angle =     0.000   Torsion =     0.000
===============================================================================

| TI region  1


 NSTEP =   115000   TIME(PS) =     115.000  TEMP(K) =   181.78  PRESS =     0.0
 Etot   =    -80123.9954  EKtot   =     11294.6240  EPtot      =    -91418.6194
 BOND   =     13311.7990  ANGLE   =         0.0000  DIHED      =        -0.0000
 1-4 NB =         0.0000  1-4 EEL =         0.0000  VDWAALS    =     24404.8302
 EELEC  =   -129135.2486  EHBOND  =         0.0000  RESTRAINT  =         0.0000
 DV/DL  =         4.8982
 ------------------------------------------------------------------------------

  Softcore part of the system:       7 atoms,       TEMP(K)    =         179.37
 SC_Etot=        16.8006  SC_EKtot=         3.7427  SC_EPtot   =        13.0579
 SC_BOND=         1.1225  SC_ANGLE=         5.9909  SC_DIHED   =         5.3231
 SC_14NB=         0.6214  SC_14EEL=         0.0000  SC_VDW     =         0.0000
 SC_EEL =         0.0000
 SC_RES_DIST=     0.0000  SC_RES_ANG=       0.0000  SC_RES_TORS=         0.0000
 SC_EEL_DER=      0.0000  SC_VDW_DER=      -0.5096  SC_DERIV   =        -0.5096
 ------------------------------------------------------------------------------


| TI region  2


 NSTEP =   115000   TIME(PS) =     115.000  TEMP(K) =   181.78  PRESS =     0.0
 Etot   =    -80127.7381  EKtot   =     11290.8813  EPtot      =    -91418.6194
 BOND   =     13311.7990  ANGLE   =         0.0000  DIHED      =        -0.0000
 1-4 NB =         0.0000  1-4 EEL =         0.0000  VDWAALS    =     24404.8302
 EELEC  =   -129135.2486  EHBOND  =         0.0000  RESTRAINT  =         0.0000
 DV/DL  =         4.8982
 ------------------------------------------------------------------------------

 NMR restraints: Bond =    0.000   Angle =     0.000   Torsion =     0.000
===============================================================================

| TI region  1


 NSTEP =   120000   TIME(PS) =     120.000  TEMP(K) =   187.83  PRESS =     0.0
 Etot   =    -79102.7554  EKtot   =     11670.6641  EPtot      =    -90773.4195
 BOND   =     13485.1345  ANGLE   =        -0.0000  DIHED      =        -0.0000
 1-4 NB =         0.0000  1-4 EEL =         0.0000  VDWAALS    =     24357.8944
 EELEC  =   -128616.4485  EHBOND  =         0.0000  RESTRAINT  =         0.0000
 DV/DL  =         4.5767
 ------------------------------------------------------------------------------

  Softcore part of the system:       7 atoms,       TEMP(K)    =         206.31
 SC_Etot=        17.4203  SC_EKtot=         4.3048  SC_EPtot   =        13.1154
 SC_BOND=         2.8332  SC_ANGLE=         4.4485  SC_DIHED   =         5.2318
 SC_14NB=         0.6020  SC_14EEL=         0.0000  SC_VDW     =         0.0000
 SC_EEL =         0.0000
 SC_RES_DIST=     0.0000  SC_RES_ANG=       0.0000  SC_RES_TORS=         0.0000
 SC_EEL_DER=      0.0000  SC_VDW_DER=      -0.5908  SC_DERIV   =        -0.5908
 ------------------------------------------------------------------------------


| TI region  2


 NSTEP =   120000   TIME(PS) =     120.000  TEMP(K) =   187.82  PRESS =     0.0
 Etot   =    -79107.0603  EKtot   =     11666.3592  EPtot      =    -90773.4195
 BOND   =     13485.1345  ANGLE   =        -0.0000  DIHED      =        -0.0000
 1-4 NB =         0.0000  1-4 EEL =         0.0000  VDWAALS    =     24357.8944
 EELEC  =   -128616.4485  EHBOND  =         0.0000  RESTRAINT  =         0.0000
 DV/DL  =         4.5767
 ------------------------------------------------------------------------------

 NMR restraints: Bond =    0.000   Angle =     0.000   Torsion =     0.000
===============================================================================

| TI region  1


 NSTEP =   125000   TIME(PS) =     125.000  TEMP(K) =   197.13  PRESS =     0.0
 Etot   =    -77903.7073  EKtot   =     12248.3438  EPtot      =    -90152.0511
 BOND   =     13614.7780  ANGLE   =        -0.0000  DIHED      =        -0.0000
 1-4 NB =         0.0000  1-4 EEL =         0.0000  VDWAALS    =     23953.7364
 EELEC  =   -127720.5654  EHBOND  =         0.0000  RESTRAINT  =         0.0000
 DV/DL  =         7.1477
 ------------------------------------------------------------------------------

  Softcore part of the system:       7 atoms,       TEMP(K)    =         157.99
 SC_Etot=        13.2132  SC_EKtot=         3.2966  SC_EPtot   =         9.9166
 SC_BOND=         0.9719  SC_ANGLE=         3.4924  SC_DIHED   =         5.2203
 SC_14NB=         0.2320  SC_14EEL=         0.0000  SC_VDW     =         0.0000
 SC_EEL =         0.0000
 SC_RES_DIST=     0.0000  SC_RES_ANG=       0.0000  SC_RES_TORS=         0.0000
 SC_EEL_DER=      0.0000  SC_VDW_DER=       0.0139  SC_DERIV   =         0.0139
 ------------------------------------------------------------------------------


| TI region  2


 NSTEP =   125000   TIME(PS) =     125.000  TEMP(K) =   197.14  PRESS =     0.0
 Etot   =    -77907.0040  EKtot   =     12245.0471  EPtot      =    -90152.0511
 BOND   =     13614.7780  ANGLE   =        -0.0000  DIHED      =        -0.0000
 1-4 NB =         0.0000  1-4 EEL =         0.0000  VDWAALS    =     23953.7364
 EELEC  =   -127720.5654  EHBOND  =         0.0000  RESTRAINT  =         0.0000
 DV/DL  =         7.1477
 ------------------------------------------------------------------------------

 NMR restraints: Bond =    0.000   Angle =     0.000   Torsion =     0.000
===============================================================================

| TI region  1


 NSTEP =   130000   TIME(PS) =     130.000  TEMP(K) =   203.53  PRESS =     0.0
 Etot   =    -77193.4674  EKtot   =     12645.9521  EPtot      =    -89839.4195
 BOND   =     13748.9614  ANGLE   =         0.0000  DIHED      =        -0.0000
 1-4 NB =         0.0000  1-4 EEL =         0.0000  VDWAALS    =     23898.0339
 EELEC  =   -127486.4148  EHBOND  =         0.0000  RESTRAINT  =         0.0000
 DV/DL  =         5.6816
 ------------------------------------------------------------------------------

  Softcore part of the system:       7 atoms,       TEMP(K)    =         201.65
 SC_Etot=        16.1764  SC_EKtot=         4.2075  SC_EPtot   =        11.9689
 SC_BOND=         2.9151  SC_ANGLE=         3.4286  SC_DIHED   =         5.3965
 SC_14NB=         0.2287  SC_14EEL=         0.0000  SC_VDW     =         0.0000
 SC_EEL =         0.0000
 SC_RES_DIST=     0.0000  SC_RES_ANG=       0.0000  SC_RES_TORS=         0.0000
 SC_EEL_DER=      0.0000  SC_VDW_DER=      -0.3017  SC_DERIV   =        -0.3017
 ------------------------------------------------------------------------------


| TI region  2


 NSTEP =   130000   TIME(PS) =     130.000  TEMP(K) =   203.53  PRESS =     0.0
 Etot   =    -77197.6748  EKtot   =     12641.7447  EPtot      =    -89839.4195
 BOND   =     13748.9614  ANGLE   =         0.0000  DIHED      =        -0.0000
 1-4 NB =         0.0000  1-4 EEL =         0.0000  VDWAALS    =     23898.0339
 EELEC  =   -127486.4148  EHBOND  =         0.0000  RESTRAINT  =         0.0000
 DV/DL  =         5.6816
 ------------------------------------------------------------------------------

 NMR restraints: Bond =    0.000   Angle =     0.000   Torsion =     0.000
===============================================================================

| TI region  1


 NSTEP =   135000   TIME(PS) =     135.000  TEMP(K) =   212.93  PRESS =     0.0
 Etot   =    -76030.1739  EKtot   =     13230.5166  EPtot      =    -89260.6906
 BOND   =     13973.4406  ANGLE   =        -0.0000  DIHED      =        -0.0000
 1-4 NB =         0.0000  1-4 EEL =         0.0000  VDWAALS    =     23936.7393
 EELEC  =   -127170.8704  EHBOND  =         0.0000  RESTRAINT  =         0.0000
 DV/DL  =         0.1386
 ------------------------------------------------------------------------------

  Softcore part of the system:       7 atoms,       TEMP(K)    =         149.33
 SC_Etot=        16.0579  SC_EKtot=         3.1159  SC_EPtot   =        12.9420
 SC_BOND=         1.6543  SC_ANGLE=         4.9786  SC_DIHED   =         5.2418
 SC_14NB=         1.0672  SC_14EEL=         0.0000  SC_VDW     =         0.0000
 SC_EEL =         0.0000
 SC_RES_DIST=     0.0000  SC_RES_ANG=       0.0000  SC_RES_TORS=         0.0000
 SC_EEL_DER=      0.0000  SC_VDW_DER=      -4.0388  SC_DERIV   =        -4.0388
 ------------------------------------------------------------------------------


| TI region  2


 NSTEP =   135000   TIME(PS) =     135.000  TEMP(K) =   212.95  PRESS =     0.0
 Etot   =    -76033.2899  EKtot   =     13227.4007  EPtot      =    -89260.6906
 BOND   =     13973.4406  ANGLE   =        -0.0000  DIHED      =        -0.0000
 1-4 NB =         0.0000  1-4 EEL =         0.0000  VDWAALS    =     23936.7393
 EELEC  =   -127170.8704  EHBOND  =         0.0000  RESTRAINT  =         0.0000
 DV/DL  =         0.1386
 ------------------------------------------------------------------------------

 NMR restraints: Bond =    0.000   Angle =     0.000   Torsion =     0.000
===============================================================================

| TI region  1


 NSTEP =   140000   TIME(PS) =     140.000  TEMP(K) =   221.94  PRESS =     0.0
 Etot   =    -75044.7135  EKtot   =     13789.9570  EPtot      =    -88834.6705
 BOND   =     14065.5246  ANGLE   =        -0.0000  DIHED      =         0.0000
 1-4 NB =         0.0000  1-4 EEL =         0.0000  VDWAALS    =     23859.7143
 EELEC  =   -126759.9094  EHBOND  =         0.0000  RESTRAINT  =         0.0000
 DV/DL  =         4.8990
 ------------------------------------------------------------------------------

  Softcore part of the system:       7 atoms,       TEMP(K)    =         318.44
 SC_Etot=        19.6929  SC_EKtot=         6.6444  SC_EPtot   =        13.0485
 SC_BOND=         1.6735  SC_ANGLE=         5.8187  SC_DIHED   =         5.2122
 SC_14NB=         0.3441  SC_14EEL=         0.0000  SC_VDW     =         0.0000
 SC_EEL =         0.0000
 SC_RES_DIST=     0.0000  SC_RES_ANG=       0.0000  SC_RES_TORS=         0.0000
 SC_EEL_DER=      0.0000  SC_VDW_DER=      -1.3169  SC_DERIV   =        -1.3169
 ------------------------------------------------------------------------------


| TI region  2


 NSTEP =   140000   TIME(PS) =     140.000  TEMP(K) =   221.90  PRESS =     0.0
 Etot   =    -75051.3578  EKtot   =     13783.3127  EPtot      =    -88834.6705
 BOND   =     14065.5246  ANGLE   =        -0.0000  DIHED      =         0.0000
 1-4 NB =         0.0000  1-4 EEL =         0.0000  VDWAALS    =     23859.7143
 EELEC  =   -126759.9094  EHBOND  =         0.0000  RESTRAINT  =         0.0000
 DV/DL  =         4.8990
 ------------------------------------------------------------------------------

 NMR restraints: Bond =    0.000   Angle =     0.000   Torsion =     0.000
===============================================================================

| TI region  1


 NSTEP =   145000   TIME(PS) =     145.000  TEMP(K) =   228.57  PRESS =     0.0
 Etot   =    -73943.5167  EKtot   =     14201.8457  EPtot      =    -88145.3624
 BOND   =     14208.0231  ANGLE   =        -0.0000  DIHED      =        -0.0000
 1-4 NB =         0.0000  1-4 EEL =         0.0000  VDWAALS    =     23849.4264
 EELEC  =   -126202.8119  EHBOND  =         0.0000  RESTRAINT  =         0.0000
 DV/DL  =         4.3997
 ------------------------------------------------------------------------------

  Softcore part of the system:       7 atoms,       TEMP(K)    =         263.87
 SC_Etot=        16.8428  SC_EKtot=         5.5059  SC_EPtot   =        11.3369
 SC_BOND=         1.6587  SC_ANGLE=         3.6997  SC_DIHED   =         5.2119
 SC_14NB=         0.7666  SC_14EEL=         0.0000  SC_VDW     =         0.0000
 SC_EEL =         0.0000
 SC_RES_DIST=     0.0000  SC_RES_ANG=       0.0000  SC_RES_TORS=         0.0000
 SC_EEL_DER=      0.0000  SC_VDW_DER=      -2.1430  SC_DERIV   =        -2.1430
 ------------------------------------------------------------------------------


| TI region  2


 NSTEP =   145000   TIME(PS) =     145.000  TEMP(K) =   228.55  PRESS =     0.0
 Etot   =    -73949.0225  EKtot   =     14196.3398  EPtot      =    -88145.3624
 BOND   =     14208.0231  ANGLE   =        -0.0000  DIHED      =        -0.0000
 1-4 NB =         0.0000  1-4 EEL =         0.0000  VDWAALS    =     23849.4264
 EELEC  =   -126202.8119  EHBOND  =         0.0000  RESTRAINT  =         0.0000
 DV/DL  =         4.3997
 ------------------------------------------------------------------------------

 NMR restraints: Bond =    0.000   Angle =     0.000   Torsion =     0.000
===============================================================================

| TI region  1


 NSTEP =   150000   TIME(PS) =     150.000  TEMP(K) =   235.69  PRESS =     0.0
 Etot   =    -72752.6539  EKtot   =     14644.5342  EPtot      =    -87397.1881
 BOND   =     14582.3767  ANGLE   =         0.0000  DIHED      =         0.0000
 1-4 NB =         0.0000  1-4 EEL =         0.0000  VDWAALS    =     23436.7726
 EELEC  =   -125416.3374  EHBOND  =         0.0000  RESTRAINT  =         0.0000
 DV/DL  =         2.7676
 ------------------------------------------------------------------------------

  Softcore part of the system:       7 atoms,       TEMP(K)    =         194.44
 SC_Etot=        15.2451  SC_EKtot=         4.0570  SC_EPtot   =        11.1880
 SC_BOND=         1.6015  SC_ANGLE=         4.0140  SC_DIHED   =         5.2981
 SC_14NB=         0.2744  SC_14EEL=         0.0000  SC_VDW     =         0.0000
 SC_EEL =         0.0000
 SC_RES_DIST=     0.0000  SC_RES_ANG=       0.0000  SC_RES_TORS=         0.0000
 SC_EEL_DER=      0.0000  SC_VDW_DER=      -3.0333  SC_DERIV   =        -3.0333
 ------------------------------------------------------------------------------


| TI region  2


 NSTEP =   150000   TIME(PS) =     150.000  TEMP(K) =   235.70  PRESS =     0.0
 Etot   =    -72756.7109  EKtot   =     14640.4771  EPtot      =    -87397.1881
 BOND   =     14582.3767  ANGLE   =         0.0000  DIHED      =         0.0000
 1-4 NB =         0.0000  1-4 EEL =         0.0000  VDWAALS    =     23436.7726
 EELEC  =   -125416.3374  EHBOND  =         0.0000  RESTRAINT  =         0.0000
 DV/DL  =         2.7676
 ------------------------------------------------------------------------------

 NMR restraints: Bond =    0.000   Angle =     0.000   Torsion =     0.000
===============================================================================

| TI region  1


 NSTEP =   155000   TIME(PS) =     155.000  TEMP(K) =   242.63  PRESS =     0.0
 Etot   =    -72050.3815  EKtot   =     15075.5527  EPtot      =    -87125.9342
 BOND   =     14575.1876  ANGLE   =        -0.0000  DIHED      =        -0.0000
 1-4 NB =         0.0000  1-4 EEL =         0.0000  VDWAALS    =     23356.7087
 EELEC  =   -125057.8305  EHBOND  =         0.0000  RESTRAINT  =         0.0000
 DV/DL  =         6.2255
 ------------------------------------------------------------------------------

  Softcore part of the system:       7 atoms,       TEMP(K)    =         272.77
 SC_Etot=        17.9648  SC_EKtot=         5.6915  SC_EPtot   =        12.2733
 SC_BOND=         2.2352  SC_ANGLE=         4.1413  SC_DIHED   =         5.2307
 SC_14NB=         0.6661  SC_14EEL=         0.0000  SC_VDW     =         0.0000
 SC_EEL =         0.0000
 SC_RES_DIST=     0.0000  SC_RES_ANG=       0.0000  SC_RES_TORS=         0.0000
 SC_EEL_DER=      0.0000  SC_VDW_DER=      -1.5027  SC_DERIV   =        -1.5027
 ------------------------------------------------------------------------------


| TI region  2


 NSTEP =   155000   TIME(PS) =     155.000  TEMP(K) =   242.62  PRESS =     0.0
 Etot   =    -72056.0730  EKtot   =     15069.8612  EPtot      =    -87125.9342
 BOND   =     14575.1876  ANGLE   =        -0.0000  DIHED      =        -0.0000
 1-4 NB =         0.0000  1-4 EEL =         0.0000  VDWAALS    =     23356.7087
 EELEC  =   -125057.8305  EHBOND  =         0.0000  RESTRAINT  =         0.0000
 DV/DL  =         6.2255
 ------------------------------------------------------------------------------

 NMR restraints: Bond =    0.000   Angle =     0.000   Torsion =     0.000
===============================================================================

| TI region  1


 NSTEP =   160000   TIME(PS) =     160.000  TEMP(K) =   253.70  PRESS =     0.0
 Etot   =    -70234.0868  EKtot   =     15763.8135  EPtot      =    -85997.9002
 BOND   =     14702.0996  ANGLE   =         0.0000  DIHED      =         0.0000
 1-4 NB =         0.0000  1-4 EEL =         0.0000  VDWAALS    =     22730.7796
 EELEC  =   -123430.7794  EHBOND  =         0.0000  RESTRAINT  =         0.0000
 DV/DL  =         5.5735
 ------------------------------------------------------------------------------

  Softcore part of the system:       7 atoms,       TEMP(K)    =         280.72
 SC_Etot=        20.2812  SC_EKtot=         5.8573  SC_EPtot   =        14.4239
 SC_BOND=         3.6093  SC_ANGLE=         5.4211  SC_DIHED   =         5.2936
 SC_14NB=         0.0998  SC_14EEL=         0.0000  SC_VDW     =         0.0000
 SC_EEL =         0.0000
 SC_RES_DIST=     0.0000  SC_RES_ANG=       0.0000  SC_RES_TORS=         0.0000
 SC_EEL_DER=      0.0000  SC_VDW_DER=      -1.6472  SC_DERIV   =        -1.6472
 ------------------------------------------------------------------------------


| TI region  2


 NSTEP =   160000   TIME(PS) =     160.000  TEMP(K) =   253.70  PRESS =     0.0
 Etot   =    -70239.9440  EKtot   =     15757.9562  EPtot      =    -85997.9002
 BOND   =     14702.0996  ANGLE   =         0.0000  DIHED      =         0.0000
 1-4 NB =         0.0000  1-4 EEL =         0.0000  VDWAALS    =     22730.7796
 EELEC  =   -123430.7794  EHBOND  =         0.0000  RESTRAINT  =         0.0000
 DV/DL  =         5.5735
 ------------------------------------------------------------------------------

 NMR restraints: Bond =    0.000   Angle =     0.000   Torsion =     0.000
===============================================================================

| TI region  1


 NSTEP =   165000   TIME(PS) =     165.000  TEMP(K) =   258.72  PRESS =     0.0
 Etot   =    -69329.7763  EKtot   =     16075.2793  EPtot      =    -85405.0556
 BOND   =     14605.5302  ANGLE   =        -0.0000  DIHED      =        -0.0000
 1-4 NB =         0.0000  1-4 EEL =         0.0000  VDWAALS    =     22601.3786
 EELEC  =   -122611.9644  EHBOND  =         0.0000  RESTRAINT  =         0.0000
 DV/DL  =         2.5851
 ------------------------------------------------------------------------------

  Softcore part of the system:       7 atoms,       TEMP(K)    =         389.91
 SC_Etot=        18.5127  SC_EKtot=         8.1356  SC_EPtot   =        10.3772
 SC_BOND=         1.4467  SC_ANGLE=         3.3820  SC_DIHED   =         5.2953
 SC_14NB=         0.2531  SC_14EEL=         0.0000  SC_VDW     =         0.0000
 SC_EEL =         0.0000
 SC_RES_DIST=     0.0000  SC_RES_ANG=       0.0000  SC_RES_TORS=         0.0000
 SC_EEL_DER=      0.0000  SC_VDW_DER=      -3.8903  SC_DERIV   =        -3.8903
 ------------------------------------------------------------------------------


| TI region  2


 NSTEP =   165000   TIME(PS) =     165.000  TEMP(K) =   258.67  PRESS =     0.0
 Etot   =    -69337.9119  EKtot   =     16067.1437  EPtot      =    -85405.0556
 BOND   =     14605.5302  ANGLE   =        -0.0000  DIHED      =        -0.0000
 1-4 NB =         0.0000  1-4 EEL =         0.0000  VDWAALS    =     22601.3786
 EELEC  =   -122611.9644  EHBOND  =         0.0000  RESTRAINT  =         0.0000
 DV/DL  =         2.5851
 ------------------------------------------------------------------------------

 NMR restraints: Bond =    0.000   Angle =     0.000   Torsion =     0.000
===============================================================================

| TI region  1


 NSTEP =   170000   TIME(PS) =     170.000  TEMP(K) =   269.18  PRESS =     0.0
 Etot   =    -67890.3888  EKtot   =     16725.4844  EPtot      =    -84615.8731
 BOND   =     14613.6493  ANGLE   =        -0.0000  DIHED      =         0.0000
 1-4 NB =         0.0000  1-4 EEL =         0.0000  VDWAALS    =     22244.2010
 EELEC  =   -121473.7234  EHBOND  =         0.0000  RESTRAINT  =         0.0000
 DV/DL  =         6.7505
 ------------------------------------------------------------------------------

  Softcore part of the system:       7 atoms,       TEMP(K)    =         145.17
 SC_Etot=        14.0231  SC_EKtot=         3.0291  SC_EPtot   =        10.9939
 SC_BOND=         0.3394  SC_ANGLE=         4.8281  SC_DIHED   =         5.2224
 SC_14NB=         0.6041  SC_14EEL=         0.0000  SC_VDW     =         0.0000
 SC_EEL =         0.0000
 SC_RES_DIST=     0.0000  SC_RES_ANG=       0.0000  SC_RES_TORS=         0.0000
 SC_EEL_DER=      0.0000  SC_VDW_DER=      -0.9710  SC_DERIV   =        -0.9710
 ------------------------------------------------------------------------------


| TI region  2


 NSTEP =   170000   TIME(PS) =     170.000  TEMP(K) =   269.22  PRESS =     0.0
 Etot   =    -67893.4179  EKtot   =     16722.4552  EPtot      =    -84615.8731
 BOND   =     14613.6493  ANGLE   =        -0.0000  DIHED      =         0.0000
 1-4 NB =         0.0000  1-4 EEL =         0.0000  VDWAALS    =     22244.2010
 EELEC  =   -121473.7234  EHBOND  =         0.0000  RESTRAINT  =         0.0000
 DV/DL  =         6.7505
 ------------------------------------------------------------------------------

 NMR restraints: Bond =    0.000   Angle =     0.000   Torsion =     0.000
===============================================================================

| TI region  1


 NSTEP =   175000   TIME(PS) =     175.000  TEMP(K) =   277.43  PRESS =     0.0
 Etot   =    -66376.8458  EKtot   =     17237.8652  EPtot      =    -83614.7110
 BOND   =     14988.5411  ANGLE   =         0.0000  DIHED      =        -0.0000
 1-4 NB =         0.0000  1-4 EEL =         0.0000  VDWAALS    =     22008.1543
 EELEC  =   -120611.4064  EHBOND  =         0.0000  RESTRAINT  =         0.0000
 DV/DL  =         4.8673
 ------------------------------------------------------------------------------

  Softcore part of the system:       7 atoms,       TEMP(K)    =         278.03
 SC_Etot=        18.1928  SC_EKtot=         5.8012  SC_EPtot   =        12.3916
 SC_BOND=         2.8855  SC_ANGLE=         3.9786  SC_DIHED   =         5.2163
 SC_14NB=         0.3112  SC_14EEL=         0.0000  SC_VDW     =         0.0000
 SC_EEL =         0.0000
 SC_RES_DIST=     0.0000  SC_RES_ANG=       0.0000  SC_RES_TORS=         0.0000
 SC_EEL_DER=      0.0000  SC_VDW_DER=      -2.3716  SC_DERIV   =        -2.3716
 ------------------------------------------------------------------------------


| TI region  2


 NSTEP =   175000   TIME(PS) =     175.000  TEMP(K) =   277.43  PRESS =     0.0
 Etot   =    -66382.6470  EKtot   =     17232.0640  EPtot      =    -83614.7110
 BOND   =     14988.5411  ANGLE   =         0.0000  DIHED      =        -0.0000
 1-4 NB =         0.0000  1-4 EEL =         0.0000  VDWAALS    =     22008.1543
 EELEC  =   -120611.4064  EHBOND  =         0.0000  RESTRAINT  =         0.0000
 DV/DL  =         4.8673
 ------------------------------------------------------------------------------

 NMR restraints: Bond =    0.000   Angle =     0.000   Torsion =     0.000
===============================================================================

| TI region  1


 NSTEP =   180000   TIME(PS) =     180.000  TEMP(K) =   281.34  PRESS =     0.0
 Etot   =    -64874.1122  EKtot   =     17480.9316  EPtot      =    -82355.0438
 BOND   =     15260.5361  ANGLE   =         0.0000  DIHED      =         0.0000
 1-4 NB =         0.0000  1-4 EEL =         0.0000  VDWAALS    =     21495.1156
 EELEC  =   -119110.6955  EHBOND  =         0.0000  RESTRAINT  =         0.0000
 DV/DL  =         5.8342
 ------------------------------------------------------------------------------

  Softcore part of the system:       7 atoms,       TEMP(K)    =         107.17
 SC_Etot=        16.6552  SC_EKtot=         2.2362  SC_EPtot   =        14.4190
 SC_BOND=         3.5244  SC_ANGLE=         4.8553  SC_DIHED   =         5.6026
 SC_14NB=         0.4367  SC_14EEL=         0.0000  SC_VDW     =         0.0000
 SC_EEL =         0.0000
 SC_RES_DIST=     0.0000  SC_RES_ANG=       0.0000  SC_RES_TORS=         0.0000
 SC_EEL_DER=      0.0000  SC_VDW_DER=      -1.0535  SC_DERIV   =        -1.0535
 ------------------------------------------------------------------------------


| TI region  2


 NSTEP =   180000   TIME(PS) =     180.000  TEMP(K) =   281.40  PRESS =     0.0
 Etot   =    -64876.3484  EKtot   =     17478.6954  EPtot      =    -82355.0438
 BOND   =     15260.5361  ANGLE   =         0.0000  DIHED      =         0.0000
 1-4 NB =         0.0000  1-4 EEL =         0.0000  VDWAALS    =     21495.1156
 EELEC  =   -119110.6955  EHBOND  =         0.0000  RESTRAINT  =         0.0000
 DV/DL  =         5.8342
 ------------------------------------------------------------------------------

 NMR restraints: Bond =    0.000   Angle =     0.000   Torsion =     0.000
===============================================================================

| TI region  1


 NSTEP =   185000   TIME(PS) =     185.000  TEMP(K) =   290.16  PRESS =     0.0
 Etot   =    -63783.1383  EKtot   =     18029.1934  EPtot      =    -81812.3317
 BOND   =     15207.2715  ANGLE   =         0.0000  DIHED      =        -0.0000
 1-4 NB =         0.0000  1-4 EEL =         0.0000  VDWAALS    =     21389.9254
 EELEC  =   -118409.5285  EHBOND  =         0.0000  RESTRAINT  =         0.0000
 DV/DL  =         2.9238
 ------------------------------------------------------------------------------

  Softcore part of the system:       7 atoms,       TEMP(K)    =         375.75
 SC_Etot=        19.9254  SC_EKtot=         7.8402  SC_EPtot   =        12.0852
 SC_BOND=         1.2843  SC_ANGLE=         5.4507  SC_DIHED   =         5.2421
 SC_14NB=         0.1081  SC_14EEL=         0.0000  SC_VDW     =         0.0000
 SC_EEL =         0.0000
 SC_RES_DIST=     0.0000  SC_RES_ANG=       0.0000  SC_RES_TORS=         0.0000
 SC_EEL_DER=      0.0000  SC_VDW_DER=      -3.7742  SC_DERIV   =        -3.7742
 ------------------------------------------------------------------------------


| TI region  2


 NSTEP =   185000   TIME(PS) =     185.000  TEMP(K) =   290.14  PRESS =     0.0
 Etot   =    -63790.9785  EKtot   =     18021.3532  EPtot      =    -81812.3317
 BOND   =     15207.2715  ANGLE   =         0.0000  DIHED      =        -0.0000
 1-4 NB =         0.0000  1-4 EEL =         0.0000  VDWAALS    =     21389.9254
 EELEC  =   -118409.5285  EHBOND  =         0.0000  RESTRAINT  =         0.0000
 DV/DL  =         2.9238
 ------------------------------------------------------------------------------

 NMR restraints: Bond =    0.000   Angle =     0.000   Torsion =     0.000
===============================================================================

| TI region  1


 NSTEP =   190000   TIME(PS) =     190.000  TEMP(K) =   299.40  PRESS =     0.0
 Etot   =    -61814.5922  EKtot   =     18603.0078  EPtot      =    -80417.6000
 BOND   =     15115.2666  ANGLE   =        -0.0000  DIHED      =         0.0000
 1-4 NB =         0.0000  1-4 EEL =         0.0000  VDWAALS    =     21022.5300
 EELEC  =   -116555.3966  EHBOND  =         0.0000  RESTRAINT  =         0.0000
 DV/DL  =         5.3845
 ------------------------------------------------------------------------------

  Softcore part of the system:       7 atoms,       TEMP(K)    =         296.86
 SC_Etot=        19.1585  SC_EKtot=         6.1940  SC_EPtot   =        12.9645
 SC_BOND=         2.8765  SC_ANGLE=         4.4068  SC_DIHED   =         5.1995
 SC_14NB=         0.4817  SC_14EEL=         0.0000  SC_VDW     =         0.0000
 SC_EEL =         0.0000
 SC_RES_DIST=     0.0000  SC_RES_ANG=       0.0000  SC_RES_TORS=         0.0000
 SC_EEL_DER=      0.0000  SC_VDW_DER=      -1.9171  SC_DERIV   =        -1.9171
 ------------------------------------------------------------------------------


| TI region  2


 NSTEP =   190000   TIME(PS) =     190.000  TEMP(K) =   299.40  PRESS =     0.0
 Etot   =    -61820.7862  EKtot   =     18596.8138  EPtot      =    -80417.6000
 BOND   =     15115.2666  ANGLE   =        -0.0000  DIHED      =         0.0000
 1-4 NB =         0.0000  1-4 EEL =         0.0000  VDWAALS    =     21022.5300
 EELEC  =   -116555.3966  EHBOND  =         0.0000  RESTRAINT  =         0.0000
 DV/DL  =         5.3845
 ------------------------------------------------------------------------------

 NMR restraints: Bond =    0.000   Angle =     0.000   Torsion =     0.000
===============================================================================

| TI region  1


 NSTEP =   195000   TIME(PS) =     195.000  TEMP(K) =   299.44  PRESS =     0.0
 Etot   =    -61218.4525  EKtot   =     18605.8379  EPtot      =    -79824.2904
 BOND   =     15071.8983  ANGLE   =        -0.0000  DIHED      =         0.0000
 1-4 NB =         0.0000  1-4 EEL =         0.0000  VDWAALS    =     20403.4814
 EELEC  =   -115299.6702  EHBOND  =         0.0000  RESTRAINT  =         0.0000
 DV/DL  =         2.2608
 ------------------------------------------------------------------------------

  Softcore part of the system:       7 atoms,       TEMP(K)    =         301.25
 SC_Etot=        22.4206  SC_EKtot=         6.2858  SC_EPtot   =        16.1348
 SC_BOND=         2.1623  SC_ANGLE=         8.2497  SC_DIHED   =         5.2256
 SC_14NB=         0.4972  SC_14EEL=         0.0000  SC_VDW     =         0.0000
 SC_EEL =         0.0000
 SC_RES_DIST=     0.0000  SC_RES_ANG=       0.0000  SC_RES_TORS=         0.0000
 SC_EEL_DER=      0.0000  SC_VDW_DER=      -3.4920  SC_DERIV   =        -3.4920
 ------------------------------------------------------------------------------


| TI region  2


 NSTEP =   195000   TIME(PS) =     195.000  TEMP(K) =   299.44  PRESS =     0.0
 Etot   =    -61224.7383  EKtot   =     18599.5521  EPtot      =    -79824.2904
 BOND   =     15071.8983  ANGLE   =        -0.0000  DIHED      =         0.0000
 1-4 NB =         0.0000  1-4 EEL =         0.0000  VDWAALS    =     20403.4814
 EELEC  =   -115299.6702  EHBOND  =         0.0000  RESTRAINT  =         0.0000
 DV/DL  =         2.2608
 ------------------------------------------------------------------------------

 NMR restraints: Bond =    0.000   Angle =     0.000   Torsion =     0.000
===============================================================================

| TI region  1


 NSTEP =   200000   TIME(PS) =     200.000  TEMP(K) =   300.31  PRESS =     0.0
 Etot   =    -61031.9602  EKtot   =     18659.7695  EPtot      =    -79691.7297
 BOND   =     15109.1313  ANGLE   =         0.0000  DIHED      =        -0.0000
 1-4 NB =         0.0000  1-4 EEL =         0.0000  VDWAALS    =     20232.4954
 EELEC  =   -115033.3563  EHBOND  =         0.0000  RESTRAINT  =         0.0000
 DV/DL  =        -1.0444
 ------------------------------------------------------------------------------

  Softcore part of the system:       7 atoms,       TEMP(K)    =         387.33
 SC_Etot=        24.3619  SC_EKtot=         8.0818  SC_EPtot   =        16.2800
 SC_BOND=         2.7624  SC_ANGLE=         7.3454  SC_DIHED   =         5.4023
 SC_14NB=         0.7700  SC_14EEL=         0.0000  SC_VDW     =         0.0000
 SC_EEL =         0.0000
 SC_RES_DIST=     0.0000  SC_RES_ANG=       0.0000  SC_RES_TORS=         0.0000
 SC_EEL_DER=      0.0000  SC_VDW_DER=      -5.5908  SC_DERIV   =        -5.5908
 ------------------------------------------------------------------------------


| TI region  2


 NSTEP =   200000   TIME(PS) =     200.000  TEMP(K) =   300.28  PRESS =     0.0
 Etot   =    -61040.0420  EKtot   =     18651.6877  EPtot      =    -79691.7297
 BOND   =     15109.1313  ANGLE   =         0.0000  DIHED      =        -0.0000
 1-4 NB =         0.0000  1-4 EEL =         0.0000  VDWAALS    =     20232.4954
 EELEC  =   -115033.3563  EHBOND  =         0.0000  RESTRAINT  =         0.0000
 DV/DL  =        -1.0444
 ------------------------------------------------------------------------------

 NMR restraints: Bond =    0.000   Angle =     0.000   Torsion =     0.000
===============================================================================

| TI region  1


      A V E R A G E S   O V E R      40 S T E P S


 NSTEP =   200000   TIME(PS) =     200.000  TEMP(K) =   160.65  PRESS =     0.0
 Etot   =    -81600.6070  EKtot   =      9981.7018  EPtot      =    -91582.3088
 BOND   =     12789.2042  ANGLE   =         0.0000  DIHED      =        -0.0000
 1-4 NB =         0.0000  1-4 EEL =         0.0000  VDWAALS    =     24119.4367
 EELEC  =   -128490.9497  EHBOND  =         0.0000  RESTRAINT  =         0.0000
 DV/DL  =         5.2504
 ------------------------------------------------------------------------------

 NMR restraints: Bond =    0.000   Angle =     0.000   Torsion =     0.000
===============================================================================
  Softcore part of the system:       7 atoms,       TEMP(K)    =         160.53
 SC_Etot=        14.3215  SC_EKtot=         3.3495  SC_EPtot   =        10.9720
 SC_BOND=         1.2498  SC_ANGLE=         4.0819  SC_DIHED   =         5.2533
 SC_14NB=         0.3869  SC_14EEL=         0.0000  SC_VDW     =         0.0000
 SC_EEL =         0.0000
 SC_RES_DIST=     0.0000  SC_RES_ANG=       0.0000  SC_RES_TORS=         0.0000
 SC_EEL_DER=      0.0000  SC_VDW_DER=      -1.2118  SC_DERIV   =        -1.2118
 ------------------------------------------------------------------------------


      R M S  F L U C T U A T I O N S


 NSTEP =   200000   TIME(PS) =     200.000  TEMP(K) =    90.17  PRESS =     0.0
 Etot   =     11569.9519  EKtot   =      5602.3869  EPtot      =      6013.1546
 BOND   =      1754.0293  ANGLE   =         0.0000  DIHED      =         0.0000
 1-4 NB =         0.0000  1-4 EEL =         0.0000  VDWAALS    =      1557.5519
 EELEC  =      5884.3405  EHBOND  =         0.0000  RESTRAINT  =         0.0000
 DV/DL  =         1.9098
 ------------------------------------------------------------------------------

  Softcore part of the system:       7 atoms,       TEMP(K)    =         107.02
 SC_Etot=         3.9813  SC_EKtot=         2.2330  SC_EPtot   =         2.0780
 SC_BOND=         1.0331  SC_ANGLE=         1.2185  SC_DIHED   =         0.0720
 SC_14NB=         0.1998  SC_14EEL=         0.0000  SC_VDW     =         0.0000
 SC_EEL =         0.0000
 SC_RES_DIST=     0.0000  SC_RES_ANG=       0.0000  SC_RES_TORS=         0.0000
 SC_EEL_DER=      0.0000  SC_VDW_DER=       1.3585  SC_DERIV   =         1.3585
 ------------------------------------------------------------------------------


| TI region  2


      A V E R A G E S   O V E R      40 S T E P S


 NSTEP =   200000   TIME(PS) =     200.000  TEMP(K) =   160.65  PRESS =     0.0
 Etot   =    -81603.9565  EKtot   =      9978.3523  EPtot      =    -91582.3088
 BOND   =     12789.2042  ANGLE   =         0.0000  DIHED      =        -0.0000
 1-4 NB =         0.0000  1-4 EEL =         0.0000  VDWAALS    =     24119.4367
 EELEC  =   -128490.9497  EHBOND  =         0.0000  RESTRAINT  =         0.0000
 DV/DL  =         5.2504
 ------------------------------------------------------------------------------

 NMR restraints: Bond =    0.000   Angle =     0.000   Torsion =     0.000
===============================================================================

      R M S  F L U C T U A T I O N S


 NSTEP =   200000   TIME(PS) =     200.000  TEMP(K) =    90.16  PRESS =     0.0
 Etot   =     11568.0025  EKtot   =      5600.4305  EPtot      =      6013.1546
 BOND   =      1754.0293  ANGLE   =         0.0000  DIHED      =         0.0000
 1-4 NB =         0.0000  1-4 EEL =         0.0000  VDWAALS    =      1557.5519
 EELEC  =      5884.3405  EHBOND  =         0.0000  RESTRAINT  =         0.0000
 DV/DL  =         1.9098
 ------------------------------------------------------------------------------


      DV/DL, AVERAGES OVER      40 STEPS


 NSTEP =   200000   TIME(PS) =     200.000  TEMP(K) =    90.16  PRESS =     0.0
 Etot   =         0.0000  EKtot   =         0.0000  EPtot      =         5.2504
 BOND   =         0.0000  ANGLE   =         0.0000  DIHED      =         0.0000
 1-4 NB =         0.0000  1-4 EEL =         0.0000  VDWAALS    =         6.4622
 EELEC  =         0.0000  EHBOND  =         0.0000  RESTRAINT  =         0.0000
 DV/DL  =         5.2504
 ------------------------------------------------------------------------------


 NMR restraints on final step:

--------------------------------------------------------------------------------
   5.  TIMINGS
--------------------------------------------------------------------------------

|  NonSetup CPU Time in Major Routines:
|
|     Routine           Sec        %
|     ------------------------------
|     Nonbond         148.87   30.56
|     Bond              0.00    0.00
|     Angle             0.00    0.00
|     Dihedral          0.00    0.00
|     Shake             0.00    0.00
|     RunMD           337.80   69.33
|     Other             0.56    0.11
|     ------------------------------
|     Total           487.23

|  PME Nonbond Pairlist CPU Time:
|
|     Routine              Sec        %
|     ---------------------------------
|     Set Up Cit           0.00    0.00
|     Build List           0.00    0.00
|     ---------------------------------
|     Total                0.00    0.00

|  PME Direct Force CPU Time:
|
|     Routine              Sec        %
|     ---------------------------------
|     NonBonded Calc       0.00    0.00
|     Exclude Masked       0.00    0.00
|     Other                0.38    0.08
|     ---------------------------------
|     Total                0.38    0.08

|  PME Reciprocal Force CPU Time:
|
|     Routine              Sec        %
|     ---------------------------------
|     1D bspline           0.00    0.00
|     Grid Charges         0.00    0.00
|     Scalar Sum           0.00    0.00
|     Gradient Sum         0.00    0.00
|     FFT                  0.00    0.00
|     ---------------------------------
|     Total                0.00    0.00

|  Final Performance Info:
|     -----------------------------------------------------
|     Average timings for last       1 steps:
|     Elapsed(s) =       0.00 Per Step(ms) =       3.18
|         ns/day =      27.18   seconds/ns =    3178.96
|
|     Average timings for all steps:
|     Elapsed(s) =     487.36 Per Step(ms) =       2.44
|         ns/day =      35.46   seconds/ns =    2436.81
|     -----------------------------------------------------

|  Setup CPU time:            0.58 seconds
|  NonSetup CPU time:       487.23 seconds
|  Total CPU time:          487.81 seconds     0.14 hours

|  Setup wall time:           1    seconds
|  NonSetup wall time:      487    seconds
|  Total wall time:         488    seconds     0.14 hours
