
          -------------------------------------------------------
          Amber 18 PMEMD                              2018
          -------------------------------------------------------

| PMEMD implementation of SANDER, Release 18

| Run on 06/13/2020 at 15:55:39

|   Executable path: /opt/software/Amber/18-foss-2018b-AmberTools-19/bin/pmemd.cuda
| Working directory: /mnt/gs18/scratch/users/songlin3/run/1264_optimization/acetate/two_steps_tip3p/step1/0.99078
|          Hostname: lac-343

  [-O]verwriting output

File Assignments:
|   MDIN: heat.in                                                               
|  MDOUT: heat.out                                                              
| INPCRD: min.rst                                                               
|   PARM: step1.prmtop                                                          
| RESTRT: heat.rst                                                              
|   REFC: min.rst                                                               
|  MDVEL: mdvel                                                                 
|   MDEN: mden                                                                  
|  MDCRD: heat.netcdf                                                           
| MDINFO: heat.mdinfo                                                           
|  MDFRC: mdfrc                                                                 


 Here is the input file:

nvt for free MD                                                                
 &cntrl                                                                        
  imin=0,                                                                      
  irest=0,                                                                     
  ntx=1,                                                                       
  ig=-1,                                                                       
  nstlim=100000,                                                               
  dt=0.002,                                                                    
  cut=10.0,                                                                    
  ntc=2,                                                                       
  ntf=2,                                                                       
  ntb=1,                                                                       
  ntt=3,                                                                       
  gamma_ln=2.0,                                                                
  tempi=0.0,                                                                   
  temp0=300.0,                                                                 
  ntpr=5000,                                                                   
  ntwr=5000,                                                                   
  ntwx=10000,                                                                  
  ntwv=0,                                                                      
  ioutfm=1,                                                                    
  iwrap=0,                                                                     
  nmropt=1,                                                                    
  ifsc = 0, icfe=1,                                                            
  clambda=0.99078,                                                             
  timask1=':1',                                                                
  timask2=':2', crgmask = ':2',                                                
/                                                                              
&wt TYPE='TEMP0', istep1=0, istep2=90000, value1=0.0, value2=300.0 /           
&wt TYPE='TEMP0', istep1=90001, istep2=100000, value1=300.0, value2=300.0 /    
&wt TYPE='DUMPFREQ', istep1=10000, /                                           
&wt TYPE='END', /                                                              


Note: ig = -1. Setting random seed to   568621 based on wallclock time in 
      microseconds.
| irandom = 1, using AMBER's internal random number generator (default).
 
|--------------------- INFORMATION ----------------------
| GPU (CUDA) Version of PMEMD in use: NVIDIA GPU IN USE.
|                    Version 18.0.0
| 
|                      03/25/2018
| 
| Implementation by:
|                    Ross C. Walker     (SDSC)
|                    Scott Le Grand     (nVIDIA)
| 
| Version 18 performance extensions by:
|                    David Cerutti     (Rutgers)
| 
| Precision model in use:
|      [SPFP] - Single Precision Forces, 64-bit Fixed Point
|               Accumulation. (Default)
| 
|--------------------------------------------------------
 
|----------------- CITATION INFORMATION -----------------
|
|    When publishing work that utilized the CUDA version
|    of AMBER, please cite the following in addition to
|    the regular AMBER citations:
|
|  - Romelia Salomon-Ferrer; Andreas W. Goetz; Duncan
|    Poole; Scott Le Grand; Ross C. Walker "Routine
|    microsecond molecular dynamics simulations with
|    AMBER - Part II: Particle Mesh Ewald", J. Chem.
|    Theory Comput., 2013, 9 (9), pp3878-3888,
|    DOI: 10.1021/ct400314y.
|
|  - Andreas W. Goetz; Mark J. Williamson; Dong Xu;
|    Duncan Poole; Scott Le Grand; Ross C. Walker
|    "Routine microsecond molecular dynamics simulations
|    with AMBER - Part I: Generalized Born", J. Chem.
|    Theory Comput., 2012, 8 (5), pp1542-1555.
|
|  - Scott Le Grand; Andreas W. Goetz; Ross C. Walker
|    "SPFP: Speed without compromise - a mixed precision
|    model for GPU accelerated molecular dynamics
|    simulations.", Comp. Phys. Comm., 2013, 184
|    pp374-380, DOI: 10.1016/j.cpc.2012.09.022
|
|    When publishing work that utilized the CUDA version
|    of TI, BAR, MBAR or FEP please cite the following 
|    three publications in addition to the regular AMBER 
|    GPU citations:
|
|  - Daniel J. Mermelstein; Charles Lin; Gard Nelson; 
|    Rachael Kretsch; J. Andrew McCammon; Ross C. Walker
|    "Fast and Flexible GPU Accelerated Binding 
|    Free Energy Calculations within the AMBER Molecular
|    Dynamics Package" J. Comp. Chem., 2018,
|    DOI: 10.1002/jcc.25187
|
|  - Tai-Sung Lee; Yuan Hu; Brad Sherborne; Zhuyan Guo;
|    Darrin M. York
|    "Toward Fast and Accurate Binding Affinity Prediction with
|    pmemdGTI: An Efficient Implementation of GPU-Accelerated
|    Thermodynamic Integration"
|    J. Chem. Theory Comput., 2017, 13 (7), 3077
|
|
|--------------------------------------------------------
 
|------------------- GPU DEVICE INFO --------------------
|
|            CUDA_VISIBLE_DEVICES: 0
|   CUDA Capable Devices Detected:      1
|           CUDA Device ID in use:      0
|                CUDA Device Name: Tesla K80
|     CUDA Device Global Mem Size:  12206 MB
| CUDA Device Num Multiprocessors:     13
|           CUDA Device Core Freq:   0.82 GHz
|
|--------------------------------------------------------
 
 
| Conditional Compilation Defines Used:
| PUBFFT
| BINTRAJ
| CUDA
| EMIL

| Largest sphere to fit in unit cell has radius =    27.333

| New format PARM file being parsed.
| Version =    1.000 Date = 06/13/20 Time = 15:21:32

| Note: 1-4 EEL scale factors are being read from the topology file.

| Note: 1-4 VDW scale factors are being read from the topology file.
| Duplicated    0 dihedrals

| Duplicated    0 dihedrals

--------------------------------------------------------------------------------
   1.  RESOURCE   USE: 
--------------------------------------------------------------------------------

 getting box info from netcdf restart file
 NATOM  =   20855 NTYPES =       6 NBONH =   20847 MBONA  =       6
 NTHETH =      12 MTHETA =       6 NPHIH =      24 MPHIA  =       2
 NHPARM =       0 NPARM  =       0 NNB   =   27832 NRES   =    6949
 NBONA  =       6 NTHETA =       6 NPHIA =       2 NUMBND =       5
 NUMANG =       4 NPTRA  =       3 NATYP =       6 NPHB   =       1
 IFBOX  =       2 NMXRS  =       7 IFCAP =       0 NEXTRA =       0
 NCOPY  =       0

| Coordinate Index Table dimensions:    10   10   10
| Direct force subcell size =     6.6953    6.6953    6.6953

     BOX TYPE: TRUNCATED OCTAHEDRON

--------------------------------------------------------------------------------
   2.  CONTROL  DATA  FOR  THE  RUN
--------------------------------------------------------------------------------

default_name                                                                    

General flags:
     imin    =       0, nmropt  =       1

Nature and format of input:
     ntx     =       1, irest   =       0, ntrx    =       1

Nature and format of output:
     ntxo    =       2, ntpr    =    5000, ntrx    =       1, ntwr    =    5000
     iwrap   =       0, ntwx    =   10000, ntwv    =       0, ntwe    =       0
     ioutfm  =       1, ntwprt  =       0, idecomp =       0, rbornstat=      0

Potential function:
     ntf     =       2, ntb     =       1, igb     =       0, nsnb    =      25
     ipol    =       0, gbsa    =       0, iesp    =       0
     dielc   =   1.00000, cut     =  10.00000, intdiel =   1.00000

Frozen or restrained atoms:
     ibelly  =       0, ntr     =       0

Molecular dynamics:
     nstlim  =    100000, nscm    =      1000, nrespa  =         1
     t       =   0.00000, dt      =   0.00200, vlimit  =  -1.00000

Langevin dynamics temperature regulation:
     ig      =  568621
     temp0   = 300.00000, tempi   =   0.00000, gamma_ln=   2.00000

SHAKE:
     ntc     =       2, jfastw  =       0
     tol     =   0.00001

NMR refinement options:
     iscale  =       0, noeskp  =       1, ipnlty  =       1, mxsub   =       1
     scalm   = 100.00000, pencut  =   0.10000, tausw   =   0.10000

Free energy options:
     icfe    =       1, ifsc    =       0, klambda =       1
     clambda =  0.9908, scalpha =  0.5000, scbeta  = 12.0000
     sceeorder =       2
     dynlmb =  0.0000 logdvdl =       0

| Intermolecular bonds treatment:
|     no_intermolecular_bonds =       1

| Energy averages sample interval:
|     ene_avg_sampling =    5000

Ewald parameters:
     verbose =       0, ew_type =       0, nbflag  =       1, use_pme =       1
     vdwmeth =       1, eedmeth =       1, netfrc  =       1
     Box X =   66.953   Box Y =   66.953   Box Z =   66.953
     Alpha =  109.471   Beta  =  109.471   Gamma =  109.471
     NFFT1 =   64       NFFT2 =   64       NFFT3 =   64
     Cutoff=   10.000   Tol   =0.100E-04
     Ewald Coefficient =  0.27511
     Interpolation order =    4
     TI Mask 1 :1; matches      7 atoms
     TI Mask 2 :2; matches      7 atoms
     TI region 1:   20848 atoms
     TI region 2:   20848 atoms
Removing charge of      -0.8188 from atom       8
Removing charge of      -0.8188 from atom       9
Removing charge of       0.8054 from atom      10
Removing charge of      -0.1021 from atom      11
Removing charge of      -0.0219 from atom      12
Removing charge of      -0.0219 from atom      13
Removing charge of      -0.0219 from atom      14
Total charge of  -0.99999900 removed from       7 atoms
     Checking for mismatched coordinates.

--------------------------------------------------------------------------------
   3.  ATOMIC COORDINATES AND VELOCITIES
--------------------------------------------------------------------------------

default_name                                                                    
 begin time read from input coords =     0.000 ps



           Begin reading energy term weight changes/NMR restraints
 WEIGHT CHANGES:
 TEMP0         0  90000    0.000000  300.000000      0      0
 TEMP0     90001 100000  300.000000  300.000000      0      0
 DUMPFREQ  10000      0    0.000000    0.000000      0      0

 RESTRAINTS:
                          ** No restraint defined **

                  Done reading weight changes/NMR restraints


 
 Number of triangulated 3-point waters found:     6947

     Sum of charges for TI region  1 =  -0.99999900
     Assuming uniform neutralizing plasma


     Sum of charges for TI region  2 =   0.00000000
     Forcing neutrality...

| Dynamic Memory, Types Used:
| Reals              915248
| Integers           793196

| Nonbonded Pairs Initial Allocation:     6308116

| GPU memory information (estimate):
| KB of GPU memory in use:         0
| KB of CPU memory in use:         0

--------------------------------------------------------------------------------
   4.  RESULTS
--------------------------------------------------------------------------------


| TI region  1


 NSTEP =        0   TIME(PS) =       0.000  TEMP(K) =     0.00  PRESS =     0.0
 Etot   =    -64929.1181  EKtot   =         0.0000  EPtot      =    -64929.1181
 BOND   =         0.0164  ANGLE   =         2.7933  DIHED      =         5.2200
 1-4 NB =         0.3073  1-4 EEL =         0.0963  VDWAALS    =      5041.7980
 EELEC  =    -69979.3495  EHBOND  =         0.0000  RESTRAINT  =         0.0000
 DV/DL  =         1.9767
 ------------------------------------------------------------------------------


| TI region  2


 NSTEP =        0   TIME(PS) =       0.000  TEMP(K) =     0.00  PRESS =     0.0
 Etot   =    -64929.1181  EKtot   =         0.0000  EPtot      =    -64929.1181
 BOND   =         0.0164  ANGLE   =         2.7933  DIHED      =         5.2200
 1-4 NB =         0.3073  1-4 EEL =         0.0963  VDWAALS    =      5041.7980
 EELEC  =    -69979.3495  EHBOND  =         0.0000  RESTRAINT  =         0.0000
 DV/DL  =         1.9767
 ------------------------------------------------------------------------------

 NMR restraints: Bond =    0.000   Angle =     0.000   Torsion =     0.000
===============================================================================

| TI region  1


 NSTEP =     5000   TIME(PS) =      10.000  TEMP(K) =    16.18  PRESS =     0.0
 Etot   =    -81837.3793  EKtot   =       670.1987  EPtot      =    -82507.5781
 BOND   =         0.0346  ANGLE   =         2.9690  DIHED      =         5.2130
 1-4 NB =         0.2668  1-4 EEL =         0.0961  VDWAALS    =     14842.4172
 EELEC  =    -97358.5747  EHBOND  =         0.0000  RESTRAINT  =         0.0000
 DV/DL  =         5.7296
 ------------------------------------------------------------------------------


| TI region  2


 NSTEP =     5000   TIME(PS) =      10.000  TEMP(K) =    16.18  PRESS =     0.0
 Etot   =    -81837.3793  EKtot   =       670.1987  EPtot      =    -82507.5781
 BOND   =         0.0346  ANGLE   =         2.9690  DIHED      =         5.2130
 1-4 NB =         0.2668  1-4 EEL =         0.0961  VDWAALS    =     14842.4172
 EELEC  =    -97358.5747  EHBOND  =         0.0000  RESTRAINT  =         0.0000
 DV/DL  =         5.7296
 ------------------------------------------------------------------------------

 NMR restraints: Bond =    0.000   Angle =     0.000   Torsion =     0.000
===============================================================================

| TI region  1


 NSTEP =    10000   TIME(PS) =      20.000  TEMP(K) =    32.58  PRESS =     0.0
 Etot   =    -80671.2273  EKtot   =      1350.0477  EPtot      =    -82021.2750
 BOND   =         0.0080  ANGLE   =         3.2053  DIHED      =         5.2253
 1-4 NB =         0.2926  1-4 EEL =         0.0963  VDWAALS    =     15003.7988
 EELEC  =    -97033.9013  EHBOND  =         0.0000  RESTRAINT  =         0.0000
 DV/DL  =        -0.0052
 ------------------------------------------------------------------------------


| TI region  2


 NSTEP =    10000   TIME(PS) =      20.000  TEMP(K) =    32.58  PRESS =     0.0
 Etot   =    -80671.2273  EKtot   =      1350.0477  EPtot      =    -82021.2750
 BOND   =         0.0080  ANGLE   =         3.2053  DIHED      =         5.2253
 1-4 NB =         0.2926  1-4 EEL =         0.0963  VDWAALS    =     15003.7988
 EELEC  =    -97033.9013  EHBOND  =         0.0000  RESTRAINT  =         0.0000
 DV/DL  =        -0.0052
 ------------------------------------------------------------------------------

 NMR restraints: Bond =    0.000   Angle =     0.000   Torsion =     0.000
===============================================================================

| TI region  1


 NSTEP =    15000   TIME(PS) =      30.000  TEMP(K) =    49.27  PRESS =     0.0
 Etot   =    -79523.7424  EKtot   =      2041.3973  EPtot      =    -81565.1397
 BOND   =         0.0685  ANGLE   =         3.4260  DIHED      =         5.2234
 1-4 NB =         0.2489  1-4 EEL =         0.0955  VDWAALS    =     15001.6144
 EELEC  =    -96575.8164  EHBOND  =         0.0000  RESTRAINT  =         0.0000
 DV/DL  =        12.4800
 ------------------------------------------------------------------------------


| TI region  2


 NSTEP =    15000   TIME(PS) =      30.000  TEMP(K) =    49.27  PRESS =     0.0
 Etot   =    -79523.7424  EKtot   =      2041.3973  EPtot      =    -81565.1397
 BOND   =         0.0685  ANGLE   =         3.4260  DIHED      =         5.2234
 1-4 NB =         0.2489  1-4 EEL =         0.0955  VDWAALS    =     15001.6144
 EELEC  =    -96575.8164  EHBOND  =         0.0000  RESTRAINT  =         0.0000
 DV/DL  =        12.4800
 ------------------------------------------------------------------------------

 NMR restraints: Bond =    0.000   Angle =     0.000   Torsion =     0.000
===============================================================================

| TI region  1


 NSTEP =    20000   TIME(PS) =      40.000  TEMP(K) =    66.50  PRESS =     0.0
 Etot   =    -78355.6844  EKtot   =      2755.3500  EPtot      =    -81111.0344
 BOND   =         0.0885  ANGLE   =         2.8807  DIHED      =         5.2133
 1-4 NB =         0.3813  1-4 EEL =         0.0969  VDWAALS    =     15027.2224
 EELEC  =    -96146.9175  EHBOND  =         0.0000  RESTRAINT  =         0.0000
 DV/DL  =         6.9957
 ------------------------------------------------------------------------------


| TI region  2


 NSTEP =    20000   TIME(PS) =      40.000  TEMP(K) =    66.50  PRESS =     0.0
 Etot   =    -78355.6844  EKtot   =      2755.3500  EPtot      =    -81111.0344
 BOND   =         0.0885  ANGLE   =         2.8807  DIHED      =         5.2133
 1-4 NB =         0.3813  1-4 EEL =         0.0969  VDWAALS    =     15027.2224
 EELEC  =    -96146.9175  EHBOND  =         0.0000  RESTRAINT  =         0.0000
 DV/DL  =         6.9957
 ------------------------------------------------------------------------------

 NMR restraints: Bond =    0.000   Angle =     0.000   Torsion =     0.000
===============================================================================

| TI region  1


 NSTEP =    25000   TIME(PS) =      50.000  TEMP(K) =    82.49  PRESS =     0.0
 Etot   =    -77155.0030  EKtot   =      3417.7162  EPtot      =    -80572.7193
 BOND   =         0.1523  ANGLE   =         3.4533  DIHED      =         5.2187
 1-4 NB =         0.4265  1-4 EEL =         0.0975  VDWAALS    =     15057.4385
 EELEC  =    -95639.5061  EHBOND  =         0.0000  RESTRAINT  =         0.0000
 DV/DL  =         7.6941
 ------------------------------------------------------------------------------


| TI region  2


 NSTEP =    25000   TIME(PS) =      50.000  TEMP(K) =    82.49  PRESS =     0.0
 Etot   =    -77155.0030  EKtot   =      3417.7162  EPtot      =    -80572.7193
 BOND   =         0.1523  ANGLE   =         3.4533  DIHED      =         5.2187
 1-4 NB =         0.4265  1-4 EEL =         0.0975  VDWAALS    =     15057.4385
 EELEC  =    -95639.5061  EHBOND  =         0.0000  RESTRAINT  =         0.0000
 DV/DL  =         7.6941
 ------------------------------------------------------------------------------

 NMR restraints: Bond =    0.000   Angle =     0.000   Torsion =     0.000
===============================================================================

| TI region  1


 NSTEP =    30000   TIME(PS) =      60.000  TEMP(K) =    98.29  PRESS =     0.0
 Etot   =    -76051.4314  EKtot   =      4072.2812  EPtot      =    -80123.7126
 BOND   =         0.9556  ANGLE   =         3.5220  DIHED      =         5.2509
 1-4 NB =         0.1688  1-4 EEL =         0.0950  VDWAALS    =     14858.0614
 EELEC  =    -94991.7663  EHBOND  =         0.0000  RESTRAINT  =         0.0000
 DV/DL  =        13.2643
 ------------------------------------------------------------------------------


| TI region  2


 NSTEP =    30000   TIME(PS) =      60.000  TEMP(K) =    98.29  PRESS =     0.0
 Etot   =    -76051.4314  EKtot   =      4072.2812  EPtot      =    -80123.7126
 BOND   =         0.9556  ANGLE   =         3.5220  DIHED      =         5.2509
 1-4 NB =         0.1688  1-4 EEL =         0.0950  VDWAALS    =     14858.0614
 EELEC  =    -94991.7663  EHBOND  =         0.0000  RESTRAINT  =         0.0000
 DV/DL  =        13.2643
 ------------------------------------------------------------------------------

 NMR restraints: Bond =    0.000   Angle =     0.000   Torsion =     0.000
===============================================================================

| TI region  1


 NSTEP =    35000   TIME(PS) =      70.000  TEMP(K) =   115.71  PRESS =     0.0
 Etot   =    -74707.1696  EKtot   =      4794.2615  EPtot      =    -79501.4311
 BOND   =         0.5025  ANGLE   =         3.9810  DIHED      =         5.2039
 1-4 NB =         0.4692  1-4 EEL =         0.0973  VDWAALS    =     14752.6811
 EELEC  =    -94264.3660  EHBOND  =         0.0000  RESTRAINT  =         0.0000
 DV/DL  =         8.1985
 ------------------------------------------------------------------------------


| TI region  2


 NSTEP =    35000   TIME(PS) =      70.000  TEMP(K) =   115.71  PRESS =     0.0
 Etot   =    -74707.1696  EKtot   =      4794.2615  EPtot      =    -79501.4311
 BOND   =         0.5025  ANGLE   =         3.9810  DIHED      =         5.2039
 1-4 NB =         0.4692  1-4 EEL =         0.0973  VDWAALS    =     14752.6811
 EELEC  =    -94264.3660  EHBOND  =         0.0000  RESTRAINT  =         0.0000
 DV/DL  =         8.1985
 ------------------------------------------------------------------------------

 NMR restraints: Bond =    0.000   Angle =     0.000   Torsion =     0.000
===============================================================================

| TI region  1


 NSTEP =    40000   TIME(PS) =      80.000  TEMP(K) =   131.23  PRESS =     0.0
 Etot   =    -73431.0789  EKtot   =      5437.3885  EPtot      =    -78868.4674
 BOND   =         0.8680  ANGLE   =         3.0425  DIHED      =         5.2539
 1-4 NB =         0.4250  1-4 EEL =         0.0973  VDWAALS    =     14595.9594
 EELEC  =    -93474.1135  EHBOND  =         0.0000  RESTRAINT  =         0.0000
 DV/DL  =         5.8845
 ------------------------------------------------------------------------------


| TI region  2


 NSTEP =    40000   TIME(PS) =      80.000  TEMP(K) =   131.23  PRESS =     0.0
 Etot   =    -73431.0789  EKtot   =      5437.3885  EPtot      =    -78868.4674
 BOND   =         0.8680  ANGLE   =         3.0425  DIHED      =         5.2539
 1-4 NB =         0.4250  1-4 EEL =         0.0973  VDWAALS    =     14595.9594
 EELEC  =    -93474.1135  EHBOND  =         0.0000  RESTRAINT  =         0.0000
 DV/DL  =         5.8845
 ------------------------------------------------------------------------------

 NMR restraints: Bond =    0.000   Angle =     0.000   Torsion =     0.000
===============================================================================

| TI region  1


 NSTEP =    45000   TIME(PS) =      90.000  TEMP(K) =   150.00  PRESS =     0.0
 Etot   =    -71910.0512  EKtot   =      6214.9281  EPtot      =    -78124.9793
 BOND   =         0.2197  ANGLE   =         3.9340  DIHED      =         5.3568
 1-4 NB =         0.3870  1-4 EEL =         0.0965  VDWAALS    =     14232.9694
 EELEC  =    -92367.9428  EHBOND  =         0.0000  RESTRAINT  =         0.0000
 DV/DL  =         0.3343
 ------------------------------------------------------------------------------


| TI region  2


 NSTEP =    45000   TIME(PS) =      90.000  TEMP(K) =   150.00  PRESS =     0.0
 Etot   =    -71910.0512  EKtot   =      6214.9281  EPtot      =    -78124.9793
 BOND   =         0.2197  ANGLE   =         3.9340  DIHED      =         5.3568
 1-4 NB =         0.3870  1-4 EEL =         0.0965  VDWAALS    =     14232.9694
 EELEC  =    -92367.9428  EHBOND  =         0.0000  RESTRAINT  =         0.0000
 DV/DL  =         0.3343
 ------------------------------------------------------------------------------

 NMR restraints: Bond =    0.000   Angle =     0.000   Torsion =     0.000
===============================================================================

| TI region  1


 NSTEP =    50000   TIME(PS) =     100.000  TEMP(K) =   167.52  PRESS =     0.0
 Etot   =    -70524.7132  EKtot   =      6940.9976  EPtot      =    -77465.7108
 BOND   =         0.8454  ANGLE   =         4.4628  DIHED      =         5.2115
 1-4 NB =         0.6669  1-4 EEL =         0.0978  VDWAALS    =     13955.8971
 EELEC  =    -91432.8924  EHBOND  =         0.0000  RESTRAINT  =         0.0000
 DV/DL  =        10.7796
 ------------------------------------------------------------------------------


| TI region  2


 NSTEP =    50000   TIME(PS) =     100.000  TEMP(K) =   167.52  PRESS =     0.0
 Etot   =    -70524.7132  EKtot   =      6940.9976  EPtot      =    -77465.7108
 BOND   =         0.8454  ANGLE   =         4.4628  DIHED      =         5.2115
 1-4 NB =         0.6669  1-4 EEL =         0.0978  VDWAALS    =     13955.8971
 EELEC  =    -91432.8924  EHBOND  =         0.0000  RESTRAINT  =         0.0000
 DV/DL  =        10.7796
 ------------------------------------------------------------------------------

 NMR restraints: Bond =    0.000   Angle =     0.000   Torsion =     0.000
===============================================================================

| TI region  1


 NSTEP =    55000   TIME(PS) =     110.000  TEMP(K) =   182.03  PRESS =     0.0
 Etot   =    -69141.6619  EKtot   =      7541.8523  EPtot      =    -76683.5142
 BOND   =         0.2721  ANGLE   =         4.0575  DIHED      =         5.2140
 1-4 NB =         0.3793  1-4 EEL =         0.0968  VDWAALS    =     13777.2317
 EELEC  =    -90470.7655  EHBOND  =         0.0000  RESTRAINT  =         0.0000
 DV/DL  =        16.2070
 ------------------------------------------------------------------------------


| TI region  2


 NSTEP =    55000   TIME(PS) =     110.000  TEMP(K) =   182.03  PRESS =     0.0
 Etot   =    -69141.6619  EKtot   =      7541.8523  EPtot      =    -76683.5142
 BOND   =         0.2721  ANGLE   =         4.0575  DIHED      =         5.2140
 1-4 NB =         0.3793  1-4 EEL =         0.0968  VDWAALS    =     13777.2317
 EELEC  =    -90470.7655  EHBOND  =         0.0000  RESTRAINT  =         0.0000
 DV/DL  =        16.2070
 ------------------------------------------------------------------------------

 NMR restraints: Bond =    0.000   Angle =     0.000   Torsion =     0.000
===============================================================================

| TI region  1


 NSTEP =    60000   TIME(PS) =     120.000  TEMP(K) =   199.75  PRESS =     0.0
 Etot   =    -67124.1017  EKtot   =      8276.3992  EPtot      =    -75400.5010
 BOND   =         0.5431  ANGLE   =         4.6027  DIHED      =         5.2164
 1-4 NB =         0.9455  1-4 EEL =         0.1001  VDWAALS    =     13325.6630
 EELEC  =    -88737.5717  EHBOND  =         0.0000  RESTRAINT  =         0.0000
 DV/DL  =        10.4010
 ------------------------------------------------------------------------------


| TI region  2


 NSTEP =    60000   TIME(PS) =     120.000  TEMP(K) =   199.75  PRESS =     0.0
 Etot   =    -67124.1017  EKtot   =      8276.3992  EPtot      =    -75400.5010
 BOND   =         0.5431  ANGLE   =         4.6027  DIHED      =         5.2164
 1-4 NB =         0.9455  1-4 EEL =         0.1001  VDWAALS    =     13325.6630
 EELEC  =    -88737.5717  EHBOND  =         0.0000  RESTRAINT  =         0.0000
 DV/DL  =        10.4010
 ------------------------------------------------------------------------------

 NMR restraints: Bond =    0.000   Angle =     0.000   Torsion =     0.000
===============================================================================

| TI region  1


 NSTEP =    65000   TIME(PS) =     130.000  TEMP(K) =   213.97  PRESS =     0.0
 Etot   =    -64993.6763  EKtot   =      8865.2335  EPtot      =    -73858.9099
 BOND   =         0.2535  ANGLE   =         5.4800  DIHED      =         5.2077
 1-4 NB =         0.1489  1-4 EEL =         0.0952  VDWAALS    =     12355.6690
 EELEC  =    -86225.7642  EHBOND  =         0.0000  RESTRAINT  =         0.0000
 DV/DL  =         2.1950
 ------------------------------------------------------------------------------


| TI region  2


 NSTEP =    65000   TIME(PS) =     130.000  TEMP(K) =   213.97  PRESS =     0.0
 Etot   =    -64993.6763  EKtot   =      8865.2335  EPtot      =    -73858.9099
 BOND   =         0.2535  ANGLE   =         5.4800  DIHED      =         5.2077
 1-4 NB =         0.1489  1-4 EEL =         0.0952  VDWAALS    =     12355.6690
 EELEC  =    -86225.7642  EHBOND  =         0.0000  RESTRAINT  =         0.0000
 DV/DL  =         2.1950
 ------------------------------------------------------------------------------

 NMR restraints: Bond =    0.000   Angle =     0.000   Torsion =     0.000
===============================================================================

| TI region  1


 NSTEP =    70000   TIME(PS) =     140.000  TEMP(K) =   230.24  PRESS =     0.0
 Etot   =    -62362.9594  EKtot   =      9539.7242  EPtot      =    -71902.6836
 BOND   =         1.3762  ANGLE   =         6.3230  DIHED      =         5.2558
 1-4 NB =         0.3760  1-4 EEL =         0.0954  VDWAALS    =     11568.7208
 EELEC  =    -83484.8307  EHBOND  =         0.0000  RESTRAINT  =         0.0000
 DV/DL  =        16.6994
 ------------------------------------------------------------------------------


| TI region  2


 NSTEP =    70000   TIME(PS) =     140.000  TEMP(K) =   230.24  PRESS =     0.0
 Etot   =    -62362.9594  EKtot   =      9539.7242  EPtot      =    -71902.6836
 BOND   =         1.3762  ANGLE   =         6.3230  DIHED      =         5.2558
 1-4 NB =         0.3760  1-4 EEL =         0.0954  VDWAALS    =     11568.7208
 EELEC  =    -83484.8307  EHBOND  =         0.0000  RESTRAINT  =         0.0000
 DV/DL  =        16.6994
 ------------------------------------------------------------------------------

 NMR restraints: Bond =    0.000   Angle =     0.000   Torsion =     0.000
===============================================================================

| TI region  1


 NSTEP =    75000   TIME(PS) =     150.000  TEMP(K) =   247.37  PRESS =     0.0
 Etot   =    -59699.6082  EKtot   =     10249.2324  EPtot      =    -69948.8407
 BOND   =         0.1353  ANGLE   =         4.1950  DIHED      =         5.2415
 1-4 NB =         0.3259  1-4 EEL =         0.0964  VDWAALS    =     10901.0038
 EELEC  =    -80859.8385  EHBOND  =         0.0000  RESTRAINT  =         0.0000
 DV/DL  =        -4.4250
 ------------------------------------------------------------------------------


| TI region  2


 NSTEP =    75000   TIME(PS) =     150.000  TEMP(K) =   247.37  PRESS =     0.0
 Etot   =    -59699.6082  EKtot   =     10249.2324  EPtot      =    -69948.8407
 BOND   =         0.1353  ANGLE   =         4.1950  DIHED      =         5.2415
 1-4 NB =         0.3259  1-4 EEL =         0.0964  VDWAALS    =     10901.0038
 EELEC  =    -80859.8385  EHBOND  =         0.0000  RESTRAINT  =         0.0000
 DV/DL  =        -4.4250
 ------------------------------------------------------------------------------

 NMR restraints: Bond =    0.000   Angle =     0.000   Torsion =     0.000
===============================================================================

| TI region  1


 NSTEP =    80000   TIME(PS) =     160.000  TEMP(K) =   263.30  PRESS =     0.0
 Etot   =    -57223.1627  EKtot   =     10909.1557  EPtot      =    -68132.3184
 BOND   =         1.0208  ANGLE   =         4.6862  DIHED      =         5.2453
 1-4 NB =         0.3977  1-4 EEL =         0.0965  VDWAALS    =     10426.8842
 EELEC  =    -78570.6490  EHBOND  =         0.0000  RESTRAINT  =         0.0000
 DV/DL  =        15.3985
 ------------------------------------------------------------------------------


| TI region  2


 NSTEP =    80000   TIME(PS) =     160.000  TEMP(K) =   263.30  PRESS =     0.0
 Etot   =    -57223.1627  EKtot   =     10909.1557  EPtot      =    -68132.3184
 BOND   =         1.0208  ANGLE   =         4.6862  DIHED      =         5.2453
 1-4 NB =         0.3977  1-4 EEL =         0.0965  VDWAALS    =     10426.8842
 EELEC  =    -78570.6490  EHBOND  =         0.0000  RESTRAINT  =         0.0000
 DV/DL  =        15.3985
 ------------------------------------------------------------------------------

 NMR restraints: Bond =    0.000   Angle =     0.000   Torsion =     0.000
===============================================================================

| TI region  1


 NSTEP =    85000   TIME(PS) =     170.000  TEMP(K) =   277.48  PRESS =     0.0
 Etot   =    -55109.4639  EKtot   =     11496.9467  EPtot      =    -66606.4106
 BOND   =         0.0716  ANGLE   =         4.2805  DIHED      =         5.3330
 1-4 NB =         0.6237  1-4 EEL =         0.0979  VDWAALS    =     10205.5018
 EELEC  =    -76822.3191  EHBOND  =         0.0000  RESTRAINT  =         0.0000
 DV/DL  =         9.2630
 ------------------------------------------------------------------------------


| TI region  2


 NSTEP =    85000   TIME(PS) =     170.000  TEMP(K) =   277.48  PRESS =     0.0
 Etot   =    -55109.4639  EKtot   =     11496.9467  EPtot      =    -66606.4106
 BOND   =         0.0716  ANGLE   =         4.2805  DIHED      =         5.3330
 1-4 NB =         0.6237  1-4 EEL =         0.0979  VDWAALS    =     10205.5018
 EELEC  =    -76822.3191  EHBOND  =         0.0000  RESTRAINT  =         0.0000
 DV/DL  =         9.2630
 ------------------------------------------------------------------------------

 NMR restraints: Bond =    0.000   Angle =     0.000   Torsion =     0.000
===============================================================================

| TI region  1


 NSTEP =    90000   TIME(PS) =     180.000  TEMP(K) =   297.05  PRESS =     0.0
 Etot   =    -53068.1460  EKtot   =     12307.7539  EPtot      =    -65375.8999
 BOND   =         1.2417  ANGLE   =         4.6695  DIHED      =         5.3058
 1-4 NB =         0.4966  1-4 EEL =         0.0982  VDWAALS    =      9674.6347
 EELEC  =    -75062.3463  EHBOND  =         0.0000  RESTRAINT  =         0.0000
 DV/DL  =        12.0096
 ------------------------------------------------------------------------------


| TI region  2


 NSTEP =    90000   TIME(PS) =     180.000  TEMP(K) =   297.05  PRESS =     0.0
 Etot   =    -53068.1460  EKtot   =     12307.7539  EPtot      =    -65375.8999
 BOND   =         1.2417  ANGLE   =         4.6695  DIHED      =         5.3058
 1-4 NB =         0.4966  1-4 EEL =         0.0982  VDWAALS    =      9674.6347
 EELEC  =    -75062.3463  EHBOND  =         0.0000  RESTRAINT  =         0.0000
 DV/DL  =        12.0096
 ------------------------------------------------------------------------------

 NMR restraints: Bond =    0.000   Angle =     0.000   Torsion =     0.000
===============================================================================

| TI region  1


 NSTEP =    95000   TIME(PS) =     190.000  TEMP(K) =   300.75  PRESS =     0.0
 Etot   =    -52883.0515  EKtot   =     12460.8283  EPtot      =    -65343.8798
 BOND   =         0.1279  ANGLE   =         5.6511  DIHED      =         5.2293
 1-4 NB =         0.4060  1-4 EEL =         0.0975  VDWAALS    =      9567.7286
 EELEC  =    -74923.1204  EHBOND  =         0.0000  RESTRAINT  =         0.0000
 DV/DL  =         4.6570
 ------------------------------------------------------------------------------


| TI region  2


 NSTEP =    95000   TIME(PS) =     190.000  TEMP(K) =   300.75  PRESS =     0.0
 Etot   =    -52883.0515  EKtot   =     12460.8283  EPtot      =    -65343.8798
 BOND   =         0.1279  ANGLE   =         5.6511  DIHED      =         5.2293
 1-4 NB =         0.4060  1-4 EEL =         0.0975  VDWAALS    =      9567.7286
 EELEC  =    -74923.1204  EHBOND  =         0.0000  RESTRAINT  =         0.0000
 DV/DL  =         4.6570
 ------------------------------------------------------------------------------

 NMR restraints: Bond =    0.000   Angle =     0.000   Torsion =     0.000
===============================================================================

| TI region  1


 NSTEP =   100000   TIME(PS) =     200.000  TEMP(K) =   301.58  PRESS =     0.0
 Etot   =    -52694.6332  EKtot   =     12495.4557  EPtot      =    -65190.0889
 BOND   =         1.5873  ANGLE   =         5.6304  DIHED      =         5.5155
 1-4 NB =         0.9780  1-4 EEL =         0.0985  VDWAALS    =      9709.4338
 EELEC  =    -74913.3325  EHBOND  =         0.0000  RESTRAINT  =         0.0000
 DV/DL  =         4.8908
 ------------------------------------------------------------------------------


| TI region  2


 NSTEP =   100000   TIME(PS) =     200.000  TEMP(K) =   301.58  PRESS =     0.0
 Etot   =    -52694.6332  EKtot   =     12495.4557  EPtot      =    -65190.0889
 BOND   =         1.5873  ANGLE   =         5.6304  DIHED      =         5.5155
 1-4 NB =         0.9780  1-4 EEL =         0.0985  VDWAALS    =      9709.4338
 EELEC  =    -74913.3325  EHBOND  =         0.0000  RESTRAINT  =         0.0000
 DV/DL  =         4.8908
 ------------------------------------------------------------------------------

 NMR restraints: Bond =    0.000   Angle =     0.000   Torsion =     0.000
===============================================================================

| TI region  1


      A V E R A G E S   O V E R      20 S T E P S


 NSTEP =   100000   TIME(PS) =     200.000  TEMP(K) =   171.16  PRESS =     0.0
 Etot   =    -67923.3973  EKtot   =      7091.8574  EPtot      =    -75015.2547
 BOND   =         0.5186  ANGLE   =         4.2226  DIHED      =         5.2567
 1-4 NB =         0.4405  1-4 EEL =         0.0969  VDWAALS    =     12942.0266
 EELEC  =    -87967.8167  EHBOND  =         0.0000  RESTRAINT  =         0.0000
 DV/DL  =         7.9326
 ------------------------------------------------------------------------------

 NMR restraints: Bond =    0.000   Angle =     0.000   Torsion =     0.000
===============================================================================

      R M S  F L U C T U A T I O N S


 NSTEP =   100000   TIME(PS) =     200.000  TEMP(K) =    91.88  PRESS =     0.0
 Etot   =      9789.1820  EKtot   =      3806.9811  EPtot      =      6056.4179
 BOND   =         0.4904  ANGLE   =         0.9571  DIHED      =         0.0723
 1-4 NB =         0.2134  1-4 EEL =         0.0012  VDWAALS    =      2084.1440
 EELEC  =      8127.3495  EHBOND  =         0.0000  RESTRAINT  =         0.0000
 DV/DL  =         5.5640
 ------------------------------------------------------------------------------


| TI region  2


      A V E R A G E S   O V E R      20 S T E P S


 NSTEP =   100000   TIME(PS) =     200.000  TEMP(K) =   171.16  PRESS =     0.0
 Etot   =    -67923.3973  EKtot   =      7091.8574  EPtot      =    -75015.2547
 BOND   =         0.5186  ANGLE   =         4.2226  DIHED      =         5.2567
 1-4 NB =         0.4405  1-4 EEL =         0.0969  VDWAALS    =     12942.0266
 EELEC  =    -87967.8167  EHBOND  =         0.0000  RESTRAINT  =         0.0000
 DV/DL  =         7.9326
 ------------------------------------------------------------------------------

 NMR restraints: Bond =    0.000   Angle =     0.000   Torsion =     0.000
===============================================================================

      R M S  F L U C T U A T I O N S


 NSTEP =   100000   TIME(PS) =     200.000  TEMP(K) =    91.88  PRESS =     0.0
 Etot   =      9789.1820  EKtot   =      3806.9811  EPtot      =      6056.4179
 BOND   =         0.4904  ANGLE   =         0.9571  DIHED      =         0.0723
 1-4 NB =         0.2134  1-4 EEL =         0.0012  VDWAALS    =      2084.1440
 EELEC  =      8127.3495  EHBOND  =         0.0000  RESTRAINT  =         0.0000
 DV/DL  =         5.5640
 ------------------------------------------------------------------------------


      DV/DL, AVERAGES OVER      20 STEPS


 NSTEP =   100000   TIME(PS) =     200.000  TEMP(K) =    91.88  PRESS =     0.0
 Etot   =         0.0000  EKtot   =         0.0000  EPtot      =         7.9326
 BOND   =         0.0000  ANGLE   =         0.0000  DIHED      =         0.0000
 1-4 NB =         0.0000  1-4 EEL =       -10.5134  VDWAALS    =         0.0000
 EELEC  =        18.4460  EHBOND  =         0.0000  RESTRAINT  =         0.0000
 DV/DL  =         7.9326
 ------------------------------------------------------------------------------


 NMR restraints on final step:

--------------------------------------------------------------------------------
   5.  TIMINGS
--------------------------------------------------------------------------------

|  NonSetup CPU Time in Major Routines:
|
|     Routine           Sec        %
|     ------------------------------
|     Nonbond          85.26   34.03
|     Bond              0.00    0.00
|     Angle             0.00    0.00
|     Dihedral          0.00    0.00
|     Shake             0.81    0.32
|     RunMD           164.17   65.53
|     Other             0.29    0.11
|     ------------------------------
|     Total           250.52

|  PME Nonbond Pairlist CPU Time:
|
|     Routine              Sec        %
|     ---------------------------------
|     Set Up Cit           0.00    0.00
|     Build List           0.00    0.00
|     ---------------------------------
|     Total                0.00    0.00

|  PME Direct Force CPU Time:
|
|     Routine              Sec        %
|     ---------------------------------
|     NonBonded Calc       0.00    0.00
|     Exclude Masked       0.00    0.00
|     Other                0.19    0.07
|     ---------------------------------
|     Total                0.19    0.07

|  PME Reciprocal Force CPU Time:
|
|     Routine              Sec        %
|     ---------------------------------
|     1D bspline           0.00    0.00
|     Grid Charges         0.00    0.00
|     Scalar Sum           0.00    0.00
|     Gradient Sum         0.00    0.00
|     FFT                  0.00    0.00
|     ---------------------------------
|     Total                0.00    0.00

|  Final Performance Info:
|     -----------------------------------------------------
|     Average timings for last       1 steps:
|     Elapsed(s) =       0.00 Per Step(ms) =       1.01
|         ns/day =     170.72   seconds/ns =     506.10
|
|     Average timings for all steps:
|     Elapsed(s) =     251.10 Per Step(ms) =       2.51
|         ns/day =      68.82   seconds/ns =    1255.52
|     -----------------------------------------------------

|  Setup CPU time:            0.54 seconds
|  NonSetup CPU time:       250.52 seconds
|  Total CPU time:          251.07 seconds     0.07 hours

|  Setup wall time:           0    seconds
|  NonSetup wall time:      251    seconds
|  Total wall time:         251    seconds     0.07 hours
