
          -------------------------------------------------------
          Amber 18 PMEMD                              2018
          -------------------------------------------------------

| PMEMD implementation of SANDER, Release 18

| Run on 07/20/2020 at 15:33:11

|   Executable path: /opt/software/Amber/18-foss-2018b-AmberTools-19/bin/pmemd.cuda
| Working directory: /mnt/gs18/scratch/users/songlin3/run/1264_optimization/acetate/two_steps_ti3p_gas/step1/0.79366
|          Hostname: lac-083

  [-O]verwriting output

File Assignments:
|   MDIN: heat.in                                                               
|  MDOUT: heat.out                                                              
| INPCRD: min.rst                                                               
|   PARM: step1_final.prmtop                                                    
| RESTRT: heat.rst                                                              
|   REFC: min.rst                                                               
|  MDVEL: mdvel                                                                 
|   MDEN: mden                                                                  
|  MDCRD: heat.netcdf                                                           
| MDINFO: heat.mdinfo                                                           
|  MDFRC: mdfrc                                                                 


 Here is the input file:

nvt for free MD                                                                
 &cntrl                                                                        
  imin=0,                                                                      
  irest=0,                                                                     
  ntx=1,                                                                       
  ig=-1,                                                                       
  nstlim=100000,                                                               
  dt=0.002,                                                                    
  cut=10.0,                                                                    
  ntc=2,                                                                       
  ntf=2,                                                                       
  ntb=1,                                                                       
  ntt=3,                                                                       
  gamma_ln=2.0,                                                                
  tempi=0.0,                                                                   
  temp0=300.0,                                                                 
  ntpr=5000,                                                                   
  ntwr=5000,                                                                   
  ntwx=10000,                                                                  
  ntwv=0,                                                                      
  ioutfm=1,                                                                    
  iwrap=0,                                                                     
  nmropt=1,                                                                    
  ifsc = 0, icfe=1,                                                            
  clambda=0.79366,                                                             
  timask1=':1',                                                                
  timask2=':2', crgmask = ':2',                                                
/                                                                              
&wt TYPE='TEMP0', istep1=0, istep2=90000, value1=0.0, value2=300.0 /           
&wt TYPE='TEMP0', istep1=90001, istep2=100000, value1=300.0, value2=300.0 /    
&wt TYPE='DUMPFREQ', istep1=10000, /                                           
&wt TYPE='END', /                                                              


Note: ig = -1. Setting random seed to   553242 based on wallclock time in 
      microseconds.
| irandom = 1, using AMBER's internal random number generator (default).
 
|--------------------- INFORMATION ----------------------
| GPU (CUDA) Version of PMEMD in use: NVIDIA GPU IN USE.
|                    Version 18.0.0
| 
|                      03/25/2018
| 
| Implementation by:
|                    Ross C. Walker     (SDSC)
|                    Scott Le Grand     (nVIDIA)
| 
| Version 18 performance extensions by:
|                    David Cerutti     (Rutgers)
| 
| Precision model in use:
|      [SPFP] - Single Precision Forces, 64-bit Fixed Point
|               Accumulation. (Default)
| 
|--------------------------------------------------------
 
|----------------- CITATION INFORMATION -----------------
|
|    When publishing work that utilized the CUDA version
|    of AMBER, please cite the following in addition to
|    the regular AMBER citations:
|
|  - Romelia Salomon-Ferrer; Andreas W. Goetz; Duncan
|    Poole; Scott Le Grand; Ross C. Walker "Routine
|    microsecond molecular dynamics simulations with
|    AMBER - Part II: Particle Mesh Ewald", J. Chem.
|    Theory Comput., 2013, 9 (9), pp3878-3888,
|    DOI: 10.1021/ct400314y.
|
|  - Andreas W. Goetz; Mark J. Williamson; Dong Xu;
|    Duncan Poole; Scott Le Grand; Ross C. Walker
|    "Routine microsecond molecular dynamics simulations
|    with AMBER - Part I: Generalized Born", J. Chem.
|    Theory Comput., 2012, 8 (5), pp1542-1555.
|
|  - Scott Le Grand; Andreas W. Goetz; Ross C. Walker
|    "SPFP: Speed without compromise - a mixed precision
|    model for GPU accelerated molecular dynamics
|    simulations.", Comp. Phys. Comm., 2013, 184
|    pp374-380, DOI: 10.1016/j.cpc.2012.09.022
|
|    When publishing work that utilized the CUDA version
|    of TI, BAR, MBAR or FEP please cite the following 
|    three publications in addition to the regular AMBER 
|    GPU citations:
|
|  - Daniel J. Mermelstein; Charles Lin; Gard Nelson; 
|    Rachael Kretsch; J. Andrew McCammon; Ross C. Walker
|    "Fast and Flexible GPU Accelerated Binding 
|    Free Energy Calculations within the AMBER Molecular
|    Dynamics Package" J. Comp. Chem., 2018,
|    DOI: 10.1002/jcc.25187
|
|  - Tai-Sung Lee; Yuan Hu; Brad Sherborne; Zhuyan Guo;
|    Darrin M. York
|    "Toward Fast and Accurate Binding Affinity Prediction with
|    pmemdGTI: An Efficient Implementation of GPU-Accelerated
|    Thermodynamic Integration"
|    J. Chem. Theory Comput., 2017, 13 (7), 3077
|
|
|--------------------------------------------------------
 
|------------------- GPU DEVICE INFO --------------------
|
|            CUDA_VISIBLE_DEVICES: 0
|   CUDA Capable Devices Detected:      1
|           CUDA Device ID in use:      0
|                CUDA Device Name: Tesla K80
|     CUDA Device Global Mem Size:  12206 MB
| CUDA Device Num Multiprocessors:     13
|           CUDA Device Core Freq:   0.82 GHz
|
|--------------------------------------------------------
 
 
| Conditional Compilation Defines Used:
| PUBFFT
| BINTRAJ
| CUDA
| EMIL

| Largest sphere to fit in unit cell has radius =    27.333

| New format PARM file being parsed.
| Version =    1.000 Date = 07/20/20 Time = 15:32:15

| Note: 1-4 EEL scale factors are being read from the topology file.

| Note: 1-4 VDW scale factors are being read from the topology file.
| Duplicated    0 dihedrals

| Duplicated    0 dihedrals

--------------------------------------------------------------------------------
   1.  RESOURCE   USE: 
--------------------------------------------------------------------------------

 getting box info from netcdf restart file
 NATOM  =      14 NTYPES =       6 NBONH =       6 MBONA  =       6
 NTHETH =      12 MTHETA =       6 NPHIH =      24 MPHIA  =       2
 NHPARM =       0 NPARM  =       0 NNB   =      44 NRES   =       2
 NBONA  =       6 NTHETA =       6 NPHIA =       2 NUMBND =       3
 NUMANG =       4 NPTRA  =       3 NATYP =       6 NPHB   =       1
 IFBOX  =       2 NMXRS  =       7 IFCAP =       0 NEXTRA =       0
 NCOPY  =       0

| Coordinate Index Table dimensions:    10   10   10
| Direct force subcell size =     6.6953    6.6953    6.6953

     BOX TYPE: TRUNCATED OCTAHEDRON

--------------------------------------------------------------------------------
   2.  CONTROL  DATA  FOR  THE  RUN
--------------------------------------------------------------------------------

default_name                                                                    

General flags:
     imin    =       0, nmropt  =       1

Nature and format of input:
     ntx     =       1, irest   =       0, ntrx    =       1

Nature and format of output:
     ntxo    =       2, ntpr    =    5000, ntrx    =       1, ntwr    =    5000
     iwrap   =       0, ntwx    =   10000, ntwv    =       0, ntwe    =       0
     ioutfm  =       1, ntwprt  =       0, idecomp =       0, rbornstat=      0

Potential function:
     ntf     =       2, ntb     =       1, igb     =       0, nsnb    =      25
     ipol    =       0, gbsa    =       0, iesp    =       0
     dielc   =   1.00000, cut     =  10.00000, intdiel =   1.00000

Frozen or restrained atoms:
     ibelly  =       0, ntr     =       0

Molecular dynamics:
     nstlim  =    100000, nscm    =      1000, nrespa  =         1
     t       =   0.00000, dt      =   0.00200, vlimit  =  -1.00000

Langevin dynamics temperature regulation:
     ig      =  553242
     temp0   = 300.00000, tempi   =   0.00000, gamma_ln=   2.00000

SHAKE:
     ntc     =       2, jfastw  =       0
     tol     =   0.00001

NMR refinement options:
     iscale  =       0, noeskp  =       1, ipnlty  =       1, mxsub   =       1
     scalm   = 100.00000, pencut  =   0.10000, tausw   =   0.10000

Free energy options:
     icfe    =       1, ifsc    =       0, klambda =       1
     clambda =  0.7937, scalpha =  0.5000, scbeta  = 12.0000
     sceeorder =       2
     dynlmb =  0.0000 logdvdl =       0

| Intermolecular bonds treatment:
|     no_intermolecular_bonds =       1

| Energy averages sample interval:
|     ene_avg_sampling =    5000

Ewald parameters:
     verbose =       0, ew_type =       0, nbflag  =       1, use_pme =       1
     vdwmeth =       1, eedmeth =       1, netfrc  =       1
     Box X =   66.953   Box Y =   66.953   Box Z =   66.953
     Alpha =  109.471   Beta  =  109.471   Gamma =  109.471
     NFFT1 =   64       NFFT2 =   64       NFFT3 =   64
     Cutoff=   10.000   Tol   =0.100E-04
     Ewald Coefficient =  0.27511
     Interpolation order =    4
     TI Mask 1 :1; matches      7 atoms
     TI Mask 2 :2; matches      7 atoms
     TI region 1:       7 atoms
     TI region 2:       7 atoms
Removing charge of      -0.8188 from atom       8
Removing charge of      -0.8188 from atom       9
Removing charge of       0.8054 from atom      10
Removing charge of      -0.1021 from atom      11
Removing charge of      -0.0219 from atom      12
Removing charge of      -0.0219 from atom      13
Removing charge of      -0.0219 from atom      14
Total charge of  -0.99999900 removed from       7 atoms
     Checking for mismatched coordinates.

--------------------------------------------------------------------------------
   3.  ATOMIC COORDINATES AND VELOCITIES
--------------------------------------------------------------------------------

default_name                                                                    
 begin time read from input coords =     0.000 ps



           Begin reading energy term weight changes/NMR restraints
 WEIGHT CHANGES:
 TEMP0         0  90000    0.000000  300.000000      0      0
 TEMP0     90001 100000  300.000000  300.000000      0      0
 DUMPFREQ  10000      0    0.000000    0.000000      0      0

 RESTRAINTS:
                          ** No restraint defined **

                  Done reading weight changes/NMR restraints


 
 Number of triangulated 3-point waters found:        0

     Sum of charges for TI region  1 =  -0.99999900
     Assuming uniform neutralizing plasma


     Sum of charges for TI region  2 =   0.00000000
     Forcing neutrality...

| Dynamic Memory, Types Used:
| Reals              144127
| Integers             1238

| Nonbonded Pairs Initial Allocation:        4234

| GPU memory information (estimate):
| KB of GPU memory in use:         0
| KB of CPU memory in use:         0

--------------------------------------------------------------------------------
   4.  RESULTS
--------------------------------------------------------------------------------


| TI region  1


 NSTEP =        0   TIME(PS) =       0.000  TEMP(K) =     0.00  PRESS =     0.0
 Etot   =         8.8803  EKtot   =         0.0000  EPtot      =         8.8803
 BOND   =         0.0132  ANGLE   =         2.7921  DIHED      =         5.2200
 1-4 NB =         0.3086  1-4 EEL =         2.1569  VDWAALS    =        -0.0001
 EELEC  =        -1.6104  EHBOND  =         0.0000  RESTRAINT  =         0.0000
 DV/DL  =        -2.6488
 ------------------------------------------------------------------------------


| TI region  2


 NSTEP =        0   TIME(PS) =       0.000  TEMP(K) =     0.00  PRESS =     0.0
 Etot   =         8.8803  EKtot   =         0.0000  EPtot      =         8.8803
 BOND   =         0.0132  ANGLE   =         2.7921  DIHED      =         5.2200
 1-4 NB =         0.3086  1-4 EEL =         2.1569  VDWAALS    =        -0.0001
 EELEC  =        -1.6104  EHBOND  =         0.0000  RESTRAINT  =         0.0000
 DV/DL  =        -2.6488
 ------------------------------------------------------------------------------

 NMR restraints: Bond =    0.000   Angle =     0.000   Torsion =     0.000
===============================================================================

| TI region  1


 NSTEP =     5000   TIME(PS) =      10.000  TEMP(K) =    20.01  PRESS =     0.0
 Etot   =         9.4528  EKtot   =         0.3578  EPtot      =         9.0950
 BOND   =         0.0236  ANGLE   =         2.9069  DIHED      =         5.2232
 1-4 NB =         0.3814  1-4 EEL =         2.1707  VDWAALS    =        -0.0001
 EELEC  =        -1.6107  EHBOND  =         0.0000  RESTRAINT  =         0.0000
 DV/DL  =        -2.7143
 ------------------------------------------------------------------------------


| TI region  2


 NSTEP =     5000   TIME(PS) =      10.000  TEMP(K) =    20.01  PRESS =     0.0
 Etot   =         9.4528  EKtot   =         0.3578  EPtot      =         9.0950
 BOND   =         0.0236  ANGLE   =         2.9069  DIHED      =         5.2232
 1-4 NB =         0.3814  1-4 EEL =         2.1707  VDWAALS    =        -0.0001
 EELEC  =        -1.6107  EHBOND  =         0.0000  RESTRAINT  =         0.0000
 DV/DL  =        -2.7143
 ------------------------------------------------------------------------------

 NMR restraints: Bond =    0.000   Angle =     0.000   Torsion =     0.000
===============================================================================

| TI region  1


 NSTEP =    10000   TIME(PS) =      20.000  TEMP(K) =    34.52  PRESS =     0.0
 Etot   =        10.1236  EKtot   =         0.6174  EPtot      =         9.5062
 BOND   =         0.2351  ANGLE   =         3.0776  DIHED      =         5.2971
 1-4 NB =         0.3464  1-4 EEL =         2.1613  VDWAALS    =        -0.0001
 EELEC  =        -1.6112  EHBOND  =         0.0000  RESTRAINT  =         0.0000
 DV/DL  =        -2.6658
 ------------------------------------------------------------------------------


| TI region  2


 NSTEP =    10000   TIME(PS) =      20.000  TEMP(K) =    34.52  PRESS =     0.0
 Etot   =        10.1236  EKtot   =         0.6174  EPtot      =         9.5062
 BOND   =         0.2351  ANGLE   =         3.0776  DIHED      =         5.2971
 1-4 NB =         0.3464  1-4 EEL =         2.1613  VDWAALS    =        -0.0001
 EELEC  =        -1.6112  EHBOND  =         0.0000  RESTRAINT  =         0.0000
 DV/DL  =        -2.6658
 ------------------------------------------------------------------------------

 NMR restraints: Bond =    0.000   Angle =     0.000   Torsion =     0.000
===============================================================================

| TI region  1


 NSTEP =    15000   TIME(PS) =      30.000  TEMP(K) =    71.88  PRESS =     0.0
 Etot   =        11.1630  EKtot   =         1.2855  EPtot      =         9.8775
 BOND   =         0.2350  ANGLE   =         3.4942  DIHED      =         5.2229
 1-4 NB =         0.3733  1-4 EEL =         2.1626  VDWAALS    =        -0.0001
 EELEC  =        -1.6104  EHBOND  =         0.0000  RESTRAINT  =         0.0000
 DV/DL  =        -2.6762
 ------------------------------------------------------------------------------


| TI region  2


 NSTEP =    15000   TIME(PS) =      30.000  TEMP(K) =    71.88  PRESS =     0.0
 Etot   =        11.1630  EKtot   =         1.2855  EPtot      =         9.8775
 BOND   =         0.2350  ANGLE   =         3.4942  DIHED      =         5.2229
 1-4 NB =         0.3733  1-4 EEL =         2.1626  VDWAALS    =        -0.0001
 EELEC  =        -1.6104  EHBOND  =         0.0000  RESTRAINT  =         0.0000
 DV/DL  =        -2.6762
 ------------------------------------------------------------------------------

 NMR restraints: Bond =    0.000   Angle =     0.000   Torsion =     0.000
===============================================================================

| TI region  1


 NSTEP =    20000   TIME(PS) =      40.000  TEMP(K) =    51.60  PRESS =     0.0
 Etot   =        10.3137  EKtot   =         0.9229  EPtot      =         9.3908
 BOND   =         0.1144  ANGLE   =         3.1248  DIHED      =         5.2163
 1-4 NB =         0.3714  1-4 EEL =         2.1754  VDWAALS    =        -0.0001
 EELEC  =        -1.6114  EHBOND  =         0.0000  RESTRAINT  =         0.0000
 DV/DL  =        -2.7333
 ------------------------------------------------------------------------------


| TI region  2


 NSTEP =    20000   TIME(PS) =      40.000  TEMP(K) =    51.60  PRESS =     0.0
 Etot   =        10.3137  EKtot   =         0.9229  EPtot      =         9.3908
 BOND   =         0.1144  ANGLE   =         3.1248  DIHED      =         5.2163
 1-4 NB =         0.3714  1-4 EEL =         2.1754  VDWAALS    =        -0.0001
 EELEC  =        -1.6114  EHBOND  =         0.0000  RESTRAINT  =         0.0000
 DV/DL  =        -2.7333
 ------------------------------------------------------------------------------

 NMR restraints: Bond =    0.000   Angle =     0.000   Torsion =     0.000
===============================================================================

| TI region  1


 NSTEP =    25000   TIME(PS) =      50.000  TEMP(K) =    52.57  PRESS =     0.0
 Etot   =        11.7829  EKtot   =         0.9402  EPtot      =        10.8426
 BOND   =         0.0696  ANGLE   =         4.4890  DIHED      =         5.3452
 1-4 NB =         0.3892  1-4 EEL =         2.1607  VDWAALS    =        -0.0001
 EELEC  =        -1.6110  EHBOND  =         0.0000  RESTRAINT  =         0.0000
 DV/DL  =        -2.6639
 ------------------------------------------------------------------------------


| TI region  2


 NSTEP =    25000   TIME(PS) =      50.000  TEMP(K) =    52.57  PRESS =     0.0
 Etot   =        11.7829  EKtot   =         0.9402  EPtot      =        10.8426
 BOND   =         0.0696  ANGLE   =         4.4890  DIHED      =         5.3452
 1-4 NB =         0.3892  1-4 EEL =         2.1607  VDWAALS    =        -0.0001
 EELEC  =        -1.6110  EHBOND  =         0.0000  RESTRAINT  =         0.0000
 DV/DL  =        -2.6639
 ------------------------------------------------------------------------------

 NMR restraints: Bond =    0.000   Angle =     0.000   Torsion =     0.000
===============================================================================

| TI region  1


 NSTEP =    30000   TIME(PS) =      60.000  TEMP(K) =   134.98  PRESS =     0.0
 Etot   =        11.7232  EKtot   =         2.4141  EPtot      =         9.3091
 BOND   =         0.0039  ANGLE   =         3.2105  DIHED      =         5.2190
 1-4 NB =         0.3319  1-4 EEL =         2.1558  VDWAALS    =        -0.0001
 EELEC  =        -1.6120  EHBOND  =         0.0000  RESTRAINT  =         0.0000
 DV/DL  =        -2.6356
 ------------------------------------------------------------------------------


| TI region  2


 NSTEP =    30000   TIME(PS) =      60.000  TEMP(K) =   134.98  PRESS =     0.0
 Etot   =        11.7232  EKtot   =         2.4141  EPtot      =         9.3091
 BOND   =         0.0039  ANGLE   =         3.2105  DIHED      =         5.2190
 1-4 NB =         0.3319  1-4 EEL =         2.1558  VDWAALS    =        -0.0001
 EELEC  =        -1.6120  EHBOND  =         0.0000  RESTRAINT  =         0.0000
 DV/DL  =        -2.6356
 ------------------------------------------------------------------------------

 NMR restraints: Bond =    0.000   Angle =     0.000   Torsion =     0.000
===============================================================================

| TI region  1


 NSTEP =    35000   TIME(PS) =      70.000  TEMP(K) =   127.06  PRESS =     0.0
 Etot   =        12.0796  EKtot   =         2.2725  EPtot      =         9.8072
 BOND   =         0.3651  ANGLE   =         3.3366  DIHED      =         5.2454
 1-4 NB =         0.3206  1-4 EEL =         2.1512  VDWAALS    =        -0.0001
 EELEC  =        -1.6117  EHBOND  =         0.0000  RESTRAINT  =         0.0000
 DV/DL  =        -2.6149
 ------------------------------------------------------------------------------


| TI region  2


 NSTEP =    35000   TIME(PS) =      70.000  TEMP(K) =   127.06  PRESS =     0.0
 Etot   =        12.0796  EKtot   =         2.2725  EPtot      =         9.8072
 BOND   =         0.3651  ANGLE   =         3.3366  DIHED      =         5.2454
 1-4 NB =         0.3206  1-4 EEL =         2.1512  VDWAALS    =        -0.0001
 EELEC  =        -1.6117  EHBOND  =         0.0000  RESTRAINT  =         0.0000
 DV/DL  =        -2.6149
 ------------------------------------------------------------------------------

 NMR restraints: Bond =    0.000   Angle =     0.000   Torsion =     0.000
===============================================================================

| TI region  1


 NSTEP =    40000   TIME(PS) =      80.000  TEMP(K) =   136.08  PRESS =     0.0
 Etot   =        12.7341  EKtot   =         2.4338  EPtot      =        10.3003
 BOND   =         0.0596  ANGLE   =         3.8362  DIHED      =         5.2090
 1-4 NB =         0.6084  1-4 EEL =         2.1980  VDWAALS    =        -0.0001
 EELEC  =        -1.6108  EHBOND  =         0.0000  RESTRAINT  =         0.0000
 DV/DL  =        -2.8455
 ------------------------------------------------------------------------------


| TI region  2


 NSTEP =    40000   TIME(PS) =      80.000  TEMP(K) =   136.08  PRESS =     0.0
 Etot   =        12.7341  EKtot   =         2.4338  EPtot      =        10.3003
 BOND   =         0.0596  ANGLE   =         3.8362  DIHED      =         5.2090
 1-4 NB =         0.6084  1-4 EEL =         2.1980  VDWAALS    =        -0.0001
 EELEC  =        -1.6108  EHBOND  =         0.0000  RESTRAINT  =         0.0000
 DV/DL  =        -2.8455
 ------------------------------------------------------------------------------

 NMR restraints: Bond =    0.000   Angle =     0.000   Torsion =     0.000
===============================================================================

| TI region  1


 NSTEP =    45000   TIME(PS) =      90.000  TEMP(K) =   137.88  PRESS =     0.0
 Etot   =        13.4389  EKtot   =         2.4659  EPtot      =        10.9730
 BOND   =         0.6484  ANGLE   =         3.7857  DIHED      =         5.2943
 1-4 NB =         0.6438  1-4 EEL =         2.2125  VDWAALS    =        -0.0001
 EELEC  =        -1.6115  EHBOND  =         0.0000  RESTRAINT  =         0.0000
 DV/DL  =        -2.9127
 ------------------------------------------------------------------------------


| TI region  2


 NSTEP =    45000   TIME(PS) =      90.000  TEMP(K) =   137.88  PRESS =     0.0
 Etot   =        13.4389  EKtot   =         2.4659  EPtot      =        10.9730
 BOND   =         0.6484  ANGLE   =         3.7857  DIHED      =         5.2943
 1-4 NB =         0.6438  1-4 EEL =         2.2125  VDWAALS    =        -0.0001
 EELEC  =        -1.6115  EHBOND  =         0.0000  RESTRAINT  =         0.0000
 DV/DL  =        -2.9127
 ------------------------------------------------------------------------------

 NMR restraints: Bond =    0.000   Angle =     0.000   Torsion =     0.000
===============================================================================

| TI region  1


 NSTEP =    50000   TIME(PS) =     100.000  TEMP(K) =   112.17  PRESS =     0.0
 Etot   =        12.4522  EKtot   =         2.0062  EPtot      =        10.4460
 BOND   =         0.3486  ANGLE   =         4.0902  DIHED      =         5.2094
 1-4 NB =         0.2599  1-4 EEL =         2.1494  VDWAALS    =        -0.0001
 EELEC  =        -1.6115  EHBOND  =         0.0000  RESTRAINT  =         0.0000
 DV/DL  =        -2.6070
 ------------------------------------------------------------------------------


| TI region  2


 NSTEP =    50000   TIME(PS) =     100.000  TEMP(K) =   112.17  PRESS =     0.0
 Etot   =        12.4522  EKtot   =         2.0062  EPtot      =        10.4460
 BOND   =         0.3486  ANGLE   =         4.0902  DIHED      =         5.2094
 1-4 NB =         0.2599  1-4 EEL =         2.1494  VDWAALS    =        -0.0001
 EELEC  =        -1.6115  EHBOND  =         0.0000  RESTRAINT  =         0.0000
 DV/DL  =        -2.6070
 ------------------------------------------------------------------------------

 NMR restraints: Bond =    0.000   Angle =     0.000   Torsion =     0.000
===============================================================================

| TI region  1


 NSTEP =    55000   TIME(PS) =     110.000  TEMP(K) =   158.40  PRESS =     0.0
 Etot   =        13.2067  EKtot   =         2.8329  EPtot      =        10.3737
 BOND   =         0.9020  ANGLE   =         3.3571  DIHED      =         5.2639
 1-4 NB =         0.3074  1-4 EEL =         2.1535  VDWAALS    =        -0.0001
 EELEC  =        -1.6101  EHBOND  =         0.0000  RESTRAINT  =         0.0000
 DV/DL  =        -2.6333
 ------------------------------------------------------------------------------


| TI region  2


 NSTEP =    55000   TIME(PS) =     110.000  TEMP(K) =   158.40  PRESS =     0.0
 Etot   =        13.2067  EKtot   =         2.8329  EPtot      =        10.3737
 BOND   =         0.9020  ANGLE   =         3.3571  DIHED      =         5.2639
 1-4 NB =         0.3074  1-4 EEL =         2.1535  VDWAALS    =        -0.0001
 EELEC  =        -1.6101  EHBOND  =         0.0000  RESTRAINT  =         0.0000
 DV/DL  =        -2.6333
 ------------------------------------------------------------------------------

 NMR restraints: Bond =    0.000   Angle =     0.000   Torsion =     0.000
===============================================================================

| TI region  1


 NSTEP =    60000   TIME(PS) =     120.000  TEMP(K) =   171.15  PRESS =     0.0
 Etot   =        14.2784  EKtot   =         3.0609  EPtot      =        11.2175
 BOND   =         0.0212  ANGLE   =         5.0101  DIHED      =         5.3593
 1-4 NB =         0.2874  1-4 EEL =         2.1494  VDWAALS    =        -0.0001
 EELEC  =        -1.6098  EHBOND  =         0.0000  RESTRAINT  =         0.0000
 DV/DL  =        -2.6154
 ------------------------------------------------------------------------------


| TI region  2


 NSTEP =    60000   TIME(PS) =     120.000  TEMP(K) =   171.15  PRESS =     0.0
 Etot   =        14.2784  EKtot   =         3.0609  EPtot      =        11.2175
 BOND   =         0.0212  ANGLE   =         5.0101  DIHED      =         5.3593
 1-4 NB =         0.2874  1-4 EEL =         2.1494  VDWAALS    =        -0.0001
 EELEC  =        -1.6098  EHBOND  =         0.0000  RESTRAINT  =         0.0000
 DV/DL  =        -2.6154
 ------------------------------------------------------------------------------

 NMR restraints: Bond =    0.000   Angle =     0.000   Torsion =     0.000
===============================================================================

| TI region  1


 NSTEP =    65000   TIME(PS) =     130.000  TEMP(K) =   373.21  PRESS =     0.0
 Etot   =        19.9145  EKtot   =         6.6748  EPtot      =        13.2397
 BOND   =         0.2962  ANGLE   =         6.9087  DIHED      =         5.4764
 1-4 NB =         0.0712  1-4 EEL =         2.0985  VDWAALS    =        -0.0001
 EELEC  =        -1.6112  EHBOND  =         0.0000  RESTRAINT  =         0.0000
 DV/DL  =        -2.3616
 ------------------------------------------------------------------------------


| TI region  2


 NSTEP =    65000   TIME(PS) =     130.000  TEMP(K) =   373.21  PRESS =     0.0
 Etot   =        19.9145  EKtot   =         6.6748  EPtot      =        13.2397
 BOND   =         0.2962  ANGLE   =         6.9087  DIHED      =         5.4764
 1-4 NB =         0.0712  1-4 EEL =         2.0985  VDWAALS    =        -0.0001
 EELEC  =        -1.6112  EHBOND  =         0.0000  RESTRAINT  =         0.0000
 DV/DL  =        -2.3616
 ------------------------------------------------------------------------------

 NMR restraints: Bond =    0.000   Angle =     0.000   Torsion =     0.000
===============================================================================

| TI region  1


 NSTEP =    70000   TIME(PS) =     140.000  TEMP(K) =   246.28  PRESS =     0.0
 Etot   =        14.8316  EKtot   =         4.4047  EPtot      =        10.4270
 BOND   =         1.0057  ANGLE   =         3.3047  DIHED      =         5.2213
 1-4 NB =         0.3603  1-4 EEL =         2.1459  VDWAALS    =        -0.0001
 EELEC  =        -1.6108  EHBOND  =         0.0000  RESTRAINT  =         0.0000
 DV/DL  =        -2.5934
 ------------------------------------------------------------------------------


| TI region  2


 NSTEP =    70000   TIME(PS) =     140.000  TEMP(K) =   246.28  PRESS =     0.0
 Etot   =        14.8316  EKtot   =         4.4047  EPtot      =        10.4270
 BOND   =         1.0057  ANGLE   =         3.3047  DIHED      =         5.2213
 1-4 NB =         0.3603  1-4 EEL =         2.1459  VDWAALS    =        -0.0001
 EELEC  =        -1.6108  EHBOND  =         0.0000  RESTRAINT  =         0.0000
 DV/DL  =        -2.5934
 ------------------------------------------------------------------------------

 NMR restraints: Bond =    0.000   Angle =     0.000   Torsion =     0.000
===============================================================================

| TI region  1


 NSTEP =    75000   TIME(PS) =     150.000  TEMP(K) =   183.73  PRESS =     0.0
 Etot   =        17.3104  EKtot   =         3.2860  EPtot      =        14.0243
 BOND   =         0.0527  ANGLE   =         7.3748  DIHED      =         5.4203
 1-4 NB =         0.5904  1-4 EEL =         2.1955  VDWAALS    =        -0.0001
 EELEC  =        -1.6092  EHBOND  =         0.0000  RESTRAINT  =         0.0000
 DV/DL  =        -2.8415
 ------------------------------------------------------------------------------


| TI region  2


 NSTEP =    75000   TIME(PS) =     150.000  TEMP(K) =   183.73  PRESS =     0.0
 Etot   =        17.3104  EKtot   =         3.2860  EPtot      =        14.0243
 BOND   =         0.0527  ANGLE   =         7.3748  DIHED      =         5.4203
 1-4 NB =         0.5904  1-4 EEL =         2.1955  VDWAALS    =        -0.0001
 EELEC  =        -1.6092  EHBOND  =         0.0000  RESTRAINT  =         0.0000
 DV/DL  =        -2.8415
 ------------------------------------------------------------------------------

 NMR restraints: Bond =    0.000   Angle =     0.000   Torsion =     0.000
===============================================================================

| TI region  1


 NSTEP =    80000   TIME(PS) =     160.000  TEMP(K) =   227.61  PRESS =     0.0
 Etot   =        15.3672  EKtot   =         4.0708  EPtot      =        11.2964
 BOND   =         0.8956  ANGLE   =         4.3428  DIHED      =         5.2385
 1-4 NB =         0.2881  1-4 EEL =         2.1422  VDWAALS    =        -0.0001
 EELEC  =        -1.6107  EHBOND  =         0.0000  RESTRAINT  =         0.0000
 DV/DL  =        -2.5758
 ------------------------------------------------------------------------------


| TI region  2


 NSTEP =    80000   TIME(PS) =     160.000  TEMP(K) =   227.61  PRESS =     0.0
 Etot   =        15.3672  EKtot   =         4.0708  EPtot      =        11.2964
 BOND   =         0.8956  ANGLE   =         4.3428  DIHED      =         5.2385
 1-4 NB =         0.2881  1-4 EEL =         2.1422  VDWAALS    =        -0.0001
 EELEC  =        -1.6107  EHBOND  =         0.0000  RESTRAINT  =         0.0000
 DV/DL  =        -2.5758
 ------------------------------------------------------------------------------

 NMR restraints: Bond =    0.000   Angle =     0.000   Torsion =     0.000
===============================================================================

| TI region  1


 NSTEP =    85000   TIME(PS) =     170.000  TEMP(K) =   189.49  PRESS =     0.0
 Etot   =        15.7992  EKtot   =         3.3891  EPtot      =        12.4101
 BOND   =         0.8967  ANGLE   =         5.2000  DIHED      =         5.2448
 1-4 NB =         0.5253  1-4 EEL =         2.1543  VDWAALS    =        -0.0001
 EELEC  =        -1.6109  EHBOND  =         0.0000  RESTRAINT  =         0.0000
 DV/DL  =        -2.6332
 ------------------------------------------------------------------------------


| TI region  2


 NSTEP =    85000   TIME(PS) =     170.000  TEMP(K) =   189.49  PRESS =     0.0
 Etot   =        15.7992  EKtot   =         3.3891  EPtot      =        12.4101
 BOND   =         0.8967  ANGLE   =         5.2000  DIHED      =         5.2448
 1-4 NB =         0.5253  1-4 EEL =         2.1543  VDWAALS    =        -0.0001
 EELEC  =        -1.6109  EHBOND  =         0.0000  RESTRAINT  =         0.0000
 DV/DL  =        -2.6332
 ------------------------------------------------------------------------------

 NMR restraints: Bond =    0.000   Angle =     0.000   Torsion =     0.000
===============================================================================

| TI region  1


 NSTEP =    90000   TIME(PS) =     180.000  TEMP(K) =   329.20  PRESS =     0.0
 Etot   =        18.6664  EKtot   =         5.8877  EPtot      =        12.7787
 BOND   =         1.3598  ANGLE   =         5.1710  DIHED      =         5.2389
 1-4 NB =         0.4487  1-4 EEL =         2.1723  VDWAALS    =        -0.0001
 EELEC  =        -1.6120  EHBOND  =         0.0000  RESTRAINT  =         0.0000
 DV/DL  =        -2.7157
 ------------------------------------------------------------------------------


| TI region  2


 NSTEP =    90000   TIME(PS) =     180.000  TEMP(K) =   329.20  PRESS =     0.0
 Etot   =        18.6664  EKtot   =         5.8877  EPtot      =        12.7787
 BOND   =         1.3598  ANGLE   =         5.1710  DIHED      =         5.2389
 1-4 NB =         0.4487  1-4 EEL =         2.1723  VDWAALS    =        -0.0001
 EELEC  =        -1.6120  EHBOND  =         0.0000  RESTRAINT  =         0.0000
 DV/DL  =        -2.7157
 ------------------------------------------------------------------------------

 NMR restraints: Bond =    0.000   Angle =     0.000   Torsion =     0.000
===============================================================================

| TI region  1


 NSTEP =    95000   TIME(PS) =     190.000  TEMP(K) =   273.00  PRESS =     0.0
 Etot   =        15.3507  EKtot   =         4.8826  EPtot      =        10.4681
 BOND   =         0.2229  ANGLE   =         4.1282  DIHED      =         5.2544
 1-4 NB =         0.3210  1-4 EEL =         2.1530  VDWAALS    =        -0.0001
 EELEC  =        -1.6112  EHBOND  =         0.0000  RESTRAINT  =         0.0000
 DV/DL  =        -2.6258
 ------------------------------------------------------------------------------


| TI region  2


 NSTEP =    95000   TIME(PS) =     190.000  TEMP(K) =   273.00  PRESS =     0.0
 Etot   =        15.3507  EKtot   =         4.8826  EPtot      =        10.4681
 BOND   =         0.2229  ANGLE   =         4.1282  DIHED      =         5.2544
 1-4 NB =         0.3210  1-4 EEL =         2.1530  VDWAALS    =        -0.0001
 EELEC  =        -1.6112  EHBOND  =         0.0000  RESTRAINT  =         0.0000
 DV/DL  =        -2.6258
 ------------------------------------------------------------------------------

 NMR restraints: Bond =    0.000   Angle =     0.000   Torsion =     0.000
===============================================================================

| TI region  1


 NSTEP =   100000   TIME(PS) =     200.000  TEMP(K) =   306.57  PRESS =     0.0
 Etot   =        16.9340  EKtot   =         5.4830  EPtot      =        11.4510
 BOND   =         0.5525  ANGLE   =         4.6999  DIHED      =         5.2477
 1-4 NB =         0.4002  1-4 EEL =         2.1613  VDWAALS    =        -0.0001
 EELEC  =        -1.6105  EHBOND  =         0.0000  RESTRAINT  =         0.0000
 DV/DL  =        -2.6696
 ------------------------------------------------------------------------------


| TI region  2


 NSTEP =   100000   TIME(PS) =     200.000  TEMP(K) =   306.57  PRESS =     0.0
 Etot   =        16.9340  EKtot   =         5.4830  EPtot      =        11.4510
 BOND   =         0.5525  ANGLE   =         4.6999  DIHED      =         5.2477
 1-4 NB =         0.4002  1-4 EEL =         2.1613  VDWAALS    =        -0.0001
 EELEC  =        -1.6105  EHBOND  =         0.0000  RESTRAINT  =         0.0000
 DV/DL  =        -2.6696
 ------------------------------------------------------------------------------

 NMR restraints: Bond =    0.000   Angle =     0.000   Torsion =     0.000
===============================================================================

| TI region  1


      A V E R A G E S   O V E R      20 S T E P S


 NSTEP =   100000   TIME(PS) =     200.000  TEMP(K) =   166.87  PRESS =     0.0
 Etot   =        13.8462  EKtot   =         2.9844  EPtot      =        10.8617
 BOND   =         0.4154  ANGLE   =         4.2425  DIHED      =         5.2724
 1-4 NB =         0.3813  1-4 EEL =         2.1612  VDWAALS    =        -0.0001
 EELEC  =        -1.6109  EHBOND  =         0.0000  RESTRAINT  =         0.0000
 DV/DL  =        -2.6667
 ------------------------------------------------------------------------------

 NMR restraints: Bond =    0.000   Angle =     0.000   Torsion =     0.000
===============================================================================

      R M S  F L U C T U A T I O N S


 NSTEP =   100000   TIME(PS) =     200.000  TEMP(K) =    98.09  PRESS =     0.0
 Etot   =         2.8251  EKtot   =         1.7543  EPtot      =         1.3245
 BOND   =         0.3926  ANGLE   =         1.1933  DIHED      =         0.0720
 1-4 NB =         0.1295  1-4 EEL =         0.0231  VDWAALS    =         0.0000
 EELEC  =         0.0007  EHBOND  =         0.0000  RESTRAINT  =         0.0000
 DV/DL  =         0.1124
 ------------------------------------------------------------------------------


| TI region  2


      A V E R A G E S   O V E R      20 S T E P S


 NSTEP =   100000   TIME(PS) =     200.000  TEMP(K) =   166.87  PRESS =     0.0
 Etot   =        13.8462  EKtot   =         2.9844  EPtot      =        10.8617
 BOND   =         0.4154  ANGLE   =         4.2425  DIHED      =         5.2724
 1-4 NB =         0.3813  1-4 EEL =         2.1612  VDWAALS    =        -0.0001
 EELEC  =        -1.6109  EHBOND  =         0.0000  RESTRAINT  =         0.0000
 DV/DL  =        -2.6667
 ------------------------------------------------------------------------------

 NMR restraints: Bond =    0.000   Angle =     0.000   Torsion =     0.000
===============================================================================

      R M S  F L U C T U A T I O N S


 NSTEP =   100000   TIME(PS) =     200.000  TEMP(K) =    98.09  PRESS =     0.0
 Etot   =         2.8251  EKtot   =         1.7543  EPtot      =         1.3245
 BOND   =         0.3926  ANGLE   =         1.1933  DIHED      =         0.0720
 1-4 NB =         0.1295  1-4 EEL =         0.0231  VDWAALS    =         0.0000
 EELEC  =         0.0007  EHBOND  =         0.0000  RESTRAINT  =         0.0000
 DV/DL  =         0.1124
 ------------------------------------------------------------------------------


      DV/DL, AVERAGES OVER      20 STEPS


 NSTEP =   100000   TIME(PS) =     200.000  TEMP(K) =    98.09  PRESS =     0.0
 Etot   =         0.0000  EKtot   =         0.0000  EPtot      =        -2.6667
 BOND   =         0.0000  ANGLE   =         0.0000  DIHED      =         0.0000
 1-4 NB =         0.0000  1-4 EEL =       -10.4739  VDWAALS    =         0.0000
 EELEC  =         7.8072  EHBOND  =         0.0000  RESTRAINT  =         0.0000
 DV/DL  =        -2.6667
 ------------------------------------------------------------------------------


 NMR restraints on final step:

--------------------------------------------------------------------------------
   5.  TIMINGS
--------------------------------------------------------------------------------

|  NonSetup CPU Time in Major Routines:
|
|     Routine           Sec        %
|     ------------------------------
|     Nonbond          24.69   35.60
|     Bond              0.00    0.00
|     Angle             0.00    0.00
|     Dihedral          0.00    0.00
|     Shake             0.73    1.05
|     RunMD            43.69   62.99
|     Other             0.25    0.36
|     ------------------------------
|     Total            69.37

|  PME Nonbond Pairlist CPU Time:
|
|     Routine              Sec        %
|     ---------------------------------
|     Set Up Cit           0.00    0.00
|     Build List           0.00    0.00
|     ---------------------------------
|     Total                0.00    0.00

|  PME Direct Force CPU Time:
|
|     Routine              Sec        %
|     ---------------------------------
|     NonBonded Calc       0.00    0.00
|     Exclude Masked       0.00    0.00
|     Other                0.18    0.26
|     ---------------------------------
|     Total                0.18    0.26

|  PME Reciprocal Force CPU Time:
|
|     Routine              Sec        %
|     ---------------------------------
|     1D bspline           0.00    0.00
|     Grid Charges         0.00    0.00
|     Scalar Sum           0.00    0.00
|     Gradient Sum         0.00    0.00
|     FFT                  0.00    0.00
|     ---------------------------------
|     Total                0.00    0.00

|  Final Performance Info:
|     -----------------------------------------------------
|     Average timings for last   10000 steps:
|     Elapsed(s) =       6.97 Per Step(ms) =       0.70
|         ns/day =     247.76   seconds/ns =     348.72
|
|     Average timings for all steps:
|     Elapsed(s) =      69.46 Per Step(ms) =       0.69
|         ns/day =     248.79   seconds/ns =     347.29
|     -----------------------------------------------------

|  Setup CPU time:            0.43 seconds
|  NonSetup CPU time:        69.37 seconds
|  Total CPU time:           69.79 seconds     0.02 hours

|  Setup wall time:           0    seconds
|  NonSetup wall time:       69    seconds
|  Total wall time:          69    seconds     0.02 hours
