
          -------------------------------------------------------
          Amber 18 PMEMD                              2018
          -------------------------------------------------------

| PMEMD implementation of SANDER, Release 18

| Run on 06/20/2020 at 04:14:59

|   Executable path: /opt/software/Amber/18-foss-2018b-AmberTools-19/bin/pmemd.cuda
| Working directory: /mnt/gs18/scratch/users/songlin3/run/1264_optimization/acetate/two_steps_spce/step1/0.11505
|          Hostname: nvl-000

  [-O]verwriting output

File Assignments:
|   MDIN: heat.in                                                               
|  MDOUT: heat.out                                                              
| INPCRD: min.rst                                                               
|   PARM: step1.prmtop                                                          
| RESTRT: heat.rst                                                              
|   REFC: min.rst                                                               
|  MDVEL: mdvel                                                                 
|   MDEN: mden                                                                  
|  MDCRD: heat.netcdf                                                           
| MDINFO: heat.mdinfo                                                           
|  MDFRC: mdfrc                                                                 


 Here is the input file:

nvt for free MD                                                                
 &cntrl                                                                        
  imin=0,                                                                      
  irest=0,                                                                     
  ntx=1,                                                                       
  ig=-1,                                                                       
  nstlim=100000,                                                               
  dt=0.002,                                                                    
  cut=10.0,                                                                    
  ntc=2,                                                                       
  ntf=2,                                                                       
  ntb=1,                                                                       
  ntt=3,                                                                       
  gamma_ln=2.0,                                                                
  tempi=0.0,                                                                   
  temp0=300.0,                                                                 
  ntpr=5000,                                                                   
  ntwr=5000,                                                                   
  ntwx=10000,                                                                  
  ntwv=0,                                                                      
  ioutfm=1,                                                                    
  iwrap=0,                                                                     
  nmropt=1,                                                                    
  ifsc = 0, icfe=1,                                                            
  clambda=0.11505,                                                             
  timask1=':1',                                                                
  timask2=':2', crgmask = ':2',                                                
/                                                                              
&wt TYPE='TEMP0', istep1=0, istep2=90000, value1=0.0, value2=300.0 /           
&wt TYPE='TEMP0', istep1=90001, istep2=100000, value1=300.0, value2=300.0 /    
&wt TYPE='DUMPFREQ', istep1=10000, /                                           
&wt TYPE='END', /                                                              


Note: ig = -1. Setting random seed to   491815 based on wallclock time in 
      microseconds.
| irandom = 1, using AMBER's internal random number generator (default).
 
|--------------------- INFORMATION ----------------------
| GPU (CUDA) Version of PMEMD in use: NVIDIA GPU IN USE.
|                    Version 18.0.0
| 
|                      03/25/2018
| 
| Implementation by:
|                    Ross C. Walker     (SDSC)
|                    Scott Le Grand     (nVIDIA)
| 
| Version 18 performance extensions by:
|                    David Cerutti     (Rutgers)
| 
| Precision model in use:
|      [SPFP] - Single Precision Forces, 64-bit Fixed Point
|               Accumulation. (Default)
| 
|--------------------------------------------------------
 
|----------------- CITATION INFORMATION -----------------
|
|    When publishing work that utilized the CUDA version
|    of AMBER, please cite the following in addition to
|    the regular AMBER citations:
|
|  - Romelia Salomon-Ferrer; Andreas W. Goetz; Duncan
|    Poole; Scott Le Grand; Ross C. Walker "Routine
|    microsecond molecular dynamics simulations with
|    AMBER - Part II: Particle Mesh Ewald", J. Chem.
|    Theory Comput., 2013, 9 (9), pp3878-3888,
|    DOI: 10.1021/ct400314y.
|
|  - Andreas W. Goetz; Mark J. Williamson; Dong Xu;
|    Duncan Poole; Scott Le Grand; Ross C. Walker
|    "Routine microsecond molecular dynamics simulations
|    with AMBER - Part I: Generalized Born", J. Chem.
|    Theory Comput., 2012, 8 (5), pp1542-1555.
|
|  - Scott Le Grand; Andreas W. Goetz; Ross C. Walker
|    "SPFP: Speed without compromise - a mixed precision
|    model for GPU accelerated molecular dynamics
|    simulations.", Comp. Phys. Comm., 2013, 184
|    pp374-380, DOI: 10.1016/j.cpc.2012.09.022
|
|    When publishing work that utilized the CUDA version
|    of TI, BAR, MBAR or FEP please cite the following 
|    three publications in addition to the regular AMBER 
|    GPU citations:
|
|  - Daniel J. Mermelstein; Charles Lin; Gard Nelson; 
|    Rachael Kretsch; J. Andrew McCammon; Ross C. Walker
|    "Fast and Flexible GPU Accelerated Binding 
|    Free Energy Calculations within the AMBER Molecular
|    Dynamics Package" J. Comp. Chem., 2018,
|    DOI: 10.1002/jcc.25187
|
|  - Tai-Sung Lee; Yuan Hu; Brad Sherborne; Zhuyan Guo;
|    Darrin M. York
|    "Toward Fast and Accurate Binding Affinity Prediction with
|    pmemdGTI: An Efficient Implementation of GPU-Accelerated
|    Thermodynamic Integration"
|    J. Chem. Theory Comput., 2017, 13 (7), 3077
|
|
|--------------------------------------------------------
 
|------------------- GPU DEVICE INFO --------------------
|
|            CUDA_VISIBLE_DEVICES: 0
|   CUDA Capable Devices Detected:      1
|           CUDA Device ID in use:      0
|                CUDA Device Name: Tesla V100-SXM2-32GB
|     CUDA Device Global Mem Size:  32480 MB
| CUDA Device Num Multiprocessors:     80
|           CUDA Device Core Freq:   1.53 GHz
|
|--------------------------------------------------------
 
 
| Conditional Compilation Defines Used:
| PUBFFT
| BINTRAJ
| CUDA
| EMIL

| Largest sphere to fit in unit cell has radius =    27.333

| New format PARM file being parsed.
| Version =    1.000 Date = 06/18/20 Time = 20:40:54

| Note: 1-4 EEL scale factors are being read from the topology file.

| Note: 1-4 VDW scale factors are being read from the topology file.
| Duplicated    0 dihedrals

| Duplicated    0 dihedrals

--------------------------------------------------------------------------------
   1.  RESOURCE   USE: 
--------------------------------------------------------------------------------

 getting box info from netcdf restart file
 NATOM  =   20852 NTYPES =       6 NBONH =   20844 MBONA  =       6
 NTHETH =      12 MTHETA =       6 NPHIH =      24 MPHIA  =       2
 NHPARM =       0 NPARM  =       0 NNB   =   27828 NRES   =    6948
 NBONA  =       6 NTHETA =       6 NPHIA =       2 NUMBND =       5
 NUMANG =       4 NPTRA  =       3 NATYP =       6 NPHB   =       1
 IFBOX  =       2 NMXRS  =       7 IFCAP =       0 NEXTRA =       0
 NCOPY  =       0

| Coordinate Index Table dimensions:    10   10   10
| Direct force subcell size =     6.6953    6.6953    6.6953

     BOX TYPE: TRUNCATED OCTAHEDRON

--------------------------------------------------------------------------------
   2.  CONTROL  DATA  FOR  THE  RUN
--------------------------------------------------------------------------------

default_name                                                                    

General flags:
     imin    =       0, nmropt  =       1

Nature and format of input:
     ntx     =       1, irest   =       0, ntrx    =       1

Nature and format of output:
     ntxo    =       2, ntpr    =    5000, ntrx    =       1, ntwr    =    5000
     iwrap   =       0, ntwx    =   10000, ntwv    =       0, ntwe    =       0
     ioutfm  =       1, ntwprt  =       0, idecomp =       0, rbornstat=      0

Potential function:
     ntf     =       2, ntb     =       1, igb     =       0, nsnb    =      25
     ipol    =       0, gbsa    =       0, iesp    =       0
     dielc   =   1.00000, cut     =  10.00000, intdiel =   1.00000

Frozen or restrained atoms:
     ibelly  =       0, ntr     =       0

Molecular dynamics:
     nstlim  =    100000, nscm    =      1000, nrespa  =         1
     t       =   0.00000, dt      =   0.00200, vlimit  =  -1.00000

Langevin dynamics temperature regulation:
     ig      =  491815
     temp0   = 300.00000, tempi   =   0.00000, gamma_ln=   2.00000

SHAKE:
     ntc     =       2, jfastw  =       0
     tol     =   0.00001

NMR refinement options:
     iscale  =       0, noeskp  =       1, ipnlty  =       1, mxsub   =       1
     scalm   = 100.00000, pencut  =   0.10000, tausw   =   0.10000

Free energy options:
     icfe    =       1, ifsc    =       0, klambda =       1
     clambda =  0.1150, scalpha =  0.5000, scbeta  = 12.0000
     sceeorder =       2
     dynlmb =  0.0000 logdvdl =       0

| Intermolecular bonds treatment:
|     no_intermolecular_bonds =       1

| Energy averages sample interval:
|     ene_avg_sampling =    5000

Ewald parameters:
     verbose =       0, ew_type =       0, nbflag  =       1, use_pme =       1
     vdwmeth =       1, eedmeth =       1, netfrc  =       1
     Box X =   66.953   Box Y =   66.953   Box Z =   66.953
     Alpha =  109.471   Beta  =  109.471   Gamma =  109.471
     NFFT1 =   64       NFFT2 =   64       NFFT3 =   64
     Cutoff=   10.000   Tol   =0.100E-04
     Ewald Coefficient =  0.27511
     Interpolation order =    4
     TI Mask 1 :1; matches      7 atoms
     TI Mask 2 :2; matches      7 atoms
     TI region 1:   20845 atoms
     TI region 2:   20845 atoms
Removing charge of      -0.8188 from atom       8
Removing charge of      -0.8188 from atom       9
Removing charge of       0.8054 from atom      10
Removing charge of      -0.1021 from atom      11
Removing charge of      -0.0219 from atom      12
Removing charge of      -0.0219 from atom      13
Removing charge of      -0.0219 from atom      14
Total charge of  -0.99999900 removed from       7 atoms
     Checking for mismatched coordinates.

--------------------------------------------------------------------------------
   3.  ATOMIC COORDINATES AND VELOCITIES
--------------------------------------------------------------------------------

default_name                                                                    
 begin time read from input coords =     0.000 ps



           Begin reading energy term weight changes/NMR restraints
 WEIGHT CHANGES:
 TEMP0         0  90000    0.000000  300.000000      0      0
 TEMP0     90001 100000  300.000000  300.000000      0      0
 DUMPFREQ  10000      0    0.000000    0.000000      0      0

 RESTRAINTS:
                          ** No restraint defined **

                  Done reading weight changes/NMR restraints


 
 Number of triangulated 3-point waters found:     6946

     Sum of charges for TI region  1 =  -1.00000662
     Assuming uniform neutralizing plasma


     Sum of charges for TI region  2 =  -0.00000762
     Forcing neutrality...

| Dynamic Memory, Types Used:
| Reals              915137
| Integers           793082

| Nonbonded Pairs Initial Allocation:     6307208

| GPU memory information (estimate):
| KB of GPU memory in use:         0
| KB of CPU memory in use:         0

--------------------------------------------------------------------------------
   4.  RESULTS
--------------------------------------------------------------------------------


| TI region  1


 NSTEP =        0   TIME(PS) =       0.000  TEMP(K) =     0.00  PRESS =     0.0
 Etot   =    -70967.3240  EKtot   =         0.0000  EPtot      =    -70967.3240
 BOND   =         0.0802  ANGLE   =         3.0676  DIHED      =         5.2574
 1-4 NB =         0.2358  1-4 EEL =         9.1805  VDWAALS    =      6483.6770
 EELEC  =    -77468.8224  EHBOND  =         0.0000  RESTRAINT  =         0.0000
 DV/DL  =        27.7920
 ------------------------------------------------------------------------------


| TI region  2


 NSTEP =        0   TIME(PS) =       0.000  TEMP(K) =     0.00  PRESS =     0.0
 Etot   =    -70967.3240  EKtot   =         0.0000  EPtot      =    -70967.3240
 BOND   =         0.0802  ANGLE   =         3.0676  DIHED      =         5.2574
 1-4 NB =         0.2358  1-4 EEL =         9.1805  VDWAALS    =      6483.6770
 EELEC  =    -77468.8224  EHBOND  =         0.0000  RESTRAINT  =         0.0000
 DV/DL  =        27.7920
 ------------------------------------------------------------------------------

 NMR restraints: Bond =    0.000   Angle =     0.000   Torsion =     0.000
===============================================================================

| TI region  1


 NSTEP =     5000   TIME(PS) =      10.000  TEMP(K) =    15.99  PRESS =     0.0
 Etot   =    -91377.2336  EKtot   =       662.3660  EPtot      =    -92039.5996
 BOND   =         0.0535  ANGLE   =         3.0367  DIHED      =         5.2195
 1-4 NB =         0.2821  1-4 EEL =         9.2060  VDWAALS    =     19100.3681
 EELEC  =   -111157.7654  EHBOND  =         0.0000  RESTRAINT  =         0.0000
 DV/DL  =       153.3306
 ------------------------------------------------------------------------------


| TI region  2


 NSTEP =     5000   TIME(PS) =      10.000  TEMP(K) =    15.99  PRESS =     0.0
 Etot   =    -91377.2336  EKtot   =       662.3660  EPtot      =    -92039.5996
 BOND   =         0.0535  ANGLE   =         3.0367  DIHED      =         5.2195
 1-4 NB =         0.2821  1-4 EEL =         9.2060  VDWAALS    =     19100.3681
 EELEC  =   -111157.7654  EHBOND  =         0.0000  RESTRAINT  =         0.0000
 DV/DL  =       153.3306
 ------------------------------------------------------------------------------

 NMR restraints: Bond =    0.000   Angle =     0.000   Torsion =     0.000
===============================================================================

| TI region  1


 NSTEP =    10000   TIME(PS) =      20.000  TEMP(K) =    32.99  PRESS =     0.0
 Etot   =    -90195.5794  EKtot   =      1366.6070  EPtot      =    -91562.1864
 BOND   =         0.2104  ANGLE   =         3.1058  DIHED      =         5.2200
 1-4 NB =         0.2813  1-4 EEL =         9.2318  VDWAALS    =     19212.1975
 EELEC  =   -110792.4332  EHBOND  =         0.0000  RESTRAINT  =         0.0000
 DV/DL  =       156.3859
 ------------------------------------------------------------------------------


| TI region  2


 NSTEP =    10000   TIME(PS) =      20.000  TEMP(K) =    32.99  PRESS =     0.0
 Etot   =    -90195.5794  EKtot   =      1366.6070  EPtot      =    -91562.1864
 BOND   =         0.2104  ANGLE   =         3.1058  DIHED      =         5.2200
 1-4 NB =         0.2813  1-4 EEL =         9.2318  VDWAALS    =     19212.1975
 EELEC  =   -110792.4332  EHBOND  =         0.0000  RESTRAINT  =         0.0000
 DV/DL  =       156.3859
 ------------------------------------------------------------------------------

 NMR restraints: Bond =    0.000   Angle =     0.000   Torsion =     0.000
===============================================================================

| TI region  1


 NSTEP =    15000   TIME(PS) =      30.000  TEMP(K) =    49.87  PRESS =     0.0
 Etot   =    -89109.0532  EKtot   =      2065.7763  EPtot      =    -91174.8295
 BOND   =         0.3388  ANGLE   =         3.8772  DIHED      =         5.2214
 1-4 NB =         0.2907  1-4 EEL =         9.2682  VDWAALS    =     19331.3103
 EELEC  =   -110525.1361  EHBOND  =         0.0000  RESTRAINT  =         0.0000
 DV/DL  =       157.2616
 ------------------------------------------------------------------------------


| TI region  2


 NSTEP =    15000   TIME(PS) =      30.000  TEMP(K) =    49.87  PRESS =     0.0
 Etot   =    -89109.0532  EKtot   =      2065.7763  EPtot      =    -91174.8295
 BOND   =         0.3388  ANGLE   =         3.8772  DIHED      =         5.2214
 1-4 NB =         0.2907  1-4 EEL =         9.2682  VDWAALS    =     19331.3103
 EELEC  =   -110525.1361  EHBOND  =         0.0000  RESTRAINT  =         0.0000
 DV/DL  =       157.2616
 ------------------------------------------------------------------------------

 NMR restraints: Bond =    0.000   Angle =     0.000   Torsion =     0.000
===============================================================================

| TI region  1


 NSTEP =    20000   TIME(PS) =      40.000  TEMP(K) =    66.28  PRESS =     0.0
 Etot   =    -87949.8531  EKtot   =      2745.9583  EPtot      =    -90695.8114
 BOND   =         0.4205  ANGLE   =         2.8841  DIHED      =         5.2177
 1-4 NB =         0.2859  1-4 EEL =         9.1847  VDWAALS    =     19203.0020
 EELEC  =   -109916.8063  EHBOND  =         0.0000  RESTRAINT  =         0.0000
 DV/DL  =       145.9619
 ------------------------------------------------------------------------------


| TI region  2


 NSTEP =    20000   TIME(PS) =      40.000  TEMP(K) =    66.28  PRESS =     0.0
 Etot   =    -87949.8531  EKtot   =      2745.9583  EPtot      =    -90695.8114
 BOND   =         0.4205  ANGLE   =         2.8841  DIHED      =         5.2177
 1-4 NB =         0.2859  1-4 EEL =         9.1847  VDWAALS    =     19203.0020
 EELEC  =   -109916.8063  EHBOND  =         0.0000  RESTRAINT  =         0.0000
 DV/DL  =       145.9619
 ------------------------------------------------------------------------------

 NMR restraints: Bond =    0.000   Angle =     0.000   Torsion =     0.000
===============================================================================

| TI region  1


 NSTEP =    25000   TIME(PS) =      50.000  TEMP(K) =    82.52  PRESS =     0.0
 Etot   =    -86892.3489  EKtot   =      3418.5186  EPtot      =    -90310.8675
 BOND   =         0.1285  ANGLE   =         3.1168  DIHED      =         5.2214
 1-4 NB =         0.4017  1-4 EEL =         9.3133  VDWAALS    =     19227.7454
 EELEC  =   -109556.7945  EHBOND  =         0.0000  RESTRAINT  =         0.0000
 DV/DL  =       157.0338
 ------------------------------------------------------------------------------


| TI region  2


 NSTEP =    25000   TIME(PS) =      50.000  TEMP(K) =    82.52  PRESS =     0.0
 Etot   =    -86892.3489  EKtot   =      3418.5186  EPtot      =    -90310.8675
 BOND   =         0.1285  ANGLE   =         3.1168  DIHED      =         5.2214
 1-4 NB =         0.4017  1-4 EEL =         9.3133  VDWAALS    =     19227.7454
 EELEC  =   -109556.7945  EHBOND  =         0.0000  RESTRAINT  =         0.0000
 DV/DL  =       157.0338
 ------------------------------------------------------------------------------

 NMR restraints: Bond =    0.000   Angle =     0.000   Torsion =     0.000
===============================================================================

| TI region  1


 NSTEP =    30000   TIME(PS) =      60.000  TEMP(K) =    99.00  PRESS =     0.0
 Etot   =    -85727.7305  EKtot   =      4101.1141  EPtot      =    -89828.8446
 BOND   =         0.0086  ANGLE   =         3.5015  DIHED      =         5.2298
 1-4 NB =         0.3933  1-4 EEL =         9.2695  VDWAALS    =     19191.8754
 EELEC  =   -109039.1228  EHBOND  =         0.0000  RESTRAINT  =         0.0000
 DV/DL  =       155.5820
 ------------------------------------------------------------------------------


| TI region  2


 NSTEP =    30000   TIME(PS) =      60.000  TEMP(K) =    99.00  PRESS =     0.0
 Etot   =    -85727.7305  EKtot   =      4101.1141  EPtot      =    -89828.8446
 BOND   =         0.0086  ANGLE   =         3.5015  DIHED      =         5.2298
 1-4 NB =         0.3933  1-4 EEL =         9.2695  VDWAALS    =     19191.8754
 EELEC  =   -109039.1228  EHBOND  =         0.0000  RESTRAINT  =         0.0000
 DV/DL  =       155.5820
 ------------------------------------------------------------------------------

 NMR restraints: Bond =    0.000   Angle =     0.000   Torsion =     0.000
===============================================================================

| TI region  1


 NSTEP =    35000   TIME(PS) =      70.000  TEMP(K) =   115.39  PRESS =     0.0
 Etot   =    -84420.6721  EKtot   =      4780.2888  EPtot      =    -89200.9609
 BOND   =         0.1636  ANGLE   =         3.0098  DIHED      =         5.2095
 1-4 NB =         0.4119  1-4 EEL =         9.3012  VDWAALS    =     19020.3951
 EELEC  =   -108239.4520  EHBOND  =         0.0000  RESTRAINT  =         0.0000
 DV/DL  =       150.1274
 ------------------------------------------------------------------------------


| TI region  2


 NSTEP =    35000   TIME(PS) =      70.000  TEMP(K) =   115.39  PRESS =     0.0
 Etot   =    -84420.6721  EKtot   =      4780.2888  EPtot      =    -89200.9609
 BOND   =         0.1636  ANGLE   =         3.0098  DIHED      =         5.2095
 1-4 NB =         0.4119  1-4 EEL =         9.3012  VDWAALS    =     19020.3951
 EELEC  =   -108239.4520  EHBOND  =         0.0000  RESTRAINT  =         0.0000
 DV/DL  =       150.1274
 ------------------------------------------------------------------------------

 NMR restraints: Bond =    0.000   Angle =     0.000   Torsion =     0.000
===============================================================================

| TI region  1


 NSTEP =    40000   TIME(PS) =      80.000  TEMP(K) =   132.99  PRESS =     0.0
 Etot   =    -83078.7255  EKtot   =      5509.4659  EPtot      =    -88588.1914
 BOND   =         1.0553  ANGLE   =         4.2414  DIHED      =         5.2621
 1-4 NB =         0.4973  1-4 EEL =         9.3325  VDWAALS    =     18904.9527
 EELEC  =   -107513.5327  EHBOND  =         0.0000  RESTRAINT  =         0.0000
 DV/DL  =       153.0599
 ------------------------------------------------------------------------------


| TI region  2


 NSTEP =    40000   TIME(PS) =      80.000  TEMP(K) =   132.99  PRESS =     0.0
 Etot   =    -83078.7255  EKtot   =      5509.4659  EPtot      =    -88588.1914
 BOND   =         1.0553  ANGLE   =         4.2414  DIHED      =         5.2621
 1-4 NB =         0.4973  1-4 EEL =         9.3325  VDWAALS    =     18904.9527
 EELEC  =   -107513.5327  EHBOND  =         0.0000  RESTRAINT  =         0.0000
 DV/DL  =       153.0599
 ------------------------------------------------------------------------------

 NMR restraints: Bond =    0.000   Angle =     0.000   Torsion =     0.000
===============================================================================

| TI region  1


 NSTEP =    45000   TIME(PS) =      90.000  TEMP(K) =   147.32  PRESS =     0.0
 Etot   =    -81939.1361  EKtot   =      6102.9619  EPtot      =    -88042.0980
 BOND   =         0.5247  ANGLE   =         4.4974  DIHED      =         5.2093
 1-4 NB =         0.2122  1-4 EEL =         9.1816  VDWAALS    =     18547.1376
 EELEC  =   -106608.8608  EHBOND  =         0.0000  RESTRAINT  =         0.0000
 DV/DL  =       149.1800
 ------------------------------------------------------------------------------


| TI region  2


 NSTEP =    45000   TIME(PS) =      90.000  TEMP(K) =   147.32  PRESS =     0.0
 Etot   =    -81939.1361  EKtot   =      6102.9619  EPtot      =    -88042.0980
 BOND   =         0.5247  ANGLE   =         4.4974  DIHED      =         5.2093
 1-4 NB =         0.2122  1-4 EEL =         9.1816  VDWAALS    =     18547.1376
 EELEC  =   -106608.8608  EHBOND  =         0.0000  RESTRAINT  =         0.0000
 DV/DL  =       149.1800
 ------------------------------------------------------------------------------

 NMR restraints: Bond =    0.000   Angle =     0.000   Torsion =     0.000
===============================================================================

| TI region  1


 NSTEP =    50000   TIME(PS) =     100.000  TEMP(K) =   165.98  PRESS =     0.0
 Etot   =    -80485.9427  EKtot   =      6876.1655  EPtot      =    -87362.1083
 BOND   =         0.8138  ANGLE   =         4.0673  DIHED      =         5.2436
 1-4 NB =         0.6508  1-4 EEL =         9.4162  VDWAALS    =     18366.4238
 EELEC  =   -105748.7238  EHBOND  =         0.0000  RESTRAINT  =         0.0000
 DV/DL  =       150.3986
 ------------------------------------------------------------------------------


| TI region  2


 NSTEP =    50000   TIME(PS) =     100.000  TEMP(K) =   165.98  PRESS =     0.0
 Etot   =    -80485.9427  EKtot   =      6876.1655  EPtot      =    -87362.1083
 BOND   =         0.8138  ANGLE   =         4.0673  DIHED      =         5.2436
 1-4 NB =         0.6508  1-4 EEL =         9.4162  VDWAALS    =     18366.4238
 EELEC  =   -105748.7238  EHBOND  =         0.0000  RESTRAINT  =         0.0000
 DV/DL  =       150.3986
 ------------------------------------------------------------------------------

 NMR restraints: Bond =    0.000   Angle =     0.000   Torsion =     0.000
===============================================================================

| TI region  1


 NSTEP =    55000   TIME(PS) =     110.000  TEMP(K) =   183.40  PRESS =     0.0
 Etot   =    -79082.9169  EKtot   =      7597.8043  EPtot      =    -86680.7211
 BOND   =         0.0612  ANGLE   =         3.8496  DIHED      =         5.2256
 1-4 NB =         0.2225  1-4 EEL =         9.1624  VDWAALS    =     18259.2278
 EELEC  =   -104958.4704  EHBOND  =         0.0000  RESTRAINT  =         0.0000
 DV/DL  =       155.8124
 ------------------------------------------------------------------------------


| TI region  2


 NSTEP =    55000   TIME(PS) =     110.000  TEMP(K) =   183.40  PRESS =     0.0
 Etot   =    -79082.9169  EKtot   =      7597.8043  EPtot      =    -86680.7211
 BOND   =         0.0612  ANGLE   =         3.8496  DIHED      =         5.2256
 1-4 NB =         0.2225  1-4 EEL =         9.1624  VDWAALS    =     18259.2278
 EELEC  =   -104958.4704  EHBOND  =         0.0000  RESTRAINT  =         0.0000
 DV/DL  =       155.8124
 ------------------------------------------------------------------------------

 NMR restraints: Bond =    0.000   Angle =     0.000   Torsion =     0.000
===============================================================================

| TI region  1


 NSTEP =    60000   TIME(PS) =     120.000  TEMP(K) =   199.79  PRESS =     0.0
 Etot   =    -77580.2096  EKtot   =      8276.5609  EPtot      =    -85856.7705
 BOND   =         0.4317  ANGLE   =         4.7269  DIHED      =         5.2866
 1-4 NB =         0.1331  1-4 EEL =         9.0958  VDWAALS    =     17836.8904
 EELEC  =   -103713.3351  EHBOND  =         0.0000  RESTRAINT  =         0.0000
 DV/DL  =       147.4745
 ------------------------------------------------------------------------------


| TI region  2


 NSTEP =    60000   TIME(PS) =     120.000  TEMP(K) =   199.79  PRESS =     0.0
 Etot   =    -77580.2096  EKtot   =      8276.5609  EPtot      =    -85856.7705
 BOND   =         0.4317  ANGLE   =         4.7269  DIHED      =         5.2866
 1-4 NB =         0.1331  1-4 EEL =         9.0958  VDWAALS    =     17836.8904
 EELEC  =   -103713.3351  EHBOND  =         0.0000  RESTRAINT  =         0.0000
 DV/DL  =       147.4745
 ------------------------------------------------------------------------------

 NMR restraints: Bond =    0.000   Angle =     0.000   Torsion =     0.000
===============================================================================

| TI region  1


 NSTEP =    65000   TIME(PS) =     130.000  TEMP(K) =   214.80  PRESS =     0.0
 Etot   =    -76001.7605  EKtot   =      8898.3595  EPtot      =    -84900.1200
 BOND   =         0.7760  ANGLE   =         5.1339  DIHED      =         5.2525
 1-4 NB =         0.0288  1-4 EEL =         8.9436  VDWAALS    =     17568.3207
 EELEC  =   -102488.5755  EHBOND  =         0.0000  RESTRAINT  =         0.0000
 DV/DL  =       166.4946
 ------------------------------------------------------------------------------


| TI region  2


 NSTEP =    65000   TIME(PS) =     130.000  TEMP(K) =   214.80  PRESS =     0.0
 Etot   =    -76001.7605  EKtot   =      8898.3595  EPtot      =    -84900.1200
 BOND   =         0.7760  ANGLE   =         5.1339  DIHED      =         5.2525
 1-4 NB =         0.0288  1-4 EEL =         8.9436  VDWAALS    =     17568.3207
 EELEC  =   -102488.5755  EHBOND  =         0.0000  RESTRAINT  =         0.0000
 DV/DL  =       166.4946
 ------------------------------------------------------------------------------

 NMR restraints: Bond =    0.000   Angle =     0.000   Torsion =     0.000
===============================================================================

| TI region  1


 NSTEP =    70000   TIME(PS) =     140.000  TEMP(K) =   229.99  PRESS =     0.0
 Etot   =    -74367.6157  EKtot   =      9527.5998  EPtot      =    -83895.2156
 BOND   =         0.2559  ANGLE   =         5.0880  DIHED      =         5.2812
 1-4 NB =         0.1796  1-4 EEL =         9.2079  VDWAALS    =     17215.0937
 EELEC  =   -101130.3219  EHBOND  =         0.0000  RESTRAINT  =         0.0000
 DV/DL  =       166.4981
 ------------------------------------------------------------------------------


| TI region  2


 NSTEP =    70000   TIME(PS) =     140.000  TEMP(K) =   229.99  PRESS =     0.0
 Etot   =    -74367.6157  EKtot   =      9527.5998  EPtot      =    -83895.2156
 BOND   =         0.2559  ANGLE   =         5.0880  DIHED      =         5.2812
 1-4 NB =         0.1796  1-4 EEL =         9.2079  VDWAALS    =     17215.0937
 EELEC  =   -101130.3219  EHBOND  =         0.0000  RESTRAINT  =         0.0000
 DV/DL  =       166.4981
 ------------------------------------------------------------------------------

 NMR restraints: Bond =    0.000   Angle =     0.000   Torsion =     0.000
===============================================================================

| TI region  1


 NSTEP =    75000   TIME(PS) =     150.000  TEMP(K) =   247.14  PRESS =     0.0
 Etot   =    -72049.1623  EKtot   =     10238.1891  EPtot      =    -82287.3514
 BOND   =         2.4814  ANGLE   =         4.7163  DIHED      =         5.2100
 1-4 NB =         0.2183  1-4 EEL =         9.1998  VDWAALS    =     16413.8242
 EELEC  =    -98723.0013  EHBOND  =         0.0000  RESTRAINT  =         0.0000
 DV/DL  =       154.3695
 ------------------------------------------------------------------------------


| TI region  2


 NSTEP =    75000   TIME(PS) =     150.000  TEMP(K) =   247.14  PRESS =     0.0
 Etot   =    -72049.1623  EKtot   =     10238.1891  EPtot      =    -82287.3514
 BOND   =         2.4814  ANGLE   =         4.7163  DIHED      =         5.2100
 1-4 NB =         0.2183  1-4 EEL =         9.1998  VDWAALS    =     16413.8242
 EELEC  =    -98723.0013  EHBOND  =         0.0000  RESTRAINT  =         0.0000
 DV/DL  =       154.3695
 ------------------------------------------------------------------------------

 NMR restraints: Bond =    0.000   Angle =     0.000   Torsion =     0.000
===============================================================================

| TI region  1


 NSTEP =    80000   TIME(PS) =     160.000  TEMP(K) =   266.81  PRESS =     0.0
 Etot   =    -69491.2934  EKtot   =     11053.0767  EPtot      =    -80544.3701
 BOND   =         1.4914  ANGLE   =         9.7066  DIHED      =         5.2213
 1-4 NB =         0.1236  1-4 EEL =         8.9862  VDWAALS    =     15700.1848
 EELEC  =    -96270.0839  EHBOND  =         0.0000  RESTRAINT  =         0.0000
 DV/DL  =       141.2620
 ------------------------------------------------------------------------------


| TI region  2


 NSTEP =    80000   TIME(PS) =     160.000  TEMP(K) =   266.81  PRESS =     0.0
 Etot   =    -69491.2934  EKtot   =     11053.0767  EPtot      =    -80544.3701
 BOND   =         1.4914  ANGLE   =         9.7066  DIHED      =         5.2213
 1-4 NB =         0.1236  1-4 EEL =         8.9862  VDWAALS    =     15700.1848
 EELEC  =    -96270.0839  EHBOND  =         0.0000  RESTRAINT  =         0.0000
 DV/DL  =       141.2620
 ------------------------------------------------------------------------------

 NMR restraints: Bond =    0.000   Angle =     0.000   Torsion =     0.000
===============================================================================

| TI region  1


 NSTEP =    85000   TIME(PS) =     170.000  TEMP(K) =   281.38  PRESS =     0.0
 Etot   =    -66804.5571  EKtot   =     11656.5266  EPtot      =    -78461.0836
 BOND   =         1.3783  ANGLE   =         6.8462  DIHED      =         5.3918
 1-4 NB =         0.1063  1-4 EEL =         9.0911  VDWAALS    =     14765.7857
 EELEC  =    -93249.6831  EHBOND  =         0.0000  RESTRAINT  =         0.0000
 DV/DL  =       148.7818
 ------------------------------------------------------------------------------


| TI region  2


 NSTEP =    85000   TIME(PS) =     170.000  TEMP(K) =   281.38  PRESS =     0.0
 Etot   =    -66804.5571  EKtot   =     11656.5266  EPtot      =    -78461.0836
 BOND   =         1.3783  ANGLE   =         6.8462  DIHED      =         5.3918
 1-4 NB =         0.1063  1-4 EEL =         9.0911  VDWAALS    =     14765.7857
 EELEC  =    -93249.6831  EHBOND  =         0.0000  RESTRAINT  =         0.0000
 DV/DL  =       148.7818
 ------------------------------------------------------------------------------

 NMR restraints: Bond =    0.000   Angle =     0.000   Torsion =     0.000
===============================================================================

| TI region  1


 NSTEP =    90000   TIME(PS) =     180.000  TEMP(K) =   300.57  PRESS =     0.0
 Etot   =    -63914.6395  EKtot   =     12451.6264  EPtot      =    -76366.2660
 BOND   =         1.0026  ANGLE   =         4.4384  DIHED      =         5.4169
 1-4 NB =         0.9403  1-4 EEL =         9.5934  VDWAALS    =     13902.9649
 EELEC  =    -90290.6224  EHBOND  =         0.0000  RESTRAINT  =         0.0000
 DV/DL  =       170.1502
 ------------------------------------------------------------------------------


| TI region  2


 NSTEP =    90000   TIME(PS) =     180.000  TEMP(K) =   300.57  PRESS =     0.0
 Etot   =    -63914.6395  EKtot   =     12451.6264  EPtot      =    -76366.2660
 BOND   =         1.0026  ANGLE   =         4.4384  DIHED      =         5.4169
 1-4 NB =         0.9403  1-4 EEL =         9.5934  VDWAALS    =     13902.9649
 EELEC  =    -90290.6224  EHBOND  =         0.0000  RESTRAINT  =         0.0000
 DV/DL  =       170.1502
 ------------------------------------------------------------------------------

 NMR restraints: Bond =    0.000   Angle =     0.000   Torsion =     0.000
===============================================================================

| TI region  1


 NSTEP =    95000   TIME(PS) =     190.000  TEMP(K) =   301.45  PRESS =     0.0
 Etot   =    -63573.8290  EKtot   =     12488.3002  EPtot      =    -76062.1292
 BOND   =         1.4079  ANGLE   =         5.2655  DIHED      =         5.2373
 1-4 NB =         0.5266  1-4 EEL =         9.2900  VDWAALS    =     13909.7861
 EELEC  =    -89993.6427  EHBOND  =         0.0000  RESTRAINT  =         0.0000
 DV/DL  =       158.2068
 ------------------------------------------------------------------------------


| TI region  2


 NSTEP =    95000   TIME(PS) =     190.000  TEMP(K) =   301.45  PRESS =     0.0
 Etot   =    -63573.8290  EKtot   =     12488.3002  EPtot      =    -76062.1292
 BOND   =         1.4079  ANGLE   =         5.2655  DIHED      =         5.2373
 1-4 NB =         0.5266  1-4 EEL =         9.2900  VDWAALS    =     13909.7861
 EELEC  =    -89993.6427  EHBOND  =         0.0000  RESTRAINT  =         0.0000
 DV/DL  =       158.2068
 ------------------------------------------------------------------------------

 NMR restraints: Bond =    0.000   Angle =     0.000   Torsion =     0.000
===============================================================================

| TI region  1


 NSTEP =   100000   TIME(PS) =     200.000  TEMP(K) =   296.81  PRESS =     0.0
 Etot   =    -63694.7111  EKtot   =     12295.9923  EPtot      =    -75990.7034
 BOND   =         0.4346  ANGLE   =         4.5187  DIHED      =         5.2484
 1-4 NB =         0.1481  1-4 EEL =         9.1503  VDWAALS    =     13867.6073
 EELEC  =    -89877.8109  EHBOND  =         0.0000  RESTRAINT  =         0.0000
 DV/DL  =       145.6415
 ------------------------------------------------------------------------------


| TI region  2


 NSTEP =   100000   TIME(PS) =     200.000  TEMP(K) =   296.81  PRESS =     0.0
 Etot   =    -63694.7111  EKtot   =     12295.9923  EPtot      =    -75990.7034
 BOND   =         0.4346  ANGLE   =         4.5187  DIHED      =         5.2484
 1-4 NB =         0.1481  1-4 EEL =         9.1503  VDWAALS    =     13867.6073
 EELEC  =    -89877.8109  EHBOND  =         0.0000  RESTRAINT  =         0.0000
 DV/DL  =       145.6415
 ------------------------------------------------------------------------------

 NMR restraints: Bond =    0.000   Angle =     0.000   Torsion =     0.000
===============================================================================

| TI region  1


      A V E R A G E S   O V E R      20 S T E P S


 NSTEP =   100000   TIME(PS) =     200.000  TEMP(K) =   171.52  PRESS =     0.0
 Etot   =    -78386.8485  EKtot   =      7105.6629  EPtot      =    -85492.5114
 BOND   =         0.6719  ANGLE   =         4.4814  DIHED      =         5.2513
 1-4 NB =         0.3167  1-4 EEL =         9.2213  VDWAALS    =     17477.2547
 EELEC  =   -102989.7088  EHBOND  =         0.0000  RESTRAINT  =         0.0000
 DV/DL  =       154.1507
 ------------------------------------------------------------------------------

 NMR restraints: Bond =    0.000   Angle =     0.000   Torsion =     0.000
===============================================================================

      R M S  F L U C T U A T I O N S


 NSTEP =   100000   TIME(PS) =     200.000  TEMP(K) =    92.20  PRESS =     0.0
 Etot   =      9048.3278  EKtot   =      3819.5908  EPtot      =      5317.7538
 BOND   =         0.6212  ANGLE   =         1.5319  DIHED      =         0.0556
 1-4 NB =         0.2096  1-4 EEL =         0.1397  VDWAALS    =      1941.7771
 EELEC  =      7243.0829  EHBOND  =         0.0000  RESTRAINT  =         0.0000
 DV/DL  =         7.2143
 ------------------------------------------------------------------------------


| TI region  2


      A V E R A G E S   O V E R      20 S T E P S


 NSTEP =   100000   TIME(PS) =     200.000  TEMP(K) =   171.52  PRESS =     0.0
 Etot   =    -78386.8485  EKtot   =      7105.6629  EPtot      =    -85492.5114
 BOND   =         0.6719  ANGLE   =         4.4814  DIHED      =         5.2513
 1-4 NB =         0.3167  1-4 EEL =         9.2213  VDWAALS    =     17477.2547
 EELEC  =   -102989.7088  EHBOND  =         0.0000  RESTRAINT  =         0.0000
 DV/DL  =       154.1507
 ------------------------------------------------------------------------------

 NMR restraints: Bond =    0.000   Angle =     0.000   Torsion =     0.000
===============================================================================

      R M S  F L U C T U A T I O N S


 NSTEP =   100000   TIME(PS) =     200.000  TEMP(K) =    92.20  PRESS =     0.0
 Etot   =      9048.3278  EKtot   =      3819.5908  EPtot      =      5317.7538
 BOND   =         0.6212  ANGLE   =         1.5319  DIHED      =         0.0556
 1-4 NB =         0.2096  1-4 EEL =         0.1397  VDWAALS    =      1941.7771
 EELEC  =      7243.0829  EHBOND  =         0.0000  RESTRAINT  =         0.0000
 DV/DL  =         7.2143
 ------------------------------------------------------------------------------


      DV/DL, AVERAGES OVER      20 STEPS


 NSTEP =   100000   TIME(PS) =     200.000  TEMP(K) =    92.20  PRESS =     0.0
 Etot   =         0.0000  EKtot   =         0.0000  EPtot      =       154.1507
 BOND   =         0.0000  ANGLE   =         0.0000  DIHED      =         0.0000
 1-4 NB =         0.0000  1-4 EEL =       -10.4201  VDWAALS    =         0.0000
 EELEC  =       164.5708  EHBOND  =         0.0000  RESTRAINT  =         0.0000
 DV/DL  =       154.1507
 ------------------------------------------------------------------------------


 NMR restraints on final step:

--------------------------------------------------------------------------------
   5.  TIMINGS
--------------------------------------------------------------------------------

|  NonSetup CPU Time in Major Routines:
|
|     Routine           Sec        %
|     ------------------------------
|     Nonbond          36.93   59.56
|     Bond              0.00    0.00
|     Angle             0.00    0.00
|     Dihedral          0.00    0.00
|     Shake             0.63    1.02
|     RunMD            24.15   38.95
|     Other             0.29    0.47
|     ------------------------------
|     Total            62.01

|  PME Nonbond Pairlist CPU Time:
|
|     Routine              Sec        %
|     ---------------------------------
|     Set Up Cit           0.00    0.00
|     Build List           0.00    0.00
|     ---------------------------------
|     Total                0.00    0.00

|  PME Direct Force CPU Time:
|
|     Routine              Sec        %
|     ---------------------------------
|     NonBonded Calc       0.00    0.00
|     Exclude Masked       0.00    0.00
|     Other                0.19    0.31
|     ---------------------------------
|     Total                0.19    0.31

|  PME Reciprocal Force CPU Time:
|
|     Routine              Sec        %
|     ---------------------------------
|     1D bspline           0.00    0.00
|     Grid Charges         0.00    0.00
|     Scalar Sum           0.00    0.00
|     Gradient Sum         0.00    0.00
|     FFT                  0.00    0.00
|     ---------------------------------
|     Total                0.00    0.00

|  Final Performance Info:
|     -----------------------------------------------------
|     Average timings for last       1 steps:
|     Elapsed(s) =       0.00 Per Step(ms) =       0.92
|         ns/day =     188.64   seconds/ns =     458.01
|
|     Average timings for all steps:
|     Elapsed(s) =      62.48 Per Step(ms) =       0.62
|         ns/day =     276.55   seconds/ns =     312.42
|     -----------------------------------------------------

|  Setup CPU time:            0.60 seconds
|  NonSetup CPU time:        62.01 seconds
|  Total CPU time:           62.61 seconds     0.02 hours

|  Setup wall time:           1    seconds
|  NonSetup wall time:       63    seconds
|  Total wall time:          64    seconds     0.02 hours
