
          -------------------------------------------------------
          Amber 18 PMEMD                              2018
          -------------------------------------------------------

| PMEMD implementation of SANDER, Release 18

| Run on 07/20/2020 at 15:33:08

|   Executable path: /opt/software/Amber/18-foss-2018b-AmberTools-19/bin/pmemd.cuda
| Working directory: /mnt/gs18/scratch/users/songlin3/run/1264_optimization/acetate/two_steps_ti3p_gas/step1/0.20634
|          Hostname: lac-291

  [-O]verwriting output

File Assignments:
|   MDIN: heat.in                                                               
|  MDOUT: heat.out                                                              
| INPCRD: min.rst                                                               
|   PARM: step1_final.prmtop                                                    
| RESTRT: heat.rst                                                              
|   REFC: min.rst                                                               
|  MDVEL: mdvel                                                                 
|   MDEN: mden                                                                  
|  MDCRD: heat.netcdf                                                           
| MDINFO: heat.mdinfo                                                           
|  MDFRC: mdfrc                                                                 


 Here is the input file:

nvt for free MD                                                                
 &cntrl                                                                        
  imin=0,                                                                      
  irest=0,                                                                     
  ntx=1,                                                                       
  ig=-1,                                                                       
  nstlim=100000,                                                               
  dt=0.002,                                                                    
  cut=10.0,                                                                    
  ntc=2,                                                                       
  ntf=2,                                                                       
  ntb=1,                                                                       
  ntt=3,                                                                       
  gamma_ln=2.0,                                                                
  tempi=0.0,                                                                   
  temp0=300.0,                                                                 
  ntpr=5000,                                                                   
  ntwr=5000,                                                                   
  ntwx=10000,                                                                  
  ntwv=0,                                                                      
  ioutfm=1,                                                                    
  iwrap=0,                                                                     
  nmropt=1,                                                                    
  ifsc = 0, icfe=1,                                                            
  clambda=0.20634,                                                             
  timask1=':1',                                                                
  timask2=':2', crgmask = ':2',                                                
/                                                                              
&wt TYPE='TEMP0', istep1=0, istep2=90000, value1=0.0, value2=300.0 /           
&wt TYPE='TEMP0', istep1=90001, istep2=100000, value1=300.0, value2=300.0 /    
&wt TYPE='DUMPFREQ', istep1=10000, /                                           
&wt TYPE='END', /                                                              


Note: ig = -1. Setting random seed to   580527 based on wallclock time in 
      microseconds.
| irandom = 1, using AMBER's internal random number generator (default).
 
|--------------------- INFORMATION ----------------------
| GPU (CUDA) Version of PMEMD in use: NVIDIA GPU IN USE.
|                    Version 18.0.0
| 
|                      03/25/2018
| 
| Implementation by:
|                    Ross C. Walker     (SDSC)
|                    Scott Le Grand     (nVIDIA)
| 
| Version 18 performance extensions by:
|                    David Cerutti     (Rutgers)
| 
| Precision model in use:
|      [SPFP] - Single Precision Forces, 64-bit Fixed Point
|               Accumulation. (Default)
| 
|--------------------------------------------------------
 
|----------------- CITATION INFORMATION -----------------
|
|    When publishing work that utilized the CUDA version
|    of AMBER, please cite the following in addition to
|    the regular AMBER citations:
|
|  - Romelia Salomon-Ferrer; Andreas W. Goetz; Duncan
|    Poole; Scott Le Grand; Ross C. Walker "Routine
|    microsecond molecular dynamics simulations with
|    AMBER - Part II: Particle Mesh Ewald", J. Chem.
|    Theory Comput., 2013, 9 (9), pp3878-3888,
|    DOI: 10.1021/ct400314y.
|
|  - Andreas W. Goetz; Mark J. Williamson; Dong Xu;
|    Duncan Poole; Scott Le Grand; Ross C. Walker
|    "Routine microsecond molecular dynamics simulations
|    with AMBER - Part I: Generalized Born", J. Chem.
|    Theory Comput., 2012, 8 (5), pp1542-1555.
|
|  - Scott Le Grand; Andreas W. Goetz; Ross C. Walker
|    "SPFP: Speed without compromise - a mixed precision
|    model for GPU accelerated molecular dynamics
|    simulations.", Comp. Phys. Comm., 2013, 184
|    pp374-380, DOI: 10.1016/j.cpc.2012.09.022
|
|    When publishing work that utilized the CUDA version
|    of TI, BAR, MBAR or FEP please cite the following 
|    three publications in addition to the regular AMBER 
|    GPU citations:
|
|  - Daniel J. Mermelstein; Charles Lin; Gard Nelson; 
|    Rachael Kretsch; J. Andrew McCammon; Ross C. Walker
|    "Fast and Flexible GPU Accelerated Binding 
|    Free Energy Calculations within the AMBER Molecular
|    Dynamics Package" J. Comp. Chem., 2018,
|    DOI: 10.1002/jcc.25187
|
|  - Tai-Sung Lee; Yuan Hu; Brad Sherborne; Zhuyan Guo;
|    Darrin M. York
|    "Toward Fast and Accurate Binding Affinity Prediction with
|    pmemdGTI: An Efficient Implementation of GPU-Accelerated
|    Thermodynamic Integration"
|    J. Chem. Theory Comput., 2017, 13 (7), 3077
|
|
|--------------------------------------------------------
 
|------------------- GPU DEVICE INFO --------------------
|
|            CUDA_VISIBLE_DEVICES: 0
|   CUDA Capable Devices Detected:      1
|           CUDA Device ID in use:      0
|                CUDA Device Name: Tesla K80
|     CUDA Device Global Mem Size:  11441 MB
| CUDA Device Num Multiprocessors:     13
|           CUDA Device Core Freq:   0.82 GHz
|
|--------------------------------------------------------
 
 
| Conditional Compilation Defines Used:
| PUBFFT
| BINTRAJ
| CUDA
| EMIL

| Largest sphere to fit in unit cell has radius =    27.333

| New format PARM file being parsed.
| Version =    1.000 Date = 07/20/20 Time = 15:32:15

| Note: 1-4 EEL scale factors are being read from the topology file.

| Note: 1-4 VDW scale factors are being read from the topology file.
| Duplicated    0 dihedrals

| Duplicated    0 dihedrals

--------------------------------------------------------------------------------
   1.  RESOURCE   USE: 
--------------------------------------------------------------------------------

 getting box info from netcdf restart file
 NATOM  =      14 NTYPES =       6 NBONH =       6 MBONA  =       6
 NTHETH =      12 MTHETA =       6 NPHIH =      24 MPHIA  =       2
 NHPARM =       0 NPARM  =       0 NNB   =      44 NRES   =       2
 NBONA  =       6 NTHETA =       6 NPHIA =       2 NUMBND =       3
 NUMANG =       4 NPTRA  =       3 NATYP =       6 NPHB   =       1
 IFBOX  =       2 NMXRS  =       7 IFCAP =       0 NEXTRA =       0
 NCOPY  =       0

| Coordinate Index Table dimensions:    10   10   10
| Direct force subcell size =     6.6953    6.6953    6.6953

     BOX TYPE: TRUNCATED OCTAHEDRON

--------------------------------------------------------------------------------
   2.  CONTROL  DATA  FOR  THE  RUN
--------------------------------------------------------------------------------

default_name                                                                    

General flags:
     imin    =       0, nmropt  =       1

Nature and format of input:
     ntx     =       1, irest   =       0, ntrx    =       1

Nature and format of output:
     ntxo    =       2, ntpr    =    5000, ntrx    =       1, ntwr    =    5000
     iwrap   =       0, ntwx    =   10000, ntwv    =       0, ntwe    =       0
     ioutfm  =       1, ntwprt  =       0, idecomp =       0, rbornstat=      0

Potential function:
     ntf     =       2, ntb     =       1, igb     =       0, nsnb    =      25
     ipol    =       0, gbsa    =       0, iesp    =       0
     dielc   =   1.00000, cut     =  10.00000, intdiel =   1.00000

Frozen or restrained atoms:
     ibelly  =       0, ntr     =       0

Molecular dynamics:
     nstlim  =    100000, nscm    =      1000, nrespa  =         1
     t       =   0.00000, dt      =   0.00200, vlimit  =  -1.00000

Langevin dynamics temperature regulation:
     ig      =  580527
     temp0   = 300.00000, tempi   =   0.00000, gamma_ln=   2.00000

SHAKE:
     ntc     =       2, jfastw  =       0
     tol     =   0.00001

NMR refinement options:
     iscale  =       0, noeskp  =       1, ipnlty  =       1, mxsub   =       1
     scalm   = 100.00000, pencut  =   0.10000, tausw   =   0.10000

Free energy options:
     icfe    =       1, ifsc    =       0, klambda =       1
     clambda =  0.2063, scalpha =  0.5000, scbeta  = 12.0000
     sceeorder =       2
     dynlmb =  0.0000 logdvdl =       0

| Intermolecular bonds treatment:
|     no_intermolecular_bonds =       1

| Energy averages sample interval:
|     ene_avg_sampling =    5000

Ewald parameters:
     verbose =       0, ew_type =       0, nbflag  =       1, use_pme =       1
     vdwmeth =       1, eedmeth =       1, netfrc  =       1
     Box X =   66.953   Box Y =   66.953   Box Z =   66.953
     Alpha =  109.471   Beta  =  109.471   Gamma =  109.471
     NFFT1 =   64       NFFT2 =   64       NFFT3 =   64
     Cutoff=   10.000   Tol   =0.100E-04
     Ewald Coefficient =  0.27511
     Interpolation order =    4
     TI Mask 1 :1; matches      7 atoms
     TI Mask 2 :2; matches      7 atoms
     TI region 1:       7 atoms
     TI region 2:       7 atoms
Removing charge of      -0.8188 from atom       8
Removing charge of      -0.8188 from atom       9
Removing charge of       0.8054 from atom      10
Removing charge of      -0.1021 from atom      11
Removing charge of      -0.0219 from atom      12
Removing charge of      -0.0219 from atom      13
Removing charge of      -0.0219 from atom      14
Total charge of  -0.99999900 removed from       7 atoms
     Checking for mismatched coordinates.

--------------------------------------------------------------------------------
   3.  ATOMIC COORDINATES AND VELOCITIES
--------------------------------------------------------------------------------

default_name                                                                    
 begin time read from input coords =     0.000 ps



           Begin reading energy term weight changes/NMR restraints
 WEIGHT CHANGES:
 TEMP0         0  90000    0.000000  300.000000      0      0
 TEMP0     90001 100000  300.000000  300.000000      0      0
 DUMPFREQ  10000      0    0.000000    0.000000      0      0

 RESTRAINTS:
                          ** No restraint defined **

                  Done reading weight changes/NMR restraints


 
 Number of triangulated 3-point waters found:        0

     Sum of charges for TI region  1 =  -0.99999900
     Assuming uniform neutralizing plasma


     Sum of charges for TI region  2 =   0.00000000
     Forcing neutrality...

| Dynamic Memory, Types Used:
| Reals              144127
| Integers             1238

| Nonbonded Pairs Initial Allocation:        4234

| GPU memory information (estimate):
| KB of GPU memory in use:         0
| KB of CPU memory in use:         0

--------------------------------------------------------------------------------
   4.  RESULTS
--------------------------------------------------------------------------------


| TI region  1


 NSTEP =        0   TIME(PS) =       0.000  TEMP(K) =     0.00  PRESS =     0.0
 Etot   =        10.4281  EKtot   =         0.0000  EPtot      =        10.4281
 BOND   =         0.0289  ANGLE   =         2.8131  DIHED      =         5.2200
 1-4 NB =         0.2844  1-4 EEL =         8.2761  VDWAALS    =        -0.0001
 EELEC  =        -6.1943  EHBOND  =         0.0000  RESTRAINT  =         0.0000
 DV/DL  =        -2.6231
 ------------------------------------------------------------------------------


| TI region  2


 NSTEP =        0   TIME(PS) =       0.000  TEMP(K) =     0.00  PRESS =     0.0
 Etot   =        10.4281  EKtot   =         0.0000  EPtot      =        10.4281
 BOND   =         0.0289  ANGLE   =         2.8131  DIHED      =         5.2200
 1-4 NB =         0.2844  1-4 EEL =         8.2761  VDWAALS    =        -0.0001
 EELEC  =        -6.1943  EHBOND  =         0.0000  RESTRAINT  =         0.0000
 DV/DL  =        -2.6231
 ------------------------------------------------------------------------------

 NMR restraints: Bond =    0.000   Angle =     0.000   Torsion =     0.000
===============================================================================

| TI region  1


 NSTEP =     5000   TIME(PS) =      10.000  TEMP(K) =    22.48  PRESS =     0.0
 Etot   =        11.0193  EKtot   =         0.4020  EPtot      =        10.6172
 BOND   =         0.1341  ANGLE   =         2.9384  DIHED      =         5.2345
 1-4 NB =         0.2506  1-4 EEL =         8.2522  VDWAALS    =        -0.0001
 EELEC  =        -6.1925  EHBOND  =         0.0000  RESTRAINT  =         0.0000
 DV/DL  =        -2.5952
 ------------------------------------------------------------------------------


| TI region  2


 NSTEP =     5000   TIME(PS) =      10.000  TEMP(K) =    22.48  PRESS =     0.0
 Etot   =        11.0193  EKtot   =         0.4020  EPtot      =        10.6172
 BOND   =         0.1341  ANGLE   =         2.9384  DIHED      =         5.2345
 1-4 NB =         0.2506  1-4 EEL =         8.2522  VDWAALS    =        -0.0001
 EELEC  =        -6.1925  EHBOND  =         0.0000  RESTRAINT  =         0.0000
 DV/DL  =        -2.5952
 ------------------------------------------------------------------------------

 NMR restraints: Bond =    0.000   Angle =     0.000   Torsion =     0.000
===============================================================================

| TI region  1


 NSTEP =    10000   TIME(PS) =      20.000  TEMP(K) =    32.17  PRESS =     0.0
 Etot   =        11.5070  EKtot   =         0.5753  EPtot      =        10.9317
 BOND   =         0.0480  ANGLE   =         3.2211  DIHED      =         5.2229
 1-4 NB =         0.3212  1-4 EEL =         8.3164  VDWAALS    =        -0.0001
 EELEC  =        -6.1978  EHBOND  =         0.0000  RESTRAINT  =         0.0000
 DV/DL  =        -2.6693
 ------------------------------------------------------------------------------


| TI region  2


 NSTEP =    10000   TIME(PS) =      20.000  TEMP(K) =    32.17  PRESS =     0.0
 Etot   =        11.5070  EKtot   =         0.5753  EPtot      =        10.9317
 BOND   =         0.0480  ANGLE   =         3.2211  DIHED      =         5.2229
 1-4 NB =         0.3212  1-4 EEL =         8.3164  VDWAALS    =        -0.0001
 EELEC  =        -6.1978  EHBOND  =         0.0000  RESTRAINT  =         0.0000
 DV/DL  =        -2.6693
 ------------------------------------------------------------------------------

 NMR restraints: Bond =    0.000   Angle =     0.000   Torsion =     0.000
===============================================================================

| TI region  1


 NSTEP =    15000   TIME(PS) =      30.000  TEMP(K) =    44.81  PRESS =     0.0
 Etot   =        11.4119  EKtot   =         0.8013  EPtot      =        10.6105
 BOND   =         0.0810  ANGLE   =         2.8657  DIHED      =         5.2197
 1-4 NB =         0.3296  1-4 EEL =         8.3098  VDWAALS    =        -0.0001
 EELEC  =        -6.1952  EHBOND  =         0.0000  RESTRAINT  =         0.0000
 DV/DL  =        -2.6644
 ------------------------------------------------------------------------------


| TI region  2


 NSTEP =    15000   TIME(PS) =      30.000  TEMP(K) =    44.81  PRESS =     0.0
 Etot   =        11.4119  EKtot   =         0.8013  EPtot      =        10.6105
 BOND   =         0.0810  ANGLE   =         2.8657  DIHED      =         5.2197
 1-4 NB =         0.3296  1-4 EEL =         8.3098  VDWAALS    =        -0.0001
 EELEC  =        -6.1952  EHBOND  =         0.0000  RESTRAINT  =         0.0000
 DV/DL  =        -2.6644
 ------------------------------------------------------------------------------

 NMR restraints: Bond =    0.000   Angle =     0.000   Torsion =     0.000
===============================================================================

| TI region  1


 NSTEP =    20000   TIME(PS) =      40.000  TEMP(K) =    69.96  PRESS =     0.0
 Etot   =        13.2271  EKtot   =         1.2512  EPtot      =        11.9759
 BOND   =         0.4032  ANGLE   =         3.4426  DIHED      =         5.3357
 1-4 NB =         0.5141  1-4 EEL =         8.4786  VDWAALS    =        -0.0001
 EELEC  =        -6.1982  EHBOND  =         0.0000  RESTRAINT  =         0.0000
 DV/DL  =        -2.8733
 ------------------------------------------------------------------------------


| TI region  2


 NSTEP =    20000   TIME(PS) =      40.000  TEMP(K) =    69.96  PRESS =     0.0
 Etot   =        13.2271  EKtot   =         1.2512  EPtot      =        11.9759
 BOND   =         0.4032  ANGLE   =         3.4426  DIHED      =         5.3357
 1-4 NB =         0.5141  1-4 EEL =         8.4786  VDWAALS    =        -0.0001
 EELEC  =        -6.1982  EHBOND  =         0.0000  RESTRAINT  =         0.0000
 DV/DL  =        -2.8733
 ------------------------------------------------------------------------------

 NMR restraints: Bond =    0.000   Angle =     0.000   Torsion =     0.000
===============================================================================

| TI region  1


 NSTEP =    25000   TIME(PS) =      50.000  TEMP(K) =    87.31  PRESS =     0.0
 Etot   =        12.3172  EKtot   =         1.5615  EPtot      =        10.7557
 BOND   =         0.1397  ANGLE   =         3.2116  DIHED      =         5.2297
 1-4 NB =         0.1769  1-4 EEL =         8.1960  VDWAALS    =        -0.0001
 EELEC  =        -6.1981  EHBOND  =         0.0000  RESTRAINT  =         0.0000
 DV/DL  =        -2.5172
 ------------------------------------------------------------------------------


| TI region  2


 NSTEP =    25000   TIME(PS) =      50.000  TEMP(K) =    87.31  PRESS =     0.0
 Etot   =        12.3172  EKtot   =         1.5615  EPtot      =        10.7557
 BOND   =         0.1397  ANGLE   =         3.2116  DIHED      =         5.2297
 1-4 NB =         0.1769  1-4 EEL =         8.1960  VDWAALS    =        -0.0001
 EELEC  =        -6.1981  EHBOND  =         0.0000  RESTRAINT  =         0.0000
 DV/DL  =        -2.5172
 ------------------------------------------------------------------------------

 NMR restraints: Bond =    0.000   Angle =     0.000   Torsion =     0.000
===============================================================================

| TI region  1


 NSTEP =    30000   TIME(PS) =      60.000  TEMP(K) =   138.55  PRESS =     0.0
 Etot   =        13.8885  EKtot   =         2.4779  EPtot      =        11.4106
 BOND   =         0.5356  ANGLE   =         3.4977  DIHED      =         5.2498
 1-4 NB =         0.1465  1-4 EEL =         8.1755  VDWAALS    =        -0.0001
 EELEC  =        -6.1943  EHBOND  =         0.0000  RESTRAINT  =         0.0000
 DV/DL  =        -2.4962
 ------------------------------------------------------------------------------


| TI region  2


 NSTEP =    30000   TIME(PS) =      60.000  TEMP(K) =   138.55  PRESS =     0.0
 Etot   =        13.8885  EKtot   =         2.4779  EPtot      =        11.4106
 BOND   =         0.5356  ANGLE   =         3.4977  DIHED      =         5.2498
 1-4 NB =         0.1465  1-4 EEL =         8.1755  VDWAALS    =        -0.0001
 EELEC  =        -6.1943  EHBOND  =         0.0000  RESTRAINT  =         0.0000
 DV/DL  =        -2.4962
 ------------------------------------------------------------------------------

 NMR restraints: Bond =    0.000   Angle =     0.000   Torsion =     0.000
===============================================================================

| TI region  1


 NSTEP =    35000   TIME(PS) =      70.000  TEMP(K) =   120.08  PRESS =     0.0
 Etot   =        15.3353  EKtot   =         2.1477  EPtot      =        13.1876
 BOND   =         0.7265  ANGLE   =         5.1031  DIHED      =         5.2224
 1-4 NB =         0.1581  1-4 EEL =         8.1727  VDWAALS    =        -0.0001
 EELEC  =        -6.1952  EHBOND  =         0.0000  RESTRAINT  =         0.0000
 DV/DL  =        -2.4916
 ------------------------------------------------------------------------------


| TI region  2


 NSTEP =    35000   TIME(PS) =      70.000  TEMP(K) =   120.08  PRESS =     0.0
 Etot   =        15.3353  EKtot   =         2.1477  EPtot      =        13.1876
 BOND   =         0.7265  ANGLE   =         5.1031  DIHED      =         5.2224
 1-4 NB =         0.1581  1-4 EEL =         8.1727  VDWAALS    =        -0.0001
 EELEC  =        -6.1952  EHBOND  =         0.0000  RESTRAINT  =         0.0000
 DV/DL  =        -2.4916
 ------------------------------------------------------------------------------

 NMR restraints: Bond =    0.000   Angle =     0.000   Torsion =     0.000
===============================================================================

| TI region  1


 NSTEP =    40000   TIME(PS) =      80.000  TEMP(K) =   102.32  PRESS =     0.0
 Etot   =        14.5371  EKtot   =         1.8300  EPtot      =        12.7071
 BOND   =         0.1682  ANGLE   =         4.8662  DIHED      =         5.2325
 1-4 NB =         0.3247  1-4 EEL =         8.3116  VDWAALS    =        -0.0001
 EELEC  =        -6.1962  EHBOND  =         0.0000  RESTRAINT  =         0.0000
 DV/DL  =        -2.6654
 ------------------------------------------------------------------------------


| TI region  2


 NSTEP =    40000   TIME(PS) =      80.000  TEMP(K) =   102.32  PRESS =     0.0
 Etot   =        14.5371  EKtot   =         1.8300  EPtot      =        12.7071
 BOND   =         0.1682  ANGLE   =         4.8662  DIHED      =         5.2325
 1-4 NB =         0.3247  1-4 EEL =         8.3116  VDWAALS    =        -0.0001
 EELEC  =        -6.1962  EHBOND  =         0.0000  RESTRAINT  =         0.0000
 DV/DL  =        -2.6654
 ------------------------------------------------------------------------------

 NMR restraints: Bond =    0.000   Angle =     0.000   Torsion =     0.000
===============================================================================

| TI region  1


 NSTEP =    45000   TIME(PS) =      90.000  TEMP(K) =   141.26  PRESS =     0.0
 Etot   =        14.1542  EKtot   =         2.5264  EPtot      =        11.6278
 BOND   =         0.6610  ANGLE   =         3.4350  DIHED      =         5.2403
 1-4 NB =         0.2548  1-4 EEL =         8.2357  VDWAALS    =        -0.0001
 EELEC  =        -6.1988  EHBOND  =         0.0000  RESTRAINT  =         0.0000
 DV/DL  =        -2.5664
 ------------------------------------------------------------------------------


| TI region  2


 NSTEP =    45000   TIME(PS) =      90.000  TEMP(K) =   141.26  PRESS =     0.0
 Etot   =        14.1542  EKtot   =         2.5264  EPtot      =        11.6278
 BOND   =         0.6610  ANGLE   =         3.4350  DIHED      =         5.2403
 1-4 NB =         0.2548  1-4 EEL =         8.2357  VDWAALS    =        -0.0001
 EELEC  =        -6.1988  EHBOND  =         0.0000  RESTRAINT  =         0.0000
 DV/DL  =        -2.5664
 ------------------------------------------------------------------------------

 NMR restraints: Bond =    0.000   Angle =     0.000   Torsion =     0.000
===============================================================================

| TI region  1


 NSTEP =    50000   TIME(PS) =     100.000  TEMP(K) =   185.69  PRESS =     0.0
 Etot   =        15.4281  EKtot   =         3.3211  EPtot      =        12.1070
 BOND   =         1.3020  ANGLE   =         3.2904  DIHED      =         5.2207
 1-4 NB =         0.2690  1-4 EEL =         8.2212  VDWAALS    =        -0.0001
 EELEC  =        -6.1963  EHBOND  =         0.0000  RESTRAINT  =         0.0000
 DV/DL  =        -2.5514
 ------------------------------------------------------------------------------


| TI region  2


 NSTEP =    50000   TIME(PS) =     100.000  TEMP(K) =   185.69  PRESS =     0.0
 Etot   =        15.4281  EKtot   =         3.3211  EPtot      =        12.1070
 BOND   =         1.3020  ANGLE   =         3.2904  DIHED      =         5.2207
 1-4 NB =         0.2690  1-4 EEL =         8.2212  VDWAALS    =        -0.0001
 EELEC  =        -6.1963  EHBOND  =         0.0000  RESTRAINT  =         0.0000
 DV/DL  =        -2.5514
 ------------------------------------------------------------------------------

 NMR restraints: Bond =    0.000   Angle =     0.000   Torsion =     0.000
===============================================================================

| TI region  1


 NSTEP =    55000   TIME(PS) =     110.000  TEMP(K) =   287.85  PRESS =     0.0
 Etot   =        19.5363  EKtot   =         5.1481  EPtot      =        14.3882
 BOND   =         1.3480  ANGLE   =         5.6692  DIHED      =         5.3028
 1-4 NB =         0.1067  1-4 EEL =         8.1583  VDWAALS    =        -0.0001
 EELEC  =        -6.1966  EHBOND  =         0.0000  RESTRAINT  =         0.0000
 DV/DL  =        -2.4716
 ------------------------------------------------------------------------------


| TI region  2


 NSTEP =    55000   TIME(PS) =     110.000  TEMP(K) =   287.85  PRESS =     0.0
 Etot   =        19.5363  EKtot   =         5.1481  EPtot      =        14.3882
 BOND   =         1.3480  ANGLE   =         5.6692  DIHED      =         5.3028
 1-4 NB =         0.1067  1-4 EEL =         8.1583  VDWAALS    =        -0.0001
 EELEC  =        -6.1966  EHBOND  =         0.0000  RESTRAINT  =         0.0000
 DV/DL  =        -2.4716
 ------------------------------------------------------------------------------

 NMR restraints: Bond =    0.000   Angle =     0.000   Torsion =     0.000
===============================================================================

| TI region  1


 NSTEP =    60000   TIME(PS) =     120.000  TEMP(K) =   360.90  PRESS =     0.0
 Etot   =        19.1446  EKtot   =         6.4546  EPtot      =        12.6901
 BOND   =         0.5452  ANGLE   =         4.3642  DIHED      =         5.2228
 1-4 NB =         0.3945  1-4 EEL =         8.3589  VDWAALS    =        -0.0001
 EELEC  =        -6.1956  EHBOND  =         0.0000  RESTRAINT  =         0.0000
 DV/DL  =        -2.7257
 ------------------------------------------------------------------------------


| TI region  2


 NSTEP =    60000   TIME(PS) =     120.000  TEMP(K) =   360.90  PRESS =     0.0
 Etot   =        19.1446  EKtot   =         6.4546  EPtot      =        12.6901
 BOND   =         0.5452  ANGLE   =         4.3642  DIHED      =         5.2228
 1-4 NB =         0.3945  1-4 EEL =         8.3589  VDWAALS    =        -0.0001
 EELEC  =        -6.1956  EHBOND  =         0.0000  RESTRAINT  =         0.0000
 DV/DL  =        -2.7257
 ------------------------------------------------------------------------------

 NMR restraints: Bond =    0.000   Angle =     0.000   Torsion =     0.000
===============================================================================

| TI region  1


 NSTEP =    65000   TIME(PS) =     130.000  TEMP(K) =   220.59  PRESS =     0.0
 Etot   =        16.8117  EKtot   =         3.9451  EPtot      =        12.8666
 BOND   =         0.0838  ANGLE   =         5.0133  DIHED      =         5.2869
 1-4 NB =         0.3289  1-4 EEL =         8.3493  VDWAALS    =        -0.0001
 EELEC  =        -6.1956  EHBOND  =         0.0000  RESTRAINT  =         0.0000
 DV/DL  =        -2.7137
 ------------------------------------------------------------------------------


| TI region  2


 NSTEP =    65000   TIME(PS) =     130.000  TEMP(K) =   220.59  PRESS =     0.0
 Etot   =        16.8117  EKtot   =         3.9451  EPtot      =        12.8666
 BOND   =         0.0838  ANGLE   =         5.0133  DIHED      =         5.2869
 1-4 NB =         0.3289  1-4 EEL =         8.3493  VDWAALS    =        -0.0001
 EELEC  =        -6.1956  EHBOND  =         0.0000  RESTRAINT  =         0.0000
 DV/DL  =        -2.7137
 ------------------------------------------------------------------------------

 NMR restraints: Bond =    0.000   Angle =     0.000   Torsion =     0.000
===============================================================================

| TI region  1


 NSTEP =    70000   TIME(PS) =     140.000  TEMP(K) =   420.52  PRESS =     0.0
 Etot   =        19.7251  EKtot   =         7.5210  EPtot      =        12.2041
 BOND   =         0.1942  ANGLE   =         4.4248  DIHED      =         5.2180
 1-4 NB =         0.2677  1-4 EEL =         8.2965  VDWAALS    =        -0.0001
 EELEC  =        -6.1969  EHBOND  =         0.0000  RESTRAINT  =         0.0000
 DV/DL  =        -2.6454
 ------------------------------------------------------------------------------


| TI region  2


 NSTEP =    70000   TIME(PS) =     140.000  TEMP(K) =   420.52  PRESS =     0.0
 Etot   =        19.7251  EKtot   =         7.5210  EPtot      =        12.2041
 BOND   =         0.1942  ANGLE   =         4.4248  DIHED      =         5.2180
 1-4 NB =         0.2677  1-4 EEL =         8.2965  VDWAALS    =        -0.0001
 EELEC  =        -6.1969  EHBOND  =         0.0000  RESTRAINT  =         0.0000
 DV/DL  =        -2.6454
 ------------------------------------------------------------------------------

 NMR restraints: Bond =    0.000   Angle =     0.000   Torsion =     0.000
===============================================================================

| TI region  1


 NSTEP =    75000   TIME(PS) =     150.000  TEMP(K) =   143.50  PRESS =     0.0
 Etot   =        15.3579  EKtot   =         2.5664  EPtot      =        12.7915
 BOND   =         0.3509  ANGLE   =         4.6272  DIHED      =         5.2113
 1-4 NB =         0.4556  1-4 EEL =         8.3471  VDWAALS    =        -0.0001
 EELEC  =        -6.2006  EHBOND  =         0.0000  RESTRAINT  =         0.0000
 DV/DL  =        -2.7045
 ------------------------------------------------------------------------------


| TI region  2


 NSTEP =    75000   TIME(PS) =     150.000  TEMP(K) =   143.50  PRESS =     0.0
 Etot   =        15.3579  EKtot   =         2.5664  EPtot      =        12.7915
 BOND   =         0.3509  ANGLE   =         4.6272  DIHED      =         5.2113
 1-4 NB =         0.4556  1-4 EEL =         8.3471  VDWAALS    =        -0.0001
 EELEC  =        -6.2006  EHBOND  =         0.0000  RESTRAINT  =         0.0000
 DV/DL  =        -2.7045
 ------------------------------------------------------------------------------

 NMR restraints: Bond =    0.000   Angle =     0.000   Torsion =     0.000
===============================================================================

| TI region  1


 NSTEP =    80000   TIME(PS) =     160.000  TEMP(K) =   239.61  PRESS =     0.0
 Etot   =        15.6455  EKtot   =         4.2853  EPtot      =        11.3602
 BOND   =         0.0387  ANGLE   =         3.5934  DIHED      =         5.2697
 1-4 NB =         0.3153  1-4 EEL =         8.3394  VDWAALS    =        -0.0001
 EELEC  =        -6.1961  EHBOND  =         0.0000  RESTRAINT  =         0.0000
 DV/DL  =        -2.7004
 ------------------------------------------------------------------------------


| TI region  2


 NSTEP =    80000   TIME(PS) =     160.000  TEMP(K) =   239.61  PRESS =     0.0
 Etot   =        15.6455  EKtot   =         4.2853  EPtot      =        11.3602
 BOND   =         0.0387  ANGLE   =         3.5934  DIHED      =         5.2697
 1-4 NB =         0.3153  1-4 EEL =         8.3394  VDWAALS    =        -0.0001
 EELEC  =        -6.1961  EHBOND  =         0.0000  RESTRAINT  =         0.0000
 DV/DL  =        -2.7004
 ------------------------------------------------------------------------------

 NMR restraints: Bond =    0.000   Angle =     0.000   Torsion =     0.000
===============================================================================

| TI region  1


 NSTEP =    85000   TIME(PS) =     170.000  TEMP(K) =   281.08  PRESS =     0.0
 Etot   =        17.5683  EKtot   =         5.0270  EPtot      =        12.5414
 BOND   =         0.5776  ANGLE   =         4.3953  DIHED      =         5.2157
 1-4 NB =         0.2804  1-4 EEL =         8.2691  VDWAALS    =        -0.0001
 EELEC  =        -6.1966  EHBOND  =         0.0000  RESTRAINT  =         0.0000
 DV/DL  =        -2.6113
 ------------------------------------------------------------------------------


| TI region  2


 NSTEP =    85000   TIME(PS) =     170.000  TEMP(K) =   281.08  PRESS =     0.0
 Etot   =        17.5683  EKtot   =         5.0270  EPtot      =        12.5414
 BOND   =         0.5776  ANGLE   =         4.3953  DIHED      =         5.2157
 1-4 NB =         0.2804  1-4 EEL =         8.2691  VDWAALS    =        -0.0001
 EELEC  =        -6.1966  EHBOND  =         0.0000  RESTRAINT  =         0.0000
 DV/DL  =        -2.6113
 ------------------------------------------------------------------------------

 NMR restraints: Bond =    0.000   Angle =     0.000   Torsion =     0.000
===============================================================================

| TI region  1


 NSTEP =    90000   TIME(PS) =     180.000  TEMP(K) =   315.99  PRESS =     0.0
 Etot   =        19.3524  EKtot   =         5.6514  EPtot      =        13.7010
 BOND   =         1.5916  ANGLE   =         4.7421  DIHED      =         5.2177
 1-4 NB =         0.1854  1-4 EEL =         8.1608  VDWAALS    =        -0.0001
 EELEC  =        -6.1964  EHBOND  =         0.0000  RESTRAINT  =         0.0000
 DV/DL  =        -2.4751
 ------------------------------------------------------------------------------


| TI region  2


 NSTEP =    90000   TIME(PS) =     180.000  TEMP(K) =   315.99  PRESS =     0.0
 Etot   =        19.3524  EKtot   =         5.6514  EPtot      =        13.7010
 BOND   =         1.5916  ANGLE   =         4.7421  DIHED      =         5.2177
 1-4 NB =         0.1854  1-4 EEL =         8.1608  VDWAALS    =        -0.0001
 EELEC  =        -6.1964  EHBOND  =         0.0000  RESTRAINT  =         0.0000
 DV/DL  =        -2.4751
 ------------------------------------------------------------------------------

 NMR restraints: Bond =    0.000   Angle =     0.000   Torsion =     0.000
===============================================================================

| TI region  1


 NSTEP =    95000   TIME(PS) =     190.000  TEMP(K) =   232.13  PRESS =     0.0
 Etot   =        16.9424  EKtot   =         4.1516  EPtot      =        12.7908
 BOND   =         0.0550  ANGLE   =         4.8875  DIHED      =         5.2606
 1-4 NB =         0.4107  1-4 EEL =         8.3732  VDWAALS    =        -0.0001
 EELEC  =        -6.1961  EHBOND  =         0.0000  RESTRAINT  =         0.0000
 DV/DL  =        -2.7431
 ------------------------------------------------------------------------------


| TI region  2


 NSTEP =    95000   TIME(PS) =     190.000  TEMP(K) =   232.13  PRESS =     0.0
 Etot   =        16.9424  EKtot   =         4.1516  EPtot      =        12.7908
 BOND   =         0.0550  ANGLE   =         4.8875  DIHED      =         5.2606
 1-4 NB =         0.4107  1-4 EEL =         8.3732  VDWAALS    =        -0.0001
 EELEC  =        -6.1961  EHBOND  =         0.0000  RESTRAINT  =         0.0000
 DV/DL  =        -2.7431
 ------------------------------------------------------------------------------

 NMR restraints: Bond =    0.000   Angle =     0.000   Torsion =     0.000
===============================================================================

| TI region  1


 NSTEP =   100000   TIME(PS) =     200.000  TEMP(K) =   176.43  PRESS =     0.0
 Etot   =        17.1360  EKtot   =         3.1553  EPtot      =        13.9807
 BOND   =         1.3086  ANGLE   =         5.2200  DIHED      =         5.2440
 1-4 NB =         0.1615  1-4 EEL =         8.2418  VDWAALS    =        -0.0001
 EELEC  =        -6.1951  EHBOND  =         0.0000  RESTRAINT  =         0.0000
 DV/DL  =        -2.5787
 ------------------------------------------------------------------------------


| TI region  2


 NSTEP =   100000   TIME(PS) =     200.000  TEMP(K) =   176.43  PRESS =     0.0
 Etot   =        17.1360  EKtot   =         3.1553  EPtot      =        13.9807
 BOND   =         1.3086  ANGLE   =         5.2200  DIHED      =         5.2440
 1-4 NB =         0.1615  1-4 EEL =         8.2418  VDWAALS    =        -0.0001
 EELEC  =        -6.1951  EHBOND  =         0.0000  RESTRAINT  =         0.0000
 DV/DL  =        -2.5787
 ------------------------------------------------------------------------------

 NMR restraints: Bond =    0.000   Angle =     0.000   Torsion =     0.000
===============================================================================

| TI region  1


      A V E R A G E S   O V E R      20 S T E P S


 NSTEP =   100000   TIME(PS) =     200.000  TEMP(K) =   181.16  PRESS =     0.0
 Etot   =        15.5023  EKtot   =         3.2400  EPtot      =        12.2623
 BOND   =         0.5147  ANGLE   =         4.1404  DIHED      =         5.2429
 1-4 NB =         0.2826  1-4 EEL =         8.2782  VDWAALS    =        -0.0001
 EELEC  =        -6.1964  EHBOND  =         0.0000  RESTRAINT  =         0.0000
 DV/DL  =        -2.6230
 ------------------------------------------------------------------------------

 NMR restraints: Bond =    0.000   Angle =     0.000   Torsion =     0.000
===============================================================================

      R M S  F L U C T U A T I O N S


 NSTEP =   100000   TIME(PS) =     200.000  TEMP(K) =   109.24  PRESS =     0.0
 Etot   =         2.7061  EKtot   =         1.9538  EPtot      =         1.0795
 BOND   =         0.4875  ANGLE   =         0.8446  DIHED      =         0.0323
 1-4 NB =         0.1057  1-4 EEL =         0.0827  VDWAALS    =         0.0000
 EELEC  =         0.0017  EHBOND  =         0.0000  RESTRAINT  =         0.0000
 DV/DL  =         0.1037
 ------------------------------------------------------------------------------


| TI region  2


      A V E R A G E S   O V E R      20 S T E P S


 NSTEP =   100000   TIME(PS) =     200.000  TEMP(K) =   181.16  PRESS =     0.0
 Etot   =        15.5023  EKtot   =         3.2400  EPtot      =        12.2623
 BOND   =         0.5147  ANGLE   =         4.1404  DIHED      =         5.2429
 1-4 NB =         0.2826  1-4 EEL =         8.2782  VDWAALS    =        -0.0001
 EELEC  =        -6.1964  EHBOND  =         0.0000  RESTRAINT  =         0.0000
 DV/DL  =        -2.6230
 ------------------------------------------------------------------------------

 NMR restraints: Bond =    0.000   Angle =     0.000   Torsion =     0.000
===============================================================================

      R M S  F L U C T U A T I O N S


 NSTEP =   100000   TIME(PS) =     200.000  TEMP(K) =   109.24  PRESS =     0.0
 Etot   =         2.7061  EKtot   =         1.9538  EPtot      =         1.0795
 BOND   =         0.4875  ANGLE   =         0.8446  DIHED      =         0.0323
 1-4 NB =         0.1057  1-4 EEL =         0.0827  VDWAALS    =         0.0000
 EELEC  =         0.0017  EHBOND  =         0.0000  RESTRAINT  =         0.0000
 DV/DL  =         0.1037
 ------------------------------------------------------------------------------


      DV/DL, AVERAGES OVER      20 STEPS


 NSTEP =   100000   TIME(PS) =     200.000  TEMP(K) =   109.24  PRESS =     0.0
 Etot   =         0.0000  EKtot   =         0.0000  EPtot      =        -2.6230
 BOND   =         0.0000  ANGLE   =         0.0000  DIHED      =         0.0000
 1-4 NB =         0.0000  1-4 EEL =       -10.4304  VDWAALS    =         0.0000
 EELEC  =         7.8074  EHBOND  =         0.0000  RESTRAINT  =         0.0000
 DV/DL  =        -2.6230
 ------------------------------------------------------------------------------


 NMR restraints on final step:

--------------------------------------------------------------------------------
   5.  TIMINGS
--------------------------------------------------------------------------------

|  NonSetup CPU Time in Major Routines:
|
|     Routine           Sec        %
|     ------------------------------
|     Nonbond          24.83   36.28
|     Bond              0.00    0.00
|     Angle             0.00    0.00
|     Dihedral          0.00    0.00
|     Shake             0.76    1.11
|     RunMD            42.57   62.21
|     Other             0.27    0.40
|     ------------------------------
|     Total            68.43

|  PME Nonbond Pairlist CPU Time:
|
|     Routine              Sec        %
|     ---------------------------------
|     Set Up Cit           0.00    0.00
|     Build List           0.00    0.00
|     ---------------------------------
|     Total                0.00    0.00

|  PME Direct Force CPU Time:
|
|     Routine              Sec        %
|     ---------------------------------
|     NonBonded Calc       0.00    0.00
|     Exclude Masked       0.00    0.00
|     Other                0.19    0.28
|     ---------------------------------
|     Total                0.19    0.28

|  PME Reciprocal Force CPU Time:
|
|     Routine              Sec        %
|     ---------------------------------
|     1D bspline           0.00    0.00
|     Grid Charges         0.00    0.00
|     Scalar Sum           0.00    0.00
|     Gradient Sum         0.00    0.00
|     FFT                  0.00    0.00
|     ---------------------------------
|     Total                0.00    0.00

|  Final Performance Info:
|     -----------------------------------------------------
|     Average timings for last   10000 steps:
|     Elapsed(s) =       6.86 Per Step(ms) =       0.69
|         ns/day =     251.91   seconds/ns =     342.99
|
|     Average timings for all steps:
|     Elapsed(s) =      68.52 Per Step(ms) =       0.69
|         ns/day =     252.18   seconds/ns =     342.61
|     -----------------------------------------------------

|  Setup CPU time:            0.42 seconds
|  NonSetup CPU time:        68.43 seconds
|  Total CPU time:           68.85 seconds     0.02 hours

|  Setup wall time:           0    seconds
|  NonSetup wall time:       69    seconds
|  Total wall time:          69    seconds     0.02 hours
