
          -------------------------------------------------------
          Amber 18 PMEMD                              2018
          -------------------------------------------------------

| PMEMD implementation of SANDER, Release 18

| Run on 06/12/2020 at 12:17:36

|   Executable path: /opt/software/Amber/18-foss-2018b-AmberTools-19/bin/pmemd.cuda
| Working directory: /mnt/gs18/scratch/users/songlin3/run/1264_optimization/acetate/spce_SPC/0.04794
|          Hostname: lac-138

  [-O]verwriting output

File Assignments:
|   MDIN: min.in                                                                
|  MDOUT: min.out                                                               
| INPCRD: step1.inpcrd                                                          
|   PARM: step1.prmtop                                                          
| RESTRT: min.rst                                                               
|   REFC: step1.inpcrd                                                          
|  MDVEL: mdvel                                                                 
|   MDEN: mden                                                                  
|  MDCRD: min.netcdf                                                            
| MDINFO: min.mdinfo                                                            
|  MDFRC: mdfrc                                                                 


 Here is the input file:

minimization                                                                   
 &cntrl                                                                        
  imin=1,                                                                      
  ntmin=2,                                                                     
  maxcyc=20000,                                                                
  cut=10.0,                                                                    
  ntc=1,                                                                       
  ntf=1,                                                                       
  ntb=1,                                                                       
  ntpr=5000,                                                                   
  ntwr=5000,                                                                   
  ntwx=2000,                                                                   
  ioutfm=1,                                                                    
  iwrap=0,                                                                     
  ifsc = 1, icfe=1,                                                            
  clambda=0.04794,                                                             
  timask1=':1', scmask1=':1', scmask2='',                                      
  timask2='',                                                                  
/                                                                              


Note: ig = -1. Setting random seed to   128181 based on wallclock time in 
      microseconds.
| irandom = 1, using AMBER's internal random number generator (default).
 
|--------------------- INFORMATION ----------------------
| GPU (CUDA) Version of PMEMD in use: NVIDIA GPU IN USE.
|                    Version 18.0.0
| 
|                      03/25/2018
| 
| Implementation by:
|                    Ross C. Walker     (SDSC)
|                    Scott Le Grand     (nVIDIA)
| 
| Version 18 performance extensions by:
|                    David Cerutti     (Rutgers)
| 
| Precision model in use:
|      [SPFP] - Single Precision Forces, 64-bit Fixed Point
|               Accumulation. (Default)
| 
|--------------------------------------------------------
 
|----------------- CITATION INFORMATION -----------------
|
|    When publishing work that utilized the CUDA version
|    of AMBER, please cite the following in addition to
|    the regular AMBER citations:
|
|  - Romelia Salomon-Ferrer; Andreas W. Goetz; Duncan
|    Poole; Scott Le Grand; Ross C. Walker "Routine
|    microsecond molecular dynamics simulations with
|    AMBER - Part II: Particle Mesh Ewald", J. Chem.
|    Theory Comput., 2013, 9 (9), pp3878-3888,
|    DOI: 10.1021/ct400314y.
|
|  - Andreas W. Goetz; Mark J. Williamson; Dong Xu;
|    Duncan Poole; Scott Le Grand; Ross C. Walker
|    "Routine microsecond molecular dynamics simulations
|    with AMBER - Part I: Generalized Born", J. Chem.
|    Theory Comput., 2012, 8 (5), pp1542-1555.
|
|  - Scott Le Grand; Andreas W. Goetz; Ross C. Walker
|    "SPFP: Speed without compromise - a mixed precision
|    model for GPU accelerated molecular dynamics
|    simulations.", Comp. Phys. Comm., 2013, 184
|    pp374-380, DOI: 10.1016/j.cpc.2012.09.022
|
|    When publishing work that utilized the CUDA version
|    of TI, BAR, MBAR or FEP please cite the following 
|    three publications in addition to the regular AMBER 
|    GPU citations:
|
|  - Daniel J. Mermelstein; Charles Lin; Gard Nelson; 
|    Rachael Kretsch; J. Andrew McCammon; Ross C. Walker
|    "Fast and Flexible GPU Accelerated Binding 
|    Free Energy Calculations within the AMBER Molecular
|    Dynamics Package" J. Comp. Chem., 2018,
|    DOI: 10.1002/jcc.25187
|
|  - Tai-Sung Lee; Yuan Hu; Brad Sherborne; Zhuyan Guo;
|    Darrin M. York
|    "Toward Fast and Accurate Binding Affinity Prediction with
|    pmemdGTI: An Efficient Implementation of GPU-Accelerated
|    Thermodynamic Integration"
|    J. Chem. Theory Comput., 2017, 13 (7), 3077
|
|
|--------------------------------------------------------
 
|------------------- GPU DEVICE INFO --------------------
|
|            CUDA_VISIBLE_DEVICES: 0
|   CUDA Capable Devices Detected:      1
|           CUDA Device ID in use:      0
|                CUDA Device Name: Tesla K80
|     CUDA Device Global Mem Size:  12206 MB
| CUDA Device Num Multiprocessors:     13
|           CUDA Device Core Freq:   0.82 GHz
|
|--------------------------------------------------------
 
 
| Conditional Compilation Defines Used:
| PUBFFT
| BINTRAJ
| CUDA
| EMIL

| Largest sphere to fit in unit cell has radius =    27.333

| New format PARM file being parsed.
| Version =    1.000 Date = 06/12/20 Time = 12:17:28

| Note: 1-4 EEL scale factors are being read from the topology file.

| Note: 1-4 VDW scale factors are being read from the topology file.
| Duplicated    0 dihedrals

| Duplicated    0 dihedrals

--------------------------------------------------------------------------------
   1.  RESOURCE   USE: 
--------------------------------------------------------------------------------

 getting new box info from bottom of inpcrd
 NATOM  =   20845 NTYPES =       6 NBONH =   20841 MBONA  =       3
 NTHETH =       6 MTHETA =       3 NPHIH =      12 MPHIA  =       1
 NHPARM =       0 NPARM  =       0 NNB   =   27806 NRES   =    6947
 NBONA  =       3 NTHETA =       3 NPHIA =       1 NUMBND =       5
 NUMANG =       4 NPTRA  =       3 NATYP =       6 NPHB   =       1
 IFBOX  =       2 NMXRS  =       7 IFCAP =       0 NEXTRA =       0
 NCOPY  =       0

| Coordinate Index Table dimensions:    10   10   10
| Direct force subcell size =     6.6953    6.6953    6.6953

     BOX TYPE: TRUNCATED OCTAHEDRON

--------------------------------------------------------------------------------
   2.  CONTROL  DATA  FOR  THE  RUN
--------------------------------------------------------------------------------

default_name                                                                    

General flags:
     imin    =       1, nmropt  =       0

Nature and format of input:
     ntx     =       1, irest   =       0, ntrx    =       1

Nature and format of output:
     ntxo    =       2, ntpr    =    5000, ntrx    =       1, ntwr    =    5000
     iwrap   =       0, ntwx    =    2000, ntwv    =       0, ntwe    =       0
     ioutfm  =       1, ntwprt  =       0, idecomp =       0, rbornstat=      0

Potential function:
     ntf     =       1, ntb     =       1, igb     =       0, nsnb    =      25
     ipol    =       0, gbsa    =       0, iesp    =       0
     dielc   =   1.00000, cut     =  10.00000, intdiel =   1.00000

Frozen or restrained atoms:
     ibelly  =       0, ntr     =       0

Energy minimization:
     maxcyc  =   20000, ncyc    =      10, ntmin   =       2
     dx0     =   0.01000, drms    =   0.00010

Free energy options:
     icfe    =       1, ifsc    =       1, klambda =       1
     clambda =  0.0479, scalpha =  0.5000, scbeta  = 12.0000
     sceeorder =       2
     dynlmb =  0.0000 logdvdl =       0

| Intermolecular bonds treatment:
|     no_intermolecular_bonds =       1

| Energy averages sample interval:
|     ene_avg_sampling =       1

Ewald parameters:
     verbose =       0, ew_type =       0, nbflag  =       1, use_pme =       1
     vdwmeth =       1, eedmeth =       1, netfrc  =       0
     Box X =   66.953   Box Y =   66.953   Box Z =   66.953
     Alpha =  109.471   Beta  =  109.471   Gamma =  109.471
     NFFT1 =   64       NFFT2 =   64       NFFT3 =   64
     Cutoff=   10.000   Tol   =0.100E-04
     Ewald Coefficient =  0.27511
     Interpolation order =    4
     TI Mask 1 :1; matches      7 atoms
     TI Mask 2  matches      0 atoms
     TI region 1:   20845 atoms
     TI region 2:   20838 atoms
     SC Mask 1 :1; matches      7 atoms

--------------------------------------------------------------------------------
   3.  ATOMIC COORDINATES AND VELOCITIES
--------------------------------------------------------------------------------

default_name                                                                    
 begin time read from input coords =     0.000 ps

 
 Number of triangulated 3-point waters found:     6946
 Number of shake restraints removed in TI region  1 :        0
 Number of shake restraints removed in TI region  2 :        0

     Sum of charges for TI region  1 =  -1.00000662
     Assuming uniform neutralizing plasma


     Sum of charges for TI region  2 =  -0.00000762
     Forcing neutrality...

| Dynamic Memory, Types Used:
| Reals              852311
| Integers           792455

| Nonbonded Pairs Initial Allocation:     6305091

| GPU memory information (estimate):
| KB of GPU memory in use:         0
| KB of CPU memory in use:         0

--------------------------------------------------------------------------------
   4.  RESULTS
--------------------------------------------------------------------------------


| TI region  1



   NSTEP       ENERGY          RMS            GMAX         NAME    NUMBER
      1       1.5744E+04     1.0774E+02     1.6476E+03     O       16784

 BOND    =    68564.9803  ANGLE   =        0.0000  DIHED      =       -0.0000
 VDWAALS =    19728.8959  EEL     =   -72549.5169  HBOND      =        0.0000
 1-4 VDW =        0.0000  1-4 EEL =       -0.0000  RESTRAINT  =        0.0000
 DV/DL  =        26.5038
  Softcore part of the system:       7 atoms,       TEMP(K)    =           0.00
 SC_Etot=         0.0000  SC_EKtot=         0.0000  SC_EPtot   =        31.3490
 SC_BOND=        11.0985  SC_ANGLE=         4.5803  SC_DIHED   =         5.2200
 SC_14NB=         0.1931  SC_14EEL=        10.2571  SC_VDW     =         0.0000
 SC_EEL =         0.0000
 SC_RES_DIST=     0.0000  SC_RES_ANG=       0.0000  SC_RES_TORS=         0.0000
 SC_EEL_DER=      4.8589  SC_VDW_DER=       0.2257  SC_DERIV   =         5.0845
 ------------------------------------------------------------------------------


| TI region  2



   NSTEP       ENERGY          RMS            GMAX         NAME    NUMBER
      1       1.5744E+04     1.0774E+02     1.6476E+03     O       16784

 BOND    =    68564.9803  ANGLE   =        0.0000  DIHED      =       -0.0000
 VDWAALS =    19728.8959  EEL     =   -72549.5169  HBOND      =        0.0000
 1-4 VDW =        0.0000  1-4 EEL =       -0.0000  RESTRAINT  =        0.0000
 DV/DL  =        26.5038

| TI region  1



   NSTEP       ENERGY          RMS            GMAX         NAME    NUMBER
   5000      -9.7792E+04     1.7066E-01     1.4330E+00     H2       3718

 BOND    =     8691.7185  ANGLE   =        0.0000  DIHED      =        0.0000
 VDWAALS =    21890.4613  EEL     =  -128374.0782  HBOND      =        0.0000
 1-4 VDW =        0.0000  1-4 EEL =       -0.0000  RESTRAINT  =        0.0000
 DV/DL  =       229.5244
  Softcore part of the system:       7 atoms,       TEMP(K)    =           0.00
 SC_Etot=         0.0000  SC_EKtot=         0.0000  SC_EPtot   =        18.8357
 SC_BOND=         0.0332  SC_ANGLE=         2.9050  SC_DIHED   =         5.2315
 SC_14NB=         0.2592  SC_14EEL=        10.4068  SC_VDW     =         0.0000
 SC_EEL =         0.0000
 SC_RES_DIST=     0.0000  SC_RES_ANG=       0.0000  SC_RES_TORS=         0.0000
 SC_EEL_DER=    127.0996  SC_VDW_DER=     -18.9637  SC_DERIV   =       108.1359
 ------------------------------------------------------------------------------


| TI region  2



   NSTEP       ENERGY          RMS            GMAX         NAME    NUMBER
   5000      -9.7792E+04     1.7066E-01     1.4330E+00     H2       3718

 BOND    =     8691.7185  ANGLE   =        0.0000  DIHED      =        0.0000
 VDWAALS =    21890.4613  EEL     =  -128374.0782  HBOND      =        0.0000
 1-4 VDW =        0.0000  1-4 EEL =       -0.0000  RESTRAINT  =        0.0000
 DV/DL  =       229.5244

| TI region  1



   NSTEP       ENERGY          RMS            GMAX         NAME    NUMBER
  10000      -9.8793E+04     5.5221E-02     1.3998E+00     H1       7524

 BOND    =     8905.8349  ANGLE   =        0.0000  DIHED      =        0.0000
 VDWAALS =    22944.8948  EEL     =  -130643.3301  HBOND      =        0.0000
 1-4 VDW =        0.0000  1-4 EEL =       -0.0000  RESTRAINT  =        0.0000
 DV/DL  =       262.9512
  Softcore part of the system:       7 atoms,       TEMP(K)    =           0.00
 SC_Etot=         0.0000  SC_EKtot=         0.0000  SC_EPtot   =        18.8749
 SC_BOND=         0.0400  SC_ANGLE=         2.9084  SC_DIHED   =         5.2083
 SC_14NB=         0.2991  SC_14EEL=        10.4190  SC_VDW     =         0.0000
 SC_EEL =         0.0000
 SC_RES_DIST=     0.0000  SC_RES_ANG=       0.0000  SC_RES_TORS=         0.0000
 SC_EEL_DER=    153.6553  SC_VDW_DER=     -20.6726  SC_DERIV   =       132.9827
 ------------------------------------------------------------------------------


| TI region  2



   NSTEP       ENERGY          RMS            GMAX         NAME    NUMBER
  10000      -9.8793E+04     5.5221E-02     1.3998E+00     H1       7524

 BOND    =     8905.8349  ANGLE   =        0.0000  DIHED      =        0.0000
 VDWAALS =    22944.8948  EEL     =  -130643.3301  HBOND      =        0.0000
 1-4 VDW =        0.0000  1-4 EEL =       -0.0000  RESTRAINT  =        0.0000
 DV/DL  =       262.9512

| TI region  1



   NSTEP       ENERGY          RMS            GMAX         NAME    NUMBER
  15000      -9.9248E+04     1.2540E-01     1.5499E+00     H1      14007

 BOND    =     8996.3268  ANGLE   =       -0.0000  DIHED      =        0.0000
 VDWAALS =    23528.1846  EEL     =  -131772.4488  HBOND      =        0.0000
 1-4 VDW =        0.0000  1-4 EEL =       -0.0000  RESTRAINT  =        0.0000
 DV/DL  =       278.6406
  Softcore part of the system:       7 atoms,       TEMP(K)    =           0.00
 SC_Etot=         0.0000  SC_EKtot=         0.0000  SC_EPtot   =        18.8615
 SC_BOND=         0.0414  SC_ANGLE=         2.9438  SC_DIHED   =         5.2076
 SC_14NB=         0.2704  SC_14EEL=        10.3983  SC_VDW     =         0.0000
 SC_EEL =         0.0000
 SC_RES_DIST=     0.0000  SC_RES_ANG=       0.0000  SC_RES_TORS=         0.0000
 SC_EEL_DER=    160.7872  SC_VDW_DER=     -22.5167  SC_DERIV   =       138.2706
 ------------------------------------------------------------------------------


| TI region  2



   NSTEP       ENERGY          RMS            GMAX         NAME    NUMBER
  15000      -9.9248E+04     1.2540E-01     1.5499E+00     H1      14007

 BOND    =     8996.3268  ANGLE   =       -0.0000  DIHED      =        0.0000
 VDWAALS =    23528.1846  EEL     =  -131772.4488  HBOND      =        0.0000
 1-4 VDW =        0.0000  1-4 EEL =       -0.0000  RESTRAINT  =        0.0000
 DV/DL  =       278.6406

| TI region  1



   NSTEP       ENERGY          RMS            GMAX         NAME    NUMBER
  20000      -9.9550E+04     4.0093E-02     2.2291E+00     H2      13114

 BOND    =     9100.3342  ANGLE   =       -0.0000  DIHED      =       -0.0000
 VDWAALS =    23960.2282  EEL     =  -132610.1445  HBOND      =        0.0000
 1-4 VDW =        0.0000  1-4 EEL =        0.0000  RESTRAINT  =        0.0000
 DV/DL  =       296.0095
  Softcore part of the system:       7 atoms,       TEMP(K)    =           0.00
 SC_Etot=         0.0000  SC_EKtot=         0.0000  SC_EPtot   =        18.9417
 SC_BOND=         0.0301  SC_ANGLE=         3.0527  SC_DIHED   =         5.2093
 SC_14NB=         0.2584  SC_14EEL=        10.3912  SC_VDW     =         0.0000
 SC_EEL =         0.0000
 SC_RES_DIST=     0.0000  SC_RES_ANG=       0.0000  SC_RES_TORS=         0.0000
 SC_EEL_DER=    168.0115  SC_VDW_DER=     -20.3198  SC_DERIV   =       147.6918
 ------------------------------------------------------------------------------


| TI region  2



   NSTEP       ENERGY          RMS            GMAX         NAME    NUMBER
  20000      -9.9550E+04     4.0093E-02     2.2291E+00     H2      13114

 BOND    =     9100.3342  ANGLE   =       -0.0000  DIHED      =       -0.0000
 VDWAALS =    23960.2282  EEL     =  -132610.1445  HBOND      =        0.0000
 1-4 VDW =        0.0000  1-4 EEL =        0.0000  RESTRAINT  =        0.0000
 DV/DL  =       296.0095


  Maximum number of minimization cycles reached.


                    FINAL RESULTS


| TI region  1



   NSTEP       ENERGY          RMS            GMAX         NAME    NUMBER
  20000      -9.9550E+04     4.0093E-02     2.2291E+00     H2      13114

 BOND    =     9100.3342  ANGLE   =       -0.0000  DIHED      =       -0.0000
 VDWAALS =    23960.2282  EEL     =  -132610.1445  HBOND      =        0.0000
 1-4 VDW =        0.0000  1-4 EEL =        0.0000  RESTRAINT  =        0.0000
 DV/DL  =       296.0095
  Softcore part of the system:       7 atoms,       TEMP(K)    =           0.00
 SC_Etot=         0.0000  SC_EKtot=         0.0000  SC_EPtot   =        18.9417
 SC_BOND=         0.0301  SC_ANGLE=         3.0527  SC_DIHED   =         5.2093
 SC_14NB=         0.2584  SC_14EEL=        10.3912  SC_VDW     =         0.0000
 SC_EEL =         0.0000
 SC_RES_DIST=     0.0000  SC_RES_ANG=       0.0000  SC_RES_TORS=         0.0000
 SC_EEL_DER=    168.0115  SC_VDW_DER=     -20.3198  SC_DERIV   =       147.6918
 ------------------------------------------------------------------------------


| TI region  2



   NSTEP       ENERGY          RMS            GMAX         NAME    NUMBER
  20000      -9.9550E+04     4.0093E-02     2.2291E+00     H2      13114

 BOND    =     9100.3342  ANGLE   =       -0.0000  DIHED      =       -0.0000
 VDWAALS =    23960.2282  EEL     =  -132610.1445  HBOND      =        0.0000
 1-4 VDW =        0.0000  1-4 EEL =        0.0000  RESTRAINT  =        0.0000
 DV/DL  =       296.0095
--------------------------------------------------------------------------------
   5.  TIMINGS
--------------------------------------------------------------------------------

|  NonSetup CPU Time in Major Routines:
|
|     Routine           Sec        %
|     ------------------------------
|     Nonbond          44.76   69.99
|     Bond              0.00    0.00
|     Angle             0.00    0.00
|     Dihedral          0.00    0.00
|     Shake             0.00    0.00
|     Other            19.19   30.01
|     ------------------------------
|     Total            63.95

|  PME Nonbond Pairlist CPU Time:
|
|     Routine              Sec        %
|     ---------------------------------
|     Set Up Cit           0.00    0.00
|     Build List           0.00    0.00
|     ---------------------------------
|     Total                0.00    0.00

|  PME Direct Force CPU Time:
|
|     Routine              Sec        %
|     ---------------------------------
|     NonBonded Calc       0.00    0.00
|     Exclude Masked       0.00    0.00
|     Other                0.05    0.08
|     ---------------------------------
|     Total                0.05    0.08

|  PME Reciprocal Force CPU Time:
|
|     Routine              Sec        %
|     ---------------------------------
|     1D bspline           0.00    0.00
|     Grid Charges         0.00    0.00
|     Scalar Sum           0.00    0.00
|     Gradient Sum         0.00    0.00
|     FFT                  0.00    0.00
|     ---------------------------------
|     Total                0.00    0.00

|  Setup CPU time:            0.58 seconds
|  NonSetup CPU time:        63.95 seconds
|  Total CPU time:           64.53 seconds     0.02 hours

|  Setup wall time:           1    seconds
|  NonSetup wall time:       64    seconds
|  Total wall time:          65    seconds     0.02 hours
