
          -------------------------------------------------------
          Amber 18 PMEMD                              2018
          -------------------------------------------------------

| PMEMD implementation of SANDER, Release 18

| Run on 06/20/2020 at 04:35:03

|   Executable path: /opt/software/Amber/18-foss-2018b-AmberTools-19/bin/pmemd.cuda
| Working directory: /mnt/gs18/scratch/users/songlin3/run/1264_optimization/acetate/two_steps_spce/step1/0.68392
|          Hostname: csn-006

  [-O]verwriting output

File Assignments:
|   MDIN: heat.in                                                               
|  MDOUT: heat.out                                                              
| INPCRD: min.rst                                                               
|   PARM: step1.prmtop                                                          
| RESTRT: heat.rst                                                              
|   REFC: min.rst                                                               
|  MDVEL: mdvel                                                                 
|   MDEN: mden                                                                  
|  MDCRD: heat.netcdf                                                           
| MDINFO: heat.mdinfo                                                           
|  MDFRC: mdfrc                                                                 


 Here is the input file:

nvt for free MD                                                                
 &cntrl                                                                        
  imin=0,                                                                      
  irest=0,                                                                     
  ntx=1,                                                                       
  ig=-1,                                                                       
  nstlim=100000,                                                               
  dt=0.002,                                                                    
  cut=10.0,                                                                    
  ntc=2,                                                                       
  ntf=2,                                                                       
  ntb=1,                                                                       
  ntt=3,                                                                       
  gamma_ln=2.0,                                                                
  tempi=0.0,                                                                   
  temp0=300.0,                                                                 
  ntpr=5000,                                                                   
  ntwr=5000,                                                                   
  ntwx=10000,                                                                  
  ntwv=0,                                                                      
  ioutfm=1,                                                                    
  iwrap=0,                                                                     
  nmropt=1,                                                                    
  ifsc = 0, icfe=1,                                                            
  clambda=0.68392,                                                             
  timask1=':1',                                                                
  timask2=':2', crgmask = ':2',                                                
/                                                                              
&wt TYPE='TEMP0', istep1=0, istep2=90000, value1=0.0, value2=300.0 /           
&wt TYPE='TEMP0', istep1=90001, istep2=100000, value1=300.0, value2=300.0 /    
&wt TYPE='DUMPFREQ', istep1=10000, /                                           
&wt TYPE='END', /                                                              


Note: ig = -1. Setting random seed to   465904 based on wallclock time in 
      microseconds.
| irandom = 1, using AMBER's internal random number generator (default).
 
|--------------------- INFORMATION ----------------------
| GPU (CUDA) Version of PMEMD in use: NVIDIA GPU IN USE.
|                    Version 18.0.0
| 
|                      03/25/2018
| 
| Implementation by:
|                    Ross C. Walker     (SDSC)
|                    Scott Le Grand     (nVIDIA)
| 
| Version 18 performance extensions by:
|                    David Cerutti     (Rutgers)
| 
| Precision model in use:
|      [SPFP] - Single Precision Forces, 64-bit Fixed Point
|               Accumulation. (Default)
| 
|--------------------------------------------------------
 
|----------------- CITATION INFORMATION -----------------
|
|    When publishing work that utilized the CUDA version
|    of AMBER, please cite the following in addition to
|    the regular AMBER citations:
|
|  - Romelia Salomon-Ferrer; Andreas W. Goetz; Duncan
|    Poole; Scott Le Grand; Ross C. Walker "Routine
|    microsecond molecular dynamics simulations with
|    AMBER - Part II: Particle Mesh Ewald", J. Chem.
|    Theory Comput., 2013, 9 (9), pp3878-3888,
|    DOI: 10.1021/ct400314y.
|
|  - Andreas W. Goetz; Mark J. Williamson; Dong Xu;
|    Duncan Poole; Scott Le Grand; Ross C. Walker
|    "Routine microsecond molecular dynamics simulations
|    with AMBER - Part I: Generalized Born", J. Chem.
|    Theory Comput., 2012, 8 (5), pp1542-1555.
|
|  - Scott Le Grand; Andreas W. Goetz; Ross C. Walker
|    "SPFP: Speed without compromise - a mixed precision
|    model for GPU accelerated molecular dynamics
|    simulations.", Comp. Phys. Comm., 2013, 184
|    pp374-380, DOI: 10.1016/j.cpc.2012.09.022
|
|    When publishing work that utilized the CUDA version
|    of TI, BAR, MBAR or FEP please cite the following 
|    three publications in addition to the regular AMBER 
|    GPU citations:
|
|  - Daniel J. Mermelstein; Charles Lin; Gard Nelson; 
|    Rachael Kretsch; J. Andrew McCammon; Ross C. Walker
|    "Fast and Flexible GPU Accelerated Binding 
|    Free Energy Calculations within the AMBER Molecular
|    Dynamics Package" J. Comp. Chem., 2018,
|    DOI: 10.1002/jcc.25187
|
|  - Tai-Sung Lee; Yuan Hu; Brad Sherborne; Zhuyan Guo;
|    Darrin M. York
|    "Toward Fast and Accurate Binding Affinity Prediction with
|    pmemdGTI: An Efficient Implementation of GPU-Accelerated
|    Thermodynamic Integration"
|    J. Chem. Theory Comput., 2017, 13 (7), 3077
|
|
|--------------------------------------------------------
 
|------------------- GPU DEVICE INFO --------------------
|
|            CUDA_VISIBLE_DEVICES: 0
|   CUDA Capable Devices Detected:      1
|           CUDA Device ID in use:      0
|                CUDA Device Name: Tesla K20m
|     CUDA Device Global Mem Size:   4743 MB
| CUDA Device Num Multiprocessors:     13
|           CUDA Device Core Freq:   0.71 GHz
|
|--------------------------------------------------------
 
 
| Conditional Compilation Defines Used:
| PUBFFT
| BINTRAJ
| CUDA
| EMIL

| Largest sphere to fit in unit cell has radius =    27.333

| New format PARM file being parsed.
| Version =    1.000 Date = 06/18/20 Time = 20:40:54

| Note: 1-4 EEL scale factors are being read from the topology file.

| Note: 1-4 VDW scale factors are being read from the topology file.
| Duplicated    0 dihedrals

| Duplicated    0 dihedrals

--------------------------------------------------------------------------------
   1.  RESOURCE   USE: 
--------------------------------------------------------------------------------

 getting box info from netcdf restart file
 NATOM  =   20852 NTYPES =       6 NBONH =   20844 MBONA  =       6
 NTHETH =      12 MTHETA =       6 NPHIH =      24 MPHIA  =       2
 NHPARM =       0 NPARM  =       0 NNB   =   27828 NRES   =    6948
 NBONA  =       6 NTHETA =       6 NPHIA =       2 NUMBND =       5
 NUMANG =       4 NPTRA  =       3 NATYP =       6 NPHB   =       1
 IFBOX  =       2 NMXRS  =       7 IFCAP =       0 NEXTRA =       0
 NCOPY  =       0

| Coordinate Index Table dimensions:    10   10   10
| Direct force subcell size =     6.6953    6.6953    6.6953

     BOX TYPE: TRUNCATED OCTAHEDRON

--------------------------------------------------------------------------------
   2.  CONTROL  DATA  FOR  THE  RUN
--------------------------------------------------------------------------------

default_name                                                                    

General flags:
     imin    =       0, nmropt  =       1

Nature and format of input:
     ntx     =       1, irest   =       0, ntrx    =       1

Nature and format of output:
     ntxo    =       2, ntpr    =    5000, ntrx    =       1, ntwr    =    5000
     iwrap   =       0, ntwx    =   10000, ntwv    =       0, ntwe    =       0
     ioutfm  =       1, ntwprt  =       0, idecomp =       0, rbornstat=      0

Potential function:
     ntf     =       2, ntb     =       1, igb     =       0, nsnb    =      25
     ipol    =       0, gbsa    =       0, iesp    =       0
     dielc   =   1.00000, cut     =  10.00000, intdiel =   1.00000

Frozen or restrained atoms:
     ibelly  =       0, ntr     =       0

Molecular dynamics:
     nstlim  =    100000, nscm    =      1000, nrespa  =         1
     t       =   0.00000, dt      =   0.00200, vlimit  =  -1.00000

Langevin dynamics temperature regulation:
     ig      =  465904
     temp0   = 300.00000, tempi   =   0.00000, gamma_ln=   2.00000

SHAKE:
     ntc     =       2, jfastw  =       0
     tol     =   0.00001

NMR refinement options:
     iscale  =       0, noeskp  =       1, ipnlty  =       1, mxsub   =       1
     scalm   = 100.00000, pencut  =   0.10000, tausw   =   0.10000

Free energy options:
     icfe    =       1, ifsc    =       0, klambda =       1
     clambda =  0.6839, scalpha =  0.5000, scbeta  = 12.0000
     sceeorder =       2
     dynlmb =  0.0000 logdvdl =       0

| Intermolecular bonds treatment:
|     no_intermolecular_bonds =       1

| Energy averages sample interval:
|     ene_avg_sampling =    5000

Ewald parameters:
     verbose =       0, ew_type =       0, nbflag  =       1, use_pme =       1
     vdwmeth =       1, eedmeth =       1, netfrc  =       1
     Box X =   66.953   Box Y =   66.953   Box Z =   66.953
     Alpha =  109.471   Beta  =  109.471   Gamma =  109.471
     NFFT1 =   64       NFFT2 =   64       NFFT3 =   64
     Cutoff=   10.000   Tol   =0.100E-04
     Ewald Coefficient =  0.27511
     Interpolation order =    4
     TI Mask 1 :1; matches      7 atoms
     TI Mask 2 :2; matches      7 atoms
     TI region 1:   20845 atoms
     TI region 2:   20845 atoms
Removing charge of      -0.8188 from atom       8
Removing charge of      -0.8188 from atom       9
Removing charge of       0.8054 from atom      10
Removing charge of      -0.1021 from atom      11
Removing charge of      -0.0219 from atom      12
Removing charge of      -0.0219 from atom      13
Removing charge of      -0.0219 from atom      14
Total charge of  -0.99999900 removed from       7 atoms
     Checking for mismatched coordinates.

--------------------------------------------------------------------------------
   3.  ATOMIC COORDINATES AND VELOCITIES
--------------------------------------------------------------------------------

default_name                                                                    
 begin time read from input coords =     0.000 ps



           Begin reading energy term weight changes/NMR restraints
 WEIGHT CHANGES:
 TEMP0         0  90000    0.000000  300.000000      0      0
 TEMP0     90001 100000  300.000000  300.000000      0      0
 DUMPFREQ  10000      0    0.000000    0.000000      0      0

 RESTRAINTS:
                          ** No restraint defined **

                  Done reading weight changes/NMR restraints


 
 Number of triangulated 3-point waters found:     6946

     Sum of charges for TI region  1 =  -1.00000662
     Assuming uniform neutralizing plasma


     Sum of charges for TI region  2 =  -0.00000762
     Forcing neutrality...

| Dynamic Memory, Types Used:
| Reals              915137
| Integers           793082

| Nonbonded Pairs Initial Allocation:     6307208

| GPU memory information (estimate):
| KB of GPU memory in use:         0
| KB of CPU memory in use:         0

--------------------------------------------------------------------------------
   4.  RESULTS
--------------------------------------------------------------------------------


| TI region  1


 NSTEP =        0   TIME(PS) =       0.000  TEMP(K) =     0.00  PRESS =     0.0
 Etot   =    -70950.0047  EKtot   =         0.0000  EPtot      =    -70950.0047
 BOND   =         0.0352  ANGLE   =         2.8486  DIHED      =         5.2252
 1-4 NB =         0.2777  1-4 EEL =         3.2929  VDWAALS    =      6479.9179
 EELEC  =    -77441.6023  EHBOND  =         0.0000  RESTRAINT  =         0.0000
 DV/DL  =        13.4700
 ------------------------------------------------------------------------------


| TI region  2


 NSTEP =        0   TIME(PS) =       0.000  TEMP(K) =     0.00  PRESS =     0.0
 Etot   =    -70950.0047  EKtot   =         0.0000  EPtot      =    -70950.0047
 BOND   =         0.0352  ANGLE   =         2.8486  DIHED      =         5.2252
 1-4 NB =         0.2777  1-4 EEL =         3.2929  VDWAALS    =      6479.9179
 EELEC  =    -77441.6023  EHBOND  =         0.0000  RESTRAINT  =         0.0000
 DV/DL  =        13.4700
 ------------------------------------------------------------------------------

 NMR restraints: Bond =    0.000   Angle =     0.000   Torsion =     0.000
===============================================================================

| TI region  1


 NSTEP =     5000   TIME(PS) =      10.000  TEMP(K) =    16.06  PRESS =     0.0
 Etot   =    -91253.4165  EKtot   =       665.2516  EPtot      =    -91918.6682
 BOND   =         0.0240  ANGLE   =         2.9056  DIHED      =         5.2136
 1-4 NB =         0.3224  1-4 EEL =         3.3051  VDWAALS    =     19022.8816
 EELEC  =   -110953.3204  EHBOND  =         0.0000  RESTRAINT  =         0.0000
 DV/DL  =        49.3840
 ------------------------------------------------------------------------------


| TI region  2


 NSTEP =     5000   TIME(PS) =      10.000  TEMP(K) =    16.06  PRESS =     0.0
 Etot   =    -91253.4165  EKtot   =       665.2516  EPtot      =    -91918.6682
 BOND   =         0.0240  ANGLE   =         2.9056  DIHED      =         5.2136
 1-4 NB =         0.3224  1-4 EEL =         3.3051  VDWAALS    =     19022.8816
 EELEC  =   -110953.3204  EHBOND  =         0.0000  RESTRAINT  =         0.0000
 DV/DL  =        49.3840
 ------------------------------------------------------------------------------

 NMR restraints: Bond =    0.000   Angle =     0.000   Torsion =     0.000
===============================================================================

| TI region  1


 NSTEP =    10000   TIME(PS) =      20.000  TEMP(K) =    32.30  PRESS =     0.0
 Etot   =    -90157.4906  EKtot   =      1338.2759  EPtot      =    -91495.7664
 BOND   =         0.0469  ANGLE   =         3.2041  DIHED      =         5.2334
 1-4 NB =         0.3575  1-4 EEL =         3.3283  VDWAALS    =     19157.0060
 EELEC  =   -110664.9427  EHBOND  =         0.0000  RESTRAINT  =         0.0000
 DV/DL  =        56.4815
 ------------------------------------------------------------------------------


| TI region  2


 NSTEP =    10000   TIME(PS) =      20.000  TEMP(K) =    32.30  PRESS =     0.0
 Etot   =    -90157.4906  EKtot   =      1338.2759  EPtot      =    -91495.7664
 BOND   =         0.0469  ANGLE   =         3.2041  DIHED      =         5.2334
 1-4 NB =         0.3575  1-4 EEL =         3.3283  VDWAALS    =     19157.0060
 EELEC  =   -110664.9427  EHBOND  =         0.0000  RESTRAINT  =         0.0000
 DV/DL  =        56.4815
 ------------------------------------------------------------------------------

 NMR restraints: Bond =    0.000   Angle =     0.000   Torsion =     0.000
===============================================================================

| TI region  1


 NSTEP =    15000   TIME(PS) =      30.000  TEMP(K) =    49.50  PRESS =     0.0
 Etot   =    -88942.0900  EKtot   =      2050.5595  EPtot      =    -90992.6494
 BOND   =         0.2403  ANGLE   =         3.4214  DIHED      =         5.2716
 1-4 NB =         0.3925  1-4 EEL =         3.3523  VDWAALS    =     19049.1079
 EELEC  =   -110054.4354  EHBOND  =         0.0000  RESTRAINT  =         0.0000
 DV/DL  =        54.8198
 ------------------------------------------------------------------------------


| TI region  2


 NSTEP =    15000   TIME(PS) =      30.000  TEMP(K) =    49.50  PRESS =     0.0
 Etot   =    -88942.0900  EKtot   =      2050.5595  EPtot      =    -90992.6494
 BOND   =         0.2403  ANGLE   =         3.4214  DIHED      =         5.2716
 1-4 NB =         0.3925  1-4 EEL =         3.3523  VDWAALS    =     19049.1079
 EELEC  =   -110054.4354  EHBOND  =         0.0000  RESTRAINT  =         0.0000
 DV/DL  =        54.8198
 ------------------------------------------------------------------------------

 NMR restraints: Bond =    0.000   Angle =     0.000   Torsion =     0.000
===============================================================================

| TI region  1


 NSTEP =    20000   TIME(PS) =      40.000  TEMP(K) =    65.64  PRESS =     0.0
 Etot   =    -87823.2448  EKtot   =      2719.1543  EPtot      =    -90542.3991
 BOND   =         0.6015  ANGLE   =         3.2463  DIHED      =         5.2506
 1-4 NB =         0.1894  1-4 EEL =         3.2638  VDWAALS    =     19070.7666
 EELEC  =   -109625.7173  EHBOND  =         0.0000  RESTRAINT  =         0.0000
 DV/DL  =        55.3899
 ------------------------------------------------------------------------------


| TI region  2


 NSTEP =    20000   TIME(PS) =      40.000  TEMP(K) =    65.64  PRESS =     0.0
 Etot   =    -87823.2448  EKtot   =      2719.1543  EPtot      =    -90542.3991
 BOND   =         0.6015  ANGLE   =         3.2463  DIHED      =         5.2506
 1-4 NB =         0.1894  1-4 EEL =         3.2638  VDWAALS    =     19070.7666
 EELEC  =   -109625.7173  EHBOND  =         0.0000  RESTRAINT  =         0.0000
 DV/DL  =        55.3899
 ------------------------------------------------------------------------------

 NMR restraints: Bond =    0.000   Angle =     0.000   Torsion =     0.000
===============================================================================

| TI region  1


 NSTEP =    25000   TIME(PS) =      50.000  TEMP(K) =    82.82  PRESS =     0.0
 Etot   =    -86672.1663  EKtot   =      3430.9078  EPtot      =    -90103.0741
 BOND   =         0.5739  ANGLE   =         3.7173  DIHED      =         5.2284
 1-4 NB =         0.5873  1-4 EEL =         3.3370  VDWAALS    =     19085.7727
 EELEC  =   -109202.2907  EHBOND  =         0.0000  RESTRAINT  =         0.0000
 DV/DL  =        56.4729
 ------------------------------------------------------------------------------


| TI region  2


 NSTEP =    25000   TIME(PS) =      50.000  TEMP(K) =    82.82  PRESS =     0.0
 Etot   =    -86672.1663  EKtot   =      3430.9078  EPtot      =    -90103.0741
 BOND   =         0.5739  ANGLE   =         3.7173  DIHED      =         5.2284
 1-4 NB =         0.5873  1-4 EEL =         3.3370  VDWAALS    =     19085.7727
 EELEC  =   -109202.2907  EHBOND  =         0.0000  RESTRAINT  =         0.0000
 DV/DL  =        56.4729
 ------------------------------------------------------------------------------

 NMR restraints: Bond =    0.000   Angle =     0.000   Torsion =     0.000
===============================================================================

| TI region  1


 NSTEP =    30000   TIME(PS) =      60.000  TEMP(K) =    98.77  PRESS =     0.0
 Etot   =    -85503.6747  EKtot   =      4091.5386  EPtot      =    -89595.2132
 BOND   =         0.1246  ANGLE   =         3.0629  DIHED      =         5.2342
 1-4 NB =         0.3818  1-4 EEL =         3.3252  VDWAALS    =     19097.4651
 EELEC  =   -108704.8070  EHBOND  =         0.0000  RESTRAINT  =         0.0000
 DV/DL  =        63.3160
 ------------------------------------------------------------------------------


| TI region  2


 NSTEP =    30000   TIME(PS) =      60.000  TEMP(K) =    98.77  PRESS =     0.0
 Etot   =    -85503.6747  EKtot   =      4091.5386  EPtot      =    -89595.2132
 BOND   =         0.1246  ANGLE   =         3.0629  DIHED      =         5.2342
 1-4 NB =         0.3818  1-4 EEL =         3.3252  VDWAALS    =     19097.4651
 EELEC  =   -108704.8070  EHBOND  =         0.0000  RESTRAINT  =         0.0000
 DV/DL  =        63.3160
 ------------------------------------------------------------------------------

 NMR restraints: Bond =    0.000   Angle =     0.000   Torsion =     0.000
===============================================================================

| TI region  1


 NSTEP =    35000   TIME(PS) =      70.000  TEMP(K) =   115.59  PRESS =     0.0
 Etot   =    -84301.9797  EKtot   =      4788.6757  EPtot      =    -89090.6554
 BOND   =         0.1657  ANGLE   =         3.9086  DIHED      =         5.2322
 1-4 NB =         0.3150  1-4 EEL =         3.2868  VDWAALS    =     18941.6211
 EELEC  =   -108045.1848  EHBOND  =         0.0000  RESTRAINT  =         0.0000
 DV/DL  =        51.1831
 ------------------------------------------------------------------------------


| TI region  2


 NSTEP =    35000   TIME(PS) =      70.000  TEMP(K) =   115.59  PRESS =     0.0
 Etot   =    -84301.9797  EKtot   =      4788.6757  EPtot      =    -89090.6554
 BOND   =         0.1657  ANGLE   =         3.9086  DIHED      =         5.2322
 1-4 NB =         0.3150  1-4 EEL =         3.2868  VDWAALS    =     18941.6211
 EELEC  =   -108045.1848  EHBOND  =         0.0000  RESTRAINT  =         0.0000
 DV/DL  =        51.1831
 ------------------------------------------------------------------------------

 NMR restraints: Bond =    0.000   Angle =     0.000   Torsion =     0.000
===============================================================================

| TI region  1


 NSTEP =    40000   TIME(PS) =      80.000  TEMP(K) =   132.57  PRESS =     0.0
 Etot   =    -83088.4112  EKtot   =      5492.0418  EPtot      =    -88580.4530
 BOND   =         0.3736  ANGLE   =         3.5151  DIHED      =         5.2536
 1-4 NB =         0.3111  1-4 EEL =         3.3131  VDWAALS    =     18763.0964
 EELEC  =   -107356.3159  EHBOND  =         0.0000  RESTRAINT  =         0.0000
 DV/DL  =        59.9171
 ------------------------------------------------------------------------------


| TI region  2


 NSTEP =    40000   TIME(PS) =      80.000  TEMP(K) =   132.57  PRESS =     0.0
 Etot   =    -83088.4112  EKtot   =      5492.0418  EPtot      =    -88580.4530
 BOND   =         0.3736  ANGLE   =         3.5151  DIHED      =         5.2536
 1-4 NB =         0.3111  1-4 EEL =         3.3131  VDWAALS    =     18763.0964
 EELEC  =   -107356.3159  EHBOND  =         0.0000  RESTRAINT  =         0.0000
 DV/DL  =        59.9171
 ------------------------------------------------------------------------------

 NMR restraints: Bond =    0.000   Angle =     0.000   Torsion =     0.000
===============================================================================

| TI region  1


 NSTEP =    45000   TIME(PS) =      90.000  TEMP(K) =   148.80  PRESS =     0.0
 Etot   =    -81817.6429  EKtot   =      6164.4586  EPtot      =    -87982.1015
 BOND   =         0.7392  ANGLE   =         4.7531  DIHED      =         5.2051
 1-4 NB =         0.3201  1-4 EEL =         3.2989  VDWAALS    =     18745.3886
 EELEC  =   -106741.8064  EHBOND  =         0.0000  RESTRAINT  =         0.0000
 DV/DL  =        54.0373
 ------------------------------------------------------------------------------


| TI region  2


 NSTEP =    45000   TIME(PS) =      90.000  TEMP(K) =   148.80  PRESS =     0.0
 Etot   =    -81817.6429  EKtot   =      6164.4586  EPtot      =    -87982.1015
 BOND   =         0.7392  ANGLE   =         4.7531  DIHED      =         5.2051
 1-4 NB =         0.3201  1-4 EEL =         3.2989  VDWAALS    =     18745.3886
 EELEC  =   -106741.8064  EHBOND  =         0.0000  RESTRAINT  =         0.0000
 DV/DL  =        54.0373
 ------------------------------------------------------------------------------

 NMR restraints: Bond =    0.000   Angle =     0.000   Torsion =     0.000
===============================================================================

| TI region  1


 NSTEP =    50000   TIME(PS) =     100.000  TEMP(K) =   166.47  PRESS =     0.0
 Etot   =    -80426.0438  EKtot   =      6896.5417  EPtot      =    -87322.5855
 BOND   =         0.1692  ANGLE   =         7.7960  DIHED      =         5.2135
 1-4 NB =         0.6388  1-4 EEL =         3.3528  VDWAALS    =     18341.5190
 EELEC  =   -105681.2749  EHBOND  =         0.0000  RESTRAINT  =         0.0000
 DV/DL  =        63.6825
 ------------------------------------------------------------------------------


| TI region  2


 NSTEP =    50000   TIME(PS) =     100.000  TEMP(K) =   166.47  PRESS =     0.0
 Etot   =    -80426.0438  EKtot   =      6896.5417  EPtot      =    -87322.5855
 BOND   =         0.1692  ANGLE   =         7.7960  DIHED      =         5.2135
 1-4 NB =         0.6388  1-4 EEL =         3.3528  VDWAALS    =     18341.5190
 EELEC  =   -105681.2749  EHBOND  =         0.0000  RESTRAINT  =         0.0000
 DV/DL  =        63.6825
 ------------------------------------------------------------------------------

 NMR restraints: Bond =    0.000   Angle =     0.000   Torsion =     0.000
===============================================================================

| TI region  1


 NSTEP =    55000   TIME(PS) =     110.000  TEMP(K) =   182.83  PRESS =     0.0
 Etot   =    -79175.0107  EKtot   =      7574.2364  EPtot      =    -86749.2471
 BOND   =         0.8744  ANGLE   =         4.0767  DIHED      =         5.2358
 1-4 NB =         0.3065  1-4 EEL =         3.2968  VDWAALS    =     18574.8931
 EELEC  =   -105337.9303  EHBOND  =         0.0000  RESTRAINT  =         0.0000
 DV/DL  =        61.1584
 ------------------------------------------------------------------------------


| TI region  2


 NSTEP =    55000   TIME(PS) =     110.000  TEMP(K) =   182.83  PRESS =     0.0
 Etot   =    -79175.0107  EKtot   =      7574.2364  EPtot      =    -86749.2471
 BOND   =         0.8744  ANGLE   =         4.0767  DIHED      =         5.2358
 1-4 NB =         0.3065  1-4 EEL =         3.2968  VDWAALS    =     18574.8931
 EELEC  =   -105337.9303  EHBOND  =         0.0000  RESTRAINT  =         0.0000
 DV/DL  =        61.1584
 ------------------------------------------------------------------------------

 NMR restraints: Bond =    0.000   Angle =     0.000   Torsion =     0.000
===============================================================================

| TI region  1


 NSTEP =    60000   TIME(PS) =     120.000  TEMP(K) =   198.47  PRESS =     0.0
 Etot   =    -77690.1889  EKtot   =      8222.1877  EPtot      =    -85912.3766
 BOND   =         0.5576  ANGLE   =         4.7233  DIHED      =         5.3400
 1-4 NB =         0.2475  1-4 EEL =         3.2921  VDWAALS    =     17972.3250
 EELEC  =   -103898.8620  EHBOND  =         0.0000  RESTRAINT  =         0.0000
 DV/DL  =        56.7631
 ------------------------------------------------------------------------------


| TI region  2


 NSTEP =    60000   TIME(PS) =     120.000  TEMP(K) =   198.47  PRESS =     0.0
 Etot   =    -77690.1889  EKtot   =      8222.1877  EPtot      =    -85912.3766
 BOND   =         0.5576  ANGLE   =         4.7233  DIHED      =         5.3400
 1-4 NB =         0.2475  1-4 EEL =         3.2921  VDWAALS    =     17972.3250
 EELEC  =   -103898.8620  EHBOND  =         0.0000  RESTRAINT  =         0.0000
 DV/DL  =        56.7631
 ------------------------------------------------------------------------------

 NMR restraints: Bond =    0.000   Angle =     0.000   Torsion =     0.000
===============================================================================

| TI region  1


 NSTEP =    65000   TIME(PS) =     130.000  TEMP(K) =   215.24  PRESS =     0.0
 Etot   =    -76138.4297  EKtot   =      8916.9412  EPtot      =    -85055.3709
 BOND   =         0.4344  ANGLE   =         4.8868  DIHED      =         5.2410
 1-4 NB =         0.2958  1-4 EEL =         3.3197  VDWAALS    =     17812.1238
 EELEC  =   -102881.6724  EHBOND  =         0.0000  RESTRAINT  =         0.0000
 DV/DL  =        54.8544
 ------------------------------------------------------------------------------


| TI region  2


 NSTEP =    65000   TIME(PS) =     130.000  TEMP(K) =   215.24  PRESS =     0.0
 Etot   =    -76138.4297  EKtot   =      8916.9412  EPtot      =    -85055.3709
 BOND   =         0.4344  ANGLE   =         4.8868  DIHED      =         5.2410
 1-4 NB =         0.2958  1-4 EEL =         3.3197  VDWAALS    =     17812.1238
 EELEC  =   -102881.6724  EHBOND  =         0.0000  RESTRAINT  =         0.0000
 DV/DL  =        54.8544
 ------------------------------------------------------------------------------

 NMR restraints: Bond =    0.000   Angle =     0.000   Torsion =     0.000
===============================================================================

| TI region  1


 NSTEP =    70000   TIME(PS) =     140.000  TEMP(K) =   228.45  PRESS =     0.0
 Etot   =    -74502.1159  EKtot   =      9464.1439  EPtot      =    -83966.2598
 BOND   =         0.1567  ANGLE   =         4.8871  DIHED      =         5.2069
 1-4 NB =         0.2806  1-4 EEL =         3.2762  VDWAALS    =     17083.9225
 EELEC  =   -101063.9898  EHBOND  =         0.0000  RESTRAINT  =         0.0000
 DV/DL  =        43.4266
 ------------------------------------------------------------------------------


| TI region  2


 NSTEP =    70000   TIME(PS) =     140.000  TEMP(K) =   228.45  PRESS =     0.0
 Etot   =    -74502.1159  EKtot   =      9464.1439  EPtot      =    -83966.2598
 BOND   =         0.1567  ANGLE   =         4.8871  DIHED      =         5.2069
 1-4 NB =         0.2806  1-4 EEL =         3.2762  VDWAALS    =     17083.9225
 EELEC  =   -101063.9898  EHBOND  =         0.0000  RESTRAINT  =         0.0000
 DV/DL  =        43.4266
 ------------------------------------------------------------------------------

 NMR restraints: Bond =    0.000   Angle =     0.000   Torsion =     0.000
===============================================================================

| TI region  1


 NSTEP =    75000   TIME(PS) =     150.000  TEMP(K) =   248.50  PRESS =     0.0
 Etot   =    -72288.3747  EKtot   =     10294.4663  EPtot      =    -82582.8410
 BOND   =         1.2008  ANGLE   =         5.4533  DIHED      =         5.3239
 1-4 NB =         0.4321  1-4 EEL =         3.3016  VDWAALS    =     16607.3872
 EELEC  =    -99205.9398  EHBOND  =         0.0000  RESTRAINT  =         0.0000
 DV/DL  =        66.8766
 ------------------------------------------------------------------------------


| TI region  2


 NSTEP =    75000   TIME(PS) =     150.000  TEMP(K) =   248.50  PRESS =     0.0
 Etot   =    -72288.3747  EKtot   =     10294.4663  EPtot      =    -82582.8410
 BOND   =         1.2008  ANGLE   =         5.4533  DIHED      =         5.3239
 1-4 NB =         0.4321  1-4 EEL =         3.3016  VDWAALS    =     16607.3872
 EELEC  =    -99205.9398  EHBOND  =         0.0000  RESTRAINT  =         0.0000
 DV/DL  =        66.8766
 ------------------------------------------------------------------------------

 NMR restraints: Bond =    0.000   Angle =     0.000   Torsion =     0.000
===============================================================================

| TI region  1


 NSTEP =    80000   TIME(PS) =     160.000  TEMP(K) =   264.56  PRESS =     0.0
 Etot   =    -69611.7498  EKtot   =     10959.7235  EPtot      =    -80571.4733
 BOND   =         0.8849  ANGLE   =         4.0382  DIHED      =         5.2389
 1-4 NB =         0.4554  1-4 EEL =         3.3064  VDWAALS    =     15817.5519
 EELEC  =    -96402.9490  EHBOND  =         0.0000  RESTRAINT  =         0.0000
 DV/DL  =        45.8716
 ------------------------------------------------------------------------------


| TI region  2


 NSTEP =    80000   TIME(PS) =     160.000  TEMP(K) =   264.56  PRESS =     0.0
 Etot   =    -69611.7498  EKtot   =     10959.7235  EPtot      =    -80571.4733
 BOND   =         0.8849  ANGLE   =         4.0382  DIHED      =         5.2389
 1-4 NB =         0.4554  1-4 EEL =         3.3064  VDWAALS    =     15817.5519
 EELEC  =    -96402.9490  EHBOND  =         0.0000  RESTRAINT  =         0.0000
 DV/DL  =        45.8716
 ------------------------------------------------------------------------------

 NMR restraints: Bond =    0.000   Angle =     0.000   Torsion =     0.000
===============================================================================

| TI region  1


 NSTEP =    85000   TIME(PS) =     170.000  TEMP(K) =   285.04  PRESS =     0.0
 Etot   =    -66389.5209  EKtot   =     11808.3846  EPtot      =    -78197.9055
 BOND   =         0.4534  ANGLE   =         4.1788  DIHED      =         5.2285
 1-4 NB =         0.4940  1-4 EEL =         3.3735  VDWAALS    =     14588.3735
 EELEC  =    -92800.0074  EHBOND  =         0.0000  RESTRAINT  =         0.0000
 DV/DL  =        60.3845
 ------------------------------------------------------------------------------


| TI region  2


 NSTEP =    85000   TIME(PS) =     170.000  TEMP(K) =   285.04  PRESS =     0.0
 Etot   =    -66389.5209  EKtot   =     11808.3846  EPtot      =    -78197.9055
 BOND   =         0.4534  ANGLE   =         4.1788  DIHED      =         5.2285
 1-4 NB =         0.4940  1-4 EEL =         3.3735  VDWAALS    =     14588.3735
 EELEC  =    -92800.0074  EHBOND  =         0.0000  RESTRAINT  =         0.0000
 DV/DL  =        60.3845
 ------------------------------------------------------------------------------

 NMR restraints: Bond =    0.000   Angle =     0.000   Torsion =     0.000
===============================================================================

| TI region  1


 NSTEP =    90000   TIME(PS) =     180.000  TEMP(K) =   299.36  PRESS =     0.0
 Etot   =    -63840.5567  EKtot   =     12401.7423  EPtot      =    -76242.2990
 BOND   =         2.3461  ANGLE   =         5.7287  DIHED      =         5.3172
 1-4 NB =         0.1596  1-4 EEL =         3.2750  VDWAALS    =     14053.6017
 EELEC  =    -90312.7273  EHBOND  =         0.0000  RESTRAINT  =         0.0000
 DV/DL  =        63.2748
 ------------------------------------------------------------------------------


| TI region  2


 NSTEP =    90000   TIME(PS) =     180.000  TEMP(K) =   299.36  PRESS =     0.0
 Etot   =    -63840.5567  EKtot   =     12401.7423  EPtot      =    -76242.2990
 BOND   =         2.3461  ANGLE   =         5.7287  DIHED      =         5.3172
 1-4 NB =         0.1596  1-4 EEL =         3.2750  VDWAALS    =     14053.6017
 EELEC  =    -90312.7273  EHBOND  =         0.0000  RESTRAINT  =         0.0000
 DV/DL  =        63.2748
 ------------------------------------------------------------------------------

 NMR restraints: Bond =    0.000   Angle =     0.000   Torsion =     0.000
===============================================================================

| TI region  1


 NSTEP =    95000   TIME(PS) =     190.000  TEMP(K) =   299.99  PRESS =     0.0
 Etot   =    -63730.0175  EKtot   =     12427.5247  EPtot      =    -76157.5422
 BOND   =         0.2365  ANGLE   =         5.1473  DIHED      =         5.2778
 1-4 NB =         0.4338  1-4 EEL =         3.3416  VDWAALS    =     14010.3391
 EELEC  =    -90182.3181  EHBOND  =         0.0000  RESTRAINT  =         0.0000
 DV/DL  =        61.4382
 ------------------------------------------------------------------------------


| TI region  2


 NSTEP =    95000   TIME(PS) =     190.000  TEMP(K) =   299.99  PRESS =     0.0
 Etot   =    -63730.0175  EKtot   =     12427.5247  EPtot      =    -76157.5422
 BOND   =         0.2365  ANGLE   =         5.1473  DIHED      =         5.2778
 1-4 NB =         0.4338  1-4 EEL =         3.3416  VDWAALS    =     14010.3391
 EELEC  =    -90182.3181  EHBOND  =         0.0000  RESTRAINT  =         0.0000
 DV/DL  =        61.4382
 ------------------------------------------------------------------------------

 NMR restraints: Bond =    0.000   Angle =     0.000   Torsion =     0.000
===============================================================================

| TI region  1


 NSTEP =   100000   TIME(PS) =     200.000  TEMP(K) =   298.13  PRESS =     0.0
 Etot   =    -63747.5687  EKtot   =     12350.6302  EPtot      =    -76098.1988
 BOND   =         0.1879  ANGLE   =         6.3448  DIHED      =         5.5716
 1-4 NB =         0.4372  1-4 EEL =         3.3767  VDWAALS    =     13708.9892
 EELEC  =    -89823.1062  EHBOND  =         0.0000  RESTRAINT  =         0.0000
 DV/DL  =        37.5031
 ------------------------------------------------------------------------------


| TI region  2


 NSTEP =   100000   TIME(PS) =     200.000  TEMP(K) =   298.13  PRESS =     0.0
 Etot   =    -63747.5687  EKtot   =     12350.6302  EPtot      =    -76098.1988
 BOND   =         0.1879  ANGLE   =         6.3448  DIHED      =         5.5716
 1-4 NB =         0.4372  1-4 EEL =         3.3767  VDWAALS    =     13708.9892
 EELEC  =    -89823.1062  EHBOND  =         0.0000  RESTRAINT  =         0.0000
 DV/DL  =        37.5031
 ------------------------------------------------------------------------------

 NMR restraints: Bond =    0.000   Angle =     0.000   Torsion =     0.000
===============================================================================

| TI region  1


      A V E R A G E S   O V E R      20 S T E P S


 NSTEP =   100000   TIME(PS) =     200.000  TEMP(K) =   171.46  PRESS =     0.0
 Etot   =    -78354.9847  EKtot   =      7102.8693  EPtot      =    -85457.8540
 BOND   =         0.5196  ANGLE   =         4.4498  DIHED      =         5.2659
 1-4 NB =         0.3679  1-4 EEL =         3.3161  VDWAALS    =     17475.2066
 EELEC  =   -102946.9799  EHBOND  =         0.0000  RESTRAINT  =         0.0000
 DV/DL  =        55.8118
 ------------------------------------------------------------------------------

 NMR restraints: Bond =    0.000   Angle =     0.000   Torsion =     0.000
===============================================================================

      R M S  F L U C T U A T I O N S


 NSTEP =   100000   TIME(PS) =     200.000  TEMP(K) =    92.29  PRESS =     0.0
 Etot   =      8991.5552  EKtot   =      3823.3175  EPtot      =      5264.5683
 BOND   =         0.5208  ANGLE   =         1.2024  DIHED      =         0.0795
 1-4 NB =         0.1175  1-4 EEL =         0.0312  VDWAALS    =      1911.8071
 EELEC  =      7152.3870  EHBOND  =         0.0000  RESTRAINT  =         0.0000
 DV/DL  =         7.2511
 ------------------------------------------------------------------------------


| TI region  2


      A V E R A G E S   O V E R      20 S T E P S


 NSTEP =   100000   TIME(PS) =     200.000  TEMP(K) =   171.46  PRESS =     0.0
 Etot   =    -78354.9847  EKtot   =      7102.8693  EPtot      =    -85457.8540
 BOND   =         0.5196  ANGLE   =         4.4498  DIHED      =         5.2659
 1-4 NB =         0.3679  1-4 EEL =         3.3161  VDWAALS    =     17475.2066
 EELEC  =   -102946.9799  EHBOND  =         0.0000  RESTRAINT  =         0.0000
 DV/DL  =        55.8118
 ------------------------------------------------------------------------------

 NMR restraints: Bond =    0.000   Angle =     0.000   Torsion =     0.000
===============================================================================

      R M S  F L U C T U A T I O N S


 NSTEP =   100000   TIME(PS) =     200.000  TEMP(K) =    92.29  PRESS =     0.0
 Etot   =      8991.5552  EKtot   =      3823.3175  EPtot      =      5264.5683
 BOND   =         0.5208  ANGLE   =         1.2024  DIHED      =         0.0795
 1-4 NB =         0.1175  1-4 EEL =         0.0312  VDWAALS    =      1911.8071
 EELEC  =      7152.3870  EHBOND  =         0.0000  RESTRAINT  =         0.0000
 DV/DL  =         7.2511
 ------------------------------------------------------------------------------


      DV/DL, AVERAGES OVER      20 STEPS


 NSTEP =   100000   TIME(PS) =     200.000  TEMP(K) =    92.29  PRESS =     0.0
 Etot   =         0.0000  EKtot   =         0.0000  EPtot      =        55.8118
 BOND   =         0.0000  ANGLE   =         0.0000  DIHED      =         0.0000
 1-4 NB =         0.0000  1-4 EEL =       -10.4915  VDWAALS    =         0.0000
 EELEC  =        66.3032  EHBOND  =         0.0000  RESTRAINT  =         0.0000
 DV/DL  =        55.8118
 ------------------------------------------------------------------------------


 NMR restraints on final step:

--------------------------------------------------------------------------------
   5.  TIMINGS
--------------------------------------------------------------------------------

|  NonSetup CPU Time in Major Routines:
|
|     Routine           Sec        %
|     ------------------------------
|     Nonbond          84.06   29.37
|     Bond              0.00    0.00
|     Angle             0.00    0.00
|     Dihedral          0.00    0.00
|     Shake             1.14    0.40
|     RunMD           200.67   70.12
|     Other             0.31    0.11
|     ------------------------------
|     Total           286.18

|  PME Nonbond Pairlist CPU Time:
|
|     Routine              Sec        %
|     ---------------------------------
|     Set Up Cit           0.00    0.00
|     Build List           0.00    0.00
|     ---------------------------------
|     Total                0.00    0.00

|  PME Direct Force CPU Time:
|
|     Routine              Sec        %
|     ---------------------------------
|     NonBonded Calc       0.00    0.00
|     Exclude Masked       0.00    0.00
|     Other                0.20    0.07
|     ---------------------------------
|     Total                0.20    0.07

|  PME Reciprocal Force CPU Time:
|
|     Routine              Sec        %
|     ---------------------------------
|     1D bspline           0.00    0.00
|     Grid Charges         0.00    0.00
|     Scalar Sum           0.00    0.00
|     Gradient Sum         0.00    0.00
|     FFT                  0.00    0.00
|     ---------------------------------
|     Total                0.00    0.00

|  Final Performance Info:
|     -----------------------------------------------------
|     Average timings for last       1 steps:
|     Elapsed(s) =       0.00 Per Step(ms) =       1.45
|         ns/day =     119.34   seconds/ns =     724.00
|
|     Average timings for all steps:
|     Elapsed(s) =     286.27 Per Step(ms) =       2.86
|         ns/day =      60.36   seconds/ns =    1431.36
|     -----------------------------------------------------

|  Setup CPU time:            0.47 seconds
|  NonSetup CPU time:       286.18 seconds
|  Total CPU time:          286.65 seconds     0.08 hours

|  Setup wall time:           1    seconds
|  NonSetup wall time:      286    seconds
|  Total wall time:         287    seconds     0.08 hours
