
          -------------------------------------------------------
          Amber 18 PMEMD                              2018
          -------------------------------------------------------

| PMEMD implementation of SANDER, Release 18

| Run on 06/12/2020 at 12:18:52

|   Executable path: /opt/software/Amber/18-foss-2018b-AmberTools-19/bin/pmemd.cuda
| Working directory: /mnt/gs18/scratch/users/songlin3/run/1264_optimization/acetate/tip3p_TIP3P/0.04794
|          Hostname: lac-085

  [-O]verwriting output

File Assignments:
|   MDIN: heat.in                                                               
|  MDOUT: heat.out                                                              
| INPCRD: min.rst                                                               
|   PARM: step1.prmtop                                                          
| RESTRT: heat.rst                                                              
|   REFC: min.rst                                                               
|  MDVEL: mdvel                                                                 
|   MDEN: mden                                                                  
|  MDCRD: heat.netcdf                                                           
| MDINFO: heat.mdinfo                                                           
|  MDFRC: mdfrc                                                                 


 Here is the input file:

nvt for free MD                                                                
 &cntrl                                                                        
  imin=0,                                                                      
  irest=0,                                                                     
  ntx=1,                                                                       
  ig=-1,                                                                       
  nstlim=200000,                                                               
  dt=0.001,                                                                    
  cut=10.0,                                                                    
  ntc=1,                                                                       
  ntf=1,                                                                       
  ntb=1,                                                                       
  ntt=3,                                                                       
  gamma_ln=2.0,                                                                
  tempi=0.0,                                                                   
  temp0=300.0,                                                                 
  ntpr=5000,                                                                   
  ntwr=5000,                                                                   
  ntwx=10000,                                                                  
  ntwv=0,                                                                      
  ioutfm=1,                                                                    
  iwrap=0,                                                                     
  nmropt=1,                                                                    
  ifsc = 1, icfe=1,                                                            
  clambda=0.04794,                                                             
  timask1=':1', scmask1=':1', scmask2='',                                      
  timask2='',                                                                  
/                                                                              
&wt TYPE='TEMP0', istep1=0, istep2=190000, value1=0.0, value2=300.0 /          
&wt TYPE='TEMP0', istep1=190001, istep2=200000, value1=300.0, value2=300.0 /   
&wt TYPE='DUMPFREQ', istep1=10000, /                                           
&wt TYPE='END', /                                                              


Note: ig = -1. Setting random seed to   906418 based on wallclock time in 
      microseconds.
| irandom = 1, using AMBER's internal random number generator (default).
 
|--------------------- INFORMATION ----------------------
| GPU (CUDA) Version of PMEMD in use: NVIDIA GPU IN USE.
|                    Version 18.0.0
| 
|                      03/25/2018
| 
| Implementation by:
|                    Ross C. Walker     (SDSC)
|                    Scott Le Grand     (nVIDIA)
| 
| Version 18 performance extensions by:
|                    David Cerutti     (Rutgers)
| 
| Precision model in use:
|      [SPFP] - Single Precision Forces, 64-bit Fixed Point
|               Accumulation. (Default)
| 
|--------------------------------------------------------
 
|----------------- CITATION INFORMATION -----------------
|
|    When publishing work that utilized the CUDA version
|    of AMBER, please cite the following in addition to
|    the regular AMBER citations:
|
|  - Romelia Salomon-Ferrer; Andreas W. Goetz; Duncan
|    Poole; Scott Le Grand; Ross C. Walker "Routine
|    microsecond molecular dynamics simulations with
|    AMBER - Part II: Particle Mesh Ewald", J. Chem.
|    Theory Comput., 2013, 9 (9), pp3878-3888,
|    DOI: 10.1021/ct400314y.
|
|  - Andreas W. Goetz; Mark J. Williamson; Dong Xu;
|    Duncan Poole; Scott Le Grand; Ross C. Walker
|    "Routine microsecond molecular dynamics simulations
|    with AMBER - Part I: Generalized Born", J. Chem.
|    Theory Comput., 2012, 8 (5), pp1542-1555.
|
|  - Scott Le Grand; Andreas W. Goetz; Ross C. Walker
|    "SPFP: Speed without compromise - a mixed precision
|    model for GPU accelerated molecular dynamics
|    simulations.", Comp. Phys. Comm., 2013, 184
|    pp374-380, DOI: 10.1016/j.cpc.2012.09.022
|
|    When publishing work that utilized the CUDA version
|    of TI, BAR, MBAR or FEP please cite the following 
|    three publications in addition to the regular AMBER 
|    GPU citations:
|
|  - Daniel J. Mermelstein; Charles Lin; Gard Nelson; 
|    Rachael Kretsch; J. Andrew McCammon; Ross C. Walker
|    "Fast and Flexible GPU Accelerated Binding 
|    Free Energy Calculations within the AMBER Molecular
|    Dynamics Package" J. Comp. Chem., 2018,
|    DOI: 10.1002/jcc.25187
|
|  - Tai-Sung Lee; Yuan Hu; Brad Sherborne; Zhuyan Guo;
|    Darrin M. York
|    "Toward Fast and Accurate Binding Affinity Prediction with
|    pmemdGTI: An Efficient Implementation of GPU-Accelerated
|    Thermodynamic Integration"
|    J. Chem. Theory Comput., 2017, 13 (7), 3077
|
|
|--------------------------------------------------------
 
|------------------- GPU DEVICE INFO --------------------
|
|            CUDA_VISIBLE_DEVICES: 0
|   CUDA Capable Devices Detected:      1
|           CUDA Device ID in use:      0
|                CUDA Device Name: Tesla K80
|     CUDA Device Global Mem Size:  12206 MB
| CUDA Device Num Multiprocessors:     13
|           CUDA Device Core Freq:   0.82 GHz
|
|--------------------------------------------------------
 
 
| Conditional Compilation Defines Used:
| PUBFFT
| BINTRAJ
| CUDA
| EMIL

| Largest sphere to fit in unit cell has radius =    27.333

| New format PARM file being parsed.
| Version =    1.000 Date = 06/12/20 Time = 12:17:32

| Note: 1-4 EEL scale factors are being read from the topology file.

| Note: 1-4 VDW scale factors are being read from the topology file.
| Duplicated    0 dihedrals

| Duplicated    0 dihedrals

--------------------------------------------------------------------------------
   1.  RESOURCE   USE: 
--------------------------------------------------------------------------------

 getting box info from netcdf restart file
 NATOM  =   20848 NTYPES =       6 NBONH =   20844 MBONA  =       3
 NTHETH =       6 MTHETA =       3 NPHIH =      12 MPHIA  =       1
 NHPARM =       0 NPARM  =       0 NNB   =   27810 NRES   =    6948
 NBONA  =       3 NTHETA =       3 NPHIA =       1 NUMBND =       5
 NUMANG =       4 NPTRA  =       3 NATYP =       6 NPHB   =       1
 IFBOX  =       2 NMXRS  =       7 IFCAP =       0 NEXTRA =       0
 NCOPY  =       0

| Coordinate Index Table dimensions:    10   10   10
| Direct force subcell size =     6.6953    6.6953    6.6953

     BOX TYPE: TRUNCATED OCTAHEDRON

--------------------------------------------------------------------------------
   2.  CONTROL  DATA  FOR  THE  RUN
--------------------------------------------------------------------------------

default_name                                                                    

General flags:
     imin    =       0, nmropt  =       1

Nature and format of input:
     ntx     =       1, irest   =       0, ntrx    =       1

Nature and format of output:
     ntxo    =       2, ntpr    =    5000, ntrx    =       1, ntwr    =    5000
     iwrap   =       0, ntwx    =   10000, ntwv    =       0, ntwe    =       0
     ioutfm  =       1, ntwprt  =       0, idecomp =       0, rbornstat=      0

Potential function:
     ntf     =       1, ntb     =       1, igb     =       0, nsnb    =      25
     ipol    =       0, gbsa    =       0, iesp    =       0
     dielc   =   1.00000, cut     =  10.00000, intdiel =   1.00000

Frozen or restrained atoms:
     ibelly  =       0, ntr     =       0

Molecular dynamics:
     nstlim  =    200000, nscm    =      1000, nrespa  =         1
     t       =   0.00000, dt      =   0.00100, vlimit  =  -1.00000

Langevin dynamics temperature regulation:
     ig      =  906418
     temp0   = 300.00000, tempi   =   0.00000, gamma_ln=   2.00000

NMR refinement options:
     iscale  =       0, noeskp  =       1, ipnlty  =       1, mxsub   =       1
     scalm   = 100.00000, pencut  =   0.10000, tausw   =   0.10000

Free energy options:
     icfe    =       1, ifsc    =       1, klambda =       1
     clambda =  0.0479, scalpha =  0.5000, scbeta  = 12.0000
     sceeorder =       2
     dynlmb =  0.0000 logdvdl =       0

| Intermolecular bonds treatment:
|     no_intermolecular_bonds =       1

| Energy averages sample interval:
|     ene_avg_sampling =    5000

Ewald parameters:
     verbose =       0, ew_type =       0, nbflag  =       1, use_pme =       1
     vdwmeth =       1, eedmeth =       1, netfrc  =       1
     Box X =   66.953   Box Y =   66.953   Box Z =   66.953
     Alpha =  109.471   Beta  =  109.471   Gamma =  109.471
     NFFT1 =   64       NFFT2 =   64       NFFT3 =   64
     Cutoff=   10.000   Tol   =0.100E-04
     Ewald Coefficient =  0.27511
     Interpolation order =    4
     TI Mask 1 :1; matches      7 atoms
     TI Mask 2  matches      0 atoms
     TI region 1:   20848 atoms
     TI region 2:   20841 atoms
     SC Mask 1 :1; matches      7 atoms

--------------------------------------------------------------------------------
   3.  ATOMIC COORDINATES AND VELOCITIES
--------------------------------------------------------------------------------

default_name                                                                    
 begin time read from input coords =     0.000 ps



           Begin reading energy term weight changes/NMR restraints
 WEIGHT CHANGES:
 TEMP0         0 190000    0.000000  300.000000      0      0
 TEMP0    190001 200000  300.000000  300.000000      0      0
 DUMPFREQ  10000      0    0.000000    0.000000      0      0

 RESTRAINTS:
                          ** No restraint defined **

                  Done reading weight changes/NMR restraints


 
 Number of triangulated 3-point waters found:     6947
 Number of shake restraints removed in TI region  1 :        0
 Number of shake restraints removed in TI region  2 :        0

     Sum of charges for TI region  1 =  -0.99999900
     Assuming uniform neutralizing plasma


     Sum of charges for TI region  2 =   0.00000000
     Forcing neutrality...

| Dynamic Memory, Types Used:
| Reals              914983
| Integers           792606

| Nonbonded Pairs Initial Allocation:     6305998

| GPU memory information (estimate):
| KB of GPU memory in use:         0
| KB of CPU memory in use:         0

--------------------------------------------------------------------------------
   4.  RESULTS
--------------------------------------------------------------------------------

   DOF for the SC part  1 of the system:   21

| TI region  1


 NSTEP =        0   TIME(PS) =       0.000  TEMP(K) =     0.00  PRESS =     0.0
 Etot   =    -88455.3902  EKtot   =         0.0000  EPtot      =    -88455.3902
 BOND   =      7067.7605  ANGLE   =         0.0000  DIHED      =        -0.0000
 1-4 NB =         0.0000  1-4 EEL =        -0.0000  VDWAALS    =     18673.9119
 EELEC  =   -114197.0626  EHBOND  =         0.0000  RESTRAINT  =         0.0000
 DV/DL  =       316.6259
 ------------------------------------------------------------------------------

  Softcore part of the system:       7 atoms,       TEMP(K)    =           0.00
 SC_Etot=        18.8658  SC_EKtot=         0.0000  SC_EPtot   =        18.8658
 SC_BOND=         0.0204  SC_ANGLE=         2.9474  SC_DIHED   =         5.2201
 SC_14NB=         0.2676  SC_14EEL=        10.4103  SC_VDW     =         0.0000
 SC_EEL =         0.0000
 SC_RES_DIST=     0.0000  SC_RES_ANG=       0.0000  SC_RES_TORS=         0.0000
 SC_EEL_DER=    188.5799  SC_VDW_DER=     -31.6115  SC_DERIV   =       156.9683
 ------------------------------------------------------------------------------


| TI region  2


 NSTEP =        0   TIME(PS) =       0.000  TEMP(K) =     0.00  PRESS =     0.0
 Etot   =    -88455.3902  EKtot   =         0.0000  EPtot      =    -88455.3902
 BOND   =      7067.7605  ANGLE   =         0.0000  DIHED      =        -0.0000
 1-4 NB =         0.0000  1-4 EEL =        -0.0000  VDWAALS    =     18673.9119
 EELEC  =   -114197.0626  EHBOND  =         0.0000  RESTRAINT  =         0.0000
 DV/DL  =       316.6259
 ------------------------------------------------------------------------------

 NMR restraints: Bond =    0.000   Angle =     0.000   Torsion =     0.000
===============================================================================

| TI region  1


 NSTEP =     5000   TIME(PS) =       5.000  TEMP(K) =     7.28  PRESS =     0.0
 Etot   =    -88480.0447  EKtot   =       452.3625  EPtot      =    -88932.4071
 BOND   =      7429.2935  ANGLE   =         0.0000  DIHED      =        -0.0000
 1-4 NB =         0.0000  1-4 EEL =         0.0000  VDWAALS    =     19583.9230
 EELEC  =   -115945.6235  EHBOND  =         0.0000  RESTRAINT  =         0.0000
 DV/DL  =       345.5283
 ------------------------------------------------------------------------------

  Softcore part of the system:       7 atoms,       TEMP(K)    =           8.46
 SC_Etot=        19.0718  SC_EKtot=         0.1765  SC_EPtot   =        18.8954
 SC_BOND=         0.0620  SC_ANGLE=         2.8777  SC_DIHED   =         5.2118
 SC_14NB=         0.3098  SC_14EEL=        10.4341  SC_VDW     =         0.0000
 SC_EEL =         0.0000
 SC_RES_DIST=     0.0000  SC_RES_ANG=       0.0000  SC_RES_TORS=         0.0000
 SC_EEL_DER=    206.3215  SC_VDW_DER=     -31.3864  SC_DERIV   =       174.9351
 ------------------------------------------------------------------------------


| TI region  2


 NSTEP =     5000   TIME(PS) =       5.000  TEMP(K) =     7.28  PRESS =     0.0
 Etot   =    -88480.2211  EKtot   =       452.1860  EPtot      =    -88932.4071
 BOND   =      7429.2935  ANGLE   =         0.0000  DIHED      =        -0.0000
 1-4 NB =         0.0000  1-4 EEL =         0.0000  VDWAALS    =     19583.9230
 EELEC  =   -115945.6235  EHBOND  =         0.0000  RESTRAINT  =         0.0000
 DV/DL  =       345.5283
 ------------------------------------------------------------------------------

 NMR restraints: Bond =    0.000   Angle =     0.000   Torsion =     0.000
===============================================================================

| TI region  1


 NSTEP =    10000   TIME(PS) =      10.000  TEMP(K) =    15.24  PRESS =     0.0
 Etot   =    -87688.9535  EKtot   =       946.8677  EPtot      =    -88635.8212
 BOND   =      7604.8271  ANGLE   =        -0.0000  DIHED      =        -0.0000
 1-4 NB =         0.0000  1-4 EEL =         0.0000  VDWAALS    =     19598.6186
 EELEC  =   -115839.2670  EHBOND  =         0.0000  RESTRAINT  =         0.0000
 DV/DL  =       343.1173
 ------------------------------------------------------------------------------

  Softcore part of the system:       7 atoms,       TEMP(K)    =          11.04
 SC_Etot=        19.2830  SC_EKtot=         0.2304  SC_EPtot   =        19.0527
 SC_BOND=         0.1170  SC_ANGLE=         3.1072  SC_DIHED   =         5.2224
 SC_14NB=         0.2379  SC_14EEL=        10.3682  SC_VDW     =         0.0000
 SC_EEL =         0.0000
 SC_RES_DIST=     0.0000  SC_RES_ANG=       0.0000  SC_RES_TORS=         0.0000
 SC_EEL_DER=    203.7167  SC_VDW_DER=     -30.9191  SC_DERIV   =       172.7976
 ------------------------------------------------------------------------------


| TI region  2


 NSTEP =    10000   TIME(PS) =      10.000  TEMP(K) =    15.24  PRESS =     0.0
 Etot   =    -87689.1839  EKtot   =       946.6373  EPtot      =    -88635.8212
 BOND   =      7604.8271  ANGLE   =        -0.0000  DIHED      =        -0.0000
 1-4 NB =         0.0000  1-4 EEL =         0.0000  VDWAALS    =     19598.6186
 EELEC  =   -115839.2670  EHBOND  =         0.0000  RESTRAINT  =         0.0000
 DV/DL  =       343.1173
 ------------------------------------------------------------------------------

 NMR restraints: Bond =    0.000   Angle =     0.000   Torsion =     0.000
===============================================================================

| TI region  1


 NSTEP =    15000   TIME(PS) =      15.000  TEMP(K) =    23.05  PRESS =     0.0
 Etot   =    -86821.6537  EKtot   =      1432.4926  EPtot      =    -88254.1463
 BOND   =      7827.9139  ANGLE   =         0.0000  DIHED      =         0.0000
 1-4 NB =         0.0000  1-4 EEL =        -0.0000  VDWAALS    =     19708.4601
 EELEC  =   -115790.5202  EHBOND  =         0.0000  RESTRAINT  =         0.0000
 DV/DL  =       347.8113
 ------------------------------------------------------------------------------

  Softcore part of the system:       7 atoms,       TEMP(K)    =          17.38
 SC_Etot=        19.9608  SC_EKtot=         0.3626  SC_EPtot   =        19.5981
 SC_BOND=         0.1072  SC_ANGLE=         3.7244  SC_DIHED   =         5.2178
 SC_14NB=         0.2120  SC_14EEL=        10.3368  SC_VDW     =         0.0000
 SC_EEL =         0.0000
 SC_RES_DIST=     0.0000  SC_RES_ANG=       0.0000  SC_RES_TORS=         0.0000
 SC_EEL_DER=    211.4763  SC_VDW_DER=     -33.8018  SC_DERIV   =       177.6745
 ------------------------------------------------------------------------------


| TI region  2


 NSTEP =    15000   TIME(PS) =      15.000  TEMP(K) =    23.05  PRESS =     0.0
 Etot   =    -86822.0163  EKtot   =      1432.1299  EPtot      =    -88254.1463
 BOND   =      7827.9139  ANGLE   =         0.0000  DIHED      =         0.0000
 1-4 NB =         0.0000  1-4 EEL =        -0.0000  VDWAALS    =     19708.4601
 EELEC  =   -115790.5202  EHBOND  =         0.0000  RESTRAINT  =         0.0000
 DV/DL  =       347.8113
 ------------------------------------------------------------------------------

 NMR restraints: Bond =    0.000   Angle =     0.000   Torsion =     0.000
===============================================================================

| TI region  1


 NSTEP =    20000   TIME(PS) =      20.000  TEMP(K) =    31.07  PRESS =     0.0
 Etot   =    -85921.9167  EKtot   =      1930.7828  EPtot      =    -87852.6995
 BOND   =      7993.9336  ANGLE   =        -0.0000  DIHED      =        -0.0000
 1-4 NB =         0.0000  1-4 EEL =         0.0000  VDWAALS    =     19547.3590
 EELEC  =   -115393.9922  EHBOND  =         0.0000  RESTRAINT  =         0.0000
 DV/DL  =       335.5100
 ------------------------------------------------------------------------------

  Softcore part of the system:       7 atoms,       TEMP(K)    =          26.55
 SC_Etot=        19.7855  SC_EKtot=         0.5539  SC_EPtot   =        19.2316
 SC_BOND=         0.3308  SC_ANGLE=         3.0375  SC_DIHED   =         5.2250
 SC_14NB=         0.2404  SC_14EEL=        10.3978  SC_VDW     =         0.0000
 SC_EEL =         0.0000
 SC_RES_DIST=     0.0000  SC_RES_ANG=       0.0000  SC_RES_TORS=         0.0000
 SC_EEL_DER=    199.9194  SC_VDW_DER=     -31.1875  SC_DERIV   =       168.7318
 ------------------------------------------------------------------------------


| TI region  2


 NSTEP =    20000   TIME(PS) =      20.000  TEMP(K) =    31.07  PRESS =     0.0
 Etot   =    -85922.4706  EKtot   =      1930.2289  EPtot      =    -87852.6995
 BOND   =      7993.9336  ANGLE   =        -0.0000  DIHED      =        -0.0000
 1-4 NB =         0.0000  1-4 EEL =         0.0000  VDWAALS    =     19547.3590
 EELEC  =   -115393.9922  EHBOND  =         0.0000  RESTRAINT  =         0.0000
 DV/DL  =       335.5100
 ------------------------------------------------------------------------------

 NMR restraints: Bond =    0.000   Angle =     0.000   Torsion =     0.000
===============================================================================

| TI region  1


 NSTEP =    25000   TIME(PS) =      25.000  TEMP(K) =    38.46  PRESS =     0.0
 Etot   =    -85126.2640  EKtot   =      2389.8191  EPtot      =    -87516.0831
 BOND   =      8174.5458  ANGLE   =         0.0000  DIHED      =        -0.0000
 1-4 NB =         0.0000  1-4 EEL =        -0.0000  VDWAALS    =     19536.9392
 EELEC  =   -115227.5681  EHBOND  =         0.0000  RESTRAINT  =         0.0000
 DV/DL  =       343.5803
 ------------------------------------------------------------------------------

  Softcore part of the system:       7 atoms,       TEMP(K)    =          34.65
 SC_Etot=        19.9149  SC_EKtot=         0.7230  SC_EPtot   =        19.1919
 SC_BOND=         0.1421  SC_ANGLE=         3.2252  SC_DIHED   =         5.2256
 SC_14NB=         0.2365  SC_14EEL=        10.3625  SC_VDW     =         0.0000
 SC_EEL =         0.0000
 SC_RES_DIST=     0.0000  SC_RES_ANG=       0.0000  SC_RES_TORS=         0.0000
 SC_EEL_DER=    200.6019  SC_VDW_DER=     -29.6541  SC_DERIV   =       170.9478
 ------------------------------------------------------------------------------


| TI region  2


 NSTEP =    25000   TIME(PS) =      25.000  TEMP(K) =    38.46  PRESS =     0.0
 Etot   =    -85126.9870  EKtot   =      2389.0961  EPtot      =    -87516.0831
 BOND   =      8174.5458  ANGLE   =         0.0000  DIHED      =        -0.0000
 1-4 NB =         0.0000  1-4 EEL =        -0.0000  VDWAALS    =     19536.9392
 EELEC  =   -115227.5681  EHBOND  =         0.0000  RESTRAINT  =         0.0000
 DV/DL  =       343.5803
 ------------------------------------------------------------------------------

 NMR restraints: Bond =    0.000   Angle =     0.000   Torsion =     0.000
===============================================================================

| TI region  1


 NSTEP =    30000   TIME(PS) =      30.000  TEMP(K) =    46.54  PRESS =     0.0
 Etot   =    -84287.2552  EKtot   =      2892.1096  EPtot      =    -87179.3649
 BOND   =      8303.4510  ANGLE   =        -0.0000  DIHED      =        -0.0000
 1-4 NB =         0.0000  1-4 EEL =         0.0000  VDWAALS    =     19546.9106
 EELEC  =   -115029.7264  EHBOND  =         0.0000  RESTRAINT  =         0.0000
 DV/DL  =       344.0322
 ------------------------------------------------------------------------------

  Softcore part of the system:       7 atoms,       TEMP(K)    =          54.80
 SC_Etot=        20.6729  SC_EKtot=         1.1434  SC_EPtot   =        19.5295
 SC_BOND=         0.3398  SC_ANGLE=         3.4327  SC_DIHED   =         5.2450
 SC_14NB=         0.2042  SC_14EEL=        10.3078  SC_VDW     =         0.0000
 SC_EEL =         0.0000
 SC_RES_DIST=     0.0000  SC_RES_ANG=       0.0000  SC_RES_TORS=         0.0000
 SC_EEL_DER=    201.5168  SC_VDW_DER=     -30.7591  SC_DERIV   =       170.7576
 ------------------------------------------------------------------------------


| TI region  2


 NSTEP =    30000   TIME(PS) =      30.000  TEMP(K) =    46.54  PRESS =     0.0
 Etot   =    -84288.3986  EKtot   =      2890.9662  EPtot      =    -87179.3649
 BOND   =      8303.4510  ANGLE   =        -0.0000  DIHED      =        -0.0000
 1-4 NB =         0.0000  1-4 EEL =         0.0000  VDWAALS    =     19546.9106
 EELEC  =   -115029.7264  EHBOND  =         0.0000  RESTRAINT  =         0.0000
 DV/DL  =       344.0322
 ------------------------------------------------------------------------------

 NMR restraints: Bond =    0.000   Angle =     0.000   Torsion =     0.000
===============================================================================

| TI region  1


 NSTEP =    35000   TIME(PS) =      35.000  TEMP(K) =    54.74  PRESS =     0.0
 Etot   =    -83435.1949  EKtot   =      3401.6589  EPtot      =    -86836.8538
 BOND   =      8530.8891  ANGLE   =        -0.0000  DIHED      =        -0.0000
 1-4 NB =         0.0000  1-4 EEL =        -0.0000  VDWAALS    =     19532.7483
 EELEC  =   -114900.4912  EHBOND  =         0.0000  RESTRAINT  =         0.0000
 DV/DL  =       337.7836
 ------------------------------------------------------------------------------

  Softcore part of the system:       7 atoms,       TEMP(K)    =          35.61
 SC_Etot=        20.2323  SC_EKtot=         0.7430  SC_EPtot   =        19.4893
 SC_BOND=         0.2868  SC_ANGLE=         3.4137  SC_DIHED   =         5.2204
 SC_14NB=         0.2379  SC_14EEL=        10.3305  SC_VDW     =         0.0000
 SC_EEL =         0.0000
 SC_RES_DIST=     0.0000  SC_RES_ANG=       0.0000  SC_RES_TORS=         0.0000
 SC_EEL_DER=    201.6553  SC_VDW_DER=     -33.0452  SC_DERIV   =       168.6102
 ------------------------------------------------------------------------------


| TI region  2


 NSTEP =    35000   TIME(PS) =      35.000  TEMP(K) =    54.75  PRESS =     0.0
 Etot   =    -83435.9378  EKtot   =      3400.9160  EPtot      =    -86836.8538
 BOND   =      8530.8891  ANGLE   =        -0.0000  DIHED      =        -0.0000
 1-4 NB =         0.0000  1-4 EEL =        -0.0000  VDWAALS    =     19532.7483
 EELEC  =   -114900.4912  EHBOND  =         0.0000  RESTRAINT  =         0.0000
 DV/DL  =       337.7836
 ------------------------------------------------------------------------------

 NMR restraints: Bond =    0.000   Angle =     0.000   Torsion =     0.000
===============================================================================

| TI region  1


 NSTEP =    40000   TIME(PS) =      40.000  TEMP(K) =    61.57  PRESS =     0.0
 Etot   =    -82582.5594  EKtot   =      3826.1753  EPtot      =    -86408.7347
 BOND   =      8649.3939  ANGLE   =        -0.0000  DIHED      =        -0.0000
 1-4 NB =         0.0000  1-4 EEL =        -0.0000  VDWAALS    =     19491.2443
 EELEC  =   -114549.3730  EHBOND  =         0.0000  RESTRAINT  =         0.0000
 DV/DL  =       333.1939
 ------------------------------------------------------------------------------

  Softcore part of the system:       7 atoms,       TEMP(K)    =          45.53
 SC_Etot=        21.2717  SC_EKtot=         0.9499  SC_EPtot   =        20.3218
 SC_BOND=         0.7911  SC_ANGLE=         3.8717  SC_DIHED   =         5.2460
 SC_14NB=         0.1619  SC_14EEL=        10.2511  SC_VDW     =         0.0000
 SC_EEL =         0.0000
 SC_RES_DIST=     0.0000  SC_RES_ANG=       0.0000  SC_RES_TORS=         0.0000
 SC_EEL_DER=    195.2450  SC_VDW_DER=     -28.6157  SC_DERIV   =       166.6293
 ------------------------------------------------------------------------------


| TI region  2


 NSTEP =    40000   TIME(PS) =      40.000  TEMP(K) =    61.58  PRESS =     0.0
 Etot   =    -82583.5094  EKtot   =      3825.2254  EPtot      =    -86408.7347
 BOND   =      8649.3939  ANGLE   =        -0.0000  DIHED      =        -0.0000
 1-4 NB =         0.0000  1-4 EEL =        -0.0000  VDWAALS    =     19491.2443
 EELEC  =   -114549.3730  EHBOND  =         0.0000  RESTRAINT  =         0.0000
 DV/DL  =       333.1939
 ------------------------------------------------------------------------------

 NMR restraints: Bond =    0.000   Angle =     0.000   Torsion =     0.000
===============================================================================

| TI region  1


 NSTEP =    45000   TIME(PS) =      45.000  TEMP(K) =    70.18  PRESS =     0.0
 Etot   =    -81706.4095  EKtot   =      4361.2158  EPtot      =    -86067.6254
 BOND   =      8859.8093  ANGLE   =         0.0000  DIHED      =        -0.0000
 1-4 NB =         0.0000  1-4 EEL =        -0.0000  VDWAALS    =     19560.1505
 EELEC  =   -114487.5852  EHBOND  =         0.0000  RESTRAINT  =         0.0000
 DV/DL  =       342.4930
 ------------------------------------------------------------------------------

  Softcore part of the system:       7 atoms,       TEMP(K)    =          50.04
 SC_Etot=        20.8936  SC_EKtot=         1.0440  SC_EPtot   =        19.8496
 SC_BOND=         0.6456  SC_ANGLE=         3.2263  SC_DIHED   =         5.2643
 SC_14NB=         0.3037  SC_14EEL=        10.4097  SC_VDW     =         0.0000
 SC_EEL =         0.0000
 SC_RES_DIST=     0.0000  SC_RES_ANG=       0.0000  SC_RES_TORS=         0.0000
 SC_EEL_DER=    204.8421  SC_VDW_DER=     -31.8066  SC_DERIV   =       173.0355
 ------------------------------------------------------------------------------


| TI region  2


 NSTEP =    45000   TIME(PS) =      45.000  TEMP(K) =    70.19  PRESS =     0.0
 Etot   =    -81707.4536  EKtot   =      4360.1718  EPtot      =    -86067.6254
 BOND   =      8859.8093  ANGLE   =         0.0000  DIHED      =        -0.0000
 1-4 NB =         0.0000  1-4 EEL =        -0.0000  VDWAALS    =     19560.1505
 EELEC  =   -114487.5852  EHBOND  =         0.0000  RESTRAINT  =         0.0000
 DV/DL  =       342.4930
 ------------------------------------------------------------------------------

 NMR restraints: Bond =    0.000   Angle =     0.000   Torsion =     0.000
===============================================================================

| TI region  1


 NSTEP =    50000   TIME(PS) =      50.000  TEMP(K) =    78.44  PRESS =     0.0
 Etot   =    -80724.0468  EKtot   =      4874.3496  EPtot      =    -85598.3964
 BOND   =      9125.5548  ANGLE   =        -0.0000  DIHED      =         0.0000
 1-4 NB =         0.0000  1-4 EEL =        -0.0000  VDWAALS    =     19666.8448
 EELEC  =   -114390.7960  EHBOND  =         0.0000  RESTRAINT  =         0.0000
 DV/DL  =       338.0575
 ------------------------------------------------------------------------------

  Softcore part of the system:       7 atoms,       TEMP(K)    =          52.02
 SC_Etot=        20.9314  SC_EKtot=         1.0855  SC_EPtot   =        19.8459
 SC_BOND=         0.3779  SC_ANGLE=         3.6849  SC_DIHED   =         5.2215
 SC_14NB=         0.2060  SC_14EEL=        10.3555  SC_VDW     =         0.0000
 SC_EEL =         0.0000
 SC_RES_DIST=     0.0000  SC_RES_ANG=       0.0000  SC_RES_TORS=         0.0000
 SC_EEL_DER=    220.6138  SC_VDW_DER=     -41.6123  SC_DERIV   =       179.0015
 ------------------------------------------------------------------------------


| TI region  2


 NSTEP =    50000   TIME(PS) =      50.000  TEMP(K) =    78.45  PRESS =     0.0
 Etot   =    -80725.1322  EKtot   =      4873.2641  EPtot      =    -85598.3964
 BOND   =      9125.5548  ANGLE   =        -0.0000  DIHED      =         0.0000
 1-4 NB =         0.0000  1-4 EEL =        -0.0000  VDWAALS    =     19666.8448
 EELEC  =   -114390.7960  EHBOND  =         0.0000  RESTRAINT  =         0.0000
 DV/DL  =       338.0575
 ------------------------------------------------------------------------------

 NMR restraints: Bond =    0.000   Angle =     0.000   Torsion =     0.000
===============================================================================

| TI region  1


 NSTEP =    55000   TIME(PS) =      55.000  TEMP(K) =    86.02  PRESS =     0.0
 Etot   =    -79777.0643  EKtot   =      5345.7065  EPtot      =    -85122.7708
 BOND   =      9314.0003  ANGLE   =        -0.0000  DIHED      =         0.0000
 1-4 NB =         0.0000  1-4 EEL =         0.0000  VDWAALS    =     19382.8390
 EELEC  =   -113819.6102  EHBOND  =         0.0000  RESTRAINT  =         0.0000
 DV/DL  =       326.4057
 ------------------------------------------------------------------------------

  Softcore part of the system:       7 atoms,       TEMP(K)    =          72.69
 SC_Etot=        21.3619  SC_EKtot=         1.5167  SC_EPtot   =        19.8452
 SC_BOND=         0.4839  SC_ANGLE=         3.4479  SC_DIHED   =         5.2349
 SC_14NB=         0.2452  SC_14EEL=        10.4332  SC_VDW     =         0.0000
 SC_EEL =         0.0000
 SC_RES_DIST=     0.0000  SC_RES_ANG=       0.0000  SC_RES_TORS=         0.0000
 SC_EEL_DER=    189.7073  SC_VDW_DER=     -26.7164  SC_DERIV   =       162.9909
 ------------------------------------------------------------------------------


| TI region  2


 NSTEP =    55000   TIME(PS) =      55.000  TEMP(K) =    86.03  PRESS =     0.0
 Etot   =    -79778.5810  EKtot   =      5344.1898  EPtot      =    -85122.7708
 BOND   =      9314.0003  ANGLE   =        -0.0000  DIHED      =         0.0000
 1-4 NB =         0.0000  1-4 EEL =         0.0000  VDWAALS    =     19382.8390
 EELEC  =   -113819.6102  EHBOND  =         0.0000  RESTRAINT  =         0.0000
 DV/DL  =       326.4057
 ------------------------------------------------------------------------------

 NMR restraints: Bond =    0.000   Angle =     0.000   Torsion =     0.000
===============================================================================

| TI region  1


 NSTEP =    60000   TIME(PS) =      60.000  TEMP(K) =    94.65  PRESS =     0.0
 Etot   =    -78839.0528  EKtot   =      5882.0825  EPtot      =    -84721.1353
 BOND   =      9431.9094  ANGLE   =        -0.0000  DIHED      =        -0.0000
 1-4 NB =         0.0000  1-4 EEL =         0.0000  VDWAALS    =     19367.6633
 EELEC  =   -113520.7081  EHBOND  =         0.0000  RESTRAINT  =         0.0000
 DV/DL  =       343.6468
 ------------------------------------------------------------------------------

  Softcore part of the system:       7 atoms,       TEMP(K)    =          89.51
 SC_Etot=        23.0482  SC_EKtot=         1.8677  SC_EPtot   =        21.1804
 SC_BOND=         0.3729  SC_ANGLE=         5.1062  SC_DIHED   =         5.2461
 SC_14NB=         0.1929  SC_14EEL=        10.2623  SC_VDW     =         0.0000
 SC_EEL =         0.0000
 SC_RES_DIST=     0.0000  SC_RES_ANG=       0.0000  SC_RES_TORS=         0.0000
 SC_EEL_DER=    216.1431  SC_VDW_DER=     -40.0730  SC_DERIV   =       176.0701
 ------------------------------------------------------------------------------


| TI region  2


 NSTEP =    60000   TIME(PS) =      60.000  TEMP(K) =    94.66  PRESS =     0.0
 Etot   =    -78840.9205  EKtot   =      5880.2148  EPtot      =    -84721.1353
 BOND   =      9431.9094  ANGLE   =        -0.0000  DIHED      =        -0.0000
 1-4 NB =         0.0000  1-4 EEL =         0.0000  VDWAALS    =     19367.6633
 EELEC  =   -113520.7081  EHBOND  =         0.0000  RESTRAINT  =         0.0000
 DV/DL  =       343.6468
 ------------------------------------------------------------------------------

 NMR restraints: Bond =    0.000   Angle =     0.000   Torsion =     0.000
===============================================================================

| TI region  1


 NSTEP =    65000   TIME(PS) =      65.000  TEMP(K) =   102.28  PRESS =     0.0
 Etot   =    -77950.0098  EKtot   =      6356.0723  EPtot      =    -84306.0821
 BOND   =      9583.0441  ANGLE   =        -0.0000  DIHED      =        -0.0000
 1-4 NB =         0.0000  1-4 EEL =         0.0000  VDWAALS    =     19467.4608
 EELEC  =   -113356.5870  EHBOND  =         0.0000  RESTRAINT  =         0.0000
 DV/DL  =       331.4959
 ------------------------------------------------------------------------------

  Softcore part of the system:       7 atoms,       TEMP(K)    =          87.62
 SC_Etot=        24.4307  SC_EKtot=         1.8282  SC_EPtot   =        22.6025
 SC_BOND=         1.0411  SC_ANGLE=         5.7638  SC_DIHED   =         5.3281
 SC_14NB=         0.1663  SC_14EEL=        10.3032  SC_VDW     =         0.0000
 SC_EEL =         0.0000
 SC_RES_DIST=     0.0000  SC_RES_ANG=       0.0000  SC_RES_TORS=         0.0000
 SC_EEL_DER=    206.2170  SC_VDW_DER=     -36.5136  SC_DERIV   =       169.7034
 ------------------------------------------------------------------------------


| TI region  2


 NSTEP =    65000   TIME(PS) =      65.000  TEMP(K) =   102.29  PRESS =     0.0
 Etot   =    -77951.8380  EKtot   =      6354.2441  EPtot      =    -84306.0821
 BOND   =      9583.0441  ANGLE   =        -0.0000  DIHED      =        -0.0000
 1-4 NB =         0.0000  1-4 EEL =         0.0000  VDWAALS    =     19467.4608
 EELEC  =   -113356.5870  EHBOND  =         0.0000  RESTRAINT  =         0.0000
 DV/DL  =       331.4959
 ------------------------------------------------------------------------------

 NMR restraints: Bond =    0.000   Angle =     0.000   Torsion =     0.000
===============================================================================

| TI region  1


 NSTEP =    70000   TIME(PS) =      70.000  TEMP(K) =   109.18  PRESS =     0.0
 Etot   =    -77164.6649  EKtot   =      6785.0796  EPtot      =    -83949.7445
 BOND   =      9722.8622  ANGLE   =         0.0000  DIHED      =        -0.0000
 1-4 NB =         0.0000  1-4 EEL =        -0.0000  VDWAALS    =     19296.3139
 EELEC  =   -112968.9207  EHBOND  =         0.0000  RESTRAINT  =         0.0000
 DV/DL  =       315.3022
 ------------------------------------------------------------------------------

  Softcore part of the system:       7 atoms,       TEMP(K)    =         144.11
 SC_Etot=        24.5221  SC_EKtot=         3.0069  SC_EPtot   =        21.5153
 SC_BOND=         1.2222  SC_ANGLE=         4.0567  SC_DIHED   =         5.2550
 SC_14NB=         0.4515  SC_14EEL=        10.5299  SC_VDW     =         0.0000
 SC_EEL =         0.0000
 SC_RES_DIST=     0.0000  SC_RES_ANG=       0.0000  SC_RES_TORS=         0.0000
 SC_EEL_DER=    171.8655  SC_VDW_DER=     -21.4616  SC_DERIV   =       150.4039
 ------------------------------------------------------------------------------


| TI region  2


 NSTEP =    70000   TIME(PS) =      70.000  TEMP(K) =   109.17  PRESS =     0.0
 Etot   =    -77167.6718  EKtot   =      6782.0727  EPtot      =    -83949.7445
 BOND   =      9722.8622  ANGLE   =         0.0000  DIHED      =        -0.0000
 1-4 NB =         0.0000  1-4 EEL =        -0.0000  VDWAALS    =     19296.3139
 EELEC  =   -112968.9207  EHBOND  =         0.0000  RESTRAINT  =         0.0000
 DV/DL  =       315.3022
 ------------------------------------------------------------------------------

 NMR restraints: Bond =    0.000   Angle =     0.000   Torsion =     0.000
===============================================================================

| TI region  1


 NSTEP =    75000   TIME(PS) =      75.000  TEMP(K) =   117.47  PRESS =     0.0
 Etot   =    -76216.6332  EKtot   =      7300.2495  EPtot      =    -83516.8828
 BOND   =     10083.3894  ANGLE   =         0.0000  DIHED      =         0.0000
 1-4 NB =         0.0000  1-4 EEL =        -0.0000  VDWAALS    =     19302.8010
 EELEC  =   -112903.0732  EHBOND  =         0.0000  RESTRAINT  =         0.0000
 DV/DL  =       320.4859
 ------------------------------------------------------------------------------

  Softcore part of the system:       7 atoms,       TEMP(K)    =         109.97
 SC_Etot=        24.2835  SC_EKtot=         2.2946  SC_EPtot   =        21.9889
 SC_BOND=         1.0669  SC_ANGLE=         5.1182  SC_DIHED   =         5.2660
 SC_14NB=         0.2591  SC_14EEL=        10.2788  SC_VDW     =         0.0000
 SC_EEL =         0.0000
 SC_RES_DIST=     0.0000  SC_RES_ANG=       0.0000  SC_RES_TORS=         0.0000
 SC_EEL_DER=    192.0209  SC_VDW_DER=     -31.3187  SC_DERIV   =       160.7022
 ------------------------------------------------------------------------------


| TI region  2


 NSTEP =    75000   TIME(PS) =      75.000  TEMP(K) =   117.48  PRESS =     0.0
 Etot   =    -76218.9278  EKtot   =      7297.9549  EPtot      =    -83516.8828
 BOND   =     10083.3894  ANGLE   =         0.0000  DIHED      =         0.0000
 1-4 NB =         0.0000  1-4 EEL =        -0.0000  VDWAALS    =     19302.8010
 EELEC  =   -112903.0732  EHBOND  =         0.0000  RESTRAINT  =         0.0000
 DV/DL  =       320.4859
 ------------------------------------------------------------------------------

 NMR restraints: Bond =    0.000   Angle =     0.000   Torsion =     0.000
===============================================================================

| TI region  1


 NSTEP =    80000   TIME(PS) =      80.000  TEMP(K) =   125.61  PRESS =     0.0
 Etot   =    -75197.3118  EKtot   =      7805.9028  EPtot      =    -83003.2146
 BOND   =     10071.8104  ANGLE   =         0.0000  DIHED      =        -0.0000
 1-4 NB =         0.0000  1-4 EEL =        -0.0000  VDWAALS    =     18952.9933
 EELEC  =   -112028.0183  EHBOND  =         0.0000  RESTRAINT  =         0.0000
 DV/DL  =       302.9845
 ------------------------------------------------------------------------------

  Softcore part of the system:       7 atoms,       TEMP(K)    =          98.78
 SC_Etot=        25.1318  SC_EKtot=         2.0612  SC_EPtot   =        23.0706
 SC_BOND=         1.4276  SC_ANGLE=         5.7694  SC_DIHED   =         5.3630
 SC_14NB=         0.2112  SC_14EEL=        10.2994  SC_VDW     =         0.0000
 SC_EEL =         0.0000
 SC_RES_DIST=     0.0000  SC_RES_ANG=       0.0000  SC_RES_TORS=         0.0000
 SC_EEL_DER=    164.3259  SC_VDW_DER=     -20.6941  SC_DERIV   =       143.6319
 ------------------------------------------------------------------------------


| TI region  2


 NSTEP =    80000   TIME(PS) =      80.000  TEMP(K) =   125.62  PRESS =     0.0
 Etot   =    -75199.3729  EKtot   =      7803.8417  EPtot      =    -83003.2146
 BOND   =     10071.8104  ANGLE   =         0.0000  DIHED      =        -0.0000
 1-4 NB =         0.0000  1-4 EEL =        -0.0000  VDWAALS    =     18952.9933
 EELEC  =   -112028.0183  EHBOND  =         0.0000  RESTRAINT  =         0.0000
 DV/DL  =       302.9845
 ------------------------------------------------------------------------------

 NMR restraints: Bond =    0.000   Angle =     0.000   Torsion =     0.000
===============================================================================

| TI region  1


 NSTEP =    85000   TIME(PS) =      85.000  TEMP(K) =   132.46  PRESS =     0.0
 Etot   =    -74377.6745  EKtot   =      8231.5127  EPtot      =    -82609.1872
 BOND   =     10240.9295  ANGLE   =         0.0000  DIHED      =         0.0000
 1-4 NB =         0.0000  1-4 EEL =        -0.0000  VDWAALS    =     18965.6987
 EELEC  =   -111815.8154  EHBOND  =         0.0000  RESTRAINT  =         0.0000
 DV/DL  =       323.6049
 ------------------------------------------------------------------------------

  Softcore part of the system:       7 atoms,       TEMP(K)    =         116.05
 SC_Etot=        23.9458  SC_EKtot=         2.4214  SC_EPtot   =        21.5244
 SC_BOND=         1.0575  SC_ANGLE=         4.9767  SC_DIHED   =         5.2224
 SC_14NB=         0.0640  SC_14EEL=        10.2039  SC_VDW     =         0.0000
 SC_EEL =         0.0000
 SC_RES_DIST=     0.0000  SC_RES_ANG=       0.0000  SC_RES_TORS=         0.0000
 SC_EEL_DER=    182.4778  SC_VDW_DER=     -25.0309  SC_DERIV   =       157.4469
 ------------------------------------------------------------------------------


| TI region  2


 NSTEP =    85000   TIME(PS) =      85.000  TEMP(K) =   132.47  PRESS =     0.0
 Etot   =    -74380.0959  EKtot   =      8229.0913  EPtot      =    -82609.1872
 BOND   =     10240.9295  ANGLE   =         0.0000  DIHED      =         0.0000
 1-4 NB =         0.0000  1-4 EEL =        -0.0000  VDWAALS    =     18965.6987
 EELEC  =   -111815.8154  EHBOND  =         0.0000  RESTRAINT  =         0.0000
 DV/DL  =       323.6049
 ------------------------------------------------------------------------------

 NMR restraints: Bond =    0.000   Angle =     0.000   Torsion =     0.000
===============================================================================

| TI region  1


 NSTEP =    90000   TIME(PS) =      90.000  TEMP(K) =   138.83  PRESS =     0.0
 Etot   =    -73440.1734  EKtot   =      8627.6680  EPtot      =    -82067.8413
 BOND   =     10476.3700  ANGLE   =         0.0000  DIHED      =        -0.0000
 1-4 NB =         0.0000  1-4 EEL =        -0.0000  VDWAALS    =     18926.9848
 EELEC  =   -111471.1962  EHBOND  =         0.0000  RESTRAINT  =         0.0000
 DV/DL  =       323.6292
 ------------------------------------------------------------------------------

  Softcore part of the system:       7 atoms,       TEMP(K)    =         181.47
 SC_Etot=        26.7440  SC_EKtot=         3.7864  SC_EPtot   =        22.9576
 SC_BOND=         1.4506  SC_ANGLE=         5.0909  SC_DIHED   =         5.2956
 SC_14NB=         0.5578  SC_14EEL=        10.5627  SC_VDW     =         0.0000
 SC_EEL =         0.0000
 SC_RES_DIST=     0.0000  SC_RES_ANG=       0.0000  SC_RES_TORS=         0.0000
 SC_EEL_DER=    194.5938  SC_VDW_DER=     -36.2643  SC_DERIV   =       158.3295
 ------------------------------------------------------------------------------


| TI region  2


 NSTEP =    90000   TIME(PS) =      90.000  TEMP(K) =   138.82  PRESS =     0.0
 Etot   =    -73443.9597  EKtot   =      8623.8816  EPtot      =    -82067.8413
 BOND   =     10476.3700  ANGLE   =         0.0000  DIHED      =        -0.0000
 1-4 NB =         0.0000  1-4 EEL =        -0.0000  VDWAALS    =     18926.9848
 EELEC  =   -111471.1962  EHBOND  =         0.0000  RESTRAINT  =         0.0000
 DV/DL  =       323.6292
 ------------------------------------------------------------------------------

 NMR restraints: Bond =    0.000   Angle =     0.000   Torsion =     0.000
===============================================================================

| TI region  1


 NSTEP =    95000   TIME(PS) =      95.000  TEMP(K) =   149.35  PRESS =     0.0
 Etot   =    -72477.0656  EKtot   =      9281.1045  EPtot      =    -81758.1701
 BOND   =     10503.7676  ANGLE   =         0.0000  DIHED      =        -0.0000
 1-4 NB =         0.0000  1-4 EEL =        -0.0000  VDWAALS    =     18805.5066
 EELEC  =   -111067.4443  EHBOND  =         0.0000  RESTRAINT  =         0.0000
 DV/DL  =       335.6421
 ------------------------------------------------------------------------------

  Softcore part of the system:       7 atoms,       TEMP(K)    =         162.90
 SC_Etot=        23.8615  SC_EKtot=         3.3990  SC_EPtot   =        20.4625
 SC_BOND=         0.7024  SC_ANGLE=         4.1905  SC_DIHED   =         5.2101
 SC_14NB=         0.1524  SC_14EEL=        10.2071  SC_VDW     =         0.0000
 SC_EEL =         0.0000
 SC_RES_DIST=     0.0000  SC_RES_ANG=       0.0000  SC_RES_TORS=         0.0000
 SC_EEL_DER=    197.3822  SC_VDW_DER=     -28.7810  SC_DERIV   =       168.6013
 ------------------------------------------------------------------------------


| TI region  2


 NSTEP =    95000   TIME(PS) =      95.000  TEMP(K) =   149.35  PRESS =     0.0
 Etot   =    -72480.4646  EKtot   =      9277.7055  EPtot      =    -81758.1701
 BOND   =     10503.7676  ANGLE   =         0.0000  DIHED      =        -0.0000
 1-4 NB =         0.0000  1-4 EEL =        -0.0000  VDWAALS    =     18805.5066
 EELEC  =   -111067.4443  EHBOND  =         0.0000  RESTRAINT  =         0.0000
 DV/DL  =       335.6421
 ------------------------------------------------------------------------------

 NMR restraints: Bond =    0.000   Angle =     0.000   Torsion =     0.000
===============================================================================

| TI region  1


 NSTEP =   100000   TIME(PS) =     100.000  TEMP(K) =   157.00  PRESS =     0.0
 Etot   =    -71315.7161  EKtot   =      9756.3008  EPtot      =    -81072.0169
 BOND   =     10735.2845  ANGLE   =         0.0000  DIHED      =         0.0000
 1-4 NB =         0.0000  1-4 EEL =         0.0000  VDWAALS    =     18682.5623
 EELEC  =   -110489.8637  EHBOND  =         0.0000  RESTRAINT  =         0.0000
 DV/DL  =       308.3264
 ------------------------------------------------------------------------------

  Softcore part of the system:       7 atoms,       TEMP(K)    =         138.07
 SC_Etot=        24.3502  SC_EKtot=         2.8809  SC_EPtot   =        21.4693
 SC_BOND=         0.7498  SC_ANGLE=         4.7365  SC_DIHED   =         5.2189
 SC_14NB=         0.3279  SC_14EEL=        10.4362  SC_VDW     =         0.0000
 SC_EEL =         0.0000
 SC_RES_DIST=     0.0000  SC_RES_ANG=       0.0000  SC_RES_TORS=         0.0000
 SC_EEL_DER=    169.2312  SC_VDW_DER=     -22.1822  SC_DERIV   =       147.0490
 ------------------------------------------------------------------------------


| TI region  2


 NSTEP =   100000   TIME(PS) =     100.000  TEMP(K) =   157.00  PRESS =     0.0
 Etot   =    -71318.5970  EKtot   =      9753.4199  EPtot      =    -81072.0169
 BOND   =     10735.2845  ANGLE   =         0.0000  DIHED      =         0.0000
 1-4 NB =         0.0000  1-4 EEL =         0.0000  VDWAALS    =     18682.5623
 EELEC  =   -110489.8637  EHBOND  =         0.0000  RESTRAINT  =         0.0000
 DV/DL  =       308.3264
 ------------------------------------------------------------------------------

 NMR restraints: Bond =    0.000   Angle =     0.000   Torsion =     0.000
===============================================================================

| TI region  1


 NSTEP =   105000   TIME(PS) =     105.000  TEMP(K) =   164.90  PRESS =     0.0
 Etot   =    -70408.5566  EKtot   =     10247.5840  EPtot      =    -80656.1406
 BOND   =     10807.1977  ANGLE   =         0.0000  DIHED      =        -0.0000
 1-4 NB =         0.0000  1-4 EEL =         0.0000  VDWAALS    =     18487.0418
 EELEC  =   -109950.3801  EHBOND  =         0.0000  RESTRAINT  =         0.0000
 DV/DL  =       318.7217
 ------------------------------------------------------------------------------

  Softcore part of the system:       7 atoms,       TEMP(K)    =         163.03
 SC_Etot=        24.5062  SC_EKtot=         3.4018  SC_EPtot   =        21.1045
 SC_BOND=         0.5682  SC_ANGLE=         4.5232  SC_DIHED   =         5.3365
 SC_14NB=         0.2330  SC_14EEL=        10.4435  SC_VDW     =         0.0000
 SC_EEL =         0.0000
 SC_RES_DIST=     0.0000  SC_RES_ANG=       0.0000  SC_RES_TORS=         0.0000
 SC_EEL_DER=    181.8215  SC_VDW_DER=     -25.5599  SC_DERIV   =       156.2616
 ------------------------------------------------------------------------------


| TI region  2


 NSTEP =   105000   TIME(PS) =     105.000  TEMP(K) =   164.90  PRESS =     0.0
 Etot   =    -70411.9584  EKtot   =     10244.1822  EPtot      =    -80656.1406
 BOND   =     10807.1977  ANGLE   =         0.0000  DIHED      =        -0.0000
 1-4 NB =         0.0000  1-4 EEL =         0.0000  VDWAALS    =     18487.0418
 EELEC  =   -109950.3801  EHBOND  =         0.0000  RESTRAINT  =         0.0000
 DV/DL  =       318.7217
 ------------------------------------------------------------------------------

 NMR restraints: Bond =    0.000   Angle =     0.000   Torsion =     0.000
===============================================================================

| TI region  1


 NSTEP =   110000   TIME(PS) =     110.000  TEMP(K) =   173.92  PRESS =     0.0
 Etot   =    -69398.3631  EKtot   =     10807.9355  EPtot      =    -80206.2986
 BOND   =     11065.1381  ANGLE   =         0.0000  DIHED      =         0.0000
 1-4 NB =         0.0000  1-4 EEL =         0.0000  VDWAALS    =     18561.8778
 EELEC  =   -109833.3145  EHBOND  =         0.0000  RESTRAINT  =         0.0000
 DV/DL  =       312.9402
 ------------------------------------------------------------------------------

  Softcore part of the system:       7 atoms,       TEMP(K)    =         252.30
 SC_Etot=        26.4584  SC_EKtot=         5.2643  SC_EPtot   =        21.1941
 SC_BOND=         0.9491  SC_ANGLE=         4.0725  SC_DIHED   =         5.2307
 SC_14NB=         0.3702  SC_14EEL=        10.5716  SC_VDW     =         0.0000
 SC_EEL =         0.0000
 SC_RES_DIST=     0.0000  SC_RES_ANG=       0.0000  SC_RES_TORS=         0.0000
 SC_EEL_DER=    167.4669  SC_VDW_DER=     -24.0424  SC_DERIV   =       143.4245
 ------------------------------------------------------------------------------


| TI region  2


 NSTEP =   110000   TIME(PS) =     110.000  TEMP(K) =   173.89  PRESS =     0.0
 Etot   =    -69403.6273  EKtot   =     10802.6713  EPtot      =    -80206.2986
 BOND   =     11065.1381  ANGLE   =         0.0000  DIHED      =         0.0000
 1-4 NB =         0.0000  1-4 EEL =         0.0000  VDWAALS    =     18561.8778
 EELEC  =   -109833.3145  EHBOND  =         0.0000  RESTRAINT  =         0.0000
 DV/DL  =       312.9402
 ------------------------------------------------------------------------------

 NMR restraints: Bond =    0.000   Angle =     0.000   Torsion =     0.000
===============================================================================

| TI region  1


 NSTEP =   115000   TIME(PS) =     115.000  TEMP(K) =   182.23  PRESS =     0.0
 Etot   =    -68233.5317  EKtot   =     11324.3301  EPtot      =    -79557.8617
 BOND   =     11121.0049  ANGLE   =         0.0000  DIHED      =        -0.0000
 1-4 NB =         0.0000  1-4 EEL =        -0.0000  VDWAALS    =     18564.3322
 EELEC  =   -109243.1989  EHBOND  =         0.0000  RESTRAINT  =         0.0000
 DV/DL  =       314.5219
 ------------------------------------------------------------------------------

  Softcore part of the system:       7 atoms,       TEMP(K)    =         218.76
 SC_Etot=        25.1315  SC_EKtot=         4.5646  SC_EPtot   =        20.5669
 SC_BOND=         0.3372  SC_ANGLE=         4.1521  SC_DIHED   =         5.2576
 SC_14NB=         0.3141  SC_14EEL=        10.5060  SC_VDW     =         0.0000
 SC_EEL =         0.0000
 SC_RES_DIST=     0.0000  SC_RES_ANG=       0.0000  SC_RES_TORS=         0.0000
 SC_EEL_DER=    204.8702  SC_VDW_DER=     -49.3353  SC_DERIV   =       155.5349
 ------------------------------------------------------------------------------


| TI region  2


 NSTEP =   115000   TIME(PS) =     115.000  TEMP(K) =   182.22  PRESS =     0.0
 Etot   =    -68238.0963  EKtot   =     11319.7655  EPtot      =    -79557.8617
 BOND   =     11121.0049  ANGLE   =         0.0000  DIHED      =        -0.0000
 1-4 NB =         0.0000  1-4 EEL =        -0.0000  VDWAALS    =     18564.3322
 EELEC  =   -109243.1989  EHBOND  =         0.0000  RESTRAINT  =         0.0000
 DV/DL  =       314.5219
 ------------------------------------------------------------------------------

 NMR restraints: Bond =    0.000   Angle =     0.000   Torsion =     0.000
===============================================================================

| TI region  1


 NSTEP =   120000   TIME(PS) =     120.000  TEMP(K) =   190.19  PRESS =     0.0
 Etot   =    -67142.2643  EKtot   =     11819.1855  EPtot      =    -78961.4498
 BOND   =     11515.9855  ANGLE   =         0.0000  DIHED      =        -0.0000
 1-4 NB =         0.0000  1-4 EEL =        -0.0000  VDWAALS    =     18431.1796
 EELEC  =   -108908.6149  EHBOND  =         0.0000  RESTRAINT  =         0.0000
 DV/DL  =       298.0963
 ------------------------------------------------------------------------------

  Softcore part of the system:       7 atoms,       TEMP(K)    =         401.73
 SC_Etot=        29.4623  SC_EKtot=         8.3824  SC_EPtot   =        21.0799
 SC_BOND=         1.3549  SC_ANGLE=         3.7228  SC_DIHED   =         5.2122
 SC_14NB=         0.3371  SC_14EEL=        10.4529  SC_VDW     =         0.0000
 SC_EEL =         0.0000
 SC_RES_DIST=     0.0000  SC_RES_ANG=       0.0000  SC_RES_TORS=         0.0000
 SC_EEL_DER=    156.2800  SC_VDW_DER=     -20.0777  SC_DERIV   =       136.2023
 ------------------------------------------------------------------------------


| TI region  2


 NSTEP =   120000   TIME(PS) =     120.000  TEMP(K) =   190.12  PRESS =     0.0
 Etot   =    -67150.6467  EKtot   =     11810.8031  EPtot      =    -78961.4498
 BOND   =     11515.9855  ANGLE   =         0.0000  DIHED      =        -0.0000
 1-4 NB =         0.0000  1-4 EEL =        -0.0000  VDWAALS    =     18431.1796
 EELEC  =   -108908.6149  EHBOND  =         0.0000  RESTRAINT  =         0.0000
 DV/DL  =       298.0963
 ------------------------------------------------------------------------------

 NMR restraints: Bond =    0.000   Angle =     0.000   Torsion =     0.000
===============================================================================

| TI region  1


 NSTEP =   125000   TIME(PS) =     125.000  TEMP(K) =   196.75  PRESS =     0.0
 Etot   =    -66270.0455  EKtot   =     12226.6504  EPtot      =    -78496.6959
 BOND   =     11363.9807  ANGLE   =        -0.0000  DIHED      =        -0.0000
 1-4 NB =         0.0000  1-4 EEL =        -0.0000  VDWAALS    =     18002.9742
 EELEC  =   -107863.6508  EHBOND  =         0.0000  RESTRAINT  =         0.0000
 DV/DL  =       332.3702
 ------------------------------------------------------------------------------

  Softcore part of the system:       7 atoms,       TEMP(K)    =         226.86
 SC_Etot=        26.3831  SC_EKtot=         4.7336  SC_EPtot   =        21.6495
 SC_BOND=         1.9150  SC_ANGLE=         4.1967  SC_DIHED   =         5.2254
 SC_14NB=         0.1397  SC_14EEL=        10.1728  SC_VDW     =         0.0000
 SC_EEL =         0.0000
 SC_RES_DIST=     0.0000  SC_RES_ANG=       0.0000  SC_RES_TORS=         0.0000
 SC_EEL_DER=    188.3404  SC_VDW_DER=     -31.9866  SC_DERIV   =       156.3538
 ------------------------------------------------------------------------------


| TI region  2


 NSTEP =   125000   TIME(PS) =     125.000  TEMP(K) =   196.74  PRESS =     0.0
 Etot   =    -66274.7791  EKtot   =     12221.9167  EPtot      =    -78496.6959
 BOND   =     11363.9807  ANGLE   =        -0.0000  DIHED      =        -0.0000
 1-4 NB =         0.0000  1-4 EEL =        -0.0000  VDWAALS    =     18002.9742
 EELEC  =   -107863.6508  EHBOND  =         0.0000  RESTRAINT  =         0.0000
 DV/DL  =       332.3702
 ------------------------------------------------------------------------------

 NMR restraints: Bond =    0.000   Angle =     0.000   Torsion =     0.000
===============================================================================

| TI region  1


 NSTEP =   130000   TIME(PS) =     130.000  TEMP(K) =   203.84  PRESS =     0.0
 Etot   =    -65024.2556  EKtot   =     12667.1943  EPtot      =    -77691.4499
 BOND   =     11642.9608  ANGLE   =        -0.0000  DIHED      =        -0.0000
 1-4 NB =         0.0000  1-4 EEL =        -0.0000  VDWAALS    =     17970.2614
 EELEC  =   -107304.6721  EHBOND  =         0.0000  RESTRAINT  =         0.0000
 DV/DL  =       289.7966
 ------------------------------------------------------------------------------

  Softcore part of the system:       7 atoms,       TEMP(K)    =         274.04
 SC_Etot=        26.3282  SC_EKtot=         5.7180  SC_EPtot   =        20.6102
 SC_BOND=         0.8873  SC_ANGLE=         3.5667  SC_DIHED   =         5.2182
 SC_14NB=         0.3799  SC_14EEL=        10.5582  SC_VDW     =         0.0000
 SC_EEL =         0.0000
 SC_RES_DIST=     0.0000  SC_RES_ANG=       0.0000  SC_RES_TORS=         0.0000
 SC_EEL_DER=    164.5779  SC_VDW_DER=     -26.3380  SC_DERIV   =       138.2400
 ------------------------------------------------------------------------------


| TI region  2


 NSTEP =   130000   TIME(PS) =     130.000  TEMP(K) =   203.81  PRESS =     0.0
 Etot   =    -65029.9735  EKtot   =     12661.4764  EPtot      =    -77691.4499
 BOND   =     11642.9608  ANGLE   =        -0.0000  DIHED      =        -0.0000
 1-4 NB =         0.0000  1-4 EEL =        -0.0000  VDWAALS    =     17970.2614
 EELEC  =   -107304.6721  EHBOND  =         0.0000  RESTRAINT  =         0.0000
 DV/DL  =       289.7966
 ------------------------------------------------------------------------------

 NMR restraints: Bond =    0.000   Angle =     0.000   Torsion =     0.000
===============================================================================

| TI region  1


 NSTEP =   135000   TIME(PS) =     135.000  TEMP(K) =   211.97  PRESS =     0.0
 Etot   =    -63920.6780  EKtot   =     13172.3613  EPtot      =    -77093.0393
 BOND   =     11778.4407  ANGLE   =         0.0000  DIHED      =        -0.0000
 1-4 NB =         0.0000  1-4 EEL =        -0.0000  VDWAALS    =     17534.6922
 EELEC  =   -106406.1722  EHBOND  =         0.0000  RESTRAINT  =         0.0000
 DV/DL  =       284.7155
 ------------------------------------------------------------------------------

  Softcore part of the system:       7 atoms,       TEMP(K)    =         140.58
 SC_Etot=        26.5677  SC_EKtot=         2.9333  SC_EPtot   =        23.6343
 SC_BOND=         2.4868  SC_ANGLE=         4.7234  SC_DIHED   =         5.2598
 SC_14NB=         0.4911  SC_14EEL=        10.6733  SC_VDW     =         0.0000
 SC_EEL =         0.0000
 SC_RES_DIST=     0.0000  SC_RES_ANG=       0.0000  SC_RES_TORS=         0.0000
 SC_EEL_DER=    150.2228  SC_VDW_DER=     -15.8853  SC_DERIV   =       134.3375
 ------------------------------------------------------------------------------


| TI region  2


 NSTEP =   135000   TIME(PS) =     135.000  TEMP(K) =   211.99  PRESS =     0.0
 Etot   =    -63923.6113  EKtot   =     13169.4280  EPtot      =    -77093.0393
 BOND   =     11778.4407  ANGLE   =         0.0000  DIHED      =        -0.0000
 1-4 NB =         0.0000  1-4 EEL =        -0.0000  VDWAALS    =     17534.6922
 EELEC  =   -106406.1722  EHBOND  =         0.0000  RESTRAINT  =         0.0000
 DV/DL  =       284.7155
 ------------------------------------------------------------------------------

 NMR restraints: Bond =    0.000   Angle =     0.000   Torsion =     0.000
===============================================================================

| TI region  1


 NSTEP =   140000   TIME(PS) =     140.000  TEMP(K) =   220.62  PRESS =     0.0
 Etot   =    -62651.1055  EKtot   =     13710.0840  EPtot      =    -76361.1895
 BOND   =     11831.9665  ANGLE   =         0.0000  DIHED      =        -0.0000
 1-4 NB =         0.0000  1-4 EEL =        -0.0000  VDWAALS    =     17333.8317
 EELEC  =   -105526.9877  EHBOND  =         0.0000  RESTRAINT  =         0.0000
 DV/DL  =       303.8368
 ------------------------------------------------------------------------------

  Softcore part of the system:       7 atoms,       TEMP(K)    =         266.32
 SC_Etot=        26.9864  SC_EKtot=         5.5568  SC_EPtot   =        21.4296
 SC_BOND=         0.5390  SC_ANGLE=         5.0688  SC_DIHED   =         5.2273
 SC_14NB=         0.1934  SC_14EEL=        10.4010  SC_VDW     =         0.0000
 SC_EEL =         0.0000
 SC_RES_DIST=     0.0000  SC_RES_ANG=       0.0000  SC_RES_TORS=         0.0000
 SC_EEL_DER=    171.5205  SC_VDW_DER=     -31.4599  SC_DERIV   =       140.0606
 ------------------------------------------------------------------------------


| TI region  2


 NSTEP =   140000   TIME(PS) =     140.000  TEMP(K) =   220.60  PRESS =     0.0
 Etot   =    -62656.6624  EKtot   =     13704.5272  EPtot      =    -76361.1895
 BOND   =     11831.9665  ANGLE   =         0.0000  DIHED      =        -0.0000
 1-4 NB =         0.0000  1-4 EEL =        -0.0000  VDWAALS    =     17333.8317
 EELEC  =   -105526.9877  EHBOND  =         0.0000  RESTRAINT  =         0.0000
 DV/DL  =       303.8368
 ------------------------------------------------------------------------------

 NMR restraints: Bond =    0.000   Angle =     0.000   Torsion =     0.000
===============================================================================

| TI region  1


 NSTEP =   145000   TIME(PS) =     145.000  TEMP(K) =   229.46  PRESS =     0.0
 Etot   =    -61320.5533  EKtot   =     14259.2422  EPtot      =    -75579.7955
 BOND   =     12173.1054  ANGLE   =        -0.0000  DIHED      =        -0.0000
 1-4 NB =         0.0000  1-4 EEL =         0.0000  VDWAALS    =     17146.7364
 EELEC  =   -104899.6372  EHBOND  =         0.0000  RESTRAINT  =         0.0000
 DV/DL  =       308.8006
 ------------------------------------------------------------------------------

  Softcore part of the system:       7 atoms,       TEMP(K)    =         364.38
 SC_Etot=        28.4088  SC_EKtot=         7.6030  SC_EPtot   =        20.8057
 SC_BOND=         1.0132  SC_ANGLE=         3.6067  SC_DIHED   =         5.2157
 SC_14NB=         0.4241  SC_14EEL=        10.5460  SC_VDW     =         0.0000
 SC_EEL =         0.0000
 SC_RES_DIST=     0.0000  SC_RES_ANG=       0.0000  SC_RES_TORS=         0.0000
 SC_EEL_DER=    174.6535  SC_VDW_DER=     -27.3331  SC_DERIV   =       147.3204
 ------------------------------------------------------------------------------


| TI region  2


 NSTEP =   145000   TIME(PS) =     145.000  TEMP(K) =   229.41  PRESS =     0.0
 Etot   =    -61328.1563  EKtot   =     14251.6392  EPtot      =    -75579.7955
 BOND   =     12173.1054  ANGLE   =        -0.0000  DIHED      =        -0.0000
 1-4 NB =         0.0000  1-4 EEL =         0.0000  VDWAALS    =     17146.7364
 EELEC  =   -104899.6372  EHBOND  =         0.0000  RESTRAINT  =         0.0000
 DV/DL  =       308.8006
 ------------------------------------------------------------------------------

 NMR restraints: Bond =    0.000   Angle =     0.000   Torsion =     0.000
===============================================================================

| TI region  1


 NSTEP =   150000   TIME(PS) =     150.000  TEMP(K) =   234.95  PRESS =     0.0
 Etot   =    -60073.8576  EKtot   =     14600.6768  EPtot      =    -74674.5344
 BOND   =     12245.3104  ANGLE   =         0.0000  DIHED      =        -0.0000
 1-4 NB =         0.0000  1-4 EEL =        -0.0000  VDWAALS    =     17014.9027
 EELEC  =   -103934.7475  EHBOND  =         0.0000  RESTRAINT  =         0.0000
 DV/DL  =       319.1032
 ------------------------------------------------------------------------------

  Softcore part of the system:       7 atoms,       TEMP(K)    =         305.04
 SC_Etot=        30.1663  SC_EKtot=         6.3648  SC_EPtot   =        23.8015
 SC_BOND=         1.6757  SC_ANGLE=         6.0773  SC_DIHED   =         5.4001
 SC_14NB=         0.2250  SC_14EEL=        10.4234  SC_VDW     =         0.0000
 SC_EEL =         0.0000
 SC_RES_DIST=     0.0000  SC_RES_ANG=       0.0000  SC_RES_TORS=         0.0000
 SC_EEL_DER=    180.7462  SC_VDW_DER=     -24.2673  SC_DERIV   =       156.4789
 ------------------------------------------------------------------------------


| TI region  2


 NSTEP =   150000   TIME(PS) =     150.000  TEMP(K) =   234.93  PRESS =     0.0
 Etot   =    -60080.2225  EKtot   =     14594.3119  EPtot      =    -74674.5344
 BOND   =     12245.3104  ANGLE   =         0.0000  DIHED      =        -0.0000
 1-4 NB =         0.0000  1-4 EEL =        -0.0000  VDWAALS    =     17014.9027
 EELEC  =   -103934.7475  EHBOND  =         0.0000  RESTRAINT  =         0.0000
 DV/DL  =       319.1032
 ------------------------------------------------------------------------------

 NMR restraints: Bond =    0.000   Angle =     0.000   Torsion =     0.000
===============================================================================

| TI region  1


 NSTEP =   155000   TIME(PS) =     155.000  TEMP(K) =   242.31  PRESS =     0.0
 Etot   =    -58535.0414  EKtot   =     15057.9736  EPtot      =    -73593.0151
 BOND   =     12230.2393  ANGLE   =         0.0000  DIHED      =         0.0000
 1-4 NB =         0.0000  1-4 EEL =        -0.0000  VDWAALS    =     16403.7102
 EELEC  =   -102226.9646  EHBOND  =         0.0000  RESTRAINT  =         0.0000
 DV/DL  =       294.8562
 ------------------------------------------------------------------------------

  Softcore part of the system:       7 atoms,       TEMP(K)    =         146.14
 SC_Etot=        24.3668  SC_EKtot=         3.0494  SC_EPtot   =        21.3174
 SC_BOND=         0.5854  SC_ANGLE=         4.8043  SC_DIHED   =         5.3028
 SC_14NB=         0.2515  SC_14EEL=        10.3734  SC_VDW     =         0.0000
 SC_EEL =         0.0000
 SC_RES_DIST=     0.0000  SC_RES_ANG=       0.0000  SC_RES_TORS=         0.0000
 SC_EEL_DER=    163.0282  SC_VDW_DER=     -21.3259  SC_DERIV   =       141.7023
 ------------------------------------------------------------------------------


| TI region  2


 NSTEP =   155000   TIME(PS) =     155.000  TEMP(K) =   242.34  PRESS =     0.0
 Etot   =    -58538.0908  EKtot   =     15054.9243  EPtot      =    -73593.0151
 BOND   =     12230.2393  ANGLE   =         0.0000  DIHED      =         0.0000
 1-4 NB =         0.0000  1-4 EEL =        -0.0000  VDWAALS    =     16403.7102
 EELEC  =   -102226.9646  EHBOND  =         0.0000  RESTRAINT  =         0.0000
 DV/DL  =       294.8562
 ------------------------------------------------------------------------------

 NMR restraints: Bond =    0.000   Angle =     0.000   Torsion =     0.000
===============================================================================

| TI region  1


 NSTEP =   160000   TIME(PS) =     160.000  TEMP(K) =   252.59  PRESS =     0.0
 Etot   =    -56663.3366  EKtot   =     15696.8916  EPtot      =    -72360.2282
 BOND   =     12319.1989  ANGLE   =         0.0000  DIHED      =        -0.0000
 1-4 NB =         0.0000  1-4 EEL =        -0.0000  VDWAALS    =     16165.8962
 EELEC  =   -100845.3233  EHBOND  =         0.0000  RESTRAINT  =         0.0000
 DV/DL  =       289.7353
 ------------------------------------------------------------------------------

  Softcore part of the system:       7 atoms,       TEMP(K)    =         183.96
 SC_Etot=        26.7015  SC_EKtot=         3.8384  SC_EPtot   =        22.8631
 SC_BOND=         3.0125  SC_ANGLE=         4.2881  SC_DIHED   =         5.2281
 SC_14NB=         0.1553  SC_14EEL=        10.1790  SC_VDW     =         0.0000
 SC_EEL =         0.0000
 SC_RES_DIST=     0.0000  SC_RES_ANG=       0.0000  SC_RES_TORS=         0.0000
 SC_EEL_DER=    156.0196  SC_VDW_DER=     -22.7549  SC_DERIV   =       133.2647
 ------------------------------------------------------------------------------


| TI region  2


 NSTEP =   160000   TIME(PS) =     160.000  TEMP(K) =   252.61  PRESS =     0.0
 Etot   =    -56667.1751  EKtot   =     15693.0532  EPtot      =    -72360.2282
 BOND   =     12319.1989  ANGLE   =         0.0000  DIHED      =        -0.0000
 1-4 NB =         0.0000  1-4 EEL =        -0.0000  VDWAALS    =     16165.8962
 EELEC  =   -100845.3233  EHBOND  =         0.0000  RESTRAINT  =         0.0000
 DV/DL  =       289.7353
 ------------------------------------------------------------------------------

 NMR restraints: Bond =    0.000   Angle =     0.000   Torsion =     0.000
===============================================================================

| TI region  1


 NSTEP =   165000   TIME(PS) =     165.000  TEMP(K) =   257.84  PRESS =     0.0
 Etot   =    -55402.4073  EKtot   =     16023.0068  EPtot      =    -71425.4141
 BOND   =     12206.3090  ANGLE   =         0.0000  DIHED      =        -0.0000
 1-4 NB =         0.0000  1-4 EEL =         0.0000  VDWAALS    =     15644.9816
 EELEC  =    -99276.7047  EHBOND  =         0.0000  RESTRAINT  =         0.0000
 DV/DL  =       298.6042
 ------------------------------------------------------------------------------

  Softcore part of the system:       7 atoms,       TEMP(K)    =         307.40
 SC_Etot=        31.5664  SC_EKtot=         6.4140  SC_EPtot   =        25.1524
 SC_BOND=         2.4087  SC_ANGLE=         6.6341  SC_DIHED   =         5.5943
 SC_14NB=         0.1675  SC_14EEL=        10.3476  SC_VDW     =         0.0000
 SC_EEL =         0.0000
 SC_RES_DIST=     0.0000  SC_RES_ANG=       0.0000  SC_RES_TORS=         0.0000
 SC_EEL_DER=    170.8131  SC_VDW_DER=     -28.2959  SC_DERIV   =       142.5172
 ------------------------------------------------------------------------------


| TI region  2


 NSTEP =   165000   TIME(PS) =     165.000  TEMP(K) =   257.82  PRESS =     0.0
 Etot   =    -55408.8213  EKtot   =     16016.5928  EPtot      =    -71425.4141
 BOND   =     12206.3090  ANGLE   =         0.0000  DIHED      =        -0.0000
 1-4 NB =         0.0000  1-4 EEL =         0.0000  VDWAALS    =     15644.9816
 EELEC  =    -99276.7047  EHBOND  =         0.0000  RESTRAINT  =         0.0000
 DV/DL  =       298.6042
 ------------------------------------------------------------------------------

 NMR restraints: Bond =    0.000   Angle =     0.000   Torsion =     0.000
===============================================================================

| TI region  1


 NSTEP =   170000   TIME(PS) =     170.000  TEMP(K) =   267.43  PRESS =     0.0
 Etot   =    -53634.1178  EKtot   =     16619.1074  EPtot      =    -70253.2253
 BOND   =     12580.1460  ANGLE   =         0.0000  DIHED      =         0.0000
 1-4 NB =         0.0000  1-4 EEL =         0.0000  VDWAALS    =     15101.0617
 EELEC  =    -97934.4330  EHBOND  =         0.0000  RESTRAINT  =         0.0000
 DV/DL  =       253.4296
 ------------------------------------------------------------------------------

  Softcore part of the system:       7 atoms,       TEMP(K)    =         279.51
 SC_Etot=        27.4473  SC_EKtot=         5.8321  SC_EPtot   =        21.6152
 SC_BOND=         0.9290  SC_ANGLE=         4.3263  SC_DIHED   =         5.2457
 SC_14NB=         0.6184  SC_14EEL=        10.4959  SC_VDW     =         0.0000
 SC_EEL =         0.0000
 SC_RES_DIST=     0.0000  SC_RES_ANG=       0.0000  SC_RES_TORS=         0.0000
 SC_EEL_DER=    119.7509  SC_VDW_DER=     -15.4864  SC_DERIV   =       104.2645
 ------------------------------------------------------------------------------


| TI region  2


 NSTEP =   170000   TIME(PS) =     170.000  TEMP(K) =   267.43  PRESS =     0.0
 Etot   =    -53639.9500  EKtot   =     16613.2753  EPtot      =    -70253.2253
 BOND   =     12580.1460  ANGLE   =         0.0000  DIHED      =         0.0000
 1-4 NB =         0.0000  1-4 EEL =         0.0000  VDWAALS    =     15101.0617
 EELEC  =    -97934.4330  EHBOND  =         0.0000  RESTRAINT  =         0.0000
 DV/DL  =       253.4296
 ------------------------------------------------------------------------------

 NMR restraints: Bond =    0.000   Angle =     0.000   Torsion =     0.000
===============================================================================

| TI region  1


 NSTEP =   175000   TIME(PS) =     175.000  TEMP(K) =   275.58  PRESS =     0.0
 Etot   =    -52005.0027  EKtot   =     17125.6953  EPtot      =    -69130.6980
 BOND   =     12574.7699  ANGLE   =        -0.0000  DIHED      =        -0.0000
 1-4 NB =         0.0000  1-4 EEL =         0.0000  VDWAALS    =     14694.5126
 EELEC  =    -96399.9805  EHBOND  =         0.0000  RESTRAINT  =         0.0000
 DV/DL  =       305.0705
 ------------------------------------------------------------------------------

  Softcore part of the system:       7 atoms,       TEMP(K)    =         223.61
 SC_Etot=        27.2738  SC_EKtot=         4.6657  SC_EPtot   =        22.6081
 SC_BOND=         2.0843  SC_ANGLE=         4.6942  SC_DIHED   =         5.2330
 SC_14NB=         0.2062  SC_14EEL=        10.3904  SC_VDW     =         0.0000
 SC_EEL =         0.0000
 SC_RES_DIST=     0.0000  SC_RES_ANG=       0.0000  SC_RES_TORS=         0.0000
 SC_EEL_DER=    167.1551  SC_VDW_DER=     -27.7080  SC_DERIV   =       139.4471
 ------------------------------------------------------------------------------


| TI region  2


 NSTEP =   175000   TIME(PS) =     175.000  TEMP(K) =   275.60  PRESS =     0.0
 Etot   =    -52009.6684  EKtot   =     17121.0296  EPtot      =    -69130.6980
 BOND   =     12574.7699  ANGLE   =        -0.0000  DIHED      =        -0.0000
 1-4 NB =         0.0000  1-4 EEL =         0.0000  VDWAALS    =     14694.5126
 EELEC  =    -96399.9805  EHBOND  =         0.0000  RESTRAINT  =         0.0000
 DV/DL  =       305.0705
 ------------------------------------------------------------------------------

 NMR restraints: Bond =    0.000   Angle =     0.000   Torsion =     0.000
===============================================================================

| TI region  1


 NSTEP =   180000   TIME(PS) =     180.000  TEMP(K) =   282.13  PRESS =     0.0
 Etot   =    -50532.2889  EKtot   =     17532.3281  EPtot      =    -68064.6170
 BOND   =     12694.3300  ANGLE   =        -0.0000  DIHED      =        -0.0000
 1-4 NB =         0.0000  1-4 EEL =        -0.0000  VDWAALS    =     14476.5745
 EELEC  =    -95235.5215  EHBOND  =         0.0000  RESTRAINT  =         0.0000
 DV/DL  =       269.3395
 ------------------------------------------------------------------------------

  Softcore part of the system:       7 atoms,       TEMP(K)    =         378.72
 SC_Etot=        31.0104  SC_EKtot=         7.9023  SC_EPtot   =        23.1081
 SC_BOND=         2.6018  SC_ANGLE=         4.6941  SC_DIHED   =         5.2996
 SC_14NB=         0.1814  SC_14EEL=        10.3311  SC_VDW     =         0.0000
 SC_EEL =         0.0000
 SC_RES_DIST=     0.0000  SC_RES_ANG=       0.0000  SC_RES_TORS=         0.0000
 SC_EEL_DER=    143.1629  SC_VDW_DER=     -18.5145  SC_DERIV   =       124.6484
 ------------------------------------------------------------------------------


| TI region  2


 NSTEP =   180000   TIME(PS) =     180.000  TEMP(K) =   282.09  PRESS =     0.0
 Etot   =    -50540.1911  EKtot   =     17524.4259  EPtot      =    -68064.6170
 BOND   =     12694.3300  ANGLE   =        -0.0000  DIHED      =        -0.0000
 1-4 NB =         0.0000  1-4 EEL =        -0.0000  VDWAALS    =     14476.5745
 EELEC  =    -95235.5215  EHBOND  =         0.0000  RESTRAINT  =         0.0000
 DV/DL  =       269.3395
 ------------------------------------------------------------------------------

 NMR restraints: Bond =    0.000   Angle =     0.000   Torsion =     0.000
===============================================================================

| TI region  1


 NSTEP =   185000   TIME(PS) =     185.000  TEMP(K) =   289.30  PRESS =     0.0
 Etot   =    -48936.7741  EKtot   =     17978.0410  EPtot      =    -66914.8151
 BOND   =     12943.1521  ANGLE   =        -0.0000  DIHED      =        -0.0000
 1-4 NB =         0.0000  1-4 EEL =         0.0000  VDWAALS    =     13984.8627
 EELEC  =    -93842.8300  EHBOND  =         0.0000  RESTRAINT  =         0.0000
 DV/DL  =       306.1062
 ------------------------------------------------------------------------------

  Softcore part of the system:       7 atoms,       TEMP(K)    =         331.22
 SC_Etot=        28.1349  SC_EKtot=         6.9110  SC_EPtot   =        21.2239
 SC_BOND=         1.1031  SC_ANGLE=         4.4471  SC_DIHED   =         5.2866
 SC_14NB=         0.2011  SC_14EEL=        10.1860  SC_VDW     =         0.0000
 SC_EEL =         0.0000
 SC_RES_DIST=     0.0000  SC_RES_ANG=       0.0000  SC_RES_TORS=         0.0000
 SC_EEL_DER=    182.0262  SC_VDW_DER=     -38.2060  SC_DERIV   =       143.8202
 ------------------------------------------------------------------------------


| TI region  2


 NSTEP =   185000   TIME(PS) =     185.000  TEMP(K) =   289.28  PRESS =     0.0
 Etot   =    -48943.6851  EKtot   =     17971.1300  EPtot      =    -66914.8151
 BOND   =     12943.1521  ANGLE   =        -0.0000  DIHED      =        -0.0000
 1-4 NB =         0.0000  1-4 EEL =         0.0000  VDWAALS    =     13984.8627
 EELEC  =    -93842.8300  EHBOND  =         0.0000  RESTRAINT  =         0.0000
 DV/DL  =       306.1062
 ------------------------------------------------------------------------------

 NMR restraints: Bond =    0.000   Angle =     0.000   Torsion =     0.000
===============================================================================

| TI region  1


 NSTEP =   190000   TIME(PS) =     190.000  TEMP(K) =   299.18  PRESS =     0.0
 Etot   =    -47589.8403  EKtot   =     18591.7852  EPtot      =    -66181.6255
 BOND   =     12892.8808  ANGLE   =         0.0000  DIHED      =        -0.0000
 1-4 NB =         0.0000  1-4 EEL =        -0.0000  VDWAALS    =     13929.2867
 EELEC  =    -93003.7929  EHBOND  =         0.0000  RESTRAINT  =         0.0000
 DV/DL  =       295.0121
 ------------------------------------------------------------------------------

  Softcore part of the system:       7 atoms,       TEMP(K)    =         290.79
 SC_Etot=        28.3910  SC_EKtot=         6.0675  SC_EPtot   =        22.3235
 SC_BOND=         0.8797  SC_ANGLE=         5.1784  SC_DIHED   =         5.2414
 SC_14NB=         0.4718  SC_14EEL=        10.5522  SC_VDW     =         0.0000
 SC_EEL =         0.0000
 SC_RES_DIST=     0.0000  SC_RES_ANG=       0.0000  SC_RES_TORS=         0.0000
 SC_EEL_DER=    154.7717  SC_VDW_DER=     -20.6958  SC_DERIV   =       134.0759
 ------------------------------------------------------------------------------


| TI region  2


 NSTEP =   190000   TIME(PS) =     190.000  TEMP(K) =   299.18  PRESS =     0.0
 Etot   =    -47595.9078  EKtot   =     18585.7177  EPtot      =    -66181.6255
 BOND   =     12892.8808  ANGLE   =         0.0000  DIHED      =        -0.0000
 1-4 NB =         0.0000  1-4 EEL =        -0.0000  VDWAALS    =     13929.2867
 EELEC  =    -93003.7929  EHBOND  =         0.0000  RESTRAINT  =         0.0000
 DV/DL  =       295.0121
 ------------------------------------------------------------------------------

 NMR restraints: Bond =    0.000   Angle =     0.000   Torsion =     0.000
===============================================================================

| TI region  1


 NSTEP =   195000   TIME(PS) =     195.000  TEMP(K) =   302.19  PRESS =     0.0
 Etot   =    -46877.9553  EKtot   =     18779.3477  EPtot      =    -65657.3030
 BOND   =     12965.8371  ANGLE   =         0.0000  DIHED      =        -0.0000
 1-4 NB =         0.0000  1-4 EEL =        -0.0000  VDWAALS    =     13831.8870
 EELEC  =    -92455.0271  EHBOND  =         0.0000  RESTRAINT  =         0.0000
 DV/DL  =       259.5435
 ------------------------------------------------------------------------------

  Softcore part of the system:       7 atoms,       TEMP(K)    =         469.16
 SC_Etot=        33.2067  SC_EKtot=         9.7893  SC_EPtot   =        23.4174
 SC_BOND=         1.1690  SC_ANGLE=         5.9221  SC_DIHED   =         5.2097
 SC_14NB=         0.5579  SC_14EEL=        10.5587  SC_VDW     =         0.0000
 SC_EEL =         0.0000
 SC_RES_DIST=     0.0000  SC_RES_ANG=       0.0000  SC_RES_TORS=         0.0000
 SC_EEL_DER=    141.6742  SC_VDW_DER=     -25.2510  SC_DERIV   =       116.4233
 ------------------------------------------------------------------------------


| TI region  2


 NSTEP =   195000   TIME(PS) =     195.000  TEMP(K) =   302.14  PRESS =     0.0
 Etot   =    -46887.7447  EKtot   =     18769.5583  EPtot      =    -65657.3030
 BOND   =     12965.8371  ANGLE   =         0.0000  DIHED      =        -0.0000
 1-4 NB =         0.0000  1-4 EEL =        -0.0000  VDWAALS    =     13831.8870
 EELEC  =    -92455.0271  EHBOND  =         0.0000  RESTRAINT  =         0.0000
 DV/DL  =       259.5435
 ------------------------------------------------------------------------------

 NMR restraints: Bond =    0.000   Angle =     0.000   Torsion =     0.000
===============================================================================

| TI region  1


 NSTEP =   200000   TIME(PS) =     200.000  TEMP(K) =   301.15  PRESS =     0.0
 Etot   =    -47292.7060  EKtot   =     18714.5020  EPtot      =    -66007.2080
 BOND   =     12923.6843  ANGLE   =        -0.0000  DIHED      =         0.0000
 1-4 NB =         0.0000  1-4 EEL =        -0.0000  VDWAALS    =     13682.2182
 EELEC  =    -92613.1104  EHBOND  =         0.0000  RESTRAINT  =         0.0000
 DV/DL  =       298.7337
 ------------------------------------------------------------------------------

  Softcore part of the system:       7 atoms,       TEMP(K)    =         298.56
 SC_Etot=        35.0533  SC_EKtot=         6.2296  SC_EPtot   =        28.8237
 SC_BOND=         7.2663  SC_ANGLE=         6.0334  SC_DIHED   =         5.3503
 SC_14NB=         0.0644  SC_14EEL=        10.1093  SC_VDW     =         0.0000
 SC_EEL =         0.0000
 SC_RES_DIST=     0.0000  SC_RES_ANG=       0.0000  SC_RES_TORS=         0.0000
 SC_EEL_DER=    169.6026  SC_VDW_DER=     -27.9553  SC_DERIV   =       141.6473
 ------------------------------------------------------------------------------


| TI region  2


 NSTEP =   200000   TIME(PS) =     200.000  TEMP(K) =   301.15  PRESS =     0.0
 Etot   =    -47298.9356  EKtot   =     18708.2724  EPtot      =    -66007.2080
 BOND   =     12923.6843  ANGLE   =        -0.0000  DIHED      =         0.0000
 1-4 NB =         0.0000  1-4 EEL =        -0.0000  VDWAALS    =     13682.2182
 EELEC  =    -92613.1104  EHBOND  =         0.0000  RESTRAINT  =         0.0000
 DV/DL  =       298.7337
 ------------------------------------------------------------------------------

 NMR restraints: Bond =    0.000   Angle =     0.000   Torsion =     0.000
===============================================================================

| TI region  1


      A V E R A G E S   O V E R      40 S T E P S


 NSTEP =   200000   TIME(PS) =     200.000  TEMP(K) =   160.45  PRESS =     0.0
 Etot   =    -69386.0587  EKtot   =      9970.8359  EPtot      =    -79356.8946
 BOND   =     10613.4654  ANGLE   =         0.0000  DIHED      =        -0.0000
 1-4 NB =         0.0000  1-4 EEL =        -0.0000  VDWAALS    =     17847.1711
 EELEC  =   -107817.5311  EHBOND  =         0.0000  RESTRAINT  =         0.0000
 DV/DL  =       314.8991
 ------------------------------------------------------------------------------

 NMR restraints: Bond =    0.000   Angle =     0.000   Torsion =     0.000
===============================================================================
  Softcore part of the system:       7 atoms,       TEMP(K)    =         176.48
 SC_Etot=        25.1812  SC_EKtot=         3.6824  SC_EPtot   =        21.4988
 SC_BOND=         1.1635  SC_ANGLE=         4.4148  SC_DIHED   =         5.2629
 SC_14NB=         0.2740  SC_14EEL=        10.3836  SC_VDW     =         0.0000
 SC_EEL =         0.0000
 SC_RES_DIST=     0.0000  SC_RES_ANG=       0.0000  SC_RES_TORS=         0.0000
 SC_EEL_DER=    180.9594  SC_VDW_DER=     -28.3576  SC_DERIV   =       152.6019
 ------------------------------------------------------------------------------


      R M S  F L U C T U A T I O N S


 NSTEP =   200000   TIME(PS) =     200.000  TEMP(K) =    90.20  PRESS =     0.0
 Etot   =     12646.0283  EKtot   =      5605.3339  EPtot      =      7110.1212
 BOND   =      1708.4508  ANGLE   =         0.0000  DIHED      =         0.0000
 1-4 NB =         0.0000  1-4 EEL =         0.0000  VDWAALS    =      1952.1839
 EELEC  =      7453.0134  EHBOND  =         0.0000  RESTRAINT  =         0.0000
 DV/DL  =        23.7051
 ------------------------------------------------------------------------------

  Softcore part of the system:       7 atoms,       TEMP(K)    =         121.55
 SC_Etot=         3.9111  SC_EKtot=         2.5363  SC_EPtot   =         1.8787
 SC_BOND=         1.2154  SC_ANGLE=         0.9328  SC_DIHED   =         0.0703
 SC_14NB=         0.1305  SC_14EEL=         0.1297  SC_VDW     =         0.0000
 SC_EEL =         0.0000
 SC_RES_DIST=     0.0000  SC_RES_ANG=       0.0000  SC_RES_TORS=         0.0000
 SC_EEL_DER=     22.6917  SC_VDW_DER=       6.9794  SC_DERIV   =        17.5629
 ------------------------------------------------------------------------------


| TI region  2


      A V E R A G E S   O V E R      40 S T E P S


 NSTEP =   200000   TIME(PS) =     200.000  TEMP(K) =   160.44  PRESS =     0.0
 Etot   =    -69389.7411  EKtot   =      9967.1535  EPtot      =    -79356.8946
 BOND   =     10613.4654  ANGLE   =         0.0000  DIHED      =        -0.0000
 1-4 NB =         0.0000  1-4 EEL =        -0.0000  VDWAALS    =     17847.1711
 EELEC  =   -107817.5311  EHBOND  =         0.0000  RESTRAINT  =         0.0000
 DV/DL  =       314.8991
 ------------------------------------------------------------------------------

 NMR restraints: Bond =    0.000   Angle =     0.000   Torsion =     0.000
===============================================================================

      R M S  F L U C T U A T I O N S


 NSTEP =   200000   TIME(PS) =     200.000  TEMP(K) =    90.19  PRESS =     0.0
 Etot   =     12643.8218  EKtot   =      5603.0985  EPtot      =      7110.1212
 BOND   =      1708.4508  ANGLE   =         0.0000  DIHED      =         0.0000
 1-4 NB =         0.0000  1-4 EEL =         0.0000  VDWAALS    =      1952.1839
 EELEC  =      7453.0134  EHBOND  =         0.0000  RESTRAINT  =         0.0000
 DV/DL  =        23.7051
 ------------------------------------------------------------------------------


      DV/DL, AVERAGES OVER      40 STEPS


 NSTEP =   200000   TIME(PS) =     200.000  TEMP(K) =    90.19  PRESS =     0.0
 Etot   =         0.0000  EKtot   =         0.0000  EPtot      =       314.8991
 BOND   =         0.0000  ANGLE   =         0.0000  DIHED      =         0.0000
 1-4 NB =         0.0000  1-4 EEL =         0.0000  VDWAALS    =        -1.9357
 EELEC  =       164.2329  EHBOND  =         0.0000  RESTRAINT  =         0.0000
 DV/DL  =       314.8991
 ------------------------------------------------------------------------------


 NMR restraints on final step:

--------------------------------------------------------------------------------
   5.  TIMINGS
--------------------------------------------------------------------------------

|  NonSetup CPU Time in Major Routines:
|
|     Routine           Sec        %
|     ------------------------------
|     Nonbond         149.77   30.79
|     Bond              0.00    0.00
|     Angle             0.00    0.00
|     Dihedral          0.00    0.00
|     Shake             0.00    0.00
|     RunMD           336.07   69.09
|     Other             0.58    0.12
|     ------------------------------
|     Total           486.43

|  PME Nonbond Pairlist CPU Time:
|
|     Routine              Sec        %
|     ---------------------------------
|     Set Up Cit           0.00    0.00
|     Build List           0.00    0.00
|     ---------------------------------
|     Total                0.00    0.00

|  PME Direct Force CPU Time:
|
|     Routine              Sec        %
|     ---------------------------------
|     NonBonded Calc       0.00    0.00
|     Exclude Masked       0.00    0.00
|     Other                0.40    0.08
|     ---------------------------------
|     Total                0.40    0.08

|  PME Reciprocal Force CPU Time:
|
|     Routine              Sec        %
|     ---------------------------------
|     1D bspline           0.00    0.00
|     Grid Charges         0.00    0.00
|     Scalar Sum           0.00    0.00
|     Gradient Sum         0.00    0.00
|     FFT                  0.00    0.00
|     ---------------------------------
|     Total                0.00    0.00

|  Final Performance Info:
|     -----------------------------------------------------
|     Average timings for last       1 steps:
|     Elapsed(s) =       0.00 Per Step(ms) =       1.95
|         ns/day =      44.24   seconds/ns =    1952.88
|
|     Average timings for all steps:
|     Elapsed(s) =     487.66 Per Step(ms) =       2.44
|         ns/day =      35.43   seconds/ns =    2438.29
|     -----------------------------------------------------

|  Setup CPU time:            0.54 seconds
|  NonSetup CPU time:       486.43 seconds
|  Total CPU time:          486.96 seconds     0.14 hours

|  Setup wall time:           1    seconds
|  NonSetup wall time:      487    seconds
|  Total wall time:         488    seconds     0.14 hours
