
          -------------------------------------------------------
          Amber 18 PMEMD                              2018
          -------------------------------------------------------

| PMEMD implementation of SANDER, Release 18

| Run on 06/12/2020 at 12:27:57

|   Executable path: /opt/software/Amber/18-foss-2018b-AmberTools-19/bin/pmemd.cuda
| Working directory: /mnt/gs18/scratch/users/songlin3/run/1264_optimization/acetate/tip3p_TIP3P/0.56262
|          Hostname: lac-138

  [-O]verwriting output

File Assignments:
|   MDIN: heat.in                                                               
|  MDOUT: heat.out                                                              
| INPCRD: min.rst                                                               
|   PARM: step1.prmtop                                                          
| RESTRT: heat.rst                                                              
|   REFC: min.rst                                                               
|  MDVEL: mdvel                                                                 
|   MDEN: mden                                                                  
|  MDCRD: heat.netcdf                                                           
| MDINFO: heat.mdinfo                                                           
|  MDFRC: mdfrc                                                                 


 Here is the input file:

nvt for free MD                                                                
 &cntrl                                                                        
  imin=0,                                                                      
  irest=0,                                                                     
  ntx=1,                                                                       
  ig=-1,                                                                       
  nstlim=200000,                                                               
  dt=0.001,                                                                    
  cut=10.0,                                                                    
  ntc=1,                                                                       
  ntf=1,                                                                       
  ntb=1,                                                                       
  ntt=3,                                                                       
  gamma_ln=2.0,                                                                
  tempi=0.0,                                                                   
  temp0=300.0,                                                                 
  ntpr=5000,                                                                   
  ntwr=5000,                                                                   
  ntwx=10000,                                                                  
  ntwv=0,                                                                      
  ioutfm=1,                                                                    
  iwrap=0,                                                                     
  nmropt=1,                                                                    
  ifsc = 1, icfe=1,                                                            
  clambda=0.56262,                                                             
  timask1=':1', scmask1=':1', scmask2='',                                      
  timask2='',                                                                  
/                                                                              
&wt TYPE='TEMP0', istep1=0, istep2=190000, value1=0.0, value2=300.0 /          
&wt TYPE='TEMP0', istep1=190001, istep2=200000, value1=300.0, value2=300.0 /   
&wt TYPE='DUMPFREQ', istep1=10000, /                                           
&wt TYPE='END', /                                                              


Note: ig = -1. Setting random seed to   613859 based on wallclock time in 
      microseconds.
| irandom = 1, using AMBER's internal random number generator (default).
 
|--------------------- INFORMATION ----------------------
| GPU (CUDA) Version of PMEMD in use: NVIDIA GPU IN USE.
|                    Version 18.0.0
| 
|                      03/25/2018
| 
| Implementation by:
|                    Ross C. Walker     (SDSC)
|                    Scott Le Grand     (nVIDIA)
| 
| Version 18 performance extensions by:
|                    David Cerutti     (Rutgers)
| 
| Precision model in use:
|      [SPFP] - Single Precision Forces, 64-bit Fixed Point
|               Accumulation. (Default)
| 
|--------------------------------------------------------
 
|----------------- CITATION INFORMATION -----------------
|
|    When publishing work that utilized the CUDA version
|    of AMBER, please cite the following in addition to
|    the regular AMBER citations:
|
|  - Romelia Salomon-Ferrer; Andreas W. Goetz; Duncan
|    Poole; Scott Le Grand; Ross C. Walker "Routine
|    microsecond molecular dynamics simulations with
|    AMBER - Part II: Particle Mesh Ewald", J. Chem.
|    Theory Comput., 2013, 9 (9), pp3878-3888,
|    DOI: 10.1021/ct400314y.
|
|  - Andreas W. Goetz; Mark J. Williamson; Dong Xu;
|    Duncan Poole; Scott Le Grand; Ross C. Walker
|    "Routine microsecond molecular dynamics simulations
|    with AMBER - Part I: Generalized Born", J. Chem.
|    Theory Comput., 2012, 8 (5), pp1542-1555.
|
|  - Scott Le Grand; Andreas W. Goetz; Ross C. Walker
|    "SPFP: Speed without compromise - a mixed precision
|    model for GPU accelerated molecular dynamics
|    simulations.", Comp. Phys. Comm., 2013, 184
|    pp374-380, DOI: 10.1016/j.cpc.2012.09.022
|
|    When publishing work that utilized the CUDA version
|    of TI, BAR, MBAR or FEP please cite the following 
|    three publications in addition to the regular AMBER 
|    GPU citations:
|
|  - Daniel J. Mermelstein; Charles Lin; Gard Nelson; 
|    Rachael Kretsch; J. Andrew McCammon; Ross C. Walker
|    "Fast and Flexible GPU Accelerated Binding 
|    Free Energy Calculations within the AMBER Molecular
|    Dynamics Package" J. Comp. Chem., 2018,
|    DOI: 10.1002/jcc.25187
|
|  - Tai-Sung Lee; Yuan Hu; Brad Sherborne; Zhuyan Guo;
|    Darrin M. York
|    "Toward Fast and Accurate Binding Affinity Prediction with
|    pmemdGTI: An Efficient Implementation of GPU-Accelerated
|    Thermodynamic Integration"
|    J. Chem. Theory Comput., 2017, 13 (7), 3077
|
|
|--------------------------------------------------------
 
|------------------- GPU DEVICE INFO --------------------
|
|            CUDA_VISIBLE_DEVICES: 0
|   CUDA Capable Devices Detected:      1
|           CUDA Device ID in use:      0
|                CUDA Device Name: Tesla K80
|     CUDA Device Global Mem Size:  12206 MB
| CUDA Device Num Multiprocessors:     13
|           CUDA Device Core Freq:   0.82 GHz
|
|--------------------------------------------------------
 
 
| Conditional Compilation Defines Used:
| PUBFFT
| BINTRAJ
| CUDA
| EMIL

| Largest sphere to fit in unit cell has radius =    27.333

| New format PARM file being parsed.
| Version =    1.000 Date = 06/12/20 Time = 12:17:32

| Note: 1-4 EEL scale factors are being read from the topology file.

| Note: 1-4 VDW scale factors are being read from the topology file.
| Duplicated    0 dihedrals

| Duplicated    0 dihedrals

--------------------------------------------------------------------------------
   1.  RESOURCE   USE: 
--------------------------------------------------------------------------------

 getting box info from netcdf restart file
 NATOM  =   20848 NTYPES =       6 NBONH =   20844 MBONA  =       3
 NTHETH =       6 MTHETA =       3 NPHIH =      12 MPHIA  =       1
 NHPARM =       0 NPARM  =       0 NNB   =   27810 NRES   =    6948
 NBONA  =       3 NTHETA =       3 NPHIA =       1 NUMBND =       5
 NUMANG =       4 NPTRA  =       3 NATYP =       6 NPHB   =       1
 IFBOX  =       2 NMXRS  =       7 IFCAP =       0 NEXTRA =       0
 NCOPY  =       0

| Coordinate Index Table dimensions:    10   10   10
| Direct force subcell size =     6.6953    6.6953    6.6953

     BOX TYPE: TRUNCATED OCTAHEDRON

--------------------------------------------------------------------------------
   2.  CONTROL  DATA  FOR  THE  RUN
--------------------------------------------------------------------------------

default_name                                                                    

General flags:
     imin    =       0, nmropt  =       1

Nature and format of input:
     ntx     =       1, irest   =       0, ntrx    =       1

Nature and format of output:
     ntxo    =       2, ntpr    =    5000, ntrx    =       1, ntwr    =    5000
     iwrap   =       0, ntwx    =   10000, ntwv    =       0, ntwe    =       0
     ioutfm  =       1, ntwprt  =       0, idecomp =       0, rbornstat=      0

Potential function:
     ntf     =       1, ntb     =       1, igb     =       0, nsnb    =      25
     ipol    =       0, gbsa    =       0, iesp    =       0
     dielc   =   1.00000, cut     =  10.00000, intdiel =   1.00000

Frozen or restrained atoms:
     ibelly  =       0, ntr     =       0

Molecular dynamics:
     nstlim  =    200000, nscm    =      1000, nrespa  =         1
     t       =   0.00000, dt      =   0.00100, vlimit  =  -1.00000

Langevin dynamics temperature regulation:
     ig      =  613859
     temp0   = 300.00000, tempi   =   0.00000, gamma_ln=   2.00000

NMR refinement options:
     iscale  =       0, noeskp  =       1, ipnlty  =       1, mxsub   =       1
     scalm   = 100.00000, pencut  =   0.10000, tausw   =   0.10000

Free energy options:
     icfe    =       1, ifsc    =       1, klambda =       1
     clambda =  0.5626, scalpha =  0.5000, scbeta  = 12.0000
     sceeorder =       2
     dynlmb =  0.0000 logdvdl =       0

| Intermolecular bonds treatment:
|     no_intermolecular_bonds =       1

| Energy averages sample interval:
|     ene_avg_sampling =    5000

Ewald parameters:
     verbose =       0, ew_type =       0, nbflag  =       1, use_pme =       1
     vdwmeth =       1, eedmeth =       1, netfrc  =       1
     Box X =   66.953   Box Y =   66.953   Box Z =   66.953
     Alpha =  109.471   Beta  =  109.471   Gamma =  109.471
     NFFT1 =   64       NFFT2 =   64       NFFT3 =   64
     Cutoff=   10.000   Tol   =0.100E-04
     Ewald Coefficient =  0.27511
     Interpolation order =    4
     TI Mask 1 :1; matches      7 atoms
     TI Mask 2  matches      0 atoms
     TI region 1:   20848 atoms
     TI region 2:   20841 atoms
     SC Mask 1 :1; matches      7 atoms

--------------------------------------------------------------------------------
   3.  ATOMIC COORDINATES AND VELOCITIES
--------------------------------------------------------------------------------

default_name                                                                    
 begin time read from input coords =     0.000 ps



           Begin reading energy term weight changes/NMR restraints
 WEIGHT CHANGES:
 TEMP0         0 190000    0.000000  300.000000      0      0
 TEMP0    190001 200000  300.000000  300.000000      0      0
 DUMPFREQ  10000      0    0.000000    0.000000      0      0

 RESTRAINTS:
                          ** No restraint defined **

                  Done reading weight changes/NMR restraints


 
 Number of triangulated 3-point waters found:     6947
 Number of shake restraints removed in TI region  1 :        0
 Number of shake restraints removed in TI region  2 :        0

     Sum of charges for TI region  1 =  -0.99999900
     Assuming uniform neutralizing plasma


     Sum of charges for TI region  2 =   0.00000000
     Forcing neutrality...

| Dynamic Memory, Types Used:
| Reals              914983
| Integers           792606

| Nonbonded Pairs Initial Allocation:     6305998

| GPU memory information (estimate):
| KB of GPU memory in use:         0
| KB of CPU memory in use:         0

--------------------------------------------------------------------------------
   4.  RESULTS
--------------------------------------------------------------------------------

   DOF for the SC part  1 of the system:   21

| TI region  1


 NSTEP =        0   TIME(PS) =       0.000  TEMP(K) =     0.00  PRESS =     0.0
 Etot   =    -88396.4972  EKtot   =         0.0000  EPtot      =    -88396.4972
 BOND   =      7067.6158  ANGLE   =        -0.0000  DIHED      =        -0.0000
 1-4 NB =         0.0000  1-4 EEL =        -0.0000  VDWAALS    =     18710.5889
 EELEC  =   -114174.7019  EHBOND  =         0.0000  RESTRAINT  =         0.0000
 DV/DL  =        58.4561
 ------------------------------------------------------------------------------

  Softcore part of the system:       7 atoms,       TEMP(K)    =           0.00
 SC_Etot=        18.7687  SC_EKtot=         0.0000  SC_EPtot   =        18.7687
 SC_BOND=         0.0453  SC_ANGLE=         2.8203  SC_DIHED   =         5.2200
 SC_14NB=         0.2714  SC_14EEL=        10.4118  SC_VDW     =         0.0000
 SC_EEL =         0.0000
 SC_RES_DIST=     0.0000  SC_RES_ANG=       0.0000  SC_RES_TORS=         0.0000
 SC_EEL_DER=      4.0155  SC_VDW_DER=      -0.3005  SC_DERIV   =         3.7150
 ------------------------------------------------------------------------------


| TI region  2


 NSTEP =        0   TIME(PS) =       0.000  TEMP(K) =     0.00  PRESS =     0.0
 Etot   =    -88396.4972  EKtot   =         0.0000  EPtot      =    -88396.4972
 BOND   =      7067.6158  ANGLE   =        -0.0000  DIHED      =        -0.0000
 1-4 NB =         0.0000  1-4 EEL =        -0.0000  VDWAALS    =     18710.5889
 EELEC  =   -114174.7019  EHBOND  =         0.0000  RESTRAINT  =         0.0000
 DV/DL  =        58.4561
 ------------------------------------------------------------------------------

 NMR restraints: Bond =    0.000   Angle =     0.000   Torsion =     0.000
===============================================================================

| TI region  1


 NSTEP =     5000   TIME(PS) =       5.000  TEMP(K) =     7.42  PRESS =     0.0
 Etot   =    -88403.7868  EKtot   =       461.1073  EPtot      =    -88864.8941
 BOND   =      7408.0773  ANGLE   =         0.0000  DIHED      =        -0.0000
 1-4 NB =         0.0000  1-4 EEL =        -0.0000  VDWAALS    =     19515.1551
 EELEC  =   -115788.1265  EHBOND  =         0.0000  RESTRAINT  =         0.0000
 DV/DL  =        62.0275
 ------------------------------------------------------------------------------

  Softcore part of the system:       7 atoms,       TEMP(K)    =           5.74
 SC_Etot=        18.9426  SC_EKtot=         0.1198  SC_EPtot   =        18.8227
 SC_BOND=         0.0431  SC_ANGLE=         2.8155  SC_DIHED   =         5.2179
 SC_14NB=         0.3021  SC_14EEL=        10.4440  SC_VDW     =         0.0000
 SC_EEL =         0.0000
 SC_RES_DIST=     0.0000  SC_RES_ANG=       0.0000  SC_RES_TORS=         0.0000
 SC_EEL_DER=      4.6218  SC_VDW_DER=      -1.0529  SC_DERIV   =         3.5689
 ------------------------------------------------------------------------------


| TI region  2


 NSTEP =     5000   TIME(PS) =       5.000  TEMP(K) =     7.42  PRESS =     0.0
 Etot   =    -88403.9067  EKtot   =       460.9875  EPtot      =    -88864.8941
 BOND   =      7408.0773  ANGLE   =         0.0000  DIHED      =        -0.0000
 1-4 NB =         0.0000  1-4 EEL =        -0.0000  VDWAALS    =     19515.1551
 EELEC  =   -115788.1265  EHBOND  =         0.0000  RESTRAINT  =         0.0000
 DV/DL  =        62.0275
 ------------------------------------------------------------------------------

 NMR restraints: Bond =    0.000   Angle =     0.000   Torsion =     0.000
===============================================================================

| TI region  1


 NSTEP =    10000   TIME(PS) =      10.000  TEMP(K) =    15.18  PRESS =     0.0
 Etot   =    -87589.1699  EKtot   =       943.1528  EPtot      =    -88532.3227
 BOND   =      7641.6426  ANGLE   =        -0.0000  DIHED      =         0.0000
 1-4 NB =         0.0000  1-4 EEL =        -0.0000  VDWAALS    =     19640.2528
 EELEC  =   -115814.2181  EHBOND  =         0.0000  RESTRAINT  =         0.0000
 DV/DL  =        68.0428
 ------------------------------------------------------------------------------

  Softcore part of the system:       7 atoms,       TEMP(K)    =          13.73
 SC_Etot=        19.2980  SC_EKtot=         0.2865  SC_EPtot   =        19.0115
 SC_BOND=         0.0612  SC_ANGLE=         2.9929  SC_DIHED   =         5.2238
 SC_14NB=         0.2880  SC_14EEL=        10.4455  SC_VDW     =         0.0000
 SC_EEL =         0.0000
 SC_RES_DIST=     0.0000  SC_RES_ANG=       0.0000  SC_RES_TORS=         0.0000
 SC_EEL_DER=      5.1269  SC_VDW_DER=      -0.9857  SC_DERIV   =         4.1412
 ------------------------------------------------------------------------------


| TI region  2


 NSTEP =    10000   TIME(PS) =      10.000  TEMP(K) =    15.18  PRESS =     0.0
 Etot   =    -87589.4564  EKtot   =       942.8662  EPtot      =    -88532.3227
 BOND   =      7641.6426  ANGLE   =        -0.0000  DIHED      =         0.0000
 1-4 NB =         0.0000  1-4 EEL =        -0.0000  VDWAALS    =     19640.2528
 EELEC  =   -115814.2181  EHBOND  =         0.0000  RESTRAINT  =         0.0000
 DV/DL  =        68.0428
 ------------------------------------------------------------------------------

 NMR restraints: Bond =    0.000   Angle =     0.000   Torsion =     0.000
===============================================================================

| TI region  1


 NSTEP =    15000   TIME(PS) =      15.000  TEMP(K) =    23.05  PRESS =     0.0
 Etot   =    -86748.7013  EKtot   =      1432.1251  EPtot      =    -88180.8264
 BOND   =      7804.6788  ANGLE   =         0.0000  DIHED      =        -0.0000
 1-4 NB =         0.0000  1-4 EEL =         0.0000  VDWAALS    =     19657.6284
 EELEC  =   -115643.1337  EHBOND  =         0.0000  RESTRAINT  =         0.0000
 DV/DL  =        73.5870
 ------------------------------------------------------------------------------

  Softcore part of the system:       7 atoms,       TEMP(K)    =          19.01
 SC_Etot=        19.3446  SC_EKtot=         0.3966  SC_EPtot   =        18.9480
 SC_BOND=         0.1249  SC_ANGLE=         2.8951  SC_DIHED   =         5.2148
 SC_14NB=         0.3016  SC_14EEL=        10.4116  SC_VDW     =         0.0000
 SC_EEL =         0.0000
 SC_RES_DIST=     0.0000  SC_RES_ANG=       0.0000  SC_RES_TORS=         0.0000
 SC_EEL_DER=      5.9881  SC_VDW_DER=      -1.1482  SC_DERIV   =         4.8398
 ------------------------------------------------------------------------------


| TI region  2


 NSTEP =    15000   TIME(PS) =      15.000  TEMP(K) =    23.05  PRESS =     0.0
 Etot   =    -86749.0979  EKtot   =      1431.7285  EPtot      =    -88180.8264
 BOND   =      7804.6788  ANGLE   =         0.0000  DIHED      =        -0.0000
 1-4 NB =         0.0000  1-4 EEL =         0.0000  VDWAALS    =     19657.6284
 EELEC  =   -115643.1337  EHBOND  =         0.0000  RESTRAINT  =         0.0000
 DV/DL  =        73.5870
 ------------------------------------------------------------------------------

 NMR restraints: Bond =    0.000   Angle =     0.000   Torsion =     0.000
===============================================================================

| TI region  1


 NSTEP =    20000   TIME(PS) =      20.000  TEMP(K) =    31.00  PRESS =     0.0
 Etot   =    -85877.9890  EKtot   =      1926.6340  EPtot      =    -87804.6231
 BOND   =      7946.4657  ANGLE   =        -0.0000  DIHED      =        -0.0000
 1-4 NB =         0.0000  1-4 EEL =        -0.0000  VDWAALS    =     19599.1081
 EELEC  =   -115350.1969  EHBOND  =         0.0000  RESTRAINT  =         0.0000
 DV/DL  =        75.9149
 ------------------------------------------------------------------------------

  Softcore part of the system:       7 atoms,       TEMP(K)    =          15.94
 SC_Etot=        19.3328  SC_EKtot=         0.3326  SC_EPtot   =        19.0002
 SC_BOND=         0.1138  SC_ANGLE=         2.8857  SC_DIHED   =         5.2175
 SC_14NB=         0.3237  SC_14EEL=        10.4594  SC_VDW     =         0.0000
 SC_EEL =         0.0000
 SC_RES_DIST=     0.0000  SC_RES_ANG=       0.0000  SC_RES_TORS=         0.0000
 SC_EEL_DER=      5.0623  SC_VDW_DER=      -0.4127  SC_DERIV   =         4.6496
 ------------------------------------------------------------------------------


| TI region  2


 NSTEP =    20000   TIME(PS) =      20.000  TEMP(K) =    31.01  PRESS =     0.0
 Etot   =    -85878.3216  EKtot   =      1926.3015  EPtot      =    -87804.6231
 BOND   =      7946.4657  ANGLE   =        -0.0000  DIHED      =        -0.0000
 1-4 NB =         0.0000  1-4 EEL =        -0.0000  VDWAALS    =     19599.1081
 EELEC  =   -115350.1969  EHBOND  =         0.0000  RESTRAINT  =         0.0000
 DV/DL  =        75.9149
 ------------------------------------------------------------------------------

 NMR restraints: Bond =    0.000   Angle =     0.000   Torsion =     0.000
===============================================================================

| TI region  1


 NSTEP =    25000   TIME(PS) =      25.000  TEMP(K) =    38.62  PRESS =     0.0
 Etot   =    -85042.6580  EKtot   =      2400.0654  EPtot      =    -87442.7234
 BOND   =      8243.9627  ANGLE   =         0.0000  DIHED      =         0.0000
 1-4 NB =         0.0000  1-4 EEL =        -0.0000  VDWAALS    =     19720.7243
 EELEC  =   -115407.4105  EHBOND  =         0.0000  RESTRAINT  =         0.0000
 DV/DL  =        76.1843
 ------------------------------------------------------------------------------

  Softcore part of the system:       7 atoms,       TEMP(K)    =          43.27
 SC_Etot=        20.0167  SC_EKtot=         0.9028  SC_EPtot   =        19.1139
 SC_BOND=         0.2748  SC_ANGLE=         2.9585  SC_DIHED   =         5.2256
 SC_14NB=         0.2693  SC_14EEL=        10.3857  SC_VDW     =         0.0000
 SC_EEL =         0.0000
 SC_RES_DIST=     0.0000  SC_RES_ANG=       0.0000  SC_RES_TORS=         0.0000
 SC_EEL_DER=      5.5581  SC_VDW_DER=      -0.9862  SC_DERIV   =         4.5719
 ------------------------------------------------------------------------------


| TI region  2


 NSTEP =    25000   TIME(PS) =      25.000  TEMP(K) =    38.62  PRESS =     0.0
 Etot   =    -85043.5608  EKtot   =      2399.1627  EPtot      =    -87442.7234
 BOND   =      8243.9627  ANGLE   =         0.0000  DIHED      =         0.0000
 1-4 NB =         0.0000  1-4 EEL =        -0.0000  VDWAALS    =     19720.7243
 EELEC  =   -115407.4105  EHBOND  =         0.0000  RESTRAINT  =         0.0000
 DV/DL  =        76.1843
 ------------------------------------------------------------------------------

 NMR restraints: Bond =    0.000   Angle =     0.000   Torsion =     0.000
===============================================================================

| TI region  1


 NSTEP =    30000   TIME(PS) =      30.000  TEMP(K) =    46.55  PRESS =     0.0
 Etot   =    -84205.0391  EKtot   =      2893.0483  EPtot      =    -87098.0874
 BOND   =      8343.4093  ANGLE   =        -0.0000  DIHED      =         0.0000
 1-4 NB =         0.0000  1-4 EEL =         0.0000  VDWAALS    =     19711.1803
 EELEC  =   -115152.6770  EHBOND  =         0.0000  RESTRAINT  =         0.0000
 DV/DL  =        69.0598
 ------------------------------------------------------------------------------

  Softcore part of the system:       7 atoms,       TEMP(K)    =          38.24
 SC_Etot=        20.1574  SC_EKtot=         0.7979  SC_EPtot   =        19.3595
 SC_BOND=         0.2080  SC_ANGLE=         3.3007  SC_DIHED   =         5.2159
 SC_14NB=         0.2637  SC_14EEL=        10.3712  SC_VDW     =         0.0000
 SC_EEL =         0.0000
 SC_RES_DIST=     0.0000  SC_RES_ANG=       0.0000  SC_RES_TORS=         0.0000
 SC_EEL_DER=      5.0639  SC_VDW_DER=      -1.7094  SC_DERIV   =         3.3545
 ------------------------------------------------------------------------------


| TI region  2


 NSTEP =    30000   TIME(PS) =      30.000  TEMP(K) =    46.56  PRESS =     0.0
 Etot   =    -84205.8370  EKtot   =      2892.2504  EPtot      =    -87098.0874
 BOND   =      8343.4093  ANGLE   =        -0.0000  DIHED      =         0.0000
 1-4 NB =         0.0000  1-4 EEL =         0.0000  VDWAALS    =     19711.1803
 EELEC  =   -115152.6770  EHBOND  =         0.0000  RESTRAINT  =         0.0000
 DV/DL  =        69.0598
 ------------------------------------------------------------------------------

 NMR restraints: Bond =    0.000   Angle =     0.000   Torsion =     0.000
===============================================================================

| TI region  1


 NSTEP =    35000   TIME(PS) =      35.000  TEMP(K) =    54.22  PRESS =     0.0
 Etot   =    -83297.7389  EKtot   =      3369.3718  EPtot      =    -86667.1107
 BOND   =      8536.6879  ANGLE   =         0.0000  DIHED      =        -0.0000
 1-4 NB =         0.0000  1-4 EEL =         0.0000  VDWAALS    =     19617.8984
 EELEC  =   -114821.6970  EHBOND  =         0.0000  RESTRAINT  =         0.0000
 DV/DL  =        76.8551
 ------------------------------------------------------------------------------

  Softcore part of the system:       7 atoms,       TEMP(K)    =          44.21
 SC_Etot=        20.6601  SC_EKtot=         0.9226  SC_EPtot   =        19.7375
 SC_BOND=         0.2767  SC_ANGLE=         3.5644  SC_DIHED   =         5.2305
 SC_14NB=         0.2770  SC_14EEL=        10.3889  SC_VDW     =         0.0000
 SC_EEL =         0.0000
 SC_RES_DIST=     0.0000  SC_RES_ANG=       0.0000  SC_RES_TORS=         0.0000
 SC_EEL_DER=      6.6965  SC_VDW_DER=      -3.2160  SC_DERIV   =         3.4806
 ------------------------------------------------------------------------------


| TI region  2


 NSTEP =    35000   TIME(PS) =      35.000  TEMP(K) =    54.22  PRESS =     0.0
 Etot   =    -83298.6615  EKtot   =      3368.4493  EPtot      =    -86667.1107
 BOND   =      8536.6879  ANGLE   =         0.0000  DIHED      =        -0.0000
 1-4 NB =         0.0000  1-4 EEL =         0.0000  VDWAALS    =     19617.8984
 EELEC  =   -114821.6970  EHBOND  =         0.0000  RESTRAINT  =         0.0000
 DV/DL  =        76.8551
 ------------------------------------------------------------------------------

 NMR restraints: Bond =    0.000   Angle =     0.000   Torsion =     0.000
===============================================================================

| TI region  1


 NSTEP =    40000   TIME(PS) =      40.000  TEMP(K) =    62.59  PRESS =     0.0
 Etot   =    -82365.3289  EKtot   =      3889.4417  EPtot      =    -86254.7705
 BOND   =      8678.7751  ANGLE   =        -0.0000  DIHED      =        -0.0000
 1-4 NB =         0.0000  1-4 EEL =         0.0000  VDWAALS    =     19471.4080
 EELEC  =   -114404.9536  EHBOND  =         0.0000  RESTRAINT  =         0.0000
 DV/DL  =        71.6236
 ------------------------------------------------------------------------------

  Softcore part of the system:       7 atoms,       TEMP(K)    =          71.81
 SC_Etot=        21.2615  SC_EKtot=         1.4984  SC_EPtot   =        19.7631
 SC_BOND=         0.6140  SC_ANGLE=         3.1868  SC_DIHED   =         5.2200
 SC_14NB=         0.3032  SC_14EEL=        10.4390  SC_VDW     =         0.0000
 SC_EEL =         0.0000
 SC_RES_DIST=     0.0000  SC_RES_ANG=       0.0000  SC_RES_TORS=         0.0000
 SC_EEL_DER=      5.0726  SC_VDW_DER=      -1.3686  SC_DERIV   =         3.7040
 ------------------------------------------------------------------------------


| TI region  2


 NSTEP =    40000   TIME(PS) =      40.000  TEMP(K) =    62.59  PRESS =     0.0
 Etot   =    -82366.8273  EKtot   =      3887.9432  EPtot      =    -86254.7705
 BOND   =      8678.7751  ANGLE   =        -0.0000  DIHED      =        -0.0000
 1-4 NB =         0.0000  1-4 EEL =         0.0000  VDWAALS    =     19471.4080
 EELEC  =   -114404.9536  EHBOND  =         0.0000  RESTRAINT  =         0.0000
 DV/DL  =        71.6236
 ------------------------------------------------------------------------------

 NMR restraints: Bond =    0.000   Angle =     0.000   Torsion =     0.000
===============================================================================

| TI region  1


 NSTEP =    45000   TIME(PS) =      45.000  TEMP(K) =    70.00  PRESS =     0.0
 Etot   =    -81533.7107  EKtot   =      4349.9189  EPtot      =    -85883.6297
 BOND   =      8904.8509  ANGLE   =         0.0000  DIHED      =        -0.0000
 1-4 NB =         0.0000  1-4 EEL =         0.0000  VDWAALS    =     19475.0329
 EELEC  =   -114263.5135  EHBOND  =         0.0000  RESTRAINT  =         0.0000
 DV/DL  =        74.3324
 ------------------------------------------------------------------------------

  Softcore part of the system:       7 atoms,       TEMP(K)    =          56.96
 SC_Etot=        20.8440  SC_EKtot=         1.1884  SC_EPtot   =        19.6555
 SC_BOND=         0.3599  SC_ANGLE=         3.2706  SC_DIHED   =         5.2231
 SC_14NB=         0.3570  SC_14EEL=        10.4450  SC_VDW     =         0.0000
 SC_EEL =         0.0000
 SC_RES_DIST=     0.0000  SC_RES_ANG=       0.0000  SC_RES_TORS=         0.0000
 SC_EEL_DER=      6.6556  SC_VDW_DER=      -3.2518  SC_DERIV   =         3.4039
 ------------------------------------------------------------------------------


| TI region  2


 NSTEP =    45000   TIME(PS) =      45.000  TEMP(K) =    70.00  PRESS =     0.0
 Etot   =    -81534.8991  EKtot   =      4348.7305  EPtot      =    -85883.6297
 BOND   =      8904.8509  ANGLE   =         0.0000  DIHED      =        -0.0000
 1-4 NB =         0.0000  1-4 EEL =         0.0000  VDWAALS    =     19475.0329
 EELEC  =   -114263.5135  EHBOND  =         0.0000  RESTRAINT  =         0.0000
 DV/DL  =        74.3324
 ------------------------------------------------------------------------------

 NMR restraints: Bond =    0.000   Angle =     0.000   Torsion =     0.000
===============================================================================

| TI region  1


 NSTEP =    50000   TIME(PS) =      50.000  TEMP(K) =    79.07  PRESS =     0.0
 Etot   =    -80536.2856  EKtot   =      4913.5259  EPtot      =    -85449.8115
 BOND   =      8998.5655  ANGLE   =         0.0000  DIHED      =         0.0000
 1-4 NB =         0.0000  1-4 EEL =         0.0000  VDWAALS    =     19511.4335
 EELEC  =   -113959.8105  EHBOND  =         0.0000  RESTRAINT  =         0.0000
 DV/DL  =        69.7304
 ------------------------------------------------------------------------------

  Softcore part of the system:       7 atoms,       TEMP(K)    =          92.41
 SC_Etot=        21.7001  SC_EKtot=         1.9281  SC_EPtot   =        19.7720
 SC_BOND=         0.3075  SC_ANGLE=         3.2247  SC_DIHED   =         5.2321
 SC_14NB=         0.4327  SC_14EEL=        10.5751  SC_VDW     =         0.0000
 SC_EEL =         0.0000
 SC_RES_DIST=     0.0000  SC_RES_ANG=       0.0000  SC_RES_TORS=         0.0000
 SC_EEL_DER=      5.0914  SC_VDW_DER=      -1.4043  SC_DERIV   =         3.6871
 ------------------------------------------------------------------------------


| TI region  2


 NSTEP =    50000   TIME(PS) =      50.000  TEMP(K) =    79.06  PRESS =     0.0
 Etot   =    -80538.2137  EKtot   =      4911.5978  EPtot      =    -85449.8115
 BOND   =      8998.5655  ANGLE   =         0.0000  DIHED      =         0.0000
 1-4 NB =         0.0000  1-4 EEL =         0.0000  VDWAALS    =     19511.4335
 EELEC  =   -113959.8105  EHBOND  =         0.0000  RESTRAINT  =         0.0000
 DV/DL  =        69.7304
 ------------------------------------------------------------------------------

 NMR restraints: Bond =    0.000   Angle =     0.000   Torsion =     0.000
===============================================================================

| TI region  1


 NSTEP =    55000   TIME(PS) =      55.000  TEMP(K) =    85.93  PRESS =     0.0
 Etot   =    -79765.7774  EKtot   =      5339.7246  EPtot      =    -85105.5020
 BOND   =      9208.3206  ANGLE   =        -0.0000  DIHED      =        -0.0000
 1-4 NB =         0.0000  1-4 EEL =         0.0000  VDWAALS    =     19481.7073
 EELEC  =   -113795.5298  EHBOND  =         0.0000  RESTRAINT  =         0.0000
 DV/DL  =        71.3546
 ------------------------------------------------------------------------------

  Softcore part of the system:       7 atoms,       TEMP(K)    =         100.87
 SC_Etot=        22.3754  SC_EKtot=         2.1047  SC_EPtot   =        20.2707
 SC_BOND=         1.0898  SC_ANGLE=         3.1745  SC_DIHED   =         5.2346
 SC_14NB=         0.2959  SC_14EEL=        10.4760  SC_VDW     =         0.0000
 SC_EEL =         0.0000
 SC_RES_DIST=     0.0000  SC_RES_ANG=       0.0000  SC_RES_TORS=         0.0000
 SC_EEL_DER=      6.7320  SC_VDW_DER=      -3.4152  SC_DERIV   =         3.3168
 ------------------------------------------------------------------------------


| TI region  2


 NSTEP =    55000   TIME(PS) =      55.000  TEMP(K) =    85.92  PRESS =     0.0
 Etot   =    -79767.8821  EKtot   =      5337.6199  EPtot      =    -85105.5020
 BOND   =      9208.3206  ANGLE   =        -0.0000  DIHED      =        -0.0000
 1-4 NB =         0.0000  1-4 EEL =         0.0000  VDWAALS    =     19481.7073
 EELEC  =   -113795.5298  EHBOND  =         0.0000  RESTRAINT  =         0.0000
 DV/DL  =        71.3546
 ------------------------------------------------------------------------------

 NMR restraints: Bond =    0.000   Angle =     0.000   Torsion =     0.000
===============================================================================

| TI region  1


 NSTEP =    60000   TIME(PS) =      60.000  TEMP(K) =    93.76  PRESS =     0.0
 Etot   =    -78837.5658  EKtot   =      5826.2915  EPtot      =    -84663.8573
 BOND   =      9417.4041  ANGLE   =        -0.0000  DIHED      =        -0.0000
 1-4 NB =         0.0000  1-4 EEL =        -0.0000  VDWAALS    =     19434.4237
 EELEC  =   -113515.6850  EHBOND  =         0.0000  RESTRAINT  =         0.0000
 DV/DL  =        69.2513
 ------------------------------------------------------------------------------

  Softcore part of the system:       7 atoms,       TEMP(K)    =          52.42
 SC_Etot=        21.1823  SC_EKtot=         1.0937  SC_EPtot   =        20.0886
 SC_BOND=         0.4903  SC_ANGLE=         3.8251  SC_DIHED   =         5.2227
 SC_14NB=         0.2321  SC_14EEL=        10.3184  SC_VDW     =         0.0000
 SC_EEL =         0.0000
 SC_RES_DIST=     0.0000  SC_RES_ANG=       0.0000  SC_RES_TORS=         0.0000
 SC_EEL_DER=      6.8746  SC_VDW_DER=      -3.0072  SC_DERIV   =         3.8674
 ------------------------------------------------------------------------------


| TI region  2


 NSTEP =    60000   TIME(PS) =      60.000  TEMP(K) =    93.77  PRESS =     0.0
 Etot   =    -78838.6595  EKtot   =      5825.1978  EPtot      =    -84663.8573
 BOND   =      9417.4041  ANGLE   =        -0.0000  DIHED      =        -0.0000
 1-4 NB =         0.0000  1-4 EEL =        -0.0000  VDWAALS    =     19434.4237
 EELEC  =   -113515.6850  EHBOND  =         0.0000  RESTRAINT  =         0.0000
 DV/DL  =        69.2513
 ------------------------------------------------------------------------------

 NMR restraints: Bond =    0.000   Angle =     0.000   Torsion =     0.000
===============================================================================

| TI region  1


 NSTEP =    65000   TIME(PS) =      65.000  TEMP(K) =   101.97  PRESS =     0.0
 Etot   =    -77905.9652  EKtot   =      6336.8633  EPtot      =    -84242.8285
 BOND   =      9534.4028  ANGLE   =         0.0000  DIHED      =         0.0000
 1-4 NB =         0.0000  1-4 EEL =        -0.0000  VDWAALS    =     19296.9239
 EELEC  =   -113074.1553  EHBOND  =         0.0000  RESTRAINT  =         0.0000
 DV/DL  =        73.7649
 ------------------------------------------------------------------------------

  Softcore part of the system:       7 atoms,       TEMP(K)    =         155.93
 SC_Etot=        22.8536  SC_EKtot=         3.2535  SC_EPtot   =        19.6001
 SC_BOND=         0.3853  SC_ANGLE=         2.9771  SC_DIHED   =         5.2366
 SC_14NB=         0.4348  SC_14EEL=        10.5663  SC_VDW     =         0.0000
 SC_EEL =         0.0000
 SC_RES_DIST=     0.0000  SC_RES_ANG=       0.0000  SC_RES_TORS=         0.0000
 SC_EEL_DER=      5.0139  SC_VDW_DER=      -0.5912  SC_DERIV   =         4.4227
 ------------------------------------------------------------------------------


| TI region  2


 NSTEP =    65000   TIME(PS) =      65.000  TEMP(K) =   101.95  PRESS =     0.0
 Etot   =    -77909.2188  EKtot   =      6333.6098  EPtot      =    -84242.8285
 BOND   =      9534.4028  ANGLE   =         0.0000  DIHED      =         0.0000
 1-4 NB =         0.0000  1-4 EEL =        -0.0000  VDWAALS    =     19296.9239
 EELEC  =   -113074.1553  EHBOND  =         0.0000  RESTRAINT  =         0.0000
 DV/DL  =        73.7649
 ------------------------------------------------------------------------------

 NMR restraints: Bond =    0.000   Angle =     0.000   Torsion =     0.000
===============================================================================

| TI region  1


 NSTEP =    70000   TIME(PS) =      70.000  TEMP(K) =   109.86  PRESS =     0.0
 Etot   =    -76977.5862  EKtot   =      6827.0210  EPtot      =    -83804.6071
 BOND   =      9742.3111  ANGLE   =        -0.0000  DIHED      =         0.0000
 1-4 NB =         0.0000  1-4 EEL =        -0.0000  VDWAALS    =     19276.8352
 EELEC  =   -112823.7535  EHBOND  =         0.0000  RESTRAINT  =         0.0000
 DV/DL  =        70.1991
 ------------------------------------------------------------------------------

  Softcore part of the system:       7 atoms,       TEMP(K)    =         115.06
 SC_Etot=        22.1131  SC_EKtot=         2.4008  SC_EPtot   =        19.7123
 SC_BOND=         0.7933  SC_ANGLE=         3.1520  SC_DIHED   =         5.2246
 SC_14NB=         0.2068  SC_14EEL=        10.3356  SC_VDW     =         0.0000
 SC_EEL =         0.0000
 SC_RES_DIST=     0.0000  SC_RES_ANG=       0.0000  SC_RES_TORS=         0.0000
 SC_EEL_DER=      5.1132  SC_VDW_DER=      -1.7590  SC_DERIV   =         3.3543
 ------------------------------------------------------------------------------


| TI region  2


 NSTEP =    70000   TIME(PS) =      70.000  TEMP(K) =   109.86  PRESS =     0.0
 Etot   =    -76979.9869  EKtot   =      6824.6202  EPtot      =    -83804.6071
 BOND   =      9742.3111  ANGLE   =        -0.0000  DIHED      =         0.0000
 1-4 NB =         0.0000  1-4 EEL =        -0.0000  VDWAALS    =     19276.8352
 EELEC  =   -112823.7535  EHBOND  =         0.0000  RESTRAINT  =         0.0000
 DV/DL  =        70.1991
 ------------------------------------------------------------------------------

 NMR restraints: Bond =    0.000   Angle =     0.000   Torsion =     0.000
===============================================================================

| TI region  1


 NSTEP =    75000   TIME(PS) =      75.000  TEMP(K) =   118.22  PRESS =     0.0
 Etot   =    -76082.1200  EKtot   =      7346.7876  EPtot      =    -83428.9076
 BOND   =      9725.4672  ANGLE   =         0.0000  DIHED      =         0.0000
 1-4 NB =         0.0000  1-4 EEL =        -0.0000  VDWAALS    =     19205.6031
 EELEC  =   -112359.9779  EHBOND  =         0.0000  RESTRAINT  =         0.0000
 DV/DL  =        68.0921
 ------------------------------------------------------------------------------

  Softcore part of the system:       7 atoms,       TEMP(K)    =         212.97
 SC_Etot=        24.4397  SC_EKtot=         4.4437  SC_EPtot   =        19.9959
 SC_BOND=         0.6932  SC_ANGLE=         3.7391  SC_DIHED   =         5.2127
 SC_14NB=         0.1426  SC_14EEL=        10.2082  SC_VDW     =         0.0000
 SC_EEL =         0.0000
 SC_RES_DIST=     0.0000  SC_RES_ANG=       0.0000  SC_RES_TORS=         0.0000
 SC_EEL_DER=      6.7863  SC_VDW_DER=      -4.1987  SC_DERIV   =         2.5876
 ------------------------------------------------------------------------------


| TI region  2


 NSTEP =    75000   TIME(PS) =      75.000  TEMP(K) =   118.19  PRESS =     0.0
 Etot   =    -76086.5637  EKtot   =      7342.3439  EPtot      =    -83428.9076
 BOND   =      9725.4672  ANGLE   =         0.0000  DIHED      =         0.0000
 1-4 NB =         0.0000  1-4 EEL =        -0.0000  VDWAALS    =     19205.6031
 EELEC  =   -112359.9779  EHBOND  =         0.0000  RESTRAINT  =         0.0000
 DV/DL  =        68.0921
 ------------------------------------------------------------------------------

 NMR restraints: Bond =    0.000   Angle =     0.000   Torsion =     0.000
===============================================================================

| TI region  1


 NSTEP =    80000   TIME(PS) =      80.000  TEMP(K) =   125.62  PRESS =     0.0
 Etot   =    -75203.4525  EKtot   =      7806.2798  EPtot      =    -83009.7323
 BOND   =     10064.1383  ANGLE   =         0.0000  DIHED      =        -0.0000
 1-4 NB =         0.0000  1-4 EEL =         0.0000  VDWAALS    =     19155.7708
 EELEC  =   -112229.6414  EHBOND  =         0.0000  RESTRAINT  =         0.0000
 DV/DL  =        60.5974
 ------------------------------------------------------------------------------

  Softcore part of the system:       7 atoms,       TEMP(K)    =         126.07
 SC_Etot=        24.2954  SC_EKtot=         2.6304  SC_EPtot   =        21.6650
 SC_BOND=         1.0234  SC_ANGLE=         4.3120  SC_DIHED   =         5.4323
 SC_14NB=         0.3689  SC_14EEL=        10.5283  SC_VDW     =         0.0000
 SC_EEL =         0.0000
 SC_RES_DIST=     0.0000  SC_RES_ANG=       0.0000  SC_RES_TORS=         0.0000
 SC_EEL_DER=      4.8997  SC_VDW_DER=      -1.2533  SC_DERIV   =         3.6464
 ------------------------------------------------------------------------------


| TI region  2


 NSTEP =    80000   TIME(PS) =      80.000  TEMP(K) =   125.62  PRESS =     0.0
 Etot   =    -75206.0830  EKtot   =      7803.6494  EPtot      =    -83009.7323
 BOND   =     10064.1383  ANGLE   =         0.0000  DIHED      =        -0.0000
 1-4 NB =         0.0000  1-4 EEL =         0.0000  VDWAALS    =     19155.7708
 EELEC  =   -112229.6414  EHBOND  =         0.0000  RESTRAINT  =         0.0000
 DV/DL  =        60.5974
 ------------------------------------------------------------------------------

 NMR restraints: Bond =    0.000   Angle =     0.000   Torsion =     0.000
===============================================================================

| TI region  1


 NSTEP =    85000   TIME(PS) =      85.000  TEMP(K) =   134.19  PRESS =     0.0
 Etot   =    -74231.4254  EKtot   =      8339.1143  EPtot      =    -82570.5396
 BOND   =     10413.3005  ANGLE   =        -0.0000  DIHED      =        -0.0000
 1-4 NB =         0.0000  1-4 EEL =         0.0000  VDWAALS    =     19066.7717
 EELEC  =   -112050.6119  EHBOND  =         0.0000  RESTRAINT  =         0.0000
 DV/DL  =        54.9295
 ------------------------------------------------------------------------------

  Softcore part of the system:       7 atoms,       TEMP(K)    =          84.98
 SC_Etot=        22.7197  SC_EKtot=         1.7731  SC_EPtot   =        20.9466
 SC_BOND=         1.2181  SC_ANGLE=         4.1420  SC_DIHED   =         5.2420
 SC_14NB=         0.1136  SC_14EEL=        10.2311  SC_VDW     =         0.0000
 SC_EEL =         0.0000
 SC_RES_DIST=     0.0000  SC_RES_ANG=       0.0000  SC_RES_TORS=         0.0000
 SC_EEL_DER=      4.0920  SC_VDW_DER=      -1.2288  SC_DERIV   =         2.8632
 ------------------------------------------------------------------------------


| TI region  2


 NSTEP =    85000   TIME(PS) =      85.000  TEMP(K) =   134.21  PRESS =     0.0
 Etot   =    -74233.1985  EKtot   =      8337.3412  EPtot      =    -82570.5396
 BOND   =     10413.3005  ANGLE   =        -0.0000  DIHED      =        -0.0000
 1-4 NB =         0.0000  1-4 EEL =         0.0000  VDWAALS    =     19066.7717
 EELEC  =   -112050.6119  EHBOND  =         0.0000  RESTRAINT  =         0.0000
 DV/DL  =        54.9295
 ------------------------------------------------------------------------------

 NMR restraints: Bond =    0.000   Angle =     0.000   Torsion =     0.000
===============================================================================

| TI region  1


 NSTEP =    90000   TIME(PS) =      90.000  TEMP(K) =   141.87  PRESS =     0.0
 Etot   =    -73335.5541  EKtot   =      8816.4922  EPtot      =    -82152.0463
 BOND   =     10373.0496  ANGLE   =         0.0000  DIHED      =        -0.0000
 1-4 NB =         0.0000  1-4 EEL =        -0.0000  VDWAALS    =     18958.7931
 EELEC  =   -111483.8891  EHBOND  =         0.0000  RESTRAINT  =         0.0000
 DV/DL  =        66.2585
 ------------------------------------------------------------------------------

  Softcore part of the system:       7 atoms,       TEMP(K)    =         153.29
 SC_Etot=        23.4989  SC_EKtot=         3.1984  SC_EPtot   =        20.3005
 SC_BOND=         1.0013  SC_ANGLE=         3.3999  SC_DIHED   =         5.2204
 SC_14NB=         0.2500  SC_14EEL=        10.4289  SC_VDW     =         0.0000
 SC_EEL =         0.0000
 SC_RES_DIST=     0.0000  SC_RES_ANG=       0.0000  SC_RES_TORS=         0.0000
 SC_EEL_DER=      5.0221  SC_VDW_DER=      -0.8689  SC_DERIV   =         4.1532
 ------------------------------------------------------------------------------


| TI region  2


 NSTEP =    90000   TIME(PS) =      90.000  TEMP(K) =   141.87  PRESS =     0.0
 Etot   =    -73338.7526  EKtot   =      8813.2937  EPtot      =    -82152.0463
 BOND   =     10373.0496  ANGLE   =         0.0000  DIHED      =        -0.0000
 1-4 NB =         0.0000  1-4 EEL =        -0.0000  VDWAALS    =     18958.7931
 EELEC  =   -111483.8891  EHBOND  =         0.0000  RESTRAINT  =         0.0000
 DV/DL  =        66.2585
 ------------------------------------------------------------------------------

 NMR restraints: Bond =    0.000   Angle =     0.000   Torsion =     0.000
===============================================================================

| TI region  1


 NSTEP =    95000   TIME(PS) =      95.000  TEMP(K) =   149.79  PRESS =     0.0
 Etot   =    -72245.8409  EKtot   =      9308.2881  EPtot      =    -81554.1289
 BOND   =     10473.9699  ANGLE   =         0.0000  DIHED      =        -0.0000
 1-4 NB =         0.0000  1-4 EEL =         0.0000  VDWAALS    =     19049.2088
 EELEC  =   -111077.3076  EHBOND  =         0.0000  RESTRAINT  =         0.0000
 DV/DL  =        54.1308
 ------------------------------------------------------------------------------

  Softcore part of the system:       7 atoms,       TEMP(K)    =         183.45
 SC_Etot=        24.8822  SC_EKtot=         3.8278  SC_EPtot   =        21.0543
 SC_BOND=         1.3539  SC_ANGLE=         3.8821  SC_DIHED   =         5.3155
 SC_14NB=         0.2327  SC_14EEL=        10.2701  SC_VDW     =         0.0000
 SC_EEL =         0.0000
 SC_RES_DIST=     0.0000  SC_RES_ANG=       0.0000  SC_RES_TORS=         0.0000
 SC_EEL_DER=      3.9464  SC_VDW_DER=      -2.9789  SC_DERIV   =         0.9675
 ------------------------------------------------------------------------------


| TI region  2


 NSTEP =    95000   TIME(PS) =      95.000  TEMP(K) =   149.78  PRESS =     0.0
 Etot   =    -72249.6687  EKtot   =      9304.4602  EPtot      =    -81554.1289
 BOND   =     10473.9699  ANGLE   =         0.0000  DIHED      =        -0.0000
 1-4 NB =         0.0000  1-4 EEL =         0.0000  VDWAALS    =     19049.2088
 EELEC  =   -111077.3076  EHBOND  =         0.0000  RESTRAINT  =         0.0000
 DV/DL  =        54.1308
 ------------------------------------------------------------------------------

 NMR restraints: Bond =    0.000   Angle =     0.000   Torsion =     0.000
===============================================================================

| TI region  1


 NSTEP =   100000   TIME(PS) =     100.000  TEMP(K) =   157.60  PRESS =     0.0
 Etot   =    -71437.3833  EKtot   =      9794.0195  EPtot      =    -81231.4028
 BOND   =     10685.8324  ANGLE   =        -0.0000  DIHED      =        -0.0000
 1-4 NB =         0.0000  1-4 EEL =         0.0000  VDWAALS    =     18707.6832
 EELEC  =   -110624.9184  EHBOND  =         0.0000  RESTRAINT  =         0.0000
 DV/DL  =        63.7733
 ------------------------------------------------------------------------------

  Softcore part of the system:       7 atoms,       TEMP(K)    =         103.76
 SC_Etot=        23.8065  SC_EKtot=         2.1650  SC_EPtot   =        21.6414
 SC_BOND=         1.1904  SC_ANGLE=         4.4905  SC_DIHED   =         5.3395
 SC_14NB=         0.2352  SC_14EEL=        10.3859  SC_VDW     =         0.0000
 SC_EEL =         0.0000
 SC_RES_DIST=     0.0000  SC_RES_ANG=       0.0000  SC_RES_TORS=         0.0000
 SC_EEL_DER=      6.0509  SC_VDW_DER=      -2.0096  SC_DERIV   =         4.0414
 ------------------------------------------------------------------------------


| TI region  2


 NSTEP =   100000   TIME(PS) =     100.000  TEMP(K) =   157.62  PRESS =     0.0
 Etot   =    -71439.5483  EKtot   =      9791.8545  EPtot      =    -81231.4028
 BOND   =     10685.8324  ANGLE   =        -0.0000  DIHED      =        -0.0000
 1-4 NB =         0.0000  1-4 EEL =         0.0000  VDWAALS    =     18707.6832
 EELEC  =   -110624.9184  EHBOND  =         0.0000  RESTRAINT  =         0.0000
 DV/DL  =        63.7733
 ------------------------------------------------------------------------------

 NMR restraints: Bond =    0.000   Angle =     0.000   Torsion =     0.000
===============================================================================

| TI region  1


 NSTEP =   105000   TIME(PS) =     105.000  TEMP(K) =   166.13  PRESS =     0.0
 Etot   =    -70309.3897  EKtot   =     10323.8779  EPtot      =    -80633.2677
 BOND   =     10831.5525  ANGLE   =         0.0000  DIHED      =        -0.0000
 1-4 NB =         0.0000  1-4 EEL =        -0.0000  VDWAALS    =     18579.1820
 EELEC  =   -110044.0022  EHBOND  =         0.0000  RESTRAINT  =         0.0000
 DV/DL  =        69.8458
 ------------------------------------------------------------------------------

  Softcore part of the system:       7 atoms,       TEMP(K)    =         218.56
 SC_Etot=        24.2154  SC_EKtot=         4.5604  SC_EPtot   =        19.6550
 SC_BOND=         0.2260  SC_ANGLE=         3.5206  SC_DIHED   =         5.3221
 SC_14NB=         0.2142  SC_14EEL=        10.3722  SC_VDW     =         0.0000
 SC_EEL =         0.0000
 SC_RES_DIST=     0.0000  SC_RES_ANG=       0.0000  SC_RES_TORS=         0.0000
 SC_EEL_DER=      5.5773  SC_VDW_DER=      -2.5506  SC_DERIV   =         3.0267
 ------------------------------------------------------------------------------


| TI region  2


 NSTEP =   105000   TIME(PS) =     105.000  TEMP(K) =   166.11  PRESS =     0.0
 Etot   =    -70313.9501  EKtot   =     10319.3175  EPtot      =    -80633.2677
 BOND   =     10831.5525  ANGLE   =         0.0000  DIHED      =        -0.0000
 1-4 NB =         0.0000  1-4 EEL =        -0.0000  VDWAALS    =     18579.1820
 EELEC  =   -110044.0022  EHBOND  =         0.0000  RESTRAINT  =         0.0000
 DV/DL  =        69.8458
 ------------------------------------------------------------------------------

 NMR restraints: Bond =    0.000   Angle =     0.000   Torsion =     0.000
===============================================================================

| TI region  1


 NSTEP =   110000   TIME(PS) =     110.000  TEMP(K) =   170.97  PRESS =     0.0
 Etot   =    -69472.3128  EKtot   =     10624.7529  EPtot      =    -80097.0657
 BOND   =     11120.8386  ANGLE   =        -0.0000  DIHED      =        -0.0000
 1-4 NB =         0.0000  1-4 EEL =         0.0000  VDWAALS    =     18504.3483
 EELEC  =   -109722.2527  EHBOND  =         0.0000  RESTRAINT  =         0.0000
 DV/DL  =        54.9860
 ------------------------------------------------------------------------------

  Softcore part of the system:       7 atoms,       TEMP(K)    =         279.98
 SC_Etot=        26.3891  SC_EKtot=         5.8419  SC_EPtot   =        20.5472
 SC_BOND=         0.8854  SC_ANGLE=         3.5448  SC_DIHED   =         5.2230
 SC_14NB=         0.3552  SC_14EEL=        10.5388  SC_VDW     =         0.0000
 SC_EEL =         0.0000
 SC_RES_DIST=     0.0000  SC_RES_ANG=       0.0000  SC_RES_TORS=         0.0000
 SC_EEL_DER=      5.7336  SC_VDW_DER=      -3.4248  SC_DERIV   =         2.3087
 ------------------------------------------------------------------------------


| TI region  2


 NSTEP =   110000   TIME(PS) =     110.000  TEMP(K) =   170.93  PRESS =     0.0
 Etot   =    -69478.1547  EKtot   =     10618.9110  EPtot      =    -80097.0657
 BOND   =     11120.8386  ANGLE   =        -0.0000  DIHED      =        -0.0000
 1-4 NB =         0.0000  1-4 EEL =         0.0000  VDWAALS    =     18504.3483
 EELEC  =   -109722.2527  EHBOND  =         0.0000  RESTRAINT  =         0.0000
 DV/DL  =        54.9860
 ------------------------------------------------------------------------------

 NMR restraints: Bond =    0.000   Angle =     0.000   Torsion =     0.000
===============================================================================

| TI region  1


 NSTEP =   115000   TIME(PS) =     115.000  TEMP(K) =   180.80  PRESS =     0.0
 Etot   =    -68304.8708  EKtot   =     11235.7715  EPtot      =    -79540.6423
 BOND   =     11278.0013  ANGLE   =         0.0000  DIHED      =         0.0000
 1-4 NB =         0.0000  1-4 EEL =         0.0000  VDWAALS    =     18129.5675
 EELEC  =   -108948.2111  EHBOND  =         0.0000  RESTRAINT  =         0.0000
 DV/DL  =        48.5905
 ------------------------------------------------------------------------------

  Softcore part of the system:       7 atoms,       TEMP(K)    =         162.62
 SC_Etot=        26.0445  SC_EKtot=         3.3932  SC_EPtot   =        22.6514
 SC_BOND=         2.8349  SC_ANGLE=         3.9665  SC_DIHED   =         5.2094
 SC_14NB=         0.2376  SC_14EEL=        10.4030  SC_VDW     =         0.0000
 SC_EEL =         0.0000
 SC_RES_DIST=     0.0000  SC_RES_ANG=       0.0000  SC_RES_TORS=         0.0000
 SC_EEL_DER=      5.0112  SC_VDW_DER=      -3.2556  SC_DERIV   =         1.7557
 ------------------------------------------------------------------------------


| TI region  2


 NSTEP =   115000   TIME(PS) =     115.000  TEMP(K) =   180.81  PRESS =     0.0
 Etot   =    -68308.2640  EKtot   =     11232.3783  EPtot      =    -79540.6423
 BOND   =     11278.0013  ANGLE   =         0.0000  DIHED      =         0.0000
 1-4 NB =         0.0000  1-4 EEL =         0.0000  VDWAALS    =     18129.5675
 EELEC  =   -108948.2111  EHBOND  =         0.0000  RESTRAINT  =         0.0000
 DV/DL  =        48.5905
 ------------------------------------------------------------------------------

 NMR restraints: Bond =    0.000   Angle =     0.000   Torsion =     0.000
===============================================================================

| TI region  1


 NSTEP =   120000   TIME(PS) =     120.000  TEMP(K) =   190.42  PRESS =     0.0
 Etot   =    -67010.4172  EKtot   =     11833.0977  EPtot      =    -78843.5149
 BOND   =     11376.0436  ANGLE   =        -0.0000  DIHED      =         0.0000
 1-4 NB =         0.0000  1-4 EEL =        -0.0000  VDWAALS    =     18425.6499
 EELEC  =   -108645.2084  EHBOND  =         0.0000  RESTRAINT  =         0.0000
 DV/DL  =        66.6276
 ------------------------------------------------------------------------------

  Softcore part of the system:       7 atoms,       TEMP(K)    =         264.84
 SC_Etot=        29.6819  SC_EKtot=         5.5260  SC_EPtot   =        24.1559
 SC_BOND=         0.8041  SC_ANGLE=         7.2487  SC_DIHED   =         5.2124
 SC_14NB=         0.4116  SC_14EEL=        10.4791  SC_VDW     =         0.0000
 SC_EEL =         0.0000
 SC_RES_DIST=     0.0000  SC_RES_ANG=       0.0000  SC_RES_TORS=         0.0000
 SC_EEL_DER=      6.9326  SC_VDW_DER=      -3.6317  SC_DERIV   =         3.3009
 ------------------------------------------------------------------------------


| TI region  2


 NSTEP =   120000   TIME(PS) =     120.000  TEMP(K) =   190.39  PRESS =     0.0
 Etot   =    -67015.9432  EKtot   =     11827.5716  EPtot      =    -78843.5149
 BOND   =     11376.0436  ANGLE   =        -0.0000  DIHED      =         0.0000
 1-4 NB =         0.0000  1-4 EEL =        -0.0000  VDWAALS    =     18425.6499
 EELEC  =   -108645.2084  EHBOND  =         0.0000  RESTRAINT  =         0.0000
 DV/DL  =        66.6276
 ------------------------------------------------------------------------------

 NMR restraints: Bond =    0.000   Angle =     0.000   Torsion =     0.000
===============================================================================

| TI region  1


 NSTEP =   125000   TIME(PS) =     125.000  TEMP(K) =   197.00  PRESS =     0.0
 Etot   =    -66073.6474  EKtot   =     12242.2637  EPtot      =    -78315.9111
 BOND   =     11509.8724  ANGLE   =         0.0000  DIHED      =         0.0000
 1-4 NB =         0.0000  1-4 EEL =         0.0000  VDWAALS    =     18095.8452
 EELEC  =   -107921.6288  EHBOND  =         0.0000  RESTRAINT  =         0.0000
 DV/DL  =        66.5663
 ------------------------------------------------------------------------------

  Softcore part of the system:       7 atoms,       TEMP(K)    =         122.57
 SC_Etot=        23.5896  SC_EKtot=         2.5576  SC_EPtot   =        21.0320
 SC_BOND=         2.0311  SC_ANGLE=         3.3743  SC_DIHED   =         5.2218
 SC_14NB=         0.1920  SC_14EEL=        10.2128  SC_VDW     =         0.0000
 SC_EEL =         0.0000
 SC_RES_DIST=     0.0000  SC_RES_ANG=       0.0000  SC_RES_TORS=         0.0000
 SC_EEL_DER=      4.1033  SC_VDW_DER=      -1.6030  SC_DERIV   =         2.5003
 ------------------------------------------------------------------------------


| TI region  2


 NSTEP =   125000   TIME(PS) =     125.000  TEMP(K) =   197.03  PRESS =     0.0
 Etot   =    -66076.2050  EKtot   =     12239.7061  EPtot      =    -78315.9111
 BOND   =     11509.8724  ANGLE   =         0.0000  DIHED      =         0.0000
 1-4 NB =         0.0000  1-4 EEL =         0.0000  VDWAALS    =     18095.8452
 EELEC  =   -107921.6288  EHBOND  =         0.0000  RESTRAINT  =         0.0000
 DV/DL  =        66.5663
 ------------------------------------------------------------------------------

 NMR restraints: Bond =    0.000   Angle =     0.000   Torsion =     0.000
===============================================================================

| TI region  1


 NSTEP =   130000   TIME(PS) =     130.000  TEMP(K) =   204.72  PRESS =     0.0
 Etot   =    -64936.0237  EKtot   =     12722.1084  EPtot      =    -77658.1321
 BOND   =     11656.2634  ANGLE   =         0.0000  DIHED      =         0.0000
 1-4 NB =         0.0000  1-4 EEL =         0.0000  VDWAALS    =     17707.8106
 EELEC  =   -107022.2061  EHBOND  =         0.0000  RESTRAINT  =         0.0000
 DV/DL  =        66.6896
 ------------------------------------------------------------------------------

  Softcore part of the system:       7 atoms,       TEMP(K)    =         242.37
 SC_Etot=        26.9077  SC_EKtot=         5.0572  SC_EPtot   =        21.8504
 SC_BOND=         1.8026  SC_ANGLE=         4.1643  SC_DIHED   =         5.2398
 SC_14NB=         0.3044  SC_14EEL=        10.3393  SC_VDW     =         0.0000
 SC_EEL =         0.0000
 SC_RES_DIST=     0.0000  SC_RES_ANG=       0.0000  SC_RES_TORS=         0.0000
 SC_EEL_DER=      5.4978  SC_VDW_DER=      -6.9050  SC_DERIV   =        -1.4071
 ------------------------------------------------------------------------------


| TI region  2


 NSTEP =   130000   TIME(PS) =     130.000  TEMP(K) =   204.71  PRESS =     0.0
 Etot   =    -64941.0809  EKtot   =     12717.0512  EPtot      =    -77658.1321
 BOND   =     11656.2634  ANGLE   =         0.0000  DIHED      =         0.0000
 1-4 NB =         0.0000  1-4 EEL =         0.0000  VDWAALS    =     17707.8106
 EELEC  =   -107022.2061  EHBOND  =         0.0000  RESTRAINT  =         0.0000
 DV/DL  =        66.6896
 ------------------------------------------------------------------------------

 NMR restraints: Bond =    0.000   Angle =     0.000   Torsion =     0.000
===============================================================================

| TI region  1


 NSTEP =   135000   TIME(PS) =     135.000  TEMP(K) =   211.37  PRESS =     0.0
 Etot   =    -63867.2855  EKtot   =     13134.9912  EPtot      =    -77002.2767
 BOND   =     11849.5113  ANGLE   =         0.0000  DIHED      =        -0.0000
 1-4 NB =         0.0000  1-4 EEL =        -0.0000  VDWAALS    =     17579.4316
 EELEC  =   -106431.2197  EHBOND  =         0.0000  RESTRAINT  =         0.0000
 DV/DL  =        60.3344
 ------------------------------------------------------------------------------

  Softcore part of the system:       7 atoms,       TEMP(K)    =         115.69
 SC_Etot=        23.9020  SC_EKtot=         2.4140  SC_EPtot   =        21.4880
 SC_BOND=         1.3512  SC_ANGLE=         4.2650  SC_DIHED   =         5.2203
 SC_14NB=         0.2189  SC_14EEL=        10.4325  SC_VDW     =         0.0000
 SC_EEL =         0.0000
 SC_RES_DIST=     0.0000  SC_RES_ANG=       0.0000  SC_RES_TORS=         0.0000
 SC_EEL_DER=      7.2041  SC_VDW_DER=     -11.4906  SC_DERIV   =        -4.2865
 ------------------------------------------------------------------------------


| TI region  2


 NSTEP =   135000   TIME(PS) =     135.000  TEMP(K) =   211.40  PRESS =     0.0
 Etot   =    -63869.6995  EKtot   =     13132.5772  EPtot      =    -77002.2767
 BOND   =     11849.5113  ANGLE   =         0.0000  DIHED      =        -0.0000
 1-4 NB =         0.0000  1-4 EEL =        -0.0000  VDWAALS    =     17579.4316
 EELEC  =   -106431.2197  EHBOND  =         0.0000  RESTRAINT  =         0.0000
 DV/DL  =        60.3344
 ------------------------------------------------------------------------------

 NMR restraints: Bond =    0.000   Angle =     0.000   Torsion =     0.000
===============================================================================

| TI region  1


 NSTEP =   140000   TIME(PS) =     140.000  TEMP(K) =   221.29  PRESS =     0.0
 Etot   =    -62532.5884  EKtot   =     13751.5674  EPtot      =    -76284.1558
 BOND   =     11783.7858  ANGLE   =         0.0000  DIHED      =        -0.0000
 1-4 NB =         0.0000  1-4 EEL =         0.0000  VDWAALS    =     17182.3223
 EELEC  =   -105250.2639  EHBOND  =         0.0000  RESTRAINT  =         0.0000
 DV/DL  =        67.9062
 ------------------------------------------------------------------------------

  Softcore part of the system:       7 atoms,       TEMP(K)    =         404.04
 SC_Etot=        30.4401  SC_EKtot=         8.4306  SC_EPtot   =        22.0096
 SC_BOND=         2.3492  SC_ANGLE=         3.9325  SC_DIHED   =         5.2203
 SC_14NB=         0.1927  SC_14EEL=        10.3150  SC_VDW     =         0.0000
 SC_EEL =         0.0000
 SC_RES_DIST=     0.0000  SC_RES_ANG=       0.0000  SC_RES_TORS=         0.0000
 SC_EEL_DER=      4.2996  SC_VDW_DER=      -4.3037  SC_DERIV   =        -0.0041
 ------------------------------------------------------------------------------


| TI region  2


 NSTEP =   140000   TIME(PS) =     140.000  TEMP(K) =   221.23  PRESS =     0.0
 Etot   =    -62541.0190  EKtot   =     13743.1368  EPtot      =    -76284.1558
 BOND   =     11783.7858  ANGLE   =         0.0000  DIHED      =        -0.0000
 1-4 NB =         0.0000  1-4 EEL =         0.0000  VDWAALS    =     17182.3223
 EELEC  =   -105250.2639  EHBOND  =         0.0000  RESTRAINT  =         0.0000
 DV/DL  =        67.9062
 ------------------------------------------------------------------------------

 NMR restraints: Bond =    0.000   Angle =     0.000   Torsion =     0.000
===============================================================================

| TI region  1


 NSTEP =   145000   TIME(PS) =     145.000  TEMP(K) =   226.80  PRESS =     0.0
 Etot   =    -61332.1892  EKtot   =     14093.9004  EPtot      =    -75426.0896
 BOND   =     12008.0236  ANGLE   =        -0.0000  DIHED      =        -0.0000
 1-4 NB =         0.0000  1-4 EEL =         0.0000  VDWAALS    =     17162.9374
 EELEC  =   -104597.0506  EHBOND  =         0.0000  RESTRAINT  =         0.0000
 DV/DL  =        62.4649
 ------------------------------------------------------------------------------

  Softcore part of the system:       7 atoms,       TEMP(K)    =         260.72
 SC_Etot=        27.1132  SC_EKtot=         5.4400  SC_EPtot   =        21.6732
 SC_BOND=         0.4282  SC_ANGLE=         5.0653  SC_DIHED   =         5.2916
 SC_14NB=         0.3864  SC_14EEL=        10.5016  SC_VDW     =         0.0000
 SC_EEL =         0.0000
 SC_RES_DIST=     0.0000  SC_RES_ANG=       0.0000  SC_RES_TORS=         0.0000
 SC_EEL_DER=      3.2287  SC_VDW_DER=      -2.6028  SC_DERIV   =         0.6259
 ------------------------------------------------------------------------------


| TI region  2


 NSTEP =   145000   TIME(PS) =     145.000  TEMP(K) =   226.78  PRESS =     0.0
 Etot   =    -61337.6293  EKtot   =     14088.4604  EPtot      =    -75426.0896
 BOND   =     12008.0236  ANGLE   =        -0.0000  DIHED      =        -0.0000
 1-4 NB =         0.0000  1-4 EEL =         0.0000  VDWAALS    =     17162.9374
 EELEC  =   -104597.0506  EHBOND  =         0.0000  RESTRAINT  =         0.0000
 DV/DL  =        62.4649
 ------------------------------------------------------------------------------

 NMR restraints: Bond =    0.000   Angle =     0.000   Torsion =     0.000
===============================================================================

| TI region  1


 NSTEP =   150000   TIME(PS) =     150.000  TEMP(K) =   237.28  PRESS =     0.0
 Etot   =    -59787.7305  EKtot   =     14745.6377  EPtot      =    -74533.3682
 BOND   =     11998.0687  ANGLE   =        -0.0000  DIHED      =         0.0000
 1-4 NB =         0.0000  1-4 EEL =        -0.0000  VDWAALS    =     16748.7406
 EELEC  =   -103280.1775  EHBOND  =         0.0000  RESTRAINT  =         0.0000
 DV/DL  =        75.0403
 ------------------------------------------------------------------------------

  Softcore part of the system:       7 atoms,       TEMP(K)    =         255.54
 SC_Etot=        27.0624  SC_EKtot=         5.3319  SC_EPtot   =        21.7304
 SC_BOND=         1.1760  SC_ANGLE=         4.7907  SC_DIHED   =         5.2541
 SC_14NB=         0.1714  SC_14EEL=        10.3382  SC_VDW     =         0.0000
 SC_EEL =         0.0000
 SC_RES_DIST=     0.0000  SC_RES_ANG=       0.0000  SC_RES_TORS=         0.0000
 SC_EEL_DER=      6.0059  SC_VDW_DER=      -1.7259  SC_DERIV   =         4.2800
 ------------------------------------------------------------------------------


| TI region  2


 NSTEP =   150000   TIME(PS) =     150.000  TEMP(K) =   237.28  PRESS =     0.0
 Etot   =    -59793.0624  EKtot   =     14740.3058  EPtot      =    -74533.3682
 BOND   =     11998.0687  ANGLE   =        -0.0000  DIHED      =         0.0000
 1-4 NB =         0.0000  1-4 EEL =        -0.0000  VDWAALS    =     16748.7406
 EELEC  =   -103280.1775  EHBOND  =         0.0000  RESTRAINT  =         0.0000
 DV/DL  =        75.0403
 ------------------------------------------------------------------------------

 NMR restraints: Bond =    0.000   Angle =     0.000   Torsion =     0.000
===============================================================================

| TI region  1


 NSTEP =   155000   TIME(PS) =     155.000  TEMP(K) =   243.43  PRESS =     0.0
 Etot   =    -58352.4537  EKtot   =     15127.5742  EPtot      =    -73480.0279
 BOND   =     12277.8062  ANGLE   =        -0.0000  DIHED      =         0.0000
 1-4 NB =         0.0000  1-4 EEL =         0.0000  VDWAALS    =     16412.6285
 EELEC  =   -102170.4626  EHBOND  =         0.0000  RESTRAINT  =         0.0000
 DV/DL  =        44.8701
 ------------------------------------------------------------------------------

  Softcore part of the system:       7 atoms,       TEMP(K)    =         189.02
 SC_Etot=        28.5443  SC_EKtot=         3.9441  SC_EPtot   =        24.6002
 SC_BOND=         1.5312  SC_ANGLE=         5.9275  SC_DIHED   =         5.3648
 SC_14NB=         1.0470  SC_14EEL=        10.7296  SC_VDW     =         0.0000
 SC_EEL =         0.0000
 SC_RES_DIST=     0.0000  SC_RES_ANG=       0.0000  SC_RES_TORS=         0.0000
 SC_EEL_DER=      4.5697  SC_VDW_DER=      -9.9544  SC_DERIV   =        -5.3848
 ------------------------------------------------------------------------------


| TI region  2


 NSTEP =   155000   TIME(PS) =     155.000  TEMP(K) =   243.45  PRESS =     0.0
 Etot   =    -58356.3978  EKtot   =     15123.6301  EPtot      =    -73480.0279
 BOND   =     12277.8062  ANGLE   =        -0.0000  DIHED      =         0.0000
 1-4 NB =         0.0000  1-4 EEL =         0.0000  VDWAALS    =     16412.6285
 EELEC  =   -102170.4626  EHBOND  =         0.0000  RESTRAINT  =         0.0000
 DV/DL  =        44.8701
 ------------------------------------------------------------------------------

 NMR restraints: Bond =    0.000   Angle =     0.000   Torsion =     0.000
===============================================================================

| TI region  1


 NSTEP =   160000   TIME(PS) =     160.000  TEMP(K) =   252.95  PRESS =     0.0
 Etot   =    -56822.7633  EKtot   =     15719.0703  EPtot      =    -72541.8336
 BOND   =     12617.1333  ANGLE   =        -0.0000  DIHED      =        -0.0000
 1-4 NB =         0.0000  1-4 EEL =        -0.0000  VDWAALS    =     16006.7074
 EELEC  =   -101165.6742  EHBOND  =         0.0000  RESTRAINT  =         0.0000
 DV/DL  =        39.0241
 ------------------------------------------------------------------------------

  Softcore part of the system:       7 atoms,       TEMP(K)    =         309.00
 SC_Etot=        27.1932  SC_EKtot=         6.4475  SC_EPtot   =        20.7457
 SC_BOND=         0.8057  SC_ANGLE=         3.8934  SC_DIHED   =         5.2184
 SC_14NB=         0.3513  SC_14EEL=        10.4770  SC_VDW     =         0.0000
 SC_EEL =         0.0000
 SC_RES_DIST=     0.0000  SC_RES_ANG=       0.0000  SC_RES_TORS=         0.0000
 SC_EEL_DER=      5.2660  SC_VDW_DER=     -11.5475  SC_DERIV   =        -6.2814
 ------------------------------------------------------------------------------


| TI region  2


 NSTEP =   160000   TIME(PS) =     160.000  TEMP(K) =   252.93  PRESS =     0.0
 Etot   =    -56829.2107  EKtot   =     15712.6228  EPtot      =    -72541.8336
 BOND   =     12617.1333  ANGLE   =        -0.0000  DIHED      =        -0.0000
 1-4 NB =         0.0000  1-4 EEL =        -0.0000  VDWAALS    =     16006.7074
 EELEC  =   -101165.6742  EHBOND  =         0.0000  RESTRAINT  =         0.0000
 DV/DL  =        39.0241
 ------------------------------------------------------------------------------

 NMR restraints: Bond =    0.000   Angle =     0.000   Torsion =     0.000
===============================================================================

| TI region  1


 NSTEP =   165000   TIME(PS) =     165.000  TEMP(K) =   259.65  PRESS =     0.0
 Etot   =    -55181.2769  EKtot   =     16135.6201  EPtot      =    -71316.8970
 BOND   =     12604.5196  ANGLE   =        -0.0000  DIHED      =        -0.0000
 1-4 NB =         0.0000  1-4 EEL =         0.0000  VDWAALS    =     15558.8340
 EELEC  =    -99480.2506  EHBOND  =         0.0000  RESTRAINT  =         0.0000
 DV/DL  =        58.2354
 ------------------------------------------------------------------------------

  Softcore part of the system:       7 atoms,       TEMP(K)    =         218.30
 SC_Etot=        25.7672  SC_EKtot=         4.5549  SC_EPtot   =        21.2122
 SC_BOND=         1.2314  SC_ANGLE=         4.1103  SC_DIHED   =         5.2198
 SC_14NB=         0.3021  SC_14EEL=        10.3485  SC_VDW     =         0.0000
 SC_EEL =         0.0000
 SC_RES_DIST=     0.0000  SC_RES_ANG=       0.0000  SC_RES_TORS=         0.0000
 SC_EEL_DER=      7.3922  SC_VDW_DER=     -13.6038  SC_DERIV   =        -6.2116
 ------------------------------------------------------------------------------


| TI region  2


 NSTEP =   165000   TIME(PS) =     165.000  TEMP(K) =   259.67  PRESS =     0.0
 Etot   =    -55185.8318  EKtot   =     16131.0652  EPtot      =    -71316.8970
 BOND   =     12604.5196  ANGLE   =        -0.0000  DIHED      =        -0.0000
 1-4 NB =         0.0000  1-4 EEL =         0.0000  VDWAALS    =     15558.8340
 EELEC  =    -99480.2506  EHBOND  =         0.0000  RESTRAINT  =         0.0000
 DV/DL  =        58.2354
 ------------------------------------------------------------------------------

 NMR restraints: Bond =    0.000   Angle =     0.000   Torsion =     0.000
===============================================================================

| TI region  1


 NSTEP =   170000   TIME(PS) =     170.000  TEMP(K) =   270.38  PRESS =     0.0
 Etot   =    -53460.4332  EKtot   =     16802.3965  EPtot      =    -70262.8296
 BOND   =     12681.0731  ANGLE   =         0.0000  DIHED      =        -0.0000
 1-4 NB =         0.0000  1-4 EEL =        -0.0000  VDWAALS    =     15278.1496
 EELEC  =    -98222.0524  EHBOND  =         0.0000  RESTRAINT  =         0.0000
 DV/DL  =        46.0214
 ------------------------------------------------------------------------------

  Softcore part of the system:       7 atoms,       TEMP(K)    =         355.09
 SC_Etot=        32.7724  SC_EKtot=         7.4091  SC_EPtot   =        25.3633
 SC_BOND=         3.1443  SC_ANGLE=         6.1090  SC_DIHED   =         5.4886
 SC_14NB=         0.2570  SC_14EEL=        10.3644  SC_VDW     =         0.0000
 SC_EEL =         0.0000
 SC_RES_DIST=     0.0000  SC_RES_ANG=       0.0000  SC_RES_TORS=         0.0000
 SC_EEL_DER=      4.3684  SC_VDW_DER=      -5.4617  SC_DERIV   =        -1.0933
 ------------------------------------------------------------------------------


| TI region  2


 NSTEP =   170000   TIME(PS) =     170.000  TEMP(K) =   270.35  PRESS =     0.0
 Etot   =    -53467.8423  EKtot   =     16794.9873  EPtot      =    -70262.8296
 BOND   =     12681.0731  ANGLE   =         0.0000  DIHED      =        -0.0000
 1-4 NB =         0.0000  1-4 EEL =        -0.0000  VDWAALS    =     15278.1496
 EELEC  =    -98222.0524  EHBOND  =         0.0000  RESTRAINT  =         0.0000
 DV/DL  =        46.0214
 ------------------------------------------------------------------------------

 NMR restraints: Bond =    0.000   Angle =     0.000   Torsion =     0.000
===============================================================================

| TI region  1


 NSTEP =   175000   TIME(PS) =     175.000  TEMP(K) =   274.12  PRESS =     0.0
 Etot   =    -52026.5993  EKtot   =     17034.5840  EPtot      =    -69061.1833
 BOND   =     12820.8324  ANGLE   =         0.0000  DIHED      =        -0.0000
 1-4 NB =         0.0000  1-4 EEL =        -0.0000  VDWAALS    =     14985.4902
 EELEC  =    -96867.5059  EHBOND  =         0.0000  RESTRAINT  =         0.0000
 DV/DL  =        50.4775
 ------------------------------------------------------------------------------

  Softcore part of the system:       7 atoms,       TEMP(K)    =         354.31
 SC_Etot=        29.9979  SC_EKtot=         7.3929  SC_EPtot   =        22.6050
 SC_BOND=         2.5689  SC_ANGLE=         4.5236  SC_DIHED   =         5.2216
 SC_14NB=         0.0830  SC_14EEL=        10.2079  SC_VDW     =         0.0000
 SC_EEL =         0.0000
 SC_RES_DIST=     0.0000  SC_RES_ANG=       0.0000  SC_RES_TORS=         0.0000
 SC_EEL_DER=      4.3998  SC_VDW_DER=      -8.9010  SC_DERIV   =        -4.5012
 ------------------------------------------------------------------------------


| TI region  2


 NSTEP =   175000   TIME(PS) =     175.000  TEMP(K) =   274.09  PRESS =     0.0
 Etot   =    -52033.9922  EKtot   =     17027.1911  EPtot      =    -69061.1833
 BOND   =     12820.8324  ANGLE   =         0.0000  DIHED      =        -0.0000
 1-4 NB =         0.0000  1-4 EEL =        -0.0000  VDWAALS    =     14985.4902
 EELEC  =    -96867.5059  EHBOND  =         0.0000  RESTRAINT  =         0.0000
 DV/DL  =        50.4775
 ------------------------------------------------------------------------------

 NMR restraints: Bond =    0.000   Angle =     0.000   Torsion =     0.000
===============================================================================

| TI region  1


 NSTEP =   180000   TIME(PS) =     180.000  TEMP(K) =   283.83  PRESS =     0.0
 Etot   =    -50470.9235  EKtot   =     17638.4395  EPtot      =    -68109.3630
 BOND   =     12876.4909  ANGLE   =        -0.0000  DIHED      =        -0.0000
 1-4 NB =         0.0000  1-4 EEL =        -0.0000  VDWAALS    =     14584.4854
 EELEC  =    -95570.3393  EHBOND  =         0.0000  RESTRAINT  =         0.0000
 DV/DL  =        72.7405
 ------------------------------------------------------------------------------

  Softcore part of the system:       7 atoms,       TEMP(K)    =         362.09
 SC_Etot=        32.7510  SC_EKtot=         7.5552  SC_EPtot   =        25.1959
 SC_BOND=         2.4714  SC_ANGLE=         6.8147  SC_DIHED   =         5.4374
 SC_14NB=         0.2377  SC_14EEL=        10.2347  SC_VDW     =         0.0000
 SC_EEL =         0.0000
 SC_RES_DIST=     0.0000  SC_RES_ANG=       0.0000  SC_RES_TORS=         0.0000
 SC_EEL_DER=      5.0607  SC_VDW_DER=      -1.9681  SC_DERIV   =         3.0926
 ------------------------------------------------------------------------------


| TI region  2


 NSTEP =   180000   TIME(PS) =     180.000  TEMP(K) =   283.81  PRESS =     0.0
 Etot   =    -50478.4787  EKtot   =     17630.8843  EPtot      =    -68109.3630
 BOND   =     12876.4909  ANGLE   =        -0.0000  DIHED      =        -0.0000
 1-4 NB =         0.0000  1-4 EEL =        -0.0000  VDWAALS    =     14584.4854
 EELEC  =    -95570.3393  EHBOND  =         0.0000  RESTRAINT  =         0.0000
 DV/DL  =        72.7405
 ------------------------------------------------------------------------------

 NMR restraints: Bond =    0.000   Angle =     0.000   Torsion =     0.000
===============================================================================

| TI region  1


 NSTEP =   185000   TIME(PS) =     185.000  TEMP(K) =   292.08  PRESS =     0.0
 Etot   =    -48735.2105  EKtot   =     18151.0371  EPtot      =    -66886.2476
 BOND   =     12725.7900  ANGLE   =         0.0000  DIHED      =         0.0000
 1-4 NB =         0.0000  1-4 EEL =        -0.0000  VDWAALS    =     14158.6341
 EELEC  =    -93770.6718  EHBOND  =         0.0000  RESTRAINT  =         0.0000
 DV/DL  =        71.1751
 ------------------------------------------------------------------------------

  Softcore part of the system:       7 atoms,       TEMP(K)    =         176.28
 SC_Etot=        26.1757  SC_EKtot=         3.6781  SC_EPtot   =        22.4975
 SC_BOND=         2.6667  SC_ANGLE=         4.4517  SC_DIHED   =         5.2610
 SC_14NB=         0.0332  SC_14EEL=        10.0849  SC_VDW     =         0.0000
 SC_EEL =         0.0000
 SC_RES_DIST=     0.0000  SC_RES_ANG=       0.0000  SC_RES_TORS=         0.0000
 SC_EEL_DER=      4.3738  SC_VDW_DER=      -0.9653  SC_DERIV   =         3.4085
 ------------------------------------------------------------------------------


| TI region  2


 NSTEP =   185000   TIME(PS) =     185.000  TEMP(K) =   292.12  PRESS =     0.0
 Etot   =    -48738.8887  EKtot   =     18147.3590  EPtot      =    -66886.2476
 BOND   =     12725.7900  ANGLE   =         0.0000  DIHED      =         0.0000
 1-4 NB =         0.0000  1-4 EEL =        -0.0000  VDWAALS    =     14158.6341
 EELEC  =    -93770.6718  EHBOND  =         0.0000  RESTRAINT  =         0.0000
 DV/DL  =        71.1751
 ------------------------------------------------------------------------------

 NMR restraints: Bond =    0.000   Angle =     0.000   Torsion =     0.000
===============================================================================

| TI region  1


 NSTEP =   190000   TIME(PS) =     190.000  TEMP(K) =   299.59  PRESS =     0.0
 Etot   =    -47411.5521  EKtot   =     18617.3145  EPtot      =    -66028.8665
 BOND   =     13008.1591  ANGLE   =        -0.0000  DIHED      =        -0.0000
 1-4 NB =         0.0000  1-4 EEL =         0.0000  VDWAALS    =     13729.8676
 EELEC  =    -92766.8932  EHBOND  =         0.0000  RESTRAINT  =         0.0000
 DV/DL  =        66.7970
 ------------------------------------------------------------------------------

  Softcore part of the system:       7 atoms,       TEMP(K)    =         341.64
 SC_Etot=        28.7645  SC_EKtot=         7.1286  SC_EPtot   =        21.6359
 SC_BOND=         1.4907  SC_ANGLE=         4.2903  SC_DIHED   =         5.3509
 SC_14NB=         0.1864  SC_14EEL=        10.3176  SC_VDW     =         0.0000
 SC_EEL =         0.0000
 SC_RES_DIST=     0.0000  SC_RES_ANG=       0.0000  SC_RES_TORS=         0.0000
 SC_EEL_DER=      5.2992  SC_VDW_DER=      -6.0514  SC_DERIV   =        -0.7522
 ------------------------------------------------------------------------------


| TI region  2


 NSTEP =   190000   TIME(PS) =     190.000  TEMP(K) =   299.57  PRESS =     0.0
 Etot   =    -47418.6807  EKtot   =     18610.1859  EPtot      =    -66028.8665
 BOND   =     13008.1591  ANGLE   =        -0.0000  DIHED      =        -0.0000
 1-4 NB =         0.0000  1-4 EEL =         0.0000  VDWAALS    =     13729.8676
 EELEC  =    -92766.8932  EHBOND  =         0.0000  RESTRAINT  =         0.0000
 DV/DL  =        66.7970
 ------------------------------------------------------------------------------

 NMR restraints: Bond =    0.000   Angle =     0.000   Torsion =     0.000
===============================================================================

| TI region  1


 NSTEP =   195000   TIME(PS) =     195.000  TEMP(K) =   297.54  PRESS =     0.0
 Etot   =    -47456.6265  EKtot   =     18489.9883  EPtot      =    -65946.6148
 BOND   =     12975.5675  ANGLE   =         0.0000  DIHED      =        -0.0000
 1-4 NB =         0.0000  1-4 EEL =        -0.0000  VDWAALS    =     13945.6371
 EELEC  =    -92867.8194  EHBOND  =         0.0000  RESTRAINT  =         0.0000
 DV/DL  =        76.5622
 ------------------------------------------------------------------------------

  Softcore part of the system:       7 atoms,       TEMP(K)    =         225.02
 SC_Etot=        27.4871  SC_EKtot=         4.6951  SC_EPtot   =        22.7920
 SC_BOND=         1.7594  SC_ANGLE=         4.7678  SC_DIHED   =         5.2248
 SC_14NB=         0.4669  SC_14EEL=        10.5731  SC_VDW     =         0.0000
 SC_EEL =         0.0000
 SC_RES_DIST=     0.0000  SC_RES_ANG=       0.0000  SC_RES_TORS=         0.0000
 SC_EEL_DER=      7.6610  SC_VDW_DER=      -4.2365  SC_DERIV   =         3.4244
 ------------------------------------------------------------------------------


| TI region  2


 NSTEP =   195000   TIME(PS) =     195.000  TEMP(K) =   297.56  PRESS =     0.0
 Etot   =    -47461.3216  EKtot   =     18485.2932  EPtot      =    -65946.6148
 BOND   =     12975.5675  ANGLE   =         0.0000  DIHED      =        -0.0000
 1-4 NB =         0.0000  1-4 EEL =        -0.0000  VDWAALS    =     13945.6371
 EELEC  =    -92867.8194  EHBOND  =         0.0000  RESTRAINT  =         0.0000
 DV/DL  =        76.5622
 ------------------------------------------------------------------------------

 NMR restraints: Bond =    0.000   Angle =     0.000   Torsion =     0.000
===============================================================================

| TI region  1


 NSTEP =   200000   TIME(PS) =     200.000  TEMP(K) =   299.60  PRESS =     0.0
 Etot   =    -47131.6928  EKtot   =     18618.4805  EPtot      =    -65750.1732
 BOND   =     13040.1479  ANGLE   =        -0.0000  DIHED      =         0.0000
 1-4 NB =         0.0000  1-4 EEL =         0.0000  VDWAALS    =     13644.0347
 EELEC  =    -92434.3559  EHBOND  =         0.0000  RESTRAINT  =         0.0000
 DV/DL  =        57.8556
 ------------------------------------------------------------------------------

  Softcore part of the system:       7 atoms,       TEMP(K)    =         322.35
 SC_Etot=        31.6356  SC_EKtot=         6.7261  SC_EPtot   =        24.9095
 SC_BOND=         1.4205  SC_ANGLE=         6.3788  SC_DIHED   =         5.3796
 SC_14NB=         1.0396  SC_14EEL=        10.6911  SC_VDW     =         0.0000
 SC_EEL =         0.0000
 SC_RES_DIST=     0.0000  SC_RES_ANG=       0.0000  SC_RES_TORS=         0.0000
 SC_EEL_DER=      5.0257  SC_VDW_DER=      -2.5868  SC_DERIV   =         2.4389
 ------------------------------------------------------------------------------


| TI region  2


 NSTEP =   200000   TIME(PS) =     200.000  TEMP(K) =   299.60  PRESS =     0.0
 Etot   =    -47138.4188  EKtot   =     18611.7544  EPtot      =    -65750.1732
 BOND   =     13040.1479  ANGLE   =        -0.0000  DIHED      =         0.0000
 1-4 NB =         0.0000  1-4 EEL =         0.0000  VDWAALS    =     13644.0347
 EELEC  =    -92434.3559  EHBOND  =         0.0000  RESTRAINT  =         0.0000
 DV/DL  =        57.8556
 ------------------------------------------------------------------------------

 NMR restraints: Bond =    0.000   Angle =     0.000   Torsion =     0.000
===============================================================================

| TI region  1


      A V E R A G E S   O V E R      40 S T E P S


 NSTEP =   200000   TIME(PS) =     200.000  TEMP(K) =   160.66  PRESS =     0.0
 Etot   =    -69307.4767  EKtot   =      9984.0437  EPtot      =    -79291.5203
 BOND   =     10629.6198  ANGLE   =        -0.0000  DIHED      =        -0.0000
 1-4 NB =         0.0000  1-4 EEL =        -0.0000  VDWAALS    =     17849.3462
 EELEC  =   -107770.4863  EHBOND  =         0.0000  RESTRAINT  =         0.0000
 DV/DL  =        64.8130
 ------------------------------------------------------------------------------

 NMR restraints: Bond =    0.000   Angle =     0.000   Torsion =     0.000
===============================================================================
  Softcore part of the system:       7 atoms,       TEMP(K)    =         171.75
 SC_Etot=        24.7540  SC_EKtot=         3.5837  SC_EPtot   =        21.1702
 SC_BOND=         1.1150  SC_ANGLE=         4.0832  SC_DIHED   =         5.2621
 SC_14NB=         0.3080  SC_14EEL=        10.4019  SC_VDW     =         0.0000
 SC_EEL =         0.0000
 SC_RES_DIST=     0.0000  SC_RES_ANG=       0.0000  SC_RES_TORS=         0.0000
 SC_EEL_DER=      5.4120  SC_VDW_DER=      -3.5904  SC_DERIV   =         1.8216
 ------------------------------------------------------------------------------


      R M S  F L U C T U A T I O N S


 NSTEP =   200000   TIME(PS) =     200.000  TEMP(K) =    90.20  PRESS =     0.0
 Etot   =     12624.1327  EKtot   =      5605.6382  EPtot      =      7088.8634
 BOND   =      1743.9262  ANGLE   =         0.0000  DIHED      =         0.0000
 1-4 NB =         0.0000  1-4 EEL =         0.0000  VDWAALS    =      1946.3994
 EELEC  =      7385.1759  EHBOND  =         0.0000  RESTRAINT  =         0.0000
 DV/DL  =         9.4607
 ------------------------------------------------------------------------------

  Softcore part of the system:       7 atoms,       TEMP(K)    =         111.84
 SC_Etot=         3.8215  SC_EKtot=         2.3336  SC_EPtot   =         1.7810
 SC_BOND=         0.8355  SC_ANGLE=         1.0909  SC_DIHED   =         0.0709
 SC_14NB=         0.1925  SC_14EEL=         0.1302  SC_VDW     =         0.0000
 SC_EEL =         0.0000
 SC_RES_DIST=     0.0000  SC_RES_ANG=       0.0000  SC_RES_TORS=         0.0000
 SC_EEL_DER=      1.0311  SC_VDW_DER=       3.2416  SC_DERIV   =         3.1087
 ------------------------------------------------------------------------------


| TI region  2


      A V E R A G E S   O V E R      40 S T E P S


 NSTEP =   200000   TIME(PS) =     200.000  TEMP(K) =   160.66  PRESS =     0.0
 Etot   =    -69311.0604  EKtot   =      9980.4599  EPtot      =    -79291.5203
 BOND   =     10629.6198  ANGLE   =        -0.0000  DIHED      =        -0.0000
 1-4 NB =         0.0000  1-4 EEL =        -0.0000  VDWAALS    =     17849.3462
 EELEC  =   -107770.4863  EHBOND  =         0.0000  RESTRAINT  =         0.0000
 DV/DL  =        64.8130
 ------------------------------------------------------------------------------

 NMR restraints: Bond =    0.000   Angle =     0.000   Torsion =     0.000
===============================================================================

      R M S  F L U C T U A T I O N S


 NSTEP =   200000   TIME(PS) =     200.000  TEMP(K) =    90.20  PRESS =     0.0
 Etot   =     12622.1767  EKtot   =      5603.6450  EPtot      =      7088.8634
 BOND   =      1743.9262  ANGLE   =         0.0000  DIHED      =         0.0000
 1-4 NB =         0.0000  1-4 EEL =         0.0000  VDWAALS    =      1946.3994
 EELEC  =      7385.1759  EHBOND  =         0.0000  RESTRAINT  =         0.0000
 DV/DL  =         9.4607
 ------------------------------------------------------------------------------


      DV/DL, AVERAGES OVER      40 STEPS


 NSTEP =   200000   TIME(PS) =     200.000  TEMP(K) =    90.20  PRESS =     0.0
 Etot   =         0.0000  EKtot   =         0.0000  EPtot      =        64.8130
 BOND   =         0.0000  ANGLE   =         0.0000  DIHED      =         0.0000
 1-4 NB =         0.0000  1-4 EEL =         0.0000  VDWAALS    =         5.0533
 EELEC  =        57.9381  EHBOND  =         0.0000  RESTRAINT  =         0.0000
 DV/DL  =        64.8130
 ------------------------------------------------------------------------------


 NMR restraints on final step:

--------------------------------------------------------------------------------
   5.  TIMINGS
--------------------------------------------------------------------------------

|  NonSetup CPU Time in Major Routines:
|
|     Routine           Sec        %
|     ------------------------------
|     Nonbond         146.97   30.70
|     Bond              0.00    0.00
|     Angle             0.00    0.00
|     Dihedral          0.00    0.00
|     Shake             0.00    0.00
|     RunMD           331.13   69.18
|     Other             0.55    0.11
|     ------------------------------
|     Total           478.65

|  PME Nonbond Pairlist CPU Time:
|
|     Routine              Sec        %
|     ---------------------------------
|     Set Up Cit           0.00    0.00
|     Build List           0.00    0.00
|     ---------------------------------
|     Total                0.00    0.00

|  PME Direct Force CPU Time:
|
|     Routine              Sec        %
|     ---------------------------------
|     NonBonded Calc       0.00    0.00
|     Exclude Masked       0.00    0.00
|     Other                0.37    0.08
|     ---------------------------------
|     Total                0.37    0.08

|  PME Reciprocal Force CPU Time:
|
|     Routine              Sec        %
|     ---------------------------------
|     1D bspline           0.00    0.00
|     Grid Charges         0.00    0.00
|     Scalar Sum           0.00    0.00
|     Gradient Sum         0.00    0.00
|     FFT                  0.00    0.00
|     ---------------------------------
|     Total                0.00    0.00

|  Final Performance Info:
|     -----------------------------------------------------
|     Average timings for last   10000 steps:
|     Elapsed(s) =      24.31 Per Step(ms) =       2.43
|         ns/day =      35.54   seconds/ns =    2431.20
|
|     Average timings for all steps:
|     Elapsed(s) =     478.81 Per Step(ms) =       2.39
|         ns/day =      36.09   seconds/ns =    2394.03
|     -----------------------------------------------------

|  Setup CPU time:            0.52 seconds
|  NonSetup CPU time:       478.65 seconds
|  Total CPU time:          479.17 seconds     0.13 hours

|  Setup wall time:           0    seconds
|  NonSetup wall time:      479    seconds
|  Total wall time:         479    seconds     0.13 hours
