
          -------------------------------------------------------
          Amber 18 PMEMD                              2018
          -------------------------------------------------------

| PMEMD implementation of SANDER, Release 18

| Run on 06/20/2020 at 04:34:50

|   Executable path: /opt/software/Amber/18-foss-2018b-AmberTools-19/bin/pmemd.cuda
| Working directory: /mnt/gs18/scratch/users/songlin3/run/1264_optimization/acetate/two_steps_spce/step1/0.88495
|          Hostname: csn-022

  [-O]verwriting output

File Assignments:
|   MDIN: heat.in                                                               
|  MDOUT: heat.out                                                              
| INPCRD: min.rst                                                               
|   PARM: step1.prmtop                                                          
| RESTRT: heat.rst                                                              
|   REFC: min.rst                                                               
|  MDVEL: mdvel                                                                 
|   MDEN: mden                                                                  
|  MDCRD: heat.netcdf                                                           
| MDINFO: heat.mdinfo                                                           
|  MDFRC: mdfrc                                                                 


 Here is the input file:

nvt for free MD                                                                
 &cntrl                                                                        
  imin=0,                                                                      
  irest=0,                                                                     
  ntx=1,                                                                       
  ig=-1,                                                                       
  nstlim=100000,                                                               
  dt=0.002,                                                                    
  cut=10.0,                                                                    
  ntc=2,                                                                       
  ntf=2,                                                                       
  ntb=1,                                                                       
  ntt=3,                                                                       
  gamma_ln=2.0,                                                                
  tempi=0.0,                                                                   
  temp0=300.0,                                                                 
  ntpr=5000,                                                                   
  ntwr=5000,                                                                   
  ntwx=10000,                                                                  
  ntwv=0,                                                                      
  ioutfm=1,                                                                    
  iwrap=0,                                                                     
  nmropt=1,                                                                    
  ifsc = 0, icfe=1,                                                            
  clambda=0.88495,                                                             
  timask1=':1',                                                                
  timask2=':2', crgmask = ':2',                                                
/                                                                              
&wt TYPE='TEMP0', istep1=0, istep2=90000, value1=0.0, value2=300.0 /           
&wt TYPE='TEMP0', istep1=90001, istep2=100000, value1=300.0, value2=300.0 /    
&wt TYPE='DUMPFREQ', istep1=10000, /                                           
&wt TYPE='END', /                                                              


Note: ig = -1. Setting random seed to   742985 based on wallclock time in 
      microseconds.
| irandom = 1, using AMBER's internal random number generator (default).
 
|--------------------- INFORMATION ----------------------
| GPU (CUDA) Version of PMEMD in use: NVIDIA GPU IN USE.
|                    Version 18.0.0
| 
|                      03/25/2018
| 
| Implementation by:
|                    Ross C. Walker     (SDSC)
|                    Scott Le Grand     (nVIDIA)
| 
| Version 18 performance extensions by:
|                    David Cerutti     (Rutgers)
| 
| Precision model in use:
|      [SPFP] - Single Precision Forces, 64-bit Fixed Point
|               Accumulation. (Default)
| 
|--------------------------------------------------------
 
|----------------- CITATION INFORMATION -----------------
|
|    When publishing work that utilized the CUDA version
|    of AMBER, please cite the following in addition to
|    the regular AMBER citations:
|
|  - Romelia Salomon-Ferrer; Andreas W. Goetz; Duncan
|    Poole; Scott Le Grand; Ross C. Walker "Routine
|    microsecond molecular dynamics simulations with
|    AMBER - Part II: Particle Mesh Ewald", J. Chem.
|    Theory Comput., 2013, 9 (9), pp3878-3888,
|    DOI: 10.1021/ct400314y.
|
|  - Andreas W. Goetz; Mark J. Williamson; Dong Xu;
|    Duncan Poole; Scott Le Grand; Ross C. Walker
|    "Routine microsecond molecular dynamics simulations
|    with AMBER - Part I: Generalized Born", J. Chem.
|    Theory Comput., 2012, 8 (5), pp1542-1555.
|
|  - Scott Le Grand; Andreas W. Goetz; Ross C. Walker
|    "SPFP: Speed without compromise - a mixed precision
|    model for GPU accelerated molecular dynamics
|    simulations.", Comp. Phys. Comm., 2013, 184
|    pp374-380, DOI: 10.1016/j.cpc.2012.09.022
|
|    When publishing work that utilized the CUDA version
|    of TI, BAR, MBAR or FEP please cite the following 
|    three publications in addition to the regular AMBER 
|    GPU citations:
|
|  - Daniel J. Mermelstein; Charles Lin; Gard Nelson; 
|    Rachael Kretsch; J. Andrew McCammon; Ross C. Walker
|    "Fast and Flexible GPU Accelerated Binding 
|    Free Energy Calculations within the AMBER Molecular
|    Dynamics Package" J. Comp. Chem., 2018,
|    DOI: 10.1002/jcc.25187
|
|  - Tai-Sung Lee; Yuan Hu; Brad Sherborne; Zhuyan Guo;
|    Darrin M. York
|    "Toward Fast and Accurate Binding Affinity Prediction with
|    pmemdGTI: An Efficient Implementation of GPU-Accelerated
|    Thermodynamic Integration"
|    J. Chem. Theory Comput., 2017, 13 (7), 3077
|
|
|--------------------------------------------------------
 
|------------------- GPU DEVICE INFO --------------------
|
|            CUDA_VISIBLE_DEVICES: 0
|   CUDA Capable Devices Detected:      1
|           CUDA Device ID in use:      0
|                CUDA Device Name: Tesla K20m
|     CUDA Device Global Mem Size:   4743 MB
| CUDA Device Num Multiprocessors:     13
|           CUDA Device Core Freq:   0.71 GHz
|
|--------------------------------------------------------
 
 
| Conditional Compilation Defines Used:
| PUBFFT
| BINTRAJ
| CUDA
| EMIL

| Largest sphere to fit in unit cell has radius =    27.333

| New format PARM file being parsed.
| Version =    1.000 Date = 06/18/20 Time = 20:40:54

| Note: 1-4 EEL scale factors are being read from the topology file.

| Note: 1-4 VDW scale factors are being read from the topology file.
| Duplicated    0 dihedrals

| Duplicated    0 dihedrals

--------------------------------------------------------------------------------
   1.  RESOURCE   USE: 
--------------------------------------------------------------------------------

 getting box info from netcdf restart file
 NATOM  =   20852 NTYPES =       6 NBONH =   20844 MBONA  =       6
 NTHETH =      12 MTHETA =       6 NPHIH =      24 MPHIA  =       2
 NHPARM =       0 NPARM  =       0 NNB   =   27828 NRES   =    6948
 NBONA  =       6 NTHETA =       6 NPHIA =       2 NUMBND =       5
 NUMANG =       4 NPTRA  =       3 NATYP =       6 NPHB   =       1
 IFBOX  =       2 NMXRS  =       7 IFCAP =       0 NEXTRA =       0
 NCOPY  =       0

| Coordinate Index Table dimensions:    10   10   10
| Direct force subcell size =     6.6953    6.6953    6.6953

     BOX TYPE: TRUNCATED OCTAHEDRON

--------------------------------------------------------------------------------
   2.  CONTROL  DATA  FOR  THE  RUN
--------------------------------------------------------------------------------

default_name                                                                    

General flags:
     imin    =       0, nmropt  =       1

Nature and format of input:
     ntx     =       1, irest   =       0, ntrx    =       1

Nature and format of output:
     ntxo    =       2, ntpr    =    5000, ntrx    =       1, ntwr    =    5000
     iwrap   =       0, ntwx    =   10000, ntwv    =       0, ntwe    =       0
     ioutfm  =       1, ntwprt  =       0, idecomp =       0, rbornstat=      0

Potential function:
     ntf     =       2, ntb     =       1, igb     =       0, nsnb    =      25
     ipol    =       0, gbsa    =       0, iesp    =       0
     dielc   =   1.00000, cut     =  10.00000, intdiel =   1.00000

Frozen or restrained atoms:
     ibelly  =       0, ntr     =       0

Molecular dynamics:
     nstlim  =    100000, nscm    =      1000, nrespa  =         1
     t       =   0.00000, dt      =   0.00200, vlimit  =  -1.00000

Langevin dynamics temperature regulation:
     ig      =  742985
     temp0   = 300.00000, tempi   =   0.00000, gamma_ln=   2.00000

SHAKE:
     ntc     =       2, jfastw  =       0
     tol     =   0.00001

NMR refinement options:
     iscale  =       0, noeskp  =       1, ipnlty  =       1, mxsub   =       1
     scalm   = 100.00000, pencut  =   0.10000, tausw   =   0.10000

Free energy options:
     icfe    =       1, ifsc    =       0, klambda =       1
     clambda =  0.8850, scalpha =  0.5000, scbeta  = 12.0000
     sceeorder =       2
     dynlmb =  0.0000 logdvdl =       0

| Intermolecular bonds treatment:
|     no_intermolecular_bonds =       1

| Energy averages sample interval:
|     ene_avg_sampling =    5000

Ewald parameters:
     verbose =       0, ew_type =       0, nbflag  =       1, use_pme =       1
     vdwmeth =       1, eedmeth =       1, netfrc  =       1
     Box X =   66.953   Box Y =   66.953   Box Z =   66.953
     Alpha =  109.471   Beta  =  109.471   Gamma =  109.471
     NFFT1 =   64       NFFT2 =   64       NFFT3 =   64
     Cutoff=   10.000   Tol   =0.100E-04
     Ewald Coefficient =  0.27511
     Interpolation order =    4
     TI Mask 1 :1; matches      7 atoms
     TI Mask 2 :2; matches      7 atoms
     TI region 1:   20845 atoms
     TI region 2:   20845 atoms
Removing charge of      -0.8188 from atom       8
Removing charge of      -0.8188 from atom       9
Removing charge of       0.8054 from atom      10
Removing charge of      -0.1021 from atom      11
Removing charge of      -0.0219 from atom      12
Removing charge of      -0.0219 from atom      13
Removing charge of      -0.0219 from atom      14
Total charge of  -0.99999900 removed from       7 atoms
     Checking for mismatched coordinates.

--------------------------------------------------------------------------------
   3.  ATOMIC COORDINATES AND VELOCITIES
--------------------------------------------------------------------------------

default_name                                                                    
 begin time read from input coords =     0.000 ps



           Begin reading energy term weight changes/NMR restraints
 WEIGHT CHANGES:
 TEMP0         0  90000    0.000000  300.000000      0      0
 TEMP0     90001 100000  300.000000  300.000000      0      0
 DUMPFREQ  10000      0    0.000000    0.000000      0      0

 RESTRAINTS:
                          ** No restraint defined **

                  Done reading weight changes/NMR restraints


 
 Number of triangulated 3-point waters found:     6946

     Sum of charges for TI region  1 =  -1.00000662
     Assuming uniform neutralizing plasma


     Sum of charges for TI region  2 =  -0.00000762
     Forcing neutrality...

| Dynamic Memory, Types Used:
| Reals              915137
| Integers           793082

| Nonbonded Pairs Initial Allocation:     6307208

| GPU memory information (estimate):
| KB of GPU memory in use:         0
| KB of CPU memory in use:         0

--------------------------------------------------------------------------------
   4.  RESULTS
--------------------------------------------------------------------------------


| TI region  1


 NSTEP =        0   TIME(PS) =       0.000  TEMP(K) =     0.00  PRESS =     0.0
 Etot   =    -70946.8946  EKtot   =         0.0000  EPtot      =    -70946.8946
 BOND   =         0.0242  ANGLE   =         2.8113  DIHED      =         5.2207
 1-4 NB =         0.2939  1-4 EEL =         1.2004  VDWAALS    =      6478.9821
 EELEC  =    -77435.4272  EHBOND  =         0.0000  RESTRAINT  =         0.0000
 DV/DL  =         8.3007
 ------------------------------------------------------------------------------


| TI region  2


 NSTEP =        0   TIME(PS) =       0.000  TEMP(K) =     0.00  PRESS =     0.0
 Etot   =    -70946.8946  EKtot   =         0.0000  EPtot      =    -70946.8946
 BOND   =         0.0242  ANGLE   =         2.8113  DIHED      =         5.2207
 1-4 NB =         0.2939  1-4 EEL =         1.2004  VDWAALS    =      6478.9821
 EELEC  =    -77435.4272  EHBOND  =         0.0000  RESTRAINT  =         0.0000
 DV/DL  =         8.3007
 ------------------------------------------------------------------------------

 NMR restraints: Bond =    0.000   Angle =     0.000   Torsion =     0.000
===============================================================================

| TI region  1


 NSTEP =     5000   TIME(PS) =      10.000  TEMP(K) =    16.12  PRESS =     0.0
 Etot   =    -91315.1841  EKtot   =       667.9213  EPtot      =    -91983.1054
 BOND   =         0.0342  ANGLE   =         2.8105  DIHED      =         5.2153
 1-4 NB =         0.3351  1-4 EEL =         1.2062  VDWAALS    =     19076.8749
 EELEC  =   -111069.5816  EHBOND  =         0.0000  RESTRAINT  =         0.0000
 DV/DL  =         9.4383
 ------------------------------------------------------------------------------


| TI region  2


 NSTEP =     5000   TIME(PS) =      10.000  TEMP(K) =    16.12  PRESS =     0.0
 Etot   =    -91315.1841  EKtot   =       667.9213  EPtot      =    -91983.1054
 BOND   =         0.0342  ANGLE   =         2.8105  DIHED      =         5.2153
 1-4 NB =         0.3351  1-4 EEL =         1.2062  VDWAALS    =     19076.8749
 EELEC  =   -111069.5816  EHBOND  =         0.0000  RESTRAINT  =         0.0000
 DV/DL  =         9.4383
 ------------------------------------------------------------------------------

 NMR restraints: Bond =    0.000   Angle =     0.000   Torsion =     0.000
===============================================================================

| TI region  1


 NSTEP =    10000   TIME(PS) =      20.000  TEMP(K) =    32.60  PRESS =     0.0
 Etot   =    -90093.6036  EKtot   =      1350.5478  EPtot      =    -91444.1514
 BOND   =         0.0104  ANGLE   =         2.9347  DIHED      =         5.2255
 1-4 NB =         0.3816  1-4 EEL =         1.2076  VDWAALS    =     18990.6146
 EELEC  =   -110444.5259  EHBOND  =         0.0000  RESTRAINT  =         0.0000
 DV/DL  =        11.1016
 ------------------------------------------------------------------------------


| TI region  2


 NSTEP =    10000   TIME(PS) =      20.000  TEMP(K) =    32.60  PRESS =     0.0
 Etot   =    -90093.6036  EKtot   =      1350.5478  EPtot      =    -91444.1514
 BOND   =         0.0104  ANGLE   =         2.9347  DIHED      =         5.2255
 1-4 NB =         0.3816  1-4 EEL =         1.2076  VDWAALS    =     18990.6146
 EELEC  =   -110444.5259  EHBOND  =         0.0000  RESTRAINT  =         0.0000
 DV/DL  =        11.1016
 ------------------------------------------------------------------------------

 NMR restraints: Bond =    0.000   Angle =     0.000   Torsion =     0.000
===============================================================================

| TI region  1


 NSTEP =    15000   TIME(PS) =      30.000  TEMP(K) =    49.52  PRESS =     0.0
 Etot   =    -88914.7546  EKtot   =      2051.4362  EPtot      =    -90966.1908
 BOND   =         0.0308  ANGLE   =         3.3318  DIHED      =         5.2549
 1-4 NB =         0.4418  1-4 EEL =         1.2110  VDWAALS    =     19018.3930
 EELEC  =   -109994.8540  EHBOND  =         0.0000  RESTRAINT  =         0.0000
 DV/DL  =         9.5061
 ------------------------------------------------------------------------------


| TI region  2


 NSTEP =    15000   TIME(PS) =      30.000  TEMP(K) =    49.52  PRESS =     0.0
 Etot   =    -88914.7546  EKtot   =      2051.4362  EPtot      =    -90966.1908
 BOND   =         0.0308  ANGLE   =         3.3318  DIHED      =         5.2549
 1-4 NB =         0.4418  1-4 EEL =         1.2110  VDWAALS    =     19018.3930
 EELEC  =   -109994.8540  EHBOND  =         0.0000  RESTRAINT  =         0.0000
 DV/DL  =         9.5061
 ------------------------------------------------------------------------------

 NMR restraints: Bond =    0.000   Angle =     0.000   Torsion =     0.000
===============================================================================

| TI region  1


 NSTEP =    20000   TIME(PS) =      40.000  TEMP(K) =    67.11  PRESS =     0.0
 Etot   =    -87812.5717  EKtot   =      2780.2633  EPtot      =    -90592.8350
 BOND   =         0.1101  ANGLE   =         3.0238  DIHED      =         5.2175
 1-4 NB =         0.3280  1-4 EEL =         1.2034  VDWAALS    =     19091.8096
 EELEC  =   -109694.5273  EHBOND  =         0.0000  RESTRAINT  =         0.0000
 DV/DL  =        11.5578
 ------------------------------------------------------------------------------


| TI region  2


 NSTEP =    20000   TIME(PS) =      40.000  TEMP(K) =    67.11  PRESS =     0.0
 Etot   =    -87812.5717  EKtot   =      2780.2633  EPtot      =    -90592.8350
 BOND   =         0.1101  ANGLE   =         3.0238  DIHED      =         5.2175
 1-4 NB =         0.3280  1-4 EEL =         1.2034  VDWAALS    =     19091.8096
 EELEC  =   -109694.5273  EHBOND  =         0.0000  RESTRAINT  =         0.0000
 DV/DL  =        11.5578
 ------------------------------------------------------------------------------

 NMR restraints: Bond =    0.000   Angle =     0.000   Torsion =     0.000
===============================================================================

| TI region  1


 NSTEP =    25000   TIME(PS) =      50.000  TEMP(K) =    82.49  PRESS =     0.0
 Etot   =    -86600.0352  EKtot   =      3417.1441  EPtot      =    -90017.1793
 BOND   =         0.1079  ANGLE   =         3.5459  DIHED      =         5.2287
 1-4 NB =         0.4558  1-4 EEL =         1.2176  VDWAALS    =     19002.8932
 EELEC  =   -109030.6285  EHBOND  =         0.0000  RESTRAINT  =         0.0000
 DV/DL  =         9.4051
 ------------------------------------------------------------------------------


| TI region  2


 NSTEP =    25000   TIME(PS) =      50.000  TEMP(K) =    82.49  PRESS =     0.0
 Etot   =    -86600.0352  EKtot   =      3417.1441  EPtot      =    -90017.1793
 BOND   =         0.1079  ANGLE   =         3.5459  DIHED      =         5.2287
 1-4 NB =         0.4558  1-4 EEL =         1.2176  VDWAALS    =     19002.8932
 EELEC  =   -109030.6285  EHBOND  =         0.0000  RESTRAINT  =         0.0000
 DV/DL  =         9.4051
 ------------------------------------------------------------------------------

 NMR restraints: Bond =    0.000   Angle =     0.000   Torsion =     0.000
===============================================================================

| TI region  1


 NSTEP =    30000   TIME(PS) =      60.000  TEMP(K) =    98.66  PRESS =     0.0
 Etot   =    -85486.0637  EKtot   =      4087.0763  EPtot      =    -89573.1400
 BOND   =         0.3178  ANGLE   =         4.1488  DIHED      =         5.2768
 1-4 NB =         0.2104  1-4 EEL =         1.1962  VDWAALS    =     18876.2595
 EELEC  =   -108460.5494  EHBOND  =         0.0000  RESTRAINT  =         0.0000
 DV/DL  =         7.4278
 ------------------------------------------------------------------------------


| TI region  2


 NSTEP =    30000   TIME(PS) =      60.000  TEMP(K) =    98.66  PRESS =     0.0
 Etot   =    -85486.0637  EKtot   =      4087.0763  EPtot      =    -89573.1400
 BOND   =         0.3178  ANGLE   =         4.1488  DIHED      =         5.2768
 1-4 NB =         0.2104  1-4 EEL =         1.1962  VDWAALS    =     18876.2595
 EELEC  =   -108460.5494  EHBOND  =         0.0000  RESTRAINT  =         0.0000
 DV/DL  =         7.4278
 ------------------------------------------------------------------------------

 NMR restraints: Bond =    0.000   Angle =     0.000   Torsion =     0.000
===============================================================================

| TI region  1


 NSTEP =    35000   TIME(PS) =      70.000  TEMP(K) =   114.27  PRESS =     0.0
 Etot   =    -84284.9084  EKtot   =      4733.8014  EPtot      =    -89018.7098
 BOND   =         0.3321  ANGLE   =         4.0927  DIHED      =         5.2977
 1-4 NB =         0.3136  1-4 EEL =         1.2102  VDWAALS    =     18893.8601
 EELEC  =   -107923.8162  EHBOND  =         0.0000  RESTRAINT  =         0.0000
 DV/DL  =        10.4085
 ------------------------------------------------------------------------------


| TI region  2


 NSTEP =    35000   TIME(PS) =      70.000  TEMP(K) =   114.27  PRESS =     0.0
 Etot   =    -84284.9084  EKtot   =      4733.8014  EPtot      =    -89018.7098
 BOND   =         0.3321  ANGLE   =         4.0927  DIHED      =         5.2977
 1-4 NB =         0.3136  1-4 EEL =         1.2102  VDWAALS    =     18893.8601
 EELEC  =   -107923.8162  EHBOND  =         0.0000  RESTRAINT  =         0.0000
 DV/DL  =        10.4085
 ------------------------------------------------------------------------------

 NMR restraints: Bond =    0.000   Angle =     0.000   Torsion =     0.000
===============================================================================

| TI region  1


 NSTEP =    40000   TIME(PS) =      80.000  TEMP(K) =   133.57  PRESS =     0.0
 Etot   =    -83004.0239  EKtot   =      5533.2512  EPtot      =    -88537.2750
 BOND   =         1.0632  ANGLE   =         3.3387  DIHED      =         5.2537
 1-4 NB =         0.1819  1-4 EEL =         1.1852  VDWAALS    =     18883.3168
 EELEC  =   -107431.6146  EHBOND  =         0.0000  RESTRAINT  =         0.0000
 DV/DL  =         3.5939
 ------------------------------------------------------------------------------


| TI region  2


 NSTEP =    40000   TIME(PS) =      80.000  TEMP(K) =   133.57  PRESS =     0.0
 Etot   =    -83004.0239  EKtot   =      5533.2512  EPtot      =    -88537.2750
 BOND   =         1.0632  ANGLE   =         3.3387  DIHED      =         5.2537
 1-4 NB =         0.1819  1-4 EEL =         1.1852  VDWAALS    =     18883.3168
 EELEC  =   -107431.6146  EHBOND  =         0.0000  RESTRAINT  =         0.0000
 DV/DL  =         3.5939
 ------------------------------------------------------------------------------

 NMR restraints: Bond =    0.000   Angle =     0.000   Torsion =     0.000
===============================================================================

| TI region  1


 NSTEP =    45000   TIME(PS) =      90.000  TEMP(K) =   147.60  PRESS =     0.0
 Etot   =    -81907.4372  EKtot   =      6114.4679  EPtot      =    -88021.9051
 BOND   =         1.2520  ANGLE   =         3.8368  DIHED      =         5.2854
 1-4 NB =         0.2422  1-4 EEL =         1.1932  VDWAALS    =     18512.6548
 EELEC  =   -106546.3695  EHBOND  =         0.0000  RESTRAINT  =         0.0000
 DV/DL  =        11.3754
 ------------------------------------------------------------------------------


| TI region  2


 NSTEP =    45000   TIME(PS) =      90.000  TEMP(K) =   147.60  PRESS =     0.0
 Etot   =    -81907.4372  EKtot   =      6114.4679  EPtot      =    -88021.9051
 BOND   =         1.2520  ANGLE   =         3.8368  DIHED      =         5.2854
 1-4 NB =         0.2422  1-4 EEL =         1.1932  VDWAALS    =     18512.6548
 EELEC  =   -106546.3695  EHBOND  =         0.0000  RESTRAINT  =         0.0000
 DV/DL  =        11.3754
 ------------------------------------------------------------------------------

 NMR restraints: Bond =    0.000   Angle =     0.000   Torsion =     0.000
===============================================================================

| TI region  1


 NSTEP =    50000   TIME(PS) =     100.000  TEMP(K) =   167.71  PRESS =     0.0
 Etot   =    -80329.0941  EKtot   =      6947.7517  EPtot      =    -87276.8458
 BOND   =         0.0967  ANGLE   =         3.3217  DIHED      =         5.2333
 1-4 NB =         0.2644  1-4 EEL =         1.2004  VDWAALS    =     18437.8490
 EELEC  =   -105724.8114  EHBOND  =         0.0000  RESTRAINT  =         0.0000
 DV/DL  =        18.5823
 ------------------------------------------------------------------------------


| TI region  2


 NSTEP =    50000   TIME(PS) =     100.000  TEMP(K) =   167.71  PRESS =     0.0
 Etot   =    -80329.0941  EKtot   =      6947.7517  EPtot      =    -87276.8458
 BOND   =         0.0967  ANGLE   =         3.3217  DIHED      =         5.2333
 1-4 NB =         0.2644  1-4 EEL =         1.2004  VDWAALS    =     18437.8490
 EELEC  =   -105724.8114  EHBOND  =         0.0000  RESTRAINT  =         0.0000
 DV/DL  =        18.5823
 ------------------------------------------------------------------------------

 NMR restraints: Bond =    0.000   Angle =     0.000   Torsion =     0.000
===============================================================================

| TI region  1


 NSTEP =    55000   TIME(PS) =     110.000  TEMP(K) =   180.12  PRESS =     0.0
 Etot   =    -79133.5749  EKtot   =      7461.9863  EPtot      =    -86595.5612
 BOND   =         1.4874  ANGLE   =         3.4908  DIHED      =         5.2128
 1-4 NB =         0.2225  1-4 EEL =         1.1942  VDWAALS    =     18094.1208
 EELEC  =   -104701.2896  EHBOND  =         0.0000  RESTRAINT  =         0.0000
 DV/DL  =        16.6190
 ------------------------------------------------------------------------------


| TI region  2


 NSTEP =    55000   TIME(PS) =     110.000  TEMP(K) =   180.12  PRESS =     0.0
 Etot   =    -79133.5749  EKtot   =      7461.9863  EPtot      =    -86595.5612
 BOND   =         1.4874  ANGLE   =         3.4908  DIHED      =         5.2128
 1-4 NB =         0.2225  1-4 EEL =         1.1942  VDWAALS    =     18094.1208
 EELEC  =   -104701.2896  EHBOND  =         0.0000  RESTRAINT  =         0.0000
 DV/DL  =        16.6190
 ------------------------------------------------------------------------------

 NMR restraints: Bond =    0.000   Angle =     0.000   Torsion =     0.000
===============================================================================

| TI region  1


 NSTEP =    60000   TIME(PS) =     120.000  TEMP(K) =   199.20  PRESS =     0.0
 Etot   =    -77620.2847  EKtot   =      8252.2090  EPtot      =    -85872.4937
 BOND   =         0.0990  ANGLE   =         3.3429  DIHED      =         5.2063
 1-4 NB =         0.3370  1-4 EEL =         1.2023  VDWAALS    =     17878.5426
 EELEC  =   -103761.2239  EHBOND  =         0.0000  RESTRAINT  =         0.0000
 DV/DL  =        18.8517
 ------------------------------------------------------------------------------


| TI region  2


 NSTEP =    60000   TIME(PS) =     120.000  TEMP(K) =   199.20  PRESS =     0.0
 Etot   =    -77620.2847  EKtot   =      8252.2090  EPtot      =    -85872.4937
 BOND   =         0.0990  ANGLE   =         3.3429  DIHED      =         5.2063
 1-4 NB =         0.3370  1-4 EEL =         1.2023  VDWAALS    =     17878.5426
 EELEC  =   -103761.2239  EHBOND  =         0.0000  RESTRAINT  =         0.0000
 DV/DL  =        18.8517
 ------------------------------------------------------------------------------

 NMR restraints: Bond =    0.000   Angle =     0.000   Torsion =     0.000
===============================================================================

| TI region  1


 NSTEP =    65000   TIME(PS) =     130.000  TEMP(K) =   216.61  PRESS =     0.0
 Etot   =    -76065.7107  EKtot   =      8973.6404  EPtot      =    -85039.3511
 BOND   =         0.5451  ANGLE   =         4.6991  DIHED      =         5.2655
 1-4 NB =         0.4653  1-4 EEL =         1.2112  VDWAALS    =     17547.2309
 EELEC  =   -102598.7683  EHBOND  =         0.0000  RESTRAINT  =         0.0000
 DV/DL  =        20.5606
 ------------------------------------------------------------------------------


| TI region  2


 NSTEP =    65000   TIME(PS) =     130.000  TEMP(K) =   216.61  PRESS =     0.0
 Etot   =    -76065.7107  EKtot   =      8973.6404  EPtot      =    -85039.3511
 BOND   =         0.5451  ANGLE   =         4.6991  DIHED      =         5.2655
 1-4 NB =         0.4653  1-4 EEL =         1.2112  VDWAALS    =     17547.2309
 EELEC  =   -102598.7683  EHBOND  =         0.0000  RESTRAINT  =         0.0000
 DV/DL  =        20.5606
 ------------------------------------------------------------------------------

 NMR restraints: Bond =    0.000   Angle =     0.000   Torsion =     0.000
===============================================================================

| TI region  1


 NSTEP =    70000   TIME(PS) =     140.000  TEMP(K) =   231.93  PRESS =     0.0
 Etot   =    -74288.0226  EKtot   =      9608.1534  EPtot      =    -83896.1760
 BOND   =         0.0813  ANGLE   =         4.9484  DIHED      =         5.2939
 1-4 NB =         0.8159  1-4 EEL =         1.2137  VDWAALS    =     17180.0186
 EELEC  =   -101088.5478  EHBOND  =         0.0000  RESTRAINT  =         0.0000
 DV/DL  =        11.1180
 ------------------------------------------------------------------------------


| TI region  2


 NSTEP =    70000   TIME(PS) =     140.000  TEMP(K) =   231.93  PRESS =     0.0
 Etot   =    -74288.0226  EKtot   =      9608.1534  EPtot      =    -83896.1760
 BOND   =         0.0813  ANGLE   =         4.9484  DIHED      =         5.2939
 1-4 NB =         0.8159  1-4 EEL =         1.2137  VDWAALS    =     17180.0186
 EELEC  =   -101088.5478  EHBOND  =         0.0000  RESTRAINT  =         0.0000
 DV/DL  =        11.1180
 ------------------------------------------------------------------------------

 NMR restraints: Bond =    0.000   Angle =     0.000   Torsion =     0.000
===============================================================================

| TI region  1


 NSTEP =    75000   TIME(PS) =     150.000  TEMP(K) =   249.73  PRESS =     0.0
 Etot   =    -72246.4324  EKtot   =     10345.7125  EPtot      =    -82592.1449
 BOND   =         0.9387  ANGLE   =         3.8462  DIHED      =         5.2236
 1-4 NB =         0.3016  1-4 EEL =         1.2033  VDWAALS    =     16469.4647
 EELEC  =    -99073.1231  EHBOND  =         0.0000  RESTRAINT  =         0.0000
 DV/DL  =         7.9446
 ------------------------------------------------------------------------------


| TI region  2


 NSTEP =    75000   TIME(PS) =     150.000  TEMP(K) =   249.73  PRESS =     0.0
 Etot   =    -72246.4324  EKtot   =     10345.7125  EPtot      =    -82592.1449
 BOND   =         0.9387  ANGLE   =         3.8462  DIHED      =         5.2236
 1-4 NB =         0.3016  1-4 EEL =         1.2033  VDWAALS    =     16469.4647
 EELEC  =    -99073.1231  EHBOND  =         0.0000  RESTRAINT  =         0.0000
 DV/DL  =         7.9446
 ------------------------------------------------------------------------------

 NMR restraints: Bond =    0.000   Angle =     0.000   Torsion =     0.000
===============================================================================

| TI region  1


 NSTEP =    80000   TIME(PS) =     160.000  TEMP(K) =   265.73  PRESS =     0.0
 Etot   =    -69627.7517  EKtot   =     11008.5136  EPtot      =    -80636.2654
 BOND   =         0.1786  ANGLE   =         4.6355  DIHED      =         5.3895
 1-4 NB =         0.5680  1-4 EEL =         1.2250  VDWAALS    =     15719.3372
 EELEC  =    -96367.5993  EHBOND  =         0.0000  RESTRAINT  =         0.0000
 DV/DL  =        15.7050
 ------------------------------------------------------------------------------


| TI region  2


 NSTEP =    80000   TIME(PS) =     160.000  TEMP(K) =   265.73  PRESS =     0.0
 Etot   =    -69627.7517  EKtot   =     11008.5136  EPtot      =    -80636.2654
 BOND   =         0.1786  ANGLE   =         4.6355  DIHED      =         5.3895
 1-4 NB =         0.5680  1-4 EEL =         1.2250  VDWAALS    =     15719.3372
 EELEC  =    -96367.5993  EHBOND  =         0.0000  RESTRAINT  =         0.0000
 DV/DL  =        15.7050
 ------------------------------------------------------------------------------

 NMR restraints: Bond =    0.000   Angle =     0.000   Torsion =     0.000
===============================================================================

| TI region  1


 NSTEP =    85000   TIME(PS) =     170.000  TEMP(K) =   280.38  PRESS =     0.0
 Etot   =    -66678.7108  EKtot   =     11615.3219  EPtot      =    -78294.0327
 BOND   =         0.0510  ANGLE   =         3.5647  DIHED      =         5.2243
 1-4 NB =         0.8025  1-4 EEL =         1.2242  VDWAALS    =     14712.7673
 EELEC  =    -93017.6668  EHBOND  =         0.0000  RESTRAINT  =         0.0000
 DV/DL  =        12.9439
 ------------------------------------------------------------------------------


| TI region  2


 NSTEP =    85000   TIME(PS) =     170.000  TEMP(K) =   280.38  PRESS =     0.0
 Etot   =    -66678.7108  EKtot   =     11615.3219  EPtot      =    -78294.0327
 BOND   =         0.0510  ANGLE   =         3.5647  DIHED      =         5.2243
 1-4 NB =         0.8025  1-4 EEL =         1.2242  VDWAALS    =     14712.7673
 EELEC  =    -93017.6668  EHBOND  =         0.0000  RESTRAINT  =         0.0000
 DV/DL  =        12.9439
 ------------------------------------------------------------------------------

 NMR restraints: Bond =    0.000   Angle =     0.000   Torsion =     0.000
===============================================================================

| TI region  1


 NSTEP =    90000   TIME(PS) =     180.000  TEMP(K) =   296.30  PRESS =     0.0
 Etot   =    -64191.5431  EKtot   =     12274.7022  EPtot      =    -76466.2453
 BOND   =         0.7824  ANGLE   =         3.6080  DIHED      =         5.2558
 1-4 NB =         0.3813  1-4 EEL =         1.1894  VDWAALS    =     14026.4889
 EELEC  =    -90503.9512  EHBOND  =         0.0000  RESTRAINT  =         0.0000
 DV/DL  =        16.2388
 ------------------------------------------------------------------------------


| TI region  2


 NSTEP =    90000   TIME(PS) =     180.000  TEMP(K) =   296.30  PRESS =     0.0
 Etot   =    -64191.5431  EKtot   =     12274.7022  EPtot      =    -76466.2453
 BOND   =         0.7824  ANGLE   =         3.6080  DIHED      =         5.2558
 1-4 NB =         0.3813  1-4 EEL =         1.1894  VDWAALS    =     14026.4889
 EELEC  =    -90503.9512  EHBOND  =         0.0000  RESTRAINT  =         0.0000
 DV/DL  =        16.2388
 ------------------------------------------------------------------------------

 NMR restraints: Bond =    0.000   Angle =     0.000   Torsion =     0.000
===============================================================================

| TI region  1


 NSTEP =    95000   TIME(PS) =     190.000  TEMP(K) =   295.84  PRESS =     0.0
 Etot   =    -63588.1427  EKtot   =     12255.9050  EPtot      =    -75844.0477
 BOND   =         0.5379  ANGLE   =         3.6712  DIHED      =         5.2203
 1-4 NB =         0.4534  1-4 EEL =         1.2203  VDWAALS    =     13768.0545
 EELEC  =    -89623.2053  EHBOND  =         0.0000  RESTRAINT  =         0.0000
 DV/DL  =        15.6085
 ------------------------------------------------------------------------------


| TI region  2


 NSTEP =    95000   TIME(PS) =     190.000  TEMP(K) =   295.84  PRESS =     0.0
 Etot   =    -63588.1427  EKtot   =     12255.9050  EPtot      =    -75844.0477
 BOND   =         0.5379  ANGLE   =         3.6712  DIHED      =         5.2203
 1-4 NB =         0.4534  1-4 EEL =         1.2203  VDWAALS    =     13768.0545
 EELEC  =    -89623.2053  EHBOND  =         0.0000  RESTRAINT  =         0.0000
 DV/DL  =        15.6085
 ------------------------------------------------------------------------------

 NMR restraints: Bond =    0.000   Angle =     0.000   Torsion =     0.000
===============================================================================

| TI region  1


 NSTEP =   100000   TIME(PS) =     200.000  TEMP(K) =   298.35  PRESS =     0.0
 Etot   =    -63776.7025  EKtot   =     12359.7871  EPtot      =    -76136.4897
 BOND   =         0.1165  ANGLE   =         3.9878  DIHED      =         5.2260
 1-4 NB =         0.5705  1-4 EEL =         1.2298  VDWAALS    =     13807.0354
 EELEC  =    -89954.6557  EHBOND  =         0.0000  RESTRAINT  =         0.0000
 DV/DL  =        12.4149
 ------------------------------------------------------------------------------


| TI region  2


 NSTEP =   100000   TIME(PS) =     200.000  TEMP(K) =   298.35  PRESS =     0.0
 Etot   =    -63776.7025  EKtot   =     12359.7871  EPtot      =    -76136.4897
 BOND   =         0.1165  ANGLE   =         3.9878  DIHED      =         5.2260
 1-4 NB =         0.5705  1-4 EEL =         1.2298  VDWAALS    =     13807.0354
 EELEC  =    -89954.6557  EHBOND  =         0.0000  RESTRAINT  =         0.0000
 DV/DL  =        12.4149
 ------------------------------------------------------------------------------

 NMR restraints: Bond =    0.000   Angle =     0.000   Torsion =     0.000
===============================================================================

| TI region  1


      A V E R A G E S   O V E R      20 S T E P S


 NSTEP =   100000   TIME(PS) =     200.000  TEMP(K) =   171.19  PRESS =     0.0
 Etot   =    -78348.2276  EKtot   =      7091.9796  EPtot      =    -85440.2073
 BOND   =         0.4087  ANGLE   =         3.7090  DIHED      =         5.2503
 1-4 NB =         0.4037  1-4 EEL =         1.2072  VDWAALS    =     17399.3793
 EELEC  =   -102850.5655  EHBOND  =         0.0000  RESTRAINT  =         0.0000
 DV/DL  =        12.5201
 ------------------------------------------------------------------------------

 NMR restraints: Bond =    0.000   Angle =     0.000   Torsion =     0.000
===============================================================================

      R M S  F L U C T U A T I O N S


 NSTEP =   100000   TIME(PS) =     200.000  TEMP(K) =    91.72  PRESS =     0.0
 Etot   =      8952.0215  EKtot   =      3799.6668  EPtot      =      5253.1402
 BOND   =         0.4450  ANGLE   =         0.5646  DIHED      =         0.0422
 1-4 NB =         0.1723  1-4 EEL =         0.0120  VDWAALS    =      1890.6689
 EELEC  =      7125.7393  EHBOND  =         0.0000  RESTRAINT  =         0.0000
 DV/DL  =         4.2278
 ------------------------------------------------------------------------------


| TI region  2


      A V E R A G E S   O V E R      20 S T E P S


 NSTEP =   100000   TIME(PS) =     200.000  TEMP(K) =   171.19  PRESS =     0.0
 Etot   =    -78348.2276  EKtot   =      7091.9796  EPtot      =    -85440.2073
 BOND   =         0.4087  ANGLE   =         3.7090  DIHED      =         5.2503
 1-4 NB =         0.4037  1-4 EEL =         1.2072  VDWAALS    =     17399.3793
 EELEC  =   -102850.5655  EHBOND  =         0.0000  RESTRAINT  =         0.0000
 DV/DL  =        12.5201
 ------------------------------------------------------------------------------

 NMR restraints: Bond =    0.000   Angle =     0.000   Torsion =     0.000
===============================================================================

      R M S  F L U C T U A T I O N S


 NSTEP =   100000   TIME(PS) =     200.000  TEMP(K) =    91.72  PRESS =     0.0
 Etot   =      8952.0215  EKtot   =      3799.6668  EPtot      =      5253.1402
 BOND   =         0.4450  ANGLE   =         0.5646  DIHED      =         0.0422
 1-4 NB =         0.1723  1-4 EEL =         0.0120  VDWAALS    =      1890.6689
 EELEC  =      7125.7393  EHBOND  =         0.0000  RESTRAINT  =         0.0000
 DV/DL  =         4.2278
 ------------------------------------------------------------------------------


      DV/DL, AVERAGES OVER      20 STEPS


 NSTEP =   100000   TIME(PS) =     200.000  TEMP(K) =    91.72  PRESS =     0.0
 Etot   =         0.0000  EKtot   =         0.0000  EPtot      =        12.5201
 BOND   =         0.0000  ANGLE   =         0.0000  DIHED      =         0.0000
 1-4 NB =         0.0000  1-4 EEL =       -10.4930  VDWAALS    =         0.0000
 EELEC  =        23.0131  EHBOND  =         0.0000  RESTRAINT  =         0.0000
 DV/DL  =        12.5201
 ------------------------------------------------------------------------------


 NMR restraints on final step:

--------------------------------------------------------------------------------
   5.  TIMINGS
--------------------------------------------------------------------------------

|  NonSetup CPU Time in Major Routines:
|
|     Routine           Sec        %
|     ------------------------------
|     Nonbond          84.56   29.55
|     Bond              0.00    0.00
|     Angle             0.00    0.00
|     Dihedral          0.00    0.00
|     Shake             1.13    0.40
|     RunMD           200.17   69.94
|     Other             0.33    0.12
|     ------------------------------
|     Total           286.19

|  PME Nonbond Pairlist CPU Time:
|
|     Routine              Sec        %
|     ---------------------------------
|     Set Up Cit           0.00    0.00
|     Build List           0.00    0.00
|     ---------------------------------
|     Total                0.00    0.00

|  PME Direct Force CPU Time:
|
|     Routine              Sec        %
|     ---------------------------------
|     NonBonded Calc       0.00    0.00
|     Exclude Masked       0.00    0.00
|     Other                0.21    0.07
|     ---------------------------------
|     Total                0.21    0.07

|  PME Reciprocal Force CPU Time:
|
|     Routine              Sec        %
|     ---------------------------------
|     1D bspline           0.00    0.00
|     Grid Charges         0.00    0.00
|     Scalar Sum           0.00    0.00
|     Gradient Sum         0.00    0.00
|     FFT                  0.00    0.00
|     ---------------------------------
|     Total                0.00    0.00

|  Final Performance Info:
|     -----------------------------------------------------
|     Average timings for last       1 steps:
|     Elapsed(s) =       0.00 Per Step(ms) =       1.40
|         ns/day =     123.61   seconds/ns =     698.97
|
|     Average timings for all steps:
|     Elapsed(s) =     286.27 Per Step(ms) =       2.86
|         ns/day =      60.36   seconds/ns =    1431.35
|     -----------------------------------------------------

|  Setup CPU time:            0.46 seconds
|  NonSetup CPU time:       286.19 seconds
|  Total CPU time:          286.65 seconds     0.08 hours

|  Setup wall time:           0    seconds
|  NonSetup wall time:      286    seconds
|  Total wall time:         286    seconds     0.08 hours
