
          -------------------------------------------------------
          Amber 18 PMEMD                              2018
          -------------------------------------------------------

| PMEMD implementation of SANDER, Release 18

| Run on 07/20/2020 at 15:33:08

|   Executable path: /opt/software/Amber/18-foss-2018b-AmberTools-19/bin/pmemd.cuda
| Working directory: /mnt/gs18/scratch/users/songlin3/run/1264_optimization/acetate/two_steps_ti3p_gas/step1/0.00922
|          Hostname: lac-081

  [-O]verwriting output

File Assignments:
|   MDIN: heat.in                                                               
|  MDOUT: heat.out                                                              
| INPCRD: min.rst                                                               
|   PARM: step1_final.prmtop                                                    
| RESTRT: heat.rst                                                              
|   REFC: min.rst                                                               
|  MDVEL: mdvel                                                                 
|   MDEN: mden                                                                  
|  MDCRD: heat.netcdf                                                           
| MDINFO: heat.mdinfo                                                           
|  MDFRC: mdfrc                                                                 


 Here is the input file:

nvt for free MD                                                                
 &cntrl                                                                        
  imin=0,                                                                      
  irest=0,                                                                     
  ntx=1,                                                                       
  ig=-1,                                                                       
  nstlim=100000,                                                               
  dt=0.002,                                                                    
  cut=10.0,                                                                    
  ntc=2,                                                                       
  ntf=2,                                                                       
  ntb=1,                                                                       
  ntt=3,                                                                       
  gamma_ln=2.0,                                                                
  tempi=0.0,                                                                   
  temp0=300.0,                                                                 
  ntpr=5000,                                                                   
  ntwr=5000,                                                                   
  ntwx=10000,                                                                  
  ntwv=0,                                                                      
  ioutfm=1,                                                                    
  iwrap=0,                                                                     
  nmropt=1,                                                                    
  ifsc = 0, icfe=1,                                                            
  clambda=0.00922,                                                             
  timask1=':1',                                                                
  timask2=':2', crgmask = ':2',                                                
/                                                                              
&wt TYPE='TEMP0', istep1=0, istep2=90000, value1=0.0, value2=300.0 /           
&wt TYPE='TEMP0', istep1=90001, istep2=100000, value1=300.0, value2=300.0 /    
&wt TYPE='DUMPFREQ', istep1=10000, /                                           
&wt TYPE='END', /                                                              


Note: ig = -1. Setting random seed to   473571 based on wallclock time in 
      microseconds.
| irandom = 1, using AMBER's internal random number generator (default).
 
|--------------------- INFORMATION ----------------------
| GPU (CUDA) Version of PMEMD in use: NVIDIA GPU IN USE.
|                    Version 18.0.0
| 
|                      03/25/2018
| 
| Implementation by:
|                    Ross C. Walker     (SDSC)
|                    Scott Le Grand     (nVIDIA)
| 
| Version 18 performance extensions by:
|                    David Cerutti     (Rutgers)
| 
| Precision model in use:
|      [SPFP] - Single Precision Forces, 64-bit Fixed Point
|               Accumulation. (Default)
| 
|--------------------------------------------------------
 
|----------------- CITATION INFORMATION -----------------
|
|    When publishing work that utilized the CUDA version
|    of AMBER, please cite the following in addition to
|    the regular AMBER citations:
|
|  - Romelia Salomon-Ferrer; Andreas W. Goetz; Duncan
|    Poole; Scott Le Grand; Ross C. Walker "Routine
|    microsecond molecular dynamics simulations with
|    AMBER - Part II: Particle Mesh Ewald", J. Chem.
|    Theory Comput., 2013, 9 (9), pp3878-3888,
|    DOI: 10.1021/ct400314y.
|
|  - Andreas W. Goetz; Mark J. Williamson; Dong Xu;
|    Duncan Poole; Scott Le Grand; Ross C. Walker
|    "Routine microsecond molecular dynamics simulations
|    with AMBER - Part I: Generalized Born", J. Chem.
|    Theory Comput., 2012, 8 (5), pp1542-1555.
|
|  - Scott Le Grand; Andreas W. Goetz; Ross C. Walker
|    "SPFP: Speed without compromise - a mixed precision
|    model for GPU accelerated molecular dynamics
|    simulations.", Comp. Phys. Comm., 2013, 184
|    pp374-380, DOI: 10.1016/j.cpc.2012.09.022
|
|    When publishing work that utilized the CUDA version
|    of TI, BAR, MBAR or FEP please cite the following 
|    three publications in addition to the regular AMBER 
|    GPU citations:
|
|  - Daniel J. Mermelstein; Charles Lin; Gard Nelson; 
|    Rachael Kretsch; J. Andrew McCammon; Ross C. Walker
|    "Fast and Flexible GPU Accelerated Binding 
|    Free Energy Calculations within the AMBER Molecular
|    Dynamics Package" J. Comp. Chem., 2018,
|    DOI: 10.1002/jcc.25187
|
|  - Tai-Sung Lee; Yuan Hu; Brad Sherborne; Zhuyan Guo;
|    Darrin M. York
|    "Toward Fast and Accurate Binding Affinity Prediction with
|    pmemdGTI: An Efficient Implementation of GPU-Accelerated
|    Thermodynamic Integration"
|    J. Chem. Theory Comput., 2017, 13 (7), 3077
|
|
|--------------------------------------------------------
 
|------------------- GPU DEVICE INFO --------------------
|
|            CUDA_VISIBLE_DEVICES: 0
|   CUDA Capable Devices Detected:      1
|           CUDA Device ID in use:      0
|                CUDA Device Name: Tesla K80
|     CUDA Device Global Mem Size:  12206 MB
| CUDA Device Num Multiprocessors:     13
|           CUDA Device Core Freq:   0.82 GHz
|
|--------------------------------------------------------
 
 
| Conditional Compilation Defines Used:
| PUBFFT
| BINTRAJ
| CUDA
| EMIL

| Largest sphere to fit in unit cell has radius =    27.333

| New format PARM file being parsed.
| Version =    1.000 Date = 07/20/20 Time = 15:32:15

| Note: 1-4 EEL scale factors are being read from the topology file.

| Note: 1-4 VDW scale factors are being read from the topology file.
| Duplicated    0 dihedrals

| Duplicated    0 dihedrals

--------------------------------------------------------------------------------
   1.  RESOURCE   USE: 
--------------------------------------------------------------------------------

 getting box info from netcdf restart file
 NATOM  =      14 NTYPES =       6 NBONH =       6 MBONA  =       6
 NTHETH =      12 MTHETA =       6 NPHIH =      24 MPHIA  =       2
 NHPARM =       0 NPARM  =       0 NNB   =      44 NRES   =       2
 NBONA  =       6 NTHETA =       6 NPHIA =       2 NUMBND =       3
 NUMANG =       4 NPTRA  =       3 NATYP =       6 NPHB   =       1
 IFBOX  =       2 NMXRS  =       7 IFCAP =       0 NEXTRA =       0
 NCOPY  =       0

| Coordinate Index Table dimensions:    10   10   10
| Direct force subcell size =     6.6953    6.6953    6.6953

     BOX TYPE: TRUNCATED OCTAHEDRON

--------------------------------------------------------------------------------
   2.  CONTROL  DATA  FOR  THE  RUN
--------------------------------------------------------------------------------

default_name                                                                    

General flags:
     imin    =       0, nmropt  =       1

Nature and format of input:
     ntx     =       1, irest   =       0, ntrx    =       1

Nature and format of output:
     ntxo    =       2, ntpr    =    5000, ntrx    =       1, ntwr    =    5000
     iwrap   =       0, ntwx    =   10000, ntwv    =       0, ntwe    =       0
     ioutfm  =       1, ntwprt  =       0, idecomp =       0, rbornstat=      0

Potential function:
     ntf     =       2, ntb     =       1, igb     =       0, nsnb    =      25
     ipol    =       0, gbsa    =       0, iesp    =       0
     dielc   =   1.00000, cut     =  10.00000, intdiel =   1.00000

Frozen or restrained atoms:
     ibelly  =       0, ntr     =       0

Molecular dynamics:
     nstlim  =    100000, nscm    =      1000, nrespa  =         1
     t       =   0.00000, dt      =   0.00200, vlimit  =  -1.00000

Langevin dynamics temperature regulation:
     ig      =  473571
     temp0   = 300.00000, tempi   =   0.00000, gamma_ln=   2.00000

SHAKE:
     ntc     =       2, jfastw  =       0
     tol     =   0.00001

NMR refinement options:
     iscale  =       0, noeskp  =       1, ipnlty  =       1, mxsub   =       1
     scalm   = 100.00000, pencut  =   0.10000, tausw   =   0.10000

Free energy options:
     icfe    =       1, ifsc    =       0, klambda =       1
     clambda =  0.0092, scalpha =  0.5000, scbeta  = 12.0000
     sceeorder =       2
     dynlmb =  0.0000 logdvdl =       0

| Intermolecular bonds treatment:
|     no_intermolecular_bonds =       1

| Energy averages sample interval:
|     ene_avg_sampling =    5000

Ewald parameters:
     verbose =       0, ew_type =       0, nbflag  =       1, use_pme =       1
     vdwmeth =       1, eedmeth =       1, netfrc  =       1
     Box X =   66.953   Box Y =   66.953   Box Z =   66.953
     Alpha =  109.471   Beta  =  109.471   Gamma =  109.471
     NFFT1 =   64       NFFT2 =   64       NFFT3 =   64
     Cutoff=   10.000   Tol   =0.100E-04
     Ewald Coefficient =  0.27511
     Interpolation order =    4
     TI Mask 1 :1; matches      7 atoms
     TI Mask 2 :2; matches      7 atoms
     TI region 1:       7 atoms
     TI region 2:       7 atoms
Removing charge of      -0.8188 from atom       8
Removing charge of      -0.8188 from atom       9
Removing charge of       0.8054 from atom      10
Removing charge of      -0.1021 from atom      11
Removing charge of      -0.0219 from atom      12
Removing charge of      -0.0219 from atom      13
Removing charge of      -0.0219 from atom      14
Total charge of  -0.99999900 removed from       7 atoms
     Checking for mismatched coordinates.

--------------------------------------------------------------------------------
   3.  ATOMIC COORDINATES AND VELOCITIES
--------------------------------------------------------------------------------

default_name                                                                    
 begin time read from input coords =     0.000 ps



           Begin reading energy term weight changes/NMR restraints
 WEIGHT CHANGES:
 TEMP0         0  90000    0.000000  300.000000      0      0
 TEMP0     90001 100000  300.000000  300.000000      0      0
 DUMPFREQ  10000      0    0.000000    0.000000      0      0

 RESTRAINTS:
                          ** No restraint defined **

                  Done reading weight changes/NMR restraints


 
 Number of triangulated 3-point waters found:        0

     Sum of charges for TI region  1 =  -0.99999900
     Assuming uniform neutralizing plasma


     Sum of charges for TI region  2 =   0.00000000
     Forcing neutrality...

| Dynamic Memory, Types Used:
| Reals              144127
| Integers             1238

| Nonbonded Pairs Initial Allocation:        4234

| GPU memory information (estimate):
| KB of GPU memory in use:         0
| KB of CPU memory in use:         0

--------------------------------------------------------------------------------
   4.  RESULTS
--------------------------------------------------------------------------------


| TI region  1


 NSTEP =        0   TIME(PS) =       0.000  TEMP(K) =     0.00  PRESS =     0.0
 Etot   =        10.9447  EKtot   =         0.0000  EPtot      =        10.9447
 BOND   =         0.0344  ANGLE   =         2.8192  DIHED      =         5.2200
 1-4 NB =         0.2786  1-4 EEL =        10.3251  VDWAALS    =        -0.0001
 EELEC  =        -7.7325  EHBOND  =         0.0000  RESTRAINT  =         0.0000
 DV/DL  =        -2.6168
 ------------------------------------------------------------------------------


| TI region  2


 NSTEP =        0   TIME(PS) =       0.000  TEMP(K) =     0.00  PRESS =     0.0
 Etot   =        10.9447  EKtot   =         0.0000  EPtot      =        10.9447
 BOND   =         0.0344  ANGLE   =         2.8192  DIHED      =         5.2200
 1-4 NB =         0.2786  1-4 EEL =        10.3251  VDWAALS    =        -0.0001
 EELEC  =        -7.7325  EHBOND  =         0.0000  RESTRAINT  =         0.0000
 DV/DL  =        -2.6168
 ------------------------------------------------------------------------------

 NMR restraints: Bond =    0.000   Angle =     0.000   Torsion =     0.000
===============================================================================

| TI region  1


 NSTEP =     5000   TIME(PS) =      10.000  TEMP(K) =    15.16  PRESS =     0.0
 Etot   =        11.2739  EKtot   =         0.2710  EPtot      =        11.0029
 BOND   =         0.0234  ANGLE   =         2.8368  DIHED      =         5.2205
 1-4 NB =         0.3075  1-4 EEL =        10.3493  VDWAALS    =        -0.0001
 EELEC  =        -7.7346  EHBOND  =         0.0000  RESTRAINT  =         0.0000
 DV/DL  =        -2.6391
 ------------------------------------------------------------------------------


| TI region  2


 NSTEP =     5000   TIME(PS) =      10.000  TEMP(K) =    15.16  PRESS =     0.0
 Etot   =        11.2739  EKtot   =         0.2710  EPtot      =        11.0029
 BOND   =         0.0234  ANGLE   =         2.8368  DIHED      =         5.2205
 1-4 NB =         0.3075  1-4 EEL =        10.3493  VDWAALS    =        -0.0001
 EELEC  =        -7.7346  EHBOND  =         0.0000  RESTRAINT  =         0.0000
 DV/DL  =        -2.6391
 ------------------------------------------------------------------------------

 NMR restraints: Bond =    0.000   Angle =     0.000   Torsion =     0.000
===============================================================================

| TI region  1


 NSTEP =    10000   TIME(PS) =      20.000  TEMP(K) =    30.27  PRESS =     0.0
 Etot   =        11.7688  EKtot   =         0.5413  EPtot      =        11.2275
 BOND   =         0.1233  ANGLE   =         3.2331  DIHED      =         5.2313
 1-4 NB =         0.1673  1-4 EEL =        10.2076  VDWAALS    =        -0.0001
 EELEC  =        -7.7350  EHBOND  =         0.0000  RESTRAINT  =         0.0000
 DV/DL  =        -2.4956
 ------------------------------------------------------------------------------


| TI region  2


 NSTEP =    10000   TIME(PS) =      20.000  TEMP(K) =    30.27  PRESS =     0.0
 Etot   =        11.7688  EKtot   =         0.5413  EPtot      =        11.2275
 BOND   =         0.1233  ANGLE   =         3.2331  DIHED      =         5.2313
 1-4 NB =         0.1673  1-4 EEL =        10.2076  VDWAALS    =        -0.0001
 EELEC  =        -7.7350  EHBOND  =         0.0000  RESTRAINT  =         0.0000
 DV/DL  =        -2.4956
 ------------------------------------------------------------------------------

 NMR restraints: Bond =    0.000   Angle =     0.000   Torsion =     0.000
===============================================================================

| TI region  1


 NSTEP =    15000   TIME(PS) =      30.000  TEMP(K) =    78.99  PRESS =     0.0
 Etot   =        12.8573  EKtot   =         1.4127  EPtot      =        11.4446
 BOND   =         0.3579  ANGLE   =         3.1797  DIHED      =         5.2082
 1-4 NB =         0.2075  1-4 EEL =        10.2298  VDWAALS    =        -0.0001
 EELEC  =        -7.7385  EHBOND  =         0.0000  RESTRAINT  =         0.0000
 DV/DL  =        -2.5145
 ------------------------------------------------------------------------------


| TI region  2


 NSTEP =    15000   TIME(PS) =      30.000  TEMP(K) =    78.99  PRESS =     0.0
 Etot   =        12.8573  EKtot   =         1.4127  EPtot      =        11.4446
 BOND   =         0.3579  ANGLE   =         3.1797  DIHED      =         5.2082
 1-4 NB =         0.2075  1-4 EEL =        10.2298  VDWAALS    =        -0.0001
 EELEC  =        -7.7385  EHBOND  =         0.0000  RESTRAINT  =         0.0000
 DV/DL  =        -2.5145
 ------------------------------------------------------------------------------

 NMR restraints: Bond =    0.000   Angle =     0.000   Torsion =     0.000
===============================================================================

| TI region  1


 NSTEP =    20000   TIME(PS) =      40.000  TEMP(K) =    97.67  PRESS =     0.0
 Etot   =        13.1374  EKtot   =         1.7467  EPtot      =        11.3906
 BOND   =         0.0065  ANGLE   =         3.2252  DIHED      =         5.2192
 1-4 NB =         0.2994  1-4 EEL =        10.3744  VDWAALS    =        -0.0001
 EELEC  =        -7.7339  EHBOND  =         0.0000  RESTRAINT  =         0.0000
 DV/DL  =        -2.6650
 ------------------------------------------------------------------------------


| TI region  2


 NSTEP =    20000   TIME(PS) =      40.000  TEMP(K) =    97.67  PRESS =     0.0
 Etot   =        13.1374  EKtot   =         1.7467  EPtot      =        11.3906
 BOND   =         0.0065  ANGLE   =         3.2252  DIHED      =         5.2192
 1-4 NB =         0.2994  1-4 EEL =        10.3744  VDWAALS    =        -0.0001
 EELEC  =        -7.7339  EHBOND  =         0.0000  RESTRAINT  =         0.0000
 DV/DL  =        -2.6650
 ------------------------------------------------------------------------------

 NMR restraints: Bond =    0.000   Angle =     0.000   Torsion =     0.000
===============================================================================

| TI region  1


 NSTEP =    25000   TIME(PS) =      50.000  TEMP(K) =   110.05  PRESS =     0.0
 Etot   =        13.8643  EKtot   =         1.9682  EPtot      =        11.8961
 BOND   =         0.4530  ANGLE   =         3.2503  DIHED      =         5.2167
 1-4 NB =         0.3230  1-4 EEL =        10.3862  VDWAALS    =        -0.0001
 EELEC  =        -7.7330  EHBOND  =         0.0000  RESTRAINT  =         0.0000
 DV/DL  =        -2.6780
 ------------------------------------------------------------------------------


| TI region  2


 NSTEP =    25000   TIME(PS) =      50.000  TEMP(K) =   110.05  PRESS =     0.0
 Etot   =        13.8643  EKtot   =         1.9682  EPtot      =        11.8961
 BOND   =         0.4530  ANGLE   =         3.2503  DIHED      =         5.2167
 1-4 NB =         0.3230  1-4 EEL =        10.3862  VDWAALS    =        -0.0001
 EELEC  =        -7.7330  EHBOND  =         0.0000  RESTRAINT  =         0.0000
 DV/DL  =        -2.6780
 ------------------------------------------------------------------------------

 NMR restraints: Bond =    0.000   Angle =     0.000   Torsion =     0.000
===============================================================================

| TI region  1


 NSTEP =    30000   TIME(PS) =      60.000  TEMP(K) =   163.28  PRESS =     0.0
 Etot   =        14.6961  EKtot   =         2.9201  EPtot      =        11.7760
 BOND   =         0.1258  ANGLE   =         3.6154  DIHED      =         5.2427
 1-4 NB =         0.2587  1-4 EEL =        10.2711  VDWAALS    =        -0.0001
 EELEC  =        -7.7377  EHBOND  =         0.0000  RESTRAINT  =         0.0000
 DV/DL  =        -2.5570
 ------------------------------------------------------------------------------


| TI region  2


 NSTEP =    30000   TIME(PS) =      60.000  TEMP(K) =   163.28  PRESS =     0.0
 Etot   =        14.6961  EKtot   =         2.9201  EPtot      =        11.7760
 BOND   =         0.1258  ANGLE   =         3.6154  DIHED      =         5.2427
 1-4 NB =         0.2587  1-4 EEL =        10.2711  VDWAALS    =        -0.0001
 EELEC  =        -7.7377  EHBOND  =         0.0000  RESTRAINT  =         0.0000
 DV/DL  =        -2.5570
 ------------------------------------------------------------------------------

 NMR restraints: Bond =    0.000   Angle =     0.000   Torsion =     0.000
===============================================================================

| TI region  1


 NSTEP =    35000   TIME(PS) =      70.000  TEMP(K) =   135.63  PRESS =     0.0
 Etot   =        16.2345  EKtot   =         2.4257  EPtot      =        13.8088
 BOND   =         0.7610  ANGLE   =         4.9180  DIHED      =         5.3352
 1-4 NB =         0.2028  1-4 EEL =        10.3228  VDWAALS    =        -0.0001
 EELEC  =        -7.7308  EHBOND  =         0.0000  RESTRAINT  =         0.0000
 DV/DL  =        -2.6161
 ------------------------------------------------------------------------------


| TI region  2


 NSTEP =    35000   TIME(PS) =      70.000  TEMP(K) =   135.63  PRESS =     0.0
 Etot   =        16.2345  EKtot   =         2.4257  EPtot      =        13.8088
 BOND   =         0.7610  ANGLE   =         4.9180  DIHED      =         5.3352
 1-4 NB =         0.2028  1-4 EEL =        10.3228  VDWAALS    =        -0.0001
 EELEC  =        -7.7308  EHBOND  =         0.0000  RESTRAINT  =         0.0000
 DV/DL  =        -2.6161
 ------------------------------------------------------------------------------

 NMR restraints: Bond =    0.000   Angle =     0.000   Torsion =     0.000
===============================================================================

| TI region  1


 NSTEP =    40000   TIME(PS) =      80.000  TEMP(K) =   116.09  PRESS =     0.0
 Etot   =        14.2597  EKtot   =         2.0763  EPtot      =        12.1835
 BOND   =         0.2701  ANGLE   =         3.8774  DIHED      =         5.2108
 1-4 NB =         0.2518  1-4 EEL =        10.3072  VDWAALS    =        -0.0001
 EELEC  =        -7.7338  EHBOND  =         0.0000  RESTRAINT  =         0.0000
 DV/DL  =        -2.5974
 ------------------------------------------------------------------------------


| TI region  2


 NSTEP =    40000   TIME(PS) =      80.000  TEMP(K) =   116.09  PRESS =     0.0
 Etot   =        14.2597  EKtot   =         2.0763  EPtot      =        12.1835
 BOND   =         0.2701  ANGLE   =         3.8774  DIHED      =         5.2108
 1-4 NB =         0.2518  1-4 EEL =        10.3072  VDWAALS    =        -0.0001
 EELEC  =        -7.7338  EHBOND  =         0.0000  RESTRAINT  =         0.0000
 DV/DL  =        -2.5974
 ------------------------------------------------------------------------------

 NMR restraints: Bond =    0.000   Angle =     0.000   Torsion =     0.000
===============================================================================

| TI region  1


 NSTEP =    45000   TIME(PS) =      90.000  TEMP(K) =   239.47  PRESS =     0.0
 Etot   =        16.6818  EKtot   =         4.2828  EPtot      =        12.3990
 BOND   =         0.2012  ANGLE   =         3.7889  DIHED      =         5.2058
 1-4 NB =         0.4956  1-4 EEL =        10.4422  VDWAALS    =        -0.0001
 EELEC  =        -7.7345  EHBOND  =         0.0000  RESTRAINT  =         0.0000
 DV/DL  =        -2.7329
 ------------------------------------------------------------------------------


| TI region  2


 NSTEP =    45000   TIME(PS) =      90.000  TEMP(K) =   239.47  PRESS =     0.0
 Etot   =        16.6818  EKtot   =         4.2828  EPtot      =        12.3990
 BOND   =         0.2012  ANGLE   =         3.7889  DIHED      =         5.2058
 1-4 NB =         0.4956  1-4 EEL =        10.4422  VDWAALS    =        -0.0001
 EELEC  =        -7.7345  EHBOND  =         0.0000  RESTRAINT  =         0.0000
 DV/DL  =        -2.7329
 ------------------------------------------------------------------------------

 NMR restraints: Bond =    0.000   Angle =     0.000   Torsion =     0.000
===============================================================================

| TI region  1


 NSTEP =    50000   TIME(PS) =     100.000  TEMP(K) =   146.70  PRESS =     0.0
 Etot   =        15.4697  EKtot   =         2.6237  EPtot      =        12.8460
 BOND   =         0.5672  ANGLE   =         4.3179  DIHED      =         5.2198
 1-4 NB =         0.2112  1-4 EEL =        10.2667  VDWAALS    =        -0.0001
 EELEC  =        -7.7366  EHBOND  =         0.0000  RESTRAINT  =         0.0000
 DV/DL  =        -2.5536
 ------------------------------------------------------------------------------


| TI region  2


 NSTEP =    50000   TIME(PS) =     100.000  TEMP(K) =   146.70  PRESS =     0.0
 Etot   =        15.4697  EKtot   =         2.6237  EPtot      =        12.8460
 BOND   =         0.5672  ANGLE   =         4.3179  DIHED      =         5.2198
 1-4 NB =         0.2112  1-4 EEL =        10.2667  VDWAALS    =        -0.0001
 EELEC  =        -7.7366  EHBOND  =         0.0000  RESTRAINT  =         0.0000
 DV/DL  =        -2.5536
 ------------------------------------------------------------------------------

 NMR restraints: Bond =    0.000   Angle =     0.000   Torsion =     0.000
===============================================================================

| TI region  1


 NSTEP =    55000   TIME(PS) =     110.000  TEMP(K) =   131.29  PRESS =     0.0
 Etot   =        15.1640  EKtot   =         2.3481  EPtot      =        12.8159
 BOND   =         0.7419  ANGLE   =         3.4804  DIHED      =         5.3038
 1-4 NB =         0.5146  1-4 EEL =        10.5096  VDWAALS    =        -0.0001
 EELEC  =        -7.7344  EHBOND  =         0.0000  RESTRAINT  =         0.0000
 DV/DL  =        -2.8011
 ------------------------------------------------------------------------------


| TI region  2


 NSTEP =    55000   TIME(PS) =     110.000  TEMP(K) =   131.29  PRESS =     0.0
 Etot   =        15.1640  EKtot   =         2.3481  EPtot      =        12.8159
 BOND   =         0.7419  ANGLE   =         3.4804  DIHED      =         5.3038
 1-4 NB =         0.5146  1-4 EEL =        10.5096  VDWAALS    =        -0.0001
 EELEC  =        -7.7344  EHBOND  =         0.0000  RESTRAINT  =         0.0000
 DV/DL  =        -2.8011
 ------------------------------------------------------------------------------

 NMR restraints: Bond =    0.000   Angle =     0.000   Torsion =     0.000
===============================================================================

| TI region  1


 NSTEP =    60000   TIME(PS) =     120.000  TEMP(K) =   180.37  PRESS =     0.0
 Etot   =        16.3204  EKtot   =         3.2259  EPtot      =        13.0945
 BOND   =         0.4301  ANGLE   =         4.0566  DIHED      =         5.2318
 1-4 NB =         0.5847  1-4 EEL =        10.5332  VDWAALS    =        -0.0001
 EELEC  =        -7.7418  EHBOND  =         0.0000  RESTRAINT  =         0.0000
 DV/DL  =        -2.8173
 ------------------------------------------------------------------------------


| TI region  2


 NSTEP =    60000   TIME(PS) =     120.000  TEMP(K) =   180.37  PRESS =     0.0
 Etot   =        16.3204  EKtot   =         3.2259  EPtot      =        13.0945
 BOND   =         0.4301  ANGLE   =         4.0566  DIHED      =         5.2318
 1-4 NB =         0.5847  1-4 EEL =        10.5332  VDWAALS    =        -0.0001
 EELEC  =        -7.7418  EHBOND  =         0.0000  RESTRAINT  =         0.0000
 DV/DL  =        -2.8173
 ------------------------------------------------------------------------------

 NMR restraints: Bond =    0.000   Angle =     0.000   Torsion =     0.000
===============================================================================

| TI region  1


 NSTEP =    65000   TIME(PS) =     130.000  TEMP(K) =   453.34  PRESS =     0.0
 Etot   =        21.3555  EKtot   =         8.1079  EPtot      =        13.2476
 BOND   =         0.6232  ANGLE   =         4.3594  DIHED      =         5.2359
 1-4 NB =         0.3460  1-4 EEL =        10.4212  VDWAALS    =        -0.0001
 EELEC  =        -7.7380  EHBOND  =         0.0000  RESTRAINT  =         0.0000
 DV/DL  =        -2.7081
 ------------------------------------------------------------------------------


| TI region  2


 NSTEP =    65000   TIME(PS) =     130.000  TEMP(K) =   453.34  PRESS =     0.0
 Etot   =        21.3555  EKtot   =         8.1079  EPtot      =        13.2476
 BOND   =         0.6232  ANGLE   =         4.3594  DIHED      =         5.2359
 1-4 NB =         0.3460  1-4 EEL =        10.4212  VDWAALS    =        -0.0001
 EELEC  =        -7.7380  EHBOND  =         0.0000  RESTRAINT  =         0.0000
 DV/DL  =        -2.7081
 ------------------------------------------------------------------------------

 NMR restraints: Bond =    0.000   Angle =     0.000   Torsion =     0.000
===============================================================================

| TI region  1


 NSTEP =    70000   TIME(PS) =     140.000  TEMP(K) =   177.78  PRESS =     0.0
 Etot   =        15.4524  EKtot   =         3.1795  EPtot      =        12.2729
 BOND   =         0.2803  ANGLE   =         3.5161  DIHED      =         5.3181
 1-4 NB =         0.4120  1-4 EEL =        10.4772  VDWAALS    =        -0.0001
 EELEC  =        -7.7308  EHBOND  =         0.0000  RESTRAINT  =         0.0000
 DV/DL  =        -2.7720
 ------------------------------------------------------------------------------


| TI region  2


 NSTEP =    70000   TIME(PS) =     140.000  TEMP(K) =   177.78  PRESS =     0.0
 Etot   =        15.4524  EKtot   =         3.1795  EPtot      =        12.2729
 BOND   =         0.2803  ANGLE   =         3.5161  DIHED      =         5.3181
 1-4 NB =         0.4120  1-4 EEL =        10.4772  VDWAALS    =        -0.0001
 EELEC  =        -7.7308  EHBOND  =         0.0000  RESTRAINT  =         0.0000
 DV/DL  =        -2.7720
 ------------------------------------------------------------------------------

 NMR restraints: Bond =    0.000   Angle =     0.000   Torsion =     0.000
===============================================================================

| TI region  1


 NSTEP =    75000   TIME(PS) =     150.000  TEMP(K) =   202.47  PRESS =     0.0
 Etot   =        16.1913  EKtot   =         3.6212  EPtot      =        12.5701
 BOND   =         0.3075  ANGLE   =         3.7364  DIHED      =         5.2106
 1-4 NB =         0.5333  1-4 EEL =        10.5177  VDWAALS    =        -0.0001
 EELEC  =        -7.7351  EHBOND  =         0.0000  RESTRAINT  =         0.0000
 DV/DL  =        -2.8084
 ------------------------------------------------------------------------------


| TI region  2


 NSTEP =    75000   TIME(PS) =     150.000  TEMP(K) =   202.47  PRESS =     0.0
 Etot   =        16.1913  EKtot   =         3.6212  EPtot      =        12.5701
 BOND   =         0.3075  ANGLE   =         3.7364  DIHED      =         5.2106
 1-4 NB =         0.5333  1-4 EEL =        10.5177  VDWAALS    =        -0.0001
 EELEC  =        -7.7351  EHBOND  =         0.0000  RESTRAINT  =         0.0000
 DV/DL  =        -2.8084
 ------------------------------------------------------------------------------

 NMR restraints: Bond =    0.000   Angle =     0.000   Torsion =     0.000
===============================================================================

| TI region  1


 NSTEP =    80000   TIME(PS) =     160.000  TEMP(K) =   216.34  PRESS =     0.0
 Etot   =        15.7164  EKtot   =         3.8691  EPtot      =        11.8473
 BOND   =         0.5068  ANGLE   =         3.2878  DIHED      =         5.2375
 1-4 NB =         0.2318  1-4 EEL =        10.3175  VDWAALS    =        -0.0001
 EELEC  =        -7.7339  EHBOND  =         0.0000  RESTRAINT  =         0.0000
 DV/DL  =        -2.6077
 ------------------------------------------------------------------------------


| TI region  2


 NSTEP =    80000   TIME(PS) =     160.000  TEMP(K) =   216.34  PRESS =     0.0
 Etot   =        15.7164  EKtot   =         3.8691  EPtot      =        11.8473
 BOND   =         0.5068  ANGLE   =         3.2878  DIHED      =         5.2375
 1-4 NB =         0.2318  1-4 EEL =        10.3175  VDWAALS    =        -0.0001
 EELEC  =        -7.7339  EHBOND  =         0.0000  RESTRAINT  =         0.0000
 DV/DL  =        -2.6077
 ------------------------------------------------------------------------------

 NMR restraints: Bond =    0.000   Angle =     0.000   Torsion =     0.000
===============================================================================

| TI region  1


 NSTEP =    85000   TIME(PS) =     170.000  TEMP(K) =   204.82  PRESS =     0.0
 Etot   =        19.5842  EKtot   =         3.6632  EPtot      =        15.9210
 BOND   =         1.7674  ANGLE   =         5.8866  DIHED      =         5.2756
 1-4 NB =         0.3709  1-4 EEL =        10.3569  VDWAALS    =        -0.0001
 EELEC  =        -7.7362  EHBOND  =         0.0000  RESTRAINT  =         0.0000
 DV/DL  =        -2.6450
 ------------------------------------------------------------------------------


| TI region  2


 NSTEP =    85000   TIME(PS) =     170.000  TEMP(K) =   204.82  PRESS =     0.0
 Etot   =        19.5842  EKtot   =         3.6632  EPtot      =        15.9210
 BOND   =         1.7674  ANGLE   =         5.8866  DIHED      =         5.2756
 1-4 NB =         0.3709  1-4 EEL =        10.3569  VDWAALS    =        -0.0001
 EELEC  =        -7.7362  EHBOND  =         0.0000  RESTRAINT  =         0.0000
 DV/DL  =        -2.6450
 ------------------------------------------------------------------------------

 NMR restraints: Bond =    0.000   Angle =     0.000   Torsion =     0.000
===============================================================================

| TI region  1


 NSTEP =    90000   TIME(PS) =     180.000  TEMP(K) =   283.92  PRESS =     0.0
 Etot   =        19.4396  EKtot   =         5.0779  EPtot      =        14.3617
 BOND   =         0.9759  ANGLE   =         5.4055  DIHED      =         5.3705
 1-4 NB =         0.1487  1-4 EEL =        10.1983  VDWAALS    =        -0.0001
 EELEC  =        -7.7370  EHBOND  =         0.0000  RESTRAINT  =         0.0000
 DV/DL  =        -2.4841
 ------------------------------------------------------------------------------


| TI region  2


 NSTEP =    90000   TIME(PS) =     180.000  TEMP(K) =   283.92  PRESS =     0.0
 Etot   =        19.4396  EKtot   =         5.0779  EPtot      =        14.3617
 BOND   =         0.9759  ANGLE   =         5.4055  DIHED      =         5.3705
 1-4 NB =         0.1487  1-4 EEL =        10.1983  VDWAALS    =        -0.0001
 EELEC  =        -7.7370  EHBOND  =         0.0000  RESTRAINT  =         0.0000
 DV/DL  =        -2.4841
 ------------------------------------------------------------------------------

 NMR restraints: Bond =    0.000   Angle =     0.000   Torsion =     0.000
===============================================================================

| TI region  1


 NSTEP =    95000   TIME(PS) =     190.000  TEMP(K) =   317.31  PRESS =     0.0
 Etot   =        18.1506  EKtot   =         5.6751  EPtot      =        12.4755
 BOND   =         0.2826  ANGLE   =         3.8625  DIHED      =         5.2634
 1-4 NB =         0.3455  1-4 EEL =        10.4540  VDWAALS    =        -0.0001
 EELEC  =        -7.7324  EHBOND  =         0.0000  RESTRAINT  =         0.0000
 DV/DL  =        -2.7470
 ------------------------------------------------------------------------------


| TI region  2


 NSTEP =    95000   TIME(PS) =     190.000  TEMP(K) =   317.31  PRESS =     0.0
 Etot   =        18.1506  EKtot   =         5.6751  EPtot      =        12.4755
 BOND   =         0.2826  ANGLE   =         3.8625  DIHED      =         5.2634
 1-4 NB =         0.3455  1-4 EEL =        10.4540  VDWAALS    =        -0.0001
 EELEC  =        -7.7324  EHBOND  =         0.0000  RESTRAINT  =         0.0000
 DV/DL  =        -2.7470
 ------------------------------------------------------------------------------

 NMR restraints: Bond =    0.000   Angle =     0.000   Torsion =     0.000
===============================================================================

| TI region  1


 NSTEP =   100000   TIME(PS) =     200.000  TEMP(K) =   422.76  PRESS =     0.0
 Etot   =        21.2664  EKtot   =         7.5609  EPtot      =        13.7055
 BOND   =         0.1904  ANGLE   =         5.2373  DIHED      =         5.3169
 1-4 NB =         0.3516  1-4 EEL =        10.3400  VDWAALS    =        -0.0001
 EELEC  =        -7.7305  EHBOND  =         0.0000  RESTRAINT  =         0.0000
 DV/DL  =        -2.6337
 ------------------------------------------------------------------------------


| TI region  2


 NSTEP =   100000   TIME(PS) =     200.000  TEMP(K) =   422.76  PRESS =     0.0
 Etot   =        21.2664  EKtot   =         7.5609  EPtot      =        13.7055
 BOND   =         0.1904  ANGLE   =         5.2373  DIHED      =         5.3169
 1-4 NB =         0.3516  1-4 EEL =        10.3400  VDWAALS    =        -0.0001
 EELEC  =        -7.7305  EHBOND  =         0.0000  RESTRAINT  =         0.0000
 DV/DL  =        -2.6337
 ------------------------------------------------------------------------------

 NMR restraints: Bond =    0.000   Angle =     0.000   Torsion =     0.000
===============================================================================

| TI region  1


      A V E R A G E S   O V E R      20 S T E P S


 NSTEP =   100000   TIME(PS) =     200.000  TEMP(K) =   186.18  PRESS =     0.0
 Etot   =        15.9442  EKtot   =         3.3299  EPtot      =        12.6144
 BOND   =         0.4498  ANGLE   =         3.9536  DIHED      =         5.2537
 1-4 NB =         0.3282  1-4 EEL =        10.3641  VDWAALS    =        -0.0001
 EELEC  =        -7.7349  EHBOND  =         0.0000  RESTRAINT  =         0.0000
 DV/DL  =        -2.6537
 ------------------------------------------------------------------------------

 NMR restraints: Bond =    0.000   Angle =     0.000   Torsion =     0.000
===============================================================================

      R M S  F L U C T U A T I O N S


 NSTEP =   100000   TIME(PS) =     200.000  TEMP(K) =   111.76  PRESS =     0.0
 Etot   =         2.7864  EKtot   =         1.9988  EPtot      =         1.1596
 BOND   =         0.3924  ANGLE   =         0.8119  DIHED      =         0.0480
 1-4 NB =         0.1233  1-4 EEL =         0.1001  VDWAALS    =         0.0000
 EELEC  =         0.0028  EHBOND  =         0.0000  RESTRAINT  =         0.0000
 DV/DL  =         0.1012
 ------------------------------------------------------------------------------


| TI region  2


      A V E R A G E S   O V E R      20 S T E P S


 NSTEP =   100000   TIME(PS) =     200.000  TEMP(K) =   186.18  PRESS =     0.0
 Etot   =        15.9442  EKtot   =         3.3299  EPtot      =        12.6144
 BOND   =         0.4498  ANGLE   =         3.9536  DIHED      =         5.2537
 1-4 NB =         0.3282  1-4 EEL =        10.3641  VDWAALS    =        -0.0001
 EELEC  =        -7.7349  EHBOND  =         0.0000  RESTRAINT  =         0.0000
 DV/DL  =        -2.6537
 ------------------------------------------------------------------------------

 NMR restraints: Bond =    0.000   Angle =     0.000   Torsion =     0.000
===============================================================================

      R M S  F L U C T U A T I O N S


 NSTEP =   100000   TIME(PS) =     200.000  TEMP(K) =   111.76  PRESS =     0.0
 Etot   =         2.7864  EKtot   =         1.9988  EPtot      =         1.1596
 BOND   =         0.3924  ANGLE   =         0.8119  DIHED      =         0.0480
 1-4 NB =         0.1233  1-4 EEL =         0.1001  VDWAALS    =         0.0000
 EELEC  =         0.0028  EHBOND  =         0.0000  RESTRAINT  =         0.0000
 DV/DL  =         0.1012
 ------------------------------------------------------------------------------


      DV/DL, AVERAGES OVER      20 STEPS


 NSTEP =   100000   TIME(PS) =     200.000  TEMP(K) =   111.76  PRESS =     0.0
 Etot   =         0.0000  EKtot   =         0.0000  EPtot      =        -2.6537
 BOND   =         0.0000  ANGLE   =         0.0000  DIHED      =         0.0000
 1-4 NB =         0.0000  1-4 EEL =       -10.4606  VDWAALS    =         0.0000
 EELEC  =         7.8069  EHBOND  =         0.0000  RESTRAINT  =         0.0000
 DV/DL  =        -2.6537
 ------------------------------------------------------------------------------


 NMR restraints on final step:

--------------------------------------------------------------------------------
   5.  TIMINGS
--------------------------------------------------------------------------------

|  NonSetup CPU Time in Major Routines:
|
|     Routine           Sec        %
|     ------------------------------
|     Nonbond          25.28   36.33
|     Bond              0.00    0.00
|     Angle             0.00    0.00
|     Dihedral          0.00    0.00
|     Shake             0.76    1.10
|     RunMD            43.28   62.20
|     Other             0.26    0.38
|     ------------------------------
|     Total            69.59

|  PME Nonbond Pairlist CPU Time:
|
|     Routine              Sec        %
|     ---------------------------------
|     Set Up Cit           0.00    0.00
|     Build List           0.00    0.00
|     ---------------------------------
|     Total                0.00    0.00

|  PME Direct Force CPU Time:
|
|     Routine              Sec        %
|     ---------------------------------
|     NonBonded Calc       0.00    0.00
|     Exclude Masked       0.00    0.00
|     Other                0.19    0.27
|     ---------------------------------
|     Total                0.19    0.27

|  PME Reciprocal Force CPU Time:
|
|     Routine              Sec        %
|     ---------------------------------
|     1D bspline           0.00    0.00
|     Grid Charges         0.00    0.00
|     Scalar Sum           0.00    0.00
|     Gradient Sum         0.00    0.00
|     FFT                  0.00    0.00
|     ---------------------------------
|     Total                0.00    0.00

|  Final Performance Info:
|     -----------------------------------------------------
|     Average timings for last   15000 steps:
|     Elapsed(s) =      11.50 Per Step(ms) =       0.77
|         ns/day =     225.47   seconds/ns =     383.20
|
|     Average timings for all steps:
|     Elapsed(s) =      70.70 Per Step(ms) =       0.71
|         ns/day =     244.43   seconds/ns =     353.48
|     -----------------------------------------------------

|  Setup CPU time:            0.44 seconds
|  NonSetup CPU time:        69.59 seconds
|  Total CPU time:           70.03 seconds     0.02 hours

|  Setup wall time:           1    seconds
|  NonSetup wall time:       71    seconds
|  Total wall time:          72    seconds     0.02 hours
