
          -------------------------------------------------------
          Amber 18 PMEMD                              2018
          -------------------------------------------------------

| PMEMD implementation of SANDER, Release 18

| Run on 06/20/2020 at 06:17:35

|   Executable path: /opt/software/Amber/18-foss-2018b-AmberTools-19/bin/pmemd.cuda
| Working directory: /mnt/gs18/scratch/users/songlin3/run/1264_optimization/acetate/two_steps_spce/step2/0.95206
|          Hostname: lac-028

  [-O]verwriting output

File Assignments:
|   MDIN: heat.in                                                               
|  MDOUT: heat.out                                                              
| INPCRD: min.rst                                                               
|   PARM: step2.prmtop                                                          
| RESTRT: heat.rst                                                              
|   REFC: min.rst                                                               
|  MDVEL: mdvel                                                                 
|   MDEN: mden                                                                  
|  MDCRD: heat.netcdf                                                           
| MDINFO: heat.mdinfo                                                           
|  MDFRC: mdfrc                                                                 


 Here is the input file:

nvt for free MD                                                                
 &cntrl                                                                        
  imin=0,                                                                      
  irest=0,                                                                     
  ntx=1,                                                                       
  ig=-1,                                                                       
  nstlim=200000,                                                               
  dt=0.001,                                                                    
  cut=10.0,                                                                    
  ntc=1,                                                                       
  ntf=1,                                                                       
  ntb=1,                                                                       
  ntt=3,                                                                       
  gamma_ln=2.0,                                                                
  tempi=0.0,                                                                   
  temp0=300.0,                                                                 
  ntpr=5000,                                                                   
  ntwr=5000,                                                                   
  ntwx=10000,                                                                  
  ntwv=0,                                                                      
  ioutfm=1,                                                                    
  iwrap=0,                                                                     
  nmropt=1,                                                                    
  ifsc = 1, icfe=1,                                                            
  clambda=0.95206,                                                             
  timask1=':1', scmask1=':1', scmask2='',                                      
  timask2='', crgmask = ':1',                                                  
/                                                                              
&wt TYPE='TEMP0', istep1=0, istep2=190000, value1=0.0, value2=300.0 /          
&wt TYPE='TEMP0', istep1=190001, istep2=200000, value1=300.0, value2=300.0 /   
&wt TYPE='DUMPFREQ', istep1=10000, /                                           
&wt TYPE='END', /                                                              


Note: ig = -1. Setting random seed to   171426 based on wallclock time in 
      microseconds.
| irandom = 1, using AMBER's internal random number generator (default).
 
|--------------------- INFORMATION ----------------------
| GPU (CUDA) Version of PMEMD in use: NVIDIA GPU IN USE.
|                    Version 18.0.0
| 
|                      03/25/2018
| 
| Implementation by:
|                    Ross C. Walker     (SDSC)
|                    Scott Le Grand     (nVIDIA)
| 
| Version 18 performance extensions by:
|                    David Cerutti     (Rutgers)
| 
| Precision model in use:
|      [SPFP] - Single Precision Forces, 64-bit Fixed Point
|               Accumulation. (Default)
| 
|--------------------------------------------------------
 
|----------------- CITATION INFORMATION -----------------
|
|    When publishing work that utilized the CUDA version
|    of AMBER, please cite the following in addition to
|    the regular AMBER citations:
|
|  - Romelia Salomon-Ferrer; Andreas W. Goetz; Duncan
|    Poole; Scott Le Grand; Ross C. Walker "Routine
|    microsecond molecular dynamics simulations with
|    AMBER - Part II: Particle Mesh Ewald", J. Chem.
|    Theory Comput., 2013, 9 (9), pp3878-3888,
|    DOI: 10.1021/ct400314y.
|
|  - Andreas W. Goetz; Mark J. Williamson; Dong Xu;
|    Duncan Poole; Scott Le Grand; Ross C. Walker
|    "Routine microsecond molecular dynamics simulations
|    with AMBER - Part I: Generalized Born", J. Chem.
|    Theory Comput., 2012, 8 (5), pp1542-1555.
|
|  - Scott Le Grand; Andreas W. Goetz; Ross C. Walker
|    "SPFP: Speed without compromise - a mixed precision
|    model for GPU accelerated molecular dynamics
|    simulations.", Comp. Phys. Comm., 2013, 184
|    pp374-380, DOI: 10.1016/j.cpc.2012.09.022
|
|    When publishing work that utilized the CUDA version
|    of TI, BAR, MBAR or FEP please cite the following 
|    three publications in addition to the regular AMBER 
|    GPU citations:
|
|  - Daniel J. Mermelstein; Charles Lin; Gard Nelson; 
|    Rachael Kretsch; J. Andrew McCammon; Ross C. Walker
|    "Fast and Flexible GPU Accelerated Binding 
|    Free Energy Calculations within the AMBER Molecular
|    Dynamics Package" J. Comp. Chem., 2018,
|    DOI: 10.1002/jcc.25187
|
|  - Tai-Sung Lee; Yuan Hu; Brad Sherborne; Zhuyan Guo;
|    Darrin M. York
|    "Toward Fast and Accurate Binding Affinity Prediction with
|    pmemdGTI: An Efficient Implementation of GPU-Accelerated
|    Thermodynamic Integration"
|    J. Chem. Theory Comput., 2017, 13 (7), 3077
|
|
|--------------------------------------------------------
 
|------------------- GPU DEVICE INFO --------------------
|
|            CUDA_VISIBLE_DEVICES: 0
|   CUDA Capable Devices Detected:      1
|           CUDA Device ID in use:      0
|                CUDA Device Name: Tesla K80
|     CUDA Device Global Mem Size:  12206 MB
| CUDA Device Num Multiprocessors:     13
|           CUDA Device Core Freq:   0.82 GHz
|
|--------------------------------------------------------
 
 
| Conditional Compilation Defines Used:
| PUBFFT
| BINTRAJ
| CUDA
| EMIL

| Largest sphere to fit in unit cell has radius =    27.333

| New format PARM file being parsed.
| Version =    1.000 Date = 06/18/20 Time = 20:41:37

| Note: 1-4 EEL scale factors are being read from the topology file.

| Note: 1-4 VDW scale factors are being read from the topology file.
| Duplicated    0 dihedrals

| Duplicated    0 dihedrals

--------------------------------------------------------------------------------
   1.  RESOURCE   USE: 
--------------------------------------------------------------------------------

 getting box info from netcdf restart file
 NATOM  =   20845 NTYPES =       6 NBONH =   20841 MBONA  =       3
 NTHETH =       6 MTHETA =       3 NPHIH =      12 MPHIA  =       1
 NHPARM =       0 NPARM  =       0 NNB   =   27806 NRES   =    6947
 NBONA  =       3 NTHETA =       3 NPHIA =       1 NUMBND =       5
 NUMANG =       4 NPTRA  =       3 NATYP =       6 NPHB   =       1
 IFBOX  =       2 NMXRS  =       7 IFCAP =       0 NEXTRA =       0
 NCOPY  =       0

| Coordinate Index Table dimensions:    10   10   10
| Direct force subcell size =     6.6953    6.6953    6.6953

     BOX TYPE: TRUNCATED OCTAHEDRON

--------------------------------------------------------------------------------
   2.  CONTROL  DATA  FOR  THE  RUN
--------------------------------------------------------------------------------

default_name                                                                    

General flags:
     imin    =       0, nmropt  =       1

Nature and format of input:
     ntx     =       1, irest   =       0, ntrx    =       1

Nature and format of output:
     ntxo    =       2, ntpr    =    5000, ntrx    =       1, ntwr    =    5000
     iwrap   =       0, ntwx    =   10000, ntwv    =       0, ntwe    =       0
     ioutfm  =       1, ntwprt  =       0, idecomp =       0, rbornstat=      0

Potential function:
     ntf     =       1, ntb     =       1, igb     =       0, nsnb    =      25
     ipol    =       0, gbsa    =       0, iesp    =       0
     dielc   =   1.00000, cut     =  10.00000, intdiel =   1.00000

Frozen or restrained atoms:
     ibelly  =       0, ntr     =       0

Molecular dynamics:
     nstlim  =    200000, nscm    =      1000, nrespa  =         1
     t       =   0.00000, dt      =   0.00100, vlimit  =  -1.00000

Langevin dynamics temperature regulation:
     ig      =  171426
     temp0   = 300.00000, tempi   =   0.00000, gamma_ln=   2.00000

NMR refinement options:
     iscale  =       0, noeskp  =       1, ipnlty  =       1, mxsub   =       1
     scalm   = 100.00000, pencut  =   0.10000, tausw   =   0.10000

Free energy options:
     icfe    =       1, ifsc    =       1, klambda =       1
     clambda =  0.9521, scalpha =  0.5000, scbeta  = 12.0000
     sceeorder =       2
     dynlmb =  0.0000 logdvdl =       0

| Intermolecular bonds treatment:
|     no_intermolecular_bonds =       1

| Energy averages sample interval:
|     ene_avg_sampling =    5000

Ewald parameters:
     verbose =       0, ew_type =       0, nbflag  =       1, use_pme =       1
     vdwmeth =       1, eedmeth =       1, netfrc  =       1
     Box X =   66.953   Box Y =   66.953   Box Z =   66.953
     Alpha =  109.471   Beta  =  109.471   Gamma =  109.471
     NFFT1 =   64       NFFT2 =   64       NFFT3 =   64
     Cutoff=   10.000   Tol   =0.100E-04
     Ewald Coefficient =  0.27511
     Interpolation order =    4
     TI Mask 1 :1; matches      7 atoms
     TI Mask 2  matches      0 atoms
     TI region 1:   20845 atoms
     TI region 2:   20838 atoms
     SC Mask 1 :1; matches      7 atoms
Removing charge of      -0.8188 from atom       1
Removing charge of      -0.8188 from atom       2
Removing charge of       0.8054 from atom       3
Removing charge of      -0.1021 from atom       4
Removing charge of      -0.0219 from atom       5
Removing charge of      -0.0219 from atom       6
Removing charge of      -0.0219 from atom       7
Total charge of  -0.99999900 removed from       7 atoms
    No charge on TI atoms. Skipping extra recip sum.

--------------------------------------------------------------------------------
   3.  ATOMIC COORDINATES AND VELOCITIES
--------------------------------------------------------------------------------

default_name                                                                    
 begin time read from input coords =     0.000 ps



           Begin reading energy term weight changes/NMR restraints
 WEIGHT CHANGES:
 TEMP0         0 190000    0.000000  300.000000      0      0
 TEMP0    190001 200000  300.000000  300.000000      0      0
 DUMPFREQ  10000      0    0.000000    0.000000      0      0

 RESTRAINTS:
                          ** No restraint defined **

                  Done reading weight changes/NMR restraints


 
 Number of triangulated 3-point waters found:     6946
 Number of shake restraints removed in TI region  1 :        0
 Number of shake restraints removed in TI region  2 :        0

     Sum of charges for TI region  1 =  -0.00000762
     Forcing neutrality...


     Sum of charges for TI region  2 =  -0.00000762
     Forcing neutrality...

| Dynamic Memory, Types Used:
| Reals              914872
| Integers           792492

| Nonbonded Pairs Initial Allocation:     6305091

| GPU memory information (estimate):
| KB of GPU memory in use:         0
| KB of CPU memory in use:         0

--------------------------------------------------------------------------------
   4.  RESULTS
--------------------------------------------------------------------------------

   DOF for the SC part  1 of the system:   21

| TI region  1


 NSTEP =        0   TIME(PS) =       0.000  TEMP(K) =     0.00  PRESS =     0.0
 Etot   =    -99433.0707  EKtot   =         0.0000  EPtot      =    -99433.0707
 BOND   =      9090.3989  ANGLE   =        -0.0000  DIHED      =        -0.0000
 1-4 NB =         0.0000  1-4 EEL =         0.0000  VDWAALS    =     23900.4860
 EELEC  =   -132423.9557  EHBOND  =         0.0000  RESTRAINT  =         0.0000
 DV/DL  =         3.7207
 ------------------------------------------------------------------------------

  Softcore part of the system:       7 atoms,       TEMP(K)    =           0.00
 SC_Etot=         8.3324  SC_EKtot=         0.0000  SC_EPtot   =         8.3324
 SC_BOND=         0.0107  SC_ANGLE=         2.7863  SC_DIHED   =         5.2200
 SC_14NB=         0.3154  SC_14EEL=         0.0000  SC_VDW     =         0.0000
 SC_EEL =         0.0000
 SC_RES_DIST=     0.0000  SC_RES_ANG=       0.0000  SC_RES_TORS=         0.0000
 SC_EEL_DER=      0.0000  SC_VDW_DER=       0.0036  SC_DERIV   =         0.0036
 ------------------------------------------------------------------------------


| TI region  2


 NSTEP =        0   TIME(PS) =       0.000  TEMP(K) =     0.00  PRESS =     0.0
 Etot   =    -99433.0707  EKtot   =         0.0000  EPtot      =    -99433.0707
 BOND   =      9090.3989  ANGLE   =        -0.0000  DIHED      =        -0.0000
 1-4 NB =         0.0000  1-4 EEL =         0.0000  VDWAALS    =     23900.4860
 EELEC  =   -132423.9557  EHBOND  =         0.0000  RESTRAINT  =         0.0000
 DV/DL  =         3.7207
 ------------------------------------------------------------------------------

 NMR restraints: Bond =    0.000   Angle =     0.000   Torsion =     0.000
===============================================================================

| TI region  1


 NSTEP =     5000   TIME(PS) =       5.000  TEMP(K) =     7.36  PRESS =     0.0
 Etot   =    -99745.9952  EKtot   =       457.3582  EPtot      =   -100203.3534
 BOND   =      9582.0351  ANGLE   =         0.0000  DIHED      =        -0.0000
 1-4 NB =         0.0000  1-4 EEL =         0.0000  VDWAALS    =     25495.6470
 EELEC  =   -135281.0355  EHBOND  =         0.0000  RESTRAINT  =         0.0000
 DV/DL  =         4.8432
 ------------------------------------------------------------------------------

  Softcore part of the system:       7 atoms,       TEMP(K)    =          12.45
 SC_Etot=         8.6597  SC_EKtot=         0.2598  SC_EPtot   =         8.3999
 SC_BOND=         0.0274  SC_ANGLE=         2.8452  SC_DIHED   =         5.2231
 SC_14NB=         0.3043  SC_14EEL=         0.0000  SC_VDW     =         0.0000
 SC_EEL =         0.0000
 SC_RES_DIST=     0.0000  SC_RES_ANG=       0.0000  SC_RES_TORS=         0.0000
 SC_EEL_DER=     -0.0000  SC_VDW_DER=       0.0029  SC_DERIV   =         0.0029
 ------------------------------------------------------------------------------


| TI region  2


 NSTEP =     5000   TIME(PS) =       5.000  TEMP(K) =     7.36  PRESS =     0.0
 Etot   =    -99746.2550  EKtot   =       457.0984  EPtot      =   -100203.3534
 BOND   =      9582.0351  ANGLE   =         0.0000  DIHED      =        -0.0000
 1-4 NB =         0.0000  1-4 EEL =         0.0000  VDWAALS    =     25495.6470
 EELEC  =   -135281.0355  EHBOND  =         0.0000  RESTRAINT  =         0.0000
 DV/DL  =         4.8432
 ------------------------------------------------------------------------------

 NMR restraints: Bond =    0.000   Angle =     0.000   Torsion =     0.000
===============================================================================

| TI region  1


 NSTEP =    10000   TIME(PS) =      10.000  TEMP(K) =    15.05  PRESS =     0.0
 Etot   =    -98859.7152  EKtot   =       934.9570  EPtot      =    -99794.6722
 BOND   =      9801.0151  ANGLE   =         0.0000  DIHED      =        -0.0000
 1-4 NB =         0.0000  1-4 EEL =         0.0000  VDWAALS    =     25504.6111
 EELEC  =   -135100.2984  EHBOND  =         0.0000  RESTRAINT  =         0.0000
 DV/DL  =         5.2825
 ------------------------------------------------------------------------------

  Softcore part of the system:       7 atoms,       TEMP(K)    =          12.37
 SC_Etot=         8.7562  SC_EKtot=         0.2582  SC_EPtot   =         8.4981
 SC_BOND=         0.0905  SC_ANGLE=         2.8794  SC_DIHED   =         5.2233
 SC_14NB=         0.3049  SC_14EEL=         0.0000  SC_VDW     =         0.0000
 SC_EEL =         0.0000
 SC_RES_DIST=     0.0000  SC_RES_ANG=       0.0000  SC_RES_TORS=         0.0000
 SC_EEL_DER=      0.0000  SC_VDW_DER=       0.0033  SC_DERIV   =         0.0033
 ------------------------------------------------------------------------------


| TI region  2


 NSTEP =    10000   TIME(PS) =      10.000  TEMP(K) =    15.05  PRESS =     0.0
 Etot   =    -98859.9733  EKtot   =       934.6989  EPtot      =    -99794.6722
 BOND   =      9801.0151  ANGLE   =         0.0000  DIHED      =        -0.0000
 1-4 NB =         0.0000  1-4 EEL =         0.0000  VDWAALS    =     25504.6111
 EELEC  =   -135100.2984  EHBOND  =         0.0000  RESTRAINT  =         0.0000
 DV/DL  =         5.2825
 ------------------------------------------------------------------------------

 NMR restraints: Bond =    0.000   Angle =     0.000   Torsion =     0.000
===============================================================================

| TI region  1


 NSTEP =    15000   TIME(PS) =      15.000  TEMP(K) =    22.98  PRESS =     0.0
 Etot   =    -97999.4810  EKtot   =      1427.5948  EPtot      =    -99427.0759
 BOND   =      9930.0551  ANGLE   =         0.0000  DIHED      =        -0.0000
 1-4 NB =         0.0000  1-4 EEL =         0.0000  VDWAALS    =     25363.1760
 EELEC  =   -134720.3069  EHBOND  =         0.0000  RESTRAINT  =         0.0000
 DV/DL  =         5.8198
 ------------------------------------------------------------------------------

  Softcore part of the system:       7 atoms,       TEMP(K)    =          14.06
 SC_Etot=         8.9319  SC_EKtot=         0.2935  SC_EPtot   =         8.6385
 SC_BOND=         0.0913  SC_ANGLE=         2.9358  SC_DIHED   =         5.2211
 SC_14NB=         0.3903  SC_14EEL=         0.0000  SC_VDW     =         0.0000
 SC_EEL =         0.0000
 SC_RES_DIST=     0.0000  SC_RES_ANG=       0.0000  SC_RES_TORS=         0.0000
 SC_EEL_DER=      0.0000  SC_VDW_DER=      -0.0812  SC_DERIV   =        -0.0812
 ------------------------------------------------------------------------------


| TI region  2


 NSTEP =    15000   TIME(PS) =      15.000  TEMP(K) =    22.98  PRESS =     0.0
 Etot   =    -97999.7745  EKtot   =      1427.3014  EPtot      =    -99427.0759
 BOND   =      9930.0551  ANGLE   =         0.0000  DIHED      =        -0.0000
 1-4 NB =         0.0000  1-4 EEL =         0.0000  VDWAALS    =     25363.1760
 EELEC  =   -134720.3069  EHBOND  =         0.0000  RESTRAINT  =         0.0000
 DV/DL  =         5.8198
 ------------------------------------------------------------------------------

 NMR restraints: Bond =    0.000   Angle =     0.000   Torsion =     0.000
===============================================================================

| TI region  1


 NSTEP =    20000   TIME(PS) =      20.000  TEMP(K) =    30.76  PRESS =     0.0
 Etot   =    -97181.3553  EKtot   =      1911.3734  EPtot      =    -99092.7287
 BOND   =     10112.5554  ANGLE   =        -0.0000  DIHED      =        -0.0000
 1-4 NB =         0.0000  1-4 EEL =         0.0000  VDWAALS    =     25456.6582
 EELEC  =   -134661.9423  EHBOND  =         0.0000  RESTRAINT  =         0.0000
 DV/DL  =         5.1333
 ------------------------------------------------------------------------------

  Softcore part of the system:       7 atoms,       TEMP(K)    =          39.12
 SC_Etot=         9.3945  SC_EKtot=         0.8162  SC_EPtot   =         8.5782
 SC_BOND=         0.1113  SC_ANGLE=         2.9674  SC_DIHED   =         5.2236
 SC_14NB=         0.2760  SC_14EEL=         0.0000  SC_VDW     =         0.0000
 SC_EEL =         0.0000
 SC_RES_DIST=     0.0000  SC_RES_ANG=       0.0000  SC_RES_TORS=         0.0000
 SC_EEL_DER=      0.0000  SC_VDW_DER=      -0.0004  SC_DERIV   =        -0.0004
 ------------------------------------------------------------------------------


| TI region  2


 NSTEP =    20000   TIME(PS) =      20.000  TEMP(K) =    30.76  PRESS =     0.0
 Etot   =    -97182.1715  EKtot   =      1910.5572  EPtot      =    -99092.7287
 BOND   =     10112.5554  ANGLE   =        -0.0000  DIHED      =        -0.0000
 1-4 NB =         0.0000  1-4 EEL =         0.0000  VDWAALS    =     25456.6582
 EELEC  =   -134661.9423  EHBOND  =         0.0000  RESTRAINT  =         0.0000
 DV/DL  =         5.1333
 ------------------------------------------------------------------------------

 NMR restraints: Bond =    0.000   Angle =     0.000   Torsion =     0.000
===============================================================================

| TI region  1


 NSTEP =    25000   TIME(PS) =      25.000  TEMP(K) =    38.80  PRESS =     0.0
 Etot   =    -96311.2585  EKtot   =      2410.6169  EPtot      =    -98721.8754
 BOND   =     10381.2120  ANGLE   =        -0.0000  DIHED      =         0.0000
 1-4 NB =         0.0000  1-4 EEL =         0.0000  VDWAALS    =     25394.0276
 EELEC  =   -134497.1150  EHBOND  =         0.0000  RESTRAINT  =         0.0000
 DV/DL  =         5.0916
 ------------------------------------------------------------------------------

  Softcore part of the system:       7 atoms,       TEMP(K)    =          35.26
 SC_Etot=         9.7214  SC_EKtot=         0.7356  SC_EPtot   =         8.9857
 SC_BOND=         0.1883  SC_ANGLE=         3.2535  SC_DIHED   =         5.2264
 SC_14NB=         0.3176  SC_14EEL=         0.0000  SC_VDW     =         0.0000
 SC_EEL =         0.0000
 SC_RES_DIST=     0.0000  SC_RES_ANG=       0.0000  SC_RES_TORS=         0.0000
 SC_EEL_DER=     -0.0000  SC_VDW_DER=      -0.0318  SC_DERIV   =        -0.0318
 ------------------------------------------------------------------------------


| TI region  2


 NSTEP =    25000   TIME(PS) =      25.000  TEMP(K) =    38.80  PRESS =     0.0
 Etot   =    -96311.9941  EKtot   =      2409.8813  EPtot      =    -98721.8754
 BOND   =     10381.2120  ANGLE   =        -0.0000  DIHED      =         0.0000
 1-4 NB =         0.0000  1-4 EEL =         0.0000  VDWAALS    =     25394.0276
 EELEC  =   -134497.1150  EHBOND  =         0.0000  RESTRAINT  =         0.0000
 DV/DL  =         5.0916
 ------------------------------------------------------------------------------

 NMR restraints: Bond =    0.000   Angle =     0.000   Torsion =     0.000
===============================================================================

| TI region  1


 NSTEP =    30000   TIME(PS) =      30.000  TEMP(K) =    46.64  PRESS =     0.0
 Etot   =    -95506.3093  EKtot   =      2897.6853  EPtot      =    -98403.9946
 BOND   =     10433.4062  ANGLE   =         0.0000  DIHED      =         0.0000
 1-4 NB =         0.0000  1-4 EEL =         0.0000  VDWAALS    =     25333.9470
 EELEC  =   -134171.3478  EHBOND  =         0.0000  RESTRAINT  =         0.0000
 DV/DL  =         3.9220
 ------------------------------------------------------------------------------

  Softcore part of the system:       7 atoms,       TEMP(K)    =          26.44
 SC_Etot=         9.4016  SC_EKtot=         0.5517  SC_EPtot   =         8.8500
 SC_BOND=         0.2953  SC_ANGLE=         3.0322  SC_DIHED   =         5.2211
 SC_14NB=         0.3014  SC_14EEL=         0.0000  SC_VDW     =         0.0000
 SC_EEL =         0.0000
 SC_RES_DIST=     0.0000  SC_RES_ANG=       0.0000  SC_RES_TORS=         0.0000
 SC_EEL_DER=      0.0000  SC_VDW_DER=      -0.4138  SC_DERIV   =        -0.4138
 ------------------------------------------------------------------------------


| TI region  2


 NSTEP =    30000   TIME(PS) =      30.000  TEMP(K) =    46.64  PRESS =     0.0
 Etot   =    -95506.8609  EKtot   =      2897.1337  EPtot      =    -98403.9946
 BOND   =     10433.4062  ANGLE   =         0.0000  DIHED      =         0.0000
 1-4 NB =         0.0000  1-4 EEL =         0.0000  VDWAALS    =     25333.9470
 EELEC  =   -134171.3478  EHBOND  =         0.0000  RESTRAINT  =         0.0000
 DV/DL  =         3.9220
 ------------------------------------------------------------------------------

 NMR restraints: Bond =    0.000   Angle =     0.000   Torsion =     0.000
===============================================================================

| TI region  1


 NSTEP =    35000   TIME(PS) =      35.000  TEMP(K) =    54.55  PRESS =     0.0
 Etot   =    -94622.5531  EKtot   =      3389.7231  EPtot      =    -98012.2763
 BOND   =     10518.6551  ANGLE   =         0.0000  DIHED      =        -0.0000
 1-4 NB =         0.0000  1-4 EEL =         0.0000  VDWAALS    =     25407.1536
 EELEC  =   -133938.0850  EHBOND  =         0.0000  RESTRAINT  =         0.0000
 DV/DL  =         6.5438
 ------------------------------------------------------------------------------

  Softcore part of the system:       7 atoms,       TEMP(K)    =          57.74
 SC_Etot=        10.8081  SC_EKtot=         1.2049  SC_EPtot   =         9.6033
 SC_BOND=         0.4321  SC_ANGLE=         3.4037  SC_DIHED   =         5.2346
 SC_14NB=         0.5328  SC_14EEL=         0.0000  SC_VDW     =         0.0000
 SC_EEL =         0.0000
 SC_RES_DIST=     0.0000  SC_RES_ANG=       0.0000  SC_RES_TORS=         0.0000
 SC_EEL_DER=      0.0000  SC_VDW_DER=      -0.0038  SC_DERIV   =        -0.0038
 ------------------------------------------------------------------------------


| TI region  2


 NSTEP =    35000   TIME(PS) =      35.000  TEMP(K) =    54.55  PRESS =     0.0
 Etot   =    -94623.7580  EKtot   =      3388.5183  EPtot      =    -98012.2763
 BOND   =     10518.6551  ANGLE   =         0.0000  DIHED      =        -0.0000
 1-4 NB =         0.0000  1-4 EEL =         0.0000  VDWAALS    =     25407.1536
 EELEC  =   -133938.0850  EHBOND  =         0.0000  RESTRAINT  =         0.0000
 DV/DL  =         6.5438
 ------------------------------------------------------------------------------

 NMR restraints: Bond =    0.000   Angle =     0.000   Torsion =     0.000
===============================================================================

| TI region  1


 NSTEP =    40000   TIME(PS) =      40.000  TEMP(K) =    62.62  PRESS =     0.0
 Etot   =    -93726.5393  EKtot   =      3890.9404  EPtot      =    -97617.4797
 BOND   =     10841.6249  ANGLE   =        -0.0000  DIHED      =         0.0000
 1-4 NB =         0.0000  1-4 EEL =         0.0000  VDWAALS    =     25443.6495
 EELEC  =   -133902.7541  EHBOND  =         0.0000  RESTRAINT  =         0.0000
 DV/DL  =        -0.8167
 ------------------------------------------------------------------------------

  Softcore part of the system:       7 atoms,       TEMP(K)    =          66.94
 SC_Etot=        10.7801  SC_EKtot=         1.3967  SC_EPtot   =         9.3834
 SC_BOND=         0.6896  SC_ANGLE=         3.3299  SC_DIHED   =         5.2062
 SC_14NB=         0.1577  SC_14EEL=         0.0000  SC_VDW     =         0.0000
 SC_EEL =         0.0000
 SC_RES_DIST=     0.0000  SC_RES_ANG=       0.0000  SC_RES_TORS=         0.0000
 SC_EEL_DER=      0.0000  SC_VDW_DER=      -0.9203  SC_DERIV   =        -0.9203
 ------------------------------------------------------------------------------


| TI region  2


 NSTEP =    40000   TIME(PS) =      40.000  TEMP(K) =    62.62  PRESS =     0.0
 Etot   =    -93727.9360  EKtot   =      3889.5437  EPtot      =    -97617.4797
 BOND   =     10841.6249  ANGLE   =        -0.0000  DIHED      =         0.0000
 1-4 NB =         0.0000  1-4 EEL =         0.0000  VDWAALS    =     25443.6495
 EELEC  =   -133902.7541  EHBOND  =         0.0000  RESTRAINT  =         0.0000
 DV/DL  =        -0.8167
 ------------------------------------------------------------------------------

 NMR restraints: Bond =    0.000   Angle =     0.000   Torsion =     0.000
===============================================================================

| TI region  1


 NSTEP =    45000   TIME(PS) =      45.000  TEMP(K) =    70.23  PRESS =     0.0
 Etot   =    -92870.7757  EKtot   =      4363.8467  EPtot      =    -97234.6224
 BOND   =     10946.8672  ANGLE   =        -0.0000  DIHED      =        -0.0000
 1-4 NB =         0.0000  1-4 EEL =         0.0000  VDWAALS    =     25352.9603
 EELEC  =   -133534.4498  EHBOND  =         0.0000  RESTRAINT  =         0.0000
 DV/DL  =         2.3655
 ------------------------------------------------------------------------------

  Softcore part of the system:       7 atoms,       TEMP(K)    =          66.93
 SC_Etot=        11.6132  SC_EKtot=         1.3965  SC_EPtot   =        10.2168
 SC_BOND=         1.4118  SC_ANGLE=         3.2549  SC_DIHED   =         5.2851
 SC_14NB=         0.2650  SC_14EEL=         0.0000  SC_VDW     =         0.0000
 SC_EEL =         0.0000
 SC_RES_DIST=     0.0000  SC_RES_ANG=       0.0000  SC_RES_TORS=         0.0000
 SC_EEL_DER=      0.0000  SC_VDW_DER=      -0.7764  SC_DERIV   =        -0.7764
 ------------------------------------------------------------------------------


| TI region  2


 NSTEP =    45000   TIME(PS) =      45.000  TEMP(K) =    70.23  PRESS =     0.0
 Etot   =    -92872.1721  EKtot   =      4362.4502  EPtot      =    -97234.6224
 BOND   =     10946.8672  ANGLE   =        -0.0000  DIHED      =        -0.0000
 1-4 NB =         0.0000  1-4 EEL =         0.0000  VDWAALS    =     25352.9603
 EELEC  =   -133534.4498  EHBOND  =         0.0000  RESTRAINT  =         0.0000
 DV/DL  =         2.3655
 ------------------------------------------------------------------------------

 NMR restraints: Bond =    0.000   Angle =     0.000   Torsion =     0.000
===============================================================================

| TI region  1


 NSTEP =    50000   TIME(PS) =      50.000  TEMP(K) =    78.36  PRESS =     0.0
 Etot   =    -91966.6934  EKtot   =      4868.8530  EPtot      =    -96835.5464
 BOND   =     11231.5760  ANGLE   =         0.0000  DIHED      =        -0.0000
 1-4 NB =         0.0000  1-4 EEL =         0.0000  VDWAALS    =     25408.5509
 EELEC  =   -133475.6733  EHBOND  =         0.0000  RESTRAINT  =         0.0000
 DV/DL  =        -1.9266
 ------------------------------------------------------------------------------

  Softcore part of the system:       7 atoms,       TEMP(K)    =          46.66
 SC_Etot=        10.0326  SC_EKtot=         0.9736  SC_EPtot   =         9.0590
 SC_BOND=         0.3248  SC_ANGLE=         3.1818  SC_DIHED   =         5.2157
 SC_14NB=         0.3367  SC_14EEL=         0.0000  SC_VDW     =         0.0000
 SC_EEL =         0.0000
 SC_RES_DIST=     0.0000  SC_RES_ANG=       0.0000  SC_RES_TORS=         0.0000
 SC_EEL_DER=      0.0000  SC_VDW_DER=      -1.2620  SC_DERIV   =        -1.2620
 ------------------------------------------------------------------------------


| TI region  2


 NSTEP =    50000   TIME(PS) =      50.000  TEMP(K) =    78.37  PRESS =     0.0
 Etot   =    -91967.6670  EKtot   =      4867.8794  EPtot      =    -96835.5464
 BOND   =     11231.5760  ANGLE   =         0.0000  DIHED      =        -0.0000
 1-4 NB =         0.0000  1-4 EEL =         0.0000  VDWAALS    =     25408.5509
 EELEC  =   -133475.6733  EHBOND  =         0.0000  RESTRAINT  =         0.0000
 DV/DL  =        -1.9266
 ------------------------------------------------------------------------------

 NMR restraints: Bond =    0.000   Angle =     0.000   Torsion =     0.000
===============================================================================

| TI region  1


 NSTEP =    55000   TIME(PS) =      55.000  TEMP(K) =    86.16  PRESS =     0.0
 Etot   =    -91177.3313  EKtot   =      5353.2837  EPtot      =    -96530.6150
 BOND   =     11310.5013  ANGLE   =         0.0000  DIHED      =         0.0000
 1-4 NB =         0.0000  1-4 EEL =         0.0000  VDWAALS    =     25347.8561
 EELEC  =   -133188.9724  EHBOND  =         0.0000  RESTRAINT  =         0.0000
 DV/DL  =         3.4259
 ------------------------------------------------------------------------------

  Softcore part of the system:       7 atoms,       TEMP(K)    =         153.97
 SC_Etot=        12.1525  SC_EKtot=         3.2127  SC_EPtot   =         8.9399
 SC_BOND=         0.3333  SC_ANGLE=         3.0279  SC_DIHED   =         5.2535
 SC_14NB=         0.3252  SC_14EEL=         0.0000  SC_VDW     =         0.0000
 SC_EEL =         0.0000
 SC_RES_DIST=     0.0000  SC_RES_ANG=       0.0000  SC_RES_TORS=         0.0000
 SC_EEL_DER=      0.0000  SC_VDW_DER=      -0.6590  SC_DERIV   =        -0.6590
 ------------------------------------------------------------------------------


| TI region  2


 NSTEP =    55000   TIME(PS) =      55.000  TEMP(K) =    86.13  PRESS =     0.0
 Etot   =    -91180.5440  EKtot   =      5350.0710  EPtot      =    -96530.6150
 BOND   =     11310.5013  ANGLE   =         0.0000  DIHED      =         0.0000
 1-4 NB =         0.0000  1-4 EEL =         0.0000  VDWAALS    =     25347.8561
 EELEC  =   -133188.9724  EHBOND  =         0.0000  RESTRAINT  =         0.0000
 DV/DL  =         3.4259
 ------------------------------------------------------------------------------

 NMR restraints: Bond =    0.000   Angle =     0.000   Torsion =     0.000
===============================================================================

| TI region  1


 NSTEP =    60000   TIME(PS) =      60.000  TEMP(K) =    93.32  PRESS =     0.0
 Etot   =    -90269.5419  EKtot   =      5798.3413  EPtot      =    -96067.8833
 BOND   =     11456.3262  ANGLE   =         0.0000  DIHED      =        -0.0000
 1-4 NB =         0.0000  1-4 EEL =         0.0000  VDWAALS    =     25375.2598
 EELEC  =   -132899.4692  EHBOND  =         0.0000  RESTRAINT  =         0.0000
 DV/DL  =        -4.8369
 ------------------------------------------------------------------------------

  Softcore part of the system:       7 atoms,       TEMP(K)    =          47.92
 SC_Etot=        10.7048  SC_EKtot=         1.0000  SC_EPtot   =         9.7048
 SC_BOND=         0.6114  SC_ANGLE=         3.3354  SC_DIHED   =         5.2182
 SC_14NB=         0.5397  SC_14EEL=         0.0000  SC_VDW     =         0.0000
 SC_EEL =         0.0000
 SC_RES_DIST=     0.0000  SC_RES_ANG=       0.0000  SC_RES_TORS=         0.0000
 SC_EEL_DER=      0.0000  SC_VDW_DER=      -1.7152  SC_DERIV   =        -1.7152
 ------------------------------------------------------------------------------


| TI region  2


 NSTEP =    60000   TIME(PS) =      60.000  TEMP(K) =    93.33  PRESS =     0.0
 Etot   =    -90270.5419  EKtot   =      5797.3414  EPtot      =    -96067.8833
 BOND   =     11456.3262  ANGLE   =         0.0000  DIHED      =        -0.0000
 1-4 NB =         0.0000  1-4 EEL =         0.0000  VDWAALS    =     25375.2598
 EELEC  =   -132899.4692  EHBOND  =         0.0000  RESTRAINT  =         0.0000
 DV/DL  =        -4.8369
 ------------------------------------------------------------------------------

 NMR restraints: Bond =    0.000   Angle =     0.000   Torsion =     0.000
===============================================================================

| TI region  1


 NSTEP =    65000   TIME(PS) =      65.000  TEMP(K) =   101.29  PRESS =     0.0
 Etot   =    -89382.4798  EKtot   =      6293.6128  EPtot      =    -95676.0925
 BOND   =     11642.6682  ANGLE   =         0.0000  DIHED      =         0.0000
 1-4 NB =         0.0000  1-4 EEL =         0.0000  VDWAALS    =     25292.1696
 EELEC  =   -132610.9303  EHBOND  =         0.0000  RESTRAINT  =         0.0000
 DV/DL  =        -4.3145
 ------------------------------------------------------------------------------

  Softcore part of the system:       7 atoms,       TEMP(K)    =         120.37
 SC_Etot=        11.4106  SC_EKtot=         2.5115  SC_EPtot   =         8.8991
 SC_BOND=         0.2834  SC_ANGLE=         2.9577  SC_DIHED   =         5.2116
 SC_14NB=         0.4465  SC_14EEL=         0.0000  SC_VDW     =         0.0000
 SC_EEL =         0.0000
 SC_RES_DIST=     0.0000  SC_RES_ANG=       0.0000  SC_RES_TORS=         0.0000
 SC_EEL_DER=      0.0000  SC_VDW_DER=      -1.7837  SC_DERIV   =        -1.7837
 ------------------------------------------------------------------------------


| TI region  2


 NSTEP =    65000   TIME(PS) =      65.000  TEMP(K) =   101.28  PRESS =     0.0
 Etot   =    -89384.9912  EKtot   =      6291.1013  EPtot      =    -95676.0925
 BOND   =     11642.6682  ANGLE   =         0.0000  DIHED      =         0.0000
 1-4 NB =         0.0000  1-4 EEL =         0.0000  VDWAALS    =     25292.1696
 EELEC  =   -132610.9303  EHBOND  =         0.0000  RESTRAINT  =         0.0000
 DV/DL  =        -4.3145
 ------------------------------------------------------------------------------

 NMR restraints: Bond =    0.000   Angle =     0.000   Torsion =     0.000
===============================================================================

| TI region  1


 NSTEP =    70000   TIME(PS) =      70.000  TEMP(K) =   110.15  PRESS =     0.0
 Etot   =    -88340.2028  EKtot   =      6844.3179  EPtot      =    -95184.5206
 BOND   =     11885.7683  ANGLE   =        -0.0000  DIHED      =         0.0000
 1-4 NB =         0.0000  1-4 EEL =         0.0000  VDWAALS    =     25348.1448
 EELEC  =   -132418.4338  EHBOND  =         0.0000  RESTRAINT  =         0.0000
 DV/DL  =        -1.4961
 ------------------------------------------------------------------------------

  Softcore part of the system:       7 atoms,       TEMP(K)    =          69.31
 SC_Etot=        10.7035  SC_EKtot=         1.4461  SC_EPtot   =         9.2574
 SC_BOND=         0.3405  SC_ANGLE=         3.2783  SC_DIHED   =         5.2079
 SC_14NB=         0.4306  SC_14EEL=         0.0000  SC_VDW     =         0.0000
 SC_EEL =         0.0000
 SC_RES_DIST=     0.0000  SC_RES_ANG=       0.0000  SC_RES_TORS=         0.0000
 SC_EEL_DER=      0.0000  SC_VDW_DER=      -1.4554  SC_DERIV   =        -1.4554
 ------------------------------------------------------------------------------


| TI region  2


 NSTEP =    70000   TIME(PS) =      70.000  TEMP(K) =   110.17  PRESS =     0.0
 Etot   =    -88341.6489  EKtot   =      6842.8717  EPtot      =    -95184.5206
 BOND   =     11885.7683  ANGLE   =        -0.0000  DIHED      =         0.0000
 1-4 NB =         0.0000  1-4 EEL =         0.0000  VDWAALS    =     25348.1448
 EELEC  =   -132418.4338  EHBOND  =         0.0000  RESTRAINT  =         0.0000
 DV/DL  =        -1.4961
 ------------------------------------------------------------------------------

 NMR restraints: Bond =    0.000   Angle =     0.000   Torsion =     0.000
===============================================================================

| TI region  1


 NSTEP =    75000   TIME(PS) =      75.000  TEMP(K) =   116.90  PRESS =     0.0
 Etot   =    -87564.4271  EKtot   =      7263.3848  EPtot      =    -94827.8119
 BOND   =     12026.9522  ANGLE   =         0.0000  DIHED      =        -0.0000
 1-4 NB =         0.0000  1-4 EEL =         0.0000  VDWAALS    =     25160.5420
 EELEC  =   -132015.3061  EHBOND  =         0.0000  RESTRAINT  =         0.0000
 DV/DL  =        -4.0423
 ------------------------------------------------------------------------------

  Softcore part of the system:       7 atoms,       TEMP(K)    =         106.85
 SC_Etot=        12.3049  SC_EKtot=         2.2295  SC_EPtot   =        10.0755
 SC_BOND=         0.8094  SC_ANGLE=         3.7213  SC_DIHED   =         5.2246
 SC_14NB=         0.3202  SC_14EEL=         0.0000  SC_VDW     =         0.0000
 SC_EEL =         0.0000
 SC_RES_DIST=     0.0000  SC_RES_ANG=       0.0000  SC_RES_TORS=         0.0000
 SC_EEL_DER=      0.0000  SC_VDW_DER=      -1.7282  SC_DERIV   =        -1.7282
 ------------------------------------------------------------------------------


| TI region  2


 NSTEP =    75000   TIME(PS) =      75.000  TEMP(K) =   116.90  PRESS =     0.0
 Etot   =    -87566.6566  EKtot   =      7261.1553  EPtot      =    -94827.8119
 BOND   =     12026.9522  ANGLE   =         0.0000  DIHED      =        -0.0000
 1-4 NB =         0.0000  1-4 EEL =         0.0000  VDWAALS    =     25160.5420
 EELEC  =   -132015.3061  EHBOND  =         0.0000  RESTRAINT  =         0.0000
 DV/DL  =        -4.0423
 ------------------------------------------------------------------------------

 NMR restraints: Bond =    0.000   Angle =     0.000   Torsion =     0.000
===============================================================================

| TI region  1


 NSTEP =    80000   TIME(PS) =      80.000  TEMP(K) =   124.56  PRESS =     0.0
 Etot   =    -86623.6009  EKtot   =      7739.6787  EPtot      =    -94363.2797
 BOND   =     12318.4235  ANGLE   =        -0.0000  DIHED      =        -0.0000
 1-4 NB =         0.0000  1-4 EEL =         0.0000  VDWAALS    =     25243.0440
 EELEC  =   -131924.7472  EHBOND  =         0.0000  RESTRAINT  =         0.0000
 DV/DL  =        -3.4733
 ------------------------------------------------------------------------------

  Softcore part of the system:       7 atoms,       TEMP(K)    =          85.62
 SC_Etot=        10.9524  SC_EKtot=         1.7866  SC_EPtot   =         9.1658
 SC_BOND=         0.1727  SC_ANGLE=         3.5152  SC_DIHED   =         5.2144
 SC_14NB=         0.2636  SC_14EEL=         0.0000  SC_VDW     =         0.0000
 SC_EEL =         0.0000
 SC_RES_DIST=     0.0000  SC_RES_ANG=       0.0000  SC_RES_TORS=         0.0000
 SC_EEL_DER=      0.0000  SC_VDW_DER=      -1.5723  SC_DERIV   =        -1.5723
 ------------------------------------------------------------------------------


| TI region  2


 NSTEP =    80000   TIME(PS) =      80.000  TEMP(K) =   124.58  PRESS =     0.0
 Etot   =    -86625.3875  EKtot   =      7737.8921  EPtot      =    -94363.2797
 BOND   =     12318.4235  ANGLE   =        -0.0000  DIHED      =        -0.0000
 1-4 NB =         0.0000  1-4 EEL =         0.0000  VDWAALS    =     25243.0440
 EELEC  =   -131924.7472  EHBOND  =         0.0000  RESTRAINT  =         0.0000
 DV/DL  =        -3.4733
 ------------------------------------------------------------------------------

 NMR restraints: Bond =    0.000   Angle =     0.000   Torsion =     0.000
===============================================================================

| TI region  1


 NSTEP =    85000   TIME(PS) =      85.000  TEMP(K) =   134.08  PRESS =     0.0
 Etot   =    -85668.0683  EKtot   =      8331.0244  EPtot      =    -93999.0927
 BOND   =     12179.2924  ANGLE   =         0.0000  DIHED      =        -0.0000
 1-4 NB =         0.0000  1-4 EEL =         0.0000  VDWAALS    =     25181.0665
 EELEC  =   -131359.4515  EHBOND  =         0.0000  RESTRAINT  =         0.0000
 DV/DL  =        -2.5007
 ------------------------------------------------------------------------------

  Softcore part of the system:       7 atoms,       TEMP(K)    =         215.77
 SC_Etot=        13.9811  SC_EKtot=         4.5021  SC_EPtot   =         9.4789
 SC_BOND=         0.3923  SC_ANGLE=         3.3808  SC_DIHED   =         5.2932
 SC_14NB=         0.4126  SC_14EEL=         0.0000  SC_VDW     =         0.0000
 SC_EEL =         0.0000
 SC_RES_DIST=     0.0000  SC_RES_ANG=       0.0000  SC_RES_TORS=         0.0000
 SC_EEL_DER=      0.0000  SC_VDW_DER=      -1.5498  SC_DERIV   =        -1.5498
 ------------------------------------------------------------------------------


| TI region  2


 NSTEP =    85000   TIME(PS) =      85.000  TEMP(K) =   134.05  PRESS =     0.0
 Etot   =    -85672.5704  EKtot   =      8326.5223  EPtot      =    -93999.0927
 BOND   =     12179.2924  ANGLE   =         0.0000  DIHED      =        -0.0000
 1-4 NB =         0.0000  1-4 EEL =         0.0000  VDWAALS    =     25181.0665
 EELEC  =   -131359.4515  EHBOND  =         0.0000  RESTRAINT  =         0.0000
 DV/DL  =        -2.5007
 ------------------------------------------------------------------------------

 NMR restraints: Bond =    0.000   Angle =     0.000   Torsion =     0.000
===============================================================================

| TI region  1


 NSTEP =    90000   TIME(PS) =      90.000  TEMP(K) =   142.54  PRESS =     0.0
 Etot   =    -84644.0421  EKtot   =      8856.7402  EPtot      =    -93500.7824
 BOND   =     12490.7952  ANGLE   =        -0.0000  DIHED      =        -0.0000
 1-4 NB =         0.0000  1-4 EEL =         0.0000  VDWAALS    =     24996.0972
 EELEC  =   -130987.6747  EHBOND  =         0.0000  RESTRAINT  =         0.0000
 DV/DL  =         5.7425
 ------------------------------------------------------------------------------

  Softcore part of the system:       7 atoms,       TEMP(K)    =          86.63
 SC_Etot=        14.5051  SC_EKtot=         1.8076  SC_EPtot   =        12.6976
 SC_BOND=         1.4038  SC_ANGLE=         5.5511  SC_DIHED   =         5.2205
 SC_14NB=         0.5221  SC_14EEL=         0.0000  SC_VDW     =         0.0000
 SC_EEL =         0.0000
 SC_RES_DIST=     0.0000  SC_RES_ANG=       0.0000  SC_RES_TORS=         0.0000
 SC_EEL_DER=      0.0000  SC_VDW_DER=      -0.2396  SC_DERIV   =        -0.2396
 ------------------------------------------------------------------------------


| TI region  2


 NSTEP =    90000   TIME(PS) =      90.000  TEMP(K) =   142.56  PRESS =     0.0
 Etot   =    -84645.8497  EKtot   =      8854.9327  EPtot      =    -93500.7824
 BOND   =     12490.7952  ANGLE   =        -0.0000  DIHED      =        -0.0000
 1-4 NB =         0.0000  1-4 EEL =         0.0000  VDWAALS    =     24996.0972
 EELEC  =   -130987.6747  EHBOND  =         0.0000  RESTRAINT  =         0.0000
 DV/DL  =         5.7425
 ------------------------------------------------------------------------------

 NMR restraints: Bond =    0.000   Angle =     0.000   Torsion =     0.000
===============================================================================

| TI region  1


 NSTEP =    95000   TIME(PS) =      95.000  TEMP(K) =   150.01  PRESS =     0.0
 Etot   =    -83804.2418  EKtot   =      9320.8232  EPtot      =    -93125.0651
 BOND   =     12637.7192  ANGLE   =        -0.0000  DIHED      =        -0.0000
 1-4 NB =         0.0000  1-4 EEL =         0.0000  VDWAALS    =     24785.9511
 EELEC  =   -130548.7354  EHBOND  =         0.0000  RESTRAINT  =         0.0000
 DV/DL  =         5.2997
 ------------------------------------------------------------------------------

  Softcore part of the system:       7 atoms,       TEMP(K)    =         288.84
 SC_Etot=        17.1165  SC_EKtot=         6.0269  SC_EPtot   =        11.0896
 SC_BOND=         0.3599  SC_ANGLE=         5.1361  SC_DIHED   =         5.2702
 SC_14NB=         0.3234  SC_14EEL=         0.0000  SC_VDW     =         0.0000
 SC_EEL =         0.0000
 SC_RES_DIST=     0.0000  SC_RES_ANG=       0.0000  SC_RES_TORS=         0.0000
 SC_EEL_DER=      0.0000  SC_VDW_DER=      -0.1354  SC_DERIV   =        -0.1354
 ------------------------------------------------------------------------------


| TI region  2


 NSTEP =    95000   TIME(PS) =      95.000  TEMP(K) =   149.96  PRESS =     0.0
 Etot   =    -83810.2687  EKtot   =      9314.7964  EPtot      =    -93125.0651
 BOND   =     12637.7192  ANGLE   =        -0.0000  DIHED      =        -0.0000
 1-4 NB =         0.0000  1-4 EEL =         0.0000  VDWAALS    =     24785.9511
 EELEC  =   -130548.7354  EHBOND  =         0.0000  RESTRAINT  =         0.0000
 DV/DL  =         5.2997
 ------------------------------------------------------------------------------

 NMR restraints: Bond =    0.000   Angle =     0.000   Torsion =     0.000
===============================================================================

| TI region  1


 NSTEP =   100000   TIME(PS) =     100.000  TEMP(K) =   157.54  PRESS =     0.0
 Etot   =    -82859.4311  EKtot   =      9788.9453  EPtot      =    -92648.3764
 BOND   =     12892.5238  ANGLE   =         0.0000  DIHED      =        -0.0000
 1-4 NB =         0.0000  1-4 EEL =         0.0000  VDWAALS    =     24754.4457
 EELEC  =   -130295.3460  EHBOND  =         0.0000  RESTRAINT  =         0.0000
 DV/DL  =         4.3059
 ------------------------------------------------------------------------------

  Softcore part of the system:       7 atoms,       TEMP(K)    =         199.22
 SC_Etot=        15.7198  SC_EKtot=         4.1567  SC_EPtot   =        11.5631
 SC_BOND=         2.7209  SC_ANGLE=         3.4435  SC_DIHED   =         5.2593
 SC_14NB=         0.1394  SC_14EEL=         0.0000  SC_VDW     =         0.0000
 SC_EEL =         0.0000
 SC_RES_DIST=     0.0000  SC_RES_ANG=       0.0000  SC_RES_TORS=         0.0000
 SC_EEL_DER=      0.0000  SC_VDW_DER=      -0.2404  SC_DERIV   =        -0.2404
 ------------------------------------------------------------------------------


| TI region  2


 NSTEP =   100000   TIME(PS) =     100.000  TEMP(K) =   157.53  PRESS =     0.0
 Etot   =    -82863.5879  EKtot   =      9784.7886  EPtot      =    -92648.3764
 BOND   =     12892.5238  ANGLE   =         0.0000  DIHED      =        -0.0000
 1-4 NB =         0.0000  1-4 EEL =         0.0000  VDWAALS    =     24754.4457
 EELEC  =   -130295.3460  EHBOND  =         0.0000  RESTRAINT  =         0.0000
 DV/DL  =         4.3059
 ------------------------------------------------------------------------------

 NMR restraints: Bond =    0.000   Angle =     0.000   Torsion =     0.000
===============================================================================

| TI region  1


 NSTEP =   105000   TIME(PS) =     105.000  TEMP(K) =   163.01  PRESS =     0.0
 Etot   =    -81959.4365  EKtot   =     10128.6475  EPtot      =    -92088.0840
 BOND   =     12989.0828  ANGLE   =        -0.0000  DIHED      =        -0.0000
 1-4 NB =         0.0000  1-4 EEL =         0.0000  VDWAALS    =     24559.8284
 EELEC  =   -129636.9952  EHBOND  =         0.0000  RESTRAINT  =         0.0000
 DV/DL  =        -5.3893
 ------------------------------------------------------------------------------

  Softcore part of the system:       7 atoms,       TEMP(K)    =         171.66
 SC_Etot=        14.6805  SC_EKtot=         3.5818  SC_EPtot   =        11.0987
 SC_BOND=         0.3095  SC_ANGLE=         4.8795  SC_DIHED   =         5.2919
 SC_14NB=         0.6179  SC_14EEL=         0.0000  SC_VDW     =         0.0000
 SC_EEL =         0.0000
 SC_RES_DIST=     0.0000  SC_RES_ANG=       0.0000  SC_RES_TORS=         0.0000
 SC_EEL_DER=      0.0000  SC_VDW_DER=      -1.7667  SC_DERIV   =        -1.7667
 ------------------------------------------------------------------------------


| TI region  2


 NSTEP =   105000   TIME(PS) =     105.000  TEMP(K) =   163.01  PRESS =     0.0
 Etot   =    -81963.0183  EKtot   =     10125.0656  EPtot      =    -92088.0840
 BOND   =     12989.0828  ANGLE   =        -0.0000  DIHED      =        -0.0000
 1-4 NB =         0.0000  1-4 EEL =         0.0000  VDWAALS    =     24559.8284
 EELEC  =   -129636.9952  EHBOND  =         0.0000  RESTRAINT  =         0.0000
 DV/DL  =        -5.3893
 ------------------------------------------------------------------------------

 NMR restraints: Bond =    0.000   Angle =     0.000   Torsion =     0.000
===============================================================================

| TI region  1


 NSTEP =   110000   TIME(PS) =     110.000  TEMP(K) =   171.51  PRESS =     0.0
 Etot   =    -80883.9132  EKtot   =     10656.7822  EPtot      =    -91540.6955
 BOND   =     13056.6134  ANGLE   =        -0.0000  DIHED      =         0.0000
 1-4 NB =         0.0000  1-4 EEL =         0.0000  VDWAALS    =     24611.7118
 EELEC  =   -129209.0206  EHBOND  =         0.0000  RESTRAINT  =         0.0000
 DV/DL  =        -1.5543
 ------------------------------------------------------------------------------

  Softcore part of the system:       7 atoms,       TEMP(K)    =         199.33
 SC_Etot=        15.1029  SC_EKtot=         4.1592  SC_EPtot   =        10.9437
 SC_BOND=         1.0534  SC_ANGLE=         4.1408  SC_DIHED   =         5.2233
 SC_14NB=         0.5261  SC_14EEL=         0.0000  SC_VDW     =         0.0000
 SC_EEL =         0.0000
 SC_RES_DIST=     0.0000  SC_RES_ANG=       0.0000  SC_RES_TORS=         0.0000
 SC_EEL_DER=      0.0000  SC_VDW_DER=      -1.2120  SC_DERIV   =        -1.2120
 ------------------------------------------------------------------------------


| TI region  2


 NSTEP =   110000   TIME(PS) =     110.000  TEMP(K) =   171.50  PRESS =     0.0
 Etot   =    -80888.0725  EKtot   =     10652.6230  EPtot      =    -91540.6955
 BOND   =     13056.6134  ANGLE   =        -0.0000  DIHED      =         0.0000
 1-4 NB =         0.0000  1-4 EEL =         0.0000  VDWAALS    =     24611.7118
 EELEC  =   -129209.0206  EHBOND  =         0.0000  RESTRAINT  =         0.0000
 DV/DL  =        -1.5543
 ------------------------------------------------------------------------------

 NMR restraints: Bond =    0.000   Angle =     0.000   Torsion =     0.000
===============================================================================

| TI region  1


 NSTEP =   115000   TIME(PS) =     115.000  TEMP(K) =   182.30  PRESS =     0.0
 Etot   =    -79806.2169  EKtot   =     11326.9512  EPtot      =    -91133.1681
 BOND   =     13415.9756  ANGLE   =         0.0000  DIHED      =        -0.0000
 1-4 NB =         0.0000  1-4 EEL =         0.0000  VDWAALS    =     24479.6323
 EELEC  =   -129028.7760  EHBOND  =         0.0000  RESTRAINT  =         0.0000
 DV/DL  =        -2.0021
 ------------------------------------------------------------------------------

  Softcore part of the system:       7 atoms,       TEMP(K)    =         168.27
 SC_Etot=        14.4383  SC_EKtot=         3.5110  SC_EPtot   =        10.9273
 SC_BOND=         0.4145  SC_ANGLE=         4.8080  SC_DIHED   =         5.2159
 SC_14NB=         0.4890  SC_14EEL=         0.0000  SC_VDW     =         0.0000
 SC_EEL =         0.0000
 SC_RES_DIST=     0.0000  SC_RES_ANG=       0.0000  SC_RES_TORS=         0.0000
 SC_EEL_DER=      0.0000  SC_VDW_DER=      -1.2796  SC_DERIV   =        -1.2796
 ------------------------------------------------------------------------------


| TI region  2


 NSTEP =   115000   TIME(PS) =     115.000  TEMP(K) =   182.30  PRESS =     0.0
 Etot   =    -79809.7279  EKtot   =     11323.4402  EPtot      =    -91133.1681
 BOND   =     13415.9756  ANGLE   =         0.0000  DIHED      =        -0.0000
 1-4 NB =         0.0000  1-4 EEL =         0.0000  VDWAALS    =     24479.6323
 EELEC  =   -129028.7760  EHBOND  =         0.0000  RESTRAINT  =         0.0000
 DV/DL  =        -2.0021
 ------------------------------------------------------------------------------

 NMR restraints: Bond =    0.000   Angle =     0.000   Torsion =     0.000
===============================================================================

| TI region  1


 NSTEP =   120000   TIME(PS) =     120.000  TEMP(K) =   187.98  PRESS =     0.0
 Etot   =    -79034.6866  EKtot   =     11680.0029  EPtot      =    -90714.6896
 BOND   =     13503.3747  ANGLE   =         0.0000  DIHED      =        -0.0000
 1-4 NB =         0.0000  1-4 EEL =         0.0000  VDWAALS    =     24403.9556
 EELEC  =   -128622.0198  EHBOND  =         0.0000  RESTRAINT  =         0.0000
 DV/DL  =         0.2209
 ------------------------------------------------------------------------------

  Softcore part of the system:       7 atoms,       TEMP(K)    =         221.98
 SC_Etot=        14.6896  SC_EKtot=         4.6318  SC_EPtot   =        10.0579
 SC_BOND=         0.7112  SC_ANGLE=         3.6906  SC_DIHED   =         5.2069
 SC_14NB=         0.4492  SC_14EEL=         0.0000  SC_VDW     =         0.0000
 SC_EEL =         0.0000
 SC_RES_DIST=     0.0000  SC_RES_ANG=       0.0000  SC_RES_TORS=         0.0000
 SC_EEL_DER=      0.0000  SC_VDW_DER=      -0.9225  SC_DERIV   =        -0.9225
 ------------------------------------------------------------------------------


| TI region  2


 NSTEP =   120000   TIME(PS) =     120.000  TEMP(K) =   187.97  PRESS =     0.0
 Etot   =    -79039.3184  EKtot   =     11675.3712  EPtot      =    -90714.6896
 BOND   =     13503.3747  ANGLE   =         0.0000  DIHED      =        -0.0000
 1-4 NB =         0.0000  1-4 EEL =         0.0000  VDWAALS    =     24403.9556
 EELEC  =   -128622.0198  EHBOND  =         0.0000  RESTRAINT  =         0.0000
 DV/DL  =         0.2209
 ------------------------------------------------------------------------------

 NMR restraints: Bond =    0.000   Angle =     0.000   Torsion =     0.000
===============================================================================

| TI region  1


 NSTEP =   125000   TIME(PS) =     125.000  TEMP(K) =   198.67  PRESS =     0.0
 Etot   =    -77852.9001  EKtot   =     12344.0674  EPtot      =    -90196.9674
 BOND   =     13706.4042  ANGLE   =        -0.0000  DIHED      =        -0.0000
 1-4 NB =         0.0000  1-4 EEL =         0.0000  VDWAALS    =     24321.6168
 EELEC  =   -128224.9885  EHBOND  =         0.0000  RESTRAINT  =         0.0000
 DV/DL  =        -4.5018
 ------------------------------------------------------------------------------

  Softcore part of the system:       7 atoms,       TEMP(K)    =         171.13
 SC_Etot=        14.9169  SC_EKtot=         3.5707  SC_EPtot   =        11.3463
 SC_BOND=         2.1119  SC_ANGLE=         3.5676  SC_DIHED   =         5.2202
 SC_14NB=         0.4465  SC_14EEL=         0.0000  SC_VDW     =         0.0000
 SC_EEL =         0.0000
 SC_RES_DIST=     0.0000  SC_RES_ANG=       0.0000  SC_RES_TORS=         0.0000
 SC_EEL_DER=      0.0000  SC_VDW_DER=      -1.6286  SC_DERIV   =        -1.6286
 ------------------------------------------------------------------------------


| TI region  2


 NSTEP =   125000   TIME(PS) =     125.000  TEMP(K) =   198.68  PRESS =     0.0
 Etot   =    -77856.4707  EKtot   =     12340.4967  EPtot      =    -90196.9674
 BOND   =     13706.4042  ANGLE   =        -0.0000  DIHED      =        -0.0000
 1-4 NB =         0.0000  1-4 EEL =         0.0000  VDWAALS    =     24321.6168
 EELEC  =   -128224.9885  EHBOND  =         0.0000  RESTRAINT  =         0.0000
 DV/DL  =        -4.5018
 ------------------------------------------------------------------------------

 NMR restraints: Bond =    0.000   Angle =     0.000   Torsion =     0.000
===============================================================================

| TI region  1


 NSTEP =   130000   TIME(PS) =     130.000  TEMP(K) =   202.87  PRESS =     0.0
 Etot   =    -76993.6184  EKtot   =     12605.4648  EPtot      =    -89599.0832
 BOND   =     13482.3864  ANGLE   =        -0.0000  DIHED      =         0.0000
 1-4 NB =         0.0000  1-4 EEL =         0.0000  VDWAALS    =     23875.2501
 EELEC  =   -126956.7198  EHBOND  =         0.0000  RESTRAINT  =         0.0000
 DV/DL  =        -2.2766
 ------------------------------------------------------------------------------

  Softcore part of the system:       7 atoms,       TEMP(K)    =         161.03
 SC_Etot=        15.8279  SC_EKtot=         3.3601  SC_EPtot   =        12.4679
 SC_BOND=         1.9424  SC_ANGLE=         4.8936  SC_DIHED   =         5.2198
 SC_14NB=         0.4121  SC_14EEL=         0.0000  SC_VDW     =         0.0000
 SC_EEL =         0.0000
 SC_RES_DIST=     0.0000  SC_RES_ANG=       0.0000  SC_RES_TORS=         0.0000
 SC_EEL_DER=      0.0000  SC_VDW_DER=      -1.2983  SC_DERIV   =        -1.2983
 ------------------------------------------------------------------------------


| TI region  2


 NSTEP =   130000   TIME(PS) =     130.000  TEMP(K) =   202.89  PRESS =     0.0
 Etot   =    -76996.9785  EKtot   =     12602.1048  EPtot      =    -89599.0832
 BOND   =     13482.3864  ANGLE   =        -0.0000  DIHED      =         0.0000
 1-4 NB =         0.0000  1-4 EEL =         0.0000  VDWAALS    =     23875.2501
 EELEC  =   -126956.7198  EHBOND  =         0.0000  RESTRAINT  =         0.0000
 DV/DL  =        -2.2766
 ------------------------------------------------------------------------------

 NMR restraints: Bond =    0.000   Angle =     0.000   Torsion =     0.000
===============================================================================

| TI region  1


 NSTEP =   135000   TIME(PS) =     135.000  TEMP(K) =   212.99  PRESS =     0.0
 Etot   =    -75862.7758  EKtot   =     13233.9658  EPtot      =    -89096.7416
 BOND   =     13851.3404  ANGLE   =         0.0000  DIHED      =        -0.0000
 1-4 NB =         0.0000  1-4 EEL =         0.0000  VDWAALS    =     23691.4320
 EELEC  =   -126639.5139  EHBOND  =         0.0000  RESTRAINT  =         0.0000
 DV/DL  =         2.5950
 ------------------------------------------------------------------------------

  Softcore part of the system:       7 atoms,       TEMP(K)    =         253.84
 SC_Etot=        18.9128  SC_EKtot=         5.2966  SC_EPtot   =        13.6162
 SC_BOND=         1.3840  SC_ANGLE=         6.6119  SC_DIHED   =         5.2215
 SC_14NB=         0.3988  SC_14EEL=         0.0000  SC_VDW     =         0.0000
 SC_EEL =         0.0000
 SC_RES_DIST=     0.0000  SC_RES_ANG=       0.0000  SC_RES_TORS=         0.0000
 SC_EEL_DER=      0.0000  SC_VDW_DER=      -0.7360  SC_DERIV   =        -0.7360
 ------------------------------------------------------------------------------


| TI region  2


 NSTEP =   135000   TIME(PS) =     135.000  TEMP(K) =   212.98  PRESS =     0.0
 Etot   =    -75868.0724  EKtot   =     13228.6692  EPtot      =    -89096.7416
 BOND   =     13851.3404  ANGLE   =         0.0000  DIHED      =        -0.0000
 1-4 NB =         0.0000  1-4 EEL =         0.0000  VDWAALS    =     23691.4320
 EELEC  =   -126639.5139  EHBOND  =         0.0000  RESTRAINT  =         0.0000
 DV/DL  =         2.5950
 ------------------------------------------------------------------------------

 NMR restraints: Bond =    0.000   Angle =     0.000   Torsion =     0.000
===============================================================================

| TI region  1


 NSTEP =   140000   TIME(PS) =     140.000  TEMP(K) =   223.31  PRESS =     0.0
 Etot   =    -74500.7936  EKtot   =     13875.4453  EPtot      =    -88376.2389
 BOND   =     14222.3886  ANGLE   =        -0.0000  DIHED      =        -0.0000
 1-4 NB =         0.0000  1-4 EEL =         0.0000  VDWAALS    =     23605.1551
 EELEC  =   -126203.7826  EHBOND  =         0.0000  RESTRAINT  =         0.0000
 DV/DL  =         2.8147
 ------------------------------------------------------------------------------

  Softcore part of the system:       7 atoms,       TEMP(K)    =         233.68
 SC_Etot=        18.3776  SC_EKtot=         4.8759  SC_EPtot   =        13.5017
 SC_BOND=         2.7457  SC_ANGLE=         5.3876  SC_DIHED   =         5.2245
 SC_14NB=         0.1438  SC_14EEL=         0.0000  SC_VDW     =         0.0000
 SC_EEL =         0.0000
 SC_RES_DIST=     0.0000  SC_RES_ANG=       0.0000  SC_RES_TORS=         0.0000
 SC_EEL_DER=      0.0000  SC_VDW_DER=      -0.8115  SC_DERIV   =        -0.8115
 ------------------------------------------------------------------------------


| TI region  2


 NSTEP =   140000   TIME(PS) =     140.000  TEMP(K) =   223.31  PRESS =     0.0
 Etot   =    -74505.6695  EKtot   =     13870.5694  EPtot      =    -88376.2389
 BOND   =     14222.3886  ANGLE   =        -0.0000  DIHED      =        -0.0000
 1-4 NB =         0.0000  1-4 EEL =         0.0000  VDWAALS    =     23605.1551
 EELEC  =   -126203.7826  EHBOND  =         0.0000  RESTRAINT  =         0.0000
 DV/DL  =         2.8147
 ------------------------------------------------------------------------------

 NMR restraints: Bond =    0.000   Angle =     0.000   Torsion =     0.000
===============================================================================

| TI region  1


 NSTEP =   145000   TIME(PS) =     145.000  TEMP(K) =   230.84  PRESS =     0.0
 Etot   =    -73523.2665  EKtot   =     14343.1934  EPtot      =    -87866.4599
 BOND   =     14216.3989  ANGLE   =         0.0000  DIHED      =        -0.0000
 1-4 NB =         0.0000  1-4 EEL =         0.0000  VDWAALS    =     23527.6116
 EELEC  =   -125610.4703  EHBOND  =         0.0000  RESTRAINT  =         0.0000
 DV/DL  =         0.1485
 ------------------------------------------------------------------------------

  Softcore part of the system:       7 atoms,       TEMP(K)    =         189.83
 SC_Etot=        13.8232  SC_EKtot=         3.9609  SC_EPtot   =         9.8623
 SC_BOND=         0.9884  SC_ANGLE=         3.3570  SC_DIHED   =         5.2202
 SC_14NB=         0.2967  SC_14EEL=         0.0000  SC_VDW     =         0.0000
 SC_EEL =         0.0000
 SC_RES_DIST=     0.0000  SC_RES_ANG=       0.0000  SC_RES_TORS=         0.0000
 SC_EEL_DER=      0.0000  SC_VDW_DER=      -1.1376  SC_DERIV   =        -1.1376
 ------------------------------------------------------------------------------


| TI region  2


 NSTEP =   145000   TIME(PS) =     145.000  TEMP(K) =   230.85  PRESS =     0.0
 Etot   =    -73527.2274  EKtot   =     14339.2325  EPtot      =    -87866.4599
 BOND   =     14216.3989  ANGLE   =         0.0000  DIHED      =        -0.0000
 1-4 NB =         0.0000  1-4 EEL =         0.0000  VDWAALS    =     23527.6116
 EELEC  =   -125610.4703  EHBOND  =         0.0000  RESTRAINT  =         0.0000
 DV/DL  =         0.1485
 ------------------------------------------------------------------------------

 NMR restraints: Bond =    0.000   Angle =     0.000   Torsion =     0.000
===============================================================================

| TI region  1


 NSTEP =   150000   TIME(PS) =     150.000  TEMP(K) =   237.11  PRESS =     0.0
 Etot   =    -72563.2846  EKtot   =     14732.6670  EPtot      =    -87295.9516
 BOND   =     14365.5489  ANGLE   =        -0.0000  DIHED      =        -0.0000
 1-4 NB =         0.0000  1-4 EEL =         0.0000  VDWAALS    =     23267.5736
 EELEC  =   -124929.0741  EHBOND  =         0.0000  RESTRAINT  =         0.0000
 DV/DL  =         0.0010
 ------------------------------------------------------------------------------

  Softcore part of the system:       7 atoms,       TEMP(K)    =         426.73
 SC_Etot=        21.7034  SC_EKtot=         8.9039  SC_EPtot   =        12.7996
 SC_BOND=         1.3175  SC_ANGLE=         5.7366  SC_DIHED   =         5.2685
 SC_14NB=         0.4770  SC_14EEL=         0.0000  SC_VDW     =         0.0000
 SC_EEL =         0.0000
 SC_RES_DIST=     0.0000  SC_RES_ANG=       0.0000  SC_RES_TORS=         0.0000
 SC_EEL_DER=      0.0000  SC_VDW_DER=      -1.1434  SC_DERIV   =        -1.1434
 ------------------------------------------------------------------------------


| TI region  2


 NSTEP =   150000   TIME(PS) =     150.000  TEMP(K) =   237.05  PRESS =     0.0
 Etot   =    -72572.1885  EKtot   =     14723.7631  EPtot      =    -87295.9516
 BOND   =     14365.5489  ANGLE   =        -0.0000  DIHED      =        -0.0000
 1-4 NB =         0.0000  1-4 EEL =         0.0000  VDWAALS    =     23267.5736
 EELEC  =   -124929.0741  EHBOND  =         0.0000  RESTRAINT  =         0.0000
 DV/DL  =         0.0010
 ------------------------------------------------------------------------------

 NMR restraints: Bond =    0.000   Angle =     0.000   Torsion =     0.000
===============================================================================

| TI region  1


 NSTEP =   155000   TIME(PS) =     155.000  TEMP(K) =   242.29  PRESS =     0.0
 Etot   =    -71631.4976  EKtot   =     15054.2773  EPtot      =    -86685.7749
 BOND   =     14407.4787  ANGLE   =        -0.0000  DIHED      =         0.0000
 1-4 NB =         0.0000  1-4 EEL =         0.0000  VDWAALS    =     22846.5501
 EELEC  =   -123939.8037  EHBOND  =         0.0000  RESTRAINT  =         0.0000
 DV/DL  =        -3.3107
 ------------------------------------------------------------------------------

  Softcore part of the system:       7 atoms,       TEMP(K)    =         151.50
 SC_Etot=        14.0289  SC_EKtot=         3.1611  SC_EPtot   =        10.8678
 SC_BOND=         0.2728  SC_ANGLE=         5.1151  SC_DIHED   =         5.2460
 SC_14NB=         0.2339  SC_14EEL=         0.0000  SC_VDW     =         0.0000
 SC_EEL =         0.0000
 SC_RES_DIST=     0.0000  SC_RES_ANG=       0.0000  SC_RES_TORS=         0.0000
 SC_EEL_DER=      0.0000  SC_VDW_DER=      -1.5371  SC_DERIV   =        -1.5371
 ------------------------------------------------------------------------------


| TI region  2


 NSTEP =   155000   TIME(PS) =     155.000  TEMP(K) =   242.32  PRESS =     0.0
 Etot   =    -71634.6587  EKtot   =     15051.1163  EPtot      =    -86685.7749
 BOND   =     14407.4787  ANGLE   =        -0.0000  DIHED      =         0.0000
 1-4 NB =         0.0000  1-4 EEL =         0.0000  VDWAALS    =     22846.5501
 EELEC  =   -123939.8037  EHBOND  =         0.0000  RESTRAINT  =         0.0000
 DV/DL  =        -3.3107
 ------------------------------------------------------------------------------

 NMR restraints: Bond =    0.000   Angle =     0.000   Torsion =     0.000
===============================================================================

| TI region  1


 NSTEP =   160000   TIME(PS) =     160.000  TEMP(K) =   250.74  PRESS =     0.0
 Etot   =    -70153.1219  EKtot   =     15579.8105  EPtot      =    -85732.9324
 BOND   =     14634.3138  ANGLE   =        -0.0000  DIHED      =        -0.0000
 1-4 NB =         0.0000  1-4 EEL =         0.0000  VDWAALS    =     22388.7653
 EELEC  =   -122756.0115  EHBOND  =         0.0000  RESTRAINT  =         0.0000
 DV/DL  =        -3.0941
 ------------------------------------------------------------------------------

  Softcore part of the system:       7 atoms,       TEMP(K)    =         249.52
 SC_Etot=        16.6622  SC_EKtot=         5.2064  SC_EPtot   =        11.4558
 SC_BOND=         1.8706  SC_ANGLE=         4.0429  SC_DIHED   =         5.2278
 SC_14NB=         0.3146  SC_14EEL=         0.0000  SC_VDW     =         0.0000
 SC_EEL =         0.0000
 SC_RES_DIST=     0.0000  SC_RES_ANG=       0.0000  SC_RES_TORS=         0.0000
 SC_EEL_DER=      0.0000  SC_VDW_DER=      -1.4904  SC_DERIV   =        -1.4904
 ------------------------------------------------------------------------------


| TI region  2


 NSTEP =   160000   TIME(PS) =     160.000  TEMP(K) =   250.74  PRESS =     0.0
 Etot   =    -70158.3282  EKtot   =     15574.6042  EPtot      =    -85732.9324
 BOND   =     14634.3138  ANGLE   =        -0.0000  DIHED      =        -0.0000
 1-4 NB =         0.0000  1-4 EEL =         0.0000  VDWAALS    =     22388.7653
 EELEC  =   -122756.0115  EHBOND  =         0.0000  RESTRAINT  =         0.0000
 DV/DL  =        -3.0941
 ------------------------------------------------------------------------------

 NMR restraints: Bond =    0.000   Angle =     0.000   Torsion =     0.000
===============================================================================

| TI region  1


 NSTEP =   165000   TIME(PS) =     165.000  TEMP(K) =   259.47  PRESS =     0.0
 Etot   =    -69383.8866  EKtot   =     16122.2363  EPtot      =    -85506.1229
 BOND   =     14808.9593  ANGLE   =         0.0000  DIHED      =         0.0000
 1-4 NB =         0.0000  1-4 EEL =         0.0000  VDWAALS    =     22734.1893
 EELEC  =   -123049.2716  EHBOND  =         0.0000  RESTRAINT  =         0.0000
 DV/DL  =        -4.1931
 ------------------------------------------------------------------------------

  Softcore part of the system:       7 atoms,       TEMP(K)    =         251.83
 SC_Etot=        15.9557  SC_EKtot=         5.2545  SC_EPtot   =        10.7013
 SC_BOND=         1.0001  SC_ANGLE=         4.2721  SC_DIHED   =         5.2062
 SC_14NB=         0.2229  SC_14EEL=         0.0000  SC_VDW     =         0.0000
 SC_EEL =         0.0000
 SC_RES_DIST=     0.0000  SC_RES_ANG=       0.0000  SC_RES_TORS=         0.0000
 SC_EEL_DER=      0.0000  SC_VDW_DER=      -1.6368  SC_DERIV   =        -1.6368
 ------------------------------------------------------------------------------


| TI region  2


 NSTEP =   165000   TIME(PS) =     165.000  TEMP(K) =   259.48  PRESS =     0.0
 Etot   =    -69389.1411  EKtot   =     16116.9819  EPtot      =    -85506.1229
 BOND   =     14808.9593  ANGLE   =         0.0000  DIHED      =         0.0000
 1-4 NB =         0.0000  1-4 EEL =         0.0000  VDWAALS    =     22734.1893
 EELEC  =   -123049.2716  EHBOND  =         0.0000  RESTRAINT  =         0.0000
 DV/DL  =        -4.1931
 ------------------------------------------------------------------------------

 NMR restraints: Bond =    0.000   Angle =     0.000   Torsion =     0.000
===============================================================================

| TI region  1


 NSTEP =   170000   TIME(PS) =     170.000  TEMP(K) =   268.42  PRESS =     0.0
 Etot   =    -67704.4868  EKtot   =     16677.8438  EPtot      =    -84382.3306
 BOND   =     14927.4122  ANGLE   =         0.0000  DIHED      =        -0.0000
 1-4 NB =         0.0000  1-4 EEL =         0.0000  VDWAALS    =     22079.8433
 EELEC  =   -121389.5861  EHBOND  =         0.0000  RESTRAINT  =         0.0000
 DV/DL  =        -3.2146
 ------------------------------------------------------------------------------

  Softcore part of the system:       7 atoms,       TEMP(K)    =         147.56
 SC_Etot=        13.5498  SC_EKtot=         3.0789  SC_EPtot   =        10.4709
 SC_BOND=         1.3877  SC_ANGLE=         3.5858  SC_DIHED   =         5.2522
 SC_14NB=         0.2452  SC_14EEL=         0.0000  SC_VDW     =         0.0000
 SC_EEL =         0.0000
 SC_RES_DIST=     0.0000  SC_RES_ANG=       0.0000  SC_RES_TORS=         0.0000
 SC_EEL_DER=      0.0000  SC_VDW_DER=      -1.4711  SC_DERIV   =        -1.4711
 ------------------------------------------------------------------------------


| TI region  2


 NSTEP =   170000   TIME(PS) =     170.000  TEMP(K) =   268.46  PRESS =     0.0
 Etot   =    -67707.5658  EKtot   =     16674.7648  EPtot      =    -84382.3306
 BOND   =     14927.4122  ANGLE   =         0.0000  DIHED      =        -0.0000
 1-4 NB =         0.0000  1-4 EEL =         0.0000  VDWAALS    =     22079.8433
 EELEC  =   -121389.5861  EHBOND  =         0.0000  RESTRAINT  =         0.0000
 DV/DL  =        -3.2146
 ------------------------------------------------------------------------------

 NMR restraints: Bond =    0.000   Angle =     0.000   Torsion =     0.000
===============================================================================

| TI region  1


 NSTEP =   175000   TIME(PS) =     175.000  TEMP(K) =   271.10  PRESS =     0.0
 Etot   =    -66672.2364  EKtot   =     16844.4434  EPtot      =    -83516.6798
 BOND   =     14789.6463  ANGLE   =         0.0000  DIHED      =        -0.0000
 1-4 NB =         0.0000  1-4 EEL =         0.0000  VDWAALS    =     22068.8093
 EELEC  =   -120375.1354  EHBOND  =         0.0000  RESTRAINT  =         0.0000
 DV/DL  =        -4.5825
 ------------------------------------------------------------------------------

  Softcore part of the system:       7 atoms,       TEMP(K)    =         241.72
 SC_Etot=        17.4353  SC_EKtot=         5.0436  SC_EPtot   =        12.3917
 SC_BOND=         1.6300  SC_ANGLE=         5.1311  SC_DIHED   =         5.2993
 SC_14NB=         0.3314  SC_14EEL=         0.0000  SC_VDW     =         0.0000
 SC_EEL =         0.0000
 SC_RES_DIST=     0.0000  SC_RES_ANG=       0.0000  SC_RES_TORS=         0.0000
 SC_EEL_DER=      0.0000  SC_VDW_DER=      -1.5253  SC_DERIV   =        -1.5253
 ------------------------------------------------------------------------------


| TI region  2


 NSTEP =   175000   TIME(PS) =     175.000  TEMP(K) =   271.11  PRESS =     0.0
 Etot   =    -66677.2800  EKtot   =     16839.3997  EPtot      =    -83516.6798
 BOND   =     14789.6463  ANGLE   =         0.0000  DIHED      =        -0.0000
 1-4 NB =         0.0000  1-4 EEL =         0.0000  VDWAALS    =     22068.8093
 EELEC  =   -120375.1354  EHBOND  =         0.0000  RESTRAINT  =         0.0000
 DV/DL  =        -4.5825
 ------------------------------------------------------------------------------

 NMR restraints: Bond =    0.000   Angle =     0.000   Torsion =     0.000
===============================================================================

| TI region  1


 NSTEP =   180000   TIME(PS) =     180.000  TEMP(K) =   280.75  PRESS =     0.0
 Etot   =    -65307.3533  EKtot   =     17444.0918  EPtot      =    -82751.4451
 BOND   =     14908.2467  ANGLE   =        -0.0000  DIHED      =         0.0000
 1-4 NB =         0.0000  1-4 EEL =         0.0000  VDWAALS    =     21364.6530
 EELEC  =   -119024.3448  EHBOND  =         0.0000  RESTRAINT  =         0.0000
 DV/DL  =        -6.0933
 ------------------------------------------------------------------------------

  Softcore part of the system:       7 atoms,       TEMP(K)    =         195.89
 SC_Etot=        18.2604  SC_EKtot=         4.0873  SC_EPtot   =        14.1730
 SC_BOND=         1.4445  SC_ANGLE=         6.6184  SC_DIHED   =         5.5975
 SC_14NB=         0.5126  SC_14EEL=         0.0000  SC_VDW     =         0.0000
 SC_EEL =         0.0000
 SC_RES_DIST=     0.0000  SC_RES_ANG=       0.0000  SC_RES_TORS=         0.0000
 SC_EEL_DER=      0.0000  SC_VDW_DER=      -1.8159  SC_DERIV   =        -1.8159
 ------------------------------------------------------------------------------


| TI region  2


 NSTEP =   180000   TIME(PS) =     180.000  TEMP(K) =   280.78  PRESS =     0.0
 Etot   =    -65311.4407  EKtot   =     17440.0045  EPtot      =    -82751.4451
 BOND   =     14908.2467  ANGLE   =        -0.0000  DIHED      =         0.0000
 1-4 NB =         0.0000  1-4 EEL =         0.0000  VDWAALS    =     21364.6530
 EELEC  =   -119024.3448  EHBOND  =         0.0000  RESTRAINT  =         0.0000
 DV/DL  =        -6.0933
 ------------------------------------------------------------------------------

 NMR restraints: Bond =    0.000   Angle =     0.000   Torsion =     0.000
===============================================================================

| TI region  1


 NSTEP =   185000   TIME(PS) =     185.000  TEMP(K) =   292.04  PRESS =     0.0
 Etot   =    -63298.0940  EKtot   =     18145.8359  EPtot      =    -81443.9300
 BOND   =     14997.9656  ANGLE   =         0.0000  DIHED      =        -0.0000
 1-4 NB =         0.0000  1-4 EEL =         0.0000  VDWAALS    =     21023.4007
 EELEC  =   -117465.2963  EHBOND  =         0.0000  RESTRAINT  =         0.0000
 DV/DL  =        -2.4009
 ------------------------------------------------------------------------------

  Softcore part of the system:       7 atoms,       TEMP(K)    =         254.50
 SC_Etot=        16.3687  SC_EKtot=         5.3104  SC_EPtot   =        11.0583
 SC_BOND=         0.7275  SC_ANGLE=         4.8540  SC_DIHED   =         5.2610
 SC_14NB=         0.2158  SC_14EEL=         0.0000  SC_VDW     =         0.0000
 SC_EEL =         0.0000
 SC_RES_DIST=     0.0000  SC_RES_ANG=       0.0000  SC_RES_TORS=         0.0000
 SC_EEL_DER=      0.0000  SC_VDW_DER=      -1.4919  SC_DERIV   =        -1.4919
 ------------------------------------------------------------------------------


| TI region  2


 NSTEP =   185000   TIME(PS) =     185.000  TEMP(K) =   292.05  PRESS =     0.0
 Etot   =    -63303.4044  EKtot   =     18140.5256  EPtot      =    -81443.9300
 BOND   =     14997.9656  ANGLE   =         0.0000  DIHED      =        -0.0000
 1-4 NB =         0.0000  1-4 EEL =         0.0000  VDWAALS    =     21023.4007
 EELEC  =   -117465.2963  EHBOND  =         0.0000  RESTRAINT  =         0.0000
 DV/DL  =        -2.4009
 ------------------------------------------------------------------------------

 NMR restraints: Bond =    0.000   Angle =     0.000   Torsion =     0.000
===============================================================================

| TI region  1


 NSTEP =   190000   TIME(PS) =     190.000  TEMP(K) =   299.61  PRESS =     0.0
 Etot   =    -62039.8783  EKtot   =     18615.8887  EPtot      =    -80655.7670
 BOND   =     15009.3514  ANGLE   =         0.0000  DIHED      =        -0.0000
 1-4 NB =         0.0000  1-4 EEL =         0.0000  VDWAALS    =     21037.0158
 EELEC  =   -116702.1342  EHBOND  =         0.0000  RESTRAINT  =         0.0000
 DV/DL  =        -4.0139
 ------------------------------------------------------------------------------

  Softcore part of the system:       7 atoms,       TEMP(K)    =         246.59
 SC_Etot=        17.0346  SC_EKtot=         5.1451  SC_EPtot   =        11.8894
 SC_BOND=         3.0898  SC_ANGLE=         3.4925  SC_DIHED   =         5.2322
 SC_14NB=         0.0750  SC_14EEL=         0.0000  SC_VDW     =         0.0000
 SC_EEL =         0.0000
 SC_RES_DIST=     0.0000  SC_RES_ANG=       0.0000  SC_RES_TORS=         0.0000
 SC_EEL_DER=      0.0000  SC_VDW_DER=      -1.5744  SC_DERIV   =        -1.5744
 ------------------------------------------------------------------------------


| TI region  2


 NSTEP =   190000   TIME(PS) =     190.000  TEMP(K) =   299.62  PRESS =     0.0
 Etot   =    -62045.0235  EKtot   =     18610.7435  EPtot      =    -80655.7670
 BOND   =     15009.3514  ANGLE   =         0.0000  DIHED      =        -0.0000
 1-4 NB =         0.0000  1-4 EEL =         0.0000  VDWAALS    =     21037.0158
 EELEC  =   -116702.1342  EHBOND  =         0.0000  RESTRAINT  =         0.0000
 DV/DL  =        -4.0139
 ------------------------------------------------------------------------------

 NMR restraints: Bond =    0.000   Angle =     0.000   Torsion =     0.000
===============================================================================

| TI region  1


 NSTEP =   195000   TIME(PS) =     195.000  TEMP(K) =   300.82  PRESS =     0.0
 Etot   =    -61381.4800  EKtot   =     18691.3359  EPtot      =    -80072.8159
 BOND   =     15277.0682  ANGLE   =        -0.0000  DIHED      =        -0.0000
 1-4 NB =         0.0000  1-4 EEL =         0.0000  VDWAALS    =     20574.8776
 EELEC  =   -115924.7617  EHBOND  =         0.0000  RESTRAINT  =         0.0000
 DV/DL  =         0.6009
 ------------------------------------------------------------------------------

  Softcore part of the system:       7 atoms,       TEMP(K)    =         254.10
 SC_Etot=        18.2204  SC_EKtot=         5.3019  SC_EPtot   =        12.9185
 SC_BOND=         1.7317  SC_ANGLE=         5.6152  SC_DIHED   =         5.3172
 SC_14NB=         0.2543  SC_14EEL=         0.0000  SC_VDW     =         0.0000
 SC_EEL =         0.0000
 SC_RES_DIST=     0.0000  SC_RES_ANG=       0.0000  SC_RES_TORS=         0.0000
 SC_EEL_DER=      0.0000  SC_VDW_DER=      -1.0649  SC_DERIV   =        -1.0649
 ------------------------------------------------------------------------------


| TI region  2


 NSTEP =   195000   TIME(PS) =     195.000  TEMP(K) =   300.84  PRESS =     0.0
 Etot   =    -61386.7819  EKtot   =     18686.0340  EPtot      =    -80072.8159
 BOND   =     15277.0682  ANGLE   =        -0.0000  DIHED      =        -0.0000
 1-4 NB =         0.0000  1-4 EEL =         0.0000  VDWAALS    =     20574.8776
 EELEC  =   -115924.7617  EHBOND  =         0.0000  RESTRAINT  =         0.0000
 DV/DL  =         0.6009
 ------------------------------------------------------------------------------

 NMR restraints: Bond =    0.000   Angle =     0.000   Torsion =     0.000
===============================================================================

| TI region  1


 NSTEP =   200000   TIME(PS) =     200.000  TEMP(K) =   300.44  PRESS =     0.0
 Etot   =    -61354.9637  EKtot   =     18667.8496  EPtot      =    -80022.8133
 BOND   =     15124.9376  ANGLE   =        -0.0000  DIHED      =         0.0000
 1-4 NB =         0.0000  1-4 EEL =         0.0000  VDWAALS    =     20426.4636
 EELEC  =   -115574.2145  EHBOND  =         0.0000  RESTRAINT  =         0.0000
 DV/DL  =        -6.1164
 ------------------------------------------------------------------------------

  Softcore part of the system:       7 atoms,       TEMP(K)    =         299.13
 SC_Etot=        23.1914  SC_EKtot=         6.2415  SC_EPtot   =        16.9499
 SC_BOND=         1.1272  SC_ANGLE=        10.1512  SC_DIHED   =         5.2016
 SC_14NB=         0.4699  SC_14EEL=         0.0000  SC_VDW     =         0.0000
 SC_EEL =         0.0000
 SC_RES_DIST=     0.0000  SC_RES_ANG=       0.0000  SC_RES_TORS=         0.0000
 SC_EEL_DER=      0.0000  SC_VDW_DER=      -1.9054  SC_DERIV   =        -1.9054
 ------------------------------------------------------------------------------


| TI region  2


 NSTEP =   200000   TIME(PS) =     200.000  TEMP(K) =   300.44  PRESS =     0.0
 Etot   =    -61361.2052  EKtot   =     18661.6081  EPtot      =    -80022.8133
 BOND   =     15124.9376  ANGLE   =        -0.0000  DIHED      =         0.0000
 1-4 NB =         0.0000  1-4 EEL =         0.0000  VDWAALS    =     20426.4636
 EELEC  =   -115574.2145  EHBOND  =         0.0000  RESTRAINT  =         0.0000
 DV/DL  =        -6.1164
 ------------------------------------------------------------------------------

 NMR restraints: Bond =    0.000   Angle =     0.000   Torsion =     0.000
===============================================================================

| TI region  1


      A V E R A G E S   O V E R      40 S T E P S


 NSTEP =   200000   TIME(PS) =     200.000  TEMP(K) =   160.50  PRESS =     0.0
 Etot   =    -81525.7984  EKtot   =      9972.8476  EPtot      =    -91498.6459
 BOND   =     12757.8716  ANGLE   =         0.0000  DIHED      =        -0.0000
 1-4 NB =         0.0000  1-4 EEL =         0.0000  VDWAALS    =     24063.3323
 EELEC  =   -128319.8499  EHBOND  =         0.0000  RESTRAINT  =         0.0000
 DV/DL  =        -0.2998
 ------------------------------------------------------------------------------

 NMR restraints: Bond =    0.000   Angle =     0.000   Torsion =     0.000
===============================================================================
  Softcore part of the system:       7 atoms,       TEMP(K)    =         156.06
 SC_Etot=        14.0208  SC_EKtot=         3.2562  SC_EPtot   =        10.7646
 SC_BOND=         0.9588  SC_ANGLE=         4.2096  SC_DIHED   =         5.2452
 SC_14NB=         0.3511  SC_14EEL=         0.0000  SC_VDW     =         0.0000
 SC_EEL =         0.0000
 SC_RES_DIST=     0.0000  SC_RES_ANG=       0.0000  SC_RES_TORS=         0.0000
 SC_EEL_DER=      0.0000  SC_VDW_DER=      -1.0503  SC_DERIV   =        -1.0503
 ------------------------------------------------------------------------------


      R M S  F L U C T U A T I O N S


 NSTEP =   200000   TIME(PS) =     200.000  TEMP(K) =    90.18  PRESS =     0.0
 Etot   =     11552.8177  EKtot   =      5602.9883  EPtot      =      5987.1897
 BOND   =      1751.3058  ANGLE   =         0.0000  DIHED      =         0.0000
 1-4 NB =         0.0000  1-4 EEL =         0.0000  VDWAALS    =      1563.8508
 EELEC  =      5856.1514  EHBOND  =         0.0000  RESTRAINT  =         0.0000
 DV/DL  =         3.9186
 ------------------------------------------------------------------------------

  Softcore part of the system:       7 atoms,       TEMP(K)    =          96.37
 SC_Etot=         3.5660  SC_EKtot=         2.0109  SC_EPtot   =         1.8458
 SC_BOND=         0.7912  SC_ANGLE=         1.4143  SC_DIHED   =         0.0633
 SC_14NB=         0.1252  SC_14EEL=         0.0000  SC_VDW     =         0.0000
 SC_EEL =         0.0000
 SC_RES_DIST=     0.0000  SC_RES_ANG=       0.0000  SC_RES_TORS=         0.0000
 SC_EEL_DER=      0.0000  SC_VDW_DER=       0.6226  SC_DERIV   =         0.6226
 ------------------------------------------------------------------------------


| TI region  2


      A V E R A G E S   O V E R      40 S T E P S


 NSTEP =   200000   TIME(PS) =     200.000  TEMP(K) =   160.51  PRESS =     0.0
 Etot   =    -81529.0546  EKtot   =      9969.5913  EPtot      =    -91498.6459
 BOND   =     12757.8716  ANGLE   =         0.0000  DIHED      =        -0.0000
 1-4 NB =         0.0000  1-4 EEL =         0.0000  VDWAALS    =     24063.3323
 EELEC  =   -128319.8499  EHBOND  =         0.0000  RESTRAINT  =         0.0000
 DV/DL  =        -0.2998
 ------------------------------------------------------------------------------

 NMR restraints: Bond =    0.000   Angle =     0.000   Torsion =     0.000
===============================================================================

      R M S  F L U C T U A T I O N S


 NSTEP =   200000   TIME(PS) =     200.000  TEMP(K) =    90.18  PRESS =     0.0
 Etot   =     11551.1929  EKtot   =      5601.3302  EPtot      =      5987.1897
 BOND   =      1751.3058  ANGLE   =         0.0000  DIHED      =         0.0000
 1-4 NB =         0.0000  1-4 EEL =         0.0000  VDWAALS    =      1563.8508
 EELEC  =      5856.1514  EHBOND  =         0.0000  RESTRAINT  =         0.0000
 DV/DL  =         3.9186
 ------------------------------------------------------------------------------


      DV/DL, AVERAGES OVER      40 STEPS


 NSTEP =   200000   TIME(PS) =     200.000  TEMP(K) =    90.18  PRESS =     0.0
 Etot   =         0.0000  EKtot   =         0.0000  EPtot      =        -0.2998
 BOND   =         0.0000  ANGLE   =         0.0000  DIHED      =         0.0000
 1-4 NB =         0.0000  1-4 EEL =         0.0000  VDWAALS    =         0.7504
 EELEC  =         0.0000  EHBOND  =         0.0000  RESTRAINT  =         0.0000
 DV/DL  =        -0.2998
 ------------------------------------------------------------------------------


 NMR restraints on final step:

--------------------------------------------------------------------------------
   5.  TIMINGS
--------------------------------------------------------------------------------

|  NonSetup CPU Time in Major Routines:
|
|     Routine           Sec        %
|     ------------------------------
|     Nonbond         150.13   30.35
|     Bond              0.00    0.00
|     Angle             0.00    0.00
|     Dihedral          0.00    0.00
|     Shake             0.00    0.00
|     RunMD           343.96   69.53
|     Other             0.58    0.12
|     ------------------------------
|     Total           494.66

|  PME Nonbond Pairlist CPU Time:
|
|     Routine              Sec        %
|     ---------------------------------
|     Set Up Cit           0.00    0.00
|     Build List           0.00    0.00
|     ---------------------------------
|     Total                0.00    0.00

|  PME Direct Force CPU Time:
|
|     Routine              Sec        %
|     ---------------------------------
|     NonBonded Calc       0.00    0.00
|     Exclude Masked       0.00    0.00
|     Other                0.38    0.08
|     ---------------------------------
|     Total                0.38    0.08

|  PME Reciprocal Force CPU Time:
|
|     Routine              Sec        %
|     ---------------------------------
|     1D bspline           0.00    0.00
|     Grid Charges         0.00    0.00
|     Scalar Sum           0.00    0.00
|     Gradient Sum         0.00    0.00
|     FFT                  0.00    0.00
|     ---------------------------------
|     Total                0.00    0.00

|  Final Performance Info:
|     -----------------------------------------------------
|     Average timings for last       1 steps:
|     Elapsed(s) =       0.00 Per Step(ms) =       2.29
|         ns/day =      37.71   seconds/ns =    2291.02
|
|     Average timings for all steps:
|     Elapsed(s) =     495.76 Per Step(ms) =       2.48
|         ns/day =      34.86   seconds/ns =    2478.82
|     -----------------------------------------------------

|  Setup CPU time:            0.54 seconds
|  NonSetup CPU time:       494.66 seconds
|  Total CPU time:          495.20 seconds     0.14 hours

|  Setup wall time:           1    seconds
|  NonSetup wall time:      496    seconds
|  Total wall time:         497    seconds     0.14 hours
