
          -------------------------------------------------------
          Amber 18 PMEMD                              2018
          -------------------------------------------------------

| PMEMD implementation of SANDER, Release 18

| Run on 07/20/2020 at 15:33:10

|   Executable path: /opt/software/Amber/18-foss-2018b-AmberTools-19/bin/pmemd.cuda
| Working directory: /mnt/gs18/scratch/users/songlin3/run/1264_optimization/acetate/two_steps_ti3p_gas/step1/0.56262
|          Hostname: lac-083

  [-O]verwriting output

File Assignments:
|   MDIN: heat.in                                                               
|  MDOUT: heat.out                                                              
| INPCRD: min.rst                                                               
|   PARM: step1_final.prmtop                                                    
| RESTRT: heat.rst                                                              
|   REFC: min.rst                                                               
|  MDVEL: mdvel                                                                 
|   MDEN: mden                                                                  
|  MDCRD: heat.netcdf                                                           
| MDINFO: heat.mdinfo                                                           
|  MDFRC: mdfrc                                                                 


 Here is the input file:

nvt for free MD                                                                
 &cntrl                                                                        
  imin=0,                                                                      
  irest=0,                                                                     
  ntx=1,                                                                       
  ig=-1,                                                                       
  nstlim=100000,                                                               
  dt=0.002,                                                                    
  cut=10.0,                                                                    
  ntc=2,                                                                       
  ntf=2,                                                                       
  ntb=1,                                                                       
  ntt=3,                                                                       
  gamma_ln=2.0,                                                                
  tempi=0.0,                                                                   
  temp0=300.0,                                                                 
  ntpr=5000,                                                                   
  ntwr=5000,                                                                   
  ntwx=10000,                                                                  
  ntwv=0,                                                                      
  ioutfm=1,                                                                    
  iwrap=0,                                                                     
  nmropt=1,                                                                    
  ifsc = 0, icfe=1,                                                            
  clambda=0.56262,                                                             
  timask1=':1',                                                                
  timask2=':2', crgmask = ':2',                                                
/                                                                              
&wt TYPE='TEMP0', istep1=0, istep2=90000, value1=0.0, value2=300.0 /           
&wt TYPE='TEMP0', istep1=90001, istep2=100000, value1=300.0, value2=300.0 /    
&wt TYPE='DUMPFREQ', istep1=10000, /                                           
&wt TYPE='END', /                                                              


Note: ig = -1. Setting random seed to   424630 based on wallclock time in 
      microseconds.
| irandom = 1, using AMBER's internal random number generator (default).
 
|--------------------- INFORMATION ----------------------
| GPU (CUDA) Version of PMEMD in use: NVIDIA GPU IN USE.
|                    Version 18.0.0
| 
|                      03/25/2018
| 
| Implementation by:
|                    Ross C. Walker     (SDSC)
|                    Scott Le Grand     (nVIDIA)
| 
| Version 18 performance extensions by:
|                    David Cerutti     (Rutgers)
| 
| Precision model in use:
|      [SPFP] - Single Precision Forces, 64-bit Fixed Point
|               Accumulation. (Default)
| 
|--------------------------------------------------------
 
|----------------- CITATION INFORMATION -----------------
|
|    When publishing work that utilized the CUDA version
|    of AMBER, please cite the following in addition to
|    the regular AMBER citations:
|
|  - Romelia Salomon-Ferrer; Andreas W. Goetz; Duncan
|    Poole; Scott Le Grand; Ross C. Walker "Routine
|    microsecond molecular dynamics simulations with
|    AMBER - Part II: Particle Mesh Ewald", J. Chem.
|    Theory Comput., 2013, 9 (9), pp3878-3888,
|    DOI: 10.1021/ct400314y.
|
|  - Andreas W. Goetz; Mark J. Williamson; Dong Xu;
|    Duncan Poole; Scott Le Grand; Ross C. Walker
|    "Routine microsecond molecular dynamics simulations
|    with AMBER - Part I: Generalized Born", J. Chem.
|    Theory Comput., 2012, 8 (5), pp1542-1555.
|
|  - Scott Le Grand; Andreas W. Goetz; Ross C. Walker
|    "SPFP: Speed without compromise - a mixed precision
|    model for GPU accelerated molecular dynamics
|    simulations.", Comp. Phys. Comm., 2013, 184
|    pp374-380, DOI: 10.1016/j.cpc.2012.09.022
|
|    When publishing work that utilized the CUDA version
|    of TI, BAR, MBAR or FEP please cite the following 
|    three publications in addition to the regular AMBER 
|    GPU citations:
|
|  - Daniel J. Mermelstein; Charles Lin; Gard Nelson; 
|    Rachael Kretsch; J. Andrew McCammon; Ross C. Walker
|    "Fast and Flexible GPU Accelerated Binding 
|    Free Energy Calculations within the AMBER Molecular
|    Dynamics Package" J. Comp. Chem., 2018,
|    DOI: 10.1002/jcc.25187
|
|  - Tai-Sung Lee; Yuan Hu; Brad Sherborne; Zhuyan Guo;
|    Darrin M. York
|    "Toward Fast and Accurate Binding Affinity Prediction with
|    pmemdGTI: An Efficient Implementation of GPU-Accelerated
|    Thermodynamic Integration"
|    J. Chem. Theory Comput., 2017, 13 (7), 3077
|
|
|--------------------------------------------------------
 
|------------------- GPU DEVICE INFO --------------------
|
|            CUDA_VISIBLE_DEVICES: 0
|   CUDA Capable Devices Detected:      1
|           CUDA Device ID in use:      0
|                CUDA Device Name: Tesla K80
|     CUDA Device Global Mem Size:  12206 MB
| CUDA Device Num Multiprocessors:     13
|           CUDA Device Core Freq:   0.82 GHz
|
|--------------------------------------------------------
 
 
| Conditional Compilation Defines Used:
| PUBFFT
| BINTRAJ
| CUDA
| EMIL

| Largest sphere to fit in unit cell has radius =    27.333

| New format PARM file being parsed.
| Version =    1.000 Date = 07/20/20 Time = 15:32:15

| Note: 1-4 EEL scale factors are being read from the topology file.

| Note: 1-4 VDW scale factors are being read from the topology file.
| Duplicated    0 dihedrals

| Duplicated    0 dihedrals

--------------------------------------------------------------------------------
   1.  RESOURCE   USE: 
--------------------------------------------------------------------------------

 getting box info from netcdf restart file
 NATOM  =      14 NTYPES =       6 NBONH =       6 MBONA  =       6
 NTHETH =      12 MTHETA =       6 NPHIH =      24 MPHIA  =       2
 NHPARM =       0 NPARM  =       0 NNB   =      44 NRES   =       2
 NBONA  =       6 NTHETA =       6 NPHIA =       2 NUMBND =       3
 NUMANG =       4 NPTRA  =       3 NATYP =       6 NPHB   =       1
 IFBOX  =       2 NMXRS  =       7 IFCAP =       0 NEXTRA =       0
 NCOPY  =       0

| Coordinate Index Table dimensions:    10   10   10
| Direct force subcell size =     6.6953    6.6953    6.6953

     BOX TYPE: TRUNCATED OCTAHEDRON

--------------------------------------------------------------------------------
   2.  CONTROL  DATA  FOR  THE  RUN
--------------------------------------------------------------------------------

default_name                                                                    

General flags:
     imin    =       0, nmropt  =       1

Nature and format of input:
     ntx     =       1, irest   =       0, ntrx    =       1

Nature and format of output:
     ntxo    =       2, ntpr    =    5000, ntrx    =       1, ntwr    =    5000
     iwrap   =       0, ntwx    =   10000, ntwv    =       0, ntwe    =       0
     ioutfm  =       1, ntwprt  =       0, idecomp =       0, rbornstat=      0

Potential function:
     ntf     =       2, ntb     =       1, igb     =       0, nsnb    =      25
     ipol    =       0, gbsa    =       0, iesp    =       0
     dielc   =   1.00000, cut     =  10.00000, intdiel =   1.00000

Frozen or restrained atoms:
     ibelly  =       0, ntr     =       0

Molecular dynamics:
     nstlim  =    100000, nscm    =      1000, nrespa  =         1
     t       =   0.00000, dt      =   0.00200, vlimit  =  -1.00000

Langevin dynamics temperature regulation:
     ig      =  424630
     temp0   = 300.00000, tempi   =   0.00000, gamma_ln=   2.00000

SHAKE:
     ntc     =       2, jfastw  =       0
     tol     =   0.00001

NMR refinement options:
     iscale  =       0, noeskp  =       1, ipnlty  =       1, mxsub   =       1
     scalm   = 100.00000, pencut  =   0.10000, tausw   =   0.10000

Free energy options:
     icfe    =       1, ifsc    =       0, klambda =       1
     clambda =  0.5626, scalpha =  0.5000, scbeta  = 12.0000
     sceeorder =       2
     dynlmb =  0.0000 logdvdl =       0

| Intermolecular bonds treatment:
|     no_intermolecular_bonds =       1

| Energy averages sample interval:
|     ene_avg_sampling =    5000

Ewald parameters:
     verbose =       0, ew_type =       0, nbflag  =       1, use_pme =       1
     vdwmeth =       1, eedmeth =       1, netfrc  =       1
     Box X =   66.953   Box Y =   66.953   Box Z =   66.953
     Alpha =  109.471   Beta  =  109.471   Gamma =  109.471
     NFFT1 =   64       NFFT2 =   64       NFFT3 =   64
     Cutoff=   10.000   Tol   =0.100E-04
     Ewald Coefficient =  0.27511
     Interpolation order =    4
     TI Mask 1 :1; matches      7 atoms
     TI Mask 2 :2; matches      7 atoms
     TI region 1:       7 atoms
     TI region 2:       7 atoms
Removing charge of      -0.8188 from atom       8
Removing charge of      -0.8188 from atom       9
Removing charge of       0.8054 from atom      10
Removing charge of      -0.1021 from atom      11
Removing charge of      -0.0219 from atom      12
Removing charge of      -0.0219 from atom      13
Removing charge of      -0.0219 from atom      14
Total charge of  -0.99999900 removed from       7 atoms
     Checking for mismatched coordinates.

--------------------------------------------------------------------------------
   3.  ATOMIC COORDINATES AND VELOCITIES
--------------------------------------------------------------------------------

default_name                                                                    
 begin time read from input coords =     0.000 ps



           Begin reading energy term weight changes/NMR restraints
 WEIGHT CHANGES:
 TEMP0         0  90000    0.000000  300.000000      0      0
 TEMP0     90001 100000  300.000000  300.000000      0      0
 DUMPFREQ  10000      0    0.000000    0.000000      0      0

 RESTRAINTS:
                          ** No restraint defined **

                  Done reading weight changes/NMR restraints


 
 Number of triangulated 3-point waters found:        0

     Sum of charges for TI region  1 =  -0.99999900
     Assuming uniform neutralizing plasma


     Sum of charges for TI region  2 =   0.00000000
     Forcing neutrality...

| Dynamic Memory, Types Used:
| Reals              144127
| Integers             1238

| Nonbonded Pairs Initial Allocation:        4234

| GPU memory information (estimate):
| KB of GPU memory in use:         0
| KB of CPU memory in use:         0

--------------------------------------------------------------------------------
   4.  RESULTS
--------------------------------------------------------------------------------


| TI region  1


 NSTEP =        0   TIME(PS) =       0.000  TEMP(K) =     0.00  PRESS =     0.0
 Etot   =         9.4909  EKtot   =         0.0000  EPtot      =         9.4909
 BOND   =         0.0193  ANGLE   =         2.7990  DIHED      =         5.2200
 1-4 NB =         0.2986  1-4 EEL =         4.5676  VDWAALS    =        -0.0001
 EELEC  =        -3.4135  EHBOND  =         0.0000  RESTRAINT  =         0.0000
 DV/DL  =        -2.6387
 ------------------------------------------------------------------------------


| TI region  2


 NSTEP =        0   TIME(PS) =       0.000  TEMP(K) =     0.00  PRESS =     0.0
 Etot   =         9.4909  EKtot   =         0.0000  EPtot      =         9.4909
 BOND   =         0.0193  ANGLE   =         2.7990  DIHED      =         5.2200
 1-4 NB =         0.2986  1-4 EEL =         4.5676  VDWAALS    =        -0.0001
 EELEC  =        -3.4135  EHBOND  =         0.0000  RESTRAINT  =         0.0000
 DV/DL  =        -2.6387
 ------------------------------------------------------------------------------

 NMR restraints: Bond =    0.000   Angle =     0.000   Torsion =     0.000
===============================================================================

| TI region  1


 NSTEP =     5000   TIME(PS) =      10.000  TEMP(K) =    24.95  PRESS =     0.0
 Etot   =         9.9911  EKtot   =         0.4461  EPtot      =         9.5449
 BOND   =         0.0282  ANGLE   =         2.8410  DIHED      =         5.2236
 1-4 NB =         0.2954  1-4 EEL =         4.5703  VDWAALS    =        -0.0001
 EELEC  =        -3.4134  EHBOND  =         0.0000  RESTRAINT  =         0.0000
 DV/DL  =        -2.6450
 ------------------------------------------------------------------------------


| TI region  2


 NSTEP =     5000   TIME(PS) =      10.000  TEMP(K) =    24.95  PRESS =     0.0
 Etot   =         9.9911  EKtot   =         0.4461  EPtot      =         9.5449
 BOND   =         0.0282  ANGLE   =         2.8410  DIHED      =         5.2236
 1-4 NB =         0.2954  1-4 EEL =         4.5703  VDWAALS    =        -0.0001
 EELEC  =        -3.4134  EHBOND  =         0.0000  RESTRAINT  =         0.0000
 DV/DL  =        -2.6450
 ------------------------------------------------------------------------------

 NMR restraints: Bond =    0.000   Angle =     0.000   Torsion =     0.000
===============================================================================

| TI region  1


 NSTEP =    10000   TIME(PS) =      20.000  TEMP(K) =    17.90  PRESS =     0.0
 Etot   =        10.2743  EKtot   =         0.3201  EPtot      =         9.9542
 BOND   =         0.2929  ANGLE   =         3.0341  DIHED      =         5.2285
 1-4 NB =         0.2573  1-4 EEL =         4.5577  VDWAALS    =        -0.0001
 EELEC  =        -3.4162  EHBOND  =         0.0000  RESTRAINT  =         0.0000
 DV/DL  =        -2.6100
 ------------------------------------------------------------------------------


| TI region  2


 NSTEP =    10000   TIME(PS) =      20.000  TEMP(K) =    17.90  PRESS =     0.0
 Etot   =        10.2743  EKtot   =         0.3201  EPtot      =         9.9542
 BOND   =         0.2929  ANGLE   =         3.0341  DIHED      =         5.2285
 1-4 NB =         0.2573  1-4 EEL =         4.5577  VDWAALS    =        -0.0001
 EELEC  =        -3.4162  EHBOND  =         0.0000  RESTRAINT  =         0.0000
 DV/DL  =        -2.6100
 ------------------------------------------------------------------------------

 NMR restraints: Bond =    0.000   Angle =     0.000   Torsion =     0.000
===============================================================================

| TI region  1


 NSTEP =    15000   TIME(PS) =      30.000  TEMP(K) =    22.84  PRESS =     0.0
 Etot   =        10.6151  EKtot   =         0.4086  EPtot      =        10.2065
 BOND   =         0.2351  ANGLE   =         3.2741  DIHED      =         5.2105
 1-4 NB =         0.3313  1-4 EEL =         4.5703  VDWAALS    =        -0.0001
 EELEC  =        -3.4147  EHBOND  =         0.0000  RESTRAINT  =         0.0000
 DV/DL  =        -2.6420
 ------------------------------------------------------------------------------


| TI region  2


 NSTEP =    15000   TIME(PS) =      30.000  TEMP(K) =    22.84  PRESS =     0.0
 Etot   =        10.6151  EKtot   =         0.4086  EPtot      =        10.2065
 BOND   =         0.2351  ANGLE   =         3.2741  DIHED      =         5.2105
 1-4 NB =         0.3313  1-4 EEL =         4.5703  VDWAALS    =        -0.0001
 EELEC  =        -3.4147  EHBOND  =         0.0000  RESTRAINT  =         0.0000
 DV/DL  =        -2.6420
 ------------------------------------------------------------------------------

 NMR restraints: Bond =    0.000   Angle =     0.000   Torsion =     0.000
===============================================================================

| TI region  1


 NSTEP =    20000   TIME(PS) =      40.000  TEMP(K) =    50.39  PRESS =     0.0
 Etot   =        11.5783  EKtot   =         0.9012  EPtot      =        10.6771
 BOND   =         0.2278  ANGLE   =         3.5515  DIHED      =         5.2452
 1-4 NB =         0.4289  1-4 EEL =         4.6365  VDWAALS    =        -0.0001
 EELEC  =        -3.4127  EHBOND  =         0.0000  RESTRAINT  =         0.0000
 DV/DL  =        -2.7979
 ------------------------------------------------------------------------------


| TI region  2


 NSTEP =    20000   TIME(PS) =      40.000  TEMP(K) =    50.39  PRESS =     0.0
 Etot   =        11.5783  EKtot   =         0.9012  EPtot      =        10.6771
 BOND   =         0.2278  ANGLE   =         3.5515  DIHED      =         5.2452
 1-4 NB =         0.4289  1-4 EEL =         4.6365  VDWAALS    =        -0.0001
 EELEC  =        -3.4127  EHBOND  =         0.0000  RESTRAINT  =         0.0000
 DV/DL  =        -2.7979
 ------------------------------------------------------------------------------

 NMR restraints: Bond =    0.000   Angle =     0.000   Torsion =     0.000
===============================================================================

| TI region  1


 NSTEP =    25000   TIME(PS) =      50.000  TEMP(K) =   114.23  PRESS =     0.0
 Etot   =        12.3927  EKtot   =         2.0430  EPtot      =        10.3497
 BOND   =         0.0034  ANGLE   =         3.4797  DIHED      =         5.2311
 1-4 NB =         0.4483  1-4 EEL =         4.6037  VDWAALS    =        -0.0001
 EELEC  =        -3.4164  EHBOND  =         0.0000  RESTRAINT  =         0.0000
 DV/DL  =        -2.7145
 ------------------------------------------------------------------------------


| TI region  2


 NSTEP =    25000   TIME(PS) =      50.000  TEMP(K) =   114.23  PRESS =     0.0
 Etot   =        12.3927  EKtot   =         2.0430  EPtot      =        10.3497
 BOND   =         0.0034  ANGLE   =         3.4797  DIHED      =         5.2311
 1-4 NB =         0.4483  1-4 EEL =         4.6037  VDWAALS    =        -0.0001
 EELEC  =        -3.4164  EHBOND  =         0.0000  RESTRAINT  =         0.0000
 DV/DL  =        -2.7145
 ------------------------------------------------------------------------------

 NMR restraints: Bond =    0.000   Angle =     0.000   Torsion =     0.000
===============================================================================

| TI region  1


 NSTEP =    30000   TIME(PS) =      60.000  TEMP(K) =    72.41  PRESS =     0.0
 Etot   =        11.7396  EKtot   =         1.2950  EPtot      =        10.4447
 BOND   =         0.1623  ANGLE   =         3.4243  DIHED      =         5.2132
 1-4 NB =         0.4510  1-4 EEL =         4.6084  VDWAALS    =        -0.0001
 EELEC  =        -3.4145  EHBOND  =         0.0000  RESTRAINT  =         0.0000
 DV/DL  =        -2.7296
 ------------------------------------------------------------------------------


| TI region  2


 NSTEP =    30000   TIME(PS) =      60.000  TEMP(K) =    72.41  PRESS =     0.0
 Etot   =        11.7396  EKtot   =         1.2950  EPtot      =        10.4447
 BOND   =         0.1623  ANGLE   =         3.4243  DIHED      =         5.2132
 1-4 NB =         0.4510  1-4 EEL =         4.6084  VDWAALS    =        -0.0001
 EELEC  =        -3.4145  EHBOND  =         0.0000  RESTRAINT  =         0.0000
 DV/DL  =        -2.7296
 ------------------------------------------------------------------------------

 NMR restraints: Bond =    0.000   Angle =     0.000   Torsion =     0.000
===============================================================================

| TI region  1


 NSTEP =    35000   TIME(PS) =      70.000  TEMP(K) =    96.70  PRESS =     0.0
 Etot   =        12.6266  EKtot   =         1.7295  EPtot      =        10.8971
 BOND   =         0.1777  ANGLE   =         3.9998  DIHED      =         5.2267
 1-4 NB =         0.3603  1-4 EEL =         4.5473  VDWAALS    =        -0.0001
 EELEC  =        -3.4146  EHBOND  =         0.0000  RESTRAINT  =         0.0000
 DV/DL  =        -2.5898
 ------------------------------------------------------------------------------


| TI region  2


 NSTEP =    35000   TIME(PS) =      70.000  TEMP(K) =    96.70  PRESS =     0.0
 Etot   =        12.6266  EKtot   =         1.7295  EPtot      =        10.8971
 BOND   =         0.1777  ANGLE   =         3.9998  DIHED      =         5.2267
 1-4 NB =         0.3603  1-4 EEL =         4.5473  VDWAALS    =        -0.0001
 EELEC  =        -3.4146  EHBOND  =         0.0000  RESTRAINT  =         0.0000
 DV/DL  =        -2.5898
 ------------------------------------------------------------------------------

 NMR restraints: Bond =    0.000   Angle =     0.000   Torsion =     0.000
===============================================================================

| TI region  1


 NSTEP =    40000   TIME(PS) =      80.000  TEMP(K) =   101.28  PRESS =     0.0
 Etot   =        12.0182  EKtot   =         1.8114  EPtot      =        10.2068
 BOND   =         0.0837  ANGLE   =         3.1357  DIHED      =         5.2244
 1-4 NB =         0.5362  1-4 EEL =         4.6423  VDWAALS    =        -0.0001
 EELEC  =        -3.4154  EHBOND  =         0.0000  RESTRAINT  =         0.0000
 DV/DL  =        -2.8051
 ------------------------------------------------------------------------------


| TI region  2


 NSTEP =    40000   TIME(PS) =      80.000  TEMP(K) =   101.28  PRESS =     0.0
 Etot   =        12.0182  EKtot   =         1.8114  EPtot      =        10.2068
 BOND   =         0.0837  ANGLE   =         3.1357  DIHED      =         5.2244
 1-4 NB =         0.5362  1-4 EEL =         4.6423  VDWAALS    =        -0.0001
 EELEC  =        -3.4154  EHBOND  =         0.0000  RESTRAINT  =         0.0000
 DV/DL  =        -2.8051
 ------------------------------------------------------------------------------

 NMR restraints: Bond =    0.000   Angle =     0.000   Torsion =     0.000
===============================================================================

| TI region  1


 NSTEP =    45000   TIME(PS) =      90.000  TEMP(K) =   152.46  PRESS =     0.0
 Etot   =        14.5240  EKtot   =         2.7267  EPtot      =        11.7973
 BOND   =         0.6905  ANGLE   =         4.1560  DIHED      =         5.2271
 1-4 NB =         0.5423  1-4 EEL =         4.5968  VDWAALS    =        -0.0001
 EELEC  =        -3.4153  EHBOND  =         0.0000  RESTRAINT  =         0.0000
 DV/DL  =        -2.7013
 ------------------------------------------------------------------------------


| TI region  2


 NSTEP =    45000   TIME(PS) =      90.000  TEMP(K) =   152.46  PRESS =     0.0
 Etot   =        14.5240  EKtot   =         2.7267  EPtot      =        11.7973
 BOND   =         0.6905  ANGLE   =         4.1560  DIHED      =         5.2271
 1-4 NB =         0.5423  1-4 EEL =         4.5968  VDWAALS    =        -0.0001
 EELEC  =        -3.4153  EHBOND  =         0.0000  RESTRAINT  =         0.0000
 DV/DL  =        -2.7013
 ------------------------------------------------------------------------------

 NMR restraints: Bond =    0.000   Angle =     0.000   Torsion =     0.000
===============================================================================

| TI region  1


 NSTEP =    50000   TIME(PS) =     100.000  TEMP(K) =   156.25  PRESS =     0.0
 Etot   =        15.3303  EKtot   =         2.7945  EPtot      =        12.5357
 BOND   =         3.2596  ANGLE   =         2.9302  DIHED      =         5.2565
 1-4 NB =         0.0700  1-4 EEL =         4.4345  VDWAALS    =        -0.0001
 EELEC  =        -3.4150  EHBOND  =         0.0000  RESTRAINT  =         0.0000
 DV/DL  =        -2.3310
 ------------------------------------------------------------------------------


| TI region  2


 NSTEP =    50000   TIME(PS) =     100.000  TEMP(K) =   156.25  PRESS =     0.0
 Etot   =        15.3303  EKtot   =         2.7945  EPtot      =        12.5357
 BOND   =         3.2596  ANGLE   =         2.9302  DIHED      =         5.2565
 1-4 NB =         0.0700  1-4 EEL =         4.4345  VDWAALS    =        -0.0001
 EELEC  =        -3.4150  EHBOND  =         0.0000  RESTRAINT  =         0.0000
 DV/DL  =        -2.3310
 ------------------------------------------------------------------------------

 NMR restraints: Bond =    0.000   Angle =     0.000   Torsion =     0.000
===============================================================================

| TI region  1


 NSTEP =    55000   TIME(PS) =     110.000  TEMP(K) =   172.08  PRESS =     0.0
 Etot   =        13.5910  EKtot   =         3.0776  EPtot      =        10.5133
 BOND   =         0.1764  ANGLE   =         3.4515  DIHED      =         5.2840
 1-4 NB =         0.4010  1-4 EEL =         4.6148  VDWAALS    =        -0.0001
 EELEC  =        -3.4143  EHBOND  =         0.0000  RESTRAINT  =         0.0000
 DV/DL  =        -2.7449
 ------------------------------------------------------------------------------


| TI region  2


 NSTEP =    55000   TIME(PS) =     110.000  TEMP(K) =   172.08  PRESS =     0.0
 Etot   =        13.5910  EKtot   =         3.0776  EPtot      =        10.5133
 BOND   =         0.1764  ANGLE   =         3.4515  DIHED      =         5.2840
 1-4 NB =         0.4010  1-4 EEL =         4.6148  VDWAALS    =        -0.0001
 EELEC  =        -3.4143  EHBOND  =         0.0000  RESTRAINT  =         0.0000
 DV/DL  =        -2.7449
 ------------------------------------------------------------------------------

 NMR restraints: Bond =    0.000   Angle =     0.000   Torsion =     0.000
===============================================================================

| TI region  1


 NSTEP =    60000   TIME(PS) =     120.000  TEMP(K) =   330.87  PRESS =     0.0
 Etot   =        18.8221  EKtot   =         5.9176  EPtot      =        12.9045
 BOND   =         1.1207  ANGLE   =         5.1472  DIHED      =         5.2199
 1-4 NB =         0.2788  1-4 EEL =         4.5539  VDWAALS    =        -0.0001
 EELEC  =        -3.4160  EHBOND  =         0.0000  RESTRAINT  =         0.0000
 DV/DL  =        -2.6017
 ------------------------------------------------------------------------------


| TI region  2


 NSTEP =    60000   TIME(PS) =     120.000  TEMP(K) =   330.87  PRESS =     0.0
 Etot   =        18.8221  EKtot   =         5.9176  EPtot      =        12.9045
 BOND   =         1.1207  ANGLE   =         5.1472  DIHED      =         5.2199
 1-4 NB =         0.2788  1-4 EEL =         4.5539  VDWAALS    =        -0.0001
 EELEC  =        -3.4160  EHBOND  =         0.0000  RESTRAINT  =         0.0000
 DV/DL  =        -2.6017
 ------------------------------------------------------------------------------

 NMR restraints: Bond =    0.000   Angle =     0.000   Torsion =     0.000
===============================================================================

| TI region  1


 NSTEP =    65000   TIME(PS) =     130.000  TEMP(K) =   200.17  PRESS =     0.0
 Etot   =        15.1229  EKtot   =         3.5801  EPtot      =        11.5428
 BOND   =         0.6791  ANGLE   =         3.8754  DIHED      =         5.3020
 1-4 NB =         0.4425  1-4 EEL =         4.6581  VDWAALS    =        -0.0001
 EELEC  =        -3.4141  EHBOND  =         0.0000  RESTRAINT  =         0.0000
 DV/DL  =        -2.8441
 ------------------------------------------------------------------------------


| TI region  2


 NSTEP =    65000   TIME(PS) =     130.000  TEMP(K) =   200.17  PRESS =     0.0
 Etot   =        15.1229  EKtot   =         3.5801  EPtot      =        11.5428
 BOND   =         0.6791  ANGLE   =         3.8754  DIHED      =         5.3020
 1-4 NB =         0.4425  1-4 EEL =         4.6581  VDWAALS    =        -0.0001
 EELEC  =        -3.4141  EHBOND  =         0.0000  RESTRAINT  =         0.0000
 DV/DL  =        -2.8441
 ------------------------------------------------------------------------------

 NMR restraints: Bond =    0.000   Angle =     0.000   Torsion =     0.000
===============================================================================

| TI region  1


 NSTEP =    70000   TIME(PS) =     140.000  TEMP(K) =   121.41  PRESS =     0.0
 Etot   =        12.8317  EKtot   =         2.1715  EPtot      =        10.6602
 BOND   =         0.3716  ANGLE   =         3.6994  DIHED      =         5.2236
 1-4 NB =         0.2389  1-4 EEL =         4.5404  VDWAALS    =        -0.0001
 EELEC  =        -3.4137  EHBOND  =         0.0000  RESTRAINT  =         0.0000
 DV/DL  =        -2.5762
 ------------------------------------------------------------------------------


| TI region  2


 NSTEP =    70000   TIME(PS) =     140.000  TEMP(K) =   121.41  PRESS =     0.0
 Etot   =        12.8317  EKtot   =         2.1715  EPtot      =        10.6602
 BOND   =         0.3716  ANGLE   =         3.6994  DIHED      =         5.2236
 1-4 NB =         0.2389  1-4 EEL =         4.5404  VDWAALS    =        -0.0001
 EELEC  =        -3.4137  EHBOND  =         0.0000  RESTRAINT  =         0.0000
 DV/DL  =        -2.5762
 ------------------------------------------------------------------------------

 NMR restraints: Bond =    0.000   Angle =     0.000   Torsion =     0.000
===============================================================================

| TI region  1


 NSTEP =    75000   TIME(PS) =     150.000  TEMP(K) =   287.50  PRESS =     0.0
 Etot   =        16.9605  EKtot   =         5.1419  EPtot      =        11.8185
 BOND   =         1.9226  ANGLE   =         3.3665  DIHED      =         5.2539
 1-4 NB =         0.2098  1-4 EEL =         4.4806  VDWAALS    =        -0.0001
 EELEC  =        -3.4147  EHBOND  =         0.0000  RESTRAINT  =         0.0000
 DV/DL  =        -2.4369
 ------------------------------------------------------------------------------


| TI region  2


 NSTEP =    75000   TIME(PS) =     150.000  TEMP(K) =   287.50  PRESS =     0.0
 Etot   =        16.9605  EKtot   =         5.1419  EPtot      =        11.8185
 BOND   =         1.9226  ANGLE   =         3.3665  DIHED      =         5.2539
 1-4 NB =         0.2098  1-4 EEL =         4.4806  VDWAALS    =        -0.0001
 EELEC  =        -3.4147  EHBOND  =         0.0000  RESTRAINT  =         0.0000
 DV/DL  =        -2.4369
 ------------------------------------------------------------------------------

 NMR restraints: Bond =    0.000   Angle =     0.000   Torsion =     0.000
===============================================================================

| TI region  1


 NSTEP =    80000   TIME(PS) =     160.000  TEMP(K) =   377.45  PRESS =     0.0
 Etot   =        20.2471  EKtot   =         6.7506  EPtot      =        13.4965
 BOND   =         0.9238  ANGLE   =         5.8493  DIHED      =         5.2819
 1-4 NB =         0.3454  1-4 EEL =         4.5089  VDWAALS    =        -0.0001
 EELEC  =        -3.4128  EHBOND  =         0.0000  RESTRAINT  =         0.0000
 DV/DL  =        -2.5060
 ------------------------------------------------------------------------------


| TI region  2


 NSTEP =    80000   TIME(PS) =     160.000  TEMP(K) =   377.45  PRESS =     0.0
 Etot   =        20.2471  EKtot   =         6.7506  EPtot      =        13.4965
 BOND   =         0.9238  ANGLE   =         5.8493  DIHED      =         5.2819
 1-4 NB =         0.3454  1-4 EEL =         4.5089  VDWAALS    =        -0.0001
 EELEC  =        -3.4128  EHBOND  =         0.0000  RESTRAINT  =         0.0000
 DV/DL  =        -2.5060
 ------------------------------------------------------------------------------

 NMR restraints: Bond =    0.000   Angle =     0.000   Torsion =     0.000
===============================================================================

| TI region  1


 NSTEP =    85000   TIME(PS) =     170.000  TEMP(K) =   246.38  PRESS =     0.0
 Etot   =        15.7569  EKtot   =         4.4065  EPtot      =        11.3504
 BOND   =         0.1481  ANGLE   =         3.9942  DIHED      =         5.2265
 1-4 NB =         0.6976  1-4 EEL =         4.6979  VDWAALS    =        -0.0001
 EELEC  =        -3.4138  EHBOND  =         0.0000  RESTRAINT  =         0.0000
 DV/DL  =        -2.9360
 ------------------------------------------------------------------------------


| TI region  2


 NSTEP =    85000   TIME(PS) =     170.000  TEMP(K) =   246.38  PRESS =     0.0
 Etot   =        15.7569  EKtot   =         4.4065  EPtot      =        11.3504
 BOND   =         0.1481  ANGLE   =         3.9942  DIHED      =         5.2265
 1-4 NB =         0.6976  1-4 EEL =         4.6979  VDWAALS    =        -0.0001
 EELEC  =        -3.4138  EHBOND  =         0.0000  RESTRAINT  =         0.0000
 DV/DL  =        -2.9360
 ------------------------------------------------------------------------------

 NMR restraints: Bond =    0.000   Angle =     0.000   Torsion =     0.000
===============================================================================

| TI region  1


 NSTEP =    90000   TIME(PS) =     180.000  TEMP(K) =   277.04  PRESS =     0.0
 Etot   =        17.2970  EKtot   =         4.9548  EPtot      =        12.3422
 BOND   =         1.6714  ANGLE   =         4.1665  DIHED      =         5.2294
 1-4 NB =         0.1911  1-4 EEL =         4.5008  VDWAALS    =        -0.0001
 EELEC  =        -3.4168  EHBOND  =         0.0000  RESTRAINT  =         0.0000
 DV/DL  =        -2.4784
 ------------------------------------------------------------------------------


| TI region  2


 NSTEP =    90000   TIME(PS) =     180.000  TEMP(K) =   277.04  PRESS =     0.0
 Etot   =        17.2970  EKtot   =         4.9548  EPtot      =        12.3422
 BOND   =         1.6714  ANGLE   =         4.1665  DIHED      =         5.2294
 1-4 NB =         0.1911  1-4 EEL =         4.5008  VDWAALS    =        -0.0001
 EELEC  =        -3.4168  EHBOND  =         0.0000  RESTRAINT  =         0.0000
 DV/DL  =        -2.4784
 ------------------------------------------------------------------------------

 NMR restraints: Bond =    0.000   Angle =     0.000   Torsion =     0.000
===============================================================================

| TI region  1


 NSTEP =    95000   TIME(PS) =     190.000  TEMP(K) =   319.72  PRESS =     0.0
 Etot   =        18.0195  EKtot   =         5.7180  EPtot      =        12.3014
 BOND   =         0.3906  ANGLE   =         5.2494  DIHED      =         5.3857
 1-4 NB =         0.1551  1-4 EEL =         4.5373  VDWAALS    =        -0.0001
 EELEC  =        -3.4165  EHBOND  =         0.0000  RESTRAINT  =         0.0000
 DV/DL  =        -2.5624
 ------------------------------------------------------------------------------


| TI region  2


 NSTEP =    95000   TIME(PS) =     190.000  TEMP(K) =   319.72  PRESS =     0.0
 Etot   =        18.0195  EKtot   =         5.7180  EPtot      =        12.3014
 BOND   =         0.3906  ANGLE   =         5.2494  DIHED      =         5.3857
 1-4 NB =         0.1551  1-4 EEL =         4.5373  VDWAALS    =        -0.0001
 EELEC  =        -3.4165  EHBOND  =         0.0000  RESTRAINT  =         0.0000
 DV/DL  =        -2.5624
 ------------------------------------------------------------------------------

 NMR restraints: Bond =    0.000   Angle =     0.000   Torsion =     0.000
===============================================================================

| TI region  1


 NSTEP =   100000   TIME(PS) =     200.000  TEMP(K) =   111.93  PRESS =     0.0
 Etot   =        15.3009  EKtot   =         2.0019  EPtot      =        13.2990
 BOND   =         0.2983  ANGLE   =         6.2366  DIHED      =         5.2600
 1-4 NB =         0.3908  1-4 EEL =         4.5278  VDWAALS    =        -0.0001
 EELEC  =        -3.4144  EHBOND  =         0.0000  RESTRAINT  =         0.0000
 DV/DL  =        -2.5455
 ------------------------------------------------------------------------------


| TI region  2


 NSTEP =   100000   TIME(PS) =     200.000  TEMP(K) =   111.93  PRESS =     0.0
 Etot   =        15.3009  EKtot   =         2.0019  EPtot      =        13.2990
 BOND   =         0.2983  ANGLE   =         6.2366  DIHED      =         5.2600
 1-4 NB =         0.3908  1-4 EEL =         4.5278  VDWAALS    =        -0.0001
 EELEC  =        -3.4144  EHBOND  =         0.0000  RESTRAINT  =         0.0000
 DV/DL  =        -2.5455
 ------------------------------------------------------------------------------

 NMR restraints: Bond =    0.000   Angle =     0.000   Torsion =     0.000
===============================================================================

| TI region  1


      A V E R A G E S   O V E R      20 S T E P S


 NSTEP =   100000   TIME(PS) =     200.000  TEMP(K) =   162.70  PRESS =     0.0
 Etot   =        14.2520  EKtot   =         2.9098  EPtot      =        11.3421
 BOND   =         0.6432  ANGLE   =         3.9431  DIHED      =         5.2477
 1-4 NB =         0.3536  1-4 EEL =         4.5694  VDWAALS    =        -0.0001
 EELEC  =        -3.4148  EHBOND  =         0.0000  RESTRAINT  =         0.0000
 DV/DL  =        -2.6399
 ------------------------------------------------------------------------------

 NMR restraints: Bond =    0.000   Angle =     0.000   Torsion =     0.000
===============================================================================

      R M S  F L U C T U A T I O N S


 NSTEP =   100000   TIME(PS) =     200.000  TEMP(K) =   107.56  PRESS =     0.0
 Etot   =         2.8913  EKtot   =         1.9236  EPtot      =         1.1412
 BOND   =         0.7931  ANGLE   =         0.9379  DIHED      =         0.0401
 1-4 NB =         0.1452  1-4 EEL =         0.0627  VDWAALS    =         0.0000
 EELEC  =         0.0012  EHBOND  =         0.0000  RESTRAINT  =         0.0000
 DV/DL  =         0.1440
 ------------------------------------------------------------------------------


| TI region  2


      A V E R A G E S   O V E R      20 S T E P S


 NSTEP =   100000   TIME(PS) =     200.000  TEMP(K) =   162.70  PRESS =     0.0
 Etot   =        14.2520  EKtot   =         2.9098  EPtot      =        11.3421
 BOND   =         0.6432  ANGLE   =         3.9431  DIHED      =         5.2477
 1-4 NB =         0.3536  1-4 EEL =         4.5694  VDWAALS    =        -0.0001
 EELEC  =        -3.4148  EHBOND  =         0.0000  RESTRAINT  =         0.0000
 DV/DL  =        -2.6399
 ------------------------------------------------------------------------------

 NMR restraints: Bond =    0.000   Angle =     0.000   Torsion =     0.000
===============================================================================

      R M S  F L U C T U A T I O N S


 NSTEP =   100000   TIME(PS) =     200.000  TEMP(K) =   107.56  PRESS =     0.0
 Etot   =         2.8913  EKtot   =         1.9236  EPtot      =         1.1412
 BOND   =         0.7931  ANGLE   =         0.9379  DIHED      =         0.0401
 1-4 NB =         0.1452  1-4 EEL =         0.0627  VDWAALS    =         0.0000
 EELEC  =         0.0012  EHBOND  =         0.0000  RESTRAINT  =         0.0000
 DV/DL  =         0.1440
 ------------------------------------------------------------------------------


      DV/DL, AVERAGES OVER      20 STEPS


 NSTEP =   100000   TIME(PS) =     200.000  TEMP(K) =   107.56  PRESS =     0.0
 Etot   =         0.0000  EKtot   =         0.0000  EPtot      =        -2.6399
 BOND   =         0.0000  ANGLE   =         0.0000  DIHED      =         0.0000
 1-4 NB =         0.0000  1-4 EEL =       -10.4472  VDWAALS    =         0.0000
 EELEC  =         7.8073  EHBOND  =         0.0000  RESTRAINT  =         0.0000
 DV/DL  =        -2.6399
 ------------------------------------------------------------------------------


 NMR restraints on final step:

--------------------------------------------------------------------------------
   5.  TIMINGS
--------------------------------------------------------------------------------

|  NonSetup CPU Time in Major Routines:
|
|     Routine           Sec        %
|     ------------------------------
|     Nonbond          24.76   36.82
|     Bond              0.00    0.00
|     Angle             0.00    0.00
|     Dihedral          0.00    0.00
|     Shake             0.75    1.12
|     RunMD            41.49   61.68
|     Other             0.26    0.39
|     ------------------------------
|     Total            67.27

|  PME Nonbond Pairlist CPU Time:
|
|     Routine              Sec        %
|     ---------------------------------
|     Set Up Cit           0.00    0.00
|     Build List           0.00    0.00
|     ---------------------------------
|     Total                0.00    0.00

|  PME Direct Force CPU Time:
|
|     Routine              Sec        %
|     ---------------------------------
|     NonBonded Calc       0.00    0.00
|     Exclude Masked       0.00    0.00
|     Other                0.19    0.28
|     ---------------------------------
|     Total                0.19    0.28

|  PME Reciprocal Force CPU Time:
|
|     Routine              Sec        %
|     ---------------------------------
|     1D bspline           0.00    0.00
|     Grid Charges         0.00    0.00
|     Scalar Sum           0.00    0.00
|     Gradient Sum         0.00    0.00
|     FFT                  0.00    0.00
|     ---------------------------------
|     Total                0.00    0.00

|  Final Performance Info:
|     -----------------------------------------------------
|     Average timings for last   10000 steps:
|     Elapsed(s) =       6.73 Per Step(ms) =       0.67
|         ns/day =     256.63   seconds/ns =     336.67
|
|     Average timings for all steps:
|     Elapsed(s) =      67.44 Per Step(ms) =       0.67
|         ns/day =     256.24   seconds/ns =     337.18
|     -----------------------------------------------------

|  Setup CPU time:            0.42 seconds
|  NonSetup CPU time:        67.27 seconds
|  Total CPU time:           67.68 seconds     0.02 hours

|  Setup wall time:           1    seconds
|  NonSetup wall time:       67    seconds
|  Total wall time:          68    seconds     0.02 hours
