
          -------------------------------------------------------
          Amber 18 PMEMD                              2018
          -------------------------------------------------------

| PMEMD implementation of SANDER, Release 18

| Run on 06/13/2020 at 15:34:58

|   Executable path: /opt/software/Amber/18-foss-2018b-AmberTools-19/bin/pmemd.cuda
| Working directory: /mnt/gs18/scratch/users/songlin3/run/1264_optimization/acetate/two_steps_tip3p/step1/0.31608
|          Hostname: lac-347

  [-O]verwriting output

File Assignments:
|   MDIN: heat.in                                                               
|  MDOUT: heat.out                                                              
| INPCRD: min.rst                                                               
|   PARM: step1.prmtop                                                          
| RESTRT: heat.rst                                                              
|   REFC: min.rst                                                               
|  MDVEL: mdvel                                                                 
|   MDEN: mden                                                                  
|  MDCRD: heat.netcdf                                                           
| MDINFO: heat.mdinfo                                                           
|  MDFRC: mdfrc                                                                 


 Here is the input file:

nvt for free MD                                                                
 &cntrl                                                                        
  imin=0,                                                                      
  irest=0,                                                                     
  ntx=1,                                                                       
  ig=-1,                                                                       
  nstlim=100000,                                                               
  dt=0.002,                                                                    
  cut=10.0,                                                                    
  ntc=2,                                                                       
  ntf=2,                                                                       
  ntb=1,                                                                       
  ntt=3,                                                                       
  gamma_ln=2.0,                                                                
  tempi=0.0,                                                                   
  temp0=300.0,                                                                 
  ntpr=5000,                                                                   
  ntwr=5000,                                                                   
  ntwx=10000,                                                                  
  ntwv=0,                                                                      
  ioutfm=1,                                                                    
  iwrap=0,                                                                     
  nmropt=1,                                                                    
  ifsc = 0, icfe=1,                                                            
  clambda=0.31608,                                                             
  timask1=':1',                                                                
  timask2=':2', crgmask = ':2',                                                
/                                                                              
&wt TYPE='TEMP0', istep1=0, istep2=90000, value1=0.0, value2=300.0 /           
&wt TYPE='TEMP0', istep1=90001, istep2=100000, value1=300.0, value2=300.0 /    
&wt TYPE='DUMPFREQ', istep1=10000, /                                           
&wt TYPE='END', /                                                              


Note: ig = -1. Setting random seed to   100384 based on wallclock time in 
      microseconds.
| irandom = 1, using AMBER's internal random number generator (default).
 
|--------------------- INFORMATION ----------------------
| GPU (CUDA) Version of PMEMD in use: NVIDIA GPU IN USE.
|                    Version 18.0.0
| 
|                      03/25/2018
| 
| Implementation by:
|                    Ross C. Walker     (SDSC)
|                    Scott Le Grand     (nVIDIA)
| 
| Version 18 performance extensions by:
|                    David Cerutti     (Rutgers)
| 
| Precision model in use:
|      [SPFP] - Single Precision Forces, 64-bit Fixed Point
|               Accumulation. (Default)
| 
|--------------------------------------------------------
 
|----------------- CITATION INFORMATION -----------------
|
|    When publishing work that utilized the CUDA version
|    of AMBER, please cite the following in addition to
|    the regular AMBER citations:
|
|  - Romelia Salomon-Ferrer; Andreas W. Goetz; Duncan
|    Poole; Scott Le Grand; Ross C. Walker "Routine
|    microsecond molecular dynamics simulations with
|    AMBER - Part II: Particle Mesh Ewald", J. Chem.
|    Theory Comput., 2013, 9 (9), pp3878-3888,
|    DOI: 10.1021/ct400314y.
|
|  - Andreas W. Goetz; Mark J. Williamson; Dong Xu;
|    Duncan Poole; Scott Le Grand; Ross C. Walker
|    "Routine microsecond molecular dynamics simulations
|    with AMBER - Part I: Generalized Born", J. Chem.
|    Theory Comput., 2012, 8 (5), pp1542-1555.
|
|  - Scott Le Grand; Andreas W. Goetz; Ross C. Walker
|    "SPFP: Speed without compromise - a mixed precision
|    model for GPU accelerated molecular dynamics
|    simulations.", Comp. Phys. Comm., 2013, 184
|    pp374-380, DOI: 10.1016/j.cpc.2012.09.022
|
|    When publishing work that utilized the CUDA version
|    of TI, BAR, MBAR or FEP please cite the following 
|    three publications in addition to the regular AMBER 
|    GPU citations:
|
|  - Daniel J. Mermelstein; Charles Lin; Gard Nelson; 
|    Rachael Kretsch; J. Andrew McCammon; Ross C. Walker
|    "Fast and Flexible GPU Accelerated Binding 
|    Free Energy Calculations within the AMBER Molecular
|    Dynamics Package" J. Comp. Chem., 2018,
|    DOI: 10.1002/jcc.25187
|
|  - Tai-Sung Lee; Yuan Hu; Brad Sherborne; Zhuyan Guo;
|    Darrin M. York
|    "Toward Fast and Accurate Binding Affinity Prediction with
|    pmemdGTI: An Efficient Implementation of GPU-Accelerated
|    Thermodynamic Integration"
|    J. Chem. Theory Comput., 2017, 13 (7), 3077
|
|
|--------------------------------------------------------
 
|------------------- GPU DEVICE INFO --------------------
|
|            CUDA_VISIBLE_DEVICES: 0
|   CUDA Capable Devices Detected:      1
|           CUDA Device ID in use:      0
|                CUDA Device Name: Tesla K80
|     CUDA Device Global Mem Size:  12206 MB
| CUDA Device Num Multiprocessors:     13
|           CUDA Device Core Freq:   0.82 GHz
|
|--------------------------------------------------------
 
 
| Conditional Compilation Defines Used:
| PUBFFT
| BINTRAJ
| CUDA
| EMIL

| Largest sphere to fit in unit cell has radius =    27.333

| New format PARM file being parsed.
| Version =    1.000 Date = 06/13/20 Time = 15:21:32

| Note: 1-4 EEL scale factors are being read from the topology file.

| Note: 1-4 VDW scale factors are being read from the topology file.
| Duplicated    0 dihedrals

| Duplicated    0 dihedrals

--------------------------------------------------------------------------------
   1.  RESOURCE   USE: 
--------------------------------------------------------------------------------

 getting box info from netcdf restart file
 NATOM  =   20855 NTYPES =       6 NBONH =   20847 MBONA  =       6
 NTHETH =      12 MTHETA =       6 NPHIH =      24 MPHIA  =       2
 NHPARM =       0 NPARM  =       0 NNB   =   27832 NRES   =    6949
 NBONA  =       6 NTHETA =       6 NPHIA =       2 NUMBND =       5
 NUMANG =       4 NPTRA  =       3 NATYP =       6 NPHB   =       1
 IFBOX  =       2 NMXRS  =       7 IFCAP =       0 NEXTRA =       0
 NCOPY  =       0

| Coordinate Index Table dimensions:    10   10   10
| Direct force subcell size =     6.6953    6.6953    6.6953

     BOX TYPE: TRUNCATED OCTAHEDRON

--------------------------------------------------------------------------------
   2.  CONTROL  DATA  FOR  THE  RUN
--------------------------------------------------------------------------------

default_name                                                                    

General flags:
     imin    =       0, nmropt  =       1

Nature and format of input:
     ntx     =       1, irest   =       0, ntrx    =       1

Nature and format of output:
     ntxo    =       2, ntpr    =    5000, ntrx    =       1, ntwr    =    5000
     iwrap   =       0, ntwx    =   10000, ntwv    =       0, ntwe    =       0
     ioutfm  =       1, ntwprt  =       0, idecomp =       0, rbornstat=      0

Potential function:
     ntf     =       2, ntb     =       1, igb     =       0, nsnb    =      25
     ipol    =       0, gbsa    =       0, iesp    =       0
     dielc   =   1.00000, cut     =  10.00000, intdiel =   1.00000

Frozen or restrained atoms:
     ibelly  =       0, ntr     =       0

Molecular dynamics:
     nstlim  =    100000, nscm    =      1000, nrespa  =         1
     t       =   0.00000, dt      =   0.00200, vlimit  =  -1.00000

Langevin dynamics temperature regulation:
     ig      =  100384
     temp0   = 300.00000, tempi   =   0.00000, gamma_ln=   2.00000

SHAKE:
     ntc     =       2, jfastw  =       0
     tol     =   0.00001

NMR refinement options:
     iscale  =       0, noeskp  =       1, ipnlty  =       1, mxsub   =       1
     scalm   = 100.00000, pencut  =   0.10000, tausw   =   0.10000

Free energy options:
     icfe    =       1, ifsc    =       0, klambda =       1
     clambda =  0.3161, scalpha =  0.5000, scbeta  = 12.0000
     sceeorder =       2
     dynlmb =  0.0000 logdvdl =       0

| Intermolecular bonds treatment:
|     no_intermolecular_bonds =       1

| Energy averages sample interval:
|     ene_avg_sampling =    5000

Ewald parameters:
     verbose =       0, ew_type =       0, nbflag  =       1, use_pme =       1
     vdwmeth =       1, eedmeth =       1, netfrc  =       1
     Box X =   66.953   Box Y =   66.953   Box Z =   66.953
     Alpha =  109.471   Beta  =  109.471   Gamma =  109.471
     NFFT1 =   64       NFFT2 =   64       NFFT3 =   64
     Cutoff=   10.000   Tol   =0.100E-04
     Ewald Coefficient =  0.27511
     Interpolation order =    4
     TI Mask 1 :1; matches      7 atoms
     TI Mask 2 :2; matches      7 atoms
     TI region 1:   20848 atoms
     TI region 2:   20848 atoms
Removing charge of      -0.8188 from atom       8
Removing charge of      -0.8188 from atom       9
Removing charge of       0.8054 from atom      10
Removing charge of      -0.1021 from atom      11
Removing charge of      -0.0219 from atom      12
Removing charge of      -0.0219 from atom      13
Removing charge of      -0.0219 from atom      14
Total charge of  -0.99999900 removed from       7 atoms
     Checking for mismatched coordinates.

--------------------------------------------------------------------------------
   3.  ATOMIC COORDINATES AND VELOCITIES
--------------------------------------------------------------------------------

default_name                                                                    
 begin time read from input coords =     0.000 ps



           Begin reading energy term weight changes/NMR restraints
 WEIGHT CHANGES:
 TEMP0         0  90000    0.000000  300.000000      0      0
 TEMP0     90001 100000  300.000000  300.000000      0      0
 DUMPFREQ  10000      0    0.000000    0.000000      0      0

 RESTRAINTS:
                          ** No restraint defined **

                  Done reading weight changes/NMR restraints


 
 Number of triangulated 3-point waters found:     6947

     Sum of charges for TI region  1 =  -0.99999900
     Assuming uniform neutralizing plasma


     Sum of charges for TI region  2 =   0.00000000
     Forcing neutrality...

| Dynamic Memory, Types Used:
| Reals              915248
| Integers           793196

| Nonbonded Pairs Initial Allocation:     6308116

| GPU memory information (estimate):
| KB of GPU memory in use:         0
| KB of CPU memory in use:         0

--------------------------------------------------------------------------------
   4.  RESULTS
--------------------------------------------------------------------------------


| TI region  1


 NSTEP =        0   TIME(PS) =       0.000  TEMP(K) =     0.00  PRESS =     0.0
 Etot   =    -64942.6053  EKtot   =         0.0000  EPtot      =    -64942.6053
 BOND   =         0.0630  ANGLE   =         3.0024  DIHED      =         5.2510
 1-4 NB =         0.2474  1-4 EEL =         7.1054  VDWAALS    =      5045.8751
 EELEC  =    -70004.1496  EHBOND  =         0.0000  RESTRAINT  =         0.0000
 DV/DL  =        22.9183
 ------------------------------------------------------------------------------


| TI region  2


 NSTEP =        0   TIME(PS) =       0.000  TEMP(K) =     0.00  PRESS =     0.0
 Etot   =    -64942.6053  EKtot   =         0.0000  EPtot      =    -64942.6053
 BOND   =         0.0630  ANGLE   =         3.0024  DIHED      =         5.2510
 1-4 NB =         0.2474  1-4 EEL =         7.1054  VDWAALS    =      5045.8751
 EELEC  =    -70004.1496  EHBOND  =         0.0000  RESTRAINT  =         0.0000
 DV/DL  =        22.9183
 ------------------------------------------------------------------------------

 NMR restraints: Bond =    0.000   Angle =     0.000   Torsion =     0.000
===============================================================================

| TI region  1


 NSTEP =     5000   TIME(PS) =      10.000  TEMP(K) =    15.97  PRESS =     0.0
 Etot   =    -81763.6030  EKtot   =       661.6764  EPtot      =    -82425.2794
 BOND   =         0.1187  ANGLE   =         3.3351  DIHED      =         5.2108
 1-4 NB =         0.2150  1-4 EEL =         7.0935  VDWAALS    =     14899.6381
 EELEC  =    -97340.8907  EHBOND  =         0.0000  RESTRAINT  =         0.0000
 DV/DL  =       104.4216
 ------------------------------------------------------------------------------


| TI region  2


 NSTEP =     5000   TIME(PS) =      10.000  TEMP(K) =    15.97  PRESS =     0.0
 Etot   =    -81763.6030  EKtot   =       661.6764  EPtot      =    -82425.2794
 BOND   =         0.1187  ANGLE   =         3.3351  DIHED      =         5.2108
 1-4 NB =         0.2150  1-4 EEL =         7.0935  VDWAALS    =     14899.6381
 EELEC  =    -97340.8907  EHBOND  =         0.0000  RESTRAINT  =         0.0000
 DV/DL  =       104.4216
 ------------------------------------------------------------------------------

 NMR restraints: Bond =    0.000   Angle =     0.000   Torsion =     0.000
===============================================================================

| TI region  1


 NSTEP =    10000   TIME(PS) =      20.000  TEMP(K) =    32.59  PRESS =     0.0
 Etot   =    -80647.3146  EKtot   =      1350.0962  EPtot      =    -81997.4108
 BOND   =         0.0589  ANGLE   =         3.0566  DIHED      =         5.2130
 1-4 NB =         0.3695  1-4 EEL =         7.1903  VDWAALS    =     14968.8278
 EELEC  =    -96982.1269  EHBOND  =         0.0000  RESTRAINT  =         0.0000
 DV/DL  =       113.0163
 ------------------------------------------------------------------------------


| TI region  2


 NSTEP =    10000   TIME(PS) =      20.000  TEMP(K) =    32.59  PRESS =     0.0
 Etot   =    -80647.3146  EKtot   =      1350.0962  EPtot      =    -81997.4108
 BOND   =         0.0589  ANGLE   =         3.0566  DIHED      =         5.2130
 1-4 NB =         0.3695  1-4 EEL =         7.1903  VDWAALS    =     14968.8278
 EELEC  =    -96982.1269  EHBOND  =         0.0000  RESTRAINT  =         0.0000
 DV/DL  =       113.0163
 ------------------------------------------------------------------------------

 NMR restraints: Bond =    0.000   Angle =     0.000   Torsion =     0.000
===============================================================================

| TI region  1


 NSTEP =    15000   TIME(PS) =      30.000  TEMP(K) =    49.37  PRESS =     0.0
 Etot   =    -79471.4666  EKtot   =      2045.5078  EPtot      =    -81516.9744
 BOND   =         0.1794  ANGLE   =         3.1132  DIHED      =         5.2316
 1-4 NB =         0.2928  1-4 EEL =         7.1493  VDWAALS    =     14853.5384
 EELEC  =    -96386.4792  EHBOND  =         0.0000  RESTRAINT  =         0.0000
 DV/DL  =       114.6776
 ------------------------------------------------------------------------------


| TI region  2


 NSTEP =    15000   TIME(PS) =      30.000  TEMP(K) =    49.37  PRESS =     0.0
 Etot   =    -79471.4666  EKtot   =      2045.5078  EPtot      =    -81516.9744
 BOND   =         0.1794  ANGLE   =         3.1132  DIHED      =         5.2316
 1-4 NB =         0.2928  1-4 EEL =         7.1493  VDWAALS    =     14853.5384
 EELEC  =    -96386.4792  EHBOND  =         0.0000  RESTRAINT  =         0.0000
 DV/DL  =       114.6776
 ------------------------------------------------------------------------------

 NMR restraints: Bond =    0.000   Angle =     0.000   Torsion =     0.000
===============================================================================

| TI region  1


 NSTEP =    20000   TIME(PS) =      40.000  TEMP(K) =    65.61  PRESS =     0.0
 Etot   =    -78331.4043  EKtot   =      2718.2863  EPtot      =    -81049.6906
 BOND   =         0.1212  ANGLE   =         3.5916  DIHED      =         5.2746
 1-4 NB =         0.5156  1-4 EEL =         7.2167  VDWAALS    =     14812.9910
 EELEC  =    -95879.4012  EHBOND  =         0.0000  RESTRAINT  =         0.0000
 DV/DL  =       114.9997
 ------------------------------------------------------------------------------


| TI region  2


 NSTEP =    20000   TIME(PS) =      40.000  TEMP(K) =    65.61  PRESS =     0.0
 Etot   =    -78331.4043  EKtot   =      2718.2863  EPtot      =    -81049.6906
 BOND   =         0.1212  ANGLE   =         3.5916  DIHED      =         5.2746
 1-4 NB =         0.5156  1-4 EEL =         7.2167  VDWAALS    =     14812.9910
 EELEC  =    -95879.4012  EHBOND  =         0.0000  RESTRAINT  =         0.0000
 DV/DL  =       114.9997
 ------------------------------------------------------------------------------

 NMR restraints: Bond =    0.000   Angle =     0.000   Torsion =     0.000
===============================================================================

| TI region  1


 NSTEP =    25000   TIME(PS) =      50.000  TEMP(K) =    82.82  PRESS =     0.0
 Etot   =    -77157.2110  EKtot   =      3431.3882  EPtot      =    -80588.5993
 BOND   =         0.4959  ANGLE   =         2.9836  DIHED      =         5.2245
 1-4 NB =         0.2810  1-4 EEL =         7.0939  VDWAALS    =     14942.7887
 EELEC  =    -95547.4668  EHBOND  =         0.0000  RESTRAINT  =         0.0000
 DV/DL  =       105.7047
 ------------------------------------------------------------------------------


| TI region  2


 NSTEP =    25000   TIME(PS) =      50.000  TEMP(K) =    82.82  PRESS =     0.0
 Etot   =    -77157.2110  EKtot   =      3431.3882  EPtot      =    -80588.5993
 BOND   =         0.4959  ANGLE   =         2.9836  DIHED      =         5.2245
 1-4 NB =         0.2810  1-4 EEL =         7.0939  VDWAALS    =     14942.7887
 EELEC  =    -95547.4668  EHBOND  =         0.0000  RESTRAINT  =         0.0000
 DV/DL  =       105.7047
 ------------------------------------------------------------------------------

 NMR restraints: Bond =    0.000   Angle =     0.000   Torsion =     0.000
===============================================================================

| TI region  1


 NSTEP =    30000   TIME(PS) =      60.000  TEMP(K) =    99.29  PRESS =     0.0
 Etot   =    -75866.6351  EKtot   =      4113.6995  EPtot      =    -79980.3346
 BOND   =         0.5238  ANGLE   =         3.3791  DIHED      =         5.2025
 1-4 NB =         0.3684  1-4 EEL =         7.2001  VDWAALS    =     14791.3138
 EELEC  =    -94788.3224  EHBOND  =         0.0000  RESTRAINT  =         0.0000
 DV/DL  =       104.1283
 ------------------------------------------------------------------------------


| TI region  2


 NSTEP =    30000   TIME(PS) =      60.000  TEMP(K) =    99.29  PRESS =     0.0
 Etot   =    -75866.6351  EKtot   =      4113.6995  EPtot      =    -79980.3346
 BOND   =         0.5238  ANGLE   =         3.3791  DIHED      =         5.2025
 1-4 NB =         0.3684  1-4 EEL =         7.2001  VDWAALS    =     14791.3138
 EELEC  =    -94788.3224  EHBOND  =         0.0000  RESTRAINT  =         0.0000
 DV/DL  =       104.1283
 ------------------------------------------------------------------------------

 NMR restraints: Bond =    0.000   Angle =     0.000   Torsion =     0.000
===============================================================================

| TI region  1


 NSTEP =    35000   TIME(PS) =      70.000  TEMP(K) =   116.03  PRESS =     0.0
 Etot   =    -74658.5327  EKtot   =      4807.4342  EPtot      =    -79465.9670
 BOND   =         0.0915  ANGLE   =         4.1070  DIHED      =         5.2502
 1-4 NB =         0.1830  1-4 EEL =         7.0719  VDWAALS    =     14625.3632
 EELEC  =    -94108.0336  EHBOND  =         0.0000  RESTRAINT  =         0.0000
 DV/DL  =       115.7162
 ------------------------------------------------------------------------------


| TI region  2


 NSTEP =    35000   TIME(PS) =      70.000  TEMP(K) =   116.03  PRESS =     0.0
 Etot   =    -74658.5327  EKtot   =      4807.4342  EPtot      =    -79465.9670
 BOND   =         0.0915  ANGLE   =         4.1070  DIHED      =         5.2502
 1-4 NB =         0.1830  1-4 EEL =         7.0719  VDWAALS    =     14625.3632
 EELEC  =    -94108.0336  EHBOND  =         0.0000  RESTRAINT  =         0.0000
 DV/DL  =       115.7162
 ------------------------------------------------------------------------------

 NMR restraints: Bond =    0.000   Angle =     0.000   Torsion =     0.000
===============================================================================

| TI region  1


 NSTEP =    40000   TIME(PS) =      80.000  TEMP(K) =   132.31  PRESS =     0.0
 Etot   =    -73372.4883  EKtot   =      5482.0797  EPtot      =    -78854.5681
 BOND   =         0.3339  ANGLE   =         3.7306  DIHED      =         5.2133
 1-4 NB =         0.2330  1-4 EEL =         7.0663  VDWAALS    =     14555.6695
 EELEC  =    -93426.8146  EHBOND  =         0.0000  RESTRAINT  =         0.0000
 DV/DL  =       106.4365
 ------------------------------------------------------------------------------


| TI region  2


 NSTEP =    40000   TIME(PS) =      80.000  TEMP(K) =   132.31  PRESS =     0.0
 Etot   =    -73372.4883  EKtot   =      5482.0797  EPtot      =    -78854.5681
 BOND   =         0.3339  ANGLE   =         3.7306  DIHED      =         5.2133
 1-4 NB =         0.2330  1-4 EEL =         7.0663  VDWAALS    =     14555.6695
 EELEC  =    -93426.8146  EHBOND  =         0.0000  RESTRAINT  =         0.0000
 DV/DL  =       106.4365
 ------------------------------------------------------------------------------

 NMR restraints: Bond =    0.000   Angle =     0.000   Torsion =     0.000
===============================================================================

| TI region  1


 NSTEP =    45000   TIME(PS) =      90.000  TEMP(K) =   148.40  PRESS =     0.0
 Etot   =    -72081.7485  EKtot   =      6148.6111  EPtot      =    -78230.3596
 BOND   =         0.4601  ANGLE   =         3.9406  DIHED      =         5.2272
 1-4 NB =         0.3241  1-4 EEL =         7.1794  VDWAALS    =     14270.9671
 EELEC  =    -92518.4581  EHBOND  =         0.0000  RESTRAINT  =         0.0000
 DV/DL  =       120.6261
 ------------------------------------------------------------------------------


| TI region  2


 NSTEP =    45000   TIME(PS) =      90.000  TEMP(K) =   148.40  PRESS =     0.0
 Etot   =    -72081.7485  EKtot   =      6148.6111  EPtot      =    -78230.3596
 BOND   =         0.4601  ANGLE   =         3.9406  DIHED      =         5.2272
 1-4 NB =         0.3241  1-4 EEL =         7.1794  VDWAALS    =     14270.9671
 EELEC  =    -92518.4581  EHBOND  =         0.0000  RESTRAINT  =         0.0000
 DV/DL  =       120.6261
 ------------------------------------------------------------------------------

 NMR restraints: Bond =    0.000   Angle =     0.000   Torsion =     0.000
===============================================================================

| TI region  1


 NSTEP =    50000   TIME(PS) =     100.000  TEMP(K) =   165.17  PRESS =     0.0
 Etot   =    -70642.9802  EKtot   =      6843.5607  EPtot      =    -77486.5409
 BOND   =         0.5588  ANGLE   =         3.7002  DIHED      =         5.2184
 1-4 NB =         0.2211  1-4 EEL =         7.1227  VDWAALS    =     14107.2420
 EELEC  =    -91610.6041  EHBOND  =         0.0000  RESTRAINT  =         0.0000
 DV/DL  =       118.0445
 ------------------------------------------------------------------------------


| TI region  2


 NSTEP =    50000   TIME(PS) =     100.000  TEMP(K) =   165.17  PRESS =     0.0
 Etot   =    -70642.9802  EKtot   =      6843.5607  EPtot      =    -77486.5409
 BOND   =         0.5588  ANGLE   =         3.7002  DIHED      =         5.2184
 1-4 NB =         0.2211  1-4 EEL =         7.1227  VDWAALS    =     14107.2420
 EELEC  =    -91610.6041  EHBOND  =         0.0000  RESTRAINT  =         0.0000
 DV/DL  =       118.0445
 ------------------------------------------------------------------------------

 NMR restraints: Bond =    0.000   Angle =     0.000   Torsion =     0.000
===============================================================================

| TI region  1


 NSTEP =    55000   TIME(PS) =     110.000  TEMP(K) =   184.14  PRESS =     0.0
 Etot   =    -68961.7480  EKtot   =      7629.6505  EPtot      =    -76591.3985
 BOND   =         0.3782  ANGLE   =         4.1088  DIHED      =         5.2178
 1-4 NB =         0.4393  1-4 EEL =         7.2517  VDWAALS    =     14022.2682
 EELEC  =    -90631.0625  EHBOND  =         0.0000  RESTRAINT  =         0.0000
 DV/DL  =       124.7608
 ------------------------------------------------------------------------------


| TI region  2


 NSTEP =    55000   TIME(PS) =     110.000  TEMP(K) =   184.14  PRESS =     0.0
 Etot   =    -68961.7480  EKtot   =      7629.6505  EPtot      =    -76591.3985
 BOND   =         0.3782  ANGLE   =         4.1088  DIHED      =         5.2178
 1-4 NB =         0.4393  1-4 EEL =         7.2517  VDWAALS    =     14022.2682
 EELEC  =    -90631.0625  EHBOND  =         0.0000  RESTRAINT  =         0.0000
 DV/DL  =       124.7608
 ------------------------------------------------------------------------------

 NMR restraints: Bond =    0.000   Angle =     0.000   Torsion =     0.000
===============================================================================

| TI region  1


 NSTEP =    60000   TIME(PS) =     120.000  TEMP(K) =   199.25  PRESS =     0.0
 Etot   =    -67262.3084  EKtot   =      8255.5322  EPtot      =    -75517.8406
 BOND   =         3.3443  ANGLE   =         4.0351  DIHED      =         5.2200
 1-4 NB =         0.2469  1-4 EEL =         6.9895  VDWAALS    =     13378.3750
 EELEC  =    -88916.0515  EHBOND  =         0.0000  RESTRAINT  =         0.0000
 DV/DL  =       112.5229
 ------------------------------------------------------------------------------


| TI region  2


 NSTEP =    60000   TIME(PS) =     120.000  TEMP(K) =   199.25  PRESS =     0.0
 Etot   =    -67262.3084  EKtot   =      8255.5322  EPtot      =    -75517.8406
 BOND   =         3.3443  ANGLE   =         4.0351  DIHED      =         5.2200
 1-4 NB =         0.2469  1-4 EEL =         6.9895  VDWAALS    =     13378.3750
 EELEC  =    -88916.0515  EHBOND  =         0.0000  RESTRAINT  =         0.0000
 DV/DL  =       112.5229
 ------------------------------------------------------------------------------

 NMR restraints: Bond =    0.000   Angle =     0.000   Torsion =     0.000
===============================================================================

| TI region  1


 NSTEP =    65000   TIME(PS) =     130.000  TEMP(K) =   214.76  PRESS =     0.0
 Etot   =    -64928.1092  EKtot   =      8898.3073  EPtot      =    -73826.4165
 BOND   =         0.5847  ANGLE   =         4.8392  DIHED      =         5.2254
 1-4 NB =         0.3440  1-4 EEL =         7.0982  VDWAALS    =     12688.5133
 EELEC  =    -86533.0213  EHBOND  =         0.0000  RESTRAINT  =         0.0000
 DV/DL  =       110.2863
 ------------------------------------------------------------------------------


| TI region  2


 NSTEP =    65000   TIME(PS) =     130.000  TEMP(K) =   214.76  PRESS =     0.0
 Etot   =    -64928.1092  EKtot   =      8898.3073  EPtot      =    -73826.4165
 BOND   =         0.5847  ANGLE   =         4.8392  DIHED      =         5.2254
 1-4 NB =         0.3440  1-4 EEL =         7.0982  VDWAALS    =     12688.5133
 EELEC  =    -86533.0213  EHBOND  =         0.0000  RESTRAINT  =         0.0000
 DV/DL  =       110.2863
 ------------------------------------------------------------------------------

 NMR restraints: Bond =    0.000   Angle =     0.000   Torsion =     0.000
===============================================================================

| TI region  1


 NSTEP =    70000   TIME(PS) =     140.000  TEMP(K) =   231.98  PRESS =     0.0
 Etot   =    -62539.4660  EKtot   =      9611.4999  EPtot      =    -72150.9660
 BOND   =         0.8083  ANGLE   =         5.9222  DIHED      =         5.2416
 1-4 NB =         0.4448  1-4 EEL =         7.0525  VDWAALS    =     11903.8538
 EELEC  =    -84074.2891  EHBOND  =         0.0000  RESTRAINT  =         0.0000
 DV/DL  =       124.1822
 ------------------------------------------------------------------------------


| TI region  2


 NSTEP =    70000   TIME(PS) =     140.000  TEMP(K) =   231.98  PRESS =     0.0
 Etot   =    -62539.4660  EKtot   =      9611.4999  EPtot      =    -72150.9660
 BOND   =         0.8083  ANGLE   =         5.9222  DIHED      =         5.2416
 1-4 NB =         0.4448  1-4 EEL =         7.0525  VDWAALS    =     11903.8538
 EELEC  =    -84074.2891  EHBOND  =         0.0000  RESTRAINT  =         0.0000
 DV/DL  =       124.1822
 ------------------------------------------------------------------------------

 NMR restraints: Bond =    0.000   Angle =     0.000   Torsion =     0.000
===============================================================================

| TI region  1


 NSTEP =    75000   TIME(PS) =     150.000  TEMP(K) =   251.14  PRESS =     0.0
 Etot   =    -59523.1061  EKtot   =     10405.6308  EPtot      =    -69928.7370
 BOND   =         0.1477  ANGLE   =         3.7033  DIHED      =         5.2128
 1-4 NB =         0.4436  1-4 EEL =         7.1999  VDWAALS    =     11217.5008
 EELEC  =    -81162.9452  EHBOND  =         0.0000  RESTRAINT  =         0.0000
 DV/DL  =        99.1811
 ------------------------------------------------------------------------------


| TI region  2


 NSTEP =    75000   TIME(PS) =     150.000  TEMP(K) =   251.14  PRESS =     0.0
 Etot   =    -59523.1061  EKtot   =     10405.6308  EPtot      =    -69928.7370
 BOND   =         0.1477  ANGLE   =         3.7033  DIHED      =         5.2128
 1-4 NB =         0.4436  1-4 EEL =         7.1999  VDWAALS    =     11217.5008
 EELEC  =    -81162.9452  EHBOND  =         0.0000  RESTRAINT  =         0.0000
 DV/DL  =        99.1811
 ------------------------------------------------------------------------------

 NMR restraints: Bond =    0.000   Angle =     0.000   Torsion =     0.000
===============================================================================

| TI region  1


 NSTEP =    80000   TIME(PS) =     160.000  TEMP(K) =   264.07  PRESS =     0.0
 Etot   =    -57328.7886  EKtot   =     10941.3072  EPtot      =    -68270.0957
 BOND   =         0.5912  ANGLE   =         4.7530  DIHED      =         5.3592
 1-4 NB =         0.4994  1-4 EEL =         7.2932  VDWAALS    =     10480.7275
 EELEC  =    -78769.3192  EHBOND  =         0.0000  RESTRAINT  =         0.0000
 DV/DL  =       129.9740
 ------------------------------------------------------------------------------


| TI region  2


 NSTEP =    80000   TIME(PS) =     160.000  TEMP(K) =   264.07  PRESS =     0.0
 Etot   =    -57328.7886  EKtot   =     10941.3072  EPtot      =    -68270.0957
 BOND   =         0.5912  ANGLE   =         4.7530  DIHED      =         5.3592
 1-4 NB =         0.4994  1-4 EEL =         7.2932  VDWAALS    =     10480.7275
 EELEC  =    -78769.3192  EHBOND  =         0.0000  RESTRAINT  =         0.0000
 DV/DL  =       129.9740
 ------------------------------------------------------------------------------

 NMR restraints: Bond =    0.000   Angle =     0.000   Torsion =     0.000
===============================================================================

| TI region  1


 NSTEP =    85000   TIME(PS) =     170.000  TEMP(K) =   281.70  PRESS =     0.0
 Etot   =    -55116.2050  EKtot   =     11671.7307  EPtot      =    -66787.9357
 BOND   =         1.0226  ANGLE   =         4.0894  DIHED      =         5.2756
 1-4 NB =         0.2939  1-4 EEL =         7.1703  VDWAALS    =     10102.5833
 EELEC  =    -76908.3709  EHBOND  =         0.0000  RESTRAINT  =         0.0000
 DV/DL  =       106.7316
 ------------------------------------------------------------------------------


| TI region  2


 NSTEP =    85000   TIME(PS) =     170.000  TEMP(K) =   281.70  PRESS =     0.0
 Etot   =    -55116.2050  EKtot   =     11671.7307  EPtot      =    -66787.9357
 BOND   =         1.0226  ANGLE   =         4.0894  DIHED      =         5.2756
 1-4 NB =         0.2939  1-4 EEL =         7.1703  VDWAALS    =     10102.5833
 EELEC  =    -76908.3709  EHBOND  =         0.0000  RESTRAINT  =         0.0000
 DV/DL  =       106.7316
 ------------------------------------------------------------------------------

 NMR restraints: Bond =    0.000   Angle =     0.000   Torsion =     0.000
===============================================================================

| TI region  1


 NSTEP =    90000   TIME(PS) =     180.000  TEMP(K) =   303.87  PRESS =     0.0
 Etot   =    -52593.5615  EKtot   =     12590.1236  EPtot      =    -65183.6851
 BOND   =         3.1418  ANGLE   =         5.2764  DIHED      =         5.2791
 1-4 NB =         0.2421  1-4 EEL =         6.9766  VDWAALS    =      9707.3314
 EELEC  =    -74911.9325  EHBOND  =         0.0000  RESTRAINT  =         0.0000
 DV/DL  =       122.4293
 ------------------------------------------------------------------------------


| TI region  2


 NSTEP =    90000   TIME(PS) =     180.000  TEMP(K) =   303.87  PRESS =     0.0
 Etot   =    -52593.5615  EKtot   =     12590.1236  EPtot      =    -65183.6851
 BOND   =         3.1418  ANGLE   =         5.2764  DIHED      =         5.2791
 1-4 NB =         0.2421  1-4 EEL =         6.9766  VDWAALS    =      9707.3314
 EELEC  =    -74911.9325  EHBOND  =         0.0000  RESTRAINT  =         0.0000
 DV/DL  =       122.4293
 ------------------------------------------------------------------------------

 NMR restraints: Bond =    0.000   Angle =     0.000   Torsion =     0.000
===============================================================================

| TI region  1


 NSTEP =    95000   TIME(PS) =     190.000  TEMP(K) =   299.59  PRESS =     0.0
 Etot   =    -52837.2364  EKtot   =     12412.7745  EPtot      =    -65250.0110
 BOND   =         1.3113  ANGLE   =         3.6081  DIHED      =         5.3285
 1-4 NB =         0.4253  1-4 EEL =         7.1750  VDWAALS    =      9719.3292
 EELEC  =    -74987.1884  EHBOND  =         0.0000  RESTRAINT  =         0.0000
 DV/DL  =       101.2729
 ------------------------------------------------------------------------------


| TI region  2


 NSTEP =    95000   TIME(PS) =     190.000  TEMP(K) =   299.59  PRESS =     0.0
 Etot   =    -52837.2364  EKtot   =     12412.7745  EPtot      =    -65250.0110
 BOND   =         1.3113  ANGLE   =         3.6081  DIHED      =         5.3285
 1-4 NB =         0.4253  1-4 EEL =         7.1750  VDWAALS    =      9719.3292
 EELEC  =    -74987.1884  EHBOND  =         0.0000  RESTRAINT  =         0.0000
 DV/DL  =       101.2729
 ------------------------------------------------------------------------------

 NMR restraints: Bond =    0.000   Angle =     0.000   Torsion =     0.000
===============================================================================

| TI region  1


 NSTEP =   100000   TIME(PS) =     200.000  TEMP(K) =   301.63  PRESS =     0.0
 Etot   =    -52773.2394  EKtot   =     12497.4705  EPtot      =    -65270.7099
 BOND   =         0.3068  ANGLE   =         6.1783  DIHED      =         5.3817
 1-4 NB =         0.2922  1-4 EEL =         7.1344  VDWAALS    =      9567.4745
 EELEC  =    -74857.4778  EHBOND  =         0.0000  RESTRAINT  =         0.0000
 DV/DL  =       112.7544
 ------------------------------------------------------------------------------


| TI region  2


 NSTEP =   100000   TIME(PS) =     200.000  TEMP(K) =   301.63  PRESS =     0.0
 Etot   =    -52773.2394  EKtot   =     12497.4705  EPtot      =    -65270.7099
 BOND   =         0.3068  ANGLE   =         6.1783  DIHED      =         5.3817
 1-4 NB =         0.2922  1-4 EEL =         7.1344  VDWAALS    =      9567.4745
 EELEC  =    -74857.4778  EHBOND  =         0.0000  RESTRAINT  =         0.0000
 DV/DL  =       112.7544
 ------------------------------------------------------------------------------

 NMR restraints: Bond =    0.000   Angle =     0.000   Torsion =     0.000
===============================================================================

| TI region  1


      A V E R A G E S   O V E R      20 S T E P S


 NSTEP =   100000   TIME(PS) =     200.000  TEMP(K) =   171.98  PRESS =     0.0
 Etot   =    -67892.8577  EKtot   =      7125.8184  EPtot      =    -75018.6760
 BOND   =         0.7290  ANGLE   =         4.0726  DIHED      =         5.2504
 1-4 NB =         0.3337  1-4 EEL =         7.1363  VDWAALS    =     12980.8148
 EELEC  =    -88017.0128  EHBOND  =         0.0000  RESTRAINT  =         0.0000
 DV/DL  =       113.0934
 ------------------------------------------------------------------------------

 NMR restraints: Bond =    0.000   Angle =     0.000   Torsion =     0.000
===============================================================================

      R M S  F L U C T U A T I O N S


 NSTEP =   100000   TIME(PS) =     200.000  TEMP(K) =    92.81  PRESS =     0.0
 Etot   =      9802.1633  EKtot   =      3845.1860  EPtot      =      6030.9280
 BOND   =         0.8951  ANGLE   =         0.8769  DIHED      =         0.0503
 1-4 NB =         0.0976  1-4 EEL =         0.0802  VDWAALS    =      2035.6706
 EELEC  =      8053.7460  EHBOND  =         0.0000  RESTRAINT  =         0.0000
 DV/DL  =         8.2524
 ------------------------------------------------------------------------------


| TI region  2


      A V E R A G E S   O V E R      20 S T E P S


 NSTEP =   100000   TIME(PS) =     200.000  TEMP(K) =   171.98  PRESS =     0.0
 Etot   =    -67892.8577  EKtot   =      7125.8184  EPtot      =    -75018.6760
 BOND   =         0.7290  ANGLE   =         4.0726  DIHED      =         5.2504
 1-4 NB =         0.3337  1-4 EEL =         7.1363  VDWAALS    =     12980.8148
 EELEC  =    -88017.0128  EHBOND  =         0.0000  RESTRAINT  =         0.0000
 DV/DL  =       113.0934
 ------------------------------------------------------------------------------

 NMR restraints: Bond =    0.000   Angle =     0.000   Torsion =     0.000
===============================================================================

      R M S  F L U C T U A T I O N S


 NSTEP =   100000   TIME(PS) =     200.000  TEMP(K) =    92.81  PRESS =     0.0
 Etot   =      9802.1633  EKtot   =      3845.1860  EPtot      =      6030.9280
 BOND   =         0.8951  ANGLE   =         0.8769  DIHED      =         0.0503
 1-4 NB =         0.0976  1-4 EEL =         0.0802  VDWAALS    =      2035.6706
 EELEC  =      8053.7460  EHBOND  =         0.0000  RESTRAINT  =         0.0000
 DV/DL  =         8.2524
 ------------------------------------------------------------------------------


      DV/DL, AVERAGES OVER      20 STEPS


 NSTEP =   100000   TIME(PS) =     200.000  TEMP(K) =    92.81  PRESS =     0.0
 Etot   =         0.0000  EKtot   =         0.0000  EPtot      =       113.0934
 BOND   =         0.0000  ANGLE   =         0.0000  DIHED      =         0.0000
 1-4 NB =         0.0000  1-4 EEL =       -10.4344  VDWAALS    =         0.0000
 EELEC  =       123.5277  EHBOND  =         0.0000  RESTRAINT  =         0.0000
 DV/DL  =       113.0934
 ------------------------------------------------------------------------------


 NMR restraints on final step:

--------------------------------------------------------------------------------
   5.  TIMINGS
--------------------------------------------------------------------------------

|  NonSetup CPU Time in Major Routines:
|
|     Routine           Sec        %
|     ------------------------------
|     Nonbond          85.25   33.79
|     Bond              0.00    0.00
|     Angle             0.00    0.00
|     Dihedral          0.00    0.00
|     Shake             0.84    0.33
|     RunMD           165.91   65.76
|     Other             0.28    0.11
|     ------------------------------
|     Total           252.29

|  PME Nonbond Pairlist CPU Time:
|
|     Routine              Sec        %
|     ---------------------------------
|     Set Up Cit           0.00    0.00
|     Build List           0.00    0.00
|     ---------------------------------
|     Total                0.00    0.00

|  PME Direct Force CPU Time:
|
|     Routine              Sec        %
|     ---------------------------------
|     NonBonded Calc       0.00    0.00
|     Exclude Masked       0.00    0.00
|     Other                0.18    0.07
|     ---------------------------------
|     Total                0.18    0.07

|  PME Reciprocal Force CPU Time:
|
|     Routine              Sec        %
|     ---------------------------------
|     1D bspline           0.00    0.00
|     Grid Charges         0.00    0.00
|     Scalar Sum           0.00    0.00
|     Gradient Sum         0.00    0.00
|     FFT                  0.00    0.00
|     ---------------------------------
|     Total                0.00    0.00

|  Final Performance Info:
|     -----------------------------------------------------
|     Average timings for last       1 steps:
|     Elapsed(s) =       0.00 Per Step(ms) =       1.17
|         ns/day =     147.58   seconds/ns =     585.45
|
|     Average timings for all steps:
|     Elapsed(s) =     252.59 Per Step(ms) =       2.53
|         ns/day =      68.41   seconds/ns =    1262.96
|     -----------------------------------------------------

|  Setup CPU time:            0.54 seconds
|  NonSetup CPU time:       252.29 seconds
|  Total CPU time:          252.83 seconds     0.07 hours

|  Setup wall time:           1    seconds
|  NonSetup wall time:      252    seconds
|  Total wall time:         253    seconds     0.07 hours
