
          -------------------------------------------------------
          Amber 18 PMEMD                              2018
          -------------------------------------------------------

| PMEMD implementation of SANDER, Release 18

| Run on 06/12/2020 at 12:18:40

|   Executable path: /opt/software/Amber/18-foss-2018b-AmberTools-19/bin/pmemd.cuda
| Working directory: /mnt/gs18/scratch/users/songlin3/run/1264_optimization/acetate/spce_SPC/0.56262
|          Hostname: lac-140

  [-O]verwriting output

File Assignments:
|   MDIN: heat.in                                                               
|  MDOUT: heat.out                                                              
| INPCRD: min.rst                                                               
|   PARM: step1.prmtop                                                          
| RESTRT: heat.rst                                                              
|   REFC: min.rst                                                               
|  MDVEL: mdvel                                                                 
|   MDEN: mden                                                                  
|  MDCRD: heat.netcdf                                                           
| MDINFO: heat.mdinfo                                                           
|  MDFRC: mdfrc                                                                 


 Here is the input file:

nvt for free MD                                                                
 &cntrl                                                                        
  imin=0,                                                                      
  irest=0,                                                                     
  ntx=1,                                                                       
  ig=-1,                                                                       
  nstlim=200000,                                                               
  dt=0.001,                                                                    
  cut=10.0,                                                                    
  ntc=1,                                                                       
  ntf=1,                                                                       
  ntb=1,                                                                       
  ntt=3,                                                                       
  gamma_ln=2.0,                                                                
  tempi=0.0,                                                                   
  temp0=300.0,                                                                 
  ntpr=5000,                                                                   
  ntwr=5000,                                                                   
  ntwx=10000,                                                                  
  ntwv=0,                                                                      
  ioutfm=1,                                                                    
  iwrap=0,                                                                     
  nmropt=1,                                                                    
  ifsc = 1, icfe=1,                                                            
  clambda=0.56262,                                                             
  timask1=':1', scmask1=':1', scmask2='',                                      
  timask2='',                                                                  
/                                                                              
&wt TYPE='TEMP0', istep1=0, istep2=190000, value1=0.0, value2=300.0 /          
&wt TYPE='TEMP0', istep1=190001, istep2=200000, value1=300.0, value2=300.0 /   
&wt TYPE='DUMPFREQ', istep1=10000, /                                           
&wt TYPE='END', /                                                              


Note: ig = -1. Setting random seed to   532682 based on wallclock time in 
      microseconds.
| irandom = 1, using AMBER's internal random number generator (default).
 
|--------------------- INFORMATION ----------------------
| GPU (CUDA) Version of PMEMD in use: NVIDIA GPU IN USE.
|                    Version 18.0.0
| 
|                      03/25/2018
| 
| Implementation by:
|                    Ross C. Walker     (SDSC)
|                    Scott Le Grand     (nVIDIA)
| 
| Version 18 performance extensions by:
|                    David Cerutti     (Rutgers)
| 
| Precision model in use:
|      [SPFP] - Single Precision Forces, 64-bit Fixed Point
|               Accumulation. (Default)
| 
|--------------------------------------------------------
 
|----------------- CITATION INFORMATION -----------------
|
|    When publishing work that utilized the CUDA version
|    of AMBER, please cite the following in addition to
|    the regular AMBER citations:
|
|  - Romelia Salomon-Ferrer; Andreas W. Goetz; Duncan
|    Poole; Scott Le Grand; Ross C. Walker "Routine
|    microsecond molecular dynamics simulations with
|    AMBER - Part II: Particle Mesh Ewald", J. Chem.
|    Theory Comput., 2013, 9 (9), pp3878-3888,
|    DOI: 10.1021/ct400314y.
|
|  - Andreas W. Goetz; Mark J. Williamson; Dong Xu;
|    Duncan Poole; Scott Le Grand; Ross C. Walker
|    "Routine microsecond molecular dynamics simulations
|    with AMBER - Part I: Generalized Born", J. Chem.
|    Theory Comput., 2012, 8 (5), pp1542-1555.
|
|  - Scott Le Grand; Andreas W. Goetz; Ross C. Walker
|    "SPFP: Speed without compromise - a mixed precision
|    model for GPU accelerated molecular dynamics
|    simulations.", Comp. Phys. Comm., 2013, 184
|    pp374-380, DOI: 10.1016/j.cpc.2012.09.022
|
|    When publishing work that utilized the CUDA version
|    of TI, BAR, MBAR or FEP please cite the following 
|    three publications in addition to the regular AMBER 
|    GPU citations:
|
|  - Daniel J. Mermelstein; Charles Lin; Gard Nelson; 
|    Rachael Kretsch; J. Andrew McCammon; Ross C. Walker
|    "Fast and Flexible GPU Accelerated Binding 
|    Free Energy Calculations within the AMBER Molecular
|    Dynamics Package" J. Comp. Chem., 2018,
|    DOI: 10.1002/jcc.25187
|
|  - Tai-Sung Lee; Yuan Hu; Brad Sherborne; Zhuyan Guo;
|    Darrin M. York
|    "Toward Fast and Accurate Binding Affinity Prediction with
|    pmemdGTI: An Efficient Implementation of GPU-Accelerated
|    Thermodynamic Integration"
|    J. Chem. Theory Comput., 2017, 13 (7), 3077
|
|
|--------------------------------------------------------
 
|------------------- GPU DEVICE INFO --------------------
|
|            CUDA_VISIBLE_DEVICES: 0
|   CUDA Capable Devices Detected:      1
|           CUDA Device ID in use:      0
|                CUDA Device Name: Tesla K80
|     CUDA Device Global Mem Size:  11441 MB
| CUDA Device Num Multiprocessors:     13
|           CUDA Device Core Freq:   0.82 GHz
|
|--------------------------------------------------------
 
 
| Conditional Compilation Defines Used:
| PUBFFT
| BINTRAJ
| CUDA
| EMIL

| Largest sphere to fit in unit cell has radius =    27.333

| New format PARM file being parsed.
| Version =    1.000 Date = 06/12/20 Time = 12:17:28

| Note: 1-4 EEL scale factors are being read from the topology file.

| Note: 1-4 VDW scale factors are being read from the topology file.
| Duplicated    0 dihedrals

| Duplicated    0 dihedrals

--------------------------------------------------------------------------------
   1.  RESOURCE   USE: 
--------------------------------------------------------------------------------

 getting box info from netcdf restart file
 NATOM  =   20845 NTYPES =       6 NBONH =   20841 MBONA  =       3
 NTHETH =       6 MTHETA =       3 NPHIH =      12 MPHIA  =       1
 NHPARM =       0 NPARM  =       0 NNB   =   27806 NRES   =    6947
 NBONA  =       3 NTHETA =       3 NPHIA =       1 NUMBND =       5
 NUMANG =       4 NPTRA  =       3 NATYP =       6 NPHB   =       1
 IFBOX  =       2 NMXRS  =       7 IFCAP =       0 NEXTRA =       0
 NCOPY  =       0

| Coordinate Index Table dimensions:    10   10   10
| Direct force subcell size =     6.6953    6.6953    6.6953

     BOX TYPE: TRUNCATED OCTAHEDRON

--------------------------------------------------------------------------------
   2.  CONTROL  DATA  FOR  THE  RUN
--------------------------------------------------------------------------------

default_name                                                                    

General flags:
     imin    =       0, nmropt  =       1

Nature and format of input:
     ntx     =       1, irest   =       0, ntrx    =       1

Nature and format of output:
     ntxo    =       2, ntpr    =    5000, ntrx    =       1, ntwr    =    5000
     iwrap   =       0, ntwx    =   10000, ntwv    =       0, ntwe    =       0
     ioutfm  =       1, ntwprt  =       0, idecomp =       0, rbornstat=      0

Potential function:
     ntf     =       1, ntb     =       1, igb     =       0, nsnb    =      25
     ipol    =       0, gbsa    =       0, iesp    =       0
     dielc   =   1.00000, cut     =  10.00000, intdiel =   1.00000

Frozen or restrained atoms:
     ibelly  =       0, ntr     =       0

Molecular dynamics:
     nstlim  =    200000, nscm    =      1000, nrespa  =         1
     t       =   0.00000, dt      =   0.00100, vlimit  =  -1.00000

Langevin dynamics temperature regulation:
     ig      =  532682
     temp0   = 300.00000, tempi   =   0.00000, gamma_ln=   2.00000

NMR refinement options:
     iscale  =       0, noeskp  =       1, ipnlty  =       1, mxsub   =       1
     scalm   = 100.00000, pencut  =   0.10000, tausw   =   0.10000

Free energy options:
     icfe    =       1, ifsc    =       1, klambda =       1
     clambda =  0.5626, scalpha =  0.5000, scbeta  = 12.0000
     sceeorder =       2
     dynlmb =  0.0000 logdvdl =       0

| Intermolecular bonds treatment:
|     no_intermolecular_bonds =       1

| Energy averages sample interval:
|     ene_avg_sampling =    5000

Ewald parameters:
     verbose =       0, ew_type =       0, nbflag  =       1, use_pme =       1
     vdwmeth =       1, eedmeth =       1, netfrc  =       1
     Box X =   66.953   Box Y =   66.953   Box Z =   66.953
     Alpha =  109.471   Beta  =  109.471   Gamma =  109.471
     NFFT1 =   64       NFFT2 =   64       NFFT3 =   64
     Cutoff=   10.000   Tol   =0.100E-04
     Ewald Coefficient =  0.27511
     Interpolation order =    4
     TI Mask 1 :1; matches      7 atoms
     TI Mask 2  matches      0 atoms
     TI region 1:   20845 atoms
     TI region 2:   20838 atoms
     SC Mask 1 :1; matches      7 atoms

--------------------------------------------------------------------------------
   3.  ATOMIC COORDINATES AND VELOCITIES
--------------------------------------------------------------------------------

default_name                                                                    
 begin time read from input coords =     0.000 ps



           Begin reading energy term weight changes/NMR restraints
 WEIGHT CHANGES:
 TEMP0         0 190000    0.000000  300.000000      0      0
 TEMP0    190001 200000  300.000000  300.000000      0      0
 DUMPFREQ  10000      0    0.000000    0.000000      0      0

 RESTRAINTS:
                          ** No restraint defined **

                  Done reading weight changes/NMR restraints


 
 Number of triangulated 3-point waters found:     6946
 Number of shake restraints removed in TI region  1 :        0
 Number of shake restraints removed in TI region  2 :        0

     Sum of charges for TI region  1 =  -1.00000662
     Assuming uniform neutralizing plasma


     Sum of charges for TI region  2 =  -0.00000762
     Forcing neutrality...

| Dynamic Memory, Types Used:
| Reals              914872
| Integers           792492

| Nonbonded Pairs Initial Allocation:     6305091

| GPU memory information (estimate):
| KB of GPU memory in use:         0
| KB of CPU memory in use:         0

--------------------------------------------------------------------------------
   4.  RESULTS
--------------------------------------------------------------------------------

   DOF for the SC part  1 of the system:   21

| TI region  1


 NSTEP =        0   TIME(PS) =       0.000  TEMP(K) =     0.00  PRESS =     0.0
 Etot   =    -99449.4714  EKtot   =         0.0000  EPtot      =    -99449.4714
 BOND   =      9092.0804  ANGLE   =        -0.0000  DIHED      =        -0.0000
 1-4 NB =         0.0000  1-4 EEL =        -0.0000  VDWAALS    =     23864.4722
 EELEC  =   -132406.0240  EHBOND  =         0.0000  RESTRAINT  =         0.0000
 DV/DL  =        66.2299
 ------------------------------------------------------------------------------

  Softcore part of the system:       7 atoms,       TEMP(K)    =           0.00
 SC_Etot=        18.7725  SC_EKtot=         0.0000  SC_EPtot   =        18.7725
 SC_BOND=         0.0440  SC_ANGLE=         2.8298  SC_DIHED   =         5.2194
 SC_14NB=         0.2685  SC_14EEL=        10.4109  SC_VDW     =         0.0000
 SC_EEL =         0.0000
 SC_RES_DIST=     0.0000  SC_RES_ANG=       0.0000  SC_RES_TORS=         0.0000
 SC_EEL_DER=      4.6282  SC_VDW_DER=      -1.0393  SC_DERIV   =         3.5890
 ------------------------------------------------------------------------------


| TI region  2


 NSTEP =        0   TIME(PS) =       0.000  TEMP(K) =     0.00  PRESS =     0.0
 Etot   =    -99449.4714  EKtot   =         0.0000  EPtot      =    -99449.4714
 BOND   =      9092.0804  ANGLE   =        -0.0000  DIHED      =        -0.0000
 1-4 NB =         0.0000  1-4 EEL =        -0.0000  VDWAALS    =     23864.4722
 EELEC  =   -132406.0240  EHBOND  =         0.0000  RESTRAINT  =         0.0000
 DV/DL  =        66.2299
 ------------------------------------------------------------------------------

 NMR restraints: Bond =    0.000   Angle =     0.000   Torsion =     0.000
===============================================================================

| TI region  1


 NSTEP =     5000   TIME(PS) =       5.000  TEMP(K) =     7.39  PRESS =     0.0
 Etot   =    -99661.1780  EKtot   =       458.9746  EPtot      =   -100120.1526
 BOND   =      9557.2273  ANGLE   =        -0.0000  DIHED      =        -0.0000
 1-4 NB =         0.0000  1-4 EEL =        -0.0000  VDWAALS    =     25362.2772
 EELEC  =   -135039.6571  EHBOND  =         0.0000  RESTRAINT  =         0.0000
 DV/DL  =        69.5931
 ------------------------------------------------------------------------------

  Softcore part of the system:       7 atoms,       TEMP(K)    =           8.10
 SC_Etot=        18.9885  SC_EKtot=         0.1690  SC_EPtot   =        18.8195
 SC_BOND=         0.0388  SC_ANGLE=         2.8417  SC_DIHED   =         5.2180
 SC_14NB=         0.2882  SC_14EEL=        10.4329  SC_VDW     =         0.0000
 SC_EEL =         0.0000
 SC_RES_DIST=     0.0000  SC_RES_ANG=       0.0000  SC_RES_TORS=         0.0000
 SC_EEL_DER=      7.6339  SC_VDW_DER=      -4.0498  SC_DERIV   =         3.5841
 ------------------------------------------------------------------------------


| TI region  2


 NSTEP =     5000   TIME(PS) =       5.000  TEMP(K) =     7.39  PRESS =     0.0
 Etot   =    -99661.3470  EKtot   =       458.8056  EPtot      =   -100120.1526
 BOND   =      9557.2273  ANGLE   =        -0.0000  DIHED      =        -0.0000
 1-4 NB =         0.0000  1-4 EEL =        -0.0000  VDWAALS    =     25362.2772
 EELEC  =   -135039.6571  EHBOND  =         0.0000  RESTRAINT  =         0.0000
 DV/DL  =        69.5931
 ------------------------------------------------------------------------------

 NMR restraints: Bond =    0.000   Angle =     0.000   Torsion =     0.000
===============================================================================

| TI region  1


 NSTEP =    10000   TIME(PS) =      10.000  TEMP(K) =    15.28  PRESS =     0.0
 Etot   =    -98843.4097  EKtot   =       949.5002  EPtot      =    -99792.9099
 BOND   =      9758.7217  ANGLE   =        -0.0000  DIHED      =         0.0000
 1-4 NB =         0.0000  1-4 EEL =        -0.0000  VDWAALS    =     25460.6514
 EELEC  =   -135012.2830  EHBOND  =         0.0000  RESTRAINT  =         0.0000
 DV/DL  =        70.4540
 ------------------------------------------------------------------------------

  Softcore part of the system:       7 atoms,       TEMP(K)    =          15.37
 SC_Etot=        19.1543  SC_EKtot=         0.3208  SC_EPtot   =        18.8335
 SC_BOND=         0.0347  SC_ANGLE=         2.8413  SC_DIHED   =         5.2192
 SC_14NB=         0.2953  SC_14EEL=        10.4430  SC_VDW     =         0.0000
 SC_EEL =         0.0000
 SC_RES_DIST=     0.0000  SC_RES_ANG=       0.0000  SC_RES_TORS=         0.0000
 SC_EEL_DER=      8.9775  SC_VDW_DER=      -5.9599  SC_DERIV   =         3.0176
 ------------------------------------------------------------------------------


| TI region  2


 NSTEP =    10000   TIME(PS) =      10.000  TEMP(K) =    15.28  PRESS =     0.0
 Etot   =    -98843.7305  EKtot   =       949.1794  EPtot      =    -99792.9099
 BOND   =      9758.7217  ANGLE   =        -0.0000  DIHED      =         0.0000
 1-4 NB =         0.0000  1-4 EEL =        -0.0000  VDWAALS    =     25460.6514
 EELEC  =   -135012.2830  EHBOND  =         0.0000  RESTRAINT  =         0.0000
 DV/DL  =        70.4540
 ------------------------------------------------------------------------------

 NMR restraints: Bond =    0.000   Angle =     0.000   Torsion =     0.000
===============================================================================

| TI region  1


 NSTEP =    15000   TIME(PS) =      15.000  TEMP(K) =    22.89  PRESS =     0.0
 Etot   =    -97969.2084  EKtot   =      1422.5397  EPtot      =    -99391.7480
 BOND   =      9970.9371  ANGLE   =         0.0000  DIHED      =         0.0000
 1-4 NB =         0.0000  1-4 EEL =        -0.0000  VDWAALS    =     25468.7743
 EELEC  =   -134831.4594  EHBOND  =         0.0000  RESTRAINT  =         0.0000
 DV/DL  =        71.9876
 ------------------------------------------------------------------------------

  Softcore part of the system:       7 atoms,       TEMP(K)    =          22.94
 SC_Etot=        19.6998  SC_EKtot=         0.4786  SC_EPtot   =        19.2212
 SC_BOND=         0.4258  SC_ANGLE=         3.1221  SC_DIHED   =         5.2139
 SC_14NB=         0.1653  SC_14EEL=        10.2941  SC_VDW     =         0.0000
 SC_EEL =         0.0000
 SC_RES_DIST=     0.0000  SC_RES_ANG=       0.0000  SC_RES_TORS=         0.0000
 SC_EEL_DER=      7.0929  SC_VDW_DER=      -3.3623  SC_DERIV   =         3.7306
 ------------------------------------------------------------------------------


| TI region  2


 NSTEP =    15000   TIME(PS) =      15.000  TEMP(K) =    22.89  PRESS =     0.0
 Etot   =    -97969.6869  EKtot   =      1422.0611  EPtot      =    -99391.7480
 BOND   =      9970.9371  ANGLE   =         0.0000  DIHED      =         0.0000
 1-4 NB =         0.0000  1-4 EEL =        -0.0000  VDWAALS    =     25468.7743
 EELEC  =   -134831.4594  EHBOND  =         0.0000  RESTRAINT  =         0.0000
 DV/DL  =        71.9876
 ------------------------------------------------------------------------------

 NMR restraints: Bond =    0.000   Angle =     0.000   Torsion =     0.000
===============================================================================

| TI region  1


 NSTEP =    20000   TIME(PS) =      20.000  TEMP(K) =    30.79  PRESS =     0.0
 Etot   =    -97096.1796  EKtot   =      1912.8993  EPtot      =    -99009.0789
 BOND   =     10083.9016  ANGLE   =         0.0000  DIHED      =         0.0000
 1-4 NB =         0.0000  1-4 EEL =        -0.0000  VDWAALS    =     25388.2684
 EELEC  =   -134481.2490  EHBOND  =         0.0000  RESTRAINT  =         0.0000
 DV/DL  =        72.9396
 ------------------------------------------------------------------------------

  Softcore part of the system:       7 atoms,       TEMP(K)    =          22.62
 SC_Etot=        20.2570  SC_EKtot=         0.4721  SC_EPtot   =        19.7849
 SC_BOND=         0.3481  SC_ANGLE=         3.2948  SC_DIHED   =         5.2723
 SC_14NB=         0.3613  SC_14EEL=        10.5084  SC_VDW     =         0.0000
 SC_EEL =         0.0000
 SC_RES_DIST=     0.0000  SC_RES_ANG=       0.0000  SC_RES_TORS=         0.0000
 SC_EEL_DER=      7.5030  SC_VDW_DER=      -2.8724  SC_DERIV   =         4.6306
 ------------------------------------------------------------------------------


| TI region  2


 NSTEP =    20000   TIME(PS) =      20.000  TEMP(K) =    30.79  PRESS =     0.0
 Etot   =    -97096.6517  EKtot   =      1912.4272  EPtot      =    -99009.0789
 BOND   =     10083.9016  ANGLE   =         0.0000  DIHED      =         0.0000
 1-4 NB =         0.0000  1-4 EEL =        -0.0000  VDWAALS    =     25388.2684
 EELEC  =   -134481.2490  EHBOND  =         0.0000  RESTRAINT  =         0.0000
 DV/DL  =        72.9396
 ------------------------------------------------------------------------------

 NMR restraints: Bond =    0.000   Angle =     0.000   Torsion =     0.000
===============================================================================

| TI region  1


 NSTEP =    25000   TIME(PS) =      25.000  TEMP(K) =    38.72  PRESS =     0.0
 Etot   =    -96215.7947  EKtot   =      2405.7683  EPtot      =    -98621.5630
 BOND   =     10291.0702  ANGLE   =        -0.0000  DIHED      =        -0.0000
 1-4 NB =         0.0000  1-4 EEL =        -0.0000  VDWAALS    =     25329.5369
 EELEC  =   -134242.1701  EHBOND  =         0.0000  RESTRAINT  =         0.0000
 DV/DL  =        66.4473
 ------------------------------------------------------------------------------

  Softcore part of the system:       7 atoms,       TEMP(K)    =          34.09
 SC_Etot=        19.9919  SC_EKtot=         0.7113  SC_EPtot   =        19.2806
 SC_BOND=         0.2634  SC_ANGLE=         3.0857  SC_DIHED   =         5.2684
 SC_14NB=         0.2750  SC_14EEL=        10.3880  SC_VDW     =         0.0000
 SC_EEL =         0.0000
 SC_RES_DIST=     0.0000  SC_RES_ANG=       0.0000  SC_RES_TORS=         0.0000
 SC_EEL_DER=      8.5960  SC_VDW_DER=      -6.4933  SC_DERIV   =         2.1027
 ------------------------------------------------------------------------------


| TI region  2


 NSTEP =    25000   TIME(PS) =      25.000  TEMP(K) =    38.72  PRESS =     0.0
 Etot   =    -96216.5061  EKtot   =      2405.0570  EPtot      =    -98621.5630
 BOND   =     10291.0702  ANGLE   =        -0.0000  DIHED      =        -0.0000
 1-4 NB =         0.0000  1-4 EEL =        -0.0000  VDWAALS    =     25329.5369
 EELEC  =   -134242.1701  EHBOND  =         0.0000  RESTRAINT  =         0.0000
 DV/DL  =        66.4473
 ------------------------------------------------------------------------------

 NMR restraints: Bond =    0.000   Angle =     0.000   Torsion =     0.000
===============================================================================

| TI region  1


 NSTEP =    30000   TIME(PS) =      30.000  TEMP(K) =    47.04  PRESS =     0.0
 Etot   =    -95361.5049  EKtot   =      2922.9019  EPtot      =    -98284.4067
 BOND   =     10469.0123  ANGLE   =        -0.0000  DIHED      =        -0.0000
 1-4 NB =         0.0000  1-4 EEL =        -0.0000  VDWAALS    =     25284.8335
 EELEC  =   -134038.2526  EHBOND  =         0.0000  RESTRAINT  =         0.0000
 DV/DL  =        73.1315
 ------------------------------------------------------------------------------

  Softcore part of the system:       7 atoms,       TEMP(K)    =          40.49
 SC_Etot=        20.0996  SC_EKtot=         0.8449  SC_EPtot   =        19.2547
 SC_BOND=         0.2205  SC_ANGLE=         3.1159  SC_DIHED   =         5.2183
 SC_14NB=         0.2721  SC_14EEL=        10.4278  SC_VDW     =         0.0000
 SC_EEL =         0.0000
 SC_RES_DIST=     0.0000  SC_RES_ANG=       0.0000  SC_RES_TORS=         0.0000
 SC_EEL_DER=      8.5392  SC_VDW_DER=      -4.8593  SC_DERIV   =         3.6799
 ------------------------------------------------------------------------------


| TI region  2


 NSTEP =    30000   TIME(PS) =      30.000  TEMP(K) =    47.04  PRESS =     0.0
 Etot   =    -95362.3498  EKtot   =      2922.0570  EPtot      =    -98284.4067
 BOND   =     10469.0123  ANGLE   =        -0.0000  DIHED      =        -0.0000
 1-4 NB =         0.0000  1-4 EEL =        -0.0000  VDWAALS    =     25284.8335
 EELEC  =   -134038.2526  EHBOND  =         0.0000  RESTRAINT  =         0.0000
 DV/DL  =        73.1315
 ------------------------------------------------------------------------------

 NMR restraints: Bond =    0.000   Angle =     0.000   Torsion =     0.000
===============================================================================

| TI region  1


 NSTEP =    35000   TIME(PS) =      35.000  TEMP(K) =    54.29  PRESS =     0.0
 Etot   =    -94514.7102  EKtot   =      3373.0806  EPtot      =    -97887.7908
 BOND   =     10723.2960  ANGLE   =        -0.0000  DIHED      =         0.0000
 1-4 NB =         0.0000  1-4 EEL =         0.0000  VDWAALS    =     25329.3072
 EELEC  =   -133940.3940  EHBOND  =         0.0000  RESTRAINT  =         0.0000
 DV/DL  =        69.2182
 ------------------------------------------------------------------------------

  Softcore part of the system:       7 atoms,       TEMP(K)    =          41.16
 SC_Etot=        20.4222  SC_EKtot=         0.8588  SC_EPtot   =        19.5634
 SC_BOND=         0.1283  SC_ANGLE=         3.4352  SC_DIHED   =         5.2662
 SC_14NB=         0.2948  SC_14EEL=        10.4390  SC_VDW     =         0.0000
 SC_EEL =         0.0000
 SC_RES_DIST=     0.0000  SC_RES_ANG=       0.0000  SC_RES_TORS=         0.0000
 SC_EEL_DER=      7.6729  SC_VDW_DER=      -4.8333  SC_DERIV   =         2.8396
 ------------------------------------------------------------------------------


| TI region  2


 NSTEP =    35000   TIME(PS) =      35.000  TEMP(K) =    54.29  PRESS =     0.0
 Etot   =    -94515.5690  EKtot   =      3372.2218  EPtot      =    -97887.7908
 BOND   =     10723.2960  ANGLE   =        -0.0000  DIHED      =         0.0000
 1-4 NB =         0.0000  1-4 EEL =         0.0000  VDWAALS    =     25329.3072
 EELEC  =   -133940.3940  EHBOND  =         0.0000  RESTRAINT  =         0.0000
 DV/DL  =        69.2182
 ------------------------------------------------------------------------------

 NMR restraints: Bond =    0.000   Angle =     0.000   Torsion =     0.000
===============================================================================

| TI region  1


 NSTEP =    40000   TIME(PS) =      40.000  TEMP(K) =    62.64  PRESS =     0.0
 Etot   =    -93675.7472  EKtot   =      3891.8882  EPtot      =    -97567.6353
 BOND   =     10692.9306  ANGLE   =        -0.0000  DIHED      =        -0.0000
 1-4 NB =         0.0000  1-4 EEL =         0.0000  VDWAALS    =     25374.5409
 EELEC  =   -133635.1068  EHBOND  =         0.0000  RESTRAINT  =         0.0000
 DV/DL  =        74.1097
 ------------------------------------------------------------------------------

  Softcore part of the system:       7 atoms,       TEMP(K)    =          71.38
 SC_Etot=        21.2404  SC_EKtot=         1.4894  SC_EPtot   =        19.7509
 SC_BOND=         0.4432  SC_ANGLE=         3.4936  SC_DIHED   =         5.2252
 SC_14NB=         0.2151  SC_14EEL=        10.3738  SC_VDW     =         0.0000
 SC_EEL =         0.0000
 SC_RES_DIST=     0.0000  SC_RES_ANG=       0.0000  SC_RES_TORS=         0.0000
 SC_EEL_DER=      8.7408  SC_VDW_DER=      -5.1096  SC_DERIV   =         3.6313
 ------------------------------------------------------------------------------


| TI region  2


 NSTEP =    40000   TIME(PS) =      40.000  TEMP(K) =    62.63  PRESS =     0.0
 Etot   =    -93677.2366  EKtot   =      3890.3987  EPtot      =    -97567.6353
 BOND   =     10692.9306  ANGLE   =        -0.0000  DIHED      =        -0.0000
 1-4 NB =         0.0000  1-4 EEL =         0.0000  VDWAALS    =     25374.5409
 EELEC  =   -133635.1068  EHBOND  =         0.0000  RESTRAINT  =         0.0000
 DV/DL  =        74.1097
 ------------------------------------------------------------------------------

 NMR restraints: Bond =    0.000   Angle =     0.000   Torsion =     0.000
===============================================================================

| TI region  1


 NSTEP =    45000   TIME(PS) =      45.000  TEMP(K) =    70.70  PRESS =     0.0
 Etot   =    -92781.2876  EKtot   =      4393.0830  EPtot      =    -97174.3706
 BOND   =     11033.5249  ANGLE   =        -0.0000  DIHED      =        -0.0000
 1-4 NB =         0.0000  1-4 EEL =        -0.0000  VDWAALS    =     25211.7451
 EELEC  =   -133419.6406  EHBOND  =         0.0000  RESTRAINT  =         0.0000
 DV/DL  =        71.2761
 ------------------------------------------------------------------------------

  Softcore part of the system:       7 atoms,       TEMP(K)    =          76.34
 SC_Etot=        21.4512  SC_EKtot=         1.5930  SC_EPtot   =        19.8582
 SC_BOND=         0.1714  SC_ANGLE=         3.9677  SC_DIHED   =         5.2317
 SC_14NB=         0.1607  SC_14EEL=        10.3267  SC_VDW     =         0.0000
 SC_EEL =         0.0000
 SC_RES_DIST=     0.0000  SC_RES_ANG=       0.0000  SC_RES_TORS=         0.0000
 SC_EEL_DER=      8.7492  SC_VDW_DER=      -5.1812  SC_DERIV   =         3.5680
 ------------------------------------------------------------------------------


| TI region  2


 NSTEP =    45000   TIME(PS) =      45.000  TEMP(K) =    70.70  PRESS =     0.0
 Etot   =    -92782.8806  EKtot   =      4391.4900  EPtot      =    -97174.3706
 BOND   =     11033.5249  ANGLE   =        -0.0000  DIHED      =        -0.0000
 1-4 NB =         0.0000  1-4 EEL =        -0.0000  VDWAALS    =     25211.7451
 EELEC  =   -133419.6406  EHBOND  =         0.0000  RESTRAINT  =         0.0000
 DV/DL  =        71.2761
 ------------------------------------------------------------------------------

 NMR restraints: Bond =    0.000   Angle =     0.000   Torsion =     0.000
===============================================================================

| TI region  1


 NSTEP =    50000   TIME(PS) =      50.000  TEMP(K) =    78.03  PRESS =     0.0
 Etot   =    -91993.0350  EKtot   =      4848.3594  EPtot      =    -96841.3944
 BOND   =     11165.3990  ANGLE   =        -0.0000  DIHED      =         0.0000
 1-4 NB =         0.0000  1-4 EEL =        -0.0000  VDWAALS    =     25211.1661
 EELEC  =   -133217.9595  EHBOND  =         0.0000  RESTRAINT  =         0.0000
 DV/DL  =        72.1470
 ------------------------------------------------------------------------------

  Softcore part of the system:       7 atoms,       TEMP(K)    =          73.80
 SC_Etot=        21.1362  SC_EKtot=         1.5399  SC_EPtot   =        19.5963
 SC_BOND=         0.4155  SC_ANGLE=         3.1295  SC_DIHED   =         5.2089
 SC_14NB=         0.3722  SC_14EEL=        10.4701  SC_VDW     =         0.0000
 SC_EEL =         0.0000
 SC_RES_DIST=     0.0000  SC_RES_ANG=       0.0000  SC_RES_TORS=         0.0000
 SC_EEL_DER=      7.9891  SC_VDW_DER=      -4.9045  SC_DERIV   =         3.0846
 ------------------------------------------------------------------------------


| TI region  2


 NSTEP =    50000   TIME(PS) =      50.000  TEMP(K) =    78.03  PRESS =     0.0
 Etot   =    -91994.5750  EKtot   =      4846.8194  EPtot      =    -96841.3944
 BOND   =     11165.3990  ANGLE   =        -0.0000  DIHED      =         0.0000
 1-4 NB =         0.0000  1-4 EEL =        -0.0000  VDWAALS    =     25211.1661
 EELEC  =   -133217.9595  EHBOND  =         0.0000  RESTRAINT  =         0.0000
 DV/DL  =        72.1470
 ------------------------------------------------------------------------------

 NMR restraints: Bond =    0.000   Angle =     0.000   Torsion =     0.000
===============================================================================

| TI region  1


 NSTEP =    55000   TIME(PS) =      55.000  TEMP(K) =    86.28  PRESS =     0.0
 Etot   =    -91054.1830  EKtot   =      5360.6821  EPtot      =    -96414.8651
 BOND   =     11350.2498  ANGLE   =        -0.0000  DIHED      =        -0.0000
 1-4 NB =         0.0000  1-4 EEL =        -0.0000  VDWAALS    =     25401.3942
 EELEC  =   -133166.5091  EHBOND  =         0.0000  RESTRAINT  =         0.0000
 DV/DL  =        67.2785
 ------------------------------------------------------------------------------

  Softcore part of the system:       7 atoms,       TEMP(K)    =         131.60
 SC_Etot=        24.2932  SC_EKtot=         2.7459  SC_EPtot   =        21.5473
 SC_BOND=         0.6076  SC_ANGLE=         4.7685  SC_DIHED   =         5.3153
 SC_14NB=         0.4409  SC_14EEL=        10.4149  SC_VDW     =         0.0000
 SC_EEL =         0.0000
 SC_RES_DIST=     0.0000  SC_RES_ANG=       0.0000  SC_RES_TORS=         0.0000
 SC_EEL_DER=      6.9124  SC_VDW_DER=      -3.4888  SC_DERIV   =         3.4236
 ------------------------------------------------------------------------------


| TI region  2


 NSTEP =    55000   TIME(PS) =      55.000  TEMP(K) =    86.26  PRESS =     0.0
 Etot   =    -91056.9289  EKtot   =      5357.9362  EPtot      =    -96414.8651
 BOND   =     11350.2498  ANGLE   =        -0.0000  DIHED      =        -0.0000
 1-4 NB =         0.0000  1-4 EEL =        -0.0000  VDWAALS    =     25401.3942
 EELEC  =   -133166.5091  EHBOND  =         0.0000  RESTRAINT  =         0.0000
 DV/DL  =        67.2785
 ------------------------------------------------------------------------------

 NMR restraints: Bond =    0.000   Angle =     0.000   Torsion =     0.000
===============================================================================

| TI region  1


 NSTEP =    60000   TIME(PS) =      60.000  TEMP(K) =    93.92  PRESS =     0.0
 Etot   =    -90228.6982  EKtot   =      5835.4414  EPtot      =    -96064.1396
 BOND   =     11593.4333  ANGLE   =        -0.0000  DIHED      =         0.0000
 1-4 NB =         0.0000  1-4 EEL =        -0.0000  VDWAALS    =     25177.0310
 EELEC  =   -132834.6039  EHBOND  =         0.0000  RESTRAINT  =         0.0000
 DV/DL  =        70.3289
 ------------------------------------------------------------------------------

  Softcore part of the system:       7 atoms,       TEMP(K)    =          84.11
 SC_Etot=        21.8197  SC_EKtot=         1.7549  SC_EPtot   =        20.0648
 SC_BOND=         0.6639  SC_ANGLE=         3.4591  SC_DIHED   =         5.2551
 SC_14NB=         0.2678  SC_14EEL=        10.4189  SC_VDW     =         0.0000
 SC_EEL =         0.0000
 SC_RES_DIST=     0.0000  SC_RES_ANG=       0.0000  SC_RES_TORS=         0.0000
 SC_EEL_DER=      5.5000  SC_VDW_DER=      -1.0262  SC_DERIV   =         4.4737
 ------------------------------------------------------------------------------


| TI region  2


 NSTEP =    60000   TIME(PS) =      60.000  TEMP(K) =    93.92  PRESS =     0.0
 Etot   =    -90230.4532  EKtot   =      5833.6865  EPtot      =    -96064.1396
 BOND   =     11593.4333  ANGLE   =        -0.0000  DIHED      =         0.0000
 1-4 NB =         0.0000  1-4 EEL =        -0.0000  VDWAALS    =     25177.0310
 EELEC  =   -132834.6039  EHBOND  =         0.0000  RESTRAINT  =         0.0000
 DV/DL  =        70.3289
 ------------------------------------------------------------------------------

 NMR restraints: Bond =    0.000   Angle =     0.000   Torsion =     0.000
===============================================================================

| TI region  1


 NSTEP =    65000   TIME(PS) =      65.000  TEMP(K) =   102.61  PRESS =     0.0
 Etot   =    -89173.0506  EKtot   =      6375.5303  EPtot      =    -95548.5809
 BOND   =     11591.1006  ANGLE   =        -0.0000  DIHED      =        -0.0000
 1-4 NB =         0.0000  1-4 EEL =        -0.0000  VDWAALS    =     25029.3961
 EELEC  =   -132169.0776  EHBOND  =         0.0000  RESTRAINT  =         0.0000
 DV/DL  =        65.7850
 ------------------------------------------------------------------------------

  Softcore part of the system:       7 atoms,       TEMP(K)    =         130.51
 SC_Etot=        23.2490  SC_EKtot=         2.7232  SC_EPtot   =        20.5259
 SC_BOND=         1.0458  SC_ANGLE=         3.5963  SC_DIHED   =         5.2250
 SC_14NB=         0.2770  SC_14EEL=        10.3818  SC_VDW     =         0.0000
 SC_EEL =         0.0000
 SC_RES_DIST=     0.0000  SC_RES_ANG=       0.0000  SC_RES_TORS=         0.0000
 SC_EEL_DER=      6.6525  SC_VDW_DER=      -3.0375  SC_DERIV   =         3.6151
 ------------------------------------------------------------------------------


| TI region  2


 NSTEP =    65000   TIME(PS) =      65.000  TEMP(K) =   102.60  PRESS =     0.0
 Etot   =    -89175.7738  EKtot   =      6372.8071  EPtot      =    -95548.5809
 BOND   =     11591.1006  ANGLE   =        -0.0000  DIHED      =        -0.0000
 1-4 NB =         0.0000  1-4 EEL =        -0.0000  VDWAALS    =     25029.3961
 EELEC  =   -132169.0776  EHBOND  =         0.0000  RESTRAINT  =         0.0000
 DV/DL  =        65.7850
 ------------------------------------------------------------------------------

 NMR restraints: Bond =    0.000   Angle =     0.000   Torsion =     0.000
===============================================================================

| TI region  1


 NSTEP =    70000   TIME(PS) =      70.000  TEMP(K) =   110.58  PRESS =     0.0
 Etot   =    -88461.9961  EKtot   =      6870.5352  EPtot      =    -95332.5313
 BOND   =     11801.9567  ANGLE   =         0.0000  DIHED      =        -0.0000
 1-4 NB =         0.0000  1-4 EEL =        -0.0000  VDWAALS    =     25094.5029
 EELEC  =   -132228.9909  EHBOND  =         0.0000  RESTRAINT  =         0.0000
 DV/DL  =        60.3453
 ------------------------------------------------------------------------------

  Softcore part of the system:       7 atoms,       TEMP(K)    =          36.21
 SC_Etot=        21.0423  SC_EKtot=         0.7555  SC_EPtot   =        20.2868
 SC_BOND=         1.1756  SC_ANGLE=         3.3509  SC_DIHED   =         5.2108
 SC_14NB=         0.2218  SC_14EEL=        10.3277  SC_VDW     =         0.0000
 SC_EEL =         0.0000
 SC_RES_DIST=     0.0000  SC_RES_ANG=       0.0000  SC_RES_TORS=         0.0000
 SC_EEL_DER=      4.6031  SC_VDW_DER=      -0.8137  SC_DERIV   =         3.7894
 ------------------------------------------------------------------------------


| TI region  2


 NSTEP =    70000   TIME(PS) =      70.000  TEMP(K) =   110.60  PRESS =     0.0
 Etot   =    -88462.7516  EKtot   =      6869.7797  EPtot      =    -95332.5313
 BOND   =     11801.9567  ANGLE   =         0.0000  DIHED      =        -0.0000
 1-4 NB =         0.0000  1-4 EEL =        -0.0000  VDWAALS    =     25094.5029
 EELEC  =   -132228.9909  EHBOND  =         0.0000  RESTRAINT  =         0.0000
 DV/DL  =        60.3453
 ------------------------------------------------------------------------------

 NMR restraints: Bond =    0.000   Angle =     0.000   Torsion =     0.000
===============================================================================

| TI region  1


 NSTEP =    75000   TIME(PS) =      75.000  TEMP(K) =   117.04  PRESS =     0.0
 Etot   =    -87561.3935  EKtot   =      7271.9258  EPtot      =    -94833.3193
 BOND   =     11961.8424  ANGLE   =        -0.0000  DIHED      =        -0.0000
 1-4 NB =         0.0000  1-4 EEL =        -0.0000  VDWAALS    =     25237.7327
 EELEC  =   -132032.8944  EHBOND  =         0.0000  RESTRAINT  =         0.0000
 DV/DL  =        71.3079
 ------------------------------------------------------------------------------

  Softcore part of the system:       7 atoms,       TEMP(K)    =         112.45
 SC_Etot=        23.3228  SC_EKtot=         2.3464  SC_EPtot   =        20.9764
 SC_BOND=         1.5096  SC_ANGLE=         3.4801  SC_DIHED   =         5.2193
 SC_14NB=         0.2930  SC_14EEL=        10.4744  SC_VDW     =         0.0000
 SC_EEL =         0.0000
 SC_RES_DIST=     0.0000  SC_RES_ANG=       0.0000  SC_RES_TORS=         0.0000
 SC_EEL_DER=      8.1586  SC_VDW_DER=      -5.8199  SC_DERIV   =         2.3388
 ------------------------------------------------------------------------------


| TI region  2


 NSTEP =    75000   TIME(PS) =      75.000  TEMP(K) =   117.04  PRESS =     0.0
 Etot   =    -87563.7400  EKtot   =      7269.5794  EPtot      =    -94833.3193
 BOND   =     11961.8424  ANGLE   =        -0.0000  DIHED      =        -0.0000
 1-4 NB =         0.0000  1-4 EEL =        -0.0000  VDWAALS    =     25237.7327
 EELEC  =   -132032.8944  EHBOND  =         0.0000  RESTRAINT  =         0.0000
 DV/DL  =        71.3079
 ------------------------------------------------------------------------------

 NMR restraints: Bond =    0.000   Angle =     0.000   Torsion =     0.000
===============================================================================

| TI region  1


 NSTEP =    80000   TIME(PS) =      80.000  TEMP(K) =   125.15  PRESS =     0.0
 Etot   =    -86588.4724  EKtot   =      7776.2339  EPtot      =    -94364.7062
 BOND   =     12212.5150  ANGLE   =        -0.0000  DIHED      =        -0.0000
 1-4 NB =         0.0000  1-4 EEL =         0.0000  VDWAALS    =     25209.2786
 EELEC  =   -131786.4999  EHBOND  =         0.0000  RESTRAINT  =         0.0000
 DV/DL  =        74.6868
 ------------------------------------------------------------------------------

  Softcore part of the system:       7 atoms,       TEMP(K)    =          87.01
 SC_Etot=        23.5083  SC_EKtot=         1.8156  SC_EPtot   =        21.6927
 SC_BOND=         2.0386  SC_ANGLE=         3.9445  SC_DIHED   =         5.2149
 SC_14NB=         0.1926  SC_14EEL=        10.3022  SC_VDW     =         0.0000
 SC_EEL =         0.0000
 SC_RES_DIST=     0.0000  SC_RES_ANG=       0.0000  SC_RES_TORS=         0.0000
 SC_EEL_DER=      6.2084  SC_VDW_DER=      -1.2388  SC_DERIV   =         4.9696
 ------------------------------------------------------------------------------


| TI region  2


 NSTEP =    80000   TIME(PS) =      80.000  TEMP(K) =   125.16  PRESS =     0.0
 Etot   =    -86590.2879  EKtot   =      7774.4183  EPtot      =    -94364.7062
 BOND   =     12212.5150  ANGLE   =        -0.0000  DIHED      =        -0.0000
 1-4 NB =         0.0000  1-4 EEL =         0.0000  VDWAALS    =     25209.2786
 EELEC  =   -131786.4999  EHBOND  =         0.0000  RESTRAINT  =         0.0000
 DV/DL  =        74.6868
 ------------------------------------------------------------------------------

 NMR restraints: Bond =    0.000   Angle =     0.000   Torsion =     0.000
===============================================================================

| TI region  1


 NSTEP =    85000   TIME(PS) =      85.000  TEMP(K) =   132.93  PRESS =     0.0
 Etot   =    -85543.3211  EKtot   =      8259.8184  EPtot      =    -93803.1394
 BOND   =     12343.3926  ANGLE   =         0.0000  DIHED      =         0.0000
 1-4 NB =         0.0000  1-4 EEL =        -0.0000  VDWAALS    =     24926.8392
 EELEC  =   -131073.3712  EHBOND  =         0.0000  RESTRAINT  =         0.0000
 DV/DL  =        79.3272
 ------------------------------------------------------------------------------

  Softcore part of the system:       7 atoms,       TEMP(K)    =          83.89
 SC_Etot=        22.2293  SC_EKtot=         1.7503  SC_EPtot   =        20.4790
 SC_BOND=         1.1202  SC_ANGLE=         3.5318  SC_DIHED   =         5.2197
 SC_14NB=         0.2121  SC_14EEL=        10.3951  SC_VDW     =         0.0000
 SC_EEL =         0.0000
 SC_RES_DIST=     0.0000  SC_RES_ANG=       0.0000  SC_RES_TORS=         0.0000
 SC_EEL_DER=      6.1673  SC_VDW_DER=      -0.4016  SC_DERIV   =         5.7657
 ------------------------------------------------------------------------------


| TI region  2


 NSTEP =    85000   TIME(PS) =      85.000  TEMP(K) =   132.95  PRESS =     0.0
 Etot   =    -85545.0714  EKtot   =      8258.0680  EPtot      =    -93803.1394
 BOND   =     12343.3926  ANGLE   =         0.0000  DIHED      =         0.0000
 1-4 NB =         0.0000  1-4 EEL =        -0.0000  VDWAALS    =     24926.8392
 EELEC  =   -131073.3712  EHBOND  =         0.0000  RESTRAINT  =         0.0000
 DV/DL  =        79.3272
 ------------------------------------------------------------------------------

 NMR restraints: Bond =    0.000   Angle =     0.000   Torsion =     0.000
===============================================================================

| TI region  1


 NSTEP =    90000   TIME(PS) =      90.000  TEMP(K) =   141.56  PRESS =     0.0
 Etot   =    -84726.9289  EKtot   =      8795.8809  EPtot      =    -93522.8098
 BOND   =     12426.7316  ANGLE   =        -0.0000  DIHED      =         0.0000
 1-4 NB =         0.0000  1-4 EEL =        -0.0000  VDWAALS    =     25036.2286
 EELEC  =   -130985.7700  EHBOND  =         0.0000  RESTRAINT  =         0.0000
 DV/DL  =        66.2168
 ------------------------------------------------------------------------------

  Softcore part of the system:       7 atoms,       TEMP(K)    =         141.42
 SC_Etot=        23.7198  SC_EKtot=         2.9507  SC_EPtot   =        20.7691
 SC_BOND=         1.7161  SC_ANGLE=         3.4071  SC_DIHED   =         5.2120
 SC_14NB=         0.1618  SC_14EEL=        10.2721  SC_VDW     =         0.0000
 SC_EEL =         0.0000
 SC_RES_DIST=     0.0000  SC_RES_ANG=       0.0000  SC_RES_TORS=         0.0000
 SC_EEL_DER=      7.3589  SC_VDW_DER=      -5.7876  SC_DERIV   =         1.5713
 ------------------------------------------------------------------------------


| TI region  2


 NSTEP =    90000   TIME(PS) =      90.000  TEMP(K) =   141.56  PRESS =     0.0
 Etot   =    -84729.8796  EKtot   =      8792.9302  EPtot      =    -93522.8098
 BOND   =     12426.7316  ANGLE   =        -0.0000  DIHED      =         0.0000
 1-4 NB =         0.0000  1-4 EEL =        -0.0000  VDWAALS    =     25036.2286
 EELEC  =   -130985.7700  EHBOND  =         0.0000  RESTRAINT  =         0.0000
 DV/DL  =        66.2168
 ------------------------------------------------------------------------------

 NMR restraints: Bond =    0.000   Angle =     0.000   Torsion =     0.000
===============================================================================

| TI region  1


 NSTEP =    95000   TIME(PS) =      95.000  TEMP(K) =   150.28  PRESS =     0.0
 Etot   =    -83721.4650  EKtot   =      9337.6357  EPtot      =    -93059.1007
 BOND   =     12623.1143  ANGLE   =         0.0000  DIHED      =         0.0000
 1-4 NB =         0.0000  1-4 EEL =        -0.0000  VDWAALS    =     24797.8039
 EELEC  =   -130480.0190  EHBOND  =         0.0000  RESTRAINT  =         0.0000
 DV/DL  =        67.9559
 ------------------------------------------------------------------------------

  Softcore part of the system:       7 atoms,       TEMP(K)    =         187.10
 SC_Etot=        24.2106  SC_EKtot=         3.9038  SC_EPtot   =        20.3067
 SC_BOND=         0.9417  SC_ANGLE=         3.5314  SC_DIHED   =         5.2311
 SC_14NB=         0.2504  SC_14EEL=        10.3522  SC_VDW     =         0.0000
 SC_EEL =         0.0000
 SC_RES_DIST=     0.0000  SC_RES_ANG=       0.0000  SC_RES_TORS=         0.0000
 SC_EEL_DER=      4.7211  SC_VDW_DER=      -0.2828  SC_DERIV   =         4.4383
 ------------------------------------------------------------------------------


| TI region  2


 NSTEP =    95000   TIME(PS) =      95.000  TEMP(K) =   150.27  PRESS =     0.0
 Etot   =    -83725.3688  EKtot   =      9333.7319  EPtot      =    -93059.1007
 BOND   =     12623.1143  ANGLE   =         0.0000  DIHED      =         0.0000
 1-4 NB =         0.0000  1-4 EEL =        -0.0000  VDWAALS    =     24797.8039
 EELEC  =   -130480.0190  EHBOND  =         0.0000  RESTRAINT  =         0.0000
 DV/DL  =        67.9559
 ------------------------------------------------------------------------------

 NMR restraints: Bond =    0.000   Angle =     0.000   Torsion =     0.000
===============================================================================

| TI region  1


 NSTEP =   100000   TIME(PS) =     100.000  TEMP(K) =   158.42  PRESS =     0.0
 Etot   =    -82821.3165  EKtot   =      9843.0850  EPtot      =    -92664.4015
 BOND   =     12863.7013  ANGLE   =        -0.0000  DIHED      =         0.0000
 1-4 NB =         0.0000  1-4 EEL =        -0.0000  VDWAALS    =     24827.2725
 EELEC  =   -130355.3752  EHBOND  =         0.0000  RESTRAINT  =         0.0000
 DV/DL  =        67.2263
 ------------------------------------------------------------------------------

  Softcore part of the system:       7 atoms,       TEMP(K)    =         121.60
 SC_Etot=        22.6830  SC_EKtot=         2.5373  SC_EPtot   =        20.1456
 SC_BOND=         0.6548  SC_ANGLE=         3.4201  SC_DIHED   =         5.2216
 SC_14NB=         0.3691  SC_14EEL=        10.4801  SC_VDW     =         0.0000
 SC_EEL =         0.0000
 SC_RES_DIST=     0.0000  SC_RES_ANG=       0.0000  SC_RES_TORS=         0.0000
 SC_EEL_DER=      5.1490  SC_VDW_DER=      -2.2639  SC_DERIV   =         2.8850
 ------------------------------------------------------------------------------


| TI region  2


 NSTEP =   100000   TIME(PS) =     100.000  TEMP(K) =   158.43  PRESS =     0.0
 Etot   =    -82823.8538  EKtot   =      9840.5476  EPtot      =    -92664.4015
 BOND   =     12863.7013  ANGLE   =        -0.0000  DIHED      =         0.0000
 1-4 NB =         0.0000  1-4 EEL =        -0.0000  VDWAALS    =     24827.2725
 EELEC  =   -130355.3752  EHBOND  =         0.0000  RESTRAINT  =         0.0000
 DV/DL  =        67.2263
 ------------------------------------------------------------------------------

 NMR restraints: Bond =    0.000   Angle =     0.000   Torsion =     0.000
===============================================================================

| TI region  1


 NSTEP =   105000   TIME(PS) =     105.000  TEMP(K) =   163.64  PRESS =     0.0
 Etot   =    -81918.4316  EKtot   =     10167.7988  EPtot      =    -92086.2305
 BOND   =     12749.6358  ANGLE   =        -0.0000  DIHED      =         0.0000
 1-4 NB =         0.0000  1-4 EEL =        -0.0000  VDWAALS    =     24702.2970
 EELEC  =   -129538.1633  EHBOND  =         0.0000  RESTRAINT  =         0.0000
 DV/DL  =        72.0471
 ------------------------------------------------------------------------------

  Softcore part of the system:       7 atoms,       TEMP(K)    =         267.85
 SC_Etot=        27.5782  SC_EKtot=         5.5888  SC_EPtot   =        21.9893
 SC_BOND=         1.9115  SC_ANGLE=         3.8994  SC_DIHED   =         5.2148
 SC_14NB=         0.4388  SC_14EEL=        10.5249  SC_VDW     =         0.0000
 SC_EEL =         0.0000
 SC_RES_DIST=     0.0000  SC_RES_ANG=       0.0000  SC_RES_TORS=         0.0000
 SC_EEL_DER=      4.6719  SC_VDW_DER=      -0.4717  SC_DERIV   =         4.2002
 ------------------------------------------------------------------------------


| TI region  2


 NSTEP =   105000   TIME(PS) =     105.000  TEMP(K) =   163.61  PRESS =     0.0
 Etot   =    -81924.0205  EKtot   =     10162.2100  EPtot      =    -92086.2305
 BOND   =     12749.6358  ANGLE   =        -0.0000  DIHED      =         0.0000
 1-4 NB =         0.0000  1-4 EEL =        -0.0000  VDWAALS    =     24702.2970
 EELEC  =   -129538.1633  EHBOND  =         0.0000  RESTRAINT  =         0.0000
 DV/DL  =        72.0471
 ------------------------------------------------------------------------------

 NMR restraints: Bond =    0.000   Angle =     0.000   Torsion =     0.000
===============================================================================

| TI region  1


 NSTEP =   110000   TIME(PS) =     110.000  TEMP(K) =   174.41  PRESS =     0.0
 Etot   =    -80702.4970  EKtot   =     10836.7705  EPtot      =    -91539.2675
 BOND   =     13158.5894  ANGLE   =        -0.0000  DIHED      =         0.0000
 1-4 NB =         0.0000  1-4 EEL =        -0.0000  VDWAALS    =     24659.3355
 EELEC  =   -129357.1924  EHBOND  =         0.0000  RESTRAINT  =         0.0000
 DV/DL  =        76.5828
 ------------------------------------------------------------------------------

  Softcore part of the system:       7 atoms,       TEMP(K)    =         184.93
 SC_Etot=        26.5865  SC_EKtot=         3.8587  SC_EPtot   =        22.7278
 SC_BOND=         3.3127  SC_ANGLE=         3.6280  SC_DIHED   =         5.3307
 SC_14NB=         0.1545  SC_14EEL=        10.3019  SC_VDW     =         0.0000
 SC_EEL =         0.0000
 SC_RES_DIST=     0.0000  SC_RES_ANG=       0.0000  SC_RES_TORS=         0.0000
 SC_EEL_DER=      6.3735  SC_VDW_DER=      -1.5642  SC_DERIV   =         4.8093
 ------------------------------------------------------------------------------


| TI region  2


 NSTEP =   110000   TIME(PS) =     110.000  TEMP(K) =   174.40  PRESS =     0.0
 Etot   =    -80706.3557  EKtot   =     10832.9118  EPtot      =    -91539.2675
 BOND   =     13158.5894  ANGLE   =        -0.0000  DIHED      =         0.0000
 1-4 NB =         0.0000  1-4 EEL =        -0.0000  VDWAALS    =     24659.3355
 EELEC  =   -129357.1924  EHBOND  =         0.0000  RESTRAINT  =         0.0000
 DV/DL  =        76.5828
 ------------------------------------------------------------------------------

 NMR restraints: Bond =    0.000   Angle =     0.000   Torsion =     0.000
===============================================================================

| TI region  1


 NSTEP =   115000   TIME(PS) =     115.000  TEMP(K) =   180.36  PRESS =     0.0
 Etot   =    -79964.2226  EKtot   =     11206.6602  EPtot      =    -91170.8827
 BOND   =     13297.7925  ANGLE   =        -0.0000  DIHED      =        -0.0000
 1-4 NB =         0.0000  1-4 EEL =        -0.0000  VDWAALS    =     24559.5416
 EELEC  =   -129028.2169  EHBOND  =         0.0000  RESTRAINT  =         0.0000
 DV/DL  =        67.9547
 ------------------------------------------------------------------------------

  Softcore part of the system:       7 atoms,       TEMP(K)    =         111.21
 SC_Etot=        23.4726  SC_EKtot=         2.3204  SC_EPtot   =        21.1522
 SC_BOND=         0.6700  SC_ANGLE=         4.1928  SC_DIHED   =         5.4652
 SC_14NB=         0.3264  SC_14EEL=        10.4977  SC_VDW     =         0.0000
 SC_EEL =         0.0000
 SC_RES_DIST=     0.0000  SC_RES_ANG=       0.0000  SC_RES_TORS=         0.0000
 SC_EEL_DER=      5.0115  SC_VDW_DER=      -2.7717  SC_DERIV   =         2.2398
 ------------------------------------------------------------------------------


| TI region  2


 NSTEP =   115000   TIME(PS) =     115.000  TEMP(K) =   180.38  PRESS =     0.0
 Etot   =    -79966.5430  EKtot   =     11204.3397  EPtot      =    -91170.8827
 BOND   =     13297.7925  ANGLE   =        -0.0000  DIHED      =        -0.0000
 1-4 NB =         0.0000  1-4 EEL =        -0.0000  VDWAALS    =     24559.5416
 EELEC  =   -129028.2169  EHBOND  =         0.0000  RESTRAINT  =         0.0000
 DV/DL  =        67.9547
 ------------------------------------------------------------------------------

 NMR restraints: Bond =    0.000   Angle =     0.000   Torsion =     0.000
===============================================================================

| TI region  1


 NSTEP =   120000   TIME(PS) =     120.000  TEMP(K) =   189.05  PRESS =     0.0
 Etot   =    -78969.4017  EKtot   =     11746.5518  EPtot      =    -90715.9535
 BOND   =     13425.0416  ANGLE   =         0.0000  DIHED      =         0.0000
 1-4 NB =         0.0000  1-4 EEL =        -0.0000  VDWAALS    =     24231.8337
 EELEC  =   -128372.8288  EHBOND  =         0.0000  RESTRAINT  =         0.0000
 DV/DL  =        73.7776
 ------------------------------------------------------------------------------

  Softcore part of the system:       7 atoms,       TEMP(K)    =         222.03
 SC_Etot=        24.7429  SC_EKtot=         4.6328  SC_EPtot   =        20.1101
 SC_BOND=         0.9535  SC_ANGLE=         3.4719  SC_DIHED   =         5.2200
 SC_14NB=         0.1905  SC_14EEL=        10.2742  SC_VDW     =         0.0000
 SC_EEL =         0.0000
 SC_RES_DIST=     0.0000  SC_RES_ANG=       0.0000  SC_RES_TORS=         0.0000
 SC_EEL_DER=      6.3521  SC_VDW_DER=      -3.5555  SC_DERIV   =         2.7966
 ------------------------------------------------------------------------------


| TI region  2


 NSTEP =   120000   TIME(PS) =     120.000  TEMP(K) =   189.04  PRESS =     0.0
 Etot   =    -78974.0346  EKtot   =     11741.9189  EPtot      =    -90715.9535
 BOND   =     13425.0416  ANGLE   =         0.0000  DIHED      =         0.0000
 1-4 NB =         0.0000  1-4 EEL =        -0.0000  VDWAALS    =     24231.8337
 EELEC  =   -128372.8288  EHBOND  =         0.0000  RESTRAINT  =         0.0000
 DV/DL  =        73.7776
 ------------------------------------------------------------------------------

 NMR restraints: Bond =    0.000   Angle =     0.000   Torsion =     0.000
===============================================================================

| TI region  1


 NSTEP =   125000   TIME(PS) =     125.000  TEMP(K) =   197.97  PRESS =     0.0
 Etot   =    -78017.7676  EKtot   =     12300.6846  EPtot      =    -90318.4521
 BOND   =     13690.1171  ANGLE   =         0.0000  DIHED      =         0.0000
 1-4 NB =         0.0000  1-4 EEL =         0.0000  VDWAALS    =     24041.6797
 EELEC  =   -128050.2489  EHBOND  =         0.0000  RESTRAINT  =         0.0000
 DV/DL  =        67.7803
 ------------------------------------------------------------------------------

  Softcore part of the system:       7 atoms,       TEMP(K)    =         156.31
 SC_Etot=        24.8709  SC_EKtot=         3.2614  SC_EPtot   =        21.6095
 SC_BOND=         0.6424  SC_ANGLE=         4.6650  SC_DIHED   =         5.4443
 SC_14NB=         0.4614  SC_14EEL=        10.3965  SC_VDW     =         0.0000
 SC_EEL =         0.0000
 SC_RES_DIST=     0.0000  SC_RES_ANG=       0.0000  SC_RES_TORS=         0.0000
 SC_EEL_DER=      6.0197  SC_VDW_DER=      -2.5983  SC_DERIV   =         3.4214
 ------------------------------------------------------------------------------


| TI region  2


 NSTEP =   125000   TIME(PS) =     125.000  TEMP(K) =   197.98  PRESS =     0.0
 Etot   =    -78021.0290  EKtot   =     12297.4232  EPtot      =    -90318.4521
 BOND   =     13690.1171  ANGLE   =         0.0000  DIHED      =         0.0000
 1-4 NB =         0.0000  1-4 EEL =         0.0000  VDWAALS    =     24041.6797
 EELEC  =   -128050.2489  EHBOND  =         0.0000  RESTRAINT  =         0.0000
 DV/DL  =        67.7803
 ------------------------------------------------------------------------------

 NMR restraints: Bond =    0.000   Angle =     0.000   Torsion =     0.000
===============================================================================

| TI region  1


 NSTEP =   130000   TIME(PS) =     130.000  TEMP(K) =   200.91  PRESS =     0.0
 Etot   =    -77069.6922  EKtot   =     12483.4258  EPtot      =    -89553.1180
 BOND   =     13514.2398  ANGLE   =        -0.0000  DIHED      =        -0.0000
 1-4 NB =         0.0000  1-4 EEL =        -0.0000  VDWAALS    =     24072.2567
 EELEC  =   -127139.6145  EHBOND  =         0.0000  RESTRAINT  =         0.0000
 DV/DL  =        78.1522
 ------------------------------------------------------------------------------

  Softcore part of the system:       7 atoms,       TEMP(K)    =         120.40
 SC_Etot=        25.9189  SC_EKtot=         2.5122  SC_EPtot   =        23.4067
 SC_BOND=         2.6687  SC_ANGLE=         4.7925  SC_DIHED   =         5.3007
 SC_14NB=         0.3094  SC_14EEL=        10.3353  SC_VDW     =         0.0000
 SC_EEL =         0.0000
 SC_RES_DIST=     0.0000  SC_RES_ANG=       0.0000  SC_RES_TORS=         0.0000
 SC_EEL_DER=      7.5310  SC_VDW_DER=      -2.6145  SC_DERIV   =         4.9165
 ------------------------------------------------------------------------------


| TI region  2


 NSTEP =   130000   TIME(PS) =     130.000  TEMP(K) =   200.94  PRESS =     0.0
 Etot   =    -77072.2044  EKtot   =     12480.9136  EPtot      =    -89553.1180
 BOND   =     13514.2398  ANGLE   =        -0.0000  DIHED      =        -0.0000
 1-4 NB =         0.0000  1-4 EEL =        -0.0000  VDWAALS    =     24072.2567
 EELEC  =   -127139.6145  EHBOND  =         0.0000  RESTRAINT  =         0.0000
 DV/DL  =        78.1522
 ------------------------------------------------------------------------------

 NMR restraints: Bond =    0.000   Angle =     0.000   Torsion =     0.000
===============================================================================

| TI region  1


 NSTEP =   135000   TIME(PS) =     135.000  TEMP(K) =   212.41  PRESS =     0.0
 Etot   =    -76036.1564  EKtot   =     13197.8281  EPtot      =    -89233.9845
 BOND   =     13854.8320  ANGLE   =        -0.0000  DIHED      =         0.0000
 1-4 NB =         0.0000  1-4 EEL =        -0.0000  VDWAALS    =     23738.2334
 EELEC  =   -126827.0499  EHBOND  =         0.0000  RESTRAINT  =         0.0000
 DV/DL  =        93.9774
 ------------------------------------------------------------------------------

  Softcore part of the system:       7 atoms,       TEMP(K)    =         312.00
 SC_Etot=        29.0608  SC_EKtot=         6.5101  SC_EPtot   =        22.5507
 SC_BOND=         0.8857  SC_ANGLE=         5.3644  SC_DIHED   =         5.2126
 SC_14NB=         0.4833  SC_14EEL=        10.6047  SC_VDW     =         0.0000
 SC_EEL =         0.0000
 SC_RES_DIST=     0.0000  SC_RES_ANG=       0.0000  SC_RES_TORS=         0.0000
 SC_EEL_DER=      7.3587  SC_VDW_DER=      -2.5482  SC_DERIV   =         4.8105
 ------------------------------------------------------------------------------


| TI region  2


 NSTEP =   135000   TIME(PS) =     135.000  TEMP(K) =   212.37  PRESS =     0.0
 Etot   =    -76042.6665  EKtot   =     13191.3180  EPtot      =    -89233.9845
 BOND   =     13854.8320  ANGLE   =        -0.0000  DIHED      =         0.0000
 1-4 NB =         0.0000  1-4 EEL =        -0.0000  VDWAALS    =     23738.2334
 EELEC  =   -126827.0499  EHBOND  =         0.0000  RESTRAINT  =         0.0000
 DV/DL  =        93.9774
 ------------------------------------------------------------------------------

 NMR restraints: Bond =    0.000   Angle =     0.000   Torsion =     0.000
===============================================================================

| TI region  1


 NSTEP =   140000   TIME(PS) =     140.000  TEMP(K) =   217.62  PRESS =     0.0
 Etot   =    -75196.7435  EKtot   =     13521.9688  EPtot      =    -88718.7122
 BOND   =     14035.4775  ANGLE   =        -0.0000  DIHED      =         0.0000
 1-4 NB =         0.0000  1-4 EEL =        -0.0000  VDWAALS    =     23587.4233
 EELEC  =   -126341.6130  EHBOND  =         0.0000  RESTRAINT  =         0.0000
 DV/DL  =        59.7506
 ------------------------------------------------------------------------------

  Softcore part of the system:       7 atoms,       TEMP(K)    =         234.38
 SC_Etot=        25.8661  SC_EKtot=         4.8905  SC_EPtot   =        20.9757
 SC_BOND=         0.0868  SC_ANGLE=         4.8586  SC_DIHED   =         5.3804
 SC_14NB=         0.2238  SC_14EEL=        10.4262  SC_VDW     =         0.0000
 SC_EEL =         0.0000
 SC_RES_DIST=     0.0000  SC_RES_ANG=       0.0000  SC_RES_TORS=         0.0000
 SC_EEL_DER=      4.1081  SC_VDW_DER=      -4.8654  SC_DERIV   =        -0.7574
 ------------------------------------------------------------------------------


| TI region  2


 NSTEP =   140000   TIME(PS) =     140.000  TEMP(K) =   217.62  PRESS =     0.0
 Etot   =    -75201.6340  EKtot   =     13517.0783  EPtot      =    -88718.7122
 BOND   =     14035.4775  ANGLE   =        -0.0000  DIHED      =         0.0000
 1-4 NB =         0.0000  1-4 EEL =        -0.0000  VDWAALS    =     23587.4233
 EELEC  =   -126341.6130  EHBOND  =         0.0000  RESTRAINT  =         0.0000
 DV/DL  =        59.7506
 ------------------------------------------------------------------------------

 NMR restraints: Bond =    0.000   Angle =     0.000   Torsion =     0.000
===============================================================================

| TI region  1


 NSTEP =   145000   TIME(PS) =     145.000  TEMP(K) =   227.86  PRESS =     0.0
 Etot   =    -73897.4880  EKtot   =     14158.0430  EPtot      =    -88055.5310
 BOND   =     13955.2488  ANGLE   =         0.0000  DIHED      =         0.0000
 1-4 NB =         0.0000  1-4 EEL =         0.0000  VDWAALS    =     23338.9373
 EELEC  =   -125349.7170  EHBOND  =         0.0000  RESTRAINT  =         0.0000
 DV/DL  =        66.9390
 ------------------------------------------------------------------------------

  Softcore part of the system:       7 atoms,       TEMP(K)    =         246.88
 SC_Etot=        26.3999  SC_EKtot=         5.1513  SC_EPtot   =        21.2486
 SC_BOND=         0.9737  SC_ANGLE=         3.9963  SC_DIHED   =         5.3109
 SC_14NB=         0.4334  SC_14EEL=        10.5345  SC_VDW     =         0.0000
 SC_EEL =         0.0000
 SC_RES_DIST=     0.0000  SC_RES_ANG=       0.0000  SC_RES_TORS=         0.0000
 SC_EEL_DER=      5.0172  SC_VDW_DER=      -1.0611  SC_DERIV   =         3.9561
 ------------------------------------------------------------------------------


| TI region  2


 NSTEP =   145000   TIME(PS) =     145.000  TEMP(K) =   227.85  PRESS =     0.0
 Etot   =    -73902.6393  EKtot   =     14152.8917  EPtot      =    -88055.5310
 BOND   =     13955.2488  ANGLE   =         0.0000  DIHED      =         0.0000
 1-4 NB =         0.0000  1-4 EEL =         0.0000  VDWAALS    =     23338.9373
 EELEC  =   -125349.7170  EHBOND  =         0.0000  RESTRAINT  =         0.0000
 DV/DL  =        66.9390
 ------------------------------------------------------------------------------

 NMR restraints: Bond =    0.000   Angle =     0.000   Torsion =     0.000
===============================================================================

| TI region  1


 NSTEP =   150000   TIME(PS) =     150.000  TEMP(K) =   236.55  PRESS =     0.0
 Etot   =    -72902.9737  EKtot   =     14698.1104  EPtot      =    -87601.0841
 BOND   =     14212.3865  ANGLE   =         0.0000  DIHED      =         0.0000
 1-4 NB =         0.0000  1-4 EEL =         0.0000  VDWAALS    =     23011.8288
 EELEC  =   -124825.2995  EHBOND  =         0.0000  RESTRAINT  =         0.0000
 DV/DL  =        52.9899
 ------------------------------------------------------------------------------

  Softcore part of the system:       7 atoms,       TEMP(K)    =         136.51
 SC_Etot=        26.8246  SC_EKtot=         2.8484  SC_EPtot   =        23.9763
 SC_BOND=         2.1127  SC_ANGLE=         5.6705  SC_DIHED   =         5.3517
 SC_14NB=         0.4694  SC_14EEL=        10.3720  SC_VDW     =         0.0000
 SC_EEL =         0.0000
 SC_RES_DIST=     0.0000  SC_RES_ANG=       0.0000  SC_RES_TORS=         0.0000
 SC_EEL_DER=      3.2759  SC_VDW_DER=      -3.4032  SC_DERIV   =        -0.1274
 ------------------------------------------------------------------------------


| TI region  2


 NSTEP =   150000   TIME(PS) =     150.000  TEMP(K) =   236.59  PRESS =     0.0
 Etot   =    -72905.8221  EKtot   =     14695.2620  EPtot      =    -87601.0841
 BOND   =     14212.3865  ANGLE   =         0.0000  DIHED      =         0.0000
 1-4 NB =         0.0000  1-4 EEL =         0.0000  VDWAALS    =     23011.8288
 EELEC  =   -124825.2995  EHBOND  =         0.0000  RESTRAINT  =         0.0000
 DV/DL  =        52.9899
 ------------------------------------------------------------------------------

 NMR restraints: Bond =    0.000   Angle =     0.000   Torsion =     0.000
===============================================================================

| TI region  1


 NSTEP =   155000   TIME(PS) =     155.000  TEMP(K) =   245.57  PRESS =     0.0
 Etot   =    -71596.1039  EKtot   =     15258.3223  EPtot      =    -86854.4262
 BOND   =     14377.9481  ANGLE   =         0.0000  DIHED      =        -0.0000
 1-4 NB =         0.0000  1-4 EEL =         0.0000  VDWAALS    =     23257.1430
 EELEC  =   -124489.5173  EHBOND  =         0.0000  RESTRAINT  =         0.0000
 DV/DL  =        66.4116
 ------------------------------------------------------------------------------

  Softcore part of the system:       7 atoms,       TEMP(K)    =         188.87
 SC_Etot=        27.7496  SC_EKtot=         3.9408  SC_EPtot   =        23.8088
 SC_BOND=         2.4150  SC_ANGLE=         5.1120  SC_DIHED   =         5.4813
 SC_14NB=         0.3430  SC_14EEL=        10.4574  SC_VDW     =         0.0000
 SC_EEL =         0.0000
 SC_RES_DIST=     0.0000  SC_RES_ANG=       0.0000  SC_RES_TORS=         0.0000
 SC_EEL_DER=      4.5454  SC_VDW_DER=      -2.3468  SC_DERIV   =         2.1986
 ------------------------------------------------------------------------------


| TI region  2


 NSTEP =   155000   TIME(PS) =     155.000  TEMP(K) =   245.59  PRESS =     0.0
 Etot   =    -71600.0447  EKtot   =     15254.3814  EPtot      =    -86854.4262
 BOND   =     14377.9481  ANGLE   =         0.0000  DIHED      =        -0.0000
 1-4 NB =         0.0000  1-4 EEL =         0.0000  VDWAALS    =     23257.1430
 EELEC  =   -124489.5173  EHBOND  =         0.0000  RESTRAINT  =         0.0000
 DV/DL  =        66.4116
 ------------------------------------------------------------------------------

 NMR restraints: Bond =    0.000   Angle =     0.000   Torsion =     0.000
===============================================================================

| TI region  1


 NSTEP =   160000   TIME(PS) =     160.000  TEMP(K) =   253.42  PRESS =     0.0
 Etot   =    -70494.6252  EKtot   =     15746.3398  EPtot      =    -86240.9650
 BOND   =     14270.0408  ANGLE   =        -0.0000  DIHED      =        -0.0000
 1-4 NB =         0.0000  1-4 EEL =        -0.0000  VDWAALS    =     22971.4028
 EELEC  =   -123482.4085  EHBOND  =         0.0000  RESTRAINT  =         0.0000
 DV/DL  =        65.5906
 ------------------------------------------------------------------------------

  Softcore part of the system:       7 atoms,       TEMP(K)    =         251.05
 SC_Etot=        26.2758  SC_EKtot=         5.2383  SC_EPtot   =        21.0375
 SC_BOND=         1.2973  SC_ANGLE=         3.5886  SC_DIHED   =         5.3257
 SC_14NB=         0.3259  SC_14EEL=        10.5001  SC_VDW     =         0.0000
 SC_EEL =         0.0000
 SC_RES_DIST=     0.0000  SC_RES_ANG=       0.0000  SC_RES_TORS=         0.0000
 SC_EEL_DER=      5.0589  SC_VDW_DER=      -3.2426  SC_DERIV   =         1.8164
 ------------------------------------------------------------------------------


| TI region  2


 NSTEP =   160000   TIME(PS) =     160.000  TEMP(K) =   253.42  PRESS =     0.0
 Etot   =    -70499.8634  EKtot   =     15741.1016  EPtot      =    -86240.9650
 BOND   =     14270.0408  ANGLE   =        -0.0000  DIHED      =        -0.0000
 1-4 NB =         0.0000  1-4 EEL =        -0.0000  VDWAALS    =     22971.4028
 EELEC  =   -123482.4085  EHBOND  =         0.0000  RESTRAINT  =         0.0000
 DV/DL  =        65.5906
 ------------------------------------------------------------------------------

 NMR restraints: Bond =    0.000   Angle =     0.000   Torsion =     0.000
===============================================================================

| TI region  1


 NSTEP =   165000   TIME(PS) =     165.000  TEMP(K) =   258.63  PRESS =     0.0
 Etot   =    -69191.0325  EKtot   =     16069.5693  EPtot      =    -85260.6019
 BOND   =     14904.2963  ANGLE   =        -0.0000  DIHED      =        -0.0000
 1-4 NB =         0.0000  1-4 EEL =         0.0000  VDWAALS    =     22706.1072
 EELEC  =   -122871.0053  EHBOND  =         0.0000  RESTRAINT  =         0.0000
 DV/DL  =        64.7691
 ------------------------------------------------------------------------------

  Softcore part of the system:       7 atoms,       TEMP(K)    =         230.19
 SC_Etot=        25.2942  SC_EKtot=         4.8031  SC_EPtot   =        20.4910
 SC_BOND=         1.3488  SC_ANGLE=         3.4476  SC_DIHED   =         5.2276
 SC_14NB=         0.2107  SC_14EEL=        10.2564  SC_VDW     =         0.0000
 SC_EEL =         0.0000
 SC_RES_DIST=     0.0000  SC_RES_ANG=       0.0000  SC_RES_TORS=         0.0000
 SC_EEL_DER=      7.2448  SC_VDW_DER=     -12.5721  SC_DERIV   =        -5.3273
 ------------------------------------------------------------------------------


| TI region  2


 NSTEP =   165000   TIME(PS) =     165.000  TEMP(K) =   258.64  PRESS =     0.0
 Etot   =    -69195.8356  EKtot   =     16064.7662  EPtot      =    -85260.6019
 BOND   =     14904.2963  ANGLE   =        -0.0000  DIHED      =        -0.0000
 1-4 NB =         0.0000  1-4 EEL =         0.0000  VDWAALS    =     22706.1072
 EELEC  =   -122871.0053  EHBOND  =         0.0000  RESTRAINT  =         0.0000
 DV/DL  =        64.7691
 ------------------------------------------------------------------------------

 NMR restraints: Bond =    0.000   Angle =     0.000   Torsion =     0.000
===============================================================================

| TI region  1


 NSTEP =   170000   TIME(PS) =     170.000  TEMP(K) =   266.86  PRESS =     0.0
 Etot   =    -68158.1848  EKtot   =     16581.1211  EPtot      =    -84739.3059
 BOND   =     14702.3204  ANGLE   =         0.0000  DIHED      =        -0.0000
 1-4 NB =         0.0000  1-4 EEL =        -0.0000  VDWAALS    =     22207.1619
 EELEC  =   -121648.7882  EHBOND  =         0.0000  RESTRAINT  =         0.0000
 DV/DL  =        66.3986
 ------------------------------------------------------------------------------

  Softcore part of the system:       7 atoms,       TEMP(K)    =         378.93
 SC_Etot=        31.3073  SC_EKtot=         7.9065  SC_EPtot   =        23.4007
 SC_BOND=         2.4479  SC_ANGLE=         4.2249  SC_DIHED   =         5.2168
 SC_14NB=         0.8521  SC_14EEL=        10.6590  SC_VDW     =         0.0000
 SC_EEL =         0.0000
 SC_RES_DIST=     0.0000  SC_RES_ANG=       0.0000  SC_RES_TORS=         0.0000
 SC_EEL_DER=      5.8794  SC_VDW_DER=      -2.6788  SC_DERIV   =         3.2006
 ------------------------------------------------------------------------------


| TI region  2


 NSTEP =   170000   TIME(PS) =     170.000  TEMP(K) =   266.82  PRESS =     0.0
 Etot   =    -68166.0913  EKtot   =     16573.2146  EPtot      =    -84739.3059
 BOND   =     14702.3204  ANGLE   =         0.0000  DIHED      =        -0.0000
 1-4 NB =         0.0000  1-4 EEL =        -0.0000  VDWAALS    =     22207.1619
 EELEC  =   -121648.7882  EHBOND  =         0.0000  RESTRAINT  =         0.0000
 DV/DL  =        66.3986
 ------------------------------------------------------------------------------

 NMR restraints: Bond =    0.000   Angle =     0.000   Torsion =     0.000
===============================================================================

| TI region  1


 NSTEP =   175000   TIME(PS) =     175.000  TEMP(K) =   278.23  PRESS =     0.0
 Etot   =    -66576.4761  EKtot   =     17287.5117  EPtot      =    -83863.9879
 BOND   =     14994.7245  ANGLE   =         0.0000  DIHED      =        -0.0000
 1-4 NB =         0.0000  1-4 EEL =        -0.0000  VDWAALS    =     21940.5913
 EELEC  =   -120799.3037  EHBOND  =         0.0000  RESTRAINT  =         0.0000
 DV/DL  =        61.7008
 ------------------------------------------------------------------------------

  Softcore part of the system:       7 atoms,       TEMP(K)    =         435.58
 SC_Etot=        31.7844  SC_EKtot=         9.0886  SC_EPtot   =        22.6958
 SC_BOND=         1.5311  SC_ANGLE=         5.0856  SC_DIHED   =         5.3142
 SC_14NB=         0.3164  SC_14EEL=        10.4485  SC_VDW     =         0.0000
 SC_EEL =         0.0000
 SC_RES_DIST=     0.0000  SC_RES_ANG=       0.0000  SC_RES_TORS=         0.0000
 SC_EEL_DER=      5.6990  SC_VDW_DER=      -3.3483  SC_DERIV   =         2.3508
 ------------------------------------------------------------------------------


| TI region  2


 NSTEP =   175000   TIME(PS) =     175.000  TEMP(K) =   278.17  PRESS =     0.0
 Etot   =    -66585.5647  EKtot   =     17278.4232  EPtot      =    -83863.9879
 BOND   =     14994.7245  ANGLE   =         0.0000  DIHED      =        -0.0000
 1-4 NB =         0.0000  1-4 EEL =        -0.0000  VDWAALS    =     21940.5913
 EELEC  =   -120799.3037  EHBOND  =         0.0000  RESTRAINT  =         0.0000
 DV/DL  =        61.7008
 ------------------------------------------------------------------------------

 NMR restraints: Bond =    0.000   Angle =     0.000   Torsion =     0.000
===============================================================================

| TI region  1


 NSTEP =   180000   TIME(PS) =     180.000  TEMP(K) =   282.03  PRESS =     0.0
 Etot   =    -65342.0915  EKtot   =     17523.5859  EPtot      =    -82865.6774
 BOND   =     15144.4913  ANGLE   =         0.0000  DIHED      =        -0.0000
 1-4 NB =         0.0000  1-4 EEL =         0.0000  VDWAALS    =     21717.2436
 EELEC  =   -119727.4122  EHBOND  =         0.0000  RESTRAINT  =         0.0000
 DV/DL  =        67.2424
 ------------------------------------------------------------------------------

  Softcore part of the system:       7 atoms,       TEMP(K)    =         191.30
 SC_Etot=        27.5822  SC_EKtot=         3.9916  SC_EPtot   =        23.5906
 SC_BOND=         3.4230  SC_ANGLE=         4.0253  SC_DIHED   =         5.2479
 SC_14NB=         0.4307  SC_14EEL=        10.4636  SC_VDW     =         0.0000
 SC_EEL =         0.0000
 SC_RES_DIST=     0.0000  SC_RES_ANG=       0.0000  SC_RES_TORS=         0.0000
 SC_EEL_DER=      8.3000  SC_VDW_DER=      -5.4164  SC_DERIV   =         2.8836
 ------------------------------------------------------------------------------


| TI region  2


 NSTEP =   180000   TIME(PS) =     180.000  TEMP(K) =   282.06  PRESS =     0.0
 Etot   =    -65346.0831  EKtot   =     17519.5943  EPtot      =    -82865.6774
 BOND   =     15144.4913  ANGLE   =         0.0000  DIHED      =        -0.0000
 1-4 NB =         0.0000  1-4 EEL =         0.0000  VDWAALS    =     21717.2436
 EELEC  =   -119727.4122  EHBOND  =         0.0000  RESTRAINT  =         0.0000
 DV/DL  =        67.2424
 ------------------------------------------------------------------------------

 NMR restraints: Bond =    0.000   Angle =     0.000   Torsion =     0.000
===============================================================================

| TI region  1


 NSTEP =   185000   TIME(PS) =     185.000  TEMP(K) =   289.61  PRESS =     0.0
 Etot   =    -63543.8508  EKtot   =     17994.9004  EPtot      =    -81538.7512
 BOND   =     15019.0375  ANGLE   =         0.0000  DIHED      =        -0.0000
 1-4 NB =         0.0000  1-4 EEL =         0.0000  VDWAALS    =     21216.8752
 EELEC  =   -117774.6639  EHBOND  =         0.0000  RESTRAINT  =         0.0000
 DV/DL  =        62.5069
 ------------------------------------------------------------------------------

  Softcore part of the system:       7 atoms,       TEMP(K)    =         248.31
 SC_Etot=        25.9925  SC_EKtot=         5.1811  SC_EPtot   =        20.8114
 SC_BOND=         0.9651  SC_ANGLE=         4.1546  SC_DIHED   =         5.2186
 SC_14NB=         0.1539  SC_14EEL=        10.3192  SC_VDW     =         0.0000
 SC_EEL =         0.0000
 SC_RES_DIST=     0.0000  SC_RES_ANG=       0.0000  SC_RES_TORS=         0.0000
 SC_EEL_DER=      7.1832  SC_VDW_DER=     -10.8058  SC_DERIV   =        -3.6227
 ------------------------------------------------------------------------------


| TI region  2


 NSTEP =   185000   TIME(PS) =     185.000  TEMP(K) =   289.63  PRESS =     0.0
 Etot   =    -63549.0319  EKtot   =     17989.7193  EPtot      =    -81538.7512
 BOND   =     15019.0375  ANGLE   =         0.0000  DIHED      =        -0.0000
 1-4 NB =         0.0000  1-4 EEL =         0.0000  VDWAALS    =     21216.8752
 EELEC  =   -117774.6639  EHBOND  =         0.0000  RESTRAINT  =         0.0000
 DV/DL  =        62.5069
 ------------------------------------------------------------------------------

 NMR restraints: Bond =    0.000   Angle =     0.000   Torsion =     0.000
===============================================================================

| TI region  1


 NSTEP =   190000   TIME(PS) =     190.000  TEMP(K) =   299.18  PRESS =     0.0
 Etot   =    -61867.9346  EKtot   =     18589.4844  EPtot      =    -80457.4190
 BOND   =     15198.2166  ANGLE   =        -0.0000  DIHED      =        -0.0000
 1-4 NB =         0.0000  1-4 EEL =         0.0000  VDWAALS    =     20743.5371
 EELEC  =   -116399.1727  EHBOND  =         0.0000  RESTRAINT  =         0.0000
 DV/DL  =        57.0978
 ------------------------------------------------------------------------------

  Softcore part of the system:       7 atoms,       TEMP(K)    =         293.35
 SC_Etot=        31.7639  SC_EKtot=         6.1208  SC_EPtot   =        25.6431
 SC_BOND=         3.4339  SC_ANGLE=         5.7031  SC_DIHED   =         5.2344
 SC_14NB=         0.7096  SC_14EEL=        10.5620  SC_VDW     =         0.0000
 SC_EEL =         0.0000
 SC_RES_DIST=     0.0000  SC_RES_ANG=       0.0000  SC_RES_TORS=         0.0000
 SC_EEL_DER=      7.6553  SC_VDW_DER=     -14.3059  SC_DERIV   =        -6.6506
 ------------------------------------------------------------------------------


| TI region  2


 NSTEP =   190000   TIME(PS) =     190.000  TEMP(K) =   299.18  PRESS =     0.0
 Etot   =    -61874.0554  EKtot   =     18583.3636  EPtot      =    -80457.4190
 BOND   =     15198.2166  ANGLE   =        -0.0000  DIHED      =        -0.0000
 1-4 NB =         0.0000  1-4 EEL =         0.0000  VDWAALS    =     20743.5371
 EELEC  =   -116399.1727  EHBOND  =         0.0000  RESTRAINT  =         0.0000
 DV/DL  =        57.0978
 ------------------------------------------------------------------------------

 NMR restraints: Bond =    0.000   Angle =     0.000   Torsion =     0.000
===============================================================================

| TI region  1


 NSTEP =   195000   TIME(PS) =     195.000  TEMP(K) =   296.31  PRESS =     0.0
 Etot   =    -61532.7861  EKtot   =     18411.2246  EPtot      =    -79944.0107
 BOND   =     15252.1883  ANGLE   =         0.0000  DIHED      =        -0.0000
 1-4 NB =         0.0000  1-4 EEL =        -0.0000  VDWAALS    =     20743.7183
 EELEC  =   -115939.9174  EHBOND  =         0.0000  RESTRAINT  =         0.0000
 DV/DL  =        69.2264
 ------------------------------------------------------------------------------

  Softcore part of the system:       7 atoms,       TEMP(K)    =         250.65
 SC_Etot=        27.7558  SC_EKtot=         5.2300  SC_EPtot   =        22.5258
 SC_BOND=         1.7336  SC_ANGLE=         4.9599  SC_DIHED   =         5.2082
 SC_14NB=         0.2557  SC_14EEL=        10.3684  SC_VDW     =         0.0000
 SC_EEL =         0.0000
 SC_RES_DIST=     0.0000  SC_RES_ANG=       0.0000  SC_RES_TORS=         0.0000
 SC_EEL_DER=      7.0158  SC_VDW_DER=      -6.1755  SC_DERIV   =         0.8403
 ------------------------------------------------------------------------------


| TI region  2


 NSTEP =   195000   TIME(PS) =     195.000  TEMP(K) =   296.33  PRESS =     0.0
 Etot   =    -61538.0161  EKtot   =     18405.9946  EPtot      =    -79944.0107
 BOND   =     15252.1883  ANGLE   =         0.0000  DIHED      =        -0.0000
 1-4 NB =         0.0000  1-4 EEL =        -0.0000  VDWAALS    =     20743.7183
 EELEC  =   -115939.9174  EHBOND  =         0.0000  RESTRAINT  =         0.0000
 DV/DL  =        69.2264
 ------------------------------------------------------------------------------

 NMR restraints: Bond =    0.000   Angle =     0.000   Torsion =     0.000
===============================================================================

| TI region  1


 NSTEP =   200000   TIME(PS) =     200.000  TEMP(K) =   298.88  PRESS =     0.0
 Etot   =    -61113.9450  EKtot   =     18570.7969  EPtot      =    -79684.7418
 BOND   =     15133.8434  ANGLE   =         0.0000  DIHED      =        -0.0000
 1-4 NB =         0.0000  1-4 EEL =         0.0000  VDWAALS    =     20509.2594
 EELEC  =   -115327.8446  EHBOND  =         0.0000  RESTRAINT  =         0.0000
 DV/DL  =        47.7558
 ------------------------------------------------------------------------------

  Softcore part of the system:       7 atoms,       TEMP(K)    =         234.68
 SC_Etot=        27.3376  SC_EKtot=         4.8967  SC_EPtot   =        22.4410
 SC_BOND=         0.8581  SC_ANGLE=         5.7154  SC_DIHED   =         5.4320
 SC_14NB=         0.1301  SC_14EEL=        10.3054  SC_VDW     =         0.0000
 SC_EEL =         0.0000
 SC_RES_DIST=     0.0000  SC_RES_ANG=       0.0000  SC_RES_TORS=         0.0000
 SC_EEL_DER=      3.1801  SC_VDW_DER=      -4.4691  SC_DERIV   =        -1.2890
 ------------------------------------------------------------------------------


| TI region  2


 NSTEP =   200000   TIME(PS) =     200.000  TEMP(K) =   298.90  PRESS =     0.0
 Etot   =    -61118.8416  EKtot   =     18565.9002  EPtot      =    -79684.7418
 BOND   =     15133.8434  ANGLE   =         0.0000  DIHED      =        -0.0000
 1-4 NB =         0.0000  1-4 EEL =         0.0000  VDWAALS    =     20509.2594
 EELEC  =   -115327.8446  EHBOND  =         0.0000  RESTRAINT  =         0.0000
 DV/DL  =        47.7558
 ------------------------------------------------------------------------------

 NMR restraints: Bond =    0.000   Angle =     0.000   Torsion =     0.000
===============================================================================

| TI region  1


      A V E R A G E S   O V E R      40 S T E P S


 NSTEP =   200000   TIME(PS) =     200.000  TEMP(K) =   160.40  PRESS =     0.0
 Etot   =    -81552.1321  EKtot   =      9966.4115  EPtot      =    -91518.5437
 BOND   =     12735.1132  ANGLE   =        -0.0000  DIHED      =        -0.0000
 1-4 NB =         0.0000  1-4 EEL =        -0.0000  VDWAALS    =     24052.8747
 EELEC  =   -128306.5315  EHBOND  =         0.0000  RESTRAINT  =         0.0000
 DV/DL  =        68.5104
 ------------------------------------------------------------------------------

 NMR restraints: Bond =    0.000   Angle =     0.000   Torsion =     0.000
===============================================================================
  Softcore part of the system:       7 atoms,       TEMP(K)    =         155.44
 SC_Etot=        24.4171  SC_EKtot=         3.2433  SC_EPtot   =        21.1738
 SC_BOND=         1.1909  SC_ANGLE=         3.9843  SC_DIHED   =         5.2701
 SC_14NB=         0.3151  SC_14EEL=        10.4133  SC_VDW     =         0.0000
 SC_EEL =         0.0000
 SC_RES_DIST=     0.0000  SC_RES_ANG=       0.0000  SC_RES_TORS=         0.0000
 SC_EEL_DER=      6.5102  SC_VDW_DER=      -4.0650  SC_DERIV   =         2.4451
 ------------------------------------------------------------------------------


      R M S  F L U C T U A T I O N S


 NSTEP =   200000   TIME(PS) =     200.000  TEMP(K) =    89.94  PRESS =     0.0
 Etot   =     11485.6776  EKtot   =      5588.1192  EPtot      =      5942.6967
 BOND   =      1745.5925  ANGLE   =         0.0000  DIHED      =         0.0000
 1-4 NB =         0.0000  1-4 EEL =         0.0000  VDWAALS    =      1498.9201
 EELEC  =      5746.5414  EHBOND  =         0.0000  RESTRAINT  =         0.0000
 DV/DL  =         7.4312
 ------------------------------------------------------------------------------

  Softcore part of the system:       7 atoms,       TEMP(K)    =         102.61
 SC_Etot=         3.4103  SC_EKtot=         2.1410  SC_EPtot   =         1.5927
 SC_BOND=         0.9344  SC_ANGLE=         0.8126  SC_DIHED   =         0.0763
 SC_14NB=         0.1447  SC_14EEL=         0.0929  SC_VDW     =         0.0000
 SC_EEL =         0.0000
 SC_RES_DIST=     0.0000  SC_RES_ANG=       0.0000  SC_RES_TORS=         0.0000
 SC_EEL_DER=      1.5347  SC_VDW_DER=       2.9783  SC_DERIV   =         2.6546
 ------------------------------------------------------------------------------


| TI region  2


      A V E R A G E S   O V E R      40 S T E P S


 NSTEP =   200000   TIME(PS) =     200.000  TEMP(K) =   160.40  PRESS =     0.0
 Etot   =    -81555.3755  EKtot   =      9963.1682  EPtot      =    -91518.5437
 BOND   =     12735.1132  ANGLE   =        -0.0000  DIHED      =        -0.0000
 1-4 NB =         0.0000  1-4 EEL =        -0.0000  VDWAALS    =     24052.8747
 EELEC  =   -128306.5315  EHBOND  =         0.0000  RESTRAINT  =         0.0000
 DV/DL  =        68.5104
 ------------------------------------------------------------------------------

 NMR restraints: Bond =    0.000   Angle =     0.000   Torsion =     0.000
===============================================================================

      R M S  F L U C T U A T I O N S


 NSTEP =   200000   TIME(PS) =     200.000  TEMP(K) =    89.94  PRESS =     0.0
 Etot   =     11483.8822  EKtot   =      5586.3009  EPtot      =      5942.6967
 BOND   =      1745.5925  ANGLE   =         0.0000  DIHED      =         0.0000
 1-4 NB =         0.0000  1-4 EEL =         0.0000  VDWAALS    =      1498.9201
 EELEC  =      5746.5414  EHBOND  =         0.0000  RESTRAINT  =         0.0000
 DV/DL  =         7.4312
 ------------------------------------------------------------------------------


      DV/DL, AVERAGES OVER      40 STEPS


 NSTEP =   200000   TIME(PS) =     200.000  TEMP(K) =    89.94  PRESS =     0.0
 Etot   =         0.0000  EKtot   =         0.0000  EPtot      =        68.5104
 BOND   =         0.0000  ANGLE   =         0.0000  DIHED      =         0.0000
 1-4 NB =         0.0000  1-4 EEL =         0.0000  VDWAALS    =         4.4258
 EELEC  =        61.6394  EHBOND  =         0.0000  RESTRAINT  =         0.0000
 DV/DL  =        68.5104
 ------------------------------------------------------------------------------


 NMR restraints on final step:

--------------------------------------------------------------------------------
   5.  TIMINGS
--------------------------------------------------------------------------------

|  NonSetup CPU Time in Major Routines:
|
|     Routine           Sec        %
|     ------------------------------
|     Nonbond         147.77   30.25
|     Bond              0.00    0.00
|     Angle             0.00    0.00
|     Dihedral          0.00    0.00
|     Shake             0.00    0.00
|     RunMD           340.13   69.63
|     Other             0.58    0.12
|     ------------------------------
|     Total           488.48

|  PME Nonbond Pairlist CPU Time:
|
|     Routine              Sec        %
|     ---------------------------------
|     Set Up Cit           0.00    0.00
|     Build List           0.00    0.00
|     ---------------------------------
|     Total                0.00    0.00

|  PME Direct Force CPU Time:
|
|     Routine              Sec        %
|     ---------------------------------
|     NonBonded Calc       0.00    0.00
|     Exclude Masked       0.00    0.00
|     Other                0.38    0.08
|     ---------------------------------
|     Total                0.38    0.08

|  PME Reciprocal Force CPU Time:
|
|     Routine              Sec        %
|     ---------------------------------
|     1D bspline           0.00    0.00
|     Grid Charges         0.00    0.00
|     Scalar Sum           0.00    0.00
|     Gradient Sum         0.00    0.00
|     FFT                  0.00    0.00
|     ---------------------------------
|     Total                0.00    0.00

|  Final Performance Info:
|     -----------------------------------------------------
|     Average timings for last       1 steps:
|     Elapsed(s) =       0.00 Per Step(ms) =       1.98
|         ns/day =      43.62   seconds/ns =    1980.96
|
|     Average timings for all steps:
|     Elapsed(s) =     489.03 Per Step(ms) =       2.45
|         ns/day =      35.34   seconds/ns =    2445.13
|     -----------------------------------------------------

|  Setup CPU time:            0.52 seconds
|  NonSetup CPU time:       488.48 seconds
|  Total CPU time:          489.00 seconds     0.14 hours

|  Setup wall time:           1    seconds
|  NonSetup wall time:      489    seconds
|  Total wall time:         490    seconds     0.14 hours
